<auto> silent null
<auto><~Scribe.141~>363 397 398 402 401 400 399 403 404 376 375 374 373 377 378 <~Scribe.142~><~Game.2038~><~Scribe.143~>Spare<~Scribe.144~> null
<auto><~Scribe.141~>365 366 379 380 381 382 383 384 385 386 387 388 389 390 391 392 393 394 395 396 367 368 369 370 371 372 <~Scribe.142~><~Game.2040~><~Scribe.143~>Spare<~Scribe.144~> null
<auto><~Scribe.141~>230 231 <~Scribe.142~><~Game.2044~><~Scribe.143~>Spare<~Scribe.144~> null
<auto><~Scribe.141~>155 152 <~Scribe.142~><~Game.2004~><~Scribe.143~>Spare<~Scribe.144~> null
<auto><~Scribe.141~>137 151 <~Scribe.142~><~Game.2005~><~Scribe.143~>Spare<~Scribe.144~> null
<auto><~Scribe.141~>161 198 <~Scribe.142~><~Game.2006~><~Scribe.143~>Spare<~Scribe.144~> null
<auto><~Scribe.141~>163 188 <~Scribe.142~><~Game.2007~><~Scribe.143~>Spare<~Scribe.144~> null
<auto><~Controls.323~>364 null
<auto> noisy null
<auto> silent null
<auto><~Scribe.141~>312 <~Scribe.142~><~Game.2038~><~Scribe.143~><~Game.1965~><~Scribe.144~> null
<auto> noisy null
<~Game.7~>1 null
<auto> silent null
<auto><~Scribe.141~>363 397 398 402 401 400 399 403 404 376 375 374 373 377 378 <~Scribe.142~><~Game.2038~><~Scribe.143~>Spare<~Scribe.144~> null
<auto><~Scribe.141~>365 366 379 380 381 382 383 384 385 386 387 388 389 390 391 392 393 394 395 396 367 368 369 370 371 372 <~Scribe.142~><~Game.2040~><~Scribe.143~>Spare<~Scribe.144~> null
<auto><~Scribe.141~>230 231 <~Scribe.142~><~Game.2044~><~Scribe.143~>Spare<~Scribe.144~> null
<auto><~Scribe.141~>155 152 <~Scribe.142~><~Game.2004~><~Scribe.143~>Spare<~Scribe.144~> null
<auto><~Scribe.141~>137 151 <~Scribe.142~><~Game.2005~><~Scribe.143~>Spare<~Scribe.144~> null
<auto><~Scribe.141~>161 198 <~Scribe.142~><~Game.2006~><~Scribe.143~>Spare<~Scribe.144~> null
<auto><~Scribe.141~>163 188 <~Scribe.142~><~Game.2007~><~Scribe.143~>Spare<~Scribe.144~> null
<auto><~Controls.323~>364 null
<auto> noisy null
$base silent null
$TEST<~Scribe.141~>312 <~Scribe.142~><~Game.2038~><~Scribe.143~><~Game.1965~><~Scribe.144~> null
$base noisy null
<game> gus833<~Controls.408~>[WOTR-Gandalf2 wotr base2] null
<~Talker.31~> null
<gus833> hey! 
<buondiavolo_B_B_B> ciao 
<buondiavolo_B_B_B> rembere my rulefordwarve ring? 
<gus833> yes. do you want to try the new bidding system? 
<buondiavolo_B_B_B> why not 
<buondiavolo_B_B_B> isalternative 
<buondiavolo_B_B_B> oronecanmix? 
<gus833> alternative 
<gus833> for the tournament it's only bidding HP 
<buondiavolo_B_B_B> oktry 
<game> buondiavolo_B_B_B<~Controls.1~> 2 null
<game> gus833<~Controls.1~> 6 null
<gus833> I bid .5 
<buondiavolo_B_B_B> i try 
<gus833> ok, glhf! 
<buondiavolo_B_B_B> wait 
<gus833> ok 
<buondiavolo_B_B_B> 5pint 
<buondiavolo_B_B_B> is5elite? 
<gus833> .5, so it is 1 regular or 1 leader 
<buondiavolo_B_B_B> 5 is10o,5 
<buondiavolo_B_B_B> i0X0,5 
<gus833> it is like bidding musters, so 1 muster can give you 2 regulars or 1 elite 
<buondiavolo_B_B_B> sure 
<buondiavolo_B_B_B> justto besure 
<buondiavolo_B_B_B> i havetoputnow 
<gus833> yes, before card draws 
$buondiavolo_B_B_B<~Scribe.141~>273 <~Scribe.142~><~Game.2038~><~Scribe.143~><~Game.1920~><~Scribe.144~> 
$buondiavolo_B_B_B<~Scribe.141~>283 <~Scribe.142~><~Game.2038~><~Scribe.143~><~Game.1929~><~Scribe.144~> 
<gus833> wait 
$buondiavolo_B_B_B<~Scribe.141~>292 <~Scribe.142~><~Game.2038~><~Scribe.143~><~Game.1933~><~Scribe.144~> 
<gus833> sorry, my bid was only for .5 
$buondiavolo_B_B_B<~Scribe.141~>267 <~Scribe.142~><~Game.2038~><~Scribe.143~><~Game.1954~><~Scribe.144~> 
$buondiavolo_B_B_B<~Scribe.141~>306 <~Scribe.142~><~Game.2038~><~Scribe.143~><~Game.1970~><~Scribe.144~> 
<gus833> !! 
<gus833> wait 
<gus833> I only bid half of one point 
<gus833> 0.5 
<buondiavolo_B_B_B> 
<buondiavolo_B_B_B> iaskyou 
<gus833> sorry, I clarified 
<buondiavolo_B_B_B>  sono6 point 
$buondiavolo_B_B_B<~Controls.281~>292 <~Controls.282~><~Game.1933~><~Controls.283~><~Game.2038~> 
<gus833> I misunderstood 
$buondiavolo_B_B_B<~Controls.281~>273 <~Controls.282~><~Game.1920~><~Controls.283~><~Game.2038~> 
$buondiavolo_B_B_B<~Controls.281~>283 <~Controls.282~><~Game.1929~><~Controls.283~><~Game.2038~> 
<buondiavolo_B_B_B>  i believeyou have tosay 
<buondiavolo_B_B_B> differnt 
<buondiavolo_B_B_B>  soi give you 6X0.5 
<buondiavolo_B_B_B> 3point 
<gus833> I misunderstood! I will accept 3 points 
<gus833> unless you want to bid smaller than that 
<buondiavolo_B_B_B> goodgame 
<buondiavolo_B_B_B>  stillladder? 
<gus833> yes 
<gus833> glhf! 
<buondiavolo_B_B_B> you too 
$gus833<~Scribe.141~>276 <~Scribe.142~><~Game.2038~><~Scribe.143~><~Game.1920~><~Scribe.144~> 
$gus833<~Scribe.141~>290 <~Scribe.142~><~Game.2038~><~Scribe.143~><~Game.1923~><~Scribe.144~> 
<gus833> ok 
$gus833<~Controls.464~>C240010777C6683EC7FE2F842CEAA84B5ACDBDF2 F612E9CFF7BE430E83A353F2D6BEAAE8 24 DD02075119903DF12BDA96FEC90740F5279AEFE7 A5EF5F1150D5A8A435D76DD76E5E2B11 39ED7BE3CC7EF3538BC9C4D429C026AB7CCE477A B391990E5DAC6D4DB35A7D6223D675F3 BA16BD349FD759319F3D26697CB5627B7940A044 6B497955CFBC44151A761299A4F88755 CFCA78D8F7FB120230375F6E2CE0C7A720445379 22344B160BCF833E090654B74B73301C 89C382C0C357334FBD5E24F187B0E032F87DB7B3 BC9843DE61F72CD8CB9559296D4718BB DFD4969E98275743C1224573E31AFFAAA1D279AE 7508F97F84A10EA0BB770AC4F304DA0F B840188E9920E39AD2AAAD15497CE79948707BF3 DE475993365F14CFE47F2B03299AB96A FCF0D243358561646E825BCED59A5218B33B87A0 244415C0426E49DAE744BB90D5CC689D 58782F9BD6AC12100D8257FB79F295B66BE87362 98988082AF29A9A5210B57A18BB071FA F0D79F2C7522A9B35DFEF38947F07207580EF6C6 6A68A57F32DAE8DE0CBE60B040AEA12F F54E3649D9CFE12DA1CC74534143E88BF9968FC5 B8901502E49929A9E69B406F1CF16498 0432E91BBD65049C7F1BE36E4E3FE8B75B4326C1 C7760E5A343F38D68F77A3C3934CABE3 9A7F97774BCF300E549FE821ADED4BE11162251F 8FF614991E83EC39B7B44013B6EFECE0 182580DBF6A4477F4355A06E2F520046612F9679 7C35833F9CD6973F3862C1D6C57976BA 8D0777F44F88D282495309895FBEE1571D9C93B0 725DDAB95D9B8793BF16142309448965 A09DD30D71B443C54C45CA762BF3E71116BB9C95 12844608B4B3A522B2730F0FE0F4554C 457A00182B777F071B9272D5372C3480B0EC4DD7 3B42E32CD29D7DD34D72FF3C19B0A427 13B8C85E5CE259BEB9B2D69DA20F612E8ED3F290 D3BF3359388E9B8D0EDFD76A81785F37 083D3C04065DE97CD937117DCBAD05EB8CB20353 C73729A1663D9E7953A78872BE9668EF 9B6E28A943C98DE3D8BDBBB3A4DA6B01657DB6AD 4F383FD6D85CABE440DD962C5A19703A E3C3DD775CD062071F371CB7384071F2F5FD41C0 7623E53732E78118E695E7EB22C21874 0A6D1EE22EBBFE4DDE1B794032BC42AB61BA4D3C D9B3E0C3B9BF6475A105D8E8B1F4ED8F 5490FD931372E2524E3A813E5497F293AB6E4558 AE89CD090555CB8FC17E90AD477AB1C0 DF911E63A5019FD34BEC1D4CAF241E73850FC96E 08049AA4F43A6D586B363614DE2EA1A4 24 D8EA27356691918595EA2A2C4BF9ABB47DDA7C60 58EA2194E2EF18F5C1F379737FEBC11C DF3CC6675819F91792DE7897A785081F6E4CDB9A 37AA0B14164115EB400D405DD1413EB8 592626D6FE8E01992D084C0C22F4C0062E6E6FB2 612D15B47E02D0436A5800A8F2DCBC06 7F5BCC0EE3C55A00BA773825CAEDEDD1776602A3 048C491D9F0D9411A4EF4214899B7B4E 3D3610BDC0C0DDD8FD7C541E39F969BC1214B8B2 3B1F6957C6BB2B0760F288961BB7397A 163E23034FE297FEC78ABB999FC3C7D192051D2F D4B7618E834FF4017EA33E619E8CCC98 87A8C8BC6EAC7F61718A4345B5968842552021C1 59FD4C5157013A75EF89461C4BDADFD1 FDE1113920AD67DC264F914E12FB7802EA65EEA3 4E394757ACA3FB8E9B77830EB8861B2A 728593A45F3398166D368378E5E8A15C7CDA2469 B612D1D20512B0DC859AC1432545F611 2C5B5747A5084A281E7CAC17A2D5C65D1813F37C DCFD92D675DF96C92BFCBC3C15AB1D57 0E5C79C97D5E3A4A2A4DE89F8A72ADF58C292BA5 4F6481DE55F8C0DA3213066A208BD14D 3B22ED5A1D436660FE983652A83473A517813BC1 2DC9CC12302B9556424B6B6B07A9199F E5FF91D92ADB9AE168EB242EC2C038750A637699 A46DF9AE02CD5F892FA798C6091B9A27 084EA027EB36A1929DB7D02AC8A106FB0ACACE1C B6392E43A2ECBB0558E10CDF74EC3B5A 1D731C10225F28A40611FA8490798D162061308D 3BED82707BC997B954AE95717ED5241F F403E5BC13007486F4760CD8A2AF2AA3B8A7D1CF 2CDD11B782817D0ECA057B94541CD2B3 F66875B8725EA08466B42903C208A82A1CC9C99A 1DC111DE632AE4589F959B4D73F3D781 4F464C6907E34203CA46D6D3C4CF1E3E1F15178A 0B55801FFDC9DCD557C33A9F37E907A8 D2BF756E2909F672A00EA66FB65A55CF0EFC93BC 58D32E4A10E2B153B4DF628DB13CD652 D36A21AC70D131262B737BA7AE1599F7F55B1F53 128B8D7A35834748A370C406BD2BFF55 75A1C8D045EC3DB6BA7CA14A7920419D213468EF 7B16A45C0E1B75A258B525E7528EEA6F D9E8474B33E8CF05A4D4ED6975770C87C44D5020 C5F57764BD7171A1B7C803F51B535D78 CD2E0AB578837AC9E6C40C83B33E9B60AF77B1C9 1D92FB55998AFCB1F50539EA47B1ED8C CA48972DD70A96DB36B2D58FB4D6B9B9252A6AD2 EAECBB5E1F5C7AF37F93924E9C23A83F 0 0 7F53C6
<buondiavolo_B_B_B> i believe 
<buondiavolo_B_B_B> you have more 
<gus833> 1 elite in DA, 1 elite in WLR, 1 regular in dale, 1 regular inHD A96600
<gus833> 6 pts total 0FF309
<buondiavolo_B_B_B> i missedin wr! 
<gus833> yes! no worries 3FA43E
$gus833<~Controls.509~>141<~Controls.510~><~Game.2004~><~Controls.511~><~Controls.45~> null
$gus833<~Controls.509~>156<~Controls.510~><~Game.2005~><~Controls.511~><~Controls.45~> null
$buondiavolo_B_B_B<~Controls.479~>669547EC7334E602686C048A4313367EB2AFF57A C925C5420B2C782C112E2871CCE34218 24 24B1A2B228B3B975B56B3D69BCBDE93D0D1EEBBF 3FA0FE895D4A45E8EEBE0200258531DA 1FA42B20BF49B0712FC8EC001A083EA2119A6A30 99C685A3F817129130C831DAB5170CA2 5DA067AAAF57144BE778BD92C4E93C4B747EA112 E813F2D327FBABF26605AF3F2D081C51 235896BCFB764B3F2ED564F74600A52405264BCD B28AEA6781DE26AEA821351197F6F988 6756B4D32D38764832B6A568CA7D3A809BC508FA AED36B2D5E620C31FEFDB5A4F3865701 12E335C4296E056B49DCD36F1F1288C92D4B63FD CB048BEC8731C80E017A845A02273DC4 5434543E86B25D7EB3614D81216B4EB6AC6C8B2E 7754EFC42C6D385FC3A2BFBE60DDFDA6 F004FE74B83D377F2D109F62D7E13728EE2C03F6 1D3D1DF81A644498EB6B0793D875B0AF D85C308F180A71075A6A195250A73DEE70CE4FF4 EED451B12C09CB9724576112F39E1E74 EF5DD8AC189B8DA039B9F28A85C8C14EAF5C0E04 E35D55E202DD5D12B8ADB58ED2CC0F05 1A5F57C3A0C699E9B780318225B0EBF4B3628536 035298ADF13E54217730B4823DF5DEE0 DA93F85C2990A7A466140320749903C7A5439516 E16F5EF139590E33DD6179D6FB78A73F 4139E7B86906417D4A8C6E335FF09E74D5A5CBF9 688BEF017D1CFE9973CE3B3F63CE46F3 F06794AF2D07F90F512E125890ADCC536C36EF36 DA26FE216FFE7F8575F7DAD433C13503 F5AF916D21FF4A11C30F91BDE61EAB4D4E873316 1618F0BCCA6FF469B4C39F999F5B1529 A17BA88B912958213C3BC5647C3F25F8C839AF72 19BEB53E853D260FBE9A184BADCCF8BB 6F8F692763E763FB52183574895798EF441FCF24 C68AA0D4455119643B8EF954BFDF365F C8419F0B8A2C39DE13D5B85C75E4E219E8DEF280 E9E471A21285204999358BBA71D922B3 5437AB2537C3B9B455259DF076CA3EF5D37ED823 79A6E7824D7ED023EB1FB9B6A5CDB52B 32A6F9CF8BB536685A9E1B98BD2A7BDDD4B64CBC 1DBB9B43E1C350DF0E007B48DBC22E40 BC2BC7A6E9069144263203A6D0333110DEA4B890 F1A26035B983EB050DF761DFC5364120 9D434F835A5DD713DC0145B41DB8712284BE0D96 89DD9CAC71BBCFA9C6A0C5841AD8CE94 32461218370C28D238CBA7097C66C504B8365527 3581C3B44FB80092CDC6A2B7AA89A254 C5D64981191CE397DC5C49DF719018A0EDBB5E14 868228577422A9808FDDF765B20270DE 24 73C93D961E7A9222437193DB817A9F6283A0D5CD 117053BC4E07B7C8BAAF890C71A0BC69 8DB1BD37DDFE7E95E48FEF9B28FF7C43CF03D393 72A6DB77509709DDDCDBBCBFFA3C8B1D 3C69F6F2283B71D939C187FA03387784A428E224 93400516E58AD0124A08D74B4C1FEEEE 9905344036D449E1426CFE743649DA33992AC5A1 2E4806A8A16248B642F1C4729F583F20 34E1000341A6E10A6392823CEA7416678342C170 90EA4F74B9F6FD7B54B5B0AF0023F1B4 B835CFF1055E55524627EFDC6618C34D5D7C0861 9EB5AF03B50977ACFD0386971F15ED82 583BB3F7CD037360E3CF957D20C5B9ABE762906A 1D21D9AE63D2C47B9412388F673F9222 7D16CD665480694C1CE49E68048756C4D7EA7AF5 2DE827420EB1605D697B77EF4F86CF76 E778FEF367557FB13FD5A73B3CBD9106817237D6 16F76FBBF08302CE2A6BC4F7EFCDD810 033ABD742D4960BCBD8C6F23D22FBFDEB018D3A3 46F1B707E44E23B488C0ABFAD6CACA53 4EE8BA393D69357AFA95369D7ADE25620DEFF97C 9A9307B95F2AD6C31B02C4A81A8C7A0D B376273827FFF78D8366ACA94A6B39A50E810CB2 DC76432FA1ADCC1E834EE929AF12EBA7 0B6001B11D184C5C6C27D314197F27BBD761969D 8CF6A3A62648FB04CFAA850AFC89B423 1F66E288EE4524F7FB266DA0264D41A221120FDA E33FED12633EA5D82153A5C7ABF54D8C B6C0897E6BD7A0D545BAC0A41DF639F6E5FD6195 14CD6AECAE3DDFF091F16CBEC068E374 A3436C997735A31053888D65DDD21E7172560F0E D4D010EB7DBB12E351DF815CED197084 86AC9112ACE1C777713D6F49587118808E644EAE 1C564AB1D293FBAD12D452F523E974FB 1059A60CE59B65CD60BCEE49CA7E1A6CBAFF241A 2D182333F69A3CDAA6A731866C2A1912 96BD77EE986ADA21E8C84D64F1BD5A6172E27163 D456E81364163F7DE70915CFF7C90CCC 2712135ECC9F0FC48279003E4A531148A54559D6 EF2A4CA40851DC8DD654E371741D6075 35F60DAF7490FC60EDFE8A6820C5F50654E3BE9C 2F1FCBC1A9BE8F1606DD95A4A2F6F609 1983551102CB072F306FFF0403E9B8C35764CAE9 1E11CCBDA262E3293B64966D25CB81C5 5E8E7371C502BACA92B5CE80A6299F6FB7B08B1E 649EEE13D86DAFAA4D92AE439C05418D EB0B13BED6D8D0093F2481EA198204FA47AEA599 45A27C03E747E1C55298FB4DF3D383AC 0 0 848969
$buondiavolo_B_B_B<~Controls.509~>179<~Controls.510~><~Game.2006~><~Controls.511~><~Controls.46~> null
$buondiavolo_B_B_B<~Controls.509~>172<~Controls.510~><~Game.2007~><~Controls.511~><~Controls.46~> null
<gus833> fp ok E2F2EF
$buondiavolo_B_B_B<~Controls.372~>105 56ED6C
$buondiavolo_B_B_B<~Controls.345~>104 103 102 101 100 099 <~Controls.346~>11 13 10 10 15 13 null
$buondiavolo_B_B_B<~Controls.350~>104 103 102 101 100 099 null
$gus833<~Controls.345~>213 212 211 210 <~Controls.346~>0 1 3 2 null
<gus833> pass E0390E
$buondiavolo_B_B_B<~Controls.276~>099<~Controls.277~><~Game.2043~><~Controls.278~><~Game.2035~> 03F352
$buondiavolo_B_B_B<~Scribe.141~>039 036 027 028 029 <~Scribe.142~><~Game.1979~><~Scribe.143~><~Game.1977~><~Scribe.144~> B461FD
$buondiavolo_B_B_B<~Controls.644~>099 <~Controls.645~><~Game.2035~> A86599
$gus833<~HighlightLabel.86~>212<~HighlightLabel.87~><~Game.2042~><~HighlightLabel.88~><~Game.2035~> 49D7FB
$gus833<~Scribe.141~>241 245 <~Scribe.142~><~Game.1998~><~Scribe.143~><~Game.1908~><~Scribe.144~> 2C3441
$gus833<~Scribe.141~>241 245 <~Scribe.142~><~Game.1908~><~Scribe.143~><~Game.1906~><~Scribe.144~> 307DB1
$gus833<~Scribe.141~>241 245 <~Scribe.142~><~Game.1906~><~Scribe.143~><~Game.1910~><~Scribe.144~> 0FCB14
$gus833<~Controls.644~>212 <~Controls.645~><~Game.2035~> 043299
$buondiavolo_B_B_B<~HighlightLabel.81~>102<~HighlightLabel.82~><~Game.2043~><~HighlightLabel.83~><~Game.2035~> 8287DD
$buondiavolo_B_B_B<~Scribe.141~>263 <~Scribe.142~><~Game.2002~><~Scribe.143~><~Game.2003~><~Scribe.144~> EC0E13
$buondiavolo_B_B_B<~Controls.644~>102 <~Controls.645~><~Game.2035~> 17CBAC
$gus833<~HighlightLabel.86~>211<~HighlightLabel.87~><~Game.2042~><~HighlightLabel.88~><~Game.2035~> 4A60DD
$gus833<~Controls.366~>251<~Controls.367~><~Game.2010~><~Controls.368~><~Game.2011~> 1DA8C7
$gus833<~Scribe.141~>245 <~Scribe.142~><~Game.1910~><~Scribe.143~><~Game.1906~><~Scribe.144~> 403A8D
$gus833<~Scribe.141~>241 <~Scribe.142~><~Game.1910~><~Scribe.143~><~Game.1914~><~Scribe.144~> B983A3
$gus833<~Scribe.141~>241 <~Scribe.142~><~Game.1914~><~Scribe.143~><~Game.1916~><~Scribe.144~> DDABD8
$gus833<~Scribe.141~>241 <~Scribe.142~><~Game.1916~><~Scribe.143~><~Game.1905~><~Scribe.144~> 166C8C
$gus833<~Controls.644~>211 <~Controls.645~><~Game.2035~> A2FE44
$buondiavolo_B_B_B<~Controls.276~>101<~Controls.277~><~Game.2043~><~Controls.278~><~Game.2035~> D57A7C
$buondiavolo_B_B_B<~Scribe.141~>254 360 <~Scribe.142~><~Game.2040~><~Scribe.143~><~Game.2036~><~Scribe.144~> B8927C
$buondiavolo_B_B_B<~Scribe.141~>254 <~Scribe.142~><~Game.2036~><~Scribe.143~><~Game.1919~><~Scribe.144~> D44243
$buondiavolo_B_B_B<~Controls.644~>101 360 <~Controls.645~><~Game.2035~> AD3C69
$gus833<~HighlightLabel.86~>210<~HighlightLabel.87~><~Game.2042~><~HighlightLabel.88~><~Game.2035~> D063F0
$gus833<~CardBuffet.9~>reveal 156 0690CFC037F708A75E9817605BC0E5E162E82783 16<~CardBuffet.10~><~Controls.45~><~CardBuffet.11~> 16AE42
$gus833<~Scribe.141~>245 <~Scribe.142~><~Game.1906~><~Scribe.143~><~Game.1902~><~Scribe.144~> ECCF6A
$gus833<~Scribe.141~>241 <~Scribe.142~><~Game.1905~><~Scribe.143~><~Game.1907~><~Scribe.144~> AA3FEB
$gus833<~Scribe.141~>241 <~Scribe.142~><~Game.1907~><~Scribe.143~><~Game.1909~><~Scribe.144~> 2E78DF
$gus833<~Scribe.141~>241 <~Scribe.142~><~Game.1909~><~Scribe.143~><~Game.1920~><~Scribe.144~> B831C2
$gus833<~Controls.323~>258 B73BE0
$gus833<~Scribe.141~>258 <~Scribe.142~><~Game.2000~><~Scribe.143~><~Game.2003~><~Scribe.144~> E9D539
$gus833<~Controls.509~>119<~Controls.510~><~Game.2005~><~Controls.511~><~Controls.45~> null
$gus833<~Controls.644~>210 156 <~Controls.645~><~Game.2035~> C2101E
$buondiavolo_B_B_B<~Controls.276~>103<~Controls.277~><~Game.2043~><~Controls.278~><~Game.2035~> 9B25C6
$buondiavolo_B_B_B<~Scribe.141~>037 017 018 019 020 <~Scribe.142~><~Game.1969~><~Scribe.143~><~Game.1964~><~Scribe.144~> 086942
$buondiavolo_B_B_B<~Controls.644~>103 <~Controls.645~><~Game.2035~> EBAA43
$gus833<~Controls.271~>213<~Controls.272~><~Game.2042~><~Controls.273~><~Game.2035~> 9822D8
$gus833<~Controls.323~>241 6A79D6
$gus833<~Controls.323~>260 E3B846
$gus833<~Scribe.141~>359 <~Scribe.142~><~Game.2038~><~Scribe.143~><~Game.2037~><~Scribe.144~> B2A359
$gus833<~Controls.644~>213 <~Controls.645~><~Game.2035~> 6E3ACF
$gus833<~Controls.644~>359 <~Controls.645~><~Game.2035~> A4D25A
$buondiavolo_B_B_B<~Controls.276~>104<~Controls.277~><~Game.2043~><~Controls.278~><~Game.2035~> B8F4FF
$buondiavolo_B_B_B<~Scribe.141~>008 007 <~Scribe.142~><~Game.1917~><~Scribe.143~><~Game.1927~><~Scribe.144~> F1CDC7
$buondiavolo_B_B_B<~Scribe.141~>055 049 048 047 <~Scribe.142~><~Game.1968~><~Scribe.143~><~Game.1946~><~Scribe.144~> 399564
$buondiavolo_B_B_B<~Controls.644~>104 <~Controls.645~><~Game.2035~> 8D65BB
$gus833<~Controls.731~>359 213 210 211 212 <~Controls.732~><~Game.2039~><~Controls.733~><~Game.2042~> 303883
$buondiavolo_B_B_B<~Controls.757~>100 105 <~Controls.758~><~Game.1997~><~Controls.759~><~Game.2043~> 09EDA6
<~Game.7~>2 null
$buondiavolo_B_B_B<~Controls.762~>104 103 101 360 102 099 <~Controls.763~><~Game.2041~><~Controls.764~><~Game.2043~> 02FEEE
$gus833<~Controls.509~>125<~Controls.510~><~Game.2004~><~Controls.511~><~Controls.45~> null
$gus833<~Controls.509~>124<~Controls.510~><~Game.2005~><~Controls.511~><~Controls.45~> null
$buondiavolo_B_B_B<~Controls.509~>194<~Controls.510~><~Game.2006~><~Controls.511~><~Controls.46~> null
$buondiavolo_B_B_B<~Controls.509~>159<~Controls.510~><~Game.2007~><~Controls.511~><~Controls.46~> null
$buondiavolo_B_B_B<~Controls.372~>104 899F7E
<gus833> ok 15B4CF
$buondiavolo_B_B_B<~Controls.345~>103 101 360 102 099 100 105 <~Controls.346~>13 11 13 12 12 14 14 null
$buondiavolo_B_B_B<~Controls.350~>103 101 360 102 099 100 105 null
$gus833<~Controls.345~>359 213 210 211 212 <~Controls.346~>0 3 0 1 1 null
$gus833<~HighlightLabel.86~>213<~HighlightLabel.87~><~Game.2042~><~HighlightLabel.88~><~Game.2035~> F8955D
$gus833<~Scribe.141~>302 <~Scribe.142~><~Game.2038~><~Scribe.143~><~Game.1970~><~Scribe.144~> 8F8923
$gus833<~Controls.644~>213 <~Controls.645~><~Game.2035~> B3120B
$buondiavolo_B_B_B<~Controls.276~>101<~Controls.277~><~Game.2043~><~Controls.278~><~Game.2035~> 165B50
$buondiavolo_B_B_B<~Scribe.141~>262 <~Scribe.142~><~Game.2002~><~Scribe.143~><~Game.2003~><~Scribe.144~> ED5001
$buondiavolo_B_B_B<~Controls.644~>101 <~Controls.645~><~Game.2035~> 63D7B1
<gus833> pass 9389C2
$buondiavolo_B_B_B<~Controls.276~>105<~Controls.277~><~Game.2043~><~Controls.278~><~Game.2035~> 642720
$buondiavolo_B_B_B<~CardBuffet.14~>reveal 172 B86F0EC5802FA34C60D2BBB230278F85A2D78693 1<~CardBuffet.15~><~Controls.46~><~CardBuffet.16~> E17483
$buondiavolo_B_B_B<~Scribe.141~>040 035 012 013 014 015 <~Scribe.142~><~Game.1956~><~Scribe.143~><~Game.1927~><~Scribe.144~> 252C73
$buondiavolo_B_B_B<~Scribe.141~>038 025 024 023 022 021 <~Scribe.142~><~Game.1974~><~Scribe.143~><~Game.1964~><~Scribe.144~> 8DCC2F
$buondiavolo_B_B_B<~Controls.644~>105 172 <~Controls.645~><~Game.2035~> 6F6D08
<gus833> pass 03D024
$buondiavolo_B_B_B<~Controls.276~>099<~Controls.277~><~Game.2043~><~Controls.278~><~Game.2035~> C96948
$buondiavolo_B_B_B<~Scribe.141~>039 036 027 028 029 032 031 030 <~Scribe.142~><~Game.1977~><~Scribe.143~><~Game.1969~><~Scribe.144~> 30A9E9
$buondiavolo_B_B_B<~Scribe.141~>001 <~Scribe.142~><~Game.1910~><~Scribe.143~><~Game.1917~><~Scribe.144~> D0FC25
$buondiavolo_B_B_B<~Controls.644~>099 <~Controls.645~><~Game.2035~> 18DD5F
$gus833<~HighlightLabel.86~>211<~HighlightLabel.87~><~Game.2042~><~HighlightLabel.88~><~Game.2035~> F5F258
$gus833<~Controls.790~>248<~Controls.791~><~Game.2014~><~Controls.792~><~Game.2015~> C60290
$gus833<~Controls.795~>211<~Controls.796~><~Game.2035~><~Controls.797~><~Game.1997~> DB9FE3
<game> buondiavolo_B_B_B<~Controls.1~> 2 null
$buondiavolo_B_B_B<~Controls.276~>102<~Controls.277~><~Game.2043~><~Controls.278~><~Game.2035~> 0E46C6
$buondiavolo_B_B_B<~Scribe.141~>039 036 027 028 029 032 031 030 016 <~Scribe.142~><~Game.1969~><~Scribe.143~><~Game.1955~><~Scribe.144~> A67203
$buondiavolo_B_B_B<~Scribe.141~>055 057 049 048 047 046 045 044 <~Scribe.142~><~Game.1946~><~Scribe.143~><~Game.1938~><~Scribe.144~> 55DFF8
$buondiavolo_B_B_B<~Controls.644~>102 <~Controls.645~><~Game.2035~> C31E84
$gus833<~HighlightLabel.86~>212<~HighlightLabel.87~><~Game.2042~><~HighlightLabel.88~><~Game.2035~> 940A1E
$gus833<~Controls.790~>248<~Controls.791~><~Game.2015~><~Controls.792~><~Game.2016~> D0EE72
$gus833<~Controls.795~>212<~Controls.796~><~Game.2035~><~Controls.797~><~Game.1997~> EBCCA9
<game> buondiavolo_B_B_B<~Controls.1~> 4 null
$buondiavolo_B_B_B<~Controls.276~>100<~Controls.277~><~Game.2043~><~Controls.278~><~Game.2035~> C33FD2
$buondiavolo_B_B_B<~Controls.366~>251<~Controls.367~><~Game.2011~><~Controls.368~><~Game.2041~> 655FF6
$buondiavolo_B_B_B<~Scribe.141~>253 361 <~Scribe.142~><~Game.2040~><~Scribe.143~><~Game.2037~><~Scribe.144~> 713188
$buondiavolo_B_B_B<~Scribe.141~>253 <~Scribe.142~><~Game.2037~><~Scribe.143~><~Game.1955~><~Scribe.144~> 9CFAFE
$gus833<~Controls.323~>259 257 56BE55
$buondiavolo_B_B_B<~Controls.644~>100 361 <~Controls.645~><~Game.2035~> 0EE749
$gus833<~HighlightLabel.86~>210<~HighlightLabel.87~><~Game.2042~><~HighlightLabel.88~><~Game.2035~> CAC7F0
$gus833<~Controls.790~>248<~Controls.791~><~Game.2016~><~Controls.792~><~Game.2017~> 58D263
$gus833<~Controls.795~>210<~Controls.796~><~Game.2035~><~Controls.797~><~Game.1997~> E45156
<game> buondiavolo_B_B_B<~Controls.1~> 1 null
<buondiavolo_B_B_B> no gandalf ! 9F60C0
<gus833> maybe worth the trade to not get hit into moria 7C1400
$buondiavolo_B_B_B<~Controls.276~>360<~Controls.277~><~Game.2043~><~Controls.278~><~Game.2035~> 50F704
<buondiavolo_B_B_B> osgiliatfromwk D92B52
$gus833<~HighlightLabel.96~>260<~HighlightLabel.97~><~Game.2001~><~HighlightLabel.98~><~Game.2002~> D00A44
$buondiavolo_B_B_B<~Controls.840~>194 A31158
<gus833> nc 5DA69B
<auto> playchosen 184328
<auto><~Controls.866~>reveal 194 A9B9694D4ED9D23F6ADB740EADD5C5430E1E3169 18<~Controls.867~><~Controls.46~><~Controls.868~><~Game.2036~> C034CB
$buondiavolo_B_B_B<~Controls.840~>194 F2DCE3
<buondiavolo_B_B_B> ff1 F08090
<game> buondiavolo_B_B_B<~Controls.1~> 3 1 3 4 1 null
<game> buondiavolo_B_B_B<~Controls.1~> 4 5 null
<buondiavolo_B_B_B> 1 705AB2
<game> gus833<~Controls.1~> 3 5 null
<gus833> 1 715E77
$gus833<~Scribe.141~>080 <~Scribe.142~><~Game.1943~><~Scribe.143~><~Game.2037~><~Scribe.144~> 5C6CAB
$buondiavolo_B_B_B<~Scribe.141~>031 <~Scribe.142~><~Game.1955~><~Scribe.143~><~Game.2036~><~Scribe.144~> BA7E95
<buondiavolo_B_B_B> press C29496
$gus833<~Scribe.141~>079 <~Scribe.142~><~Game.1943~><~Scribe.143~><~Game.1944~><~Scribe.144~> 1B1922
$buondiavolo_B_B_B<~Controls.509~>200<~Controls.510~><~Game.2006~><~Controls.511~><~Controls.46~> null
$buondiavolo_B_B_B<~Scribe.141~>253 039 036 027 028 029 032 030 016 <~Scribe.142~><~Game.1955~><~Scribe.143~><~Game.1943~><~Scribe.144~> 35C886
$buondiavolo_B_B_B<~Controls.644~>360 194 031 080 <~Controls.645~><~Game.2035~> 7E8140
$buondiavolo_B_B_B<~Controls.179~> 69E779
$gus833<~Controls.271~>359<~Controls.272~><~Game.2042~><~Controls.273~><~Game.2035~> 9BC5A1
$gus833<~CardBuffet.9~>reveal 125 898E2D6558CB23F526072E6FB74CA7A50A0B0845 7<~CardBuffet.10~><~Controls.45~><~CardBuffet.11~> 4A885F
$gus833<~Scribe.141~>233 <~Scribe.142~><~Game.2046~><~Scribe.143~><~Game.2037~><~Scribe.144~> C89EE2
$gus833<~Controls.509~>149<~Controls.510~><~Game.2004~><~Controls.511~><~Controls.45~> null
$gus833<~Controls.644~>359 125 233 <~Controls.645~><~Game.2035~> 2AB882
$buondiavolo_B_B_B<~Controls.276~>103<~Controls.277~><~Game.2043~><~Controls.278~><~Game.2035~> 9CFF1B
$buondiavolo_B_B_B<~CardBuffet.14~>reveal 200 B4FE099FFC2BC366B84DE83157E91F868170B55D 8<~CardBuffet.15~><~Controls.46~><~CardBuffet.16~> D6DB58
$buondiavolo_B_B_B<~Scribe.141~>321 320 <~Scribe.142~><~Game.2040~><~Scribe.143~><~Game.1943~><~Scribe.144~> 2CB9B9
<buondiavolo_B_B_B> mt D7DE86
$gus833<~Scribe.141~>260 <~Scribe.142~><~Game.2002~><~Scribe.143~><~Game.2003~><~Scribe.144~> 8FF41F
$gus833<~Scribe.141~>085 084 079 083 082 081 <~Scribe.142~><~Game.1944~><~Scribe.143~><~Game.1994~><~Scribe.144~> A8D9DE
$buondiavolo_B_B_B<~Scribe.141~>253 321 320 039 036 027 028 029 032 030 016 <~Scribe.142~><~Game.1943~><~Scribe.143~><~Game.1944~><~Scribe.144~> C570C9
$buondiavolo_B_B_B<~Scribe.141~>016 <~Scribe.142~><~Game.1944~><~Scribe.143~><~Game.1943~><~Scribe.144~> 1A3759
$buondiavolo_B_B_B<~Controls.644~>103 200 <~Controls.645~><~Game.2035~> FCB852
$gus833<~Controls.726~>210 212 211 <~Controls.727~><~Game.1997~><~Controls.728~><~Game.2042~> 14D454
$gus833<~Controls.731~>359 213 <~Controls.732~><~Game.2039~><~Controls.733~><~Game.2042~> C078F2
$gus833<~Controls.509~>148<~Controls.510~><~Game.2004~><~Controls.511~><~Controls.45~> null
$gus833<~Controls.509~>120<~Controls.510~><~Game.2005~><~Controls.511~><~Controls.45~> null
$buondiavolo_B_B_B<~Controls.757~>104 <~Controls.758~><~Game.1997~><~Controls.759~><~Game.2043~> B57049
<~Game.7~>3 null
$buondiavolo_B_B_B<~Controls.762~>103 360 100 361 102 099 105 101 <~Controls.763~><~Game.2041~><~Controls.764~><~Game.2043~> 9E2F38
$buondiavolo_B_B_B<~Controls.509~>174<~Controls.510~><~Game.2006~><~Controls.511~><~Controls.46~> null
$buondiavolo_B_B_B<~Controls.509~>178<~Controls.510~><~Game.2007~><~Controls.511~><~Controls.46~> null
<gus833> fsp ok D2CF04
$buondiavolo_B_B_B<~Controls.372~>103 DB886E
$buondiavolo_B_B_B<~Controls.345~>360 100 361 102 099 105 101 104 <~Controls.346~>14 11 10 13 10 10 11 14 null
$buondiavolo_B_B_B<~Controls.350~>360 100 361 102 099 105 101 104 null
$gus833<~Controls.345~>359 213 210 212 211 <~Controls.346~>1 0 2 3 0 null
$gus833<~HighlightLabel.86~>359<~HighlightLabel.87~><~Game.2042~><~HighlightLabel.88~><~Game.2035~> BBDF09
$gus833<~Controls.790~>248<~Controls.791~><~Game.2017~><~Controls.792~><~Game.2018~> 6C3967
$gus833<~Controls.795~>359<~Controls.796~><~Game.2035~><~Controls.797~><~Game.1997~> E35CBD
<game> buondiavolo_B_B_B<~Controls.1~> 5 null
$buondiavolo_B_B_B<~Controls.276~>101<~Controls.277~><~Game.2043~><~Controls.278~><~Game.2035~> 414697
$buondiavolo_B_B_B<~Scribe.141~>016 <~Scribe.142~><~Game.1943~><~Scribe.143~><~Game.1935~><~Scribe.144~> 8E6C9B
$buondiavolo_B_B_B<~Scribe.141~>038 037 025 024 023 022 021 017 018 019 020 <~Scribe.142~><~Game.1964~><~Scribe.143~><~Game.1943~><~Scribe.144~> EAACD1
$buondiavolo_B_B_B<~Controls.644~>101 <~Controls.645~><~Game.2035~> 3EE096
$gus833<~HighlightLabel.86~>211<~HighlightLabel.87~><~Game.2042~><~HighlightLabel.88~><~Game.2035~> 5A91DF
$gus833<~Controls.790~>248<~Controls.791~><~Game.2018~><~Controls.792~><~Game.2019~> D9FDCD
$gus833<~Controls.795~>211<~Controls.796~><~Game.2035~><~Controls.797~><~Game.1997~> C397E5
<game> buondiavolo_B_B_B<~Controls.1~> 1 null
<buondiavolo_B_B_B> gandalfinmordor ? FE1561
<gus833> haha maybe! F2B4F2
$buondiavolo_B_B_B<~Controls.276~>100<~Controls.277~><~Game.2043~><~Controls.278~><~Game.2035~> F1088F
$buondiavolo_B_B_B<~Scribe.141~>022 023 024 025 <~Scribe.142~><~Game.1943~><~Scribe.143~><~Game.1944~><~Scribe.144~> 4BF00A
$buondiavolo_B_B_B<~Scribe.141~>042 043 <~Scribe.142~><~Game.1932~><~Scribe.143~><~Game.1938~><~Scribe.144~> FC64FF
$buondiavolo_B_B_B<~Controls.644~>100 <~Controls.645~><~Game.2035~> 847A7F
<gus833> pass DCB193
$buondiavolo_B_B_B<~Controls.276~>102<~Controls.277~><~Game.2043~><~Controls.278~><~Game.2035~> A9C67E
<buondiavolo_B_B_B> mt 50F3BF
$buondiavolo_B_B_B<~Controls.840~>159 D83D77
$gus833<~Controls.840~>124 41D047
<auto> playchosen C93F1E
<auto><~Controls.3~>reveal 124 391997CC580F3C9DAB441D799609BB51BF3DA9CA 10<~Controls.884~><~Controls.45~><~Controls.885~><~Game.2037~> 56F589
<auto><~Controls.866~>reveal 159 E336D720A6CB9C6921DB96D53005F9F085F98D9E 10<~Controls.867~><~Controls.46~><~Controls.868~><~Game.2036~> E17425
<auto> playchosen F9121C
<game> buondiavolo_B_B_B<~Controls.1~> 6 3 3 4 5 null
<game> buondiavolo_B_B_B<~Controls.1~> 1 5 null
<buondiavolo_B_B_B> 3 F707EC
<game> gus833<~Controls.1~> 2 2 2 5 1 null
<game> gus833<~Controls.1~> 6 null
<gus833> 2 5E9A3F
$gus833<~Scribe.141~>084 079 <~Scribe.142~><~Game.1994~><~Scribe.143~><~Game.2037~><~Scribe.144~> 6609B3
$buondiavolo_B_B_B<~Scribe.141~>025 024 <~Scribe.142~><~Game.1944~><~Scribe.143~><~Game.2036~><~Scribe.144~> 0B1935
<buondiavolo_B_B_B> press BF0070
$buondiavolo_B_B_B<~Controls.304~>036 <~Controls.305~><~Game.1944~> D85D79
$buondiavolo_B_B_B<~Controls.313~>031 <~Controls.307~><~Controls.314~><~Game.1944~> A8AEE5
$buondiavolo_B_B_B<~Controls.509~>180<~Controls.510~><~Game.2007~><~Controls.511~><~Controls.46~> null
$buondiavolo_B_B_B<~Controls.662~>159 025 024 124 084 079 <~Controls.663~><~Game.2035~> E9FAE8
$buondiavolo_B_B_B<~Controls.840~>180 D3128C
$gus833<~Controls.840~>119 A64008
<auto> playchosen 0EE4EC
<auto><~Controls.3~>reveal 119 EDADD89E9C7B287E1C6D335AD1A5A594A7A3AD15 6<~Controls.884~><~Controls.45~><~Controls.885~><~Game.2037~> 52C858
<auto><~Controls.866~>reveal 180 C509308BB61FB7E90C98B0E6A70255EB9049F86C 13<~Controls.867~><~Controls.46~><~Controls.868~><~Game.2036~> 78E6B7
<auto> playchosen CACEC3
<game> buondiavolo_B_B_B<~Controls.1~> 3 4 4 null
<game> buondiavolo_B_B_B<~Controls.1~> 1 5 3 null
<buondiavolo_B_B_B> 1 0965A8
<game> gus833<~Controls.1~> 3 4 4 null
<game> gus833<~Controls.1~> 6 null
<gus833> 3 1125C9
$gus833<~Scribe.141~>081 <~Scribe.142~><~Game.1994~><~Scribe.143~><~Game.2037~><~Scribe.144~> E12D52
$buondiavolo_B_B_B<~Scribe.141~>029 028 027 <~Scribe.142~><~Game.1944~><~Scribe.143~><~Game.2036~><~Scribe.144~> FC9B0C
$buondiavolo_B_B_B<~Controls.644~>102 180 029 028 027 119 081 <~Controls.645~><~Game.2035~> 9CF0D9
$gus833<~HighlightLabel.86~>210<~HighlightLabel.87~><~Game.2042~><~HighlightLabel.88~><~Game.2035~> 3BC8B6
$gus833<~CardBuffet.9~>reveal 120 590CC84D248FE7A0F2D0ECC496E173C5A112D82D 21<~CardBuffet.10~><~Controls.45~><~CardBuffet.11~> 450825
$gus833<~Scribe.141~>264 <~Scribe.142~><~Game.2038~><~Scribe.143~><~Game.1928~><~Scribe.144~> 261428
$gus833<~Controls.509~>153<~Controls.510~><~Game.2005~><~Controls.511~><~Controls.45~> null
$gus833<~Controls.509~>134<~Controls.510~><~Game.2005~><~Controls.511~><~Controls.45~> null
$gus833<~Controls.644~>210 120 <~Controls.645~><~Game.2035~> C0BDEB
$buondiavolo_B_B_B<~Controls.276~>361<~Controls.277~><~Game.2043~><~Controls.278~><~Game.2035~> DB6798
$buondiavolo_B_B_B<~Scribe.141~>261 <~Scribe.142~><~Game.2001~><~Scribe.143~><~Game.2002~><~Scribe.144~> F37DB9
$buondiavolo_B_B_B<~Controls.644~>361 <~Controls.645~><~Game.2035~> 83CDEF
<gus833> pass 0AC823
$buondiavolo_B_B_B<~Controls.276~>105<~Controls.277~><~Game.2043~><~Controls.278~><~Game.2035~> BF9FAB
$buondiavolo_B_B_B<~Scribe.141~>261 <~Scribe.142~><~Game.2002~><~Scribe.143~><~Game.2003~><~Scribe.144~> A0E71E
$buondiavolo_B_B_B<~Controls.644~>105 <~Controls.645~><~Game.2035~> 47CCBF
<gus833> pass A990F1
$buondiavolo_B_B_B<~Controls.276~>104<~Controls.277~><~Game.2043~><~Controls.278~><~Game.2035~> 810DD7
$buondiavolo_B_B_B<~CardBuffet.14~>reveal 179 336376E9D316AF8AD47E1ABB6E012978D88BBEC2 17<~CardBuffet.15~><~Controls.46~><~CardBuffet.16~> C4EF36
$buondiavolo_B_B_B<~Scribe.141~>239 <~Scribe.142~><~Game.2046~><~Scribe.143~><~Game.2036~><~Scribe.144~> D574B4
$buondiavolo_B_B_B<~Controls.644~>104 179 239 <~Controls.645~><~Game.2035~> 7395DB
$gus833<~HighlightLabel.86~>212<~HighlightLabel.87~><~Game.2042~><~HighlightLabel.88~><~Game.2035~> D707D3
$gus833<~CardBuffet.9~>reveal 153 67B1DF73F9A6328104AD4C821407451DC801A440 14<~CardBuffet.10~><~Controls.45~><~CardBuffet.11~> 21EF7F
$gus833<~Scribe.141~>271 274 <~Scribe.142~><~Game.2038~><~Scribe.143~><~Game.1994~><~Scribe.144~> 3F3371
$gus833<~Controls.644~>212 153 <~Controls.645~><~Game.2035~> 76B8EE
<buondiavolo_B_B_B> what DB756A
<buondiavolo_B_B_B> i was 477903
<buondiavolo_B_B_B> afraid ! B1FF68
<gus833> yes, very lucky to draw that on celeborn's C30B0F
$buondiavolo_B_B_B<~Controls.276~>099<~Controls.277~><~Game.2043~><~Controls.278~><~Game.2035~> C7DF61
$buondiavolo_B_B_B<~Scribe.141~>335 <~Scribe.142~><~Game.2040~><~Scribe.143~><~Game.1917~><~Scribe.144~> 2D0943
$buondiavolo_B_B_B<~Controls.644~>099 <~Controls.645~><~Game.2035~> 8F0702
$gus833<~Controls.271~>213<~Controls.272~><~Game.2042~><~Controls.273~><~Game.2035~> 5DB6FC
$gus833<~Controls.790~>248<~Controls.791~><~Game.2019~><~Controls.792~><~Game.2020~> 722018
$gus833<~Controls.795~>213<~Controls.796~><~Game.2035~><~Controls.797~><~Game.1997~> 5BAEC4
<game> buondiavolo_B_B_B<~Controls.1~> 1 null
<buondiavolo_B_B_B> wow AEAFCD
<gus833> wow E36238
$buondiavolo_B_B_B<~Controls.276~>360<~Controls.277~><~Game.2043~><~Controls.278~><~Game.2035~> F5FF4C
$buondiavolo_B_B_B<~Controls.509~>175<~Controls.510~><~Game.2007~><~Controls.511~><~Controls.46~> null
$buondiavolo_B_B_B<~Controls.644~>360 <~Controls.645~><~Game.2035~> B432F0
$gus833<~Controls.726~>213 211 359 <~Controls.727~><~Game.1997~><~Controls.728~><~Game.2042~> A94EAC
$gus833<~Controls.731~>212 210 <~Controls.732~><~Game.2039~><~Controls.733~><~Game.2042~> 78361B
$gus833<~Controls.509~>126<~Controls.510~><~Game.2004~><~Controls.511~><~Controls.45~> null
$gus833<~Controls.509~>110<~Controls.510~><~Game.2005~><~Controls.511~><~Controls.45~> null
$buondiavolo_B_B_B<~Controls.757~>103 <~Controls.758~><~Game.1997~><~Controls.759~><~Game.2043~> FED559
<~Game.7~>4 null
$buondiavolo_B_B_B<~Controls.762~>360 099 104 105 361 102 100 101 <~Controls.763~><~Game.2041~><~Controls.764~><~Game.2043~> 8E0862
$buondiavolo_B_B_B<~Controls.509~>162<~Controls.510~><~Game.2006~><~Controls.511~><~Controls.46~> null
$buondiavolo_B_B_B<~Controls.509~>187<~Controls.510~><~Game.2007~><~Controls.511~><~Controls.46~> null
<gus833> fsp ok 84B3FB
$buondiavolo_B_B_B<~Controls.372~>360 6EDAE3
$buondiavolo_B_B_B<~Controls.345~>099 104 105 361 102 100 101 103 <~Controls.346~>10 12 11 13 13 11 10 11 null
$buondiavolo_B_B_B<~Controls.350~>099 104 105 361 102 100 101 103 null
$gus833<~Controls.345~>212 210 213 211 359 <~Controls.346~>2 0 4 1 0 null
$gus833<~HighlightLabel.86~>210<~HighlightLabel.87~><~Game.2042~><~HighlightLabel.88~><~Game.2035~> 44D246
$gus833<~Controls.790~>248<~Controls.791~><~Game.2020~><~Controls.792~><~Game.2021~> 209D16
$gus833<~Controls.795~>210<~Controls.796~><~Game.2035~><~Controls.797~><~Game.1997~> B78CF3
<game> buondiavolo_B_B_B<~Controls.1~> 5 null
$buondiavolo_B_B_B<~Controls.276~>104<~Controls.277~><~Game.2043~><~Controls.278~><~Game.2035~> A22446
$buondiavolo_B_B_B<~Scribe.141~>057 055 <~Scribe.142~><~Game.1938~><~Scribe.143~><~Game.1943~><~Scribe.144~> BD7551
$buondiavolo_B_B_B<~Scribe.141~>054 053 <~Scribe.142~><~Game.1987~><~Scribe.143~><~Game.1984~><~Scribe.144~> BD184D
$buondiavolo_B_B_B<~Controls.644~>104 <~Controls.645~><~Game.2035~> 4A056E
<gus833> pass 34B58E
$buondiavolo_B_B_B<~Controls.276~>101<~Controls.277~><~Game.2043~><~Controls.278~><~Game.2035~> 6CB461
$buondiavolo_B_B_B<~Scribe.141~>336 <~Scribe.142~><~Game.2040~><~Scribe.143~><~Game.1917~><~Scribe.144~> 7AB11F
$buondiavolo_B_B_B<~Controls.644~>101 <~Controls.645~><~Game.2035~> FEDEAB
<gus833> pass 01BDCB
$buondiavolo_B_B_B<~Controls.276~>100<~Controls.277~><~Game.2043~><~Controls.278~><~Game.2035~> 003A24
$buondiavolo_B_B_B<~Scribe.141~>055 057 018 017 021 <~Scribe.142~><~Game.1943~><~Scribe.143~><~Game.1944~><~Scribe.144~> DD31B4
$buondiavolo_B_B_B<~Scribe.141~>336 335 001 <~Scribe.142~><~Game.1917~><~Scribe.143~><~Game.1927~><~Scribe.144~> 8FC746
$buondiavolo_B_B_B<~Controls.644~>100 <~Controls.645~><~Game.2035~> 352676
<gus833> pass B3D6BE
$buondiavolo_B_B_B<~Controls.276~>361<~Controls.277~><~Game.2043~><~Controls.278~><~Game.2035~> BBB6E4
<buondiavolo_B_B_B> mt BD5F20
$buondiavolo_B_B_B<~Controls.840~>162 D7133A
$gus833<~Controls.840~>134 D6DC25
<auto> playchosen 664BA9
<auto><~Controls.3~>reveal 134 E301AA11CBE20EEEE20399C0F34DF84BB1B7B20E 5<~Controls.884~><~Controls.45~><~Controls.885~><~Game.2037~> C01DB0
<auto><~Controls.866~>reveal 162 71A09674BC5E896D375DD1193B501FEB26AD6DE3 10<~Controls.867~><~Controls.46~><~Controls.868~><~Game.2036~> 7C8448
<auto> playchosen 3628E6
<buondiavolo_B_B_B> ff2 6C7057
<game> buondiavolo_B_B_B<~Controls.1~> 6 6 6 1 4 null
<game> buondiavolo_B_B_B<~Controls.1~> 1 3 null
<buondiavolo_B_B_B> wow C627C2
<game> gus833<~Controls.1~> 6 5 2 null
<game> gus833<~Controls.1~> 6 null
<gus833> 3 D6EA42
$gus833<~Scribe.141~>274 083 <~Scribe.142~><~Game.1994~><~Scribe.143~><~Game.2037~><~Scribe.144~> 387624
$buondiavolo_B_B_B<~Scribe.141~>031 021 017 <~Scribe.142~><~Game.1944~><~Scribe.143~><~Game.2036~><~Scribe.144~> CBE8CB
<buondiavolo_B_B_B> press 0DA3AC
$buondiavolo_B_B_B<~Controls.304~>055 <~Controls.305~><~Game.1944~> 743202
$buondiavolo_B_B_B<~Controls.313~>357 <~Controls.307~><~Controls.314~><~Game.1944~> 963901
$buondiavolo_B_B_B<~Controls.509~>160<~Controls.510~><~Game.2006~><~Controls.511~><~Controls.46~> null
$buondiavolo_B_B_B<~Controls.662~>162 031 021 017 134 274 083 <~Controls.663~><~Game.2035~> 68BF77
<buondiavolo_B_B_B> nc 63DD79
<gus833> nc 2EB12A
<game> buondiavolo_B_B_B<~Controls.1~> 1 6 1 4 4 null
<game> gus833<~Controls.1~> 4 null
<game> gus833<~Controls.1~> 5 null
<gus833> 1 6C7B21
$gus833<~Scribe.141~>271 085 082 <~Scribe.142~><~Game.1994~><~Scribe.143~><~Game.2036~><~Scribe.144~> 352BB1
$buondiavolo_B_B_B<~Scribe.141~>030 <~Scribe.142~><~Game.1944~><~Scribe.143~><~Game.2037~><~Scribe.144~> A844E5
$buondiavolo_B_B_B<~Controls.644~>361 271 085 082 030 <~Controls.645~><~Game.2035~> 6857B4
$buondiavolo_B_B_B<~Scribe.141~>423 <~Scribe.142~><~Game.27~><~Scribe.143~><~Game.29~><~Scribe.144~> B20AFA
$gus833<~HighlightLabel.86~>211<~HighlightLabel.87~><~Game.2042~><~HighlightLabel.88~><~Game.2035~> B27D7D
$gus833<~Controls.790~>248<~Controls.791~><~Game.2021~><~Controls.792~><~Game.2022~> F78556
$gus833<~Controls.795~>211<~Controls.796~><~Game.2035~><~Controls.797~><~Game.1997~> 0FB0E1
<game> buondiavolo_B_B_B<~Controls.1~> 6 null
$buondiavolo_B_B_B<~Controls.624~>227<~Controls.625~><~Game.2044~><~Controls.626~><~Game.2037~> null
$gus833<~Scribe.141~>240 <~Scribe.142~><~Game.1999~><~Scribe.143~><~Game.2037~><~Scribe.144~> 68856F
$gus833<~Scribe.141~>242 <~Scribe.142~><~Game.1998~><~Scribe.143~><~Game.1999~><~Scribe.144~> 52E354
$gus833<~Controls.644~>227 240 <~Controls.645~><~Game.2035~> 630E9A
$buondiavolo_B_B_B<~Controls.276~>105<~Controls.277~><~Game.2043~><~Controls.278~><~Game.2035~> E83188
<buondiavolo_B_B_B> pelargir F21077
<buondiavolo_B_B_B> fromsud 6812AD
<buondiavolo_B_B_B> nc 85FF74
<gus833> nc E9768D
<game> buondiavolo_B_B_B<~Controls.1~> 4 2 5 5 1 null
<game> gus833<~Controls.1~> 3 null
<buondiavolo_B_B_B> press 3E50ED
$gus833<~Scribe.141~>078 <~Scribe.142~><~Game.1931~><~Scribe.143~><~Game.1924~><~Scribe.144~> 604650
$buondiavolo_B_B_B<~Scribe.141~>042 043 049 048 047 046 045 044 <~Scribe.142~><~Game.1938~><~Scribe.143~><~Game.1931~><~Scribe.144~> 16913A
$buondiavolo_B_B_B<~Scribe.141~>423 <~Scribe.142~><~Game.29~><~Scribe.143~><~Game.30~><~Scribe.144~> A2E921
$buondiavolo_B_B_B<~Controls.644~>105 <~Controls.645~><~Game.2035~> 4E4EBB
$gus833<~HighlightLabel.86~>359<~HighlightLabel.87~><~Game.2042~><~HighlightLabel.88~><~Game.2035~> 667A41
$gus833<~Scribe.141~>358 <~Scribe.142~><~Game.2038~><~Scribe.143~><~Game.2037~><~Scribe.144~> 58CEA6
$gus833<~Controls.323~>240 137DA0
$gus833<~Scribe.141~>240 <~Scribe.142~><~Game.2039~><~Scribe.143~><~Game.1921~><~Scribe.144~> BAE013
$gus833<~Controls.644~>359 358 <~Controls.645~><~Game.2035~> 3CFC56
$buondiavolo_B_B_B<~Controls.276~>102<~Controls.277~><~Game.2043~><~Controls.278~><~Game.2035~> 2A4303
$buondiavolo_B_B_B<~Scribe.141~>038 037 <~Scribe.142~><~Game.1943~><~Scribe.143~><~Game.1986~><~Scribe.144~> F1A5D6
$buondiavolo_B_B_B<~Scribe.141~>253 039 320 321 <~Scribe.142~><~Game.1944~><~Scribe.143~><~Game.1927~><~Scribe.144~> AA9EF2
$buondiavolo_B_B_B<~Scribe.141~>039 <~Scribe.142~><~Game.1927~><~Scribe.143~><~Game.1986~><~Scribe.144~> FBBF59
$buondiavolo_B_B_B<~Controls.644~>102 <~Controls.645~><~Game.2035~> 25B310
$gus833<~HighlightLabel.86~>213<~HighlightLabel.87~><~Game.2042~><~HighlightLabel.88~><~Game.2035~> 5731CA
$gus833<~Scribe.141~>298 <~Scribe.142~><~Game.2038~><~Scribe.143~><~Game.1970~><~Scribe.144~> 57933B
$gus833<~Scribe.141~>272 <~Scribe.142~><~Game.2038~><~Scribe.143~><~Game.1920~><~Scribe.144~> E48C6F
$gus833<~Controls.644~>213 <~Controls.645~><~Game.2035~> 55EED9
$buondiavolo_B_B_B<~Controls.276~>103<~Controls.277~><~Game.2043~><~Controls.278~><~Game.2035~> 634B37
<buondiavolo_B_B_B> lorien 6915CD
$gus833<~Scribe.141~>097 264 093 092 087 <~Scribe.142~><~Game.1928~><~Scribe.143~><~Game.1992~><~Scribe.144~> 59463B
$gus833<~HighlightLabel.91~>256<~HighlightLabel.92~><~Game.2000~><~HighlightLabel.93~><~Game.2001~> C82DB4
$buondiavolo_B_B_B<~Scribe.141~>253 320 321 040 336 335 035 001 012 013 014 015 008 007 <~Scribe.142~><~Game.1927~><~Scribe.143~><~Game.1928~><~Scribe.144~> FA427B
$buondiavolo_B_B_B<~Controls.644~>103 <~Controls.645~><~Game.2035~> 09589F
$gus833<~Controls.271~>212<~Controls.272~><~Game.2042~><~Controls.273~><~Game.2035~> D06DF1
$gus833<~Scribe.141~>reveal 149 E93A9901ED7AE3B7B3902913DB56CD5C6C191653 15 <~Scribe.142~><~Controls.45~><~Scribe.143~><~Game.2029~><~Scribe.144~> E734B8
$gus833<~Controls.644~>212 <~Controls.645~><~Game.2035~> B83C8E
$buondiavolo_B_B_B<~Controls.276~>099<~Controls.277~><~Game.2043~><~Controls.278~><~Game.2035~> 6EF4BC
$buondiavolo_B_B_B<~Scribe.141~>036 <~Scribe.142~><~Game.2040~><~Scribe.143~><~Game.1917~><~Scribe.144~> 10FC3C
$buondiavolo_B_B_B<~Controls.644~>099 <~Controls.645~><~Game.2035~> 2FF12F
$gus833<~Controls.726~>211 210 <~Controls.727~><~Game.1997~><~Controls.728~><~Game.2042~> 5C7594
$gus833<~Controls.731~>212 213 359 358 <~Controls.732~><~Game.2039~><~Controls.733~><~Game.2042~> 177AD3
$gus833<~Controls.509~>117<~Controls.510~><~Game.2004~><~Controls.511~><~Controls.45~> null
$buondiavolo_B_B_B<~Controls.757~>360 <~Controls.758~><~Game.1997~><~Controls.759~><~Game.2043~> EA4843
<~Game.7~>5 null
$buondiavolo_B_B_B<~Controls.762~>099 103 102 105 361 100 101 104 <~Controls.763~><~Game.2041~><~Controls.764~><~Game.2043~> ACBA81
$gus833<~Controls.509~>145<~Controls.510~><~Game.2005~><~Controls.511~><~Controls.45~> null
$buondiavolo_B_B_B<~Controls.509~>209<~Controls.510~><~Game.2006~><~Controls.511~><~Controls.46~> null
$buondiavolo_B_B_B<~Controls.509~>176<~Controls.510~><~Game.2007~><~Controls.511~><~Controls.46~> null
$buondiavolo_B_B_B<~Controls.296~>160 <~Controls.297~><~Controls.46~> CB880A
<gus833> fsp ok B372ED
$buondiavolo_B_B_B<~Controls.372~>099 CCE99B
$buondiavolo_B_B_B<~Controls.345~>212 213 359 358 211 210 <~Controls.346~>0 0 1 4 4 3 null
<gus833> wrong dice ;) 2EC871
<buondiavolo_B_B_B> sorry 88A7B7
<gus833> np 4B2627
$buondiavolo_B_B_B<~Controls.345~>103 102 105 361 100 101 104 360 <~Controls.346~>15 11 11 11 11 13 10 14 null
$buondiavolo_B_B_B<~Controls.350~>103 102 105 361 100 101 104 360 null
$gus833<~Controls.345~>212 213 359 358 211 210 <~Controls.346~>1 3 0 1 0 3 null
$gus833<~HighlightLabel.86~>359<~HighlightLabel.87~><~Game.2042~><~HighlightLabel.88~><~Game.2035~> F59A1F
$gus833<~Controls.790~>248<~Controls.791~><~Game.2022~><~Controls.792~><~Game.2023~> ADCC23
$gus833<~Controls.795~>359<~Controls.796~><~Game.2035~><~Controls.797~><~Game.1997~> 29E6F5
<game> buondiavolo_B_B_B<~Controls.1~> 3 4 null
$buondiavolo_B_B_B<~Controls.276~>360<~Controls.277~><~Game.2043~><~Controls.278~><~Game.2035~> 7F34B1
$buondiavolo_B_B_B<~CardBuffet.14~>reveal 209 3DB56289ED59F10024627BFD51D8C6E92A708B76 20<~CardBuffet.15~><~Controls.46~><~CardBuffet.16~> 7113ED
<buondiavolo_B_B_B> lorien 26D112
<game> buondiavolo_B_B_B<~Controls.1~> 1 2 3 3 null
$buondiavolo_B_B_B<~Controls.644~>360 209 <~Controls.645~><~Game.2035~> 49C625
<gus833> pass 615301
$buondiavolo_B_B_B<~Controls.276~>100<~Controls.277~><~Game.2043~><~Controls.278~><~Game.2035~> A1E43A
<buondiavolo_B_B_B> lorien 2659DE
$gus833<~Scribe.141~>256 <~Scribe.142~><~Game.2001~><~Scribe.143~><~Game.2002~><~Scribe.144~> D9AE86
$buondiavolo_B_B_B<~Controls.840~>178 2F68FF
$gus833<~Controls.840~>110 E02CCD
<auto> playchosen D8B976
<auto><~Controls.3~>reveal 110 EF6664CD364480BDE158BEE5755E7BFAB6250103 7<~Controls.884~><~Controls.45~><~Controls.885~><~Game.2037~> 962D25
<auto><~Controls.866~>reveal 178 137067FDFA53F0213BDBB763D43BFFC351635107 0<~Controls.867~><~Controls.46~><~Controls.868~><~Game.2036~> 460460
<auto> playchosen 14B2D4
<game> buondiavolo_B_B_B<~Controls.1~> 4 4 2 4 5 null
<game> buondiavolo_B_B_B<~Controls.1~> 4 1 5 6 3 null
<buondiavolo_B_B_B> 1 4211A1
<game> gus833<~Controls.1~> 1 1 2 5 null
<game> gus833<~Controls.1~> 6 null
<gus833> 2 406F00
$gus833<~Controls.304~>093 <~Controls.305~><~Game.1992~> 77CE2D
$gus833<~Controls.313~>269 <~Controls.307~><~Controls.314~><~Game.1992~> 7DC250
$buondiavolo_B_B_B<~Scribe.141~>013 012 <~Scribe.142~><~Game.1928~><~Scribe.143~><~Game.2036~><~Scribe.144~> F0A904
<buondiavolo_B_B_B> stop 5A8912
$buondiavolo_B_B_B<~Controls.509~>205<~Controls.510~><~Game.2007~><~Controls.511~><~Controls.46~> null
$buondiavolo_B_B_B<~Controls.644~>100 178 013 012 110 <~Controls.645~><~Game.2035~> E45622
$gus833<~HighlightLabel.86~>210<~HighlightLabel.87~><~Game.2042~><~HighlightLabel.88~><~Game.2035~> C66E06
$gus833<~CardBuffet.9~>reveal 145 CFC3237B18E555E337F0AC3EE2C9FBAB40D2CC1A 2<~CardBuffet.10~><~Controls.45~><~CardBuffet.11~> EE06F7
$gus833<~Scribe.141~>266 <~Scribe.142~><~Game.2038~><~Scribe.143~><~Game.1954~><~Scribe.144~> 3FD10F
$gus833<~Controls.509~>118<~Controls.510~><~Game.2005~><~Controls.511~><~Controls.45~> null
$gus833<~Controls.644~>210 145 <~Controls.645~><~Game.2035~> BE39EB
$buondiavolo_B_B_B<~Controls.276~>361<~Controls.277~><~Game.2043~><~Controls.278~><~Game.2035~> 3EAC70
$buondiavolo_B_B_B<~CardBuffet.14~>reveal 176 54C892687C3F74992E0EFE9D6C40662F4869777D 20<~CardBuffet.15~><~Controls.46~><~CardBuffet.16~> 7A4019
$buondiavolo_B_B_B<~Controls.304~>015 014 <~Controls.305~><~Game.1928~> 600074
$buondiavolo_B_B_B<~Controls.313~>333 334 <~Controls.309~><~Controls.314~><~Game.1928~> 1A1E67
$buondiavolo_B_B_B<~Controls.644~>361 176 <~Controls.645~><~Game.2035~> F83ED8
$gus833<~HighlightLabel.86~>358<~HighlightLabel.87~><~Game.2042~><~HighlightLabel.88~><~Game.2035~> 17DDBF
$gus833<~Controls.790~>248<~Controls.791~><~Game.2023~><~Controls.792~><~Game.2024~> 67B346
$gus833<~Controls.795~>358<~Controls.796~><~Game.2035~><~Controls.797~><~Game.1997~> D1F7E7
$buondiavolo_B_B_B<~Controls.624~>226<~Controls.625~><~Game.2044~><~Controls.626~><~Game.2037~> null
$buondiavolo_B_B_B<~Controls.819~> A572C1
<gus833> you did not roll 6D7A94
<buondiavolo_B_B_B> sorry 197706
<gus833> np C51D30
<game> buondiavolo_B_B_B<~Controls.1~> 5 6 null
$buondiavolo_B_B_B<~Controls.624~>220<~Controls.625~><~Game.2044~><~Controls.626~><~Game.2037~> null
$gus833<~Scribe.141~>242 <~Scribe.142~><~Game.1999~><~Scribe.143~><~Game.2037~><~Scribe.144~> CC8601
$gus833<~Scribe.141~>244 <~Scribe.142~><~Game.1998~><~Scribe.143~><~Game.1999~><~Scribe.144~> A595BD
$gus833<~Scribe.141~>247 <~Scribe.142~><~Game.1911~><~Scribe.143~><~Game.1969~><~Scribe.144~> 264697
$gus833<~Controls.323~>247 653C80
$gus833<~Scribe.141~>220 242 <~Scribe.142~><~Game.2037~><~Scribe.143~><~Game.2036~><~Scribe.144~> 32DA3E
<buondiavolo_B_B_B> moria 4610E5
$buondiavolo_B_B_B<~Controls.624~>215<~Controls.625~><~Game.2044~><~Controls.626~><~Game.2037~> null
$gus833<~Scribe.141~>215 <~Scribe.142~><~Game.2037~><~Scribe.143~><~Game.2036~><~Scribe.144~> F8ABCC
<buondiavolo_B_B_B> mmm 98EE43
$buondiavolo_B_B_B<~Controls.624~>223<~Controls.625~><~Game.2044~><~Controls.626~><~Game.2037~> null
$gus833<~Scribe.141~>149 <~Scribe.142~><~Game.2029~><~Scribe.143~><~Game.2037~><~Scribe.144~> 5F775F
$gus833<~Controls.644~>215 220 242 149 223 <~Controls.645~><~Game.2035~> 8A36D6
$buondiavolo_B_B_B<~Controls.276~>102<~Controls.277~><~Game.2043~><~Controls.278~><~Game.2035~> EC28F4
$buondiavolo_B_B_B<~CardBuffet.14~>reveal 174 B677791FCA689388C5D9CC150F02C8991D7FD9BE 7<~CardBuffet.15~><~Controls.46~><~CardBuffet.16~> A63C45
<buondiavolo_B_B_B> lorien 2293A6
$buondiavolo_B_B_B<~Controls.840~>174 C98800
$buondiavolo_B_B_B<~Controls.819~> 5363E9
<gus833> nc CE09CE
<auto> playchosen DD2545
<auto><~Controls.866~>reveal 174 B677791FCA689388C5D9CC150F02C8991D7FD9BE 7<~Controls.867~><~Controls.46~><~Controls.868~><~Game.2036~> 4BB13E
<buondiavolo_B_B_B> sorry 5512F6
<gus833> np D7FA3B
<buondiavolo_B_B_B> ff 4 12F42E
<game> buondiavolo_B_B_B<~Controls.1~> 2 3 4 2 4 null
<game> buondiavolo_B_B_B<~Controls.1~> 5 null
<gus833> reroll 1 more--I only have 4 dice 78260C
<game> buondiavolo_B_B_B<~Controls.1~> 4 null
<game> gus833<~Controls.1~> 6 null
<gus833> 1 9578D0
<buondiavolo_B_B_B> wow FAA3F2
$buondiavolo_B_B_B<~Scribe.141~>008 <~Scribe.142~><~Game.1928~><~Scribe.143~><~Game.2036~><~Scribe.144~> 0FDCE7
<buondiavolo_B_B_B> press 22C2D9
$buondiavolo_B_B_B<~Controls.304~>335 <~Controls.305~><~Game.1928~> AFD7F4
$buondiavolo_B_B_B<~Controls.313~>015 <~Controls.307~><~Controls.314~><~Game.1928~> 5E383F
$buondiavolo_B_B_B<~Controls.509~>182<~Controls.510~><~Game.2006~><~Controls.511~><~Controls.46~> null
$buondiavolo_B_B_B<~Controls.662~>174 008 <~Controls.663~><~Game.2035~> 0287A8
$buondiavolo_B_B_B<~Controls.840~>205 C4CC02
$gus833<~Controls.840~>118 E8224E
<auto> playchosen 6B02F1
<auto><~Controls.3~>reveal 118 F9E148738A37F45AAA362B11354804F2D1DF2108 22<~Controls.884~><~Controls.45~><~Controls.885~><~Game.2037~> 4A3191
<auto><~Controls.866~>reveal 205 2F27F38186BD7531A55137F72C237DCCB483202F 19<~Controls.867~><~Controls.46~><~Controls.868~><~Game.2036~> 5B0A9B
<auto> playchosen 6AFE3E
<game> buondiavolo_B_B_B<~Controls.1~> 2 3 5 5 2 null
<game> buondiavolo_B_B_B<~Controls.1~> 3 3 1 null
<buondiavolo_B_B_B> 2 48C3B9
<game> gus833<~Controls.1~> 2 5 6 5 null
<game> gus833<~Controls.1~> 5 null
<gus833> 4 43D164
$gus833<~Scribe.141~>092 <~Scribe.142~><~Game.1992~><~Scribe.143~><~Game.2037~><~Scribe.144~> 721739
$buondiavolo_B_B_B<~Scribe.141~>001 007 015 <~Scribe.142~><~Game.1928~><~Scribe.143~><~Game.2036~><~Scribe.144~> 73FE8C
$buondiavolo_B_B_B<~Scribe.141~>001 <~Scribe.142~><~Game.2036~><~Scribe.143~><~Game.1928~><~Scribe.144~> 2C43F7
$buondiavolo_B_B_B<~Scribe.141~>035 <~Scribe.142~><~Game.1928~><~Scribe.143~><~Game.2036~><~Scribe.144~> BCB60F
$gus833<~Scribe.141~>256 <~Scribe.142~><~Game.2002~><~Scribe.143~><~Game.2003~><~Scribe.144~> 463114
$buondiavolo_B_B_B<~Scribe.141~>035 <~Scribe.142~><~Game.2036~><~Scribe.143~><~Game.1928~><~Scribe.144~> 4F05F4
$buondiavolo_B_B_B<~Controls.304~>333 035 <~Controls.305~><~Game.1928~> A3CF8E
$buondiavolo_B_B_B<~Controls.313~>014 008 <~Controls.307~><~Controls.314~><~Game.1928~> 90CDC7
<buondiavolo_B_B_B> pass 43BEB4
$buondiavolo_B_B_B<~Controls.644~>102 205 007 015 118 092 <~Controls.645~><~Game.2035~> 940572
$gus833<~HighlightLabel.86~>213<~HighlightLabel.87~><~Game.2042~><~HighlightLabel.88~><~Game.2035~> E8B0AB
$gus833<~Scribe.141~>275 <~Scribe.142~><~Game.2038~><~Scribe.143~><~Game.1920~><~Scribe.144~> 47F6FA
$gus833<~Controls.644~>213 <~Controls.645~><~Game.2035~> 845923
$buondiavolo_B_B_B<~Controls.276~>101<~Controls.277~><~Game.2043~><~Controls.278~><~Game.2035~> 6048A7
$buondiavolo_B_B_B<~CardBuffet.14~>reveal 182 6461177DD1F133FC928710168256B0E7202D8450 3<~CardBuffet.15~><~Controls.46~><~CardBuffet.16~> 9B35B5
$buondiavolo_B_B_B<~Scribe.141~>236 <~Scribe.142~><~Game.2046~><~Scribe.143~><~Game.2036~><~Scribe.144~> 0C5684
$buondiavolo_B_B_B<~Controls.644~>101 182 236 <~Controls.645~><~Game.2035~> 1CD709
$gus833<~HighlightLabel.86~>211<~HighlightLabel.87~><~Game.2042~><~HighlightLabel.88~><~Game.2035~> DFA926
$gus833<~Controls.323~>247 859B74
$gus833<~Controls.644~>211 <~Controls.645~><~Game.2035~> 009BE2
$buondiavolo_B_B_B<~Controls.276~>105<~Controls.277~><~Game.2043~><~Controls.278~><~Game.2035~> 398D46
<buondiavolo_B_B_B> lorien B67153
$buondiavolo_B_B_B<~Controls.840~>187 F7FC33
<gus833> nc 230602
<auto> playchosen 962287
<auto><~Controls.866~>reveal 187 4DD2275862871D94AF5439BEBE80C988ECFA4046 16<~Controls.867~><~Controls.46~><~Controls.868~><~Game.2036~> C717D8
$buondiavolo_B_B_B<~Controls.840~>187 3957C5
<game> buondiavolo_B_B_B<~Controls.1~> 1 1 3 5 1 null
<game> buondiavolo_B_B_B<~Controls.1~> 3 4 5 1 null
<game> gus833<~Controls.1~> 6 5 3 null
<game> gus833<~Controls.1~> 6 null
<gus833> 3 2AA7BC
$gus833<~Scribe.141~>264 <~Scribe.142~><~Game.1992~><~Scribe.143~><~Game.2037~><~Scribe.144~> 68EC2C
<gus833> elves are putting up quite a fight! 5D8D44
$buondiavolo_B_B_B<~Controls.304~>336 334 <~Controls.305~><~Game.1928~> 4D13DA
$buondiavolo_B_B_B<~Controls.313~>015 007 <~Controls.307~><~Controls.314~><~Game.1928~> 48AABE
$buondiavolo_B_B_B<~Scribe.141~>001 <~Scribe.142~><~Game.1928~><~Scribe.143~><~Game.2036~><~Scribe.144~> 400BD1
<buondiavolo_B_B_B> 2i have to draw 1C845E
<buondiavolo_B_B_B> pass 93DF34
<buondiavolo_B_B_B> was firstround 40AFE5
$buondiavolo_B_B_B<~Controls.509~>207<~Controls.510~><~Game.2007~><~Controls.511~><~Controls.46~> null
$buondiavolo_B_B_B<~Controls.644~>105 187 001 264 <~Controls.645~><~Game.2035~> 253239
$buondiavolo_B_B_B<~Controls.179~> 723569
$gus833<~Controls.271~>212<~Controls.272~><~Game.2042~><~Controls.273~><~Game.2035~> E051B7
$gus833<~Scribe.141~>reveal 141 F2E4541ED19347347A0294AB336284F5B549B55E 10 <~Scribe.142~><~Controls.45~><~Scribe.143~><~Game.2029~><~Scribe.144~> 0CEEC5
$gus833<~Controls.644~>212 <~Controls.645~><~Game.2035~> F6AD1A
$buondiavolo_B_B_B<~Controls.276~>104<~Controls.277~><~Game.2043~><~Controls.278~><~Game.2035~> E41746
$buondiavolo_B_B_B<~Scribe.141~>345 <~Scribe.142~><~Game.2040~><~Scribe.143~><~Game.1986~><~Scribe.144~> B11A4B
$buondiavolo_B_B_B<~Controls.644~>104 <~Controls.645~><~Game.2035~> 01D91C
$buondiavolo_B_B_B<~Controls.757~>103 099 <~Controls.758~><~Game.1997~><~Controls.759~><~Game.2043~> 2FCA59
$buondiavolo_B_B_B<~Controls.762~>104 105 101 102 361 100 360 <~Controls.763~><~Game.2041~><~Controls.764~><~Game.2043~> 56AD36
$gus833<~Controls.726~>358 359 <~Controls.727~><~Game.1997~><~Controls.728~><~Game.2042~> D97D19
<~Game.7~>6 null
$gus833<~Controls.731~>212 211 213 210 <~Controls.732~><~Game.2039~><~Controls.733~><~Game.2042~> 9FE493
$gus833<~Controls.509~>107<~Controls.510~><~Game.2004~><~Controls.511~><~Controls.45~> null
$gus833<~Controls.509~>129<~Controls.510~><~Game.2005~><~Controls.511~><~Controls.45~> null
<buondiavolo_B_B_B> inotthinki can winthisgame E1C77B
<buondiavolo_B_B_B> Lortien killsme ! 60A66B
<gus833> yes 6A42DD
$buondiavolo_B_B_B<~Controls.509~>168<~Controls.510~><~Game.2006~><~Controls.511~><~Controls.46~> null
$buondiavolo_B_B_B<~Controls.509~>197<~Controls.510~><~Game.2007~><~Controls.511~><~Controls.46~> null
$gus833<~Scribe.141~>247 <~Scribe.142~><~Game.1969~><~Scribe.143~><~Game.524~><~Scribe.144~> C3C6CA
$gus833<~Controls.281~>233 239 220 236 <~Controls.282~><~Game.2045~><~Controls.283~><~Game.2044~> CA989C
<gus833> ok BE98F5
$buondiavolo_B_B_B<~Controls.372~>104 FD9806
$buondiavolo_B_B_B<~Controls.345~>105 101 102 361 100 360 103 099 <~Controls.346~>15 15 13 13 11 14 11 12 null
$buondiavolo_B_B_B<~Controls.350~>105 101 102 361 100 360 103 099 null
$gus833<~Controls.345~>212 211 213 210 358 359 <~Controls.346~>2 0 1 0 0 1 null
$gus833<~Controls.366~>250<~Controls.367~><~Game.2009~><~Controls.368~><~Game.2011~> E497DA
<buondiavolo_B_B_B> wow 20F23C
$gus833 changes 210  to C 73154B
<buondiavolo_B_B_B> very fast 48996C
$gus833<~HighlightLabel.86~>211<~HighlightLabel.87~><~Game.2042~><~HighlightLabel.88~><~Game.2035~> A0E327
$gus833<~Controls.790~>247<~Controls.791~><~Game.524~><~Controls.792~><~Game.525~> D0BC92
$gus833<~Controls.795~>211<~Controls.796~><~Game.2035~><~Controls.797~><~Game.1997~> FB225F
$buondiavolo_B_B_B<~Controls.624~>229<~Controls.625~><~Game.2044~><~Controls.626~><~Game.2037~> null
$gus833<~Scribe.141~>244 <~Scribe.142~><~Game.1999~><~Scribe.143~><~Game.2037~><~Scribe.144~> A340B7
$gus833<~Scribe.141~>252 <~Scribe.142~><~Game.2014~><~Scribe.143~><~Game.2015~><~Scribe.144~> 6E7C78
$gus833<~Scribe.141~>243 <~Scribe.142~><~Game.1998~><~Scribe.143~><~Game.1999~><~Scribe.144~> C47F9C
$gus833<~Controls.644~>229 244 <~Controls.645~><~Game.2035~> A00BEF
$buondiavolo_B_B_B<~Controls.276~>361<~Controls.277~><~Game.2043~><~Controls.278~><~Game.2035~> 7036F5
<buondiavolo_B_B_B> lorien BD93E5
$buondiavolo_B_B_B<~Controls.840~>168 6ED487
$gus833<~Controls.840~>129 39CC80
<auto> playchosen C29026
<auto><~Controls.3~>reveal 129 EBDD63B8B611CD96D2EF46B1C5E177ABE65D5234 9<~Controls.884~><~Controls.45~><~Controls.885~><~Game.2037~> 5B9EAF
<auto><~Controls.866~>reveal 168 769AB81D7195D87324C6D995655CE533AD1D2655 19<~Controls.867~><~Controls.46~><~Controls.868~><~Game.2036~> F0CF48
<auto> playchosen 4AC1EE
<gus833> pre 2DD0F6
<game> gus833<~Controls.1~> 1 null
<buondiavolo_B_B_B> ff1 460A33
<game> buondiavolo_B_B_B<~Controls.1~> 3 2 3 2 null
<game> buondiavolo_B_B_B<~Controls.1~> 6 6 4 5 null
<game> gus833<~Controls.1~> 2 6 null
<buondiavolo_B_B_B> wo E77CF0
<game> gus833<~Controls.1~> 6 null
$gus833<~Scribe.141~>097 269 087 <~Scribe.142~><~Game.1992~><~Scribe.143~><~Game.2037~><~Scribe.144~> 95BD93
$buondiavolo_B_B_B<~Scribe.141~>007 015 <~Scribe.142~><~Game.1928~><~Scribe.143~><~Game.2036~><~Scribe.144~> F925CC
$buondiavolo_B_B_B<~Controls.644~>361 168 007 015 129 097 269 087 <~Controls.645~><~Game.2035~> 0B76D4
$gus833<~HighlightLabel.86~>213<~HighlightLabel.87~><~Game.2042~><~HighlightLabel.88~><~Game.2035~> 0ED312
$gus833<~Controls.790~>247<~Controls.791~><~Game.525~><~Controls.792~><~Game.528~> DC8BCE
$gus833<~Controls.795~>213<~Controls.796~><~Game.2035~><~Controls.797~><~Game.1997~> E8A834
$buondiavolo_B_B_B<~Scribe.141~>423 <~Scribe.142~><~Game.30~><~Scribe.143~><~Game.32~><~Scribe.144~> CF56D7
$buondiavolo_B_B_B<~Controls.624~>219<~Controls.625~><~Game.2044~><~Controls.626~><~Game.2037~> null
$gus833<~Scribe.141~>246 <~Scribe.142~><~Game.1998~><~Scribe.143~><~Game.1999~><~Scribe.144~> E5A499
$gus833<~Scribe.141~>243 246 <~Scribe.142~><~Game.1999~><~Scribe.143~><~Game.2037~><~Scribe.144~> 7BBDBE
$gus833<~Controls.323~>247 048CE1
$gus833<~Scribe.141~>252 <~Scribe.142~><~Game.2015~><~Scribe.143~><~Game.2016~><~Scribe.144~> 9FF5A1
$gus833<~Scribe.141~>364 <~Scribe.142~><~Game.2038~><~Scribe.143~><~Game.1999~><~Scribe.144~> 9111AC
$gus833<~Controls.644~>219 243 246 <~Controls.645~><~Game.2035~> 56A1F8
$buondiavolo_B_B_B<~Controls.276~>102<~Controls.277~><~Game.2043~><~Controls.278~><~Game.2035~> D174F9
$buondiavolo_B_B_B<~Scribe.141~>253 320 <~Scribe.142~><~Game.1928~><~Scribe.143~><~Game.1986~><~Scribe.144~> F47ABD
$buondiavolo_B_B_B<~Scribe.141~>321 <~Scribe.142~><~Game.1928~><~Scribe.143~><~Game.1944~><~Scribe.144~> BF9D6F
$buondiavolo_B_B_B<~Scribe.141~>040 <~Scribe.142~><~Game.1928~><~Scribe.143~><~Game.1919~><~Scribe.144~> 060F9F
$buondiavolo_B_B_B<~Controls.644~>102 <~Controls.645~><~Game.2035~> 25C629
$gus833<~HighlightLabel.86~>210<~HighlightLabel.87~><~Game.2042~><~HighlightLabel.88~><~Game.2035~> 380983
$gus833<~Controls.323~>247 346D96
$gus833<~Controls.644~>210 <~Controls.645~><~Game.2035~> 930263
$buondiavolo_B_B_B<~Controls.276~>099<~Controls.277~><~Game.2043~><~Controls.278~><~Game.2035~> 568E3B
$buondiavolo_B_B_B<~Scribe.141~>253 320 039 038 037 345 056 052 051 050 <~Scribe.142~><~Game.1986~><~Scribe.143~><~Game.1984~><~Scribe.144~> 7FF7EC
$buondiavolo_B_B_B<~Scribe.141~>000 <~Scribe.142~><~Game.1914~><~Scribe.143~><~Game.1916~><~Scribe.144~> 0CB912
$buondiavolo_B_B_B<~Controls.819~> 27CA88
$buondiavolo_B_B_B<~Scribe.141~>321 057 357 023 022 018 <~Scribe.142~><~Game.1944~><~Scribe.143~><~Game.1942~><~Scribe.144~> 330A74
$buondiavolo_B_B_B<~Controls.644~>099 <~Controls.645~><~Game.2035~> 49A3A2
$gus833<~HighlightLabel.86~>358<~HighlightLabel.87~><~Game.2042~><~HighlightLabel.88~><~Game.2035~> F8FE17
$gus833<~Scribe.141~>301 <~Scribe.142~><~Game.2038~><~Scribe.143~><~Game.1970~><~Scribe.144~> F1B5E2
$gus833<~Controls.644~>358 <~Controls.645~><~Game.2035~> E8B999
$buondiavolo_B_B_B<~Controls.276~>100<~Controls.277~><~Game.2043~><~Controls.278~><~Game.2035~> 8F8D6D
$buondiavolo_B_B_B<~Scribe.141~>253 320 039 038 037 345 056 052 051 050 054 053 <~Scribe.142~><~Game.1984~><~Scribe.143~><~Game.1980~><~Scribe.144~> ED0F23
$buondiavolo_B_B_B<~Scribe.141~>000 <~Scribe.142~><~Game.1914~><~Scribe.143~><~Game.1916~><~Scribe.144~> F4B559
$buondiavolo_B_B_B<~Controls.644~>100 <~Controls.645~><~Game.2035~> 9044AE
$gus833<~HighlightLabel.86~>212<~HighlightLabel.87~><~Game.2042~><~HighlightLabel.88~><~Game.2035~> E5E9E8
$gus833<~CardBuffet.9~>reveal 117 02B6A86A67FEDDB1E2D6AC82AEE115F5CB938EC2 18<~CardBuffet.10~><~Controls.45~><~CardBuffet.11~> 2FCE58
$gus833<~Controls.281~>234 <~Controls.282~><~Game.2046~><~Controls.283~><~Game.2044~> 3D25A0
$gus833<~Controls.644~>212 117 <~Controls.645~><~Game.2035~> 7591C7
$buondiavolo_B_B_B<~Controls.276~>360<~Controls.277~><~Game.2043~><~Controls.278~><~Game.2035~> FE2AA3
$buondiavolo_B_B_B<~Controls.509~>158<~Controls.510~><~Game.2006~><~Controls.511~><~Controls.46~> null
$buondiavolo_B_B_B<~Controls.644~>360 <~Controls.645~><~Game.2035~> 7C5B84
$gus833<~Controls.271~>359<~Controls.272~><~Game.2042~><~Controls.273~><~Game.2035~> 1EDEAF
$gus833<~Scribe.141~>241 <~Scribe.142~><~Game.1920~><~Scribe.143~><~Game.1909~><~Scribe.144~> 9DEA3D
$gus833<~Scribe.141~>241 <~Scribe.142~><~Game.1909~><~Scribe.143~><~Game.1907~><~Scribe.144~> 5029B9
$gus833<~Scribe.141~>241 <~Scribe.142~><~Game.1907~><~Scribe.143~><~Game.1905~><~Scribe.144~> BF8F8E
$gus833<~Controls.644~>359 <~Controls.645~><~Game.2035~> F637A1
$buondiavolo_B_B_B<~Controls.276~>103<~Controls.277~><~Game.2043~><~Controls.278~><~Game.2035~> 7325A4
<buondiavolo_B_B_B> dale D368AE
$buondiavolo_B_B_B<~Controls.840~>158 4BF7F1
<gus833> hmm FA4395
<gus833> nc 64D6FA
<auto> playchosen 78DC52
<auto><~Controls.866~>reveal 158 B667E0A4042E1D9C548E07683F0A019570320E04 12<~Controls.867~><~Controls.46~><~Controls.868~><~Game.2036~> 509608
<game> buondiavolo_B_B_B<~Controls.1~> 1 2 6 4 1 null
<game> buondiavolo_B_B_B<~Controls.1~> 2 6 5 3 null
<buondiavolo_B_B_B> 2 EDDB70
<game> gus833<~Controls.1~> 2 6 6 5 null
<gus833> 3 58870A
$buondiavolo_B_B_B<~Scribe.141~>345 052 <~Scribe.142~><~Game.1980~><~Scribe.143~><~Game.2036~><~Scribe.144~> 06094D
<buondiavolo_B_B_B> press 3A5149
$gus833<~Scribe.141~>066 306 <~Scribe.142~><~Game.1970~><~Scribe.143~><~Game.2037~><~Scribe.144~> CF7C36
$buondiavolo_B_B_B<~Controls.509~>203<~Controls.510~><~Game.2006~><~Controls.511~><~Controls.46~> null
$gus833<~Scribe.141~>298 068 301 302 <~Scribe.142~><~Game.1970~><~Scribe.143~><~Game.1965~><~Scribe.144~> 0C1F31
$buondiavolo_B_B_B<~Scribe.141~>253 320 039 038 037 056 051 050 054 053 <~Scribe.142~><~Game.1980~><~Scribe.143~><~Game.1970~><~Scribe.144~> 2FEB95
$buondiavolo_B_B_B<~Scribe.141~>423 <~Scribe.142~><~Game.32~><~Scribe.143~><~Game.33~><~Scribe.144~> 24CD2B
$buondiavolo_B_B_B<~Controls.644~>103 158 345 052 066 306 <~Controls.645~><~Game.2035~> C45045
$gus833<~Controls.726~>213 211 <~Controls.727~><~Game.1997~><~Controls.728~><~Game.2042~> 8C9FF8
$gus833<~Controls.731~>359 212 358 210 <~Controls.732~><~Game.2039~><~Controls.733~><~Game.2042~> 553FD0
$gus833<~Controls.509~>154<~Controls.510~><~Game.2004~><~Controls.511~><~Controls.45~> null
$gus833<~Controls.509~>121<~Controls.510~><~Game.2005~><~Controls.511~><~Controls.45~> null
$buondiavolo_B_B_B<~Controls.757~>105 101 104 <~Controls.758~><~Game.1997~><~Controls.759~><~Game.2043~> 1646F2
<~Game.7~>7 null
$buondiavolo_B_B_B<~Controls.762~>103 360 100 099 102 361 <~Controls.763~><~Game.2041~><~Controls.764~><~Game.2043~> B40291
$buondiavolo_B_B_B<~Controls.509~>193<~Controls.510~><~Game.2006~><~Controls.511~><~Controls.46~> null
$buondiavolo_B_B_B<~Controls.509~>171<~Controls.510~><~Game.2007~><~Controls.511~><~Controls.46~> null
<gus833> fsp ok D96B11
$buondiavolo_B_B_B<~Controls.372~>103 F1DD39
$buondiavolo_B_B_B<~Controls.345~>360 100 099 102 361 105 101 104 <~Controls.346~>14 12 11 12 15 15 14 11 null
$buondiavolo_B_B_B<~Controls.350~>360 100 099 102 361 105 101 104 null
$gus833<~Controls.345~>359 212 358 210 213 211 <~Controls.346~>2 2 1 1 1 4 null
$gus833<~HighlightLabel.86~>358<~HighlightLabel.87~><~Game.2042~><~HighlightLabel.88~><~Game.2035~> F4069B
$gus833<~Controls.790~>247<~Controls.791~><~Game.528~><~Controls.792~><~Game.529~> 12FBD0
$gus833<~Controls.795~>358<~Controls.796~><~Game.2035~><~Controls.797~><~Game.1997~> 68D038
$buondiavolo_B_B_B<~Controls.624~>218<~Controls.625~><~Game.2044~><~Controls.626~><~Game.2037~> null
$gus833<~Scribe.141~>252 <~Scribe.142~><~Game.2016~><~Scribe.143~><~Game.2018~><~Scribe.144~> F69830
$gus833<~Controls.644~>218 <~Controls.645~><~Game.2035~> 21953A
$buondiavolo_B_B_B<~Controls.276~>101<~Controls.277~><~Game.2043~><~Controls.278~><~Game.2035~> 9CBDB6
$buondiavolo_B_B_B<~CardBuffet.14~>reveal 203 EDA79E1B9B75C419D8D033E8D7B7D4D7CA0C2688 4<~CardBuffet.15~><~Controls.46~><~CardBuffet.16~> A7269E
$buondiavolo_B_B_B<~Scribe.141~>203 <~Scribe.142~><~Game.2036~><~Scribe.143~><~Game.2030~><~Scribe.144~> 61F44A
$buondiavolo_B_B_B<~Controls.644~>101 <~Controls.645~><~Game.2035~> D5E130
$gus833<~HighlightLabel.86~>213<~HighlightLabel.87~><~Game.2042~><~HighlightLabel.88~><~Game.2035~> 8CDD0C
$gus833<~Controls.790~>247<~Controls.791~><~Game.529~><~Controls.792~><~Game.532~> 8C9773
$gus833<~Controls.795~>213<~Controls.796~><~Game.2035~><~Controls.797~><~Game.1997~> 6862FA
$buondiavolo_B_B_B<~Controls.624~>239<~Controls.625~><~Game.2044~><~Controls.626~><~Game.2037~> null
$gus833<~Scribe.141~>141 <~Scribe.142~><~Game.2029~><~Scribe.143~><~Game.2036~><~Scribe.144~> C6BC93
$gus833<~Scribe.141~>239 <~Scribe.142~><~Game.2037~><~Scribe.143~><~Game.2034~><~Scribe.144~> EE4544
$buondiavolo_B_B_B<~Controls.624~>224<~Controls.625~><~Game.2044~><~Controls.626~><~Game.2037~> null
$gus833<~Scribe.141~>252 <~Scribe.142~><~Game.2018~><~Scribe.143~><~Game.2019~><~Scribe.144~> EFCD96
$gus833<~Controls.281~>239 <~Controls.282~><~Game.2034~><~Controls.283~><~Game.2044~> F06F61
$gus833<~Controls.644~>141 224 <~Controls.645~><~Game.2035~> 21DED3
$buondiavolo_B_B_B<~Controls.276~>360<~Controls.277~><~Game.2043~><~Controls.278~><~Game.2035~> 9B2DF0
$buondiavolo_B_B_B<~CardBuffet.14~>reveal 193 36A54E0AD4026281471B8149D54007B9BE56DDC2 6<~CardBuffet.15~><~Controls.46~><~CardBuffet.16~> F83AB8
$buondiavolo_B_B_B<~Controls.281~>100 099 102 104 <~Controls.282~><~Game.2043~><~Controls.283~><~Game.2043~> CBBC25
$buondiavolo_B_B_B<~Controls.281~>100 099 102 104 <~Controls.282~><~Game.2043~><~Controls.283~><~Game.2043~> AC1B79
$buondiavolo_B_B_B<~Controls.281~>100 099 102 104 <~Controls.282~><~Game.2043~><~Controls.283~><~Game.2043~> E03BB0
$buondiavolo_B_B_B<~Scribe.141~>099 102 100 <~Scribe.142~><~Game.2043~><~Scribe.143~><~Game.1997~><~Scribe.144~> 4C374F
<buondiavolo_B_B_B> eye 87A6B3
<buondiavolo_B_B_B> kill? 688A0B
<gus833> yes 2B1F62
$buondiavolo_B_B_B<~Controls.509~>177<~Controls.510~><~Game.2006~><~Controls.511~><~Controls.46~> null
$buondiavolo_B_B_B<~Controls.644~>360 193 <~Controls.645~><~Game.2035~> 5233CD
$gus833<~HighlightLabel.86~>212<~HighlightLabel.87~><~Game.2042~><~HighlightLabel.88~><~Game.2035~> 3CB4DB
$gus833<~Controls.509~>116<~Controls.510~><~Game.2004~><~Controls.511~><~Controls.45~> null
$gus833<~Controls.644~>212 <~Controls.645~><~Game.2035~> 49BEFA
$buondiavolo_B_B_B<~Controls.276~>104<~Controls.277~><~Game.2043~><~Controls.278~><~Game.2035~> 9EC364
<buondiavolo_B_B_B> iron FAEE37
$buondiavolo_B_B_B<~Controls.840~>177 AA9EE3
<gus833> nc AEA5E6
<auto> playchosen 2DCE18
<auto><~Controls.866~>reveal 177 0D577787A9278A6B2861AD4C20B8AF12BB03C786 14<~Controls.867~><~Controls.46~><~Controls.868~><~Game.2036~> 100300
<game> buondiavolo_B_B_B<~Controls.1~> 1 2 4 3 1 null
<game> buondiavolo_B_B_B<~Controls.1~> 5 4 5 2 4 null
<game> gus833<~Controls.1~> 5 null
$gus833<~Scribe.141~>059 <~Scribe.142~><~Game.1973~><~Scribe.143~><~Game.2037~><~Scribe.144~> 4E1E26
$buondiavolo_B_B_B<~Controls.304~>056 <~Controls.305~><~Game.1970~> 1DAF1D
$buondiavolo_B_B_B<~Controls.313~>052 <~Controls.307~><~Controls.314~><~Game.1970~> 7087CC
$buondiavolo_B_B_B<~Controls.509~>173<~Controls.510~><~Game.2006~><~Controls.511~><~Controls.46~> null
$buondiavolo_B_B_B<~Controls.644~>104 177 059 <~Controls.645~><~Game.2035~> E637F6
<gus833> no advance? 865D6A
<buondiavolo_B_B_B> no F6A180
$gus833<~Scribe.141~>257 <~Scribe.142~><~Game.2000~><~Scribe.143~><~Game.2001~><~Scribe.144~> 20E4C3
$gus833<~HighlightLabel.86~>359<~HighlightLabel.87~><~Game.2042~><~HighlightLabel.88~><~Game.2035~> 7C0CC5
$gus833<~Controls.509~>127<~Controls.510~><~Game.2004~><~Controls.511~><~Controls.45~> null
$gus833<~Controls.296~>107 <~Controls.297~><~Controls.45~> D27B6F
$gus833<~Controls.644~>359 <~Controls.645~><~Game.2035~> 93AA6C
$gus833<~HighlightLabel.86~>210<~HighlightLabel.87~><~Game.2042~><~HighlightLabel.88~><~Game.2035~> 889FE4
$gus833<~Controls.819~> 23DF89
$gus833<~HighlightLabel.86~>211<~HighlightLabel.87~><~Game.2042~><~HighlightLabel.88~><~Game.2035~> 5951FE
$gus833<~Scribe.141~>073 072 <~Scribe.142~><~Game.1929~><~Scribe.143~><~Game.1925~><~Scribe.144~> 1A7C3A
$gus833<~Scribe.141~>074 070 <~Scribe.142~><~Game.1918~><~Scribe.143~><~Game.1925~><~Scribe.144~> 3DA8DB
$gus833<~Controls.644~>211 <~Controls.645~><~Game.2035~> DA5952
$gus833<~Controls.271~>210<~Controls.272~><~Game.2042~><~Controls.273~><~Game.2035~> 0903E2
$gus833<~Scribe.141~>074 073 070 072 <~Scribe.142~><~Game.1925~><~Scribe.143~><~Game.1923~><~Scribe.144~> 5A9760
$gus833<~Controls.644~>210 <~Controls.645~><~Game.2035~> 087A2C
$gus833<~Controls.726~>213 358 <~Controls.727~><~Game.1997~><~Controls.728~><~Game.2042~> 6A91DA
$gus833<~Controls.731~>210 211 359 212 <~Controls.732~><~Game.2039~><~Controls.733~><~Game.2042~> 2A532A
$gus833<~Controls.509~>115<~Controls.510~><~Game.2004~><~Controls.511~><~Controls.45~> null
$gus833<~Controls.509~>147<~Controls.510~><~Game.2005~><~Controls.511~><~Controls.45~> null
$buondiavolo_B_B_B<~Controls.757~>099 102 100 361 105 103 <~Controls.758~><~Game.1997~><~Controls.759~><~Game.2043~> 0DB378
<~Game.7~>8 null
$buondiavolo_B_B_B<~Controls.762~>104 360 101 <~Controls.763~><~Game.2041~><~Controls.764~><~Game.2043~> 9E5DB7
$gus833<~Controls.296~>148 <~Controls.297~><~Controls.45~> 963F8C
$gus833<~Controls.296~>154 <~Controls.297~><~Controls.45~> FFB4A6
$buondiavolo_B_B_B<~Controls.509~>201<~Controls.510~><~Game.2006~><~Controls.511~><~Controls.46~> null
$buondiavolo_B_B_B<~Controls.509~>164<~Controls.510~><~Game.2007~><~Controls.511~><~Controls.46~> null
$buondiavolo_B_B_B<~Controls.296~>197 <~Controls.297~><~Controls.46~> FD133E
<gus833> fsp ok 1D7431
$buondiavolo_B_B_B<~Controls.372~>104 F29373
$buondiavolo_B_B_B<~Controls.345~>360 101 099 102 100 361 105 103 <~Controls.346~>13 11 10 15 11 10 12 11 null
$buondiavolo_B_B_B<~Controls.350~>360 101 099 102 100 361 105 103 null
$gus833<~Controls.345~>210 211 359 212 213 358 <~Controls.346~>1 3 1 1 4 0 null
$gus833<~HighlightLabel.86~>358<~HighlightLabel.87~><~Game.2042~><~HighlightLabel.88~><~Game.2035~> 9F36F1
$gus833<~Controls.790~>247<~Controls.791~><~Game.532~><~Controls.792~><~Game.533~> F5CB85
$gus833<~Controls.795~>358<~Controls.796~><~Game.2035~><~Controls.797~><~Game.1997~> 088003
$buondiavolo_B_B_B<~Controls.624~>239<~Controls.625~><~Game.2044~><~Controls.626~><~Game.2037~> null
$gus833<~Scribe.141~>247 <~Scribe.142~><~Game.533~><~Scribe.143~><~Game.532~><~Scribe.144~> 3A2F10
$gus833<~Controls.323~>247 A35B08
$gus833<~Scribe.141~>252 <~Scribe.142~><~Game.2019~><~Scribe.143~><~Game.2020~><~Scribe.144~> BEF0D7
$gus833<~Controls.644~>239 <~Controls.645~><~Game.2035~> 532FFE
$buondiavolo_B_B_B<~Controls.276~>099<~Controls.277~><~Game.2043~><~Controls.278~><~Game.2035~> A69BDD
$buondiavolo_B_B_B<~Controls.366~>250<~Controls.367~><~Game.2011~><~Controls.368~><~Game.2041~> B72255
$buondiavolo_B_B_B<~CardBuffet.14~>reveal 201 0FDBD4535604F5F214B76044F52AE54DBD1A42F6 9<~CardBuffet.15~><~Controls.46~><~CardBuffet.16~> 3B126D
$buondiavolo_B_B_B<~Controls.281~>237 <~Controls.282~><~Game.2046~><~Controls.283~><~Game.2044~> 0AB3F8
$buondiavolo_B_B_B<~Controls.644~>099 201 <~Controls.645~><~Game.2035~> E37971
$buondiavolo_B_B_B<~Controls.644~><~Controls.645~><~Game.2035~> A4719A
$buondiavolo_B_B_B<~Controls.644~><~Controls.645~><~Game.2035~> 8486BE
$buondiavolo_B_B_B<~Controls.644~><~Controls.645~><~Game.2035~> C901BC
$buondiavolo_B_B_B<~Controls.644~><~Controls.645~><~Game.2035~> 95CC23
$buondiavolo_B_B_B<~Controls.644~><~Controls.645~><~Game.2035~> 45BE2D
$buondiavolo_B_B_B<~Controls.644~><~Controls.645~><~Game.2035~> 4D3609
$buondiavolo_B_B_B<~Controls.644~><~Controls.645~><~Game.2035~> 97F720
$gus833<~HighlightLabel.86~>359<~HighlightLabel.87~><~Game.2042~><~HighlightLabel.88~><~Game.2035~> 887F58
$buondiavolo_B_B_B<~Controls.509~>208<~Controls.510~><~Game.2006~><~Controls.511~><~Controls.46~> null
$buondiavolo_B_B_B<~Controls.509~>181<~Controls.510~><~Game.2006~><~Controls.511~><~Controls.46~> null
<gus833> you drew 2 D31D0B
<gus833> undo the last one 17667B
$buondiavolo_B_B_B<~Controls.819~> B6D0C3
$gus833<~Controls.323~>247 3D5507
$gus833<~Controls.644~>359 <~Controls.645~><~Game.2035~> 7DFD73
$buondiavolo_B_B_B<~Controls.276~>360<~Controls.277~><~Game.2043~><~Controls.278~><~Game.2035~> 1F5F5B
$buondiavolo_B_B_B<~CardBuffet.14~>reveal 208 DFDB071D752D7F8DDBCBAAB1C388E59CEA08CCC5 2<~CardBuffet.15~><~Controls.46~><~CardBuffet.16~> F44080
$buondiavolo_B_B_B<~Scribe.141~>253 037 038 039 320 <~Scribe.142~><~Game.1970~><~Scribe.143~><~Game.1919~><~Scribe.144~> A05E69
<buondiavolo_B_B_B> isen B0F649
$gus833<~Scribe.141~>259 <~Scribe.142~><~Game.2000~><~Scribe.143~><~Game.2001~><~Scribe.144~> 40F178
$buondiavolo_B_B_B<~Scribe.141~>208 <~Scribe.142~><~Game.2036~><~Scribe.143~><~Game.2034~><~Scribe.144~> ABC9D2
$buondiavolo_B_B_B<~Controls.840~>171 877684
<auto> playchosen 2AE316
<auto><~Controls.866~>reveal 171 803CCC7832CD1CFB8073E8363A58C64FCF396202 18<~Controls.867~><~Controls.46~><~Controls.868~><~Game.2036~> E6A96F
<game> gus833<~Controls.1~> 5 null
<buondiavolo_B_B_B> to 58B45C
$gus833<~Scribe.141~>069 <~Scribe.142~><~Game.1918~><~Scribe.143~><~Game.2036~><~Scribe.144~> 105121
$buondiavolo_B_B_B<~Controls.304~>006 <~Controls.305~><~Game.1919~> CA9C16
$buondiavolo_B_B_B<~Controls.313~>001 <~Controls.307~><~Controls.314~><~Game.1919~> 410DCB
$buondiavolo_B_B_B<~Scribe.141~>253 254 037 038 039 320 040 001 005 004 003 002 <~Scribe.142~><~Game.1919~><~Scribe.143~><~Game.1918~><~Scribe.144~> 831B49
$buondiavolo_B_B_B<~Controls.509~>192<~Controls.510~><~Game.2007~><~Controls.511~><~Controls.46~> null
$buondiavolo_B_B_B<~Controls.644~>360 171 069 <~Controls.645~><~Game.2035~> 07DF21
$gus833<~Scribe.141~>254 <~Scribe.142~><~Game.1918~><~Scribe.143~><~Game.1919~><~Scribe.144~> 4FA7FE
$buondiavolo_B_B_B<~Controls.509~>191<~Controls.510~><~Game.2006~><~Controls.511~><~Controls.46~> null
<gus833> wait CF8FE0
<gus833> no C draw 813DEC
<buondiavolo_B_B_B> one forsaruman 98598C
<gus833> you played it with a C not a P 3C6214
<gus833> so no palantir draw 6323DF
<buondiavolo_B_B_B> sorry 58B145
<gus833> np 3F84D8
$buondiavolo_B_B_B<~Controls.819~> E901B1
$gus833<~Scribe.141~>208 <~Scribe.142~><~Game.2034~><~Scribe.143~><~Game.2036~><~Scribe.144~> F48103
$gus833<~Controls.644~>208 <~Controls.645~><~Game.2035~> F2E762
$gus833<~Controls.644~><~Controls.645~><~Game.2035~> CC4614
$gus833<~HighlightLabel.86~>212<~HighlightLabel.87~><~Game.2042~><~HighlightLabel.88~><~Game.2035~> D1C6B1
$gus833<~Controls.790~>247<~Controls.791~><~Game.532~><~Controls.792~><~Game.533~> 028EC5
$gus833<~Controls.795~>212<~Controls.796~><~Game.2035~><~Controls.797~><~Game.1997~> 6519DD
<buondiavolo_B_B_B> shelob shoulbenice B1EB5B
$buondiavolo_B_B_B<~Controls.624~>234<~Controls.625~><~Game.2044~><~Controls.626~><~Game.2037~> null
<gus833> gg 940501
<buondiavolo_B_B_B> almost 887A9F
<buondiavolo_B_B_B>  thegame BE7805
<buondiavolo_B_B_B>  wherfelloshipneverget revealed 716E0C
<buondiavolo_B_B_B> and 3 A5F3CB
<buondiavolo_B_B_B>  asonly  tile 36256A
<buondiavolo_B_B_B> isnoteasy forshadow B9AD06
<gus833> yes. to be fair you rolled almost no eyes...never more than 1 eye in the pool until mordor I think 990C87
<buondiavolo_B_B_B> yeah E0BC22
<gus833> but you also ended -7 on 6s ED74A0
<buondiavolo_B_B_B> 3BF8BA
<gus833> and I was +10 on hits 7CE71E
<buondiavolo_B_B_B> didyou play this system 594BD5
<buondiavolo_B_B_B>  before? 2A501F
<gus833> so military just not possible 176FE9
<gus833> yes C25B99
<gus833> I think the right balance is less than 3 but more than 1 4936AD
<gus833> maybe 2 or 2.5 C83207
<gus833> but I have not played enough yet to be sure 503B91
<buondiavolo_B_B_B>  i feel the lessof token 604B39
<buondiavolo_B_B_B>  give no the time 9F515C
<buondiavolo_B_B_B> CF67DA
<gus833> yes C59D57
<buondiavolo_B_B_B> if i draw cruel 1D646C
<buondiavolo_B_B_B>  and youwas revealed FC3BB2
<buondiavolo_B_B_B> D228C3
<buondiavolo_B_B_B> sure 8DE982
<buondiavolo_B_B_B> elite B33AA8
<buondiavolo_B_B_B> in da FBD5B9
<buondiavolo_B_B_B> is useful DCC2CA
<buondiavolo_B_B_B>  but D208D3
<buondiavolo_B_B_B> i can 73C482
<buondiavolo_B_B_B> putaneelite 121EA9
<buondiavolo_B_B_B> in umbar C7B17D
<gus833> yes A366E9
<gus833> I would never trade a token for an elite in DA B17B9B
<buondiavolo_B_B_B> hehe CD3855
<buondiavolo_B_B_B> moreinteresting FFC62C
<buondiavolo_B_B_B> arethe BBCECB
<buondiavolo_B_B_B> small F2A3E1
<buondiavolo_B_B_B>  regular 89DBCE
<gus833> yes 97C697
<buondiavolo_B_B_B> and commander 52EFF1
<gus833> do you want to rematch? we can do bidding again 2EDFD9
<buondiavolo_B_B_B> giveme 5minutes C8C6DA
<gus833> sure C7E5AF
<buondiavolo_B_B_B>  soyou can 45D49A
<gus833> message on discord when you are ready 2E502C
<buondiavolo_B_B_B> make 292817
<buondiavolo_B_B_B> report 523577
<gus833> yes 13CF2F
<~Talker.22~> null
