<auto> silent null
<auto><~Scribe.141~>363 397 398 402 401 400 399 403 404 376 375 374 373 377 378 <~Scribe.142~><~Game.2038~><~Scribe.143~>Spare<~Scribe.144~> null
<auto><~Scribe.141~>365 366 379 380 381 382 383 384 385 386 387 388 389 390 391 392 393 394 395 396 367 368 369 370 371 372 <~Scribe.142~><~Game.2040~><~Scribe.143~>Spare<~Scribe.144~> null
<auto><~Scribe.141~>230 231 <~Scribe.142~><~Game.2044~><~Scribe.143~>Spare<~Scribe.144~> null
<auto><~Scribe.141~>155 152 <~Scribe.142~><~Game.2004~><~Scribe.143~>Spare<~Scribe.144~> null
<auto><~Scribe.141~>137 151 <~Scribe.142~><~Game.2005~><~Scribe.143~>Spare<~Scribe.144~> null
<auto><~Scribe.141~>161 198 <~Scribe.142~><~Game.2006~><~Scribe.143~>Spare<~Scribe.144~> null
<auto><~Scribe.141~>163 188 <~Scribe.142~><~Game.2007~><~Scribe.143~>Spare<~Scribe.144~> null
<auto><~Controls.323~>364 null
<auto> noisy null
<auto> silent null
<auto><~Scribe.141~>312 <~Scribe.142~><~Game.2038~><~Scribe.143~><~Game.1965~><~Scribe.144~> null
<auto> noisy null
<~Game.7~>1 null
<auto> silent null
<auto><~Scribe.141~>363 397 398 402 401 400 399 403 404 376 375 374 373 377 378 <~Scribe.142~><~Game.2038~><~Scribe.143~>Spare<~Scribe.144~> null
<auto><~Scribe.141~>365 366 379 380 381 382 383 384 385 386 387 388 389 390 391 392 393 394 395 396 367 368 369 370 371 372 <~Scribe.142~><~Game.2040~><~Scribe.143~>Spare<~Scribe.144~> null
<auto><~Scribe.141~>230 231 <~Scribe.142~><~Game.2044~><~Scribe.143~>Spare<~Scribe.144~> null
<auto><~Scribe.141~>155 152 <~Scribe.142~><~Game.2004~><~Scribe.143~>Spare<~Scribe.144~> null
<auto><~Scribe.141~>137 151 <~Scribe.142~><~Game.2005~><~Scribe.143~>Spare<~Scribe.144~> null
<auto><~Scribe.141~>161 198 <~Scribe.142~><~Game.2006~><~Scribe.143~>Spare<~Scribe.144~> null
<auto><~Scribe.141~>163 188 <~Scribe.142~><~Game.2007~><~Scribe.143~>Spare<~Scribe.144~> null
<auto><~Controls.323~>364 null
<auto> noisy null
$base silent null
$TEST<~Scribe.141~>312 <~Scribe.142~><~Game.2038~><~Scribe.143~><~Game.1965~><~Scribe.144~> null
$base noisy null
<game> gus833<~Controls.408~>[WOTR-Gandalf2 wotr base2] null
<~Talker.31~> null
<gus833> hey again! 
<gus833> roll and bid again? 
<buondiavolo_B_B_B> ciao 
<game> buondiavolo_B_B_B<~Controls.1~> 6 null
<game> gus833<~Controls.1~> 2 null
<buondiavolo_B_B_B> so if i offer 
<buondiavolo_B_B_B> 4 
<buondiavolo_B_B_B> is 4x0,5 
<gus833> ok, is that your first offer? 
<buondiavolo_B_B_B> yes 
<gus833> hmm 
<buondiavolo_B_B_B> pleasegoon 
<gus833> I will offer 5 x .05 
<buondiavolo_B_B_B> i accept ! 
<gus833> glhf! 
<buondiavolo_B_B_B> you too 
<buondiavolo_B_B_B> but less than before ! 
$buondiavolo_B_B_B<~Scribe.141~>276 <~Scribe.142~><~Game.2038~><~Scribe.143~><~Game.1920~><~Scribe.144~> 
$buondiavolo_B_B_B<~Scribe.141~>295 <~Scribe.142~><~Game.2038~><~Scribe.143~><~Game.1918~><~Scribe.144~> 
$buondiavolo_B_B_B<~Scribe.141~>272 <~Scribe.142~><~Game.2038~><~Scribe.143~><~Game.1899~><~Scribe.144~> 
$buondiavolo_B_B_B<~Scribe.141~>308 <~Scribe.142~><~Game.2038~><~Scribe.143~><~Game.1970~><~Scribe.144~> 
<buondiavolo_B_B_B>  5 
<buondiavolo_B_B_B> right? 
$buondiavolo_B_B_B<~Controls.464~>204DB5211C5169187D12347F3CFFDF09DF679233 C367381063A934C634A82222B4FAE8F7 24 C2BA8BA8E4621CE827861850595500D69BE17780 01A09E89476113CF09A69F76A40E67A2 C4FE61624D7A5F73C37B3DF92A61C04D2E5B6496 DAE6E2722DD7AD029FC0B021C6534253 D0B4702D8D350A8B06FAE6D8C02E722FB9AE58AC B3579EF54960240C26A9FD27C258DDE1 018C0CA0787B4CB72B215A5F24791501703BB0FB 81082ADABE9AEDFD7B78CD8D3FC50FA8 7B6B2700164AC40D4B39A62B2094DCD46E483890 8D3A25900B49796F8557782D74E404E2 8F158D3B2B814842A137425B51FFDC1B229FF020 7B532709C5F06088E1C9A08FFEC4DF3E 3115A940D07F097FDF99367060A7B30543F0BC43 88E2A9F2863077BCC17EE499F401E167 9EB30DA3483D9E098D9D17383B8CDEE26CAD6ED2 123637EA2501A22B11CC4EA93889F7DA 69502D9BC260E73F8C0B32F90BC5BF6C4282B1C8 5D45AE4C27567B5EDA37D5B50FF3664A ABB509FB0EECCE49ECD0711579BF42B33307ABC0 93F2347774D176E8EBB3C8FDF43EC38A 7BE45A294652727F235B38ED832BAC509A9AFBAF 0CE97D324D7E02B9B56FACE9A8092BCC 61E729F137A5A27E24E982B68CE08571B9EC70A8 D09B978F7DC7033277648DF48D90A698 E61FCDB7FF76531921534D1339CD3F239199B818 5928CE7CCE1C71829AFF036934162399 D71F3EB010D02857B2DB83AC789B465C8F3B7E23 9C218291BEFBDB0A5D8FBB51347CE709 D316CBE96A01A631BE436A31A336CE030DEEFE7E 4A87720D724FC66EB455F19B3D26D8B7 1DF7F5FC56D9F6D1E601D38DC96D9A83B6281BC4 526D185BEB5BD9536D6517C56C7AAD56 236F78D3AB4E42DBAFE06CD03C55A1AAF74544CF AB1797E177A8C30E95ADE590E092A18E D31F67CB433922ABDADE07D712140FFA14DFB69F 4F8EABF1699DE6AF19D7E5E48CF44EAB BC3C2B7DBD17A7AE6240FFCE43ABAF26EEA7C214 8AED32B60CC9530FAFD82C984E5FC3D6 6760778B824965E0E0147A13167411E4AA58FBB6 74F68E6CD4FF24DBF664BF83410B6710 023233D2F66DE19D50BF9B9524B7AE43A34B3339 BBA3A4A7D6CB39F4DC964C884EE789F8 E30047784B1CB4A0E785F767DEDDCCB36C598753 A5C6A8E979DF17F73F80BC5209AD6D4C 5BF8042D7FC181EE9F6B08FBCA21CA07AF6AAF23 54F0AAA16D7F5300D67EC610BADDBCD4 0E04914D28F255778006202636DD29F72ADC0010 4C2B0F42DC17C018527B9DCBB8FCCB2E 24 7C4D8325BD811BB45A5BBEABF000F2ECE7BF43CD 32492B29E070F83CC076FEEEFD9A0371 2954B8B2461D318F339BF2A18E0C0A6D55647C0C D6C844ED3436D158300AD070F707A739 A61A23D44BBAF0D59B264C74F62177677A1C9716 739878052DC63F799BBC47CF9CBB1456 1A582F238301B9212179783CD4BC9A6B1F306523 3538E601EA7B6AC10153748BC0CDDA4C A856723C4E6B4B689D1CA856080ADBAA46A16DE8 FA000C93CAE836A9D27E5A22AA0ECBAF AA7C9F2625A54E31530882665A9A10A0A4A61158 5C93DA8A1EB1FDB78E8EC3B1E494DF09 2F97A8A81C3FE6AFEA53B2F2D1A2C6CE58C9C655 EFB2E1151F005344AF04B43551D47968 6AAA3A217827B45E2EE36BBDED9ADADDCCEBF06D C611597822C74DEDC6387A8A85929325 625B523D583CFFD96E688CCBE894A8558B6C4458 3CD0EB35093CA721E366A36B504C1A8A DEEBDB0B7C4273DE542BA8E8CDCD6AA2503E3FFD F0B4554CFC4AAF7039D127749CE022C2 337899752710A12ED55A3FF9751BEAC021E5C18D 11614DEC59EFA9D702D8048678942C29 F85B61E4D99F804CFA19BDCB323177EE1E82A5D7 DB042742E8A7F43EA02B86F174C48738 EAACFD9CC0B8581460E33C032D8EA76F45C17752 60584F8C537A92D4047DED942ED765FE 8636CC56683DE1E8DA5DEA5FC296E1985812ABDF 8BDC7619D439B08853503AFE2D455D6E B9192AD644B1DCB939F1F5F6A4296B0691DEBEAD 61A8413F30059A3BC6D5C940EDC9859D F59D81113358B36E4C98B3E96A3336837EAEDE91 8A46D0DCE32FB6F6D1ECA0B93A12FEF1 F11ED3A14B77E1313313ACDDE82D72453488E6C1 1067BA3E9C0AA91287B5B0D5C17BEDE8 7244291D1E900D56851D74056E67C79FA349F03B 65695CF4EB3E08673C548827E3B9299C BECD0ADF130DF748FD546E84F000AE7238B51513 AA02E55438B23B736BCBECABCC73D1FA 86AF23184112AE54CB74A1CBE191F677FB24FA9D 2E84A095F72395F7DA0FFA20C42FAA63 FDBB7FAE48F0684B5539C7CFB917BC4A4D55269B 3486D3AE19FB8640FBBAFE47C41F213E 68B736791C428A920EBCB565671CB9918C9FE79E F8FA4E29C5F675B795FF75F14CA3B364 B8BC774038A716338C91C8A914D40BB879B9B2BE F4ED03D947B6285CA3C499D273927DDA 54452C45559F41E4AD8C18FA40C53F7AF061F2BE 5F737D90484C93027C0A41873FA6F8DA 0 0 90210B
<gus833> yes 
$gus833<~Scribe.141~>297 <~Scribe.142~><~Game.2038~><~Scribe.143~><~Game.1899~><~Scribe.144~> 
$buondiavolo_B_B_B<~Controls.509~>108<~Controls.510~><~Game.2004~><~Controls.511~><~Controls.45~> null
$gus833<~Controls.281~>272 <~Controls.282~><~Game.1899~><~Controls.283~><~Game.2038~> 
$buondiavolo_B_B_B<~Controls.509~>121<~Controls.510~><~Game.2005~><~Controls.511~><~Controls.45~> null
$gus833<~Controls.479~>0B2A6D0FFD3D5CD53427FBACC8158124A19CE219 FFE197738DB19EF902E12522B4A36070 24 D495CE6C81A17428EA5D0E0F07E46D7DC71813C5 8BB6A84376AACC95E85846434C1196BC 298ECE5EA69082DF44B52D62A2C4A0C1AC80007E 72CD90CEBFAD1F25FA2DC492D92C947B CF2DE482BB47A2456B3640693641F74B2F776B01 002B0965261850465996CE9BD0F8DBB2 C691C8016CB43BE6DB140E86D1F6095B176B57FD 33CE490FA9F60F7C95A60CE3173AF23A 11CF384C1E8970E656AAE27A53D1C73776E755BE C63FBDC43B83AC864E225934D7A5FA24 87AAED0BD73C20FF06B9E0F4BB17321BBB53C4C4 6A8DAF31B438FE5F1E33D8969698777C 8214FFA871E95458042935EFE3432BD58699444E 5635DB9208B2B1E7B62977FC84AA650D D7E777952D59E712F6DF1CB22C6EEDF0BE9BFB1F 02C6DA6BBBC8E2E746AD444014B58B52 E0FA036742A186D7378D2C3DA8E35785A7E32BFB 2E36AE6094A6A61B22FD1165CE1D4DBC 036C07E6004CE206BEB2B735104EE916C3C5C471 2839EF1F90BEB891A228B419637AD5D6 3DEF552C6C6C4A5FE2DADD6C4D9EB2D70BF57ECA 4F13407319E149A04961464C01E25184 485564A8FFF92C2F60C65BA7C9D8ECEE3C491F65 D2B2345A77DF2F9328CB3C68E87F5D26 70EC087EA6345EAE12D164E73ACC8F0CC095E429 BD10AEB18772A7EE846F29BE3D3B0CA6 F7917DB4CC4BB03774E48497E70DA15C9062EA40 361E9CC2A958C125B6350B6E1E885755 D80CDF8F2B80EA2EDC5DFAEE2A70FD30E4BA34DE 03C29A17FEDEAEC752061908F6B55E84 355505BA2133E8136DE7F4E7702BBA13E7D4B81E 4EAA22DDD349B1A98B7C7962114F2DCA E39AD56F8DC820E75C6A010C80F92BC551A3F353 ACF64E8C57D0B267D6C979EE725DCFB0 B0CC78992D46EBA65E3E80A354A2F2C30C7471AD 5BFEC4B0941FC7A2CCAFDC1BE4A8A408 B0FE01B3377A57898829C3246BFE223AFE29DFE6 CBB65BBF9C983CC654B4042F4E42614C 4408BD471829029A47E49CCE56886FA6AE23F3D7 5F7EF47002BEC66000F44AD54BF03A77 3FF79D397CCC3765371016A380EA4927E53CF4E7 744FCF338C84DD8AB73606DCFA50A88E 86989E1B5596951AD22DD98641BE246787D201FA A19FC091267BF49C952ADCC011C50F12 BDE3651C320E064F3EDF87BA0C2E1A7EBD822318 406F4FF318FEE70A0EE9308738781102 79ABC57BF947F9AB9064C02EC7AD1DD555103B96 2D4D26C37BE92D75592A27E5941AF94F 24 E328402CFD4C4698D81A8FCC9F9182BD34F6B1E6 CD52AA7AE97E3A770BCBE5A4A11F9929 BCED89B09857BD457339556124185B78B45D4310 525C37AC737261F40188FD1A44969AB7 CF5ECE3AED1FEE8846410A15F2D54610BA432EFB 3C01B151D752865C8314140B20EE69D1 05F6692D1AF98DC81483B229D04B8A5D95615C87 22110CE3F2C06EC7A5EEA7DE283E9AC3 BCC73BAD05F7DD1CD652A4760A54C4C504527907 B1986C68732ABCBBF09512F174E01D41 E47AC613311B35F0EE470775A664DB266A1279FD F5B2B08AD1FBB9D44208250E58774CBE C21FDCDF1A1AF89FE66E8486A64E026FCCBE06D3 D7AA00C47E7D884BF2A81460B3AF9BE3 91EF288B6160FCD14FE78CF946E621498B5F5E35 E63081345CD0FB2B37F62C9C8454712E 35D6AD1EFFA118A6C60A4C0481D10C15D150111E 59A9CC3D70BD09E7C9B01C96C287CABD CFC103F8C5E986015063672BEAD1E5D28B0156DF 54D6A41ED54C182BC859FBB56B34DD47 5709441B3591CFF3594EB3F1383B521A9B1A2F38 6A629E17F2572AC9DD2A8E77DD0D963A 76AE5E47D60FD9E00B0FD15CCF6014F5099A519F 630F9CADEF8A06C49FEC21D865B02694 4DA766F9D2DB249EF8DC444D41A933FA083B9C3C 3E8D07F0648948F7374FC1CD15B7FC67 4A306D9DB7D4BB5D4D198ABF9B69159F09D92830 793D120B532A138745A9E5D4DADAB3B0 5B8E1C02035885209DC298F373021A5DCD2D348A 8F66283258FF152905413ABBCD6E22BE A51B832BD8C7E9518CD7E8F313E3FBAA0136B59D C19B65281E9B0774AD83E8DCC9CDC090 AC13720ACAED0EE295E90432F488119D6C275862 195D8174154BD98E1ACF65803D8DA1EE 3F0A16D1377F6168B4547A9280AB7B89FD8ADCC0 AB3397FF6138009CAAB121314289392B 6C00388DB7546E5EBDEC2C544937984146239712 1DCE9D5A15247B126BC4FD65EF1D9407 5029724CB31E2F27517350719D3CFF880324CC98 6AE194D1A032FB4C74836643EC2181DD 4E6A1585AD3306F17D3310E1C64EDB1EC4964618 E2D1A975877A091393C8766445760F6B 677024C57C3043D6F814D27A2F493FF80DB79234 74680F4D544A6AD728CC05B1803F8015 7E77ABEB8C7A39E82FE37EA4D736A830EAE84F82 2F184550CD599A2550D019EAF11B0CB9 D9BE6EDC6A2E074350AE1CDCB5A5A427271EC38C 06984EFD695A51FD45DA37B14BEB9406 0 0 7DFAA8
$gus833<~Controls.509~>173<~Controls.510~><~Game.2006~><~Controls.511~><~Controls.46~> null
$gus833<~Controls.509~>175<~Controls.510~><~Game.2007~><~Controls.511~><~Controls.46~> null
<gus833> 0e 86D809
$gus833<~Controls.345~>105 104 103 102 101 100 099 <~Controls.346~>10 14 15 11 15 12 13 null
$gus833<~Controls.350~>105 104 103 102 101 100 099 null
<buondiavolo_B_B_B> ok D68FC1
$buondiavolo_B_B_B<~Controls.345~>213 212 211 210 <~Controls.346~>2 0 1 3 null
<buondiavolo_B_B_B> pass DCB12E
$gus833<~HighlightLabel.81~>105<~HighlightLabel.82~><~Game.2043~><~HighlightLabel.83~><~Game.2035~> 2945AF
$gus833<~HighlightLabel.101~>263<~HighlightLabel.102~><~Game.2002~><~HighlightLabel.103~><~Game.2003~> 56A54D
$gus833<~Controls.644~>105 <~Controls.645~><~Game.2035~> 6AE061
$buondiavolo_B_B_B<~HighlightLabel.86~>210<~HighlightLabel.87~><~Game.2042~><~HighlightLabel.88~><~Game.2035~> EA412C
$buondiavolo_B_B_B<~Scribe.141~>256 <~Scribe.142~><~Game.2000~><~Scribe.143~><~Game.2001~><~Scribe.144~> 84D427
$buondiavolo_B_B_B<~Controls.644~>210 <~Controls.645~><~Game.2035~> D772FE
$gus833<~HighlightLabel.81~>104<~HighlightLabel.82~><~Game.2043~><~HighlightLabel.83~><~Game.2035~> 0033AF
$gus833<~Controls.509~>190<~Controls.510~><~Game.2007~><~Controls.511~><~Controls.46~> null
$gus833<~Controls.644~>104 <~Controls.645~><~Game.2035~> 4D8B9F
$buondiavolo_B_B_B<~Controls.271~>211<~Controls.272~><~Game.2042~><~Controls.273~><~Game.2035~> 954C42
$buondiavolo_B_B_B<~Controls.790~>248<~Controls.791~><~Game.2014~><~Controls.792~><~Game.2015~> 849807
$buondiavolo_B_B_B<~Controls.795~>211<~Controls.796~><~Game.2035~><~Controls.797~><~Game.1997~> 19A3F4
<game> gus833<~Controls.1~> 5 4 null
$gus833<~HighlightLabel.81~>100<~HighlightLabel.82~><~Game.2043~><~HighlightLabel.83~><~Game.2035~> D763A2
$gus833<~Scribe.141~>039 036 029 028 027 026 <~Scribe.142~><~Game.1979~><~Scribe.143~><~Game.533~><~Scribe.144~> 6ABDD7
$gus833<~Scribe.141~>055 049 048 047 <~Scribe.142~><~Game.1968~><~Scribe.143~><~Game.1946~><~Scribe.144~> 3A64E6
$gus833<~Controls.644~>100 <~Controls.645~><~Game.2035~> 3B98C9
$buondiavolo_B_B_B<~Controls.271~>213<~Controls.272~><~Game.2042~><~Controls.273~><~Game.2035~> 307A30
$buondiavolo_B_B_B<~Controls.509~>153<~Controls.510~><~Game.2005~><~Controls.511~><~Controls.45~> null
$buondiavolo_B_B_B<~Controls.644~>213 <~Controls.645~><~Game.2035~> 8938BC
$gus833<~HighlightLabel.81~>099<~HighlightLabel.82~><~Game.2043~><~HighlightLabel.83~><~Game.2035~> 3C985E
$gus833<~Scribe.141~>039 036 029 028 027 026 <~Scribe.142~><~Game.533~><~Scribe.143~><~Game.1974~><~Scribe.144~> 2C5360
$gus833<~Controls.644~>099 <~Controls.645~><~Game.2035~> 92CE84
$buondiavolo_B_B_B<~Controls.271~>212<~Controls.272~><~Game.2042~><~Controls.273~><~Game.2035~> FE288C
$buondiavolo_B_B_B<~Controls.790~>248<~Controls.791~><~Game.2015~><~Controls.792~><~Game.2016~> 151CFD
$buondiavolo_B_B_B<~Controls.795~>212<~Controls.796~><~Game.2035~><~Controls.797~><~Game.1997~> CEF97B
<game> gus833<~Controls.1~> 6 5 null
$gus833<~Controls.624~>221<~Controls.625~><~Game.2044~><~Controls.626~><~Game.2037~> null
<buondiavolo_B_B_B> 3noteye ! 8B2477
<gus833> haha bad luck 8ED902
$buondiavolo_B_B_B<~Scribe.141~>247 <~Scribe.142~><~Game.1911~><~Scribe.143~><~Game.1926~><~Scribe.144~> C9D4F0
$buondiavolo_B_B_B<~Controls.323~>247 65F215
$buondiavolo_B_B_B<~Controls.644~>221 <~Controls.645~><~Game.2035~> 629C47
<gus833> killing gandalf? 6F048F
$buondiavolo_B_B_B<~Scribe.141~>240 <~Scribe.142~><~Game.1999~><~Scribe.143~><~Game.2036~><~Scribe.144~> AC5EFF
$buondiavolo_B_B_B<~Scribe.141~>241 <~Scribe.142~><~Game.1998~><~Scribe.143~><~Game.1999~><~Scribe.144~> D61D86
$buondiavolo_B_B_B<~Controls.644~>240 <~Controls.645~><~Game.2035~> 8988FD
$gus833<~Controls.276~>102<~Controls.277~><~Game.2043~><~Controls.278~><~Game.2035~> E0DA32
$gus833<~Scribe.141~>254 <~Scribe.142~><~Game.2040~><~Scribe.143~><~Game.1919~><~Scribe.144~> F535CD
$gus833<~Scribe.141~>362 <~Scribe.142~><~Game.2040~><~Scribe.143~><~Game.2037~><~Scribe.144~> 31501C
$gus833<~Controls.644~>102 362 <~Controls.645~><~Game.2035~> 99BAA9
$gus833<~Controls.757~>103 101 <~Controls.758~><~Game.1997~><~Controls.759~><~Game.2043~> C644BC
$gus833<~Controls.762~>102 362 099 100 104 105 <~Controls.763~><~Game.2041~><~Controls.764~><~Game.2043~> AB03A4
$gus833<~Controls.509~>177<~Controls.510~><~Game.2006~><~Controls.511~><~Controls.46~> null
$gus833<~Controls.509~>195<~Controls.510~><~Game.2007~><~Controls.511~><~Controls.46~> null
$buondiavolo_B_B_B<~Controls.726~>212 211 <~Controls.727~><~Game.1997~><~Controls.728~><~Game.2042~> 677DC3
<~Game.7~>2 null
$buondiavolo_B_B_B<~Controls.731~>213 210 <~Controls.732~><~Game.2039~><~Controls.733~><~Game.2042~> 7D85D9
$buondiavolo_B_B_B<~Controls.509~>127<~Controls.510~><~Game.2004~><~Controls.511~><~Controls.45~> null
$buondiavolo_B_B_B<~Controls.509~>114<~Controls.510~><~Game.2005~><~Controls.511~><~Controls.45~> null
<buondiavolo_B_B_B> fpok 05D4A0
$gus833<~Controls.372~>102 548145
$gus833<~Controls.345~>362 099 100 104 105 103 101 <~Controls.346~>14 15 15 14 12 11 14 null
$gus833<~Controls.350~>362 099 100 104 105 103 101 null
$buondiavolo_B_B_B<~Controls.345~>213 210 212 211 <~Controls.346~>1 2 3 4 null
$buondiavolo_B_B_B<~Controls.271~>212<~Controls.272~><~Game.2042~><~Controls.273~><~Game.2035~> 089534
$buondiavolo_B_B_B<~Controls.819~> D82EE2
$buondiavolo_B_B_B<~Controls.271~>210<~Controls.272~><~Game.2042~><~Controls.273~><~Game.2035~> 1AAF4E
$buondiavolo_B_B_B<~Controls.323~> 80982C
$buondiavolo_B_B_B<~Controls.323~>247 AF8B5E
$buondiavolo_B_B_B<~Controls.644~>210 <~Controls.645~><~Game.2035~> B923BA
$gus833<~HighlightLabel.81~>362<~HighlightLabel.82~><~Game.2043~><~HighlightLabel.83~><~Game.2035~> 8A8030
$gus833<~Controls.509~>179<~Controls.510~><~Game.2006~><~Controls.511~><~Controls.46~> null
$gus833<~Controls.644~>362 <~Controls.645~><~Game.2035~> 7F1D4F
$buondiavolo_B_B_B<~Controls.271~>213<~Controls.272~><~Game.2042~><~Controls.273~><~Game.2035~> 88367D
$buondiavolo_B_B_B<~Controls.790~>248<~Controls.791~><~Game.2014~><~Controls.792~><~Game.2015~> DC6261
$buondiavolo_B_B_B<~Controls.795~>213<~Controls.796~><~Game.2035~><~Controls.797~><~Game.1997~> 71334F
<game> gus833<~Controls.1~> 3 2 3 null
$gus833<~HighlightLabel.81~>101<~HighlightLabel.82~><~Game.2043~><~HighlightLabel.83~><~Game.2035~> F5BDE3
$gus833<~Scribe.141~>reveal 179 058BAA5E3B4D4196F2BDF7F0DBBD9CAE107A975D 19 <~Scribe.142~><~Controls.46~><~Scribe.143~><~Game.2029~><~Scribe.144~> 14D7E9
$gus833<~Controls.644~>101 <~Controls.645~><~Game.2035~> 8BCBCE
<buondiavolo_B_B_B> pass E77BDF
$gus833<~HighlightLabel.81~>105<~HighlightLabel.82~><~Game.2043~><~HighlightLabel.83~><~Game.2035~> D99379
$gus833<~Scribe.141~>039 038 036 029 028 027 026 025 024 023 022 021 <~Scribe.142~><~Game.1974~><~Scribe.143~><~Game.1976~><~Scribe.144~> C18857
$gus833<~Scribe.141~>055 057 049 048 047 045 044 <~Scribe.142~><~Game.1946~><~Scribe.143~><~Game.1932~><~Scribe.144~> 29ED76
$gus833<~Controls.644~>105 <~Controls.645~><~Game.2035~> 5CDF66
$buondiavolo_B_B_B<~Controls.271~>212<~Controls.272~><~Game.2042~><~Controls.273~><~Game.2035~> 862100
$buondiavolo_B_B_B<~Scribe.141~>256 <~Scribe.142~><~Game.2001~><~Scribe.143~><~Game.2002~><~Scribe.144~> 9F5B98
$buondiavolo_B_B_B<~Controls.644~>212 <~Controls.645~><~Game.2035~> 50D25C
$gus833<~HighlightLabel.81~>103<~HighlightLabel.82~><~Game.2043~><~HighlightLabel.83~><~Game.2035~> ACF97C
$gus833<~Scribe.141~>039 038 036 029 028 027 026 025 024 023 022 021 <~Scribe.142~><~Game.1976~><~Scribe.143~><~Game.1972~><~Scribe.144~> D947DE
$gus833<~Scribe.141~>001 <~Scribe.142~><~Game.1910~><~Scribe.143~><~Game.1917~><~Scribe.144~> 187E05
$gus833<~Controls.644~>103 <~Controls.645~><~Game.2035~> B7E7FC
$buondiavolo_B_B_B<~Controls.271~>211<~Controls.272~><~Game.2042~><~Controls.273~><~Game.2035~> 77D900
$buondiavolo_B_B_B<~Scribe.141~>256 <~Scribe.142~><~Game.2002~><~Scribe.143~><~Game.2003~><~Scribe.144~> 2967BE
$buondiavolo_B_B_B<~Controls.644~>211 <~Controls.645~><~Game.2035~> E2D820
$gus833<~Controls.276~>104<~Controls.277~><~Game.2043~><~Controls.278~><~Game.2035~> 3BBDE7
$gus833<~CardBuffet.14~>reveal 190 F48634731B5188F5DFFAC1E42980283FCD1DACE8 9<~CardBuffet.15~><~Controls.46~><~CardBuffet.16~> 0BDBB4
$gus833<~Scribe.141~>040 035 015 014 013 012 011 <~Scribe.142~><~Game.1956~><~Scribe.143~><~Game.1949~><~Scribe.144~> 59BBCA
$gus833<~Scribe.141~>040 035 015 014 013 012 011 <~Scribe.142~><~Game.1949~><~Scribe.143~><~Game.1927~><~Scribe.144~> E58E36
$gus833<~Scribe.141~>040 035 015 014 013 012 011 <~Scribe.142~><~Game.1927~><~Scribe.143~><~Game.1917~><~Scribe.144~> 8CA6BD
$gus833<~Controls.644~>104 190 <~Controls.645~><~Game.2035~> 8EB6A4
$gus833<~Controls.757~>099 100 102 <~Controls.758~><~Game.1997~><~Controls.759~><~Game.2043~> 8E64CA
$gus833<~Controls.762~>104 103 105 101 362 <~Controls.763~><~Game.2041~><~Controls.764~><~Game.2043~> FD9A40
$gus833<~Controls.509~>182<~Controls.510~><~Game.2006~><~Controls.511~><~Controls.46~> null
$gus833<~Controls.509~>183<~Controls.510~><~Game.2007~><~Controls.511~><~Controls.46~> null
$buondiavolo_B_B_B<~Controls.726~>213 <~Controls.727~><~Game.1997~><~Controls.728~><~Game.2042~> 1432F5
<~Game.7~>3 null
$buondiavolo_B_B_B<~Controls.731~>211 212 210 <~Controls.732~><~Game.2039~><~Controls.733~><~Game.2042~> 3E1BB6
$buondiavolo_B_B_B<~Controls.509~>107<~Controls.510~><~Game.2004~><~Controls.511~><~Controls.45~> null
$buondiavolo_B_B_B<~Controls.509~>113<~Controls.510~><~Game.2005~><~Controls.511~><~Controls.45~> null
$buondiavolo_B_B_B<~Controls.296~>121 <~Controls.297~><~Controls.45~> A34E30
$buondiavolo_B_B_B<~Scribe.141~>247 <~Scribe.142~><~Game.1926~><~Scribe.143~><~Game.1936~><~Scribe.144~> 6D2D95
$buondiavolo_B_B_B<~Controls.323~>247 007CC1
$buondiavolo_B_B_B<~Controls.323~>247 AC6327
<buondiavolo_B_B_B> fp ok 5A13FA
$gus833<~Controls.372~>104 6CE3CE
$gus833<~Controls.345~>103 105 101 362 099 100 102 <~Controls.346~>10 14 14 14 14 15 13 null
$gus833<~Controls.350~>103 105 101 362 099 100 102 null
<gus833> wow 1C1386
$buondiavolo_B_B_B<~Controls.345~>211 212 210 213 <~Controls.346~>3 0 1 2 null
$buondiavolo_B_B_B<~Controls.271~>210<~Controls.272~><~Game.2042~><~Controls.273~><~Game.2035~> 0FABDB
$buondiavolo_B_B_B<~Controls.790~>248<~Controls.791~><~Game.2014~><~Controls.792~><~Game.2015~> F38589
$buondiavolo_B_B_B<~Controls.795~>210<~Controls.796~><~Game.2035~><~Controls.797~><~Game.1997~> A50349
$gus833<~Scribe.141~>179 <~Scribe.142~><~Game.2029~><~Scribe.143~><~Game.2036~><~Scribe.144~> 375463
<game> gus833<~Controls.1~> 3 2 null
$gus833<~Controls.644~>179 <~Controls.645~><~Game.2035~> 70D79E
$gus833<~HighlightLabel.81~>103<~HighlightLabel.82~><~Game.2043~><~HighlightLabel.83~><~Game.2035~> 0EBDD6
$gus833<~Scribe.141~>262 <~Scribe.142~><~Game.2002~><~Scribe.143~><~Game.2003~><~Scribe.144~> CD7115
$gus833<~Controls.644~>103 <~Controls.645~><~Game.2035~> 15F287
$buondiavolo_B_B_B<~Controls.271~>212<~Controls.272~><~Game.2042~><~Controls.273~><~Game.2035~> B76372
$buondiavolo_B_B_B<~Scribe.141~>359 <~Scribe.142~><~Game.2038~><~Scribe.143~><~Game.2036~><~Scribe.144~> B393D5
$buondiavolo_B_B_B<~Scribe.141~>240 <~Scribe.142~><~Game.2039~><~Scribe.143~><~Game.1921~><~Scribe.144~> 549D4A
$buondiavolo_B_B_B<~Controls.323~>240 8F8472
$buondiavolo_B_B_B<~Controls.644~>212 359 <~Controls.645~><~Game.2035~> 04506E
<buondiavolo_B_B_B> 25B4F1
$gus833<~HighlightLabel.81~>105<~HighlightLabel.82~><~Game.2043~><~HighlightLabel.83~><~Game.2035~> 1BB906
$gus833<~CardBuffet.14~>reveal 182 7CC62E5870A7E7A062E8534B9EA6A16EC736E7A1 22<~CardBuffet.15~><~Controls.46~><~CardBuffet.16~> 9F9799
<game> gus833<~Controls.1~> 1 1 4 null
$gus833<~Scribe.141~>252 <~Scribe.142~><~Game.2014~><~Scribe.143~><~Game.2015~><~Scribe.144~> D11204
$gus833<~Controls.644~>105 182 <~Controls.645~><~Game.2035~> 4F47B1
<buondiavolo_B_B_B> pass E01FB2
$gus833<~HighlightLabel.81~>362<~HighlightLabel.82~><~Game.2043~><~HighlightLabel.83~><~Game.2035~> 6E9555
$gus833<~Controls.509~>204<~Controls.510~><~Game.2006~><~Controls.511~><~Controls.46~> null
$gus833<~Controls.644~>362 <~Controls.645~><~Game.2035~> 5E151C
<buondiavolo_B_B_B> pass 709E6A
$gus833<~HighlightLabel.81~>101<~HighlightLabel.82~><~Game.2043~><~HighlightLabel.83~><~Game.2035~> 2CCACB
$gus833<~CardBuffet.14~>reveal 195 2DF1BACF6685BE290BECAF3FFD951CFB38713B26 17<~CardBuffet.15~><~Controls.46~><~CardBuffet.16~> 1AE2E6
$gus833<~Scribe.141~>336 341 342 340 <~Scribe.142~><~Game.2040~><~Scribe.143~><~Game.1898~><~Scribe.144~> 1ABB46
$gus833<~Scribe.141~>336 341 340 <~Scribe.142~><~Game.1898~><~Scribe.143~><~Game.1901~><~Scribe.144~> F25760
$gus833<~Scribe.141~>336 340 <~Scribe.142~><~Game.1901~><~Scribe.143~><~Game.1904~><~Scribe.144~> 5A1401
$gus833<~Scribe.141~>336 <~Scribe.142~><~Game.1904~><~Scribe.143~><~Game.1908~><~Scribe.144~> 7D36FE
$gus833<~Controls.644~>101 195 <~Controls.645~><~Game.2035~> 27953D
$buondiavolo_B_B_B<~Controls.271~>211<~Controls.272~><~Game.2042~><~Controls.273~><~Game.2035~> 755D07
$buondiavolo_B_B_B<~Scribe.141~>267 <~Scribe.142~><~Game.2038~><~Scribe.143~><~Game.1911~><~Scribe.144~> E51C93
$buondiavolo_B_B_B<~Controls.644~>211 <~Controls.645~><~Game.2035~> 7BBA82
$gus833<~HighlightLabel.81~>099<~HighlightLabel.82~><~Game.2043~><~HighlightLabel.83~><~Game.2035~> 5EFDFE
$gus833<~CardBuffet.14~>reveal 183 5D8A6B31E0CC93FA8E5F6557494055D0AEBECD39 13<~CardBuffet.15~><~Controls.46~><~CardBuffet.16~> C58317
$gus833<~Scribe.141~>338 337 <~Scribe.142~><~Game.2040~><~Scribe.143~><~Game.1922~><~Scribe.144~> 1524CA
$gus833<~Scribe.141~>343 339 <~Scribe.142~><~Game.2040~><~Scribe.143~><~Game.1956~><~Scribe.144~> 9642A1
$gus833<~Scribe.141~>344 <~Scribe.142~><~Game.2040~><~Scribe.143~><~Game.1917~><~Scribe.144~> 65A354
$gus833<~Controls.644~>099 183 <~Controls.645~><~Game.2035~> 8D5EE4
$buondiavolo_B_B_B<~Controls.271~>213<~Controls.272~><~Game.2042~><~Controls.273~><~Game.2035~> 9E491E
$buondiavolo_B_B_B<~CardBuffet.9~>reveal 108 D5DC7264EED4C663570ECAA97B591696F2490038 3<~CardBuffet.10~><~Controls.45~><~CardBuffet.11~> 6DEF8E
$buondiavolo_B_B_B<~Scribe.141~>243 <~Scribe.142~><~Game.1998~><~Scribe.143~><~Game.1954~><~Scribe.144~> BF65DD
$buondiavolo_B_B_B<~Scribe.141~>257 258 <~Scribe.142~><~Game.2000~><~Scribe.143~><~Game.2001~><~Scribe.144~> 54F4E6
$buondiavolo_B_B_B<~Controls.323~>257 258 DB0348
$buondiavolo_B_B_B<~Controls.644~>213 108 <~Controls.645~><~Game.2035~> BD3C9B
$gus833<~Controls.276~>102<~Controls.277~><~Game.2043~><~Controls.278~><~Game.2035~> 85A9AE
$gus833<~Scribe.141~>040 035 001 344 015 014 013 012 011 008 007 <~Scribe.142~><~Game.1917~><~Scribe.143~><~Game.1927~><~Scribe.144~> A36294
$gus833<~Controls.644~>102 <~Controls.645~><~Game.2035~> 26070A
$gus833<~Controls.757~>100 104 <~Controls.758~><~Game.1997~><~Controls.759~><~Game.2043~> 883A8C
$gus833<~Controls.762~>102 099 101 362 105 103 <~Controls.763~><~Game.2041~><~Controls.764~><~Game.2043~> 4D2AAF
$gus833<~Controls.509~>194<~Controls.510~><~Game.2006~><~Controls.511~><~Controls.46~> null
$gus833<~Controls.509~>176<~Controls.510~><~Game.2007~><~Controls.511~><~Controls.46~> null
$buondiavolo_B_B_B<~Controls.726~>210 <~Controls.727~><~Game.1997~><~Controls.728~><~Game.2042~> 55AC99
<~Game.7~>4 null
$buondiavolo_B_B_B<~Controls.731~>213 211 212 359 <~Controls.732~><~Game.2039~><~Controls.733~><~Game.2042~> 90061F
$buondiavolo_B_B_B<~Controls.509~>128<~Controls.510~><~Game.2004~><~Controls.511~><~Controls.45~> null
$buondiavolo_B_B_B<~Controls.509~>147<~Controls.510~><~Game.2005~><~Controls.511~><~Controls.45~> null
$buondiavolo_B_B_B<~Controls.296~>128 <~Controls.297~><~Controls.45~> A7AA7E
<buondiavolo_B_B_B> fp ok 41F0C8
$gus833<~Controls.372~>102 4285EF
$gus833<~Controls.345~>099 101 362 105 103 100 104 <~Controls.346~>12 12 15 11 15 12 14 null
$gus833<~Controls.350~>099 101 362 105 103 100 104 null
$buondiavolo_B_B_B<~Scribe.141~>247 <~Scribe.142~><~Game.1936~><~Scribe.143~><~Game.1940~><~Scribe.144~> F2142A
$buondiavolo_B_B_B<~Controls.323~>247 4FFD1C
$buondiavolo_B_B_B<~Controls.323~>247 161F94
<buondiavolo_B_B_B> declare F66D10
<gus833> ok AA6116
$buondiavolo_B_B_B<~Controls.345~>213 211 212 359 210 <~Controls.346~>0 3 1 0 1 null
$buondiavolo_B_B_B<~Controls.271~>211<~Controls.272~><~Game.2042~><~Controls.273~><~Game.2035~> 31D236
$buondiavolo_B_B_B<~Scribe.141~>266 <~Scribe.142~><~Game.2038~><~Scribe.143~><~Game.1928~><~Scribe.144~> 8D27A1
$buondiavolo_B_B_B<~Controls.644~>211 <~Controls.645~><~Game.2035~> EE7ABE
$gus833<~HighlightLabel.81~>101<~HighlightLabel.82~><~Game.2043~><~HighlightLabel.83~><~Game.2035~> 3BE180
<gus833> lorien 1D851A
$buondiavolo_B_B_B<~Scribe.141~>097 266 093 092 087 <~Scribe.142~><~Game.1928~><~Scribe.143~><~Game.1992~><~Scribe.144~> B0697D
$gus833<~Scribe.141~>040 035 001 344 015 014 013 012 011 008 007 <~Scribe.142~><~Game.1927~><~Scribe.143~><~Game.1928~><~Scribe.144~> 264BF1
$gus833<~Controls.644~>101 <~Controls.645~><~Game.2035~> A1ACF1
$buondiavolo_B_B_B<~Controls.271~>213<~Controls.272~><~Game.2042~><~Controls.273~><~Game.2035~> 1D3663
$buondiavolo_B_B_B<~CardBuffet.9~>reveal 114 A0D34429267D36D599F0A58DC223C9C99B7A999C 21<~CardBuffet.10~><~Controls.45~><~CardBuffet.11~> F433DF
$buondiavolo_B_B_B<~Scribe.141~>265 <~Scribe.142~><~Game.2038~><~Scribe.143~><~Game.1992~><~Scribe.144~> 3DF46B
$buondiavolo_B_B_B<~Controls.509~>145<~Controls.510~><~Game.2005~><~Controls.511~><~Controls.45~> null
$buondiavolo_B_B_B<~Controls.644~>213 114 <~Controls.645~><~Game.2035~> 78342B
$gus833<~HighlightLabel.81~>105<~HighlightLabel.82~><~Game.2043~><~HighlightLabel.83~><~Game.2035~> E956F8
$gus833<~Scribe.141~>253 <~Scribe.142~><~Game.2040~><~Scribe.143~><~Game.1928~><~Scribe.144~> 9D678B
$gus833<~Scribe.141~>361 <~Scribe.142~><~Game.2040~><~Scribe.143~><~Game.2037~><~Scribe.144~> D89574
$gus833<~Controls.644~>105 361 <~Controls.645~><~Game.2035~> D031A5
$gus833<~Controls.323~>259 8AB77C
$gus833<~Controls.323~>260 1CEA34
$buondiavolo_B_B_B<~Controls.271~>210<~Controls.272~><~Game.2042~><~Controls.273~><~Game.2035~> B25324
$buondiavolo_B_B_B<~Controls.790~>248<~Controls.791~><~Game.2014~><~Controls.792~><~Game.2015~> F45887
$buondiavolo_B_B_B<~Controls.795~>210<~Controls.796~><~Game.2035~><~Controls.797~><~Game.1997~> 9450F2
<game> gus833<~Controls.1~> 3 5 1 null
$gus833<~HighlightLabel.81~>100<~HighlightLabel.82~><~Game.2043~><~HighlightLabel.83~><~Game.2035~> 00AAF1
<gus833> lorien F7006E
$gus833<~Controls.840~>173 1B1FF1
$buondiavolo_B_B_B<~Controls.840~>153 ED17FC
<auto> playchosen 343DF3
<auto><~Controls.3~>reveal 153 4765B46E11BC92A668A2DC4ED22F3993DDADFD37 13<~Controls.884~><~Controls.45~><~Controls.885~><~Game.2037~> 8D3F9A
<auto><~Controls.866~>reveal 173 727F445EC3ED205D8B596D4A9583D552A609C783 1<~Controls.867~><~Controls.46~><~Controls.868~><~Game.2036~> F126AB
<auto> playchosen 883D47
<game> gus833<~Controls.1~> 1 6 1 1 4 null
<game> gus833<~Controls.1~> 1 2 1 null
<gus833> 1 99FE05
<game> buondiavolo_B_B_B<~Controls.1~> 1 4 3 4 4 null
<buondiavolo_B_B_B> nort your elves ! A27B63
<gus833> hahah B41036
$buondiavolo_B_B_B<~Controls.304~>265 <~Controls.305~><~Game.1992~> F69F70
$buondiavolo_B_B_B<~Controls.313~>269 <~Controls.307~><~Controls.314~><~Game.1992~> DB952F
<gus833> stop 0410B2
$gus833<~Controls.509~>181<~Controls.510~><~Game.2006~><~Controls.511~><~Controls.46~> null
$gus833<~Controls.644~>100 173 153 <~Controls.645~><~Game.2035~> 9B7975
$buondiavolo_B_B_B<~Controls.271~>359<~Controls.272~><~Game.2042~><~Controls.273~><~Game.2035~> B60D70
$buondiavolo_B_B_B<~CardBuffet.9~>reveal 107 A3725178F64636741FB2C17594F6BF16EF925E36 9<~CardBuffet.10~><~Controls.45~><~CardBuffet.11~> DE3091
$buondiavolo_B_B_B<~Scribe.141~>232 <~Scribe.142~><~Game.2046~><~Scribe.143~><~Game.2037~><~Scribe.144~> 2F5CF0
$buondiavolo_B_B_B<~Controls.644~>359 107 232 <~Controls.645~><~Game.2035~> 1E5D01
$gus833<~HighlightLabel.81~>099<~HighlightLabel.82~><~Game.2043~><~HighlightLabel.83~><~Game.2035~> F5B513
<gus833> lorien 10DF6C
$gus833<~Controls.840~>176 70B0BE
$buondiavolo_B_B_B<~Controls.840~>113 A6E504
<auto> playchosen 77DDEA
<auto><~Controls.3~>reveal 113 9B49421565126ED5AD5482A9543E04B6B85D448C 8<~Controls.884~><~Controls.45~><~Controls.885~><~Game.2037~> 77777B
<auto><~Controls.866~>reveal 176 1DA2482B97D745F5F086D384AD65122E1FA9C60A 16<~Controls.867~><~Controls.46~><~Controls.868~><~Game.2036~> 6A248F
<auto> playchosen DA9AE6
<game> gus833<~Controls.1~> 3 1 1 null
<game> gus833<~Controls.1~> 1 6 5 null
<gus833> 2 85AF1A
<game> buondiavolo_B_B_B<~Controls.1~> 5 4 2 3 2 null
<game> buondiavolo_B_B_B<~Controls.1~> 1 null
<buondiavolo_B_B_B> 2 908425
$gus833<~Scribe.141~>008 007 <~Scribe.142~><~Game.1928~><~Scribe.143~><~Game.2036~><~Scribe.144~> F265B6
$buondiavolo_B_B_B<~Scribe.141~>266 <~Scribe.142~><~Game.1992~><~Scribe.143~><~Game.2037~><~Scribe.144~> B1EFBA
<gus833> stop B75150
$gus833<~Controls.509~>196<~Controls.510~><~Game.2007~><~Controls.511~><~Controls.46~> null
$gus833<~Controls.644~>099 176 008 007 113 266 <~Controls.645~><~Game.2035~> 72A569
$buondiavolo_B_B_B<~Controls.271~>212<~Controls.272~><~Game.2042~><~Controls.273~><~Game.2035~> 5B125E
$buondiavolo_B_B_B<~Controls.790~>248<~Controls.791~><~Game.2015~><~Controls.792~><~Game.2016~> 5B19C3
$buondiavolo_B_B_B<~Controls.795~>212<~Controls.796~><~Game.2035~><~Controls.797~><~Game.1997~> E1F826
<game> gus833<~Controls.1~> 6 2 1 null
$gus833<~Controls.624~>214<~Controls.625~><~Game.2044~><~Controls.626~><~Game.2037~> null
$buondiavolo_B_B_B<~Scribe.141~>247 <~Scribe.142~><~Game.1940~><~Scribe.143~><~Game.1957~><~Scribe.144~> DF3FE0
$buondiavolo_B_B_B<~Controls.323~>247 E26112
$buondiavolo_B_B_B<~Controls.644~>214 <~Controls.645~><~Game.2035~> A7EE89
$gus833<~Controls.276~>104<~Controls.277~><~Game.2043~><~Controls.278~><~Game.2035~> 7E6DA4
$gus833<~CardBuffet.14~>reveal 177 A38554EC363EB5FCFCEFCF46292542732EC40242 13<~CardBuffet.15~><~Controls.46~><~CardBuffet.16~> A18566
$gus833<~Scribe.141~>252 <~Scribe.142~><~Game.2015~><~Scribe.143~><~Game.2017~><~Scribe.144~> 996C5F
$gus833<~Controls.644~>104 177 <~Controls.645~><~Game.2035~> 222B16
$gus833<~Controls.757~>362 103 102 <~Controls.758~><~Game.1997~><~Controls.759~><~Game.2043~> 2EA41F
$gus833<~Controls.762~>104 099 100 105 361 101 <~Controls.763~><~Game.2041~><~Controls.764~><~Game.2043~> 4D1126
$gus833<~Controls.509~>209<~Controls.510~><~Game.2006~><~Controls.511~><~Controls.46~> null
$gus833<~Controls.509~>207<~Controls.510~><~Game.2007~><~Controls.511~><~Controls.46~> null
$buondiavolo_B_B_B<~Controls.726~>212 210 <~Controls.727~><~Game.1997~><~Controls.728~><~Game.2042~> 09F7FC
<~Game.7~>5 null
$buondiavolo_B_B_B<~Controls.731~>359 213 211 <~Controls.732~><~Game.2039~><~Controls.733~><~Game.2042~> 7765A4
$gus833<~Controls.296~>196 <~Controls.297~><~Controls.46~> B55872
$buondiavolo_B_B_B<~Controls.509~>132<~Controls.510~><~Game.2004~><~Controls.511~><~Controls.45~> null
$buondiavolo_B_B_B<~Controls.509~>119<~Controls.510~><~Game.2005~><~Controls.511~><~Controls.45~> null
<buondiavolo_B_B_B> fpok 48CC02
$gus833<~Controls.372~>104 4F49A3
$gus833<~Controls.345~>099 100 105 361 101 362 103 102 <~Controls.346~>14 12 15 14 12 14 13 10 null
$gus833<~Controls.350~>099 100 105 361 101 362 103 102 null
$buondiavolo_B_B_B<~Controls.345~>359 213 211 212 210 <~Controls.346~>1 1 1 2 1 null
$buondiavolo_B_B_B<~Controls.271~>359<~Controls.272~><~Game.2042~><~Controls.273~><~Game.2035~> 97431A
$buondiavolo_B_B_B<~Controls.323~>247 5A7940
$buondiavolo_B_B_B<~Controls.644~>359 <~Controls.645~><~Game.2035~> CB8254
$gus833<~HighlightLabel.81~>099<~HighlightLabel.82~><~Game.2043~><~HighlightLabel.83~><~Game.2035~> 2DF712
$gus833<~Scribe.141~>reveal 209 F005B2C3081D1DACADFCE301908DAF1E2D86C2C4 0 <~Scribe.142~><~Controls.46~><~Scribe.143~><~Game.2029~><~Scribe.144~> 71E535
$gus833<~Controls.644~>099 <~Controls.645~><~Game.2035~> AAB607
$buondiavolo_B_B_B<~Controls.271~>210<~Controls.272~><~Game.2042~><~Controls.273~><~Game.2035~> 811EF4
$buondiavolo_B_B_B<~Controls.790~>248<~Controls.791~><~Game.2014~><~Controls.792~><~Game.2015~> BAE7C8
$buondiavolo_B_B_B<~Controls.795~>210<~Controls.796~><~Game.2035~><~Controls.797~><~Game.1997~> 6C76C5
<game> gus833<~Controls.1~> 2 6 null
$gus833<~Controls.624~>227<~Controls.625~><~Game.2044~><~Controls.626~><~Game.2037~> null
<buondiavolo_B_B_B> random CDA034
$gus833<~Controls.637~>246<~Controls.638~><~Game.1998~><~Controls.639~><~Game.2036~> null
<gus833> wwsat 6B2AD0
$gus833<~Controls.452~>132<~Controls.453~><~Controls.45~><~Controls.454~><~Game.2039~> null
$buondiavolo_B_B_B<~Scribe.141~>252 <~Scribe.142~><~Game.2017~><~Scribe.143~><~Game.2019~><~Scribe.144~> 9A53A3
$buondiavolo_B_B_B<~Scribe.141~>246 <~Scribe.142~><~Game.2036~><~Scribe.143~><~Game.1965~><~Scribe.144~> 511996
$buondiavolo_B_B_B<~Controls.644~>227 <~Controls.645~><~Game.2035~> 082C12
$gus833<~HighlightLabel.81~>361<~HighlightLabel.82~><~Game.2043~><~HighlightLabel.83~><~Game.2035~> E6D86F
$gus833<~CardBuffet.14~>reveal 194 2BAA1539FE8B41FC14C752C117C7FF12CE5B7511 18<~CardBuffet.15~><~Controls.46~><~CardBuffet.16~> FC7A3F
$gus833<~Controls.624~>216<~Controls.625~><~Game.2044~><~Controls.626~><~Game.2037~> null
$gus833<~Controls.637~>242<~Controls.638~><~Game.1998~><~Controls.639~><~Game.2037~> null
<gus833> wwsat BD10A0
$gus833<~Controls.452~>127<~Controls.453~><~Controls.45~><~Controls.454~><~Game.2039~> null
<buondiavolo_B_B_B> also for this card? F035D7
<gus833> yes BC4E34
<gus833> it is a hunt E28DDE
<buondiavolo_B_B_B> i always confused BFA0D3
<buondiavolo_B_B_B> which oneis not E4BB97
<gus833> lure of the ring and breaking do not trigger it 3D600F
<gus833> because those are not hunt casualties CC649D
<buondiavolo_B_B_B> thanks 05D4A0
<gus833> reveal 47E1CC
$buondiavolo_B_B_B<~Controls.323~>247 4C2199
<gus833> moving one space? 464B46
$buondiavolo_B_B_B<~Scribe.141~>247 <~Scribe.142~><~Game.1957~><~Scribe.143~><~Game.1966~><~Scribe.144~> 8A7000
$gus833<~Controls.644~>361 194 216 242 <~Controls.645~><~Game.2035~> D0F54D
$buondiavolo_B_B_B<~Controls.271~>213<~Controls.272~><~Game.2042~><~Controls.273~><~Game.2035~> 30F73F
$buondiavolo_B_B_B<~Controls.323~>247 89CC83
$buondiavolo_B_B_B<~Controls.644~>213 <~Controls.645~><~Game.2035~> AC5A5E
$gus833<~HighlightLabel.81~>100<~HighlightLabel.82~><~Game.2043~><~HighlightLabel.83~><~Game.2035~> 1F906B
$gus833<~Scribe.141~>338 337 010 009 <~Scribe.142~><~Game.1922~><~Scribe.143~><~Game.1903~><~Scribe.144~> 7469A2
$gus833<~Scribe.141~>039 038 036 029 028 027 026 025 024 023 022 021 <~Scribe.142~><~Game.1972~><~Scribe.143~><~Game.1975~><~Scribe.144~> 9A32E7
$gus833<~Controls.644~>100 <~Controls.645~><~Game.2035~> 419C56
$buondiavolo_B_B_B<~Controls.271~>211<~Controls.272~><~Game.2042~><~Controls.273~><~Game.2035~> 87A0B7
$buondiavolo_B_B_B<~Controls.790~>248<~Controls.791~><~Game.2014~><~Controls.792~><~Game.2015~> 291AFE
$buondiavolo_B_B_B<~Controls.795~>211<~Controls.796~><~Game.2035~><~Controls.797~><~Game.1997~> 65E1B5
<game> gus833<~Controls.1~> 5 4 null
$gus833<~Controls.624~>215<~Controls.625~><~Game.2044~><~Controls.626~><~Game.2037~> null
$buondiavolo_B_B_B<~Scribe.141~>247 <~Scribe.142~><~Game.1966~><~Scribe.143~><~Game.1975~><~Scribe.144~> BF3F89
$buondiavolo_B_B_B<~Controls.323~>247 A6FFCD
<buondiavolo_B_B_B>  so you have to stop there ! D56108
<gus833> haha yes FA4CAA
<buondiavolo_B_B_B> your army ! 1CAE43
$buondiavolo_B_B_B<~Controls.644~>215 <~Controls.645~><~Game.2035~> 12FD84
$gus833<~HighlightLabel.81~>362<~HighlightLabel.82~><~Game.2043~><~HighlightLabel.83~><~Game.2035~> 80A70D
$gus833<~CardBuffet.14~>reveal 204 E152B7F2FB4341B6CC2904D575A1B0439DB7D3CF 14<~CardBuffet.15~><~Controls.46~><~CardBuffet.16~> 5F57FD
$gus833<~Controls.637~>244<~Controls.638~><~Game.1998~><~Controls.639~><~Game.2037~> null
<buondiavolo_B_B_B> you luccky with card AFD848
<buondiavolo_B_B_B>  noeyes ! C95879
<gus833> yes! good thing I am rolling all of those Ps haha 519BBC
<gus833> kill him I assume? 1851F9
<buondiavolo_B_B_B> kill 20367D
$gus833<~Controls.644~>362 204 244 <~Controls.645~><~Game.2035~> 880AC6
<buondiavolo_B_B_B> pass 2F42AD
$gus833<~HighlightLabel.81~>102<~HighlightLabel.82~><~Game.2043~><~HighlightLabel.83~><~Game.2035~> F3306A
$gus833<~HighlightLabel.96~>261<~HighlightLabel.97~><~Game.2001~><~HighlightLabel.98~><~Game.2002~> 2B96F0
$gus833<~Controls.644~>102 <~Controls.645~><~Game.2035~> 2994C6
<buondiavolo_B_B_B> pass E4DA09
$gus833<~HighlightLabel.81~>101<~HighlightLabel.82~><~Game.2043~><~HighlightLabel.83~><~Game.2035~> 4EE552
$gus833<~Scribe.141~>039 036 029 028 027 026 025 023 022 021 <~Scribe.142~><~Game.1975~><~Scribe.143~><~Game.1966~><~Scribe.144~> 1B0AB6
$gus833<~Scribe.141~>338 337 010 009 <~Scribe.142~><~Game.1903~><~Scribe.143~><~Game.1901~><~Scribe.144~> 8E9FF9
$gus833<~Controls.644~>101 <~Controls.645~><~Game.2035~> 5C23D1
<buondiavolo_B_B_B> pass 84109C
<gus833> cannot 8FFD59
$buondiavolo_B_B_B<~Controls.271~>212<~Controls.272~><~Game.2042~><~Controls.273~><~Game.2035~> D04C24
$buondiavolo_B_B_B<~Controls.323~>212 E7A85C
$buondiavolo_B_B_B<~Controls.323~>247 7B44A7
$buondiavolo_B_B_B<~Controls.644~>212 <~Controls.645~><~Game.2035~> 8FDC48
$gus833<~Controls.276~>103<~Controls.277~><~Game.2043~><~Controls.278~><~Game.2035~> 23B8E5
$gus833<~Scribe.141~>039 036 029 028 027 026 025 023 022 021 <~Scribe.142~><~Game.1966~><~Scribe.143~><~Game.1957~><~Scribe.144~> C48130
$gus833<~Controls.644~>103 <~Controls.645~><~Game.2035~> C19C95
$gus833<~Controls.757~>105 104 <~Controls.758~><~Game.1997~><~Controls.759~><~Game.2043~> 4E6C54
$gus833<~Controls.762~>103 101 102 362 100 361 099 <~Controls.763~><~Game.2041~><~Controls.764~><~Game.2043~> 786EAB
$gus833<~Controls.509~>169<~Controls.510~><~Game.2006~><~Controls.511~><~Controls.46~> null
$gus833<~Controls.509~>199<~Controls.510~><~Game.2007~><~Controls.511~><~Controls.46~> null
$buondiavolo_B_B_B<~Controls.726~>211 210 <~Controls.727~><~Game.1997~><~Controls.728~><~Game.2042~> 13B633
<~Game.7~>6 null
$buondiavolo_B_B_B<~Controls.731~>212 213 359 <~Controls.732~><~Game.2039~><~Controls.733~><~Game.2042~> 00DFF2
$buondiavolo_B_B_B<~Controls.509~>115<~Controls.510~><~Game.2004~><~Controls.511~><~Controls.45~> null
$buondiavolo_B_B_B<~Controls.509~>122<~Controls.510~><~Game.2005~><~Controls.511~><~Controls.45~> null
<buondiavolo_B_B_B> fpok 9C5FD7
$gus833<~Controls.372~>103 5CE62D
$gus833<~Controls.372~>101 129831
$gus833<~Controls.345~>102 362 100 361 099 105 104 <~Controls.346~>15 10 13 13 15 12 14 null
$gus833<~Controls.350~>102 362 100 361 099 105 104 null
$buondiavolo_B_B_B<~Controls.345~>212 213 359 211 210 <~Controls.346~>1 2 1 3 3 null
$buondiavolo_B_B_B<~Controls.271~>211<~Controls.272~><~Game.2042~><~Controls.273~><~Game.2035~> 417D39
$buondiavolo_B_B_B<~Scribe.141~>264 <~Scribe.142~><~Game.2038~><~Scribe.143~><~Game.1954~><~Scribe.144~> 3664AB
$buondiavolo_B_B_B<~Controls.644~>211 <~Controls.645~><~Game.2035~> E02C6F
$gus833<~HighlightLabel.81~>100<~HighlightLabel.82~><~Game.2043~><~HighlightLabel.83~><~Game.2035~> DFFD1E
<gus833> WLR 734D70
$buondiavolo_B_B_B<~Scribe.141~>243 098 264 094 088 <~Scribe.142~><~Game.1954~><~Scribe.143~><~Game.1991~><~Scribe.144~> 88C751
$gus833<~Scribe.141~>039 036 029 028 027 026 025 023 022 021 <~Scribe.142~><~Game.1957~><~Scribe.143~><~Game.1954~><~Scribe.144~> ADFB86
$gus833<~Controls.644~>100 <~Controls.645~><~Game.2035~> 14FFF1
$buondiavolo_B_B_B<~Controls.271~>212<~Controls.272~><~Game.2042~><~Controls.273~><~Game.2035~> 4B3E6D
$buondiavolo_B_B_B<~Controls.790~>248<~Controls.791~><~Game.2014~><~Controls.792~><~Game.2015~> CD26CE
$buondiavolo_B_B_B<~Controls.795~>212<~Controls.796~><~Game.2035~><~Controls.797~><~Game.1997~> D4D019
<game> gus833<~Controls.1~> 6 4 5 2 null
<game> gus833<~Controls.1~> 6 4 null
$gus833<~Controls.624~>218<~Controls.625~><~Game.2044~><~Controls.626~><~Game.2037~> null
<buondiavolo_B_B_B> random 79D365
$gus833<~Controls.637~>245<~Controls.638~><~Game.1998~><~Controls.639~><~Game.2036~> null
$buondiavolo_B_B_B<~Scribe.141~>252 <~Scribe.142~><~Game.2019~><~Scribe.143~><~Game.2020~><~Scribe.144~> 70E190
<gus833> wwsat F19B1A
$gus833<~Controls.452~>115<~Controls.453~><~Controls.45~><~Controls.454~><~Game.2039~> null
$buondiavolo_B_B_B<~Scribe.141~>247 <~Scribe.142~><~Game.1975~><~Scribe.143~><~Game.1972~><~Scribe.144~> 861E08
$buondiavolo_B_B_B<~Controls.323~>247 CF6BAF
$buondiavolo_B_B_B<~Controls.644~>245 218 <~Controls.645~><~Game.2035~> 1AAB88
<gus833> merry  on the map? 4B2F57
$buondiavolo_B_B_B<~Controls.819~> BE7510
<buondiavolo_B_B_B> 2 step? AAC360
<gus833> yes A2A2BC
$buondiavolo_B_B_B<~Scribe.141~>245 <~Scribe.142~><~Game.2036~><~Scribe.143~><~Game.1966~><~Scribe.144~> 5B00EE
$buondiavolo_B_B_B<~Controls.644~>218 <~Controls.645~><~Game.2035~> B6E7FD
<gus833> 2 steps from southern rhovanion 7869F5
<gus833> he can be in dale if you want 8BF2FD
$buondiavolo_B_B_B<~Scribe.141~>245 <~Scribe.142~><~Game.1966~><~Scribe.143~><~Game.1970~><~Scribe.144~> E9791B
<buondiavolo_B_B_B> thanks A3187D
$gus833<~HighlightLabel.81~>362<~HighlightLabel.82~><~Game.2043~><~HighlightLabel.83~><~Game.2035~> CC745D
$gus833<~Scribe.141~>261 <~Scribe.142~><~Game.2002~><~Scribe.143~><~Game.2003~><~Scribe.144~> 3F461F
$gus833<~Controls.644~>362 <~Controls.645~><~Game.2035~> CCAB93
$buondiavolo_B_B_B<~Controls.271~>213<~Controls.272~><~Game.2042~><~Controls.273~><~Game.2035~> 44079A
$buondiavolo_B_B_B<~Controls.509~>148<~Controls.510~><~Game.2004~><~Controls.511~><~Controls.45~> null
$buondiavolo_B_B_B<~Controls.644~>213 <~Controls.645~><~Game.2035~> 24AC14
$gus833<~HighlightLabel.81~>105<~HighlightLabel.82~><~Game.2043~><~HighlightLabel.83~><~Game.2035~> 2E9644
$gus833<~Scribe.141~>340 <~Scribe.142~><~Game.1904~><~Scribe.143~><~Game.1908~><~Scribe.144~> 8515ED
$gus833<~Scribe.141~>038 024 <~Scribe.142~><~Game.1975~><~Scribe.143~><~Game.1972~><~Scribe.144~> 0CA02E
$gus833<~Controls.644~>105 <~Controls.645~><~Game.2035~> C1688D
<buondiavolo_B_B_B> unsure 5A3B10
<buondiavolo_B_B_B> ifkillingaragorn andmove 2F0033
$buondiavolo_B_B_B<~Controls.271~>359<~Controls.272~><~Game.2042~><~Controls.273~><~Game.2035~> 60164D
$buondiavolo_B_B_B<~Controls.323~>247 7C129D
$buondiavolo_B_B_B<~Controls.644~>359 <~Controls.645~><~Game.2035~> 7F80EB
$gus833<~HighlightLabel.81~>361<~HighlightLabel.82~><~Game.2043~><~HighlightLabel.83~><~Game.2035~> FF595E
<gus833> lorien B25D76
$gus833<~Controls.840~>169 B2970A
$buondiavolo_B_B_B<~Controls.840~>148 10F896
<auto> playchosen C8D71C
<auto><~Controls.3~>reveal 148 BD25053959C85B68411E6A719C70A3D783F18F2D 19<~Controls.884~><~Controls.45~><~Controls.885~><~Game.2037~> 723321
<auto><~Controls.866~>reveal 169 BD163EFACA9AB667A291A3C9CA5E63BE5A8A5BC8 8<~Controls.867~><~Controls.46~><~Controls.868~><~Game.2036~> 899A03
<auto> playchosen F992BC
<buondiavolo_B_B_B> pre FD949F
<game> buondiavolo_B_B_B<~Controls.1~> 4 null
<game> gus833<~Controls.1~> 1 2 6 4 4 null
<game> gus833<~Controls.1~> 3 6 5 null
<gus833> 2 6C2A2C
<game> buondiavolo_B_B_B<~Controls.1~> 1 1 6 1 null
<buondiavolo_B_B_B> 1 174737
$gus833<~Scribe.141~>011 <~Scribe.142~><~Game.1928~><~Scribe.143~><~Game.2036~><~Scribe.144~> BC834A
$buondiavolo_B_B_B<~Scribe.141~>093 <~Scribe.142~><~Game.1992~><~Scribe.143~><~Game.2037~><~Scribe.144~> 7B4448
<gus833> stop 5FA44A
$gus833<~Controls.509~>208<~Controls.510~><~Game.2006~><~Controls.511~><~Controls.46~> null
$gus833<~Controls.644~>361 169 011 148 093 <~Controls.645~><~Game.2035~> 6AFD63
$buondiavolo_B_B_B<~Controls.271~>210<~Controls.272~><~Game.2042~><~Controls.273~><~Game.2035~> F8DB94
$buondiavolo_B_B_B<~CardBuffet.9~>reveal 122 4F1848D7C475143F1AA70931522407FDF4415128 7<~CardBuffet.10~><~Controls.45~><~CardBuffet.11~> 1A76FD
$buondiavolo_B_B_B<~Scribe.141~>300 315 <~Scribe.142~><~Game.2038~><~Scribe.143~><~Game.1891~><~Scribe.144~> FE3011
$buondiavolo_B_B_B<~Scribe.141~>300 <~Scribe.142~><~Game.1891~><~Scribe.143~><~Game.1890~><~Scribe.144~> 66B2CC
$buondiavolo_B_B_B<~Controls.644~>210 122 <~Controls.645~><~Game.2035~> 20D2D9
<gus833> card draw ED36F3
$buondiavolo_B_B_B<~Controls.509~>118<~Controls.510~><~Game.2005~><~Controls.511~><~Controls.45~> null
$gus833<~Controls.276~>104<~Controls.277~><~Game.2043~><~Controls.278~><~Game.2035~> EA0485
$gus833<~CardBuffet.14~>reveal 181 2B7024213D6B77754D56F6BBC4876BA61449492D 9<~CardBuffet.15~><~Controls.46~><~CardBuffet.16~> 728726
$gus833<~Scribe.141~>237 <~Scribe.142~><~Game.2046~><~Scribe.143~><~Game.2036~><~Scribe.144~> 5AB373
$gus833<~Controls.644~>104 181 237 <~Controls.645~><~Game.2035~> 33C2AB
$gus833<~Controls.757~>102 099 101 103 <~Controls.758~><~Game.1997~><~Controls.759~><~Game.2043~> 02B3B6
$gus833<~Controls.762~>104 361 105 362 100 <~Controls.763~><~Game.2041~><~Controls.764~><~Game.2043~> 3EF790
$gus833<~Controls.509~>167<~Controls.510~><~Game.2006~><~Controls.511~><~Controls.46~> null
$gus833<~Controls.509~>187<~Controls.510~><~Game.2007~><~Controls.511~><~Controls.46~> null
$buondiavolo_B_B_B<~Controls.726~>212 <~Controls.727~><~Game.1997~><~Controls.728~><~Game.2042~> C29415
<~Game.7~>7 null
$buondiavolo_B_B_B<~Controls.731~>210 359 213 211 <~Controls.732~><~Game.2039~><~Controls.733~><~Game.2042~> 5D81D4
$buondiavolo_B_B_B<~Controls.509~>126<~Controls.510~><~Game.2004~><~Controls.511~><~Controls.45~> null
$buondiavolo_B_B_B<~Controls.509~>138<~Controls.510~><~Game.2005~><~Controls.511~><~Controls.45~> null
<buondiavolo_B_B_B> fp ok A9119D
$gus833<~Controls.372~>104 CA5C97
$gus833<~Controls.345~>361 105 362 100 102 099 101 103 <~Controls.346~>10 13 15 14 14 14 10 11 null
$gus833<~Controls.350~>361 105 362 100 102 099 101 103 null
$buondiavolo_B_B_B<~Controls.345~>210 359 213 211 212 <~Controls.346~>0 0 2 4 3 null
$buondiavolo_B_B_B<~Controls.271~>359<~Controls.272~><~Game.2042~><~Controls.273~><~Game.2035~> 4C2A6D
$buondiavolo_B_B_B<~Controls.790~>248<~Controls.791~><~Game.2014~><~Controls.792~><~Game.2015~> CA487A
$buondiavolo_B_B_B<~Controls.795~>359<~Controls.796~><~Game.2035~><~Controls.797~><~Game.1997~> C67897
<game> gus833<~Controls.1~> 1 3 null
<game> gus833<~Controls.1~> 6 3 null
$gus833<~Controls.624~>226<~Controls.625~><~Game.2044~><~Controls.626~><~Game.2037~> null
$buondiavolo_B_B_B<~Scribe.141~>241 <~Scribe.142~><~Game.1999~><~Scribe.143~><~Game.2035~><~Scribe.144~> BEA93D
$buondiavolo_B_B_B<~Controls.644~>241 226 <~Controls.645~><~Game.2035~> 261F3A
<gus833> wwsat 03B82C
$gus833<~Controls.452~>126<~Controls.453~><~Controls.45~><~Controls.454~><~Game.2039~> null
$buondiavolo_B_B_B<~Scribe.141~>364 <~Scribe.142~><~Game.2038~><~Scribe.143~><~Game.1999~><~Scribe.144~> 05E3C0
$buondiavolo_B_B_B<~Controls.644~><~Controls.645~><~Game.2035~> 5B82BA
$gus833<~HighlightLabel.81~>103<~HighlightLabel.82~><~Game.2043~><~HighlightLabel.83~><~Game.2035~> 57B32B
<gus833> lorien 19AC5D
$gus833<~Controls.840~>208 792700
$buondiavolo_B_B_B<~Controls.840~>138 7EC517
<auto> playchosen A762A6
<auto><~Controls.3~>reveal 138 FB2C362F90D471BF085613AB54CF727AFD6CC47B 1<~Controls.884~><~Controls.45~><~Controls.885~><~Game.2037~> 560A68
<auto><~Controls.866~>reveal 208 E2D285FDAB060B08E851CF800FCDA5D8E9990491 6<~Controls.867~><~Controls.46~><~Controls.868~><~Game.2036~> 830C7C
<auto> playchosen 89205B
<game> gus833<~Controls.1~> 1 3 6 2 2 null
<game> gus833<~Controls.1~> 4 1 4 null
<gus833> 1 C07E76
<game> buondiavolo_B_B_B<~Controls.1~> 1 1 1 null
<game> buondiavolo_B_B_B<~Controls.1~> 3 null
$gus833<~Scribe.141~>344 <~Scribe.142~><~Game.1928~><~Scribe.143~><~Game.2036~><~Scribe.144~> 0A4928
$buondiavolo_B_B_B<~Controls.304~>092 <~Controls.305~><~Game.1992~> 6EE6C4
$buondiavolo_B_B_B<~Controls.313~>268 <~Controls.307~><~Controls.314~><~Game.1992~> F381FE
<gus833> stop 946A13
$gus833<~Controls.509~>200<~Controls.510~><~Game.2006~><~Controls.511~><~Controls.46~> null
$gus833<~Controls.644~>103 208 344 138 <~Controls.645~><~Game.2035~> 0691F7
$buondiavolo_B_B_B<~Controls.271~>210<~Controls.272~><~Game.2042~><~Controls.273~><~Game.2035~> 734082
$buondiavolo_B_B_B<~Controls.790~>248<~Controls.791~><~Game.2015~><~Controls.792~><~Game.2016~> 92E069
$buondiavolo_B_B_B<~Controls.795~>210<~Controls.796~><~Game.2035~><~Controls.797~><~Game.1997~> 69B471
<game> gus833<~Controls.1~> 6 3 null
<game> gus833<~Controls.1~> 4 null
$gus833<~Controls.624~>229<~Controls.625~><~Game.2044~><~Controls.626~><~Game.2037~> null
<buondiavolo_B_B_B> revea ACBA04
$buondiavolo_B_B_B<~Scribe.141~>252 <~Scribe.142~><~Game.2020~><~Scribe.143~><~Game.2022~><~Scribe.144~> 71A6A7
$buondiavolo_B_B_B<~Scribe.141~>247 <~Scribe.142~><~Game.1972~><~Scribe.143~><~Game.1974~><~Scribe.144~> 54CE3F
<gus833> morannon tile 438693
$buondiavolo_B_B_B<~Controls.323~>247 B6E2CC
$gus833<~Controls.624~>223<~Controls.625~><~Game.2044~><~Controls.626~><~Game.2036~> null
<buondiavolo_B_B_B> neveran eye ! CE21B1
<gus833> brutal! 5FB891
$buondiavolo_B_B_B<~Scribe.141~>252 <~Scribe.142~><~Game.2022~><~Scribe.143~><~Game.2023~><~Scribe.144~> E96564
$buondiavolo_B_B_B<~Controls.644~>223 229 <~Controls.645~><~Game.2035~> 29C938
$gus833<~HighlightLabel.81~>105<~HighlightLabel.82~><~Game.2043~><~HighlightLabel.83~><~Game.2035~> 2ED8D0
<gus833> lorien 4C1F12
$gus833<~Controls.840~>200 67D749
$buondiavolo_B_B_B<~Controls.840~>118 89489F
<auto> playchosen EA1491
<auto><~Controls.3~>reveal 118 9D85D2FFD00DCF588425112645878467463E5481 0<~Controls.884~><~Controls.45~><~Controls.885~><~Game.2037~> 8E6091
<auto><~Controls.866~>reveal 200 B8861B67161D316BE38234916B3DC860E76C69FE 23<~Controls.867~><~Controls.46~><~Controls.868~><~Game.2036~> 656FC0
<auto> playchosen DA1D83
<gus833> pre C91862
<game> gus833<~Controls.1~> 5 2 3 null
<gus833> 1 9918C6
$buondiavolo_B_B_B<~Scribe.141~>087 <~Scribe.142~><~Game.1992~><~Scribe.143~><~Game.2037~><~Scribe.144~> EE2D28
<game> gus833<~Controls.1~> 6 3 2 6 2 null
<gus833> 2 04290D
<game> buondiavolo_B_B_B<~Controls.1~> 5 5 null
$buondiavolo_B_B_B<~Scribe.141~>097 268 269 <~Scribe.142~><~Game.1992~><~Scribe.143~><~Game.2037~><~Scribe.144~> 0988AA
$gus833<~Scribe.141~>001 015 <~Scribe.142~><~Game.1928~><~Scribe.143~><~Game.2036~><~Scribe.144~> 3AB581
$gus833<~Controls.509~>203<~Controls.510~><~Game.2006~><~Controls.511~><~Controls.46~> null
$gus833<~Controls.644~>105 200 001 015 118 097 268 269 087 <~Controls.645~><~Game.2035~> CB84DE
$gus833<~Scribe.141~>423 <~Scribe.142~><~Game.27~><~Scribe.143~><~Game.29~><~Scribe.144~> 870574
$buondiavolo_B_B_B<~Controls.271~>212<~Controls.272~><~Game.2042~><~Controls.273~><~Game.2035~> 5667EF
$buondiavolo_B_B_B<~Scribe.141~>258 <~Scribe.142~><~Game.2001~><~Scribe.143~><~Game.2002~><~Scribe.144~> 1603E3
$buondiavolo_B_B_B<~Controls.644~>212 <~Controls.645~><~Game.2035~> 2644C1
$gus833<~HighlightLabel.81~>102<~HighlightLabel.82~><~Game.2043~><~HighlightLabel.83~><~Game.2035~> 007BC2
$gus833<~Scribe.141~>reveal 203 ABB210ABC02A0C72A40D74E484A1D10D7E079729 4 <~Scribe.142~><~Controls.46~><~Scribe.143~><~Game.2030~><~Scribe.144~> 1E233F
$gus833<~Controls.644~>102 <~Controls.645~><~Game.2035~> 150DED
$buondiavolo_B_B_B<~Controls.271~>211<~Controls.272~><~Game.2042~><~Controls.273~><~Game.2035~> 480598
$buondiavolo_B_B_B<~Controls.366~>251<~Controls.367~><~Game.2010~><~Controls.368~><~Game.2011~> FDC00D
$buondiavolo_B_B_B<~Scribe.141~>203 <~Scribe.142~><~Game.2030~><~Scribe.143~><~Game.2036~><~Scribe.144~> 8A4D23
$buondiavolo_B_B_B<~Controls.644~>211 203 <~Controls.645~><~Game.2035~> 0E21BE
$gus833<~HighlightLabel.81~>100<~HighlightLabel.82~><~Game.2043~><~HighlightLabel.83~><~Game.2035~> 3E9D96
$gus833<~CardBuffet.14~>reveal 175 88B7F731B726D3059C68E13199B7857DE1FC5F46 6<~CardBuffet.15~><~Controls.46~><~CardBuffet.16~> 3E8BA7
<gus833> all to DA 2CE531
$buondiavolo_B_B_B<~Scribe.141~>276 077 076 075 <~Scribe.142~><~Game.1920~><~Scribe.143~><~Game.1995~><~Scribe.144~> 8DDBD0
$gus833<~Scribe.141~>055 057 049 048 047 045 044 043 042 041 <~Scribe.142~><~Game.1932~><~Scribe.143~><~Game.1920~><~Scribe.144~> E3671C
$gus833<~HighlightLabel.96~>260<~HighlightLabel.97~><~Game.2001~><~HighlightLabel.98~><~Game.2002~> E79AD9
$gus833<~Controls.644~>100 175 <~Controls.645~><~Game.2035~> F4F440
<buondiavolo_B_B_B> pass 2B9084
$gus833<~HighlightLabel.81~>101<~HighlightLabel.82~><~Game.2043~><~HighlightLabel.83~><~Game.2035~> CF01F6
$gus833<~Scribe.141~>334 <~Scribe.142~><~Game.2040~><~Scribe.143~><~Game.1898~><~Scribe.144~> 3C0E86
$gus833<~Controls.644~>101 <~Controls.645~><~Game.2035~> E6511D
$buondiavolo_B_B_B<~Controls.271~>213<~Controls.272~><~Game.2042~><~Controls.273~><~Game.2035~> 30FC2D
$buondiavolo_B_B_B<~Controls.509~>157<~Controls.510~><~Game.2004~><~Controls.511~><~Controls.45~> null
$buondiavolo_B_B_B<~Controls.644~>213 <~Controls.645~><~Game.2035~> 98C16D
$gus833<~HighlightLabel.81~>099<~HighlightLabel.82~><~Game.2043~><~HighlightLabel.83~><~Game.2035~> CB71AD
$gus833<~Controls.509~>165<~Controls.510~><~Game.2006~><~Controls.511~><~Controls.46~> null
$gus833<~Controls.644~>099 <~Controls.645~><~Game.2035~> 75BAD3
$gus833<~Controls.276~>361<~Controls.277~><~Game.2043~><~Controls.278~><~Game.2035~> 9EEA06
$gus833<~Scribe.141~>353 <~Scribe.142~><~Game.2040~><~Scribe.143~><~Game.1932~><~Scribe.144~> 383CDF
$gus833<~Scribe.141~>351 <~Scribe.142~><~Game.2040~><~Scribe.143~><~Game.1987~><~Scribe.144~> 656BCB
$gus833<~Controls.644~>361 <~Controls.645~><~Game.2035~> B9D324
$gus833<~Controls.757~>362 104 <~Controls.758~><~Game.1997~><~Controls.759~><~Game.2043~> 616775
$gus833<~Controls.762~>361 099 101 100 102 105 103 <~Controls.763~><~Game.2041~><~Controls.764~><~Game.2043~> ABE655
$gus833<~Controls.509~>168<~Controls.510~><~Game.2006~><~Controls.511~><~Controls.46~> null
$gus833<~Controls.509~>192<~Controls.510~><~Game.2007~><~Controls.511~><~Controls.46~> null
$buondiavolo_B_B_B<~Controls.726~>210 359 <~Controls.727~><~Game.1997~><~Controls.728~><~Game.2042~> 084731
<~Game.7~>8 null
$buondiavolo_B_B_B<~Controls.731~>213 211 212 <~Controls.732~><~Game.2039~><~Controls.733~><~Game.2042~> CDCDD6
$buondiavolo_B_B_B<~Controls.509~>154<~Controls.510~><~Game.2004~><~Controls.511~><~Controls.45~> null
$buondiavolo_B_B_B<~Controls.509~>111<~Controls.510~><~Game.2005~><~Controls.511~><~Controls.45~> null
$gus833<~Controls.296~>199 <~Controls.297~><~Controls.46~> 0501C4
<buondiavolo_B_B_B> not sure B87B9D
<buondiavolo_B_B_B> togotomordo ! B6966E
<gus833> haha not sure what else there is to do! 9BA068
<buondiavolo_B_B_B> noaragorn 86203D
<buondiavolo_B_B_B> isnoteasy FA61A1
<buondiavolo_B_B_B> a fpvm 55C140
<gus833> yes E036B6
$buondiavolo_B_B_B<~Scribe.141~>247 <~Scribe.142~><~Game.1974~><~Scribe.143~><~Game.524~><~Scribe.144~> 1725C4
$buondiavolo_B_B_B<~Controls.281~>237 232 221 <~Controls.282~><~Game.2045~><~Controls.283~><~Game.2044~> 4156B2
<buondiavolo_B_B_B> ok A71580
$gus833<~Controls.372~>361 9160F5
$gus833<~Controls.345~>099 101 100 102 105 103 362 104 <~Controls.346~>15 11 12 11 12 14 11 13 null
$gus833<~Controls.350~>099 101 100 102 105 103 362 104 null
$buondiavolo_B_B_B<~Controls.345~>213 211 212 210 359 <~Controls.346~>1 2 1 0 1 null
$buondiavolo_B_B_B<~Controls.271~>359<~Controls.272~><~Game.2042~><~Controls.273~><~Game.2035~> 89691D
$buondiavolo_B_B_B<~Controls.323~>247 A3DB76
$buondiavolo_B_B_B<~Controls.644~>359 <~Controls.645~><~Game.2035~> B76729
$gus833<~HighlightLabel.81~>103<~HighlightLabel.82~><~Game.2043~><~HighlightLabel.83~><~Game.2035~> 8EE378
$gus833<~CardBuffet.14~>reveal 165 9AA62DCD732506CA4A9EE28FD9DD82EE1B586421 11<~CardBuffet.15~><~Controls.46~><~CardBuffet.16~> 7CCE52
$gus833<~Controls.281~>238 <~Controls.282~><~Game.2046~><~Controls.283~><~Game.2044~> 89AC06
$gus833<~Controls.644~>103 165 <~Controls.645~><~Game.2035~> 4D3C7F
$buondiavolo_B_B_B<~Controls.271~>211<~Controls.272~><~Game.2042~><~Controls.273~><~Game.2035~> 0071A3
$buondiavolo_B_B_B<~Controls.509~>149<~Controls.510~><~Game.2004~><~Controls.511~><~Controls.45~> null
$buondiavolo_B_B_B<~Controls.644~>211 <~Controls.645~><~Game.2035~> AE482D
<buondiavolo_B_B_B> sorry 1F48CD
<gus833> np 513F4D
<buondiavolo_B_B_B> ihave todiscard BE2DD2
<gus833> yes 49431D
$buondiavolo_B_B_B<~Controls.296~>157 <~Controls.297~><~Controls.45~> 7ED7A1
$gus833<~HighlightLabel.81~>101<~HighlightLabel.82~><~Game.2043~><~HighlightLabel.83~><~Game.2035~> FDA09A
$gus833<~Scribe.141~>255 <~Scribe.142~><~Game.2040~><~Scribe.143~><~Game.1956~><~Scribe.144~> E9395C
$gus833<~Scribe.141~>360 <~Scribe.142~><~Game.2040~><~Scribe.143~><~Game.2037~><~Scribe.144~> 601139
$gus833<~Controls.644~>101 360 <~Controls.645~><~Game.2035~> 721D08
$buondiavolo_B_B_B<~Controls.271~>213<~Controls.272~><~Game.2042~><~Controls.273~><~Game.2035~> 1275ED
$buondiavolo_B_B_B<~CardBuffet.9~>reveal 149 BA8441B0FE4F303CE0C70A1CFAF06F33DFFE97E2 7<~CardBuffet.10~><~Controls.45~><~CardBuffet.11~> 2438AF
$buondiavolo_B_B_B<~Controls.281~>233 <~Controls.282~><~Game.2046~><~Controls.283~><~Game.2044~> 75BB50
$buondiavolo_B_B_B<~Controls.644~>213 149 <~Controls.645~><~Game.2035~> 818C6A
$gus833<~HighlightLabel.81~>104<~HighlightLabel.82~><~Game.2043~><~HighlightLabel.83~><~Game.2035~> 655DEC
$gus833<~Scribe.141~>253 040 <~Scribe.142~><~Game.1928~><~Scribe.143~><~Game.1920~><~Scribe.144~> FE1CD9
$gus833<~Scribe.141~>037 <~Scribe.142~><~Game.1969~><~Scribe.143~><~Game.1920~><~Scribe.144~> AF23E4
$gus833<~Scribe.141~>038 <~Scribe.142~><~Game.1972~><~Scribe.143~><~Game.1954~><~Scribe.144~> 9E1F25
$gus833<~Scribe.141~>255 <~Scribe.142~><~Game.1956~><~Scribe.143~><~Game.1954~><~Scribe.144~> CCC8BD
$gus833<~Controls.644~>104 <~Controls.645~><~Game.2035~> F10B4F
$buondiavolo_B_B_B<~Controls.271~>210<~Controls.272~><~Game.2042~><~Controls.273~><~Game.2035~> D7946A
$buondiavolo_B_B_B<~Controls.509~>142<~Controls.510~><~Game.2004~><~Controls.511~><~Controls.45~> null
$buondiavolo_B_B_B<~Controls.644~>210 <~Controls.645~><~Game.2035~> 46531D
$gus833<~HighlightLabel.81~>105<~HighlightLabel.82~><~Game.2043~><~HighlightLabel.83~><~Game.2035~> EA5FED
<gus833> DA 6DE296
$gus833<~Controls.840~>167 67F4FA
$buondiavolo_B_B_B<~Controls.840~>111 B7547C
<auto> playchosen 23EF34
<auto><~Controls.3~>reveal 111 DCA4C9626C59EE6116D5A69C2F326AC8EF9CCA78 6<~Controls.884~><~Controls.45~><~Controls.885~><~Game.2037~> CB37A7
<auto><~Controls.866~>reveal 167 2AF01C635AAB3B5262FC1C376140DE80B2A161FB 5<~Controls.867~><~Controls.46~><~Controls.868~><~Game.2036~> BA5D82
<auto> playchosen 3670E9
<game> gus833<~Controls.1~> 5 1 1 null
<game> gus833<~Controls.1~> 6 1 3 null
<gus833> 1 37FFFB
<game> buondiavolo_B_B_B<~Controls.1~> 1 6 3 3 null
$gus833<~Scribe.141~>041 <~Scribe.142~><~Game.1920~><~Scribe.143~><~Game.2036~><~Scribe.144~> 968D9F
<buondiavolo_B_B_B> 1 925373
$buondiavolo_B_B_B<~Controls.304~>276 <~Controls.305~><~Game.1995~> 5326B1
$buondiavolo_B_B_B<~Controls.313~>282 <~Controls.307~><~Controls.314~><~Game.1995~> 5B1DF7
$gus833<~HighlightLabel.101~>260<~HighlightLabel.102~><~Game.2002~><~HighlightLabel.103~><~Game.2003~> 11FCA2
<gus833> stop CB98A6
$gus833<~Controls.509~>166<~Controls.510~><~Game.2006~><~Controls.511~><~Controls.46~> null
$gus833<~Controls.644~>105 167 041 111 <~Controls.645~><~Game.2035~> C09310
$buondiavolo_B_B_B<~Controls.271~>212<~Controls.272~><~Game.2042~><~Controls.273~><~Game.2035~> 2D95B2
$buondiavolo_B_B_B<~CardBuffet.9~>reveal 154 2A78D136CF585CEFB7E908F501E5C3D98BE5AD95 4<~CardBuffet.10~><~Controls.45~><~CardBuffet.11~> D7E856
<game> buondiavolo_B_B_B<~Controls.1~> 2 2 4 null
$gus833<~Scribe.141~>003 <~Scribe.142~><~Game.1919~><~Scribe.143~><~Game.2036~><~Scribe.144~> 6D9B62
$buondiavolo_B_B_B<~Scribe.141~>reveal 142 DB8159347AE7BF13D68D9780C5071529287CDC9A 10 <~Scribe.142~><~Controls.45~><~Scribe.143~><~Game.2030~><~Scribe.144~> 4F33B2
$buondiavolo_B_B_B<~Controls.644~>212 003 154 <~Controls.645~><~Game.2035~> 381B8A
$gus833<~HighlightLabel.81~>100<~HighlightLabel.82~><~Game.2043~><~HighlightLabel.83~><~Game.2035~> E5841D
<gus833> DA D6B175
$gus833<~Controls.840~>192 1674CB
$buondiavolo_B_B_B<~Controls.840~>145 91D0A5
<auto> playchosen 05AB04
<auto><~Controls.3~>reveal 145 EDCF1B8478C9C039265E2B8DE2D0C26A1E6280B2 11<~Controls.884~><~Controls.45~><~Controls.885~><~Game.2037~> E05684
<auto><~Controls.866~>reveal 192 95BE9BB0247A5420144CAE0BB321127F8E6D9BA1 18<~Controls.867~><~Controls.46~><~Controls.868~><~Game.2036~> A18F89
<auto> playchosen 066126
<game> gus833<~Controls.1~> 6 6 2 5 6 null
<gus833> 4 A51EEB
<game> buondiavolo_B_B_B<~Controls.1~> 5 5 4 3 null
$gus833<~Scribe.141~>042 043 <~Scribe.142~><~Game.1920~><~Scribe.143~><~Game.2036~><~Scribe.144~> F87AC8
$buondiavolo_B_B_B<~Scribe.141~>282 077 076 075 <~Scribe.142~><~Game.1995~><~Scribe.143~><~Game.2037~><~Scribe.144~> 238C7A
$gus833<~Scribe.141~>423 <~Scribe.142~><~Game.29~><~Scribe.143~><~Game.31~><~Scribe.144~> C5D902
$gus833<~Controls.509~>178<~Controls.510~><~Game.2007~><~Controls.511~><~Controls.46~> null
$gus833<~Controls.644~>100 192 042 043 145 282 077 076 075 <~Controls.645~><~Game.2035~> C3F64C
$gus833<~HighlightLabel.81~>362<~HighlightLabel.82~><~Game.2043~><~HighlightLabel.83~><~Game.2035~> A27538
$gus833<~Scribe.141~>253 037 040 055 057 049 048 047 045 <~Scribe.142~><~Game.1920~><~Scribe.143~><~Game.1924~><~Scribe.144~> 412D50
$gus833<~Scribe.141~>334 342 <~Scribe.142~><~Game.1898~><~Scribe.143~><~Game.1901~><~Scribe.144~> 56C919
$gus833<~Controls.644~>362 <~Controls.645~><~Game.2035~> E82C6B
$gus833<~Controls.276~>102<~Controls.277~><~Game.2043~><~Controls.278~><~Game.2035~> 0457DD
$gus833<~Scribe.141~>334 342 338 337 010 009 341 <~Scribe.142~><~Game.1901~><~Scribe.143~><~Game.1908~><~Scribe.144~> D3371B
$gus833<~Scribe.141~>056 052 051 050 <~Scribe.142~><~Game.1986~><~Scribe.143~><~Game.1984~><~Scribe.144~> C30F0B
$gus833<~Controls.644~>102 <~Controls.645~><~Game.2035~> 0D6B57
$gus833<~Controls.757~>099 361 <~Controls.758~><~Game.1997~><~Controls.759~><~Game.2043~> 7527EB
$gus833<~Controls.762~>102 362 100 105 104 101 360 103 <~Controls.763~><~Game.2041~><~Controls.764~><~Game.2043~> 75BCEE
$buondiavolo_B_B_B<~Controls.731~>212 210 213 211 359 <~Controls.732~><~Game.2039~><~Controls.733~><~Game.2042~> C09D04
<~Game.7~>9 null
$buondiavolo_B_B_B<~Controls.509~>135<~Controls.510~><~Game.2004~><~Controls.511~><~Controls.45~> null
$buondiavolo_B_B_B<~Controls.509~>130<~Controls.510~><~Game.2005~><~Controls.511~><~Controls.45~> null
$gus833<~Controls.509~>160<~Controls.510~><~Game.2006~><~Controls.511~><~Controls.46~> null
$gus833<~Controls.509~>197<~Controls.510~><~Game.2007~><~Controls.511~><~Controls.46~> null
<buondiavolo_B_B_B>  f B84A34
$gus833<~Controls.296~>197 <~Controls.297~><~Controls.46~> 5771A2
<gus833> 1e 67D04F
$gus833<~Controls.372~>102 07E4D4
$gus833<~Controls.345~>362 100 105 104 101 360 103 099 361 <~Controls.346~>10 10 15 12 14 15 11 12 14 null
$gus833<~Controls.350~>362 100 105 104 101 360 103 099 361 null
$buondiavolo_B_B_B<~Controls.345~>212 210 213 211 359 <~Controls.346~>1 1 1 1 1 null
$buondiavolo_B_B_B<~Controls.271~>359<~Controls.272~><~Game.2042~><~Controls.273~><~Game.2035~> 5D285C
$buondiavolo_B_B_B<~CardBuffet.9~>reveal 135 2CFEBC2283214B6236F1A7D102C42110BD4A0059 21<~CardBuffet.10~><~Controls.45~><~CardBuffet.11~> 4281FA
$buondiavolo_B_B_B<~Scribe.141~>252 <~Scribe.142~><~Game.2023~><~Scribe.143~><~Game.2021~><~Scribe.144~> E15F80
$buondiavolo_B_B_B<~Controls.644~>359 135 <~Controls.645~><~Game.2035~> 262252
$gus833<~HighlightLabel.81~>104<~HighlightLabel.82~><~Game.2043~><~HighlightLabel.83~><~Game.2035~> 2665FB
<gus833> pel nc 918CF0
$buondiavolo_B_B_B<~Controls.840~>147 EA8AF3
<auto><~Controls.861~>reveal 147 5326E19A434198A326DEA623C6599D957B189851 4<~Controls.862~><~Controls.45~><~Controls.863~><~Game.2037~> F97D40
$buondiavolo_B_B_B<~Scribe.141~>reveal 147 5326E19A434198A326DEA623C6599D957B189851 4 <~Scribe.142~><~Controls.45~><~Scribe.143~><~Game.1935~><~Scribe.144~> 938B03
$buondiavolo_B_B_B<~Controls.819~> 27C650
$buondiavolo_B_B_B<~Scribe.141~>078 <~Scribe.142~><~Game.1931~><~Scribe.143~><~Game.1935~><~Scribe.144~> DCF04B
$gus833<~Scribe.141~>253 037 040 055 057 049 048 047 045 <~Scribe.142~><~Game.1924~><~Scribe.143~><~Game.1931~><~Scribe.144~> DFC357
$gus833<~Scribe.141~>420 <~Scribe.142~><~Game.2040~><~Scribe.143~><~Game.1924~><~Scribe.144~> EAA055
<gus833> put the card back out CBC408
$buondiavolo_B_B_B<~CardBuffet.9~>reveal 147 5326E19A434198A326DEA623C6599D957B189851 4<~CardBuffet.10~><~Controls.45~><~CardBuffet.11~> DB5EB3
$gus833<~Scribe.141~>423 <~Scribe.142~><~Game.31~><~Scribe.143~><~Game.32~><~Scribe.144~> 03B6E8
$gus833<~Controls.644~>104 147 <~Controls.645~><~Game.2035~> 6EAF76
$buondiavolo_B_B_B<~Controls.271~>211<~Controls.272~><~Game.2042~><~Controls.273~><~Game.2035~> 47446D
$buondiavolo_B_B_B<~Controls.790~>247<~Controls.791~><~Game.524~><~Controls.792~><~Game.525~> 75F1B5
$buondiavolo_B_B_B<~Controls.795~>211<~Controls.796~><~Game.2035~><~Controls.797~><~Game.1997~> A883C8
$gus833<~Controls.624~>238<~Controls.625~><~Game.2044~><~Controls.626~><~Game.2037~> null
$buondiavolo_B_B_B<~Scribe.141~>142 <~Scribe.142~><~Game.2030~><~Scribe.143~><~Game.2036~><~Scribe.144~> B2D7BA
$gus833<~Scribe.141~>238 <~Scribe.142~><~Game.2037~><~Scribe.143~><~Game.2034~><~Scribe.144~> 52120A
$gus833<~Controls.624~>220<~Controls.625~><~Game.2044~><~Controls.626~><~Game.2037~> null
<buondiavolo_B_B_B> nooo 8651FD
$buondiavolo_B_B_B<~Scribe.141~>252 <~Scribe.142~><~Game.2021~><~Scribe.143~><~Game.2024~><~Scribe.144~> 59494A
$buondiavolo_B_B_B<~Controls.323~>247 2C5824
$buondiavolo_B_B_B<~Controls.644~>142 220 <~Controls.645~><~Game.2035~> F07586
$gus833<~Controls.281~>238 <~Controls.282~><~Game.2034~><~Controls.283~><~Game.2044~> 6264A3
<buondiavolo_B_B_B> really bad luck forfrodo 59BE11
<gus833> yes BB54D7
$gus833<~HighlightLabel.81~>101<~HighlightLabel.82~><~Game.2043~><~HighlightLabel.83~><~Game.2035~> 5DA03F
$gus833<~CardBuffet.14~>reveal 166 C617A9C518EDF2978916AE672EF829CB3D4631F7 15<~CardBuffet.15~><~Controls.46~><~CardBuffet.16~> E238F9
$gus833<~Controls.624~>221<~Controls.625~><~Game.2044~><~Controls.626~><~Game.2037~> null
$gus833<~Controls.644~>101 166 221 <~Controls.645~><~Game.2035~> 67E201
<buondiavolo_B_B_B> atleastthis 568E5C
<gus833> yes not bad 8DBF96
$buondiavolo_B_B_B<~Controls.271~>213<~Controls.272~><~Game.2042~><~Controls.273~><~Game.2035~> 2ECAED
$buondiavolo_B_B_B<~Controls.366~>250<~Controls.367~><~Game.2009~><~Controls.368~><~Game.2012~> F01D3D
$buondiavolo_B_B_B<~Controls.509~>109<~Controls.510~><~Game.2004~><~Controls.511~><~Controls.45~> null
$buondiavolo_B_B_B<~Controls.644~>213 <~Controls.645~><~Game.2035~> 67A61D
$gus833<~HighlightLabel.81~>099<~HighlightLabel.82~><~Game.2043~><~HighlightLabel.83~><~Game.2035~> 4753EC
<gus833> riv 61DCD4
$buondiavolo_B_B_B<~Scribe.141~>096 267 091 090 <~Scribe.142~><~Game.1911~><~Scribe.143~><~Game.1990~><~Scribe.144~> 323575
$gus833<~Scribe.141~>334 336 342 338 337 010 009 341 340 <~Scribe.142~><~Game.1908~><~Scribe.143~><~Game.1911~><~Scribe.144~> 3EB397
$gus833<~Controls.644~>099 <~Controls.645~><~Game.2035~> F951CC
<buondiavolo_B_B_B> wait 8BFD9E
<buondiavolo_B_B_B> ok 7BDD0A
<buondiavolo_B_B_B> pass 406E9E
$gus833<~HighlightLabel.81~>361<~HighlightLabel.82~><~Game.2043~><~HighlightLabel.83~><~Game.2035~> 646D84
$gus833<~CardBuffet.14~>reveal 160 5B4784B698E49D28A4253D04930F5F206CC2A08B 2<~CardBuffet.15~><~Controls.46~><~CardBuffet.16~> 87C374
$gus833<~Scribe.141~>253 040 037 <~Scribe.142~><~Game.1931~><~Scribe.143~><~Game.1911~><~Scribe.144~> CE7558
$gus833<~Scribe.141~>039 <~Scribe.142~><~Game.1954~><~Scribe.143~><~Game.1911~><~Scribe.144~> 067FCA
$gus833<~Scribe.141~>160 <~Scribe.142~><~Game.2036~><~Scribe.143~><~Game.2034~><~Scribe.144~> D7B79D
$gus833<~Scribe.141~>040 <~Scribe.142~><~Game.1911~><~Scribe.143~><~Game.1954~><~Scribe.144~> D6CF4B
<gus833> riv E23A24
$gus833<~Controls.840~>187 3114CA
$buondiavolo_B_B_B<~Controls.840~>119 62B1D7
<auto> playchosen 0595EF
<auto><~Controls.3~>reveal 119 7CBFC952A54F37167932944860860C15CA9C4FF1 19<~Controls.884~><~Controls.45~><~Controls.885~><~Game.2037~> E95EF5
<auto><~Controls.866~>reveal 187 ABA719D3F3850948A1D4E352217AC6E5DD97EFA7 15<~Controls.867~><~Controls.46~><~Controls.868~><~Game.2036~> 12A5D4
<auto> playchosen 3D2589
<game> gus833<~Controls.1~> 1 3 5 1 6 null
<game> gus833<~Controls.1~> 2 1 1 5 null
<gus833> 1 E22D9E
<game> buondiavolo_B_B_B<~Controls.1~> 2 1 1 null
<buondiavolo_B_B_B> puch D7630C
<game> buondiavolo_B_B_B<~Controls.1~> 3 null
<gus833> bad luck 8A8034
$buondiavolo_B_B_B<~Controls.304~>090 <~Controls.305~><~Game.1990~> D7BA23
$buondiavolo_B_B_B<~Controls.313~>268 <~Controls.308~><~Controls.314~><~Game.1990~> 341CCB
<gus833> post 7C3081
<game> gus833<~Controls.1~> 6 4 null
<gus833> 1 C05486
$buondiavolo_B_B_B<~Controls.304~>091 <~Controls.305~><~Game.1990~> D160DF
$buondiavolo_B_B_B<~Controls.313~>269 <~Controls.308~><~Controls.314~><~Game.1990~> B526B9
<gus833> press 968495
$gus833<~Controls.304~>334 <~Controls.305~><~Game.1911~> ADD081
$gus833<~Controls.313~>015 <~Controls.307~><~Controls.314~><~Game.1911~> EE5B97
$gus833<~Controls.509~>180<~Controls.510~><~Game.2007~><~Controls.511~><~Controls.46~> null
$gus833<~Controls.662~>187 119 <~Controls.663~><~Game.2035~> BA47D3
$gus833<~Controls.840~>180 8EEFA1
<buondiavolo_B_B_B> nc A9AB1E
<auto><~Controls.866~>reveal 180 98B235E92BA398CD02BD2FF0A18C4DE7ACF98D47 3<~Controls.867~><~Controls.46~><~Controls.868~><~Game.2036~> 636EC9
$gus833<~Scribe.141~>342 015 <~Scribe.142~><~Game.1911~><~Scribe.143~><~Game.2036~><~Scribe.144~> 8E7EFC
<game> gus833<~Controls.1~> 3 5 1 5 2 null
<game> gus833<~Controls.1~> 5 6 3 null
<gus833> 3 706313
<game> buondiavolo_B_B_B<~Controls.1~> 2 6 5 null
<game> buondiavolo_B_B_B<~Controls.1~> 1 null
<buondiavolo_B_B_B> 2 CCDFB7
$gus833<~Scribe.141~>337 338 <~Scribe.142~><~Game.1911~><~Scribe.143~><~Game.2036~><~Scribe.144~> 428478
$buondiavolo_B_B_B<~Scribe.141~>267 269 <~Scribe.142~><~Game.1990~><~Scribe.143~><~Game.2037~><~Scribe.144~> 7A1442
<gus833> press B2199E
$gus833<~Controls.304~>336 <~Controls.305~><~Game.1911~> 01F9CC
$gus833<~Controls.313~>344 <~Controls.307~><~Controls.314~><~Game.1911~> D0F172
$gus833<~Controls.662~>180 337 338 342 015 267 269 <~Controls.663~><~Game.2035~> DB4660
<gus833> nc CD1C0C
<buondiavolo_B_B_B> nc 201757
<game> gus833<~Controls.1~> 3 5 3 6 4 null
<gus833> 1 F240A0
<game> buondiavolo_B_B_B<~Controls.1~> 6 null
$gus833<~Scribe.141~>010 <~Scribe.142~><~Game.1911~><~Scribe.143~><~Game.2036~><~Scribe.144~> AF7F15
$gus833<~Scribe.141~>160 <~Scribe.142~><~Game.2034~><~Scribe.143~><~Game.2036~><~Scribe.144~> B465B6
$gus833<~Scribe.141~>423 <~Scribe.142~><~Game.32~><~Scribe.143~><~Game.388~><~Scribe.144~> 68A821
$buondiavolo_B_B_B<~Controls.271~>210<~Controls.272~><~Game.2042~><~Controls.273~><~Game.2035~> 978E16
$buondiavolo_B_B_B<~Controls.819~> 66A94A
$gus833<~Scribe.141~>160 010 <~Scribe.142~><~Game.2036~><~Scribe.143~><~Game.1990~><~Scribe.144~> 682B47
$gus833<~Controls.296~>160 096 010 268 <~Controls.297~><~Game.1990~> 168068
$gus833<~Controls.644~>361 <~Controls.645~><~Game.2035~> 8B3D05
$buondiavolo_B_B_B<~HighlightLabel.86~>212<~HighlightLabel.87~><~Game.2042~><~HighlightLabel.88~><~Game.2035~> 85F858
$buondiavolo_B_B_B<~Controls.323~>247 89C1D8
$buondiavolo_B_B_B<~Controls.644~>212 <~Controls.645~><~Game.2035~> DFBD9E
$gus833<~HighlightLabel.81~>362<~HighlightLabel.82~><~Game.2043~><~HighlightLabel.83~><~Game.2035~> D381AC
$gus833<~Scribe.141~>250 <~Scribe.142~><~Game.2012~><~Scribe.143~><~Game.2037~><~Scribe.144~> 8A2129
$gus833<~Scribe.141~>253 037 039 <~Scribe.142~><~Game.1911~><~Scribe.143~><~Game.1954~><~Scribe.144~> E6A765
$gus833<~Scribe.141~>040 <~Scribe.142~><~Game.1954~><~Scribe.143~><~Game.1984~><~Scribe.144~> F6C8F1
$gus833<~Controls.644~>362 250 <~Controls.645~><~Game.2035~> 34BDAF
$buondiavolo_B_B_B<~Controls.271~>210<~Controls.272~><~Game.2042~><~Controls.273~><~Game.2035~> 6850D1
$buondiavolo_B_B_B<~Controls.790~>247<~Controls.791~><~Game.525~><~Controls.792~><~Game.528~> 9DE98F
$buondiavolo_B_B_B<~Controls.795~>210<~Controls.796~><~Game.2035~><~Controls.797~><~Game.1997~> 8FD5DB
$gus833<~Controls.624~>217<~Controls.625~><~Game.2044~><~Controls.626~><~Game.2037~> null
$buondiavolo_B_B_B<~Controls.323~> D261FC
$buondiavolo_B_B_B<~Controls.323~>247 38A689
$buondiavolo_B_B_B<~Controls.644~>217 <~Controls.645~><~Game.2035~> 5E42F6
$gus833<~HighlightLabel.81~>103<~HighlightLabel.82~><~Game.2043~><~HighlightLabel.83~><~Game.2035~> 985CD5
<gus833> WLR E1E73C
$gus833<~Controls.840~>207 94914E
$buondiavolo_B_B_B<~Controls.840~>109 CE5F03
<auto> playchosen 5AA588
<auto><~Controls.3~>reveal 109 8614B4468433767DE010876DB24EBD8AB1F33DB8 22<~Controls.884~><~Controls.45~><~Controls.885~><~Game.2037~> FA796C
<auto><~Controls.866~>reveal 207 16DC93ACD7F7A79CAAC98BE20C770E80D87EE826 20<~Controls.867~><~Controls.46~><~Controls.868~><~Game.2036~> 935FCA
<auto> playchosen F5D249
<game> gus833<~Controls.1~> 4 3 6 3 5 null
<game> gus833<~Controls.1~> 4 1 1 3 null
<gus833> 1 C9CD17
<game> buondiavolo_B_B_B<~Controls.1~> 4 6 6 6 null
<buondiavolo_B_B_B> 4 038F0D
$gus833<~Scribe.141~>025 022 021 029 <~Scribe.142~><~Game.1954~><~Scribe.143~><~Game.2036~><~Scribe.144~> 4EA0F6
$buondiavolo_B_B_B<~Controls.304~>264 <~Controls.305~><~Game.1991~> 15DD58
$buondiavolo_B_B_B<~Controls.313~>268 <~Controls.308~><~Controls.314~><~Game.1991~> 4F4B48
<gus833> post FEEE36
<game> gus833<~Controls.1~> 4 null
<gus833> stop 5CFD6D
$gus833<~Controls.509~>184<~Controls.510~><~Game.2007~><~Controls.511~><~Controls.46~> null
$gus833<~Controls.644~>103 207 025 022 021 029 109 <~Controls.645~><~Game.2035~> 2127EB
$gus833<~Controls.276~>100<~Controls.277~><~Game.2043~><~Controls.278~><~Game.2035~> 098269
$gus833<~Controls.323~>255 E1EA94
$gus833<~Scribe.141~>351 054 053 <~Scribe.142~><~Game.1987~><~Scribe.143~><~Game.1980~><~Scribe.144~> F5B4E1
$gus833<~Scribe.141~>040 056 052 051 050 <~Scribe.142~><~Game.1984~><~Scribe.143~><~Game.1980~><~Scribe.144~> 19BB74
$gus833<~Controls.644~>100 <~Controls.645~><~Game.2035~> 9AEAC2
$gus833<~Controls.757~>105 360 102 <~Controls.758~><~Game.1997~><~Controls.759~><~Game.2043~> D1E8E0
$gus833<~Controls.762~>100 103 362 361 099 101 104 <~Controls.763~><~Game.2041~><~Controls.764~><~Game.2043~> E04AE3
$gus833<~Controls.509~>193<~Controls.510~><~Game.2006~><~Controls.511~><~Controls.46~> null
$gus833<~Controls.509~>189<~Controls.510~><~Game.2007~><~Controls.511~><~Controls.46~> null
$buondiavolo_B_B_B<~Controls.726~>210 211 <~Controls.727~><~Game.1997~><~Controls.728~><~Game.2042~> 657D3E
<~Game.7~>10 null
$buondiavolo_B_B_B<~Controls.731~>212 213 359 <~Controls.732~><~Game.2039~><~Controls.733~><~Game.2042~> 129BCC
$buondiavolo_B_B_B<~Controls.509~>141<~Controls.510~><~Game.2004~><~Controls.511~><~Controls.45~> null
$buondiavolo_B_B_B<~Controls.509~>146<~Controls.510~><~Game.2005~><~Controls.511~><~Controls.45~> null
<buondiavolo_B_B_B> fpok 8EB8C1
$gus833<~Controls.372~>100 D49D55
$gus833<~Controls.345~>103 362 361 099 101 104 105 360 102 <~Controls.346~>12 12 12 10 10 11 13 11 15 null
$gus833<~Controls.350~>103 362 361 099 101 104 105 360 102 null
<buondiavolo_B_B_B>  despee A3C01B
$buondiavolo_B_B_B<~Controls.345~>212 213 359 210 211 <~Controls.346~>1 2 1 0 2 null
$buondiavolo_B_B_B<~Controls.271~>210<~Controls.272~><~Game.2042~><~Controls.273~><~Game.2035~> ABC4A6
$buondiavolo_B_B_B<~Controls.509~>117<~Controls.510~><~Game.2004~><~Controls.511~><~Controls.45~> null
$buondiavolo_B_B_B<~Controls.644~>210 <~Controls.645~><~Game.2035~> E41C1B
$gus833<~HighlightLabel.81~>105<~HighlightLabel.82~><~Game.2043~><~HighlightLabel.83~><~Game.2035~> BACC2A
$gus833<~CardBuffet.14~>reveal 193 8CBFF8C05C3C4B5EC6C592F541453FD36516CF3C 10<~CardBuffet.15~><~Controls.46~><~CardBuffet.16~> 93478C
$gus833<~Controls.624~>233<~Controls.625~><~Game.2044~><~Controls.626~><~Game.2037~> null
$gus833<~Controls.644~>105 193 233 <~Controls.645~><~Game.2035~> 86CF60
$buondiavolo_B_B_B<~Controls.271~>211<~Controls.272~><~Game.2042~><~Controls.273~><~Game.2035~> CD70E8
$buondiavolo_B_B_B<~CardBuffet.9~>reveal 117 F0A5B3DD4EC31DED33461ACF5FC0A08CD49C6D67 17<~CardBuffet.10~><~Controls.45~><~CardBuffet.11~> C236EB
$buondiavolo_B_B_B<~Controls.281~>234 <~Controls.282~><~Game.2046~><~Controls.283~><~Game.2044~> 94E3F3
$buondiavolo_B_B_B<~Controls.644~>211 117 <~Controls.645~><~Game.2035~> 976FD8
$gus833<~HighlightLabel.81~>361<~HighlightLabel.82~><~Game.2043~><~HighlightLabel.83~><~Game.2035~> 80C87B
<gus833> dale from east nc 5146F3
$buondiavolo_B_B_B<~CardBuffet.9~>reveal 130 43CF6515F9DEC037FC748351D5A5ECB281350E33 15<~CardBuffet.10~><~Controls.45~><~CardBuffet.11~> AE183C
$buondiavolo_B_B_B<~Scribe.141~>245 068 308 066 <~Scribe.142~><~Game.1970~><~Scribe.143~><~Game.1965~><~Scribe.144~> 92C534
$buondiavolo_B_B_B<~Controls.644~>361 130 <~Controls.645~><~Game.2035~> 5E75FC
$gus833<~Scribe.141~>040 056 052 051 050 351 054 053 <~Scribe.142~><~Game.1980~><~Scribe.143~><~Game.1970~><~Scribe.144~> 572883
$gus833<~Scribe.141~>258 <~Scribe.142~><~Game.2002~><~Scribe.143~><~Game.2003~><~Scribe.144~> 91DE92
$gus833<~Controls.644~><~Controls.645~><~Game.2035~> BBD46D
$buondiavolo_B_B_B<~Controls.271~>359<~Controls.272~><~Game.2042~><~Controls.273~><~Game.2035~> BAC2E1
$buondiavolo_B_B_B<~Controls.323~>247 6EC9E5
$buondiavolo_B_B_B<~Controls.644~>359 <~Controls.645~><~Game.2035~> 2F25D4
$gus833<~Scribe.141~>423 <~Scribe.142~><~Game.388~><~Scribe.143~><~Game.389~><~Scribe.144~> 69784E
$gus833<~HighlightLabel.81~>103<~HighlightLabel.82~><~Game.2043~><~HighlightLabel.83~><~Game.2035~> 7A32B7
$gus833<~Scribe.141~>056 050 051 052 053 <~Scribe.142~><~Game.1970~><~Scribe.143~><~Game.1954~><~Scribe.144~> 828439
$gus833<~Controls.644~>103 <~Controls.645~><~Game.2035~> DFFA9D
$buondiavolo_B_B_B<~Controls.271~>213<~Controls.272~><~Game.2042~><~Controls.273~><~Game.2035~> 57BFF4
$buondiavolo_B_B_B<~CardBuffet.9~>reveal 146 09B24E14EDEF1D32F264E56EA3EBC9E5EE9313CD 3<~CardBuffet.10~><~Controls.45~><~CardBuffet.11~> 49D827
<game> buondiavolo_B_B_B<~Controls.1~> 6 1 3 6 2 null
<buondiavolo_B_B_B> 2 816D28
$gus833<~Scribe.141~>026 027 <~Scribe.142~><~Game.1954~><~Scribe.143~><~Game.2036~><~Scribe.144~> 4D9D3B
$buondiavolo_B_B_B<~Controls.644~>213 026 027 146 <~Controls.645~><~Game.2035~> D7AD7F
$gus833<~HighlightLabel.81~>099<~HighlightLabel.82~><~Game.2043~><~HighlightLabel.83~><~Game.2035~> C1D7D8
$gus833<~Scribe.141~>251 <~Scribe.142~><~Game.2011~><~Scribe.143~><~Game.2037~><~Scribe.144~> 0B9BBE
$gus833<~CardBuffet.14~>reveal 168 D604FAED7BCCFCB88378E3B7D99DD9B314C00DC1 20<~CardBuffet.15~><~Controls.46~><~CardBuffet.16~> 485C35
<gus833> WLR 9EC3DF
<game> gus833<~Controls.1~> 1 1 4 6 5 null
<gus833> 2 B186A0
$buondiavolo_B_B_B<~Scribe.141~>094 <~Scribe.142~><~Game.1991~><~Scribe.143~><~Game.2037~><~Scribe.144~> 40234D
$gus833<~Controls.644~>099 168 251 094 <~Controls.645~><~Game.2035~> C58D00
$buondiavolo_B_B_B<~Controls.366~>249<~Controls.367~><~Game.2008~><~Controls.368~><~Game.2011~> DA6890
$buondiavolo_B_B_B<~Controls.509~>106<~Controls.510~><~Game.2005~><~Controls.511~><~Controls.45~> null
$buondiavolo_B_B_B<~Controls.644~><~Controls.645~><~Game.2035~> E0B3C9
<gus833> using your last die? 067B46
<buondiavolo_B_B_B> yew EA4844
<buondiavolo_B_B_B> i cannot 2352E0
$gus833<~Scribe.141~>212 <~Scribe.142~><~Game.2042~><~Scribe.143~><~Game.2035~><~Scribe.144~> D7A825
$gus833<~Controls.644~>212 <~Controls.645~><~Game.2035~> B4DABD
<buondiavolo_B_B_B> win 883DA0
<gus833> it does not look good 27BDBD
$gus833<~HighlightLabel.81~>362<~HighlightLabel.82~><~Game.2043~><~HighlightLabel.83~><~Game.2035~> 845C8F
<gus833> WLR EAE477
$gus833<~Controls.840~>178 2C40BD
$buondiavolo_B_B_B<~CardBuffet.3~>106 <~CardBuffet.4~><~Controls.45~><~CardBuffet.5~><~Controls.45~> FB6877
$buondiavolo_B_B_B<~Controls.840~>106 2FAE79
<auto> playchosen 085E3B
<auto><~Controls.3~>reveal 106 9920C7B11714928EE046CC99C1B9330CD733C985 16<~Controls.884~><~Controls.45~><~Controls.885~><~Game.2037~> 0E4BAF
<auto><~Controls.866~>reveal 178 91B1666B0172704B746FD7CB16BE088C4A94C2BD 1<~Controls.867~><~Controls.46~><~Controls.868~><~Game.2036~> 38BD56
<auto> playchosen C954B3
<game> gus833<~Controls.1~> 1 5 5 5 4 null
<gus833> 3 F16703
<buondiavolo_B_B_B> lesone 0B21D9
<game> buondiavolo_B_B_B<~Controls.1~> 2 3 2 null
<game> buondiavolo_B_B_B<~Controls.1~> 6 6 null
<buondiavolo_B_B_B> 2 64C71F
$gus833<~Scribe.141~>028 023 <~Scribe.142~><~Game.1954~><~Scribe.143~><~Game.2036~><~Scribe.144~> 64E7B6
<gus833> gg 296C55
$buondiavolo_B_B_B<~Scribe.141~>243 098 268 088 <~Scribe.142~><~Game.1991~><~Scribe.143~><~Game.2037~><~Scribe.144~> 2B503B
$gus833<~Controls.644~>362 178 028 023 106 243 098 268 088 <~Controls.645~><~Game.2035~> B7DA12
<buondiavolo_B_B_B> gg E29BFD
$gus833<~Scribe.141~>423 <~Scribe.142~><~Game.389~><~Scribe.143~><~Game.392~><~Scribe.144~> E80604
<buondiavolo_B_B_B>  not a goodgame 45B799
<buondiavolo_B_B_B> forme 7FF3EF
<gus833> no, I got very lucky on the hunt 4F6053
<gus833> every reveal tile basically AC0994
<gus833> and no eyes before mordor 17F41D
<buondiavolo_B_B_B> 8F512B
<buondiavolo_B_B_B> notlookk F5E427
<buondiavolo_B_B_B> that 9C6B35
<buondiavolo_B_B_B>  the elite 1CC7BB
<buondiavolo_B_B_B> did something F5AE68
<buondiavolo_B_B_B>  i think need many more 8C0292
<gus833> yes I agree 996D87
<buondiavolo_B_B_B> toimpactthegame F8B8C8
<gus833> I think it is too easy for SP to avoid areas on the board altogether BCFB8E
<gus833> so unless the perfect cards show up SP can just attack wherever the FP does not muster 92AFA2
<buondiavolo_B_B_B> and you took DB48C9
<buondiavolo_B_B_B>  Da A70308
<buondiavolo_B_B_B> where i put one elite 854131
<gus833> yes. if you draw imrahil I think the elite makes a big difference 4C3774
<gus833> but just the elite by itself does not do enough 5A5FE8
<buondiavolo_B_B_B> D0CD52
<buondiavolo_B_B_B>  soremmenber next game FBB647
<buondiavolo_B_B_B>  all the luck were for me alone ! 948BC1
<gus833> haha yes! E50E3F
<buondiavolo_B_B_B> ciaO C1214E
<gus833> cya! 1E0335
<~Talker.22~> null
