<auto> silent null
<auto><~Scribe.141~>363 397 398 402 401 400 399 403 404 376 375 374 373 377 378 <~Scribe.142~><~Game.2038~><~Scribe.143~>Spare<~Scribe.144~> null
<auto><~Scribe.141~>365 366 379 380 381 382 383 384 385 386 387 388 389 390 391 392 393 394 395 396 367 368 369 370 371 372 <~Scribe.142~><~Game.2040~><~Scribe.143~>Spare<~Scribe.144~> null
<auto><~Scribe.141~>230 231 <~Scribe.142~><~Game.2044~><~Scribe.143~>Spare<~Scribe.144~> null
<auto><~Scribe.141~>155 152 <~Scribe.142~><~Game.2004~><~Scribe.143~>Spare<~Scribe.144~> null
<auto><~Scribe.141~>137 151 <~Scribe.142~><~Game.2005~><~Scribe.143~>Spare<~Scribe.144~> null
<auto><~Scribe.141~>161 198 <~Scribe.142~><~Game.2006~><~Scribe.143~>Spare<~Scribe.144~> null
<auto><~Scribe.141~>163 188 <~Scribe.142~><~Game.2007~><~Scribe.143~>Spare<~Scribe.144~> null
<auto><~Controls.323~>364 null
<auto> noisy null
<auto> silent null
<auto><~Scribe.141~>312 <~Scribe.142~><~Game.2038~><~Scribe.143~><~Game.1965~><~Scribe.144~> null
<auto> noisy null
<~Game.7~>1 null
<auto> silent null
<auto><~Scribe.141~>363 397 398 402 401 400 399 403 404 376 375 374 373 377 378 <~Scribe.142~><~Game.2038~><~Scribe.143~>Spare<~Scribe.144~> null
<auto><~Scribe.141~>365 366 379 380 381 382 383 384 385 386 387 388 389 390 391 392 393 394 395 396 367 368 369 370 371 372 <~Scribe.142~><~Game.2040~><~Scribe.143~>Spare<~Scribe.144~> null
<auto><~Scribe.141~>230 231 <~Scribe.142~><~Game.2044~><~Scribe.143~>Spare<~Scribe.144~> null
<auto><~Scribe.141~>155 152 <~Scribe.142~><~Game.2004~><~Scribe.143~>Spare<~Scribe.144~> null
<auto><~Scribe.141~>137 151 <~Scribe.142~><~Game.2005~><~Scribe.143~>Spare<~Scribe.144~> null
<auto><~Scribe.141~>161 198 <~Scribe.142~><~Game.2006~><~Scribe.143~>Spare<~Scribe.144~> null
<auto><~Scribe.141~>163 188 <~Scribe.142~><~Game.2007~><~Scribe.143~>Spare<~Scribe.144~> null
<auto><~Controls.323~>364 null
<auto> noisy null
$base silent null
$TEST<~Scribe.141~>312 <~Scribe.142~><~Game.2038~><~Scribe.143~><~Game.1965~><~Scribe.144~> null
$base noisy null
<game> gus833<~Controls.408~>[WOTR-Gandalf2 wotr base2] null
<~Talker.31~> null
<gus833> hey! 
<Byz> It worked! 
<Byz> Nice 
<gus833> cool 
<Byz> How are ya 
<gus833> pretty good! 
<gus833> how about you? 
<Byz> Good too! Nice to be at the end of the week 
<Byz> Want to use muster points? 
<gus833> sure 
<gus833> roll for bid? 
<game> Byz<~Controls.1~> 5 null
<game> gus833<~Controls.1~> 4 null
<Byz> sounds good 
<Byz> bid 1 MP to play shadow 
<gus833> 1.5 
<Byz> I will take it 
<Byz> GLHF! 
<gus833> glhf! 
$Byz<~Scribe.141~>273 <~Scribe.142~><~Game.2038~><~Scribe.143~><~Game.1920~><~Scribe.144~> 
$gus833<~Controls.479~>1C39870AB590935A492D0AB03154B23D2A92A242 6FE67E3379A304635F5175A4773A79C3 24 6DF0022AA2543DA5D2C77443BD6F3F1868F6B7AF A7A5392578D26567AD717A35FA9D9F04 A2B5DCA227647A39DB2DD3E817E50F1681480A93 AE0AEF0B9C560DFA3F3A1E89151361AA 389D44D21CA6CE6F894203FDC533A8F4D0B1DCC5 BA78BEC2567298B9370DF2D072CB0945 D25A876597C54C6BF0822FE69A197794D26ED8B8 01000C4000B1570CAD1A0C5815E8FF3D 8400C1D640F05A72E8283672EC8547C80D2A9FF4 38C917830D4610EAD4A1D501B08D4B69 7FC59DBA95AB4FC9333461C967BD5AA0482CC32F 5635A26280AB178D5BA0192E346A9BB9 BF7BA0A670A299D34B2BBF34FD1957E245551951 9DB54BBFA233E69C159444F2AB7F93A3 70EF8BB42F0402E176B8888CC3B17318B961A0CE DA9FCB69EE81D41CDB32AC134448BD5B C6B639A2B41F097B4C996F18D1AB874DC34B02DB EA8209DD501F83CCB13CC0DAAF874D90 5656AEAD3DE19B80911730B8D310C03EC03E0708 80BFD8E28E9DAAA327CC7311AB5D652E 698A68432B8E90A863CE311F4CA9311AC2253860 2669CE7F06FE054C01C9404ADC6DB99E EE44CFF3E608AC4D95C0DF5405084A7DEA12DB4B 81B3A583994FF08819611DCFE130E338 4BC83F7ABD047B273FC71411B2D162F64476C172 D86F27C8E7B7692884ABD55AA6C24D54 B5AF890CDF98749EC37A397CAC857ED2AB8903C0 D65ECD34BC5BC7A3F4D9B971F5C1F0CA DA5D8265B84C0475C152EC774E55955EF2D129A5 8F5AA2C1C9DA94F25C9CB3E25315213A CCA2491BBD9DD4AD4E0C1C4182F33A742F38618D C09C6CEC96526527D99ADBA509A9E829 593CD79EFB0869DA28DD4B6377BEB81ECB559324 5AA53FE0B71CBD57D029D20B807AD330 CD7A902D7495F12CD5EE715ED7129F2C1047A33B 418567353DBC1C9D539CAC7FD284316A 02CF381C12A7BD855822FC10838C4A8E38244FD6 509177F66FAEC8F0C8D87A1E9C62B23C 7FB71D3E07788E4821591115BD286F8B2EA30D18 A0C1620BBA127175CC137F2119B938A8 DAF603AA299A0227E7965F8655552913868F0C7C 0A41245DE55D97DC54D56BB56CC01099 583426224912A0B2193510DB8551A26CDE5E68E4 E9F0E2C7888CBFD815AC9AE73C7D9625 98ED952DE7E6D0F11A70E2DA0D7EF9342BBC7F91 24E5E21EBE885D8C26337004867F0D07 5816FB1C192D04F19F63C631A421087F28AD7172 6B1C443919B74627E24D482EAD3A3508 24 9C2F915F3A728155A811EA9AFB9F70226A722CED C0F8BDD8D6DE7A2412BE8F54D54A42D9 CFA6F80EF07DD5463A8C599701E13F9FA234C5C9 383C7BA051E196074C785EA5723B969A 8642768F9C31AF78497BAFD004837A7F4E8D0292 028E32AABBF476F7955A385B1BA31433 DE7DEF1BA0576A2C30021671A7DD91418D0E306F A8CBD33E0956B5F94D29D08AA4A88DF5 82D3717928C0C4DC0EA5FFB20B511117EA4C9D37 95AAE2FE2FA60DEC4CF6029C6A45A34F F81B42826F1239CA11D1D161577B659AAD14C26F D66D1B518D667C2447560014F0D80FED FF3DC2F960749F3AB7290A19F561FCA18B0E2D4A 24B48634A94875127808F696AAE18969 479F8FDAFF5A8156A1054789AE4D57D329CC9754 21A2EDD11F45027A7EF4DBC319EFE9F2 399B1C1C0202F953D516ADE3031F8D08EFC83106 E2ECEF1FD5AD484881A2671F1721F509 34B98926CEF3A73A8E94841BE71196936E0AE0F8 AD88112172AF105F9991FC6973C87F63 2646FDDA9C1EF686324C7BEA173C6D254AC974E3 03002E3C10F6BE8D7010E1D9C0FCC01A 3DC26B95C97C40E464BF439ACC01467053A6844C E0B61BBA2F69F7B8257C550D6A3BE959 20CD0C60E1A7A2DA9B58CEBB07A43B38FAD66A45 409E29DFED321B9A7309A68909649B14 21A8A5096F087A3502357AD537AAD9A28599CB2C E51BC678738643A4127C2D13F9A508BA B27343AAB2989F73FD78D61417C969B7B8CFB9F9 572A4627B2D97D505C70C1882A336507 2C3F9C3EF07A459C29DA9F3B8BD6CFE56E7A29C0 2CF5AF854F86251E341B678934CC7498 106F8A0245124BC0EE7AED111500473A5985C578 8975DC75DB0582F123A4B97FAD794B08 6E79F5E73BCF6F42F63C3757782ED664D430099B E8D277EA473D9099C37D5999BE065089 395D94CE4F1FCB706BA3C5F16D24941F2D27D3D0 1B8CA032968B504960604E34F41053C6 303277FD95FCA2634AC6FA8C7135BBABE1D2A590 90AC61F8D48F5AD0DBCABBCE53C166A8 505E98F68105E7F9EE0B5EA4D80497D42EA29D8C D591444446DA12A5D12DE210B08250A3 AFF8ACBA5D56F3BCB060BB8A7CB2D9E9C5C95525 5E05FB20E2FCED1FFD24650C40492F5E EC29034A477F3A66A8E5283A7DACC562D2EBC432 86AEEA2201AFEF0DDA6271D86B3F86B4 1F58EB47FE0B45713607F667998F21289D9879DE D3206F9C52F84B688C32E3BEE6EB84FE 0 0 95733D
$gus833<~Controls.509~>169<~Controls.510~><~Game.2006~><~Controls.511~><~Controls.46~> null
$gus833<~Controls.509~>183<~Controls.510~><~Game.2007~><~Controls.511~><~Controls.46~> null
$Byz<~Scribe.141~>303 <~Scribe.142~><~Game.2038~><~Scribe.143~><~Game.1970~><~Scribe.144~> 
$Byz<~Controls.464~>65BC82BBAF73AD77AA35F0C792D290F411A3F7F6 21D75D27F00CC6984C0AFC301C190967 24 6B0A5F1DBC6077967CB45154D104A713FD294DE4 37800DBAC27C973A89A2BAC047AEDB36 EB88A291623B6EBC53AD48E83CCA3F57403B9745 DE4992D58B4DF8D411D9CD430768EB59 10F5433A0F1D09C6E23C0688C70FC8B04CFAACF0 AB4E6D3E56629ADF2CE7E49CC750A005 EE36D6FDB7AC1AAC2C91B583BA1DDD437F1A0F0A 004F876CA5B7118C6501441A5C8DD5E7 9BFE2771FB2EC6CA8A8E31BA073B1431A178C32C 8DD90C69A53BA8DAB61D26105912AF9B AC69EC2884DECA44BD8FD11172A410B34B47DDF3 1AF8C58FA2759AEEE277F22BA0DA84F0 34ED48A86FA94889D0399EF6E8336E0EC680C03C 8264B5BCBCB032DC22781B143C733216 3EA88F75235A6E9EC0AE74A9F311582867A07638 028A0761DB9D5F7003E0B29D6EF0B2A7 49663F913670E3BBEB5F9446C65CB7C93A503000 B3D6196CE0A0BE998E61190B05A0DEAA 96118AD1E73CBAE0EA407FDD2AE89183B61BB655 5521E7DA1C3DE1A5A904EE14F20CA1A3 626B9234FAB0CAEBCB343E7F59CB9EA1819B9010 4D27AE11055518A6BCFEC3411B28534F D1111BE421089C355ACDD546BE1BF3994C8E8570 F066731D2631872C96E06B806FAA4E1B 455BEFB2A4B9F4A449D8A222215F963ACD72173D 01DA4F5D5782EB87923E076E3A048DDD 68EF7A4168290AF29FB5EB47AC84F19307B20BED 785492622ED3A681F536ECEABA6D7540 1B2D58356401FB9F054BA20562904EE602D25542 858BD19AB51C69E99A7AD001F1EC2209 F4C92313203E65AE893D23382A6CAF8C2E1B86EB D308695C5C72A363D0BB09F2BC64A44A E46F85741F5FC531619BC5901C59CDC7DEE72CB3 108EBB8431F9E4A682A72BD224014676 A61CD563D303BED4C57C187A3BF4AF0D09C9CCCB ADAC39144E9EB3B799CC298AF394145A B8147C194BEF25CE9577F425EB0A22E2BCFBD882 E295D32E914095959D15A6458ABCC0A8 9E7D64D23CF7FB0C312900BF9D11E4B9FD1120BD F46669FC924115F6A2B87A4EF1D910D2 1B29F640CB20101B9B2508EAC0F279382C535C87 BA753DF4D1B1DD1661C118F72F3E6E4E 83DC46AE7A8DFE8C86C066083AB8C43FA2E91D15 5D61A0CC2F8CBACDA49942BADC130B2C 22B2A1ACFB4B774E47E09D6C802F041831D7EC4F 5EEB463D9FB4D0EFE7333C7CF4DEE39D 41794F1643921A0C1481CD1E3AC67EFD127094E5 DDDC35EB1DAEB9073CBC004FEDA5B88D 24 6A9F874289AB441356D8B45BB30C26E624ED6127 177C30A1DE3BD0676FF3A7C90A18471F 7EA3C33FD09C791CE13A690DE17EB2120F37B2BD 30565A9BC86109B2699823D9F144D09D 7D9B140B46A1310D0119D1622F2CA31563BB73CD 3261856024787864D9831F807BB9893A 938A90FE640047925FC329EBCD951C364E4A667A 55BAB1E391465440105A55BBCB15432C 9EF8B38D5D68CB3C62BE11DE96D2F04D9321A5BD 8084D4743B5A3E142CF74E49A1708653 0CB6760BD2E1ADB478655D6127E1A5AF36A3D88A 0FAB4F254D0BEDA078F9A066F01B0B44 E203965B23C605AA47A8DBE5FACC8FF9D11AC910 D68CDC7AA3E56BBC130E594CAD9EB711 E0288CD1AC7466E335E5482773CBC6B04C55727D 66D347A7C4682D3BCEE3F1EBE9F7E825 57AEA353ABBC699A8A30202A26AEE18D58BD4F1A 8EFA7C8C0F53646A5AE8D8AC217F82AE E1950172677FE9CEBD26BF00F67842C65EB25A2C 244C44EF33ECC96BA333B0E1D4F5AA7C 15B82E9E4144F7A9857E90CF9E7F59001FFF1ACA 0554FEB7E4025A9B764539F9569E50CA 07BB45CDDBDFD9F46513E43AF5A8355D8468C796 5910D49BCB91E45A69797BAEE46BD7D4 5F5A2415101BDC9EDC444F9529A38DDC74729A6E 1B628322BD3FE068FB548367F79FF155 55BC2EB0F2E4F9F7F2C4811D5B4FA0EACC61917B D88163992F2FE8F6F91346A8DD68D402 1C3D8691EB1FAAFFE0FC8B6116AC20E584FDBA75 B67CB50BE9D0026C231707C28455FF92 87FC8C44B3932AEFC1301CE50A538E4A921DB2F2 B7FD10F7FAAD76760F19535D99B2E6AB 9D4797C18D0945C0C5C5374AC2E103F024C0467B 3FE7FDD8EB5CCD534E4D7FEFD1243E0B B608BE83B85F632EECF9E97B3007D24D7D37AC74 D380CF543716F402CCCDD8CA8514A297 6FFAF711436077C64CFC48F425269D6B76FF3472 233DDE06F99B6C1F7CFA921484BE33A4 E0B1E18B2A2135A4953E9FAD77A6A30B5D8ECEE9 495C89E0E768781434AF493B24FEA4C8 1F41952A1FB8FDA81497F4A2D95EF5D6519B5A9E 53EE395F7E5A5307D573D6669A246EA1 5C2C4103F505D92A609CC3D396314939636293EA FEF9341C7F4A3297AE0A86048B71B99C 18CEF6E9867C313B856B804E72F5824764607148 C4CBA21B994B0D642101AEEBE200357D 27AD1F58034A4DE0778A5F1A8C0EF553547869A3 19B10D33677D842987267864E341B55D 0 0 239901
$Byz<~Controls.509~>148<~Controls.510~><~Game.2004~><~Controls.511~><~Controls.45~> null
$Byz<~Controls.509~>143<~Controls.510~><~Game.2005~><~Controls.511~><~Controls.45~> null
<Byz> f ok D9261F
<gus833> 0e F5D8A2
$gus833<~Controls.345~>105 104 103 102 101 100 099 <~Controls.346~>13 15 14 11 11 14 15 null
$gus833<~Controls.350~>105 104 103 102 101 100 099 null
$Byz<~Controls.345~>213 212 211 210 <~Controls.346~>2 2 3 2 null
<Byz> pass 1EC8F1
<gus833> hope you got soemthing playable haha D48783
$gus833<~HighlightLabel.81~>101<~HighlightLabel.82~><~Game.2043~><~HighlightLabel.83~><~Game.2035~> 189398
$gus833<~HighlightLabel.101~>263<~HighlightLabel.102~><~Game.2002~><~HighlightLabel.103~><~Game.2003~> FBBE86
$gus833<~Controls.644~>101 <~Controls.645~><~Game.2035~> CBEB5F
$Byz<~Scribe.141~>210 <~Scribe.142~><~Game.2042~><~Scribe.143~><~Game.2035~><~Scribe.144~> 5E119A
$Byz<~Controls.509~>131<~Controls.510~><~Game.2005~><~Controls.511~><~Controls.45~> null
$Byz<~Controls.644~>210 <~Controls.645~><~Game.2035~> C5B653
$gus833<~HighlightLabel.81~>100<~HighlightLabel.82~><~Game.2043~><~HighlightLabel.83~><~Game.2035~> 8223C9
$gus833<~Controls.509~>196<~Controls.510~><~Game.2007~><~Controls.511~><~Controls.46~> null
$gus833<~Controls.644~>100 <~Controls.645~><~Game.2035~> D82113
$Byz<~Scribe.141~>213 <~Scribe.142~><~Game.2042~><~Scribe.143~><~Game.2035~><~Scribe.144~> 89B1D6
$Byz<~Scribe.141~>reveal 131 CFEAFAE4B063AE05F966682E00B6728A5EDE7D76 19 <~Scribe.142~><~Controls.45~><~Scribe.143~><~Game.2037~><~Scribe.144~> E18B8D
$Byz<~Scribe.141~>309 315 <~Scribe.142~><~Game.2038~><~Scribe.143~><~Game.1965~><~Scribe.144~> D855E5
$Byz<~Controls.509~>150<~Controls.510~><~Game.2005~><~Controls.511~><~Controls.45~> null
$Byz<~Controls.644~>213 131 <~Controls.645~><~Game.2035~> 7436D6
$gus833<~HighlightLabel.81~>102<~HighlightLabel.82~><~Game.2043~><~HighlightLabel.83~><~Game.2035~> BE72C3
$gus833<~Scribe.141~>254 <~Scribe.142~><~Game.2040~><~Scribe.143~><~Game.1919~><~Scribe.144~> D13D21
$gus833<~Scribe.141~>362 <~Scribe.142~><~Game.2040~><~Scribe.143~><~Game.2037~><~Scribe.144~> B2CE47
$gus833<~Controls.644~>102 362 <~Controls.645~><~Game.2035~> 527F37
$Byz<~Scribe.141~>212 <~Scribe.142~><~Game.2042~><~Scribe.143~><~Game.2035~><~Scribe.144~> 7A5B83
$Byz<~Scribe.141~>reveal 150 9E42437EB93A379A7A8E8043E33F4D785255214D 18 <~Scribe.142~><~Controls.45~><~Scribe.143~><~Game.2037~><~Scribe.144~> D39268
$Byz<~Scribe.141~>283 289 <~Scribe.142~><~Game.2038~><~Scribe.143~><~Game.1923~><~Scribe.144~> EBDBE4
$Byz<~Controls.509~>120<~Controls.510~><~Game.2005~><~Controls.511~><~Controls.45~> null
$Byz<~Controls.644~>212 150 <~Controls.645~><~Game.2035~> F42B60
$gus833<~HighlightLabel.81~>105<~HighlightLabel.82~><~Game.2043~><~HighlightLabel.83~><~Game.2035~> 79AFE8
$gus833<~Scribe.141~>039 036 029 028 027 026 <~Scribe.142~><~Game.1979~><~Scribe.143~><~Game.533~><~Scribe.144~> 1AE16C
$gus833<~Controls.644~>105 <~Controls.645~><~Game.2035~> D48DD6
$Byz<~Scribe.141~>211 <~Scribe.142~><~Game.2042~><~Scribe.143~><~Game.2035~><~Scribe.144~> F6FFC9
$Byz<~Scribe.141~>256 <~Scribe.142~><~Game.2000~><~Scribe.143~><~Game.2001~><~Scribe.144~> 55FC2D
$Byz<~Controls.644~>211 <~Controls.645~><~Game.2035~> 2D8BCD
$gus833<~Controls.276~>103<~Controls.277~><~Game.2043~><~Controls.278~><~Game.2035~> 2A3AC7
$gus833<~Controls.509~>180<~Controls.510~><~Game.2007~><~Controls.511~><~Controls.46~> null
$gus833<~Controls.644~>103 <~Controls.645~><~Game.2035~> 45A43C
$Byz<~Controls.731~>211 212 213 210 <~Controls.732~><~Game.2039~><~Controls.733~><~Game.2042~> 6F6BD3
$Byz<~Controls.757~>104 099 <~Controls.758~><~Game.1997~><~Controls.759~><~Game.2043~> B89341
<~Game.7~>2 null
$Byz<~Controls.762~>103 105 102 362 100 101 <~Controls.763~><~Game.2041~><~Controls.764~><~Game.2043~> 224B7A
$Byz<~Controls.509~>142<~Controls.510~><~Game.2004~><~Controls.511~><~Controls.45~> null
$Byz<~Controls.509~>113<~Controls.510~><~Game.2005~><~Controls.511~><~Controls.45~> null
$gus833<~Controls.509~>200<~Controls.510~><~Game.2006~><~Controls.511~><~Controls.46~> null
$gus833<~Controls.509~>185<~Controls.510~><~Game.2007~><~Controls.511~><~Controls.46~> null
<Byz> well, lots of drawing for both of us 759E93
<Byz> f ok D95725
<gus833> yup 296299
<gus833> 0e E2929E
$gus833<~Controls.345~>103 105 102 362 100 101 104 099 <~Controls.346~>11 11 10 14 12 11 12 14 null
$gus833<~Controls.350~>103 105 102 362 100 101 104 099 null
$Byz<~Controls.345~>211 212 213 210 <~Controls.346~>0 2 0 0 null
$Byz<~Scribe.141~>211 <~Scribe.142~><~Game.2042~><~Scribe.143~><~Game.2035~><~Scribe.144~> 676D9C
$Byz<~Controls.790~>248<~Controls.791~><~Game.2014~><~Controls.792~><~Game.2015~> 8153B9
$Byz<~Controls.795~>211<~Controls.796~><~Game.2035~><~Controls.797~><~Game.1997~> CFF174
$gus833<~HighlightLabel.81~>102<~HighlightLabel.82~><~Game.2043~><~HighlightLabel.83~><~Game.2035~> 087A90
$gus833<~Scribe.141~>262 <~Scribe.142~><~Game.2002~><~Scribe.143~><~Game.2003~><~Scribe.144~> 35018F
$gus833<~Controls.644~>102 <~Controls.645~><~Game.2035~> 16198A
$Byz<~Scribe.141~>210 <~Scribe.142~><~Game.2042~><~Scribe.143~><~Game.2035~><~Scribe.144~> 68D360
$Byz<~Controls.790~>248<~Controls.791~><~Game.2015~><~Controls.792~><~Game.2016~> 6EDF52
$Byz<~Controls.795~>210<~Controls.796~><~Game.2035~><~Controls.797~><~Game.1997~> A2EE82
$gus833<~HighlightLabel.81~>362<~HighlightLabel.82~><~Game.2043~><~HighlightLabel.83~><~Game.2035~> 8CB12C
$gus833<~CardBuffet.14~>reveal 180 D91392E1D61FE75D72621FA93B52461EEB7805F5 8<~CardBuffet.15~><~Controls.46~><~CardBuffet.16~> CDA562
$gus833<~Scribe.141~>320 335 336 <~Scribe.142~><~Game.2040~><~Scribe.143~><~Game.1917~><~Scribe.144~> 6E8FC6
$gus833<~Controls.644~>362 180 <~Controls.645~><~Game.2035~> 2F1F13
<Byz> pass 5D92B3
<gus833> thinking 2A222F
$gus833<~HighlightLabel.81~>104<~HighlightLabel.82~><~Game.2043~><~HighlightLabel.83~><~Game.2035~> 9A1FDF
$gus833<~Scribe.141~>039 036 029 028 027 026 <~Scribe.142~><~Game.533~><~Scribe.143~><~Game.1974~><~Scribe.144~> 7C0AE2
$gus833<~Scribe.141~>040 035 015 014 013 012 011 <~Scribe.142~><~Game.1956~><~Scribe.143~><~Game.1958~><~Scribe.144~> 7E93AA
$gus833<~Controls.644~>104 <~Controls.645~><~Game.2035~> BBD015
<Byz> pass D75F37
$gus833<~HighlightLabel.81~>100<~HighlightLabel.82~><~Game.2043~><~HighlightLabel.83~><~Game.2035~> 62197D
$gus833<~Scribe.141~>039 038 036 029 028 027 026 025 024 023 022 021 <~Scribe.142~><~Game.1974~><~Scribe.143~><~Game.1976~><~Scribe.144~> 778F18
$gus833<~Scribe.141~>040 035 015 014 013 012 011 <~Scribe.142~><~Game.1958~><~Scribe.143~><~Game.1957~><~Scribe.144~> 35B5C3
$gus833<~Controls.644~>100 <~Controls.645~><~Game.2035~> FDF3A1
$Byz<~Controls.323~>258 1CD5AB
<Byz> pass F84923
$gus833<~HighlightLabel.81~>101<~HighlightLabel.82~><~Game.2043~><~HighlightLabel.83~><~Game.2035~> CBEDEC
<gus833> WLR 99CFD2
$Byz<~Scribe.141~>098 094 088 <~Scribe.142~><~Game.1954~><~Scribe.143~><~Game.1991~><~Scribe.144~> 77399C
$gus833<~Scribe.141~>040 035 015 014 013 012 011 <~Scribe.142~><~Game.1957~><~Scribe.143~><~Game.1954~><~Scribe.144~> D2CD11
$gus833<~Controls.644~>101 <~Controls.645~><~Game.2035~> 88EA39
$Byz<~Scribe.141~>256 <~Scribe.142~><~Game.2001~><~Scribe.143~><~Game.2002~><~Scribe.144~> 10190D
$Byz<~Scribe.141~>212 <~Scribe.142~><~Game.2042~><~Scribe.143~><~Game.2035~><~Scribe.144~> 8BBC86
$Byz<~Scribe.141~>reveal 113 9250FAAD9E5E870AC99C2539D9D5A02824BE4C7B 2 <~Scribe.142~><~Controls.45~><~Scribe.143~><~Game.2037~><~Scribe.144~> D9CB18
$Byz<~Scribe.141~>267 <~Scribe.142~><~Game.2038~><~Scribe.143~><~Game.1991~><~Scribe.144~> 1D4687
$Byz<~Controls.509~>110<~Controls.510~><~Game.2005~><~Controls.511~><~Controls.45~> null
$Byz<~Controls.509~>156<~Controls.510~><~Game.2005~><~Controls.511~><~Controls.45~> null
$Byz<~Controls.644~>212 113 <~Controls.645~><~Game.2035~> 097AEB
$gus833<~HighlightLabel.81~>105<~HighlightLabel.82~><~Game.2043~><~HighlightLabel.83~><~Game.2035~> DA92DF
<gus833> WLR 240EDE
$gus833<~Controls.840~>196 928344
$Byz<~Controls.840~>110 8C0DB2
<auto> playchosen 62955A
<auto><~Controls.3~>reveal 110 ED194EC2B4179AF34012733FD53DDBD2C8B1CC51 0<~Controls.884~><~Controls.45~><~Controls.885~><~Game.2037~> 61624B
<auto><~Controls.866~>reveal 196 2B4013157E1E55D29A512C89BEE378376DF581BD 16<~Controls.867~><~Controls.46~><~Controls.868~><~Game.2036~> 70A8DB
<auto> playchosen 3EAB1C
<game> gus833<~Controls.1~> 1 4 3 3 6 null
<game> gus833<~Controls.1~> 1 null
<gus833> 1 870378
<game> Byz<~Controls.1~> 4 6 6 null
<Byz> 4 E174B0
$gus833<~Scribe.141~>035 015 <~Scribe.142~><~Game.1954~><~Scribe.143~><~Game.2036~><~Scribe.144~> 48762F
$Byz<~Scribe.141~>256 <~Scribe.142~><~Game.2002~><~Scribe.143~><~Game.2003~><~Scribe.144~> C1B8A6
$gus833<~Scribe.141~>012 <~Scribe.142~><~Game.1954~><~Scribe.143~><~Game.2036~><~Scribe.144~> 19AE19
<gus833> 1 D2E6A9
$Byz<~Controls.304~>267 <~Controls.305~><~Game.1991~> B13F83
$Byz<~Controls.313~>269 <~Controls.307~><~Controls.314~><~Game.1991~> B31B4E
$gus833<~Controls.644~>105 196 035 012 015 110 <~Controls.645~><~Game.2035~> A3FB79
<Byz> pass 2AED95
$gus833<~HighlightLabel.81~>103<~HighlightLabel.82~><~Game.2043~><~HighlightLabel.83~><~Game.2035~> 1F82AD
$gus833<~Scribe.141~>253 <~Scribe.142~><~Game.2040~><~Scribe.143~><~Game.1976~><~Scribe.144~> 5557D9
$gus833<~Scribe.141~>361 <~Scribe.142~><~Game.2040~><~Scribe.143~><~Game.2037~><~Scribe.144~> 23E6EF
$gus833<~Controls.644~>103 361 <~Controls.645~><~Game.2035~> 8BEF19
<Byz> Not putting him in woodland? :P 446F30
$Byz<~Controls.323~>259 257 E7D3C0
$Byz<~Controls.323~>260 D0C80A
<gus833> haha not bold enough for that 4CB5BD
$Byz<~Scribe.141~>213 <~Scribe.142~><~Game.2042~><~Scribe.143~><~Game.2035~><~Scribe.144~> 21EFC3
$Byz<~Controls.790~>248<~Controls.791~><~Game.2016~><~Controls.792~><~Game.2017~> 57426D
$Byz<~Controls.795~>213<~Controls.796~><~Game.2035~><~Controls.797~><~Game.1997~> 4EB322
$gus833<~Controls.276~>099<~Controls.277~><~Game.2043~><~Controls.278~><~Game.2035~> EA8CF9
$gus833<~CardBuffet.14~>reveal 169 018C441FC5F9C8DA13743B876C1FAFA6E0D59221 17<~CardBuffet.15~><~Controls.46~><~CardBuffet.16~> 15DD5E
$gus833<~Scribe.141~>239 <~Scribe.142~><~Game.2046~><~Scribe.143~><~Game.2036~><~Scribe.144~> 6E1119
$gus833<~Controls.644~>099 169 239 <~Controls.645~><~Game.2035~> 8C078B
$gus833<~Controls.762~>099 103 361 105 101 100 104 362 102 <~Controls.763~><~Game.2041~><~Controls.764~><~Game.2043~> C92ED2
$Byz<~Controls.726~>213 210 211 <~Controls.727~><~Game.1997~><~Controls.728~><~Game.2042~> DC893D
<~Game.7~>3 null
$Byz<~Controls.731~>212 <~Controls.732~><~Game.2039~><~Controls.733~><~Game.2042~> 30055E
$gus833<~Controls.509~>193<~Controls.510~><~Game.2006~><~Controls.511~><~Controls.46~> null
$gus833<~Controls.509~>171<~Controls.510~><~Game.2007~><~Controls.511~><~Controls.46~> null
$Byz<~Controls.509~>132<~Controls.510~><~Game.2004~><~Controls.511~><~Controls.45~> null
$Byz<~Controls.509~>122<~Controls.510~><~Game.2005~><~Controls.511~><~Controls.45~> null
$Byz<~Controls.296~>148 <~Controls.297~><~Controls.45~> D4B303
<Byz> f ok DB05C0
$gus833<~Controls.372~>099 B6FAF8
$gus833<~Controls.345~>103 361 105 101 100 104 362 102 <~Controls.346~>15 11 10 15 14 10 11 13 null
$gus833<~Controls.350~>103 361 105 101 100 104 362 102 null
$Byz<~Controls.345~>212 213 210 211 <~Controls.346~>2 2 3 2 null
<Byz> ok 489FB5
<Byz> lol A4E000
<gus833> not ideal CA9822
<Byz> well one turn of that isn't terrible F66202
<Byz> two turns? Yeah that's maybe game losing on its own 7B4782
<gus833> maybe A083C8
<Byz> Maybe 01438C
<Byz> pass 558944
$gus833<~HighlightLabel.81~>105<~HighlightLabel.82~><~Game.2043~><~HighlightLabel.83~><~Game.2035~> A67E90
$gus833<~HighlightLabel.96~>261<~HighlightLabel.97~><~Game.2001~><~HighlightLabel.98~><~Game.2002~> E6FE16
$gus833<~Controls.644~>105 <~Controls.645~><~Game.2035~> 387856
$Byz<~Scribe.141~>211 <~Scribe.142~><~Game.2042~><~Scribe.143~><~Game.2035~><~Scribe.144~> 8ECB20
$Byz<~Scribe.141~>reveal 122 DCA1549883F207E603F8513123C6A129A795DF83 7 <~Scribe.142~><~Controls.45~><~Scribe.143~><~Game.2037~><~Scribe.144~> F26F8C
$Byz<~Scribe.141~>302 <~Scribe.142~><~Game.2038~><~Scribe.143~><~Game.1890~><~Scribe.144~> B6ABF7
$Byz<~Scribe.141~>313 <~Scribe.142~><~Game.2038~><~Scribe.143~><~Game.1891~><~Scribe.144~> 7D8786
$Byz<~Controls.509~>145<~Controls.510~><~Game.2005~><~Controls.511~><~Controls.45~> null
$Byz<~Controls.509~>153<~Controls.510~><~Game.2005~><~Controls.511~><~Controls.45~> null
$Byz<~Controls.296~>142 <~Controls.297~><~Controls.45~> 7D9009
$Byz<~Controls.644~>211 122 <~Controls.645~><~Game.2035~> B52922
$gus833<~HighlightLabel.81~>104<~HighlightLabel.82~><~Game.2043~><~HighlightLabel.83~><~Game.2035~> E30847
$gus833<~Scribe.141~>261 <~Scribe.142~><~Game.2002~><~Scribe.143~><~Game.2003~><~Scribe.144~> 57CEF4
$gus833<~Controls.644~>104 <~Controls.645~><~Game.2035~> 68EBA6
$Byz<~Scribe.141~>212 <~Scribe.142~><~Game.2042~><~Scribe.143~><~Game.2035~><~Scribe.144~> 8E7901
$Byz<~Scribe.141~>reveal 132 1E8E7B85CDA53E743B1425BDFF25BE180A1E1054 16 <~Scribe.142~><~Controls.45~><~Scribe.143~><~Game.2037~><~Scribe.144~> CE5405
$Byz<~Scribe.141~>240 <~Scribe.142~><~Game.1999~><~Scribe.143~><~Game.1890~><~Scribe.144~> 1C4460
$Byz<~Controls.644~>212 132 <~Controls.645~><~Game.2035~> 77BEDF
$Byz<~Scribe.141~>241 <~Scribe.142~><~Game.1998~><~Scribe.143~><~Game.1999~><~Scribe.144~> D2DED9
$gus833<~HighlightLabel.81~>362<~HighlightLabel.82~><~Game.2043~><~HighlightLabel.83~><~Game.2035~> EE1FF8
$gus833<~Scribe.141~>253 039 038 036 029 028 027 026 025 024 023 022 021 <~Scribe.142~><~Game.1976~><~Scribe.143~><~Game.1972~><~Scribe.144~> 4C96A6
$gus833<~Scribe.141~>055 049 048 047 <~Scribe.142~><~Game.1968~><~Scribe.143~><~Game.1946~><~Scribe.144~> 1D18E8
$gus833<~Controls.644~>362 <~Controls.645~><~Game.2035~> 76F741
$Byz<~Scribe.141~>213 <~Scribe.142~><~Game.2042~><~Scribe.143~><~Game.2035~><~Scribe.144~> 239459
$Byz<~Scribe.141~>reveal 145 6854679B6E261AD1AB6E1F3BFCF602CB8B51FA63 16 <~Scribe.142~><~Controls.45~><~Scribe.143~><~Game.2037~><~Scribe.144~> 26AD43
$Byz<~Scribe.141~>258 <~Scribe.142~><~Game.2000~><~Scribe.143~><~Game.2003~><~Scribe.144~> 1690DE
$Byz<~Controls.644~>213 145 <~Controls.645~><~Game.2035~> D1DB3B
$gus833<~HighlightLabel.81~>361<~HighlightLabel.82~><~Game.2043~><~HighlightLabel.83~><~Game.2035~> 2833DC
$gus833<~Scribe.141~>253 039 038 036 029 028 027 026 025 024 023 022 021 <~Scribe.142~><~Game.1972~><~Scribe.143~><~Game.1975~><~Scribe.144~> D6D5F1
$gus833<~Scribe.141~>320 335 336 008 007 <~Scribe.142~><~Game.1917~><~Scribe.143~><~Game.1927~><~Scribe.144~> E7E4E3
$gus833<~Controls.644~>361 <~Controls.645~><~Game.2035~> DD402E
$Byz<~Scribe.141~>210 <~Scribe.142~><~Game.2042~><~Scribe.143~><~Game.2035~><~Scribe.144~> 9D156E
$Byz<~Scribe.141~>301 <~Scribe.142~><~Game.2038~><~Scribe.143~><~Game.1970~><~Scribe.144~> 8BF560
$Byz<~Controls.644~>210 <~Controls.645~><~Game.2035~> 718632
$gus833<~HighlightLabel.81~>102<~HighlightLabel.82~><~Game.2043~><~HighlightLabel.83~><~Game.2035~> 96678D
<gus833> lorien 6BB714
$Byz<~Scribe.141~>097 093 092 087 <~Scribe.142~><~Game.1928~><~Scribe.143~><~Game.1992~><~Scribe.144~> E35990
$gus833<~Scribe.141~>320 335 336 008 007 <~Scribe.142~><~Game.1927~><~Scribe.143~><~Game.1928~><~Scribe.144~> A9E763
$gus833<~Controls.644~>102 <~Controls.645~><~Game.2035~> 2E14D4
$gus833<~Controls.276~>100<~Controls.277~><~Game.2043~><~Controls.278~><~Game.2035~> 1E9197
$gus833<~Controls.509~>190<~Controls.510~><~Game.2007~><~Controls.511~><~Controls.46~> null
$gus833<~Controls.644~>100 <~Controls.645~><~Game.2035~> 62B9E9
$gus833<~Controls.757~>103 101 099 <~Controls.758~><~Game.1997~><~Controls.759~><~Game.2043~> D3BDA6
$gus833<~Controls.762~>100 102 361 362 104 105 <~Controls.763~><~Game.2041~><~Controls.764~><~Game.2043~> D59199
$Byz<~Controls.731~>210 213 212 211 <~Controls.732~><~Game.2039~><~Controls.733~><~Game.2042~> 9AA411
<~Game.7~>4 null
$Byz<~Controls.757~>103 101 099 <~Controls.758~><~Game.1997~><~Controls.759~><~Game.2043~> 7F13F3
$Byz<~Controls.762~>100 102 361 362 104 105 <~Controls.763~><~Game.2041~><~Controls.764~><~Game.2043~> 8FDCF9
$gus833<~Controls.509~>201<~Controls.510~><~Game.2006~><~Controls.511~><~Controls.46~> null
$gus833<~Controls.509~>207<~Controls.510~><~Game.2007~><~Controls.511~><~Controls.46~> null
$Byz<~Controls.509~>127<~Controls.510~><~Game.2004~><~Controls.511~><~Controls.45~> null
$Byz<~Controls.509~>146<~Controls.510~><~Game.2005~><~Controls.511~><~Controls.45~> null
$gus833<~Controls.296~>171 <~Controls.297~><~Controls.46~> A815B5
$gus833<~Controls.296~>183 <~Controls.297~><~Controls.46~> E92A9E
<Byz> f ok 2B2E63
$gus833<~Controls.372~>100 AE23A6
$gus833<~Controls.345~>102 361 362 104 105 103 101 099 <~Controls.346~>14 15 11 10 11 10 13 13 null
$gus833<~Controls.350~>102 361 362 104 105 103 101 099 null
$Byz<~Controls.345~>210 213 212 211 <~Controls.346~>2 0 1 0 null
$Byz<~Scribe.141~>213 <~Scribe.142~><~Game.2042~><~Scribe.143~><~Game.2035~><~Scribe.144~> D91772
$Byz<~Controls.323~>240 E47834
$Byz<~Scribe.141~>358 <~Scribe.142~><~Game.2038~><~Scribe.143~><~Game.2037~><~Scribe.144~> 44DD9E
$Byz<~Controls.644~>213 358 <~Controls.645~><~Game.2035~> 4DC6F6
$gus833<~HighlightLabel.81~>362<~HighlightLabel.82~><~Game.2043~><~HighlightLabel.83~><~Game.2035~> 58D7EB
$gus833<~Scribe.141~>253 039 038 036 029 028 027 026 025 024 023 022 021 <~Scribe.142~><~Game.1975~><~Scribe.143~><~Game.1966~><~Scribe.144~> E04995
$gus833<~Scribe.141~>055 057 049 048 047 045 044 <~Scribe.142~><~Game.1946~><~Scribe.143~><~Game.1932~><~Scribe.144~> 8BCB60
$gus833<~Controls.644~>362 <~Controls.645~><~Game.2035~> B02781
$Byz<~Scribe.141~>210 <~Scribe.142~><~Game.2042~><~Scribe.143~><~Game.2035~><~Scribe.144~> 892C90
$Byz<~Scribe.141~>reveal 153 C6078518E71E033F22CBDF340DC1A2FD7C651B9E 13 <~Scribe.142~><~Controls.45~><~Scribe.143~><~Game.2037~><~Scribe.144~> 533AC3
<Byz> woodland 196BFC
<Byz> nc 518F95
<gus833> nc 09845E
<game> Byz<~Controls.1~> 4 5 6 null
<game> Byz<~Controls.1~> 2 null
<Byz> 2 D271B2
<game> gus833<~Controls.1~> 2 null
<game> gus833<~Controls.1~> 2 null
$gus833<~Scribe.141~>013 014 <~Scribe.142~><~Game.1954~><~Scribe.143~><~Game.2036~><~Scribe.144~> FAA4FB
<Byz> press 8005D4
$gus833<~Scribe.141~>040 011 <~Scribe.142~><~Game.1954~><~Scribe.143~><~Game.1957~><~Scribe.144~> F35340
$Byz<~Scribe.141~>068 301 303 066 <~Scribe.142~><~Game.1970~><~Scribe.143~><~Game.1954~><~Scribe.144~> 5495B0
$Byz<~Scribe.141~>098 094 269 088 <~Scribe.142~><~Game.1991~><~Scribe.143~><~Game.1954~><~Scribe.144~> 66516B
$Byz<~Controls.644~>210 013 014 153 <~Controls.645~><~Game.2035~> 189C7C
$gus833<~HighlightLabel.81~>105<~HighlightLabel.82~><~Game.2043~><~HighlightLabel.83~><~Game.2035~> 5B27CF
$gus833<~Scribe.141~>022 <~Scribe.142~><~Game.1966~><~Scribe.143~><~Game.1970~><~Scribe.144~> 41BBF9
$gus833<~Scribe.141~>253 039 038 036 029 028 027 026 025 024 023 021 <~Scribe.142~><~Game.1966~><~Scribe.143~><~Game.1957~><~Scribe.144~> 50B80E
$gus833<~Controls.644~>105 <~Controls.645~><~Game.2035~> EFC8A3
$gus833<~Scribe.141~>423 <~Scribe.142~><~Game.27~><~Scribe.143~><~Game.28~><~Scribe.144~> 82F7C0
<Byz> pass CFA554
$gus833<~HighlightLabel.81~>103<~HighlightLabel.82~><~Game.2043~><~HighlightLabel.83~><~Game.2035~> D54587
$gus833<~Controls.819~> 01DF6A
$gus833<~HighlightLabel.81~>102<~HighlightLabel.82~><~Game.2043~><~HighlightLabel.83~><~Game.2035~> 8D1050
$gus833<~CardBuffet.14~>reveal 185 60841BA1BD74A1D1CDC9ADC213E0C3F14A3A6EE6 6<~CardBuffet.15~><~Controls.46~><~CardBuffet.16~> CA2294
<gus833> all to DA 2FAD5C
$Byz<~Scribe.141~>273 077 076 075 <~Scribe.142~><~Game.1920~><~Scribe.143~><~Game.1995~><~Scribe.144~> 9F9F62
$gus833<~Scribe.141~>055 057 049 048 047 045 044 043 042 041 <~Scribe.142~><~Game.1932~><~Scribe.143~><~Game.1920~><~Scribe.144~> D6730A
$gus833<~Controls.644~>102 185 <~Controls.645~><~Game.2035~> B36E9A
$Byz<~Scribe.141~>260 <~Scribe.142~><~Game.2001~><~Scribe.143~><~Game.2002~><~Scribe.144~> 0EDB89
<Byz> pass C7FBDB
$gus833<~HighlightLabel.81~>101<~HighlightLabel.82~><~Game.2043~><~HighlightLabel.83~><~Game.2035~> 9DC43B
$gus833<~Scribe.141~>253 040 038 039 <~Scribe.142~><~Game.1957~><~Scribe.143~><~Game.1920~><~Scribe.144~> 111B1F
$gus833<~Scribe.141~>037 <~Scribe.142~><~Game.1969~><~Scribe.143~><~Game.1920~><~Scribe.144~> C4A99F
$gus833<~Scribe.141~>320 <~Scribe.142~><~Game.1928~><~Scribe.143~><~Game.1957~><~Scribe.144~> 6646A0
$gus833<~Controls.644~>101 <~Controls.645~><~Game.2035~> A2C606
$Byz<~Scribe.141~>211 <~Scribe.142~><~Game.2042~><~Scribe.143~><~Game.2035~><~Scribe.144~> 097903
$Byz<~Scribe.141~>reveal 143 D53A175D3A3D8556F7F769A04B0E473FDDB5F023 20 <~Scribe.142~><~Controls.45~><~Scribe.143~><~Game.2037~><~Scribe.144~> FE5355
$Byz<~Scribe.141~>264 265 <~Scribe.142~><~Game.2038~><~Scribe.143~><~Game.1995~><~Scribe.144~> AA6500
$Byz<~Controls.281~>077 <~Controls.282~><~Game.1995~><~Controls.283~><~Game.2038~> 10D6E5
$Byz<~Controls.644~>211 143 <~Controls.645~><~Game.2035~> 8FB0BD
$gus833<~HighlightLabel.81~>099<~HighlightLabel.82~><~Game.2043~><~HighlightLabel.83~><~Game.2035~> A97C99
$gus833<~Scribe.141~>reveal 200 0F7C2A1C30AD5B1D22F5FCA0C02B9B3B34B36CFC 16 <~Scribe.142~><~Controls.46~><~Scribe.143~><~Game.2032~><~Scribe.144~> E74674
$gus833<~CardBuffet.14~>reveal 190 8A82355A7A3AAD49D29BEEC5CD162C4DB7C10C91 13<~CardBuffet.15~><~Controls.46~><~CardBuffet.16~> 5C6D5C
<game> gus833<~Controls.1~> 5 3 4 1 3 null
<game> gus833<~Controls.1~> 1 1 3 2 null
<gus833> 1 E019EB
<game> Byz<~Controls.1~> 4 4 5 3 3 null
<Byz> 3 8D22BD
$gus833<~Scribe.141~>045 047 048 <~Scribe.142~><~Game.1920~><~Scribe.143~><~Game.2036~><~Scribe.144~> 055307
$Byz<~Controls.304~>273 <~Controls.305~><~Game.1995~> ED15F2
$Byz<~Controls.313~>077 <~Controls.307~><~Controls.314~><~Game.1995~> FB2F56
$gus833<~Scribe.141~>200 <~Scribe.142~><~Game.2032~><~Scribe.143~><~Game.2033~><~Scribe.144~> 485E87
$gus833<~Controls.509~>175<~Controls.510~><~Game.2007~><~Controls.511~><~Controls.46~> null
$gus833<~Controls.662~>190 045 047 048 <~Controls.663~><~Game.2035~> 6A44E6
$gus833<~Controls.840~>175 BF897E
$Byz<~Controls.840~>120 62937C
<auto> playchosen 80FDA1
<auto><~Controls.3~>reveal 120 CE233919E156B549CF6DB449B550A0D4D38BD51B 6<~Controls.884~><~Controls.45~><~Controls.885~><~Game.2037~> F5C4EE
<auto><~Controls.866~>reveal 175 5FF5F331B30CA3328A95F6DCFFA48CB12FF18463 1<~Controls.867~><~Controls.46~><~Controls.868~><~Game.2036~> 180E4A
<auto> playchosen AE145C
<game> gus833<~Controls.1~> 6 5 1 null
<game> gus833<~Controls.1~> 4 null
<gus833> 2 D6D109
<game> Byz<~Controls.1~> 3 6 2 4 2 null
<gus833> +1 03B8D5
<Byz> damn D2F828
<Byz> with daylight too E2D733
$gus833<~Scribe.141~>041 <~Scribe.142~><~Game.1920~><~Scribe.143~><~Game.2036~><~Scribe.144~> EAEDDC
$Byz<~Controls.296~>264 <~Controls.297~><~Game.1995~> 29125A
$Byz<~Controls.304~>265 <~Controls.305~><~Game.1995~> E44C80
$Byz<~Controls.313~>268 <~Controls.307~><~Controls.314~><~Game.1995~> 7ACCED
<gus833> makes up for 1 on 10 with desperate I guess DFFEBB
$gus833<~Scribe.141~>200 <~Scribe.142~><~Game.2033~><~Scribe.143~><~Game.2034~><~Scribe.144~> 112A69
$gus833<~Controls.662~>175 041 120 <~Controls.663~><~Game.2035~> FECF3E
<gus833> nc 2C99DC
$Byz<~Controls.840~>146 D294A7
<auto><~Controls.861~>reveal 146 896A8924BE73ED77D7F9173DA3DB7602D8F52696 17<~Controls.862~><~Controls.45~><~Controls.863~><~Game.2037~> 6C7473
<game> gus833<~Controls.1~> 2 5 1 5 1 null
<game> gus833<~Controls.1~> 4 2 4 4 6 null
<gus833> 1 A98E79
<game> Byz<~Controls.1~> 6 3 1 3 null
<Byz> 1 876C9F
$Byz<~Controls.296~>268 <~Controls.297~><~Game.1995~> 89E930
$gus833<~Scribe.141~>042 <~Scribe.142~><~Game.1920~><~Scribe.143~><~Game.2036~><~Scribe.144~> 42ACE2
$gus833<~Scribe.141~>200 <~Scribe.142~><~Game.2034~><~Scribe.143~><~Game.2036~><~Scribe.144~> 79235A
$gus833<~Controls.644~>099 200 042 146 <~Controls.645~><~Game.2035~> 1BF0FF
$Byz<~Scribe.141~>260 <~Scribe.142~><~Game.2002~><~Scribe.143~><~Game.2003~><~Scribe.144~> AB176C
$Byz<~Scribe.141~>212 <~Scribe.142~><~Game.2042~><~Scribe.143~><~Game.2035~><~Scribe.144~> 3AF9C1
$Byz<~Controls.790~>248<~Controls.791~><~Game.2017~><~Controls.792~><~Game.2018~> BAC1FC
$Byz<~Controls.795~>212<~Controls.796~><~Game.2035~><~Controls.797~><~Game.1997~> F3CB13
<game> gus833<~Controls.1~> 2 4 null
$gus833<~HighlightLabel.81~>104<~HighlightLabel.82~><~Game.2043~><~HighlightLabel.83~><~Game.2035~> AAAF8D
$gus833<~Scribe.141~>322 <~Scribe.142~><~Game.2040~><~Scribe.143~><~Game.1910~><~Scribe.144~> 8A4226
$gus833<~Controls.644~>104 <~Controls.645~><~Game.2035~> E8A361
$gus833<~Controls.276~>103<~Controls.277~><~Game.2043~><~Controls.278~><~Game.2035~> E49547
$gus833<~Scribe.141~>323 <~Scribe.142~><~Game.2040~><~Scribe.143~><~Game.1910~><~Scribe.144~> 9D7D82
$gus833<~Controls.644~>103 <~Controls.645~><~Game.2035~> 6F3AF8
$gus833<~Controls.757~>361 100 <~Controls.758~><~Game.1997~><~Controls.759~><~Game.2043~> 5DC568
$gus833<~Controls.762~>103 104 099 101 102 105 362 <~Controls.763~><~Game.2041~><~Controls.764~><~Game.2043~> 2CE50B
$gus833<~Controls.509~>173<~Controls.510~><~Game.2006~><~Controls.511~><~Controls.46~> null
$gus833<~Controls.509~>164<~Controls.510~><~Game.2007~><~Controls.511~><~Controls.46~> null
$Byz<~Controls.726~>212 <~Controls.727~><~Game.1997~><~Controls.728~><~Game.2042~> A4A692
<~Game.7~>5 null
$Byz<~Controls.731~>211 210 213 358 <~Controls.732~><~Game.2039~><~Controls.733~><~Game.2042~> C51C1F
$Byz<~Controls.509~>135<~Controls.510~><~Game.2004~><~Controls.511~><~Controls.45~> null
$Byz<~Controls.509~>147<~Controls.510~><~Game.2005~><~Controls.511~><~Controls.45~> null
<Byz> f ok 590284
$gus833<~Controls.372~>103 D2FA66
$gus833<~Controls.345~>104 099 101 102 105 362 361 100 <~Controls.346~>11 12 10 13 13 13 10 15 null
$gus833<~Controls.350~>104 099 101 102 105 362 361 100 null
$Byz<~Controls.345~>211 210 213 358 212 <~Controls.346~>3 1 1 3 1 null
<Byz> sometimes I feel like cirdan's is a trap 31CF8C
<Byz> I just waste all my elves and DA dies anyways 369709
<gus833> yeah 1E1056
<Byz> pass A6262B
$gus833<~HighlightLabel.81~>102<~HighlightLabel.82~><~Game.2043~><~HighlightLabel.83~><~Game.2035~> B2F763
<gus833> DA D961E9
$gus833<~Controls.840~>164 E9CB66
$Byz<~Controls.840~>147 ED1E40
<auto> playchosen EE79CF
<auto><~Controls.3~>reveal 147 646541501A6315EF5A7F97B91F295003ABA0A566 22<~Controls.884~><~Controls.45~><~Controls.885~><~Game.2037~> 57D00D
<auto><~Controls.866~>reveal 164 A829A0C18217F3DF161BCB374A87EF18CF5A8C8F 15<~Controls.867~><~Controls.46~><~Controls.868~><~Game.2036~> 2E2AA4
<auto> playchosen AA171A
<game> gus833<~Controls.1~> 5 1 6 3 5 null
<game> gus833<~Controls.1~> 2 6 2 3 null
<gus833> 2 344513
<Byz> yeah look at this F9561B
<Byz> 2/3 and it's nothing 4E139E
<game> Byz<~Controls.1~> 5 3 5 null
<Byz> 2 1F4237
$Byz<~Controls.296~>075 076 <~Controls.297~><~Game.1995~> E5070A
<Byz> Completely pathetic 72EAD8
$gus833<~Scribe.141~>044 043 <~Scribe.142~><~Game.1920~><~Scribe.143~><~Game.2036~><~Scribe.144~> 884E9E
<gus833> post EF054E
<game> gus833<~Controls.1~> 2 6 null
<gus833> 1 F8BBCA
$Byz<~Controls.296~>077 <~Controls.297~><~Game.1995~> 39DA33
$gus833<~Scribe.141~>423 <~Scribe.142~><~Game.28~><~Scribe.143~><~Game.30~><~Scribe.144~> 3EBCF7
$gus833<~Controls.509~>176<~Controls.510~><~Game.2007~><~Controls.511~><~Controls.46~> null
$gus833<~Controls.644~>102 164 044 043 147 <~Controls.645~><~Game.2035~> 07B3FA
<Byz> pass C15CDA
$gus833<~HighlightLabel.81~>101<~HighlightLabel.82~><~Game.2043~><~HighlightLabel.83~><~Game.2035~> F4FFAA
$gus833<~Scribe.141~>328 329 331 <~Scribe.142~><~Game.2040~><~Scribe.143~><~Game.1910~><~Scribe.144~> 2D7C78
$gus833<~Scribe.141~>329 331 <~Scribe.142~><~Game.1910~><~Scribe.143~><~Game.1914~><~Scribe.144~> 3F7A7E
$gus833<~Scribe.141~>329 <~Scribe.142~><~Game.1914~><~Scribe.143~><~Game.1919~><~Scribe.144~> 2EB84A
$gus833<~Controls.644~>101 <~Controls.645~><~Game.2035~> 48B108
$Byz<~Scribe.141~>212 <~Scribe.142~><~Game.2042~><~Scribe.143~><~Game.2035~><~Scribe.144~> D03D77
$Byz<~Controls.790~>248<~Controls.791~><~Game.2018~><~Controls.792~><~Game.2019~> 5F306C
$Byz<~Controls.795~>212<~Controls.796~><~Game.2035~><~Controls.797~><~Game.1997~> 422876
<game> gus833<~Controls.1~> 6 5 null
$gus833<~Controls.624~>221<~Controls.625~><~Game.2044~><~Controls.626~><~Game.2037~> null
<Byz> that's... devastating 40FD59
$Byz<~Scribe.141~>247 <~Scribe.142~><~Game.1911~><~Scribe.143~><~Game.1930~><~Scribe.144~> 0BDB14
$Byz<~Controls.323~>247 642AB5
$Byz<~Scribe.141~>252 <~Scribe.142~><~Game.2014~><~Scribe.143~><~Game.2015~><~Scribe.144~> 19212B
$Byz<~Controls.644~>221 <~Controls.645~><~Game.2035~> 28219D
<gus833> moria 86EFD9
<Byz> moria 4E3509
$gus833<~Controls.624~>223<~Controls.625~><~Game.2044~><~Controls.626~><~Game.2037~> null
$Byz<~Scribe.141~>252 <~Scribe.142~><~Game.2015~><~Scribe.143~><~Game.2016~><~Scribe.144~> 10253D
$Byz<~Controls.644~>223 <~Controls.645~><~Game.2035~> 8B3C81
$gus833<~HighlightLabel.81~>361<~HighlightLabel.82~><~Game.2043~><~HighlightLabel.83~><~Game.2035~> 9B5AD6
$gus833<~Scribe.141~>334 <~Scribe.142~><~Game.2040~><~Scribe.143~><~Game.1917~><~Scribe.144~> 0210C7
$gus833<~Controls.644~>361 <~Controls.645~><~Game.2035~> 0EEE2A
$Byz<~Scribe.141~>358 <~Scribe.142~><~Game.2042~><~Scribe.143~><~Game.2035~><~Scribe.144~> 45CBDA
$Byz<~Controls.323~>247 0FC120
$Byz<~Controls.644~>358 <~Controls.645~><~Game.2035~> 98AF82
$gus833<~HighlightLabel.81~>099<~HighlightLabel.82~><~Game.2043~><~HighlightLabel.83~><~Game.2035~> F4C00F
$gus833<~Scribe.141~>334 <~Scribe.142~><~Game.1917~><~Scribe.143~><~Game.1927~><~Scribe.144~> 8018B8
$gus833<~Scribe.141~>331 000 <~Scribe.142~><~Game.1914~><~Scribe.143~><~Game.1910~><~Scribe.144~> AF6699
$gus833<~Controls.644~>099 <~Controls.645~><~Game.2035~> 3F14B5
$Byz<~Scribe.141~>213 <~Scribe.142~><~Game.2042~><~Scribe.143~><~Game.2035~><~Scribe.144~> C0CB57
$Byz<~Controls.790~>248<~Controls.791~><~Game.2014~><~Controls.792~><~Game.2015~> B54F79
$Byz<~Controls.795~>213<~Controls.796~><~Game.2035~><~Controls.797~><~Game.1997~> 299523
<game> gus833<~Controls.1~> 5 6 null
$gus833<~Controls.624~>222<~Controls.625~><~Game.2044~><~Controls.626~><~Game.2037~> null
$Byz<~Scribe.141~>252 <~Scribe.142~><~Game.2016~><~Scribe.143~><~Game.2018~><~Scribe.144~> 14161E
$Byz<~Scribe.141~>247 <~Scribe.142~><~Game.1930~><~Scribe.143~><~Game.1937~><~Scribe.144~> 0391BE
$Byz<~Controls.323~>247 008970
$Byz<~Controls.644~>222 <~Controls.645~><~Game.2035~> 027A2A
$gus833<~HighlightLabel.81~>104<~HighlightLabel.82~><~Game.2043~><~HighlightLabel.83~><~Game.2035~> E5666D
$gus833<~Scribe.141~>323 322 331 000 328 001 <~Scribe.142~><~Game.1910~><~Scribe.143~><~Game.1906~><~Scribe.144~> 3F69CD
$gus833<~Scribe.141~>334 <~Scribe.142~><~Game.1927~><~Scribe.143~><~Game.1928~><~Scribe.144~> 97B772
$gus833<~Controls.644~>104 <~Controls.645~><~Game.2035~> 87062D
$Byz<~Scribe.141~>210 <~Scribe.142~><~Game.2042~><~Scribe.143~><~Game.2035~><~Scribe.144~> F97422
$Byz<~Controls.323~>247 F6122F
$Byz<~Controls.644~>210 <~Controls.645~><~Game.2035~> 683570
$gus833<~HighlightLabel.81~>105<~HighlightLabel.82~><~Game.2043~><~HighlightLabel.83~><~Game.2035~> 9FF834
$gus833<~CardBuffet.14~>reveal 201 8280D1837660A8CBC10239770A785043F7C6B74C 18<~CardBuffet.15~><~Controls.46~><~CardBuffet.16~> 5DF03C
$gus833<~Controls.624~>214<~Controls.625~><~Game.2044~><~Controls.626~><~Game.2037~> null
$Byz<~Controls.323~>247 1EC5A5
$gus833<~Controls.644~>105 201 214 <~Controls.645~><~Game.2035~> 755A30
$Byz<~Scribe.141~>211 <~Scribe.142~><~Game.2042~><~Scribe.143~><~Game.2035~><~Scribe.144~> 1A645D
$Byz<~Controls.323~>247 FE7E4A
$Byz<~Controls.644~>211 <~Controls.645~><~Game.2035~> 6FBD00
$gus833<~Controls.276~>362<~Controls.277~><~Game.2043~><~Controls.278~><~Game.2035~> CCEBE5
$gus833<~Scribe.141~>323 322 331 000 328 001 <~Scribe.142~><~Game.1906~><~Scribe.143~><~Game.1908~><~Scribe.144~> C7DDFA
$gus833<~Controls.644~>362 <~Controls.645~><~Game.2035~> 8B2A9C
$Byz<~Controls.726~>213 212 <~Controls.727~><~Game.1997~><~Controls.728~><~Game.2042~> 51B374
$Byz<~Controls.731~>211 210 358 <~Controls.732~><~Game.2039~><~Controls.733~><~Game.2042~> 99A0A0
$Byz<~Controls.757~>100 103 <~Controls.758~><~Game.1997~><~Controls.759~><~Game.2043~> 985E41
<~Game.7~>6 null
$Byz<~Controls.762~>362 105 104 099 361 101 102 <~Controls.763~><~Game.2041~><~Controls.764~><~Game.2043~> CCD332
$gus833<~Controls.509~>167<~Controls.510~><~Game.2006~><~Controls.511~><~Controls.46~> null
$Byz<~Controls.509~>125<~Controls.510~><~Game.2004~><~Controls.511~><~Controls.45~> null
$Byz<~Controls.509~>118<~Controls.510~><~Game.2005~><~Controls.511~><~Controls.45~> null
$gus833<~Controls.509~>186<~Controls.510~><~Game.2007~><~Controls.511~><~Controls.46~> null
<Byz> f ok 9A03F7
$gus833<~Controls.372~>362 7617E2
$gus833<~Controls.345~>105 104 099 361 101 102 100 103 <~Controls.346~>13 13 10 15 13 15 10 14 null
$gus833<~Controls.350~>105 104 099 361 101 102 100 103 null
$Byz<~Controls.345~>211 210 358 213 212 <~Controls.346~>1 1 4 1 2 null
$Byz<~Scribe.141~>212 <~Scribe.142~><~Game.2042~><~Scribe.143~><~Game.2035~><~Scribe.144~> DE622C
$Byz<~Scribe.141~>reveal 118 FB674994053ABF885B950A4774FE84341A656862 23 <~Scribe.142~><~Controls.45~><~Scribe.143~><~Game.2029~><~Scribe.144~> CB543A
$Byz<~Controls.644~>212 <~Controls.645~><~Game.2035~> 146935
$gus833<~HighlightLabel.81~>103<~HighlightLabel.82~><~Game.2043~><~HighlightLabel.83~><~Game.2035~> F71808
$gus833<~CardBuffet.14~>reveal 193 8A9121E98228FE13868C8A8E4ACDCC904C9A77AF 10<~CardBuffet.15~><~Controls.46~><~CardBuffet.16~> E53D3E
$gus833<~Controls.624~>219<~Controls.625~><~Game.2044~><~Controls.626~><~Game.2037~> null
$gus833<~Controls.644~>103 193 219 <~Controls.645~><~Game.2035~> 84493B
<Byz> some luck! BE8B14
$Byz<~Scribe.141~>213 <~Scribe.142~><~Game.2042~><~Scribe.143~><~Game.2035~><~Scribe.144~> 76EC0E
$Byz<~Controls.790~>248<~Controls.791~><~Game.2014~><~Controls.792~><~Game.2015~> 312856
$Byz<~Controls.795~>213<~Controls.796~><~Game.2035~><~Controls.797~><~Game.1997~> CB08E1
<game> gus833<~Controls.1~> 2 6 6 null
$gus833<~Controls.624~>224<~Controls.625~><~Game.2044~><~Controls.626~><~Game.2037~> null
<Byz> lol ABDE90
<Byz> spoke way too soon A3B6D2
$Byz<~Scribe.141~>252 <~Scribe.142~><~Game.2018~><~Scribe.143~><~Game.2019~><~Scribe.144~> 75FF5C
$Byz<~Controls.644~>224 <~Controls.645~><~Game.2035~> FEC0FB
<gus833> hmm 7A648A
$gus833<~HighlightLabel.81~>099<~HighlightLabel.82~><~Game.2043~><~HighlightLabel.83~><~Game.2035~> B4C6CB
$gus833<~Scribe.141~>118 <~Scribe.142~><~Game.2029~><~Scribe.143~><~Game.2036~><~Scribe.144~> 1D44A7
$gus833<~Controls.296~>186 <~Controls.297~><~Controls.46~> BF9712
$gus833<~Controls.296~>173 <~Controls.297~><~Controls.46~> EA21C7
$gus833<~Controls.644~>099 118 <~Controls.645~><~Game.2035~> 52859B
$Byz<~Scribe.141~>358 <~Scribe.142~><~Game.2042~><~Scribe.143~><~Game.2035~><~Scribe.144~> D5D641
$Byz<~Scribe.141~>266 <~Scribe.142~><~Game.2038~><~Scribe.143~><~Game.1911~><~Scribe.144~> 5EE424
$Byz<~Controls.644~>358 <~Controls.645~><~Game.2035~> 8A2097
$gus833<~HighlightLabel.81~>104<~HighlightLabel.82~><~Game.2043~><~HighlightLabel.83~><~Game.2035~> EA8462
$gus833<~Scribe.141~>320 <~Scribe.142~><~Game.1957~><~Scribe.143~><~Game.1937~><~Scribe.144~> D00A6C
$gus833<~Scribe.141~>253 039 038 040 037 <~Scribe.142~><~Game.1920~><~Scribe.143~><~Game.1928~><~Scribe.144~> EF529A
$gus833<~Controls.644~>104 <~Controls.645~><~Game.2035~> B33606
$Byz<~Scribe.141~>210 <~Scribe.142~><~Game.2042~><~Scribe.143~><~Game.2035~><~Scribe.144~> BE4CD1
$Byz<~Controls.790~>248<~Controls.791~><~Game.2015~><~Controls.792~><~Game.2016~> 0216E4
$Byz<~Controls.795~>210<~Controls.796~><~Game.2035~><~Controls.797~><~Game.1997~> 4C4441
<game> gus833<~Controls.1~> 5 2 1 null
<game> gus833<~Controls.1~> 1 null
$gus833<~Controls.624~>218<~Controls.625~><~Game.2044~><~Controls.626~><~Game.2037~> null
$Byz<~Scribe.141~>252 <~Scribe.142~><~Game.2019~><~Scribe.143~><~Game.2021~><~Scribe.144~> 65D69E
$Byz<~Scribe.141~>247 <~Scribe.142~><~Game.1937~><~Scribe.143~><~Game.1967~><~Scribe.144~> E4FAEF
$Byz<~Controls.323~>247 4DCFB5
$Byz<~Controls.644~>218 <~Controls.645~><~Game.2035~> E41F76
$gus833<~HighlightLabel.81~>101<~HighlightLabel.82~><~Game.2043~><~HighlightLabel.83~><~Game.2035~> 65C724
<gus833> lorien 05845C
$gus833<~Controls.840~>167 6619F3
<Byz> nc E5FB4C
<auto> playchosen BA95A1
<auto><~Controls.866~>reveal 167 A5D94BFB769BC82E55812972F53BF0F4680EFEDF 23<~Controls.867~><~Controls.46~><~Controls.868~><~Game.2036~> 3B29BB
<gus833> pre AB0009
<game> gus833<~Controls.1~> 1 3 3 null
<game> gus833<~Controls.1~> 5 4 2 6 1 null
<game> gus833<~Controls.1~> 4 3 2 3 null
<gus833> 1 2169D0
<game> Byz<~Controls.1~> 6 1 2 null
<game> Byz<~Controls.1~> 2 null
$gus833<~Controls.304~>335 <~Controls.305~><~Game.1928~> 6751CB
$gus833<~Controls.313~>013 <~Controls.307~><~Controls.314~><~Game.1928~> C6F504
<Byz> 1 F70116
$Byz<~Controls.304~>092 <~Controls.305~><~Game.1992~> 8FB9EB
$Byz<~Controls.313~>268 <~Controls.308~><~Controls.314~><~Game.1992~> 3DA786
<gus833> stop 646484
$gus833<~Controls.509~>166<~Controls.510~><~Game.2006~><~Controls.511~><~Controls.46~> null
$gus833<~Controls.644~>101 167 <~Controls.645~><~Game.2035~> C1FC22
<Byz> pass 899507
$gus833<~HighlightLabel.81~>105<~HighlightLabel.82~><~Game.2043~><~HighlightLabel.83~><~Game.2035~> EB7215
<gus833> lorien 5DA16C
$gus833<~Controls.840~>176 5049CB
$Byz<~Controls.840~>135 21428C
<auto> playchosen 8FA70F
<auto><~Controls.3~>reveal 135 650647B6D1DA785E27C26F2E05D906D696EC25D8 11<~Controls.884~><~Controls.45~><~Controls.885~><~Game.2037~> 561EE3
<auto><~Controls.866~>reveal 176 E144C52F9ACFDBF66FD6E34AA39B61FA9BE6D0C0 10<~Controls.867~><~Controls.46~><~Controls.868~><~Game.2036~> 7A5D7F
<auto> playchosen 9D64E9
<game> gus833<~Controls.1~> 3 6 6 1 1 null
<game> gus833<~Controls.1~> 1 2 1 null
<gus833> 2 B5F9F3
<game> Byz<~Controls.1~> 1 1 4 null
<game> Byz<~Controls.1~> 6 null
<Byz> 2 04F3CB
$gus833<~Controls.304~>336 334 <~Controls.305~><~Game.1928~> F209E2
$gus833<~Controls.313~>012 014 <~Controls.307~><~Controls.314~><~Game.1928~> 68DFE4
$Byz<~Controls.296~>097 268 <~Controls.297~><~Game.1992~> 168D93
<gus833> stop 30D2C2
$gus833<~Controls.509~>170<~Controls.510~><~Game.2007~><~Controls.511~><~Controls.46~> null
$gus833<~Controls.644~>105 176 135 <~Controls.645~><~Game.2035~> A240EA
$Byz<~Scribe.141~>211 <~Scribe.142~><~Game.2042~><~Scribe.143~><~Game.2035~><~Scribe.144~> 08C1D0
$Byz<~Scribe.141~>reveal 127 B9448D25962AFEC374DBFF40608528A221B89980 23 <~Scribe.142~><~Controls.45~><~Scribe.143~><~Game.2037~><~Scribe.144~> 19D43F
<game> Byz<~Controls.1~> 4 5 3 null
$Byz<~Scribe.141~>252 <~Scribe.142~><~Game.2021~><~Scribe.143~><~Game.2018~><~Scribe.144~> 5197D0
<Byz> Thank you strider! C153A0
$Byz<~Controls.644~>211 127 <~Controls.645~><~Game.2035~> 51500F
$gus833<~Controls.276~>100<~Controls.277~><~Game.2043~><~Controls.278~><~Game.2035~> 222AB6
$gus833<~Scribe.141~>336 <~Scribe.142~><~Game.2040~><~Scribe.143~><~Game.1917~><~Scribe.144~> 68B240
$gus833<~Controls.644~>100 <~Controls.645~><~Game.2035~> 64BFA9
$gus833<~Controls.757~>361 102 362 <~Controls.758~><~Game.1997~><~Controls.759~><~Game.2043~> 257D28
$gus833<~Controls.762~>100 105 101 104 099 103 <~Controls.763~><~Game.2041~><~Controls.764~><~Game.2043~> 9BA593
$gus833<~Controls.509~>203<~Controls.510~><~Game.2006~><~Controls.511~><~Controls.46~> null
$Byz<~Controls.726~>210 213 <~Controls.727~><~Game.1997~><~Controls.728~><~Game.2042~> 1158CD
<~Game.7~>7 null
$Byz<~Controls.731~>211 358 212 <~Controls.732~><~Game.2039~><~Controls.733~><~Game.2042~> 379EBB
$gus833<~Controls.509~>184<~Controls.510~><~Game.2007~><~Controls.511~><~Controls.46~> null
$Byz<~Controls.509~>116<~Controls.510~><~Game.2004~><~Controls.511~><~Controls.45~> null
$Byz<~Controls.509~>106<~Controls.510~><~Game.2005~><~Controls.511~><~Controls.45~> null
<Byz> f ok 1B138F
$gus833<~Controls.372~>100 4E9A70
$gus833<~Controls.345~>105 101 104 099 103 361 102 362 <~Controls.346~>13 12 15 11 12 11 10 10 null
$gus833<~Controls.350~>105 101 104 099 103 361 102 362 null
$Byz<~Controls.345~>211 358 212 210 213 <~Controls.346~>1 0 1 1 0 null
$Byz<~Scribe.141~>358 <~Scribe.142~><~Game.2042~><~Scribe.143~><~Game.2035~><~Scribe.144~> 4248F1
$Byz<~Controls.323~>247 2AE89B
$Byz<~Controls.644~>358 <~Controls.645~><~Game.2035~> 98527C
$gus833<~HighlightLabel.81~>103<~HighlightLabel.82~><~Game.2043~><~HighlightLabel.83~><~Game.2035~> 05D06E
<gus833> lorien 4BCD71
$gus833<~Controls.840~>184 5BB838
$Byz<~Controls.840~>106 197B51
<auto> playchosen 840013
<auto><~Controls.3~>reveal 106 40DCD1465B4EDB1501BA1AA2F0E902A7CA7599F5 12<~Controls.884~><~Controls.45~><~Controls.885~><~Game.2037~> 909FED
<auto><~Controls.866~>reveal 184 DE92419005F49CEF73264F61D4D03AD93D6CF1F7 19<~Controls.867~><~Controls.46~><~Controls.868~><~Game.2036~> 36E464
<auto> playchosen 445A99
<game> gus833<~Controls.1~> 3 5 3 6 2 null
<game> gus833<~Controls.1~> 6 6 2 null
<gus833> 4 227AB3
<game> Byz<~Controls.1~> 6 2 null
<Byz> 1 E6FCC9
$Byz<~Controls.296~>093 087 <~Controls.297~><~Game.1992~> EB6A73
$gus833<~Scribe.141~>014 <~Scribe.142~><~Game.1928~><~Scribe.143~><~Game.2036~><~Scribe.144~> 267DDE
$gus833<~Scribe.141~>423 <~Scribe.142~><~Game.30~><~Scribe.143~><~Game.32~><~Scribe.144~> 99F674
$gus833<~Controls.509~>199<~Controls.510~><~Game.2007~><~Controls.511~><~Controls.46~> null
$gus833<~Controls.644~>103 184 014 106 <~Controls.645~><~Game.2035~> 4C5328
$Byz<~Scribe.141~>211 <~Scribe.142~><~Game.2042~><~Scribe.143~><~Game.2035~><~Scribe.144~> 16E830
$Byz<~Controls.790~>248<~Controls.791~><~Game.2014~><~Controls.792~><~Game.2015~> 0B9B19
$Byz<~Controls.795~>211<~Controls.796~><~Game.2035~><~Controls.797~><~Game.1997~> F34A3C
<game> gus833<~Controls.1~> 2 5 null
$gus833<~HighlightLabel.81~>101<~HighlightLabel.82~><~Game.2043~><~HighlightLabel.83~><~Game.2035~> C3441D
<gus833> riv E5A557
$Byz<~Scribe.141~>096 266 091 090 <~Scribe.142~><~Game.1911~><~Scribe.143~><~Game.1990~><~Scribe.144~> DA8B32
$gus833<~Scribe.141~>323 322 331 000 328 001 <~Scribe.142~><~Game.1908~><~Scribe.143~><~Game.1911~><~Scribe.144~> B5CD47
$gus833<~Controls.644~>101 <~Controls.645~><~Game.2035~> F290AD
$Byz<~Scribe.141~>212 <~Scribe.142~><~Game.2042~><~Scribe.143~><~Game.2035~><~Scribe.144~> 214D59
$Byz<~Controls.790~>248<~Controls.791~><~Game.2015~><~Controls.792~><~Game.2016~> 306FB1
$Byz<~Controls.795~>212<~Controls.796~><~Game.2035~><~Controls.797~><~Game.1997~> FD596A
<game> gus833<~Controls.1~> 6 4 null
$gus833<~Controls.624~>227<~Controls.625~><~Game.2044~><~Controls.626~><~Game.2037~> null
<Byz> random 9BAD82
$gus833<~Controls.637~>244<~Controls.638~><~Game.1998~><~Controls.639~><~Game.2036~> null
$Byz<~Scribe.141~>252 <~Scribe.142~><~Game.2018~><~Scribe.143~><~Game.2019~><~Scribe.144~> 58B1A2
$Byz<~Controls.644~>244 227 <~Controls.645~><~Game.2035~> 9B56B2
$gus833<~HighlightLabel.81~>102<~HighlightLabel.82~><~Game.2043~><~HighlightLabel.83~><~Game.2035~> 09976B
$gus833<~CardBuffet.14~>reveal 199 5AEAFD5AC3ED0C5781A9B430BC96AC3B623A3F2A 18<~CardBuffet.15~><~Controls.46~><~CardBuffet.16~> E3800E
$gus833<~Scribe.141~>352 047 <~Scribe.142~><~Game.2040~><~Scribe.143~><~Game.1946~><~Scribe.144~> 6391B8
$gus833<~Scribe.141~>350 048 <~Scribe.142~><~Game.2040~><~Scribe.143~><~Game.1986~><~Scribe.144~> ADD15F
$gus833<~Scribe.141~>355 357 <~Scribe.142~><~Game.2040~><~Scribe.143~><~Game.1987~><~Scribe.144~> B2ECFB
$gus833<~Controls.644~>102 199 <~Controls.645~><~Game.2035~> 0693ED
<Byz> pass CE73FA
$gus833<~HighlightLabel.81~>361<~HighlightLabel.82~><~Game.2043~><~HighlightLabel.83~><~Game.2035~> 4B5E57
$gus833<~Scribe.141~>352 047 046 <~Scribe.142~><~Game.1946~><~Scribe.143~><~Game.1938~><~Scribe.144~> F54440
$gus833<~Scribe.141~>056 350 048 052 051 050 <~Scribe.142~><~Game.1986~><~Scribe.143~><~Game.1984~><~Scribe.144~> 1CA3A7
$gus833<~Controls.819~> 302D98
$gus833<~Scribe.141~>036 029 028 027 026 025 024 023 021 <~Scribe.142~><~Game.1957~><~Scribe.143~><~Game.1970~><~Scribe.144~> BF5935
$gus833<~Controls.644~>361 <~Controls.645~><~Game.2035~> F919C3
$Byz<~Scribe.141~>213 <~Scribe.142~><~Game.2042~><~Scribe.143~><~Game.2035~><~Scribe.144~> F10E4D
$Byz<~Scribe.141~>059 <~Scribe.142~><~Game.1973~><~Scribe.143~><~Game.1965~><~Scribe.144~> 86CAEC
$Byz<~Scribe.141~>073 072 <~Scribe.142~><~Game.1929~><~Scribe.143~><~Game.1925~><~Scribe.144~> CEABB6
$Byz<~Controls.644~>213 <~Controls.645~><~Game.2035~> D55D96
$gus833<~HighlightLabel.81~>099<~HighlightLabel.82~><~Game.2043~><~HighlightLabel.83~><~Game.2035~> 96D018
<gus833> pel nc FBD4E4
<Byz> nc 60E77D
<game> gus833<~Controls.1~> 1 3 4 null
<game> Byz<~Controls.1~> 1 null
<gus833> press 8AD921
$Byz<~Scribe.141~>078 <~Scribe.142~><~Game.1931~><~Scribe.143~><~Game.1943~><~Scribe.144~> F13D84
$gus833<~Scribe.141~>352 047 046 <~Scribe.142~><~Game.1938~><~Scribe.143~><~Game.1931~><~Scribe.144~> ADAF9B
$gus833<~Scribe.141~>423 <~Scribe.142~><~Game.32~><~Scribe.143~><~Game.33~><~Scribe.144~> B07510
$gus833<~Controls.644~>099 <~Controls.645~><~Game.2035~> 4CBB97
<Byz> pass CAFB47
$gus833<~HighlightLabel.81~>362<~HighlightLabel.82~><~Game.2043~><~HighlightLabel.83~><~Game.2035~> EBC108
$gus833<~Scribe.141~>318 <~Scribe.142~><~Game.2040~><~Scribe.143~><~Game.1974~><~Scribe.144~> DE12D5
$gus833<~Scribe.141~>319 <~Scribe.142~><~Game.2040~><~Scribe.143~><~Game.1956~><~Scribe.144~> 6C5719
$gus833<~Controls.644~>362 <~Controls.645~><~Game.2035~> 2A2873
<Byz> FTR I don't think you have it, but I have no choice 596469
$Byz<~Scribe.141~>210 <~Scribe.142~><~Game.2042~><~Scribe.143~><~Game.2035~><~Scribe.144~> 284F77
$Byz<~Controls.790~>248<~Controls.791~><~Game.2016~><~Controls.792~><~Game.2017~> 4D1347
$Byz<~Controls.795~>210<~Controls.796~><~Game.2035~><~Controls.797~><~Game.1997~> 0EEFBB
<game> gus833<~Controls.1~> 3 5 null
$gus833<~Controls.624~>220<~Controls.625~><~Game.2044~><~Controls.626~><~Game.2037~> null
$Byz<~Scribe.141~>247 <~Scribe.142~><~Game.1967~><~Scribe.143~><~Game.1969~><~Scribe.144~> D3FD70
$Byz<~Controls.323~>247 CCE51C
$Byz<~Scribe.141~>252 <~Scribe.142~><~Game.2019~><~Scribe.143~><~Game.2020~><~Scribe.144~> C5D553
<gus833> MM 00C520
$gus833<~Controls.624~>215<~Controls.625~><~Game.2044~><~Controls.626~><~Game.2036~> null
$Byz<~Controls.644~>215 220 <~Controls.645~><~Game.2035~> 92ADEE
$gus833<~Controls.276~>105<~Controls.277~><~Game.2043~><~Controls.278~><~Game.2035~> 07985F
$gus833<~Scribe.141~>253 037 040 038 039 <~Scribe.142~><~Game.1928~><~Scribe.143~><~Game.1975~><~Scribe.144~> 88E110
$gus833<~Scribe.141~>253 037 040 038 039 <~Scribe.142~><~Game.1975~><~Scribe.143~><~Game.1970~><~Scribe.144~> 159122
$gus833<~Scribe.141~>319 <~Scribe.142~><~Game.1956~><~Scribe.143~><~Game.1911~><~Scribe.144~> F11179
$gus833<~Scribe.141~>320 <~Scribe.142~><~Game.1937~><~Scribe.143~><~Game.1911~><~Scribe.144~> 5B19C3
$gus833<~Scribe.141~>318 <~Scribe.142~><~Game.1974~><~Scribe.143~><~Game.1911~><~Scribe.144~> 3B1394
$gus833<~Controls.644~>105 <~Controls.645~><~Game.2035~> 88D2D3
$gus833<~Controls.757~>104 100 <~Controls.758~><~Game.1997~><~Controls.759~><~Game.2043~> E62DAC
$gus833<~Controls.762~>105 362 099 361 102 101 103 <~Controls.763~><~Game.2041~><~Controls.764~><~Game.2043~> 27A776
$Byz<~Controls.726~>210 212 211 <~Controls.727~><~Game.1997~><~Controls.728~><~Game.2042~> DE3CFE
<~Game.7~>8 null
$Byz<~Controls.731~>213 358 <~Controls.732~><~Game.2039~><~Controls.733~><~Game.2042~> 0EF24B
$gus833<~Controls.509~>191<~Controls.510~><~Game.2006~><~Controls.511~><~Controls.46~> null
$gus833<~Controls.509~>178<~Controls.510~><~Game.2007~><~Controls.511~><~Controls.46~> null
$Byz<~Controls.509~>112<~Controls.510~><~Game.2004~><~Controls.511~><~Controls.45~> null
$Byz<~Controls.509~>119<~Controls.510~><~Game.2005~><~Controls.511~><~Controls.45~> null
$Byz<~Scribe.141~>247 <~Scribe.142~><~Game.1969~><~Scribe.143~><~Game.524~><~Scribe.144~> 87A6F3
$Byz<~Controls.281~>222 219 220 221 239 <~Controls.282~><~Game.2045~><~Controls.283~><~Game.2044~> 566094
<Byz> f ok F3C775
$gus833<~Controls.372~>105 A7797C
$gus833<~Controls.345~>362 099 361 102 101 103 104 100 <~Controls.346~>11 15 15 15 15 14 14 14 null
$gus833<~Controls.350~>362 099 361 102 101 103 104 100 null
$Byz<~Controls.345~>213 358 210 212 211 <~Controls.346~>1 3 3 1 1 null
$Byz<~Scribe.141~>213 <~Scribe.142~><~Game.2042~><~Scribe.143~><~Game.2035~><~Scribe.144~> 8030FF
$Byz<~Controls.323~>247 A3810B
$Byz<~Controls.644~>213 <~Controls.645~><~Game.2035~> 154499
$gus833<~HighlightLabel.81~>100<~HighlightLabel.82~><~Game.2043~><~HighlightLabel.83~><~Game.2035~> B18B06
$gus833<~Scribe.141~>reveal 203 01A59364F584866DE933E0C717D5461ECF400AAA 0 <~Scribe.142~><~Controls.46~><~Scribe.143~><~Game.2029~><~Scribe.144~> AFCB05
$gus833<~Controls.644~>100 <~Controls.645~><~Game.2035~> E5FAD4
$Byz<~Scribe.141~>211 <~Scribe.142~><~Game.2042~><~Scribe.143~><~Game.2035~><~Scribe.144~> F3BC04
$Byz<~Controls.790~>247<~Controls.791~><~Game.524~><~Controls.792~><~Game.525~> B31047
$Byz<~Controls.795~>211<~Controls.796~><~Game.2035~><~Controls.797~><~Game.1997~> 28F888
$gus833<~Controls.624~>216<~Controls.625~><~Game.2044~><~Controls.626~><~Game.2037~> null
$Byz<~Scribe.141~>252 <~Scribe.142~><~Game.2020~><~Scribe.143~><~Game.2021~><~Scribe.144~> EC0AF0
$Byz<~Controls.323~>247 29FA50
$Byz<~Controls.644~>216 <~Controls.645~><~Game.2035~> CBE515
$gus833<~HighlightLabel.81~>104<~HighlightLabel.82~><~Game.2043~><~HighlightLabel.83~><~Game.2035~> E5AE2E
$gus833<~Controls.509~>194<~Controls.510~><~Game.2006~><~Controls.511~><~Controls.46~> null
$gus833<~Controls.644~>104 <~Controls.645~><~Game.2035~> 0E24CA
$Byz<~Scribe.141~>210 <~Scribe.142~><~Game.2042~><~Scribe.143~><~Game.2035~><~Scribe.144~> A0201D
$Byz<~Controls.323~>247 DBB1BD
$Byz<~Controls.644~>210 <~Controls.645~><~Game.2035~> 4963AF
$gus833<~HighlightLabel.81~>103<~HighlightLabel.82~><~Game.2043~><~HighlightLabel.83~><~Game.2035~> 8A1FF2
$gus833<~CardBuffet.14~>reveal 207 4A136804730F738346A3428E74E5B3C62DF634D2 21<~CardBuffet.15~><~Controls.46~><~CardBuffet.16~> A86F5B
$gus833<~Scribe.141~>326 <~Scribe.142~><~Game.2040~><~Scribe.143~><~Game.1911~><~Scribe.144~> AC98EC
$gus833<~Controls.644~>103 207 <~Controls.645~><~Game.2035~> F09055
$Byz<~Scribe.141~>358 <~Scribe.142~><~Game.2042~><~Scribe.143~><~Game.2035~><~Scribe.144~> 60418A
$Byz<~Scribe.141~>276 <~Scribe.142~><~Game.2038~><~Scribe.143~><~Game.1944~><~Scribe.144~> F29306
$Byz<~Controls.644~>358 <~Controls.645~><~Game.2035~> 4957FE
$gus833<~Controls.276~>362<~Controls.277~><~Game.2043~><~Controls.278~><~Game.2035~> 9AA949
$gus833<~Scribe.141~>255 <~Scribe.142~><~Game.2040~><~Scribe.143~><~Game.1969~><~Scribe.144~> 082731
$gus833<~Scribe.141~>360 <~Scribe.142~><~Game.2040~><~Scribe.143~><~Game.2037~><~Scribe.144~> 99BD55
$gus833<~Controls.644~>362 360 <~Controls.645~><~Game.2035~> A6E4CB
$Byz<~Scribe.141~>212 <~Scribe.142~><~Game.2042~><~Scribe.143~><~Game.2035~><~Scribe.144~> B9F9C0
$Byz<~Controls.790~>247<~Controls.791~><~Game.525~><~Controls.792~><~Game.528~> E208FF
$Byz<~Controls.795~>212<~Controls.796~><~Game.2035~><~Controls.797~><~Game.1997~> F949DC
$gus833<~Controls.624~>239<~Controls.625~><~Game.2044~><~Controls.626~><~Game.2037~> null
<Byz> random 8DDB1E
$gus833<~Controls.637~>241<~Controls.638~><~Game.1999~><~Controls.639~><~Game.2036~> null
<Byz> lol 3295CA
<gus833> wwsat 60EB6D
$Byz<~Scribe.141~>247 <~Scribe.142~><~Game.528~><~Scribe.143~><~Game.525~><~Scribe.144~> 3D1B08
$gus833<~Controls.452~>116<~Controls.453~><~Controls.45~><~Controls.454~><~Game.2039~> null
$Byz<~Controls.323~>247 3C6564
$Byz<~Controls.644~>241 239 <~Controls.645~><~Game.2035~> DCE2C0
$Byz<~Scribe.141~>242 <~Scribe.142~><~Game.1998~><~Scribe.143~><~Game.1999~><~Scribe.144~> 0F0826
$gus833<~Controls.757~>099 361 102 101 105 <~Controls.758~><~Game.1997~><~Controls.759~><~Game.2043~> 064A5B
$gus833<~Controls.762~>362 360 103 104 100 <~Controls.763~><~Game.2041~><~Controls.764~><~Game.2043~> 5783A8
<Byz> My first random of the game BEAA94
<Byz> I was so careful 22D70C
$Byz<~Controls.726~>212 211 <~Controls.727~><~Game.1997~><~Controls.728~><~Game.2042~> F5FB0E
<~Game.7~>9 null
$Byz<~Controls.731~>358 210 213 <~Controls.732~><~Game.2039~><~Controls.733~><~Game.2042~> 36EE9C
<Byz> second 2F27F5
$gus833<~Controls.509~>174<~Controls.510~><~Game.2006~><~Controls.511~><~Controls.46~> null
$gus833<~Controls.509~>205<~Controls.510~><~Game.2007~><~Controls.511~><~Controls.46~> null
<Byz> my bad 7C6F05
$Byz<~Controls.509~>108<~Controls.510~><~Game.2004~><~Controls.511~><~Controls.45~> null
$Byz<~Controls.509~>130<~Controls.510~><~Game.2005~><~Controls.511~><~Controls.45~> null
$gus833<~Controls.296~>205 <~Controls.297~><~Controls.46~> 31B617
<Byz> good to know if I risked it earlier I'd be fucked 5BCC7C
<Byz> f ok 86609B
$gus833<~Controls.372~>362 140D97
$gus833<~Controls.345~>360 103 104 100 099 361 102 101 105 <~Controls.346~>13 11 12 13 15 14 12 15 13 null
$gus833<~Controls.350~>360 103 104 100 099 361 102 101 105 null
$Byz<~Controls.345~>358 210 213 212 211 <~Controls.346~>2 1 2 0 2 null
$Byz<~Scribe.141~>358 <~Scribe.142~><~Game.2042~><~Scribe.143~><~Game.2035~><~Scribe.144~> 78FB9D
$Byz<~Controls.323~>247 F3E266
$Byz<~Controls.644~>358 <~Controls.645~><~Game.2035~> FADC2C
<gus833> ? EE0038
<gus833> no more strider 1CB716
$Byz<~Controls.819~> 2E4FFE
$Byz<~Controls.819~> 37B976
<Byz> right 1536ED
<Byz> that fuckery AF49FD
$Byz<~CardBuffet.3~>358 <~CardBuffet.4~><~Game.2035~><~CardBuffet.5~><~Controls.45~> DA10F9
$Byz<~Controls.281~>358 <~Controls.282~><~Controls.45~><~Controls.283~><~Game.2042~> 16C225
$Byz<~Scribe.141~>212 <~Scribe.142~><~Game.2042~><~Scribe.143~><~Game.2035~><~Scribe.144~> 470202
$Byz<~Controls.323~>247 C73BD4
$Byz<~Controls.644~>212 <~Controls.645~><~Game.2035~> 2D9C4C
<gus833> thinking BD1338
$gus833<~HighlightLabel.81~>100<~HighlightLabel.82~><~Game.2043~><~HighlightLabel.83~><~Game.2035~> 756AB3
<gus833> WLR FC3D9F
$Byz<~Controls.281~>088 <~Controls.282~><~Game.1954~><~Controls.283~><~Game.2038~> 03BD90
$Byz<~Scribe.141~>098 068 094 301 269 303 066 <~Scribe.142~><~Game.1954~><~Scribe.143~><~Game.1991~><~Scribe.144~> B41AF2
$gus833<~Scribe.141~>253 037 040 038 039 036 029 028 027 026 025 024 023 021 022 <~Scribe.142~><~Game.1970~><~Scribe.143~><~Game.1954~><~Scribe.144~> 7B69AD
$gus833<~Scribe.141~>420 <~Scribe.142~><~Game.2040~><~Scribe.143~><~Game.1970~><~Scribe.144~> 2FC662
$gus833<~Controls.644~>100 <~Controls.645~><~Game.2035~> 6477A0
$Byz<~Scribe.141~>211 <~Scribe.142~><~Game.2042~><~Scribe.143~><~Game.2035~><~Scribe.144~> A8537E
$Byz<~Scribe.141~>reveal 108 E9FD019CEAAF3758CC977A62155D973053317559 7 <~Scribe.142~><~Controls.45~><~Scribe.143~><~Game.2037~><~Scribe.144~> 76672F
$Byz<~Controls.281~>233 <~Controls.282~><~Game.2046~><~Controls.283~><~Game.2044~> D43A7F
$Byz<~Controls.644~>211 108 <~Controls.645~><~Game.2035~> 5FC649
$gus833<~HighlightLabel.81~>361<~HighlightLabel.82~><~Game.2043~><~HighlightLabel.83~><~Game.2035~> 1BDBBB
$gus833<~CardBuffet.14~>reveal 191 72B50BE56BE91F72E5FA045A137E7C94B3541A65 20<~CardBuffet.15~><~Controls.46~><~CardBuffet.16~> E5CA98
<gus833> WLR 895113
<game> gus833<~Controls.1~> 5 4 2 5 4 null
<gus833> 2 FF4CD9
$Byz<~Controls.304~>094 301 <~Controls.305~><~Game.1991~> 35A0A6
$Byz<~Controls.313~>087 308 <~Controls.309~>(1)/casualties(1)<~Controls.314~><~Game.1991~> 7CB6DE
$gus833<~Controls.644~>361 191 <~Controls.645~><~Game.2035~> 490AEC
<Byz> pass 3F868D
$gus833<~HighlightLabel.81~>102<~HighlightLabel.82~><~Game.2043~><~HighlightLabel.83~><~Game.2035~> EA266F
<gus833> WLR AB3538
$gus833<~Controls.840~>174 77AE51
$Byz<~Controls.840~>130 32FDAD
<auto> playchosen C605DA
<auto><~Controls.3~>reveal 130 00334B2C5E11F72B268DC7027F3A2D349CC837F5 10<~Controls.884~><~Controls.45~><~Controls.885~><~Game.2037~> 32501D
<auto><~Controls.866~>reveal 174 5C300898141FCF6F5AA9541ABAB27014865885AC 19<~Controls.867~><~Controls.46~><~Controls.868~><~Game.2036~> 9D0EF7
<auto> playchosen 41DAD6
<game> gus833<~Controls.1~> 5 1 4 6 2 null
<game> gus833<~Controls.1~> 1 3 6 3 null
<gus833> 2-1 01D754
<game> Byz<~Controls.1~> 3 1 6 2 4 null
<game> Byz<~Controls.1~> 6 5 null
<Byz> 3 340D0F
$Byz<~Controls.296~>087 <~Controls.297~><~Game.1991~> 8E389A
$gus833<~Scribe.141~>021 023 024 <~Scribe.142~><~Game.1954~><~Scribe.143~><~Game.2036~><~Scribe.144~> 487379
<gus833> stop 8F606E
$gus833<~Controls.509~>158<~Controls.510~><~Game.2006~><~Controls.511~><~Controls.46~> null
$gus833<~Controls.644~>102 174 021 023 024 130 <~Controls.645~><~Game.2035~> 514F37
$Byz<~Scribe.141~>213 <~Scribe.142~><~Game.2042~><~Scribe.143~><~Game.2035~><~Scribe.144~> 15A10A
$Byz<~Controls.509~>154<~Controls.510~><~Game.2004~><~Controls.511~><~Controls.45~> null
$Byz<~Controls.644~>213 <~Controls.645~><~Game.2035~> 09CEF0
$gus833<~HighlightLabel.81~>105<~HighlightLabel.82~><~Game.2043~><~HighlightLabel.83~><~Game.2035~> 90A923
<gus833> WLR 08488F
$gus833<~Controls.840~>166 4D4221
$Byz<~Controls.840~>119 0304C5
<auto> playchosen 313709
<auto><~Controls.3~>reveal 119 D9BA14D09EC512E47BC9866D93B1A0C5216BE6CE 8<~Controls.884~><~Controls.45~><~Controls.885~><~Game.2037~> E16EDB
<auto><~Controls.866~>reveal 166 616A73529DAF1B70B6A9D5920C9E1E65347D19F0 12<~Controls.867~><~Controls.46~><~Controls.868~><~Game.2036~> 118C35
<auto> playchosen 312246
<game> gus833<~Controls.1~> 5 3 6 null
<game> gus833<~Controls.1~> 5 6 null
<gus833> 2 90AD21
<Byz> ffs 32B0BF
<game> Byz<~Controls.1~> 3 1 3 6 null
<game> Byz<~Controls.1~> 5 5 null
<Byz> 3 1692CA
<gus833> no reroll 6CB714
<Byz> just 1 214EF6
<Byz> god 363E5F
$gus833<~Scribe.141~>025 <~Scribe.142~><~Game.1954~><~Scribe.143~><~Game.2036~><~Scribe.144~> 5E2BBB
<Byz> Every single game 900C28
<Byz> I just want one game where I get average luck FD5EF6
<Byz> Sorry E28485
<Byz> I'll shut up EEBF7E
<Byz> This game though D05829
$Byz<~Controls.296~>269 308 <~Controls.297~><~Game.1991~> 009344
<gus833> press 28B474
$gus833<~Controls.304~>036 <~Controls.305~><~Game.1954~> 78DA0D
$gus833<~Controls.313~>021 <~Controls.307~><~Controls.314~><~Game.1954~> BF9512
$gus833<~Controls.509~>162<~Controls.510~><~Game.2006~><~Controls.511~><~Controls.46~> null
$gus833<~Controls.662~>166 025 119 <~Controls.663~><~Game.2035~> CEB63E
$gus833<~Controls.840~>170 B63182
$Byz<~Controls.840~>112 57A114
<auto> playchosen B34EA0
<auto><~Controls.3~>reveal 112 1BC9DAFE03B615782C6DD6140CA4711A9FC56521 6<~Controls.884~><~Controls.45~><~Controls.885~><~Game.2037~> ED23F2
<auto><~Controls.866~>reveal 170 DCF691EF8433F4CE1E63ABF87EFDBB50CCE11892 5<~Controls.867~><~Controls.46~><~Controls.868~><~Game.2036~> CBFCDE
<auto> playchosen 31344E
$gus833<~Scribe.141~>029 <~Scribe.142~><~Game.1954~><~Scribe.143~><~Game.2036~><~Scribe.144~> 425378
<game> gus833<~Controls.1~> 5 5 3 5 6 null
<gus833> 4 14398B
<game> Byz<~Controls.1~> 6 1 null
<game> Byz<~Controls.1~> 5 null
<Byz> 2 2E342A
$Byz<~Controls.296~>098 068 303 066 <~Controls.297~><~Game.1991~> 569CD6
$gus833<~Scribe.141~>028 021 <~Scribe.142~><~Game.1954~><~Scribe.143~><~Game.2036~><~Scribe.144~> C1961A
$gus833<~Scribe.141~>423 <~Scribe.142~><~Game.33~><~Scribe.143~><~Game.389~><~Scribe.144~> A41D27
$gus833<~Controls.644~>105 170 028 021 029 112 <~Controls.645~><~Game.2035~> E4C360
<Byz> pass D82491
$gus833<~HighlightLabel.81~>104<~HighlightLabel.82~><~Game.2043~><~HighlightLabel.83~><~Game.2035~> 7CD784
<gus833> riv 4F8C66
$gus833<~Controls.840~>158 9A1938
<Byz> nc 7E54D0
<auto> playchosen A223DC
<auto><~Controls.866~>reveal 158 C42AC6421B60499EA82D5762ADF8172ED620952C 15<~Controls.867~><~Controls.46~><~Controls.868~><~Game.2036~> 4F50A6
<game> gus833<~Controls.1~> 5 6 6 2 1 null
<game> gus833<~Controls.1~> 4 6 null
<gus833> 4 2EED87
<Byz> one game BD1FFB
<Byz> that's all I want C2D45B
<game> Byz<~Controls.1~> 2 2 6 null
<game> Byz<~Controls.1~> 4 null
<Byz> 1 AB74D8
$gus833<~Scribe.141~>331 <~Scribe.142~><~Game.1911~><~Scribe.143~><~Game.2036~><~Scribe.144~> F708BA
$Byz<~Controls.296~>266 <~Controls.297~><~Game.1990~> 629440
$Byz<~Controls.304~>090 091 <~Controls.305~><~Game.1990~> 36A324
$Byz<~Controls.313~>087 269 <~Controls.308~><~Controls.314~><~Game.1990~> C427DB
<gus833> press 5C0551
$gus833<~Controls.304~>323 <~Controls.305~><~Game.1911~> B48E31
$gus833<~Controls.313~>332 <~Controls.307~><~Controls.314~><~Game.1911~> DDDF5A
$gus833<~Controls.662~>158 331 <~Controls.663~><~Game.2035~> 2D4B9F
<gus833> nc FE85BE
<Byz> nc 4479BA
<game> gus833<~Controls.1~> 5 2 5 5 3 null
<game> gus833<~Controls.1~> 4 1 3 2 3 null
<game> Byz<~Controls.1~> 3 6 null
<game> Byz<~Controls.1~> 6 null
<Byz> 2 B7037D
$gus833<~Scribe.141~>322 <~Scribe.142~><~Game.1911~><~Scribe.143~><~Game.2036~><~Scribe.144~> 89FE8A
<gus833> press 8BDB35
$gus833<~Controls.304~>326 <~Controls.305~><~Game.1911~> 57B037
$gus833<~Controls.313~>331 <~Controls.307~><~Controls.314~><~Game.1911~> BED363
$gus833<~Controls.662~>322 <~Controls.663~><~Game.2035~> 092092
<gus833> nc C32127
<Byz> nc F21B15
<game> gus833<~Controls.1~> 1 2 5 5 2 null
<game> gus833<~Controls.1~> 4 3 2 null
<game> Byz<~Controls.1~> 3 6 null
<game> Byz<~Controls.1~> 4 null
<Byz> 1 726D9A
$gus833<~Scribe.141~>332 <~Scribe.142~><~Game.1911~><~Scribe.143~><~Game.2036~><~Scribe.144~> A2AAD8
$gus833<~Controls.644~>104 332 <~Controls.645~><~Game.2035~> 6841F2
$Byz<~Scribe.141~>210 <~Scribe.142~><~Game.2042~><~Scribe.143~><~Game.2035~><~Scribe.144~> 2C06ED
$Byz<~Controls.281~>210 <~Controls.282~><~Game.2035~><~Controls.283~><~Game.2042~> 36CBA2
$Byz<~Scribe.141~>358 <~Scribe.142~><~Game.2042~><~Scribe.143~><~Game.2035~><~Scribe.144~> 75D215
$Byz<~Scribe.141~>249 <~Scribe.142~><~Game.2008~><~Scribe.143~><~Game.2011~><~Scribe.144~> A49090
$Byz<~Scribe.141~>085 276 084 083 082 <~Scribe.142~><~Game.1944~><~Scribe.143~><~Game.1943~><~Scribe.144~> 9549EA
$Byz<~Scribe.141~>073 072 <~Scribe.142~><~Game.1925~><~Scribe.143~><~Game.1918~><~Scribe.144~> 03DA02
$Byz<~Controls.644~>358 <~Controls.645~><~Game.2035~> 77A738
$gus833<~HighlightLabel.81~>103<~HighlightLabel.82~><~Game.2043~><~HighlightLabel.83~><~Game.2035~> 5BFA5B
$gus833<~CardBuffet.14~>reveal 178 EC00D78D88E17C118E04E548FEF0DD1FAD9664F9 9<~CardBuffet.15~><~Controls.46~><~CardBuffet.16~> 599F7A
$gus833<~Scribe.141~>255 020 019 018 017 016 <~Scribe.142~><~Game.1969~><~Scribe.143~><~Game.1955~><~Scribe.144~> 11468A
$gus833<~Scribe.141~>255 020 019 018 017 016 <~Scribe.142~><~Game.1955~><~Scribe.143~><~Game.1938~><~Scribe.144~> 30835F
$gus833<~Scribe.141~>255 020 019 018 017 016 <~Scribe.142~><~Game.1938~><~Scribe.143~><~Game.1931~><~Scribe.144~> 2E3A22
$gus833<~Controls.644~>103 178 <~Controls.645~><~Game.2035~> 68E13D
<Byz> Well that makes things more straightforward I think F959C4
<Byz> 2 hits E09D47
<Byz> I mean you have used most deadlies 3AEB3F
<Byz> All of them 93B02B
<Byz> Could be GH F9BCF3
<Byz> No you only have Cs 7BFED8
<Byz> So like... devilry I guess 512A9D
<Byz> But probably not anything major 05A2CA
$Byz<~Scribe.141~>210 <~Scribe.142~><~Game.2042~><~Scribe.143~><~Game.2035~><~Scribe.144~> 948A60
$Byz<~Controls.790~>247<~Controls.791~><~Game.525~><~Controls.792~><~Game.528~> 40B2C8
$Byz<~Controls.795~>210<~Controls.796~><~Game.2035~><~Controls.797~><~Game.1997~> 9EFF3F
$gus833<~Controls.624~>233<~Controls.625~><~Game.2044~><~Controls.626~><~Game.2037~> null
$Byz<~Scribe.141~>252 <~Scribe.142~><~Game.2021~><~Scribe.143~><~Game.2020~><~Scribe.144~> E7A74F
$Byz<~Controls.644~>233 <~Controls.645~><~Game.2035~> A21220
$gus833<~Controls.276~>360<~Controls.277~><~Game.2043~><~Controls.278~><~Game.2035~> 1DC408
<gus833> riv nc 8328A3
<Byz> nc 022EAD
<game> gus833<~Controls.1~> 6 1 1 6 null
<gus833> 2 DAAE16
<Byz> lmao F4EFC2
<gus833> gg 88CE73
<Byz> gg 9C7855
<Byz> ok 7CA5FA
<Byz> Game after game after game 5CC0B7
<Byz> god 3312AE
<Byz> sorry I am so salty BB8490
<gus833> it's all good 5C6077
<Byz> Maybe it's time for another break A09753
<Byz> It just sucks F3953C
<gus833> fwiw I don't think it's as one sided as you think in this one F58E0F
<gus833> plenty went your way 94DCE1
<gus833> not trying to rub it in CB3A18
<Byz> Idk maybe I am making egregious mistakes somewhere 8D9EAA
<Byz> Do you think I fucked up? AB5819
<gus833> just saying that it can feel like everything's against you 47AA44
<Byz> It is possible I am on tilt and just playing worse 1CFB6D
<gus833> idk, I would've fought in pel 7AC5A8
<Byz> DA was insane 6E27EF
<Byz> This game B43A6E
<Byz> I stand by not fighting in pel 92007A
<Byz> I am not making 4 moves next turn 3B8F73
<Byz> Not fighting Pel was the correct play 4CDB2D
<Byz> Your odds are just going to be much better going for 3 moves and betting on not 2 in 8 dice 1E1DBF
<Byz> As opposed to 4 moves in one turn 1BB281
<gus833> if you take back pel there's a decent chance I can't close it out next turn 5F0501
<gus833> where am I getting point #10? 9FF7DA
<gus833> edoras? the shire? 85DD17
<Byz> Edoras C204B0
<Byz> Pretty easily BC8E2A
<gus833> maybe 17D8C1
<gus833> bad combat for me in fords and it isn't guaranteed D9157D
<Byz> With less leadership, my odds in Pel are also maybe 50/50 C19593
<Byz> Probably worse DE4A94
<Byz> Yes much worse 62C8E4
<Byz> Cause city defense 8F89D4
<gus833> fair enough! F2E14B
<Byz> Fair I asked what you would have done and you told me though BF882C
<Byz> I think it is possible I have just fallen into this rut 08108A
<Byz> Where I have had games of legitimately awful luck CF83A2
<Byz> And I just expect it will keep going that way D7ECB5
<Byz> Self fulfilling prophecies 6F1DA4
<Byz> This game was ok. 2 turns of no movement was pretty awful lol 2A608C
<gus833> yeah, it happens. like I said, plenty of things cut your way in this one. not trying to say things didn't go my way more, I just tend to think a sign that you're on tilt is only noticing the bad happening to you 52135A
<Byz> But maybe there are things I could have done C4F958
<gus833> those turns were awful, yeah 393FF6
<Byz> DA falling was awful 6007A7
<Byz> Hitting red into Random into strider into losing there is another way off wwsat 0150B3
<Byz> That is... 44E86C
<gus833> yeah, but the number of dice it took in lorien made up for it. I played grond in DA, it's gonna fall most of the time AF84C1
<Byz> Yeah i dont even know F2F37E
<Byz> 8/2 vs 2/3 I do not believe takes it most of the time C0E52D
<Byz> Grond alters that a bit 4E903D
<gus833> with grond? I'll take those odds any day with an opening of desperate battle D4E8F8
<Byz> 8 hp vs 12 A4C051
<Byz> Just a lot to carve through BF6494
<gus833> after desperate battle it should be ~4 vs ~9 8CF316
<Byz> General logic is double 4BDB1E
<gus833> or ~5 vs ~9 8244EF
<Byz> you think 4 hits is expected on desperate battle?!! 6EED2C
<Byz> Desperate battle is 2 hit sexpected 5CCCFD
<gus833> 3, not 4 BBEE10
<gus833> 1.7 on combat 1 on reroll 9EA8E4
<gus833> 1.1 technically on reroll F4E84C
<Byz> Not when I play shadow lol 3CE908
<gus833> shrug emoji 16D582
