<auto> silent null
<auto><~Scribe.141~>363 397 398 402 401 400 399 403 404 376 375 374 373 377 378 <~Scribe.142~><~Game.2038~><~Scribe.143~>Spare<~Scribe.144~> null
<auto><~Scribe.141~>365 366 379 380 381 382 383 384 385 386 387 388 389 390 391 392 393 394 395 396 367 368 369 370 371 372 <~Scribe.142~><~Game.2040~><~Scribe.143~>Spare<~Scribe.144~> null
<auto><~Scribe.141~>230 231 <~Scribe.142~><~Game.2044~><~Scribe.143~>Spare<~Scribe.144~> null
<auto><~Scribe.141~>155 152 <~Scribe.142~><~Game.2004~><~Scribe.143~>Spare<~Scribe.144~> null
<auto><~Scribe.141~>137 151 <~Scribe.142~><~Game.2005~><~Scribe.143~>Spare<~Scribe.144~> null
<auto><~Scribe.141~>161 198 <~Scribe.142~><~Game.2006~><~Scribe.143~>Spare<~Scribe.144~> null
<auto><~Scribe.141~>163 188 <~Scribe.142~><~Game.2007~><~Scribe.143~>Spare<~Scribe.144~> null
<auto><~Controls.323~>364 null
<auto> noisy null
<auto> silent null
<auto><~Scribe.141~>312 <~Scribe.142~><~Game.2038~><~Scribe.143~><~Game.1965~><~Scribe.144~> null
<auto> noisy null
<~Game.7~>1 null
<auto> silent null
<auto><~Scribe.141~>363 397 398 402 401 400 399 403 404 376 375 374 373 377 378 <~Scribe.142~><~Game.2038~><~Scribe.143~>Spare<~Scribe.144~> null
<auto><~Scribe.141~>365 366 379 380 381 382 383 384 385 386 387 388 389 390 391 392 393 394 395 396 367 368 369 370 371 372 <~Scribe.142~><~Game.2040~><~Scribe.143~>Spare<~Scribe.144~> null
<auto><~Scribe.141~>230 231 <~Scribe.142~><~Game.2044~><~Scribe.143~>Spare<~Scribe.144~> null
<auto><~Scribe.141~>155 152 <~Scribe.142~><~Game.2004~><~Scribe.143~>Spare<~Scribe.144~> null
<auto><~Scribe.141~>137 151 <~Scribe.142~><~Game.2005~><~Scribe.143~>Spare<~Scribe.144~> null
<auto><~Scribe.141~>161 198 <~Scribe.142~><~Game.2006~><~Scribe.143~>Spare<~Scribe.144~> null
<auto><~Scribe.141~>163 188 <~Scribe.142~><~Game.2007~><~Scribe.143~>Spare<~Scribe.144~> null
<auto><~Controls.323~>364 null
<auto> noisy null
$base silent null
$TEST<~Scribe.141~>312 <~Scribe.142~><~Game.2038~><~Scribe.143~><~Game.1965~><~Scribe.144~> null
$base noisy null
<game> SlowCobra<~Controls.408~>[WOTR-Gandalf2 wotr base2] null
<~Talker.31~> null
<Stella_Rossa> hello 
<Stella_Rossa> roll and bid 
<SlowCobra> hey 
<game> Stella_Rossa<~Controls.1~> 6 null
<game> SlowCobra<~Controls.1~> 2 null
<Stella_Rossa> 1+1 
<SlowCobra> 2 rings 
<SlowCobra> 2 t 
<SlowCobra> sorry 
<Stella_Rossa> ok 
<Stella_Rossa> gl hf 
$Stella_Rossa<~Controls.281~>427 426 <~Controls.282~><~Game.2038~><~Controls.283~><~Game.2042~> 
<SlowCobra> good luckù 
$Stella_Rossa<~Controls.464~>09FC66373F0C67699A1C51929EBEB3E3C10E535E 03CEA72EC14F077ECC989FF6BB98C12C 24 61599318D3FEF845A834BAF0BE796570D1FD3327 65F4914B7352C6F452340E491A510FEA A3E1C3347D5BFDBEF7057D9826D9A854AC676C9F 1599FF1CC2B8EAB899373994AFB72D46 4DB09CD39E27D1DBE4AE523B243BD00471535EA8 76B0FD9FDB1C3648CF474E9C3F523ED9 734E977949104F92D38B35ACC23BE7615C93C861 A842269C93A141CFD87CB57FAB3BD834 D99CA496C2FC591B85D3B3C1189D17A6F8C98A69 0C83DF4C9A8D2B0E722E5D3A40D4CC3A 4A651BCF83EFA702FC48D57C9358C4B7209754AD 075CF66EF0E5A6CD9AEF127D4DA31638 674DC9F6FD1FC74C7EEE125E391A0217EFB06438 05736FA397BB45E72D5CE6B0F53DDCE5 1A653D6663131EC17E1970B893B50D9D4DCEDA73 C0E8951C89202E6CD19C386F4747BAC6 406D7FC840D33F30F9B676C266DBBB7E2FBFF357 C159FF3CECF7F4E315C5E5E38BDD241E 62D4E0D4D19ADC020B7B30116456BFC3CB22FF6D 26E3B015831559A1D66F2396DE08E25B A3A1904DF7937521F8C63464072A2990AFA2D63B A62F097168604C27E53D82B801FFA37B CAB4C9456729E33A852887AF7EACBF4E70BBFA7F D2D0CF7FF7EC5FE5E61A36076D50E3D1 CE2F8909418FA6FDF8C732C64EA8C88CDFD3E249 9D680AFD0D4283BA7A6CA32FAA5286A8 FB069E89ACF0D6BBFDC33DDA3DB7549362E880E4 1E673C28723D56AFA08F6DEBE05BE418 301BAE05F06B039AD4564BD8E836F89C332B0667 9360BEC4934B50E958482536ADA388C2 C0C9C971B05D6BD0847ACC31298F4411B8AF42EA A93F261C74E6F69C88077C0539DD0170 C8EEA828E9A705BF2EAF1514C64F74561C8C7882 F9D78911E48F889A232BCB8A88DE48DA 4E7003C3CD461446338C15A6DEA858F1DC8D263A D69CF9A7F1BA2045889C0C800FE91989 08C2BE93B867967207644DA501816EEA0438D566 458029009E58AC5B2771543C89674120 1FFAE64089C2AC741B74F3295603BFF1274A7C13 4C3E1A0CD3FB4DEC6A71B10A0A359628 69FAD4E89FE5161957F8B2E1904FE5FC06E5EB3B 6F98F5DB94C84B41D1A9546C54C168CC 5C20EE85B670DB62043C2CD4E0C41F2855CD91C6 7745740975A290315F6A3EDA68A6CFE3 49751DE858DE39A6CBD31CAC7AD18527272069F1 75994CFF4D4E6D513458B1356083AFB2 EC5E2B908139CF5D02A47EEC07104FC3E600DF4D 052A9584297BDD517B7592377B30E599 24 E6BB56316B88B602D43E5F6D9151C0FF50F73506 D7F2F67083E65FE88643E7CF79A0D6C3 C13E5144F4E9B8D25887A9770CF73743635781C7 6BBE3EE2B40FB0CE366311E629032024 275D1AD0E07B6977E4A073CCE1B89A4477F20FFB 1BD795DEA62EA36BA057794A3FFD576F 0ED1B988BE86682C39F42095325E9E2306247310 5E44A66CCD61511CEC4E50D16B093F84 17A27F0484C4317FE5A754EABA15FFE55EEDE208 4A186FC45747CFA980152B86A6565BF8 D141C64CDDF3A5915538C7A436A01D53A9D1FFE3 5A91D104A1754B7B5E97B61FCEB74388 6A09BDD4910CC32D234B3D2AD6F8BE5238A177AB 7114288BED86A679CA93E8637578F154 115CAC35410F9CA31D22592EA5674B360B657A77 1F43C49F52ACD347306715FEF52A9A74 C304DC312768A7AFF0BDF9713EE76774B13314B7 22B24124F3FBBA85430F7E7BC7C30F1C 8795C5172A66E3E53D479383C4C005CA1B38C37F 2E046F9373EE35D969CD77361496B6C6 ABFB91613D5BD43CB95875979820F4FD886C906B F06C6736A8BF51B5550B810E8C05065C E014DB5FB46B3B0B786C1B3D971DECC531DF8824 50E092838EA68A82F565ADEA7701828B 08CB35611E93C084C4BD4AECA9EFF1CEE6C36D20 F671E33A7D186E4E8F020D56099D68F0 EAC6FDE0830EB0C9A64C16CCDFE5100C5266C3C9 10A90AD39E8B416526925199F9583016 3C379F5E802C33F9872E8C5D7983CB0A16F6C480 51CCC9059B6C2EC022A735BC54F2A813 BCCD2819F2AA33227DE6089FAB8F5CDA4C7D7198 3C6A2CDA953B4B8D2F4151EA8ECA591D 07513275F65E298F6A0CB4C4A1238034F8CA9511 A1A1AC125B04E5FF64B3500CD93CD675 ACABDEC6E444D0DC9FEF1A3D39EBA26292B8E815 67EE34C7D7A5EB3DA848319EB9747165 587FFEC4CD2EF675F0A0267D3BCD72988AAB2654 8C7EEB97CB9C9686514A7927D8994017 38E78C361877D391ADAF43A357F040F8E6D27790 6A53EFF9BD457F6D0D4D97611665F328 20BAD94B5E13061CC1C2FA0211782FB6E6E5486A 3BB3EFD230CAC84705E8EE54E472F882 3B7E8CCEBF71A717959E02DA1ED116CD0C8CFD89 DFAE0AE0142DBD2D3F3AD734D2E6E35F 8805309353B365E455872AE41C88FB15642AA3DB DCBFE7377E2ACA6D43E231D8653464CA 99FEB19CB5036933F04A29DABAC7FC4C4EF6AE40 A5C2CFD39BDE3F25014C878D2D217AE1 0 0 1EF331
$Stella_Rossa<~Controls.509~>117<~Controls.510~><~Game.2004~><~Controls.511~><~Controls.45~> null
$Stella_Rossa<~Controls.509~>120<~Controls.510~><~Game.2005~><~Controls.511~><~Controls.45~> null
$SlowCobra<~Controls.479~>EB8E555C05134EE1601B7167B72C537D7EE1A5D4 5B50A32B89A9CB11EAD81CD86E818743 24 66B0129CBAA4D772CE6CEB053509371FE052CD4A BB5206BE7DA1661B598C03138AF7A30F 4857F8216C456AC8FEF3C09AAE6CF70DDFE59262 E8994F2E5790C053A58DD2BF5FE9A02E 0EEA7A248CD143C25AA6915AEC0BB93A6B391EF2 2A4A1BFF626C71F0841B4929C9BEBC66 0BAA6622F9F9A14181F6465426860288EDE3A354 9CAC728512F2179693B07267E3D7F204 F28B292B1DC5641638A6B4DAC3EAEB0C3B849101 EBC3D2717C137FB6C0AFA96E99CB304C 862E1DE587BCAC80ED8CD397C7A3497D2E0D311D 5DE98008086B66C9EBF2ED297B7B8827 CD713CCEAF9884981D252E37E06C7CBC9890CC20 15B61D1E64A552D7CB1FC319D4104F89 81330AB2C0B6BFD990EC4330E456378714D2ED1A 94BCA615BB16A6AA0EE7A4F5FB368607 1033A3C63C35519AD5F8BA8764DB8043BEF9CE27 83D61BA126EF9002C4915D1EE826EE5D 030B8C613B972B71C71821E262D59499650B1847 AF0A055E62C26B08FD806D1D0958F48C 7F04276B93B8BB117422EFEDF8DA27C5DB9380CD 544F624FC35606B2B08378AF56EA9B6B 1E3794A3023E2CC7170E83A277838487937B5E08 9DAC5EEF69EF9F85DE2698C7A31DBA1E D78275925C345C58E5354D16BDAEDDDAC34B36A0 6B83B420B085DDADF663C0D5346AB202 6346FE8F627B73478A86AC09A02C70C0CB721A9D 55FC48B2ECA565787B515645960E8303 5F15F233362ECD6D380D6F3001DCE5D558211DE4 EFE260BB56E31030E3B9EE68AC26AC0A 30ADE7247F033FB2F53F0F79D1EA4E96E8CE64C1 4F7131A4401719EFC2BC24C707A08850 36CD9A01486F754F2C358E9688B29CB861C0F00F CCCFB3C990DFA02527DED6487B9F51D0 B6EAA46280AE318E8BDD47F76C479039A06E7969 094DCAEC6B10907846281B15EE2B7A80 01BE573A44750193D0DB8F4E610F1421D40506AA 319232E0300D5993564321C973329AFD BBED3D033A36908C20BBB74DBC9701BCAF5DCBD2 8357B08EA73C0608BCA7432C9637FD19 BE9620B9BEC6A34A2428B98DF548AD7765BE3096 115D909F790C2E53694EF7E0F9495AE0 B253BFC1CE3BC5FF54F8C4AAA9FB01C49935A2CE C3AB5BDBE3375F307F835BE41F0A8082 3442A7F42E5CE4D99707FF37D9B2337773FB70F5 A2628F69A6457E363ABF21D687DB18EE 1B0F2C185E485F51E35BECD3B52A7BC9D6B8E90F 5394AD024271A8FD0DA99F0BFC925837 24 72BEF1F9AFE785D65A54F96EC6195E85765A49F9 E0F83FF46273BF180BA95BC92B36A624 8E88912AB5840D37F47963D096968C63460CAE74 BE77AD0E99DD04E788AB86B876A0692C 7DD6E218FAE282E2AE15438430EE104F81E68856 0BCE4F434FFD629500FBDBBF07214E80 E6559FA4644EA038C624AF6E5894847AF7555E21 16D5465CF5796CAE37548AEB2666C8FC B20875CB0BB8AE0EEEAE3A7C3E4123459C9054B8 242D5B137F22FBE2A0985784CF49BF41 2FF4C18BB071B87F1E340ACFAC402CA953E24557 71501A2A139EE98602C362FD7F531CEF FA06AB9B28C2801C809B9F6DAD8D91E0B99513FE 7452728FFEF3EACC5802FEFF4E030227 7ECF326EABDA1838AF3F9E2786166CA6DF5E5D7C 67CFB326E71E3E85F81E55C0423AB38C 48685D20A5BCD192BA7FEF6EA032C585A07E718D 06D0443D461F2BE4F88D327AE153180C 536D38B84646DA5248429A9D0E04078F2E05CB9D 96A5B7FF16411A32CDD677AD07C583AF B7F51B026E2C272E0C469C4A300FE3914A7D7430 2802A568C888EDC6342F0484FA5321A1 DA0657E6F90956B564B29168E542A206BA7AEB3A 1ED1D8D37B7B4F1054710EF1BB3D9878 EAFC794CC6390F16D6E639160F6E4086E2BA07E0 EE9355FB6AB629CE24D0A5329EDC1905 3CA9DC0149C61123C246AE29DE8E095FFFCB6858 2647AA11A509A90C0AEE5EAB1CA49B95 5B58D2CF5DBBECFE9C719A519B7D10A960EF911D AF13539A040A5C87C43969B2E885941D 65647AB6879A43850A119CE0D8FF88B8E5B52D08 55509DBD574E54188BB5A2453F148399 4AE9D7C47BE6CC2B1A4DE274067EFD4EEFFEE29E 86970B16E2CB0120758CFE2984F50275 4DFF88A2088A4246E93CDD1947AAF075E1632809 59F5BE51080603A21A1AF54C0B7D8DF1 29A81D12534855196484A6442C30D6A9809B6FE3 D27136B745059C4F7A48FA5B347D6A42 DD4012462E8E68351AF27E756A1A385F3A094DA4 647B066A6149313D1E6861DFBCA6132D 11CDE095F3437D2CD133354B788FA66C37E82EAF B6F53DB6E22A435C7CE6E3724F099EFE AD025821CE1E79DA587BC6E4154C7D702957F566 A9F04638C15F398A9F8672596089E2E3 1F057EF7FF767EB487FB02E0F29BC3854D425373 9A4B6D376197158D07004FEA3D5F5794 CC514DED4721B9FAA36B76D7E3F16EAADC64CC4F E4C8154BBC611F5DCD27E69C5DF31984 0 0 20651F
<Stella_Rossa> fsp ok 3DD7C2
$SlowCobra<~Controls.509~>158<~Controls.510~><~Game.2006~><~Controls.511~><~Controls.46~> null
$SlowCobra<~Controls.509~>184<~Controls.510~><~Game.2007~><~Controls.511~><~Controls.46~> null
<SlowCobra> 0e 0BCBD4
$SlowCobra<~Controls.345~>105 104 103 102 101 100 099 <~Controls.346~>13 12 14 10 12 13 11 null
$SlowCobra<~Controls.350~>105 104 103 102 101 100 099 null
$Stella_Rossa<~Controls.345~>213 212 211 210 <~Controls.346~>2 3 2 4 null
<SlowCobra> uuuh AA5AD1
<Stella_Rossa> unbelivable as usual 272A00
<Stella_Rossa> my luck is incredible this year 3A1822
<Stella_Rossa> just lost a game, my opponent rolled +9 6s 6B6954
<Stella_Rossa> pass 5064C1
<SlowCobra> well i am having also a down period so we will see who has the worst luck today ahah 3C9F8D
$SlowCobra<~HighlightLabel.81~>102<~HighlightLabel.82~><~Game.2043~><~HighlightLabel.83~><~Game.2035~> A2B086
<Stella_Rossa> so far no doubt 3EFDCD
$SlowCobra<~Scribe.141~>263 <~Scribe.142~><~Game.2002~><~Scribe.143~><~Game.2003~><~Scribe.144~> 14CE6A
$SlowCobra<~Controls.644~>102 <~Controls.645~><~Game.2035~> 072C93
<Stella_Rossa> pass C8E927
$SlowCobra<~HighlightLabel.81~>103<~HighlightLabel.82~><~Game.2043~><~HighlightLabel.83~><~Game.2035~> C29A7B
$SlowCobra<~CardBuffet.14~>reveal 184 55C0FD36128A3980E460A20071E8418466FC3363 8<~CardBuffet.15~><~Controls.46~><~CardBuffet.16~> 48FD19
$SlowCobra<~Scribe.141~>318 335 334 <~Scribe.142~><~Game.2040~><~Scribe.143~><~Game.1917~><~Scribe.144~> 8853D2
$SlowCobra<~Controls.644~>103 184 <~Controls.645~><~Game.2035~> 7EF2B3
<Stella_Rossa> pass 82C8CF
$SlowCobra<~HighlightLabel.81~>101<~HighlightLabel.82~><~Game.2043~><~HighlightLabel.83~><~Game.2035~> 938FE5
$SlowCobra<~Scribe.141~>039 036 029 028 027 026 <~Scribe.142~><~Game.1979~><~Scribe.143~><~Game.533~><~Scribe.144~> 47EAAF
$SlowCobra<~Scribe.141~>040 035 015 014 013 012 011 <~Scribe.142~><~Game.1956~><~Scribe.143~><~Game.1953~><~Scribe.144~> 91D6F5
$SlowCobra<~Controls.644~>101 <~Controls.645~><~Game.2035~> 69445A
$Stella_Rossa<~Scribe.141~>427 <~Scribe.142~><~Game.2042~><~Scribe.143~><~Game.2035~><~Scribe.144~> A10E14
$Stella_Rossa<~Controls.509~>121<~Controls.510~><~Game.2005~><~Controls.511~><~Controls.45~> null
$Stella_Rossa<~Controls.644~>427 <~Controls.645~><~Game.2035~> B1540E
$SlowCobra<~HighlightLabel.81~>104<~HighlightLabel.82~><~Game.2043~><~HighlightLabel.83~><~Game.2035~> 3FA712
$SlowCobra<~Scribe.141~>039 036 029 028 027 026 <~Scribe.142~><~Game.533~><~Scribe.143~><~Game.1974~><~Scribe.144~> F852D6
$SlowCobra<~Scribe.141~>040 035 015 014 013 012 011 <~Scribe.142~><~Game.1953~><~Scribe.143~><~Game.1927~><~Scribe.144~> 12B2C4
$SlowCobra<~Controls.644~>104 <~Controls.645~><~Game.2035~> 66CCED
$Stella_Rossa<~Scribe.141~>211 <~Scribe.142~><~Game.2042~><~Scribe.143~><~Game.2035~><~Scribe.144~> DA4469
$Stella_Rossa<~Scribe.141~>reveal 121 DEAC992E1A813F37234C2F5186FE6959CF4FD0EA 5 <~Scribe.142~><~Controls.45~><~Scribe.143~><~Game.2037~><~Scribe.144~> 3EB2ED
$Stella_Rossa<~Scribe.141~>258 <~Scribe.142~><~Game.2000~><~Scribe.143~><~Game.2001~><~Scribe.144~> B86743
$Stella_Rossa<~Controls.509~>111<~Controls.510~><~Game.2005~><~Controls.511~><~Controls.45~> null
$Stella_Rossa<~Controls.644~>211 121 <~Controls.645~><~Game.2035~> B31D06
$SlowCobra<~HighlightLabel.81~>099<~HighlightLabel.82~><~Game.2043~><~HighlightLabel.83~><~Game.2035~> BE5E51
$SlowCobra<~Scribe.141~>254 <~Scribe.142~><~Game.2040~><~Scribe.143~><~Game.1919~><~Scribe.144~> B798FD
$SlowCobra<~Scribe.141~>361 <~Scribe.142~><~Game.2040~><~Scribe.143~><~Game.2037~><~Scribe.144~> C1C29B
$SlowCobra<~Controls.644~>099 361 <~Controls.645~><~Game.2035~> 5F6678
$Stella_Rossa<~Scribe.141~>213 <~Scribe.142~><~Game.2042~><~Scribe.143~><~Game.2035~><~Scribe.144~> 1C5160
$Stella_Rossa<~Scribe.141~>reveal 111 B7CDD8F8CDBC35BBE33434F383B394767815DA84 7 <~Scribe.142~><~Controls.45~><~Scribe.143~><~Game.2037~><~Scribe.144~> 17B122
$Stella_Rossa<~Scribe.141~>302 <~Scribe.142~><~Game.2038~><~Scribe.143~><~Game.1890~><~Scribe.144~> 40563F
$Stella_Rossa<~Scribe.141~>315 <~Scribe.142~><~Game.2038~><~Scribe.143~><~Game.1891~><~Scribe.144~> 64E515
$Stella_Rossa<~Controls.509~>124<~Controls.510~><~Game.2005~><~Controls.511~><~Controls.45~> null
$Stella_Rossa<~Controls.509~>153<~Controls.510~><~Game.2005~><~Controls.511~><~Controls.45~> null
$Stella_Rossa<~Controls.644~>213 111 <~Controls.645~><~Game.2035~> 8838DD
$SlowCobra<~HighlightLabel.81~>100<~HighlightLabel.82~><~Game.2043~><~HighlightLabel.83~><~Game.2035~> 91900A
$SlowCobra<~Scribe.141~>039 038 036 029 028 027 026 025 024 023 022 021 <~Scribe.142~><~Game.1974~><~Scribe.143~><~Game.1976~><~Scribe.144~> D54781
$SlowCobra<~Controls.644~>100 <~Controls.645~><~Game.2035~> B2411D
$Stella_Rossa<~Scribe.141~>210 <~Scribe.142~><~Game.2042~><~Scribe.143~><~Game.2035~><~Scribe.144~> DFBB74
$Stella_Rossa<~Scribe.141~>073 072 <~Scribe.142~><~Game.1929~><~Scribe.143~><~Game.1925~><~Scribe.144~> BE518E
$Stella_Rossa<~Scribe.141~>065 <~Scribe.142~><~Game.1941~><~Scribe.143~><~Game.1957~><~Scribe.144~> 063904
$Stella_Rossa<~Controls.644~>210 <~Controls.645~><~Game.2035~> D4BBF6
$SlowCobra<~HighlightLabel.81~>105<~HighlightLabel.82~><~Game.2043~><~HighlightLabel.83~><~Game.2035~> 026872
$SlowCobra<~Scribe.141~>039 038 036 029 028 027 026 025 024 023 022 021 <~Scribe.142~><~Game.1976~><~Scribe.143~><~Game.1972~><~Scribe.144~> F2A0DA
$SlowCobra<~Controls.644~>105 <~Controls.645~><~Game.2035~> 1DA553
$Stella_Rossa<~Scribe.141~>212 <~Scribe.142~><~Game.2042~><~Scribe.143~><~Game.2035~><~Scribe.144~> BAEAA6
$Stella_Rossa<~Controls.366~>251<~Controls.367~><~Game.2010~><~Controls.368~><~Game.2011~> 14B938
$Stella_Rossa<~Controls.790~>248<~Controls.791~><~Game.2014~><~Controls.792~><~Game.2015~> F0BBD5
$Stella_Rossa<~Controls.795~>212<~Controls.796~><~Game.2035~><~Controls.797~><~Game.1997~> DEAF1C
$Stella_Rossa<~Controls.726~>212 <~Controls.727~><~Game.1997~><~Controls.728~><~Game.2042~> DD5231
$Stella_Rossa<~Controls.731~>210 213 211 <~Controls.732~><~Game.2039~><~Controls.733~><~Game.2042~> B9CBB5
$Stella_Rossa<~Controls.509~>154<~Controls.510~><~Game.2004~><~Controls.511~><~Controls.45~> null
$Stella_Rossa<~Controls.509~>130<~Controls.510~><~Game.2005~><~Controls.511~><~Controls.45~> null
$SlowCobra<~Controls.762~>105 100 099 361 104 101 103 102 <~Controls.763~><~Game.2041~><~Controls.764~><~Game.2043~> F9154A
<~Game.7~>2 null
$SlowCobra<~Controls.509~>160<~Controls.510~><~Game.2006~><~Controls.511~><~Controls.46~> null
$SlowCobra<~Controls.509~>196<~Controls.510~><~Game.2007~><~Controls.511~><~Controls.46~> null
<Stella_Rossa> fsp ok CDD6A8
$SlowCobra<~Controls.372~>105 F14B2C
$SlowCobra<~Controls.345~>100 099 361 104 101 103 102 <~Controls.346~>12 13 12 13 12 15 12 null
$SlowCobra<~Controls.350~>100 099 361 104 101 103 102 null
$Stella_Rossa<~Controls.345~>210 213 211 212 <~Controls.346~>1 2 2 2 null
<Stella_Rossa> ... 3E4EEE
<SlowCobra> sorry 63748E
<Stella_Rossa> doubts? C44DD2
<Stella_Rossa> pass 09F593
$SlowCobra<~HighlightLabel.81~>101<~HighlightLabel.82~><~Game.2043~><~HighlightLabel.83~><~Game.2035~> 33A9E1
$SlowCobra<~Scribe.141~>039 038 036 029 028 027 026 025 024 023 022 021 <~Scribe.142~><~Game.1972~><~Scribe.143~><~Game.1975~><~Scribe.144~> F5F2AC
$SlowCobra<~Scribe.141~>001 <~Scribe.142~><~Game.1910~><~Scribe.143~><~Game.1917~><~Scribe.144~> 01826C
$SlowCobra<~Controls.644~>101 <~Controls.645~><~Game.2035~> CD783C
$Stella_Rossa<~Scribe.141~>212 <~Scribe.142~><~Game.2042~><~Scribe.143~><~Game.2035~><~Scribe.144~> E8F06C
$Stella_Rossa<~Scribe.141~>reveal 153 E99B36628CCCD7FD6E56F3E25776F5489E737BE5 18 <~Scribe.142~><~Controls.45~><~Scribe.143~><~Game.2037~><~Scribe.144~> 83B622
$Stella_Rossa<~Scribe.141~>283 289 <~Scribe.142~><~Game.2038~><~Scribe.143~><~Game.1923~><~Scribe.144~> 5DBC60
$Stella_Rossa<~Controls.509~>143<~Controls.510~><~Game.2005~><~Controls.511~><~Controls.45~> null
$Stella_Rossa<~Controls.644~>212 153 <~Controls.645~><~Game.2035~> A763AD
$SlowCobra<~HighlightLabel.81~>102<~HighlightLabel.82~><~Game.2043~><~HighlightLabel.83~><~Game.2035~> 578B10
$SlowCobra<~Scribe.141~>039 038 036 029 028 027 026 025 024 023 022 021 <~Scribe.142~><~Game.1975~><~Scribe.143~><~Game.1966~><~Scribe.144~> D33399
$SlowCobra<~Scribe.141~>318 335 334 001 007 <~Scribe.142~><~Game.1917~><~Scribe.143~><~Game.1927~><~Scribe.144~> AEA4E2
$SlowCobra<~Controls.644~>102 <~Controls.645~><~Game.2035~> C4B73D
$Stella_Rossa<~Scribe.141~>211 <~Scribe.142~><~Game.2042~><~Scribe.143~><~Game.2035~><~Scribe.144~> 0EC1F3
$Stella_Rossa<~Scribe.141~>reveal 143 198775722AB5AC4B2A6BF495E0CDE0A3415B2299 10 <~Scribe.142~><~Controls.45~><~Scribe.143~><~Game.2037~><~Scribe.144~> 978B75
$Stella_Rossa<~Scribe.141~>307 308 <~Scribe.142~><~Game.2038~><~Scribe.143~><~Game.1970~><~Scribe.144~> 51636A
$Stella_Rossa<~Controls.509~>140<~Controls.510~><~Game.2005~><~Controls.511~><~Controls.45~> null
$Stella_Rossa<~Controls.509~>150<~Controls.510~><~Game.2005~><~Controls.511~><~Controls.45~> null
$Stella_Rossa<~Controls.296~>154 <~Controls.297~><~Controls.45~> 32E5DB
$Stella_Rossa<~Controls.644~>211 143 <~Controls.645~><~Game.2035~> 4D914F
$SlowCobra<~HighlightLabel.81~>104<~HighlightLabel.82~><~Game.2043~><~HighlightLabel.83~><~Game.2035~> 5DB989
$SlowCobra<~Scribe.141~>251 <~Scribe.142~><~Game.2011~><~Scribe.143~><~Game.2037~><~Scribe.144~> 4AE160
$SlowCobra<~Scribe.141~>262 <~Scribe.142~><~Game.2002~><~Scribe.143~><~Game.2003~><~Scribe.144~> B697B0
$SlowCobra<~Controls.644~>104 251 <~Controls.645~><~Game.2035~> 28D85A
$Stella_Rossa<~Scribe.141~>213 <~Scribe.142~><~Game.2042~><~Scribe.143~><~Game.2035~><~Scribe.144~> 9570EF
$Stella_Rossa<~Scribe.141~>reveal 124 64A4A4E4367B517F3E5E8C87CE172E21E12C67E9 12 <~Scribe.142~><~Controls.45~><~Scribe.143~><~Game.2037~><~Scribe.144~> B034F6
$Stella_Rossa<~Scribe.141~>270 276 <~Scribe.142~><~Game.2038~><~Scribe.143~><~Game.1920~><~Scribe.144~> 3BA466
$Stella_Rossa<~Controls.509~>134<~Controls.510~><~Game.2005~><~Controls.511~><~Controls.45~> null
$Stella_Rossa<~Controls.644~>213 124 <~Controls.645~><~Game.2035~> 23BF21
<SlowCobra> well at least gandalf is cycling a lot 543329
<Stella_Rossa> only thing I can do 8845C1
<SlowCobra> i know 3F48BB
$SlowCobra<~HighlightLabel.81~>361<~HighlightLabel.82~><~Game.2043~><~HighlightLabel.83~><~Game.2035~> 7154BA
<SlowCobra> old forest nc A6A8F6
$Stella_Rossa<~Scribe.141~>258 <~Scribe.142~><~Game.2001~><~Scribe.143~><~Game.2002~><~Scribe.144~> 14F3A0
$Stella_Rossa<~Controls.323~>258 0B4D2D
$Stella_Rossa<~Scribe.141~>reveal 134 C9B9CD59BCD804A322189EEDFA379D2AA837B3FA 15 <~Scribe.142~><~Controls.45~><~Scribe.143~><~Game.2037~><~Scribe.144~> A95189
$Stella_Rossa<~Scribe.141~>065 <~Scribe.142~><~Game.1957~><~Scribe.143~><~Game.1954~><~Scribe.144~> 4395F9
$SlowCobra<~Scribe.141~>039 038 036 029 028 027 026 025 024 023 022 021 <~Scribe.142~><~Game.1966~><~Scribe.143~><~Game.1957~><~Scribe.144~> 1832F5
$SlowCobra<~Controls.644~>361 134 <~Controls.645~><~Game.2035~> 48F397
<Stella_Rossa> pass 5B5461
$SlowCobra<~HighlightLabel.81~>100<~HighlightLabel.82~><~Game.2043~><~HighlightLabel.83~><~Game.2035~> 2B6A8F
<SlowCobra> wlr E095E2
$Stella_Rossa<~Scribe.141~>098 094 088 065 <~Scribe.142~><~Game.1954~><~Scribe.143~><~Game.1991~><~Scribe.144~> 948E45
$Stella_Rossa<~Scribe.141~>258 <~Scribe.142~><~Game.2002~><~Scribe.143~><~Game.2003~><~Scribe.144~> ED312E
$SlowCobra<~Scribe.141~>039 038 036 029 028 027 026 025 024 023 022 021 <~Scribe.142~><~Game.1957~><~Scribe.143~><~Game.1954~><~Scribe.144~> 522C51
$Stella_Rossa<~Scribe.141~>256 <~Scribe.142~><~Game.2000~><~Scribe.143~><~Game.2001~><~Scribe.144~> BC9447
$SlowCobra<~Scribe.141~>256 <~Scribe.142~><~Game.2000~><~Scribe.143~><~Game.2001~><~Scribe.144~> 02C852
$SlowCobra<~Controls.644~>100 <~Controls.645~><~Game.2035~> 0E24E7
$Stella_Rossa<~Scribe.141~>210 <~Scribe.142~><~Game.2042~><~Scribe.143~><~Game.2035~><~Scribe.144~> 8BAF42
$Stella_Rossa<~Controls.790~>248<~Controls.791~><~Game.2015~><~Controls.792~><~Game.2016~> A94D8D
$Stella_Rossa<~Controls.795~>210<~Controls.796~><~Game.2035~><~Controls.797~><~Game.1997~> 64CBCF
<game> SlowCobra<~Controls.1~> 1 3 null
$SlowCobra<~HighlightLabel.81~>099<~HighlightLabel.82~><~Game.2043~><~HighlightLabel.83~><~Game.2035~> 673EDF
<SlowCobra> dale 3DECFF
$SlowCobra<~Controls.840~>196 49CD3F
$Stella_Rossa<~Controls.840~>130 F26937
<auto> playchosen CF5C0F
<auto><~Controls.3~>reveal 130 6FD71BD1DFE884733BCD169A65CA94A7FAAB2730 4<~Controls.884~><~Controls.45~><~Controls.885~><~Game.2037~> 0AA28A
<auto><~Controls.866~>reveal 196 F38FFA0C39CF5C2238457462C5463FFE54D918AF 2<~Controls.867~><~Controls.46~><~Controls.868~><~Game.2036~> AF351A
<auto> playchosen CD74A4
<game> SlowCobra<~Controls.1~> 1 1 6 1 5 null
<game> SlowCobra<~Controls.1~> 4 1 null
<SlowCobra> 1 6CDDCD
<game> Stella_Rossa<~Controls.1~> 6 2 3 null
<game> Stella_Rossa<~Controls.1~> 3 null
<Stella_Rossa> 1 F76FB0
$Stella_Rossa<~Scribe.141~>066 <~Scribe.142~><~Game.1970~><~Scribe.143~><~Game.2037~><~Scribe.144~> 8E6D35
$SlowCobra<~Scribe.141~>023 <~Scribe.142~><~Game.1954~><~Scribe.143~><~Game.2036~><~Scribe.144~> 682CF5
<SlowCobra> press 48D89B
$Stella_Rossa<~Scribe.141~>423 <~Scribe.142~><~Game.27~><~Scribe.143~><~Game.28~><~Scribe.144~> 4C127F
$Stella_Rossa<~Scribe.141~>068 307 308 <~Scribe.142~><~Game.1970~><~Scribe.143~><~Game.1965~><~Scribe.144~> 227E2C
$SlowCobra<~Scribe.141~>021 <~Scribe.142~><~Game.1954~><~Scribe.143~><~Game.1970~><~Scribe.144~> A5FFB9
$SlowCobra<~Controls.644~>099 196 023 130 066 <~Controls.645~><~Game.2035~> E30D51
$Stella_Rossa<~Controls.726~>210 <~Controls.727~><~Game.1997~><~Controls.728~><~Game.2042~> 55CD0A
$Stella_Rossa<~Controls.731~>213 211 212 <~Controls.732~><~Game.2039~><~Controls.733~><~Game.2042~> 0D36D1
$Stella_Rossa<~Controls.509~>141<~Controls.510~><~Game.2004~><~Controls.511~><~Controls.45~> null
$Stella_Rossa<~Controls.509~>156<~Controls.510~><~Game.2005~><~Controls.511~><~Controls.45~> null
<SlowCobra> maybe i should have used the swarm in old forest, i don't know what is the right sequencing there 8EB9BC
$SlowCobra<~Controls.509~>172<~Controls.510~><~Game.2007~><~Controls.511~><~Controls.46~> null
$SlowCobra<~Controls.509~>180<~Controls.510~><~Game.2007~><~Controls.511~><~Controls.46~> null
$SlowCobra<~Controls.757~>103 105 <~Controls.758~><~Game.1997~><~Controls.759~><~Game.2043~> 86DD91
<~Game.7~>3 null
$SlowCobra<~Controls.762~>099 100 361 104 102 101 <~Controls.763~><~Game.2041~><~Controls.764~><~Game.2043~> 2A8A47
<Stella_Rossa> fsp ok 490727
$SlowCobra<~Controls.372~>099 9373DC
$SlowCobra<~Controls.345~>100 361 104 102 101 103 105 <~Controls.346~>10 13 14 11 14 13 15 null
$SlowCobra<~Controls.350~>100 361 104 102 101 103 105 null
$Stella_Rossa<~Controls.345~>213 211 212 210 <~Controls.346~>1 1 1 0 null
$Stella_Rossa<~Scribe.141~>212 <~Scribe.142~><~Game.2042~><~Scribe.143~><~Game.2035~><~Scribe.144~> 64221D
$Stella_Rossa<~Controls.790~>248<~Controls.791~><~Game.2016~><~Controls.792~><~Game.2017~> 4D63B1
$Stella_Rossa<~Controls.795~>212<~Controls.796~><~Game.2035~><~Controls.797~><~Game.1997~> 203C2A
<game> SlowCobra<~Controls.1~> 4 1 null
$SlowCobra<~HighlightLabel.81~>103<~HighlightLabel.82~><~Game.2043~><~HighlightLabel.83~><~Game.2035~> 066489
<SlowCobra> lorien 0F4E23
$Stella_Rossa<~Scribe.141~>097 093 092 087 <~Scribe.142~><~Game.1928~><~Scribe.143~><~Game.1992~><~Scribe.144~> 83B114
$SlowCobra<~Scribe.141~>318 040 335 334 035 001 007 015 014 013 012 011 <~Scribe.142~><~Game.1927~><~Scribe.143~><~Game.1928~><~Scribe.144~> 3BC323
$Stella_Rossa<~Scribe.141~>256 <~Scribe.142~><~Game.2001~><~Scribe.143~><~Game.2002~><~Scribe.144~> 6D7773
$SlowCobra<~Controls.644~>103 <~Controls.645~><~Game.2035~> E5749A
<Stella_Rossa> pass 44840B
$SlowCobra<~HighlightLabel.81~>100<~HighlightLabel.82~><~Game.2043~><~HighlightLabel.83~><~Game.2035~> 3B6714
$SlowCobra<~Scribe.141~>253 <~Scribe.142~><~Game.2040~><~Scribe.143~><~Game.1954~><~Scribe.144~> 14708C
$SlowCobra<~Scribe.141~>360 <~Scribe.142~><~Game.2040~><~Scribe.143~><~Game.2037~><~Scribe.144~> 9B044D
$SlowCobra<~Controls.644~>100 360 <~Controls.645~><~Game.2035~> 215F5C
$Stella_Rossa<~Controls.323~>259 257 BBD11A
$Stella_Rossa<~Controls.323~>260 014083
$Stella_Rossa<~Scribe.141~>211 <~Scribe.142~><~Game.2042~><~Scribe.143~><~Game.2035~><~Scribe.144~> 673E27
$Stella_Rossa<~Controls.790~>248<~Controls.791~><~Game.2017~><~Controls.792~><~Game.2018~> 345B3C
$Stella_Rossa<~Controls.795~>211<~Controls.796~><~Game.2035~><~Controls.797~><~Game.1997~> 36A937
<game> SlowCobra<~Controls.1~> 4 2 null
$SlowCobra<~HighlightLabel.81~>361<~HighlightLabel.82~><~Game.2043~><~HighlightLabel.83~><~Game.2035~> A55D80
<SlowCobra> wlr CF4DA7
$Stella_Rossa<~Scribe.141~>256 <~Scribe.142~><~Game.2002~><~Scribe.143~><~Game.2003~><~Scribe.144~> 557763
$SlowCobra<~Controls.840~>180 8BCF9B
$Stella_Rossa<~Controls.840~>120 E7BFCB
<auto> playchosen AC7326
<auto><~Controls.3~>reveal 120 7CBD1BA507E463C0A0F93857C1C9E9CC82FEBD03 13<~Controls.884~><~Controls.45~><~Controls.885~><~Game.2037~> 693CC6
<auto><~Controls.866~>reveal 180 6355E7590DC6754804B1FD6F0E7582216821809A 10<~Controls.867~><~Controls.46~><~Controls.868~><~Game.2036~> 10913C
<auto> playchosen 820B10
<game> SlowCobra<~Controls.1~> 5 2 2 2 4 null
<game> SlowCobra<~Controls.1~> 1 5 4 null
<SlowCobra> 4 3EB756
<game> Stella_Rossa<~Controls.1~> 2 5 4 null
<game> Stella_Rossa<~Controls.1~> 5 null
<Stella_Rossa> 4 DCE32D
$Stella_Rossa<~Scribe.141~>098 094 088 065 <~Scribe.142~><~Game.1991~><~Scribe.143~><~Game.2037~><~Scribe.144~> E0C255
$Stella_Rossa<~Scribe.141~>423 <~Scribe.142~><~Game.28~><~Scribe.143~><~Game.30~><~Scribe.144~> 1893D7
$SlowCobra<~Scribe.141~>026 025 024 022 <~Scribe.142~><~Game.1954~><~Scribe.143~><~Game.2036~><~Scribe.144~> E05DD9
$SlowCobra<~Controls.644~>361 180 026 025 024 022 120 098 094 088 065 <~Controls.645~><~Game.2035~> 124DB3
<Stella_Rossa> pass 8DF542
$SlowCobra<~Controls.509~>190<~Controls.510~><~Game.2007~><~Controls.511~><~Controls.46~> null
$SlowCobra<~HighlightLabel.81~>101<~HighlightLabel.82~><~Game.2043~><~HighlightLabel.83~><~Game.2035~> 752FF8
$SlowCobra<~CardBuffet.14~>reveal 160 878D939C463D57122A5E2407E7B8272F0C9118F9 11<~CardBuffet.15~><~Controls.46~><~CardBuffet.16~> 623850
$SlowCobra<~Controls.281~>238 <~Controls.282~><~Game.2046~><~Controls.283~><~Game.2045~> 22E652
$SlowCobra<~Controls.644~>101 160 <~Controls.645~><~Game.2035~> 01D866
$Stella_Rossa<~Scribe.141~>213 <~Scribe.142~><~Game.2042~><~Scribe.143~><~Game.2035~><~Scribe.144~> 0D7863
$Stella_Rossa<~Controls.790~>248<~Controls.791~><~Game.2018~><~Controls.792~><~Game.2019~> 2EDC36
$Stella_Rossa<~Controls.795~>213<~Controls.796~><~Game.2035~><~Controls.797~><~Game.1997~> F8EA90
<game> SlowCobra<~Controls.1~> 4 4 null
$SlowCobra<~Controls.624~>224<~Controls.625~><~Game.2044~><~Controls.626~><~Game.2037~> null
$Stella_Rossa<~Scribe.141~>240 <~Scribe.142~><~Game.1999~><~Scribe.143~><~Game.2037~><~Scribe.144~> 7F6B12
$Stella_Rossa<~Scribe.141~>241 <~Scribe.142~><~Game.1998~><~Scribe.143~><~Game.1999~><~Scribe.144~> 0A664D
$Stella_Rossa<~Controls.644~>224 240 <~Controls.645~><~Game.2035~> B0AE6F
$SlowCobra<~HighlightLabel.81~>102<~HighlightLabel.82~><~Game.2043~><~HighlightLabel.83~><~Game.2035~> 98BAC2
$SlowCobra<~Scribe.141~>056 052 051 050 <~Scribe.142~><~Game.1986~><~Scribe.143~><~Game.1984~><~Scribe.144~> 774950
$SlowCobra<~Scribe.141~>253 039 038 036 028 027 <~Scribe.142~><~Game.1954~><~Scribe.143~><~Game.1970~><~Scribe.144~> F91D0F
$SlowCobra<~Controls.644~>102 <~Controls.645~><~Game.2035~> 64ED0A
$Stella_Rossa<~Scribe.141~>210 <~Scribe.142~><~Game.2042~><~Scribe.143~><~Game.2035~><~Scribe.144~> 73D3FF
$Stella_Rossa<~Scribe.141~>358 <~Scribe.142~><~Game.2038~><~Scribe.143~><~Game.2037~><~Scribe.144~> 1DE59E
$Stella_Rossa<~Scribe.141~>240 <~Scribe.142~><~Game.2039~><~Scribe.143~><~Game.1921~><~Scribe.144~> A8DBA4
$Stella_Rossa<~Controls.323~>240 DCFAA5
$Stella_Rossa<~Controls.644~>210 358 <~Controls.645~><~Game.2035~> DED733
$SlowCobra<~HighlightLabel.81~>104<~HighlightLabel.82~><~Game.2043~><~HighlightLabel.83~><~Game.2035~> 959FC4
$SlowCobra<~CardBuffet.14~>reveal 190 55A820B64ECFC22D936B7D1D177D62E6BAB198DC 21<~CardBuffet.15~><~Controls.46~><~CardBuffet.16~> BE875B
$SlowCobra<~Scribe.141~>322 <~Scribe.142~><~Game.2040~><~Scribe.143~><~Game.1970~><~Scribe.144~> A74D47
$SlowCobra<~Controls.644~>104 190 <~Controls.645~><~Game.2035~> C15365
$Stella_Rossa<~Controls.726~>213 211 212 <~Controls.727~><~Game.1997~><~Controls.728~><~Game.2042~> 519856
$Stella_Rossa<~Controls.731~>210 358 <~Controls.732~><~Game.2039~><~Controls.733~><~Game.2042~> 93EDE6
$Stella_Rossa<~Controls.509~>133<~Controls.510~><~Game.2004~><~Controls.511~><~Controls.45~> null
$SlowCobra<~Controls.757~>105 099 <~Controls.758~><~Game.1997~><~Controls.759~><~Game.2043~> F426FF
<~Game.7~>4 null
$SlowCobra<~Controls.762~>104 102 101 361 100 360 103 <~Controls.763~><~Game.2041~><~Controls.764~><~Game.2043~> 3AC5BF
$Stella_Rossa<~Controls.509~>129<~Controls.510~><~Game.2005~><~Controls.511~><~Controls.45~> null
$SlowCobra<~Controls.509~>200<~Controls.510~><~Game.2006~><~Controls.511~><~Controls.46~> null
$SlowCobra<~Controls.509~>207<~Controls.510~><~Game.2007~><~Controls.511~><~Controls.46~> null
$Stella_Rossa<~Controls.296~>141 <~Controls.297~><~Controls.45~> 69FB73
<Stella_Rossa> fsp ok BF5736
$SlowCobra<~Controls.372~>104 2DE715
$SlowCobra<~Controls.345~>102 101 361 100 360 103 105 099 <~Controls.346~>10 10 15 13 14 11 11 12 null
$SlowCobra<~Controls.350~>102 101 361 100 360 103 105 099 null
$Stella_Rossa<~Controls.345~>210 358 213 211 212 <~Controls.346~>1 1 3 3 1 null
$Stella_Rossa<~Scribe.141~>211 <~Scribe.142~><~Game.2042~><~Scribe.143~><~Game.2035~><~Scribe.144~> 586917
$Stella_Rossa<~Scribe.141~>reveal 150 EA1DF97F6EE02EF3451D235FF87D6B144CFBC631 21 <~Scribe.142~><~Controls.45~><~Scribe.143~><~Game.2037~><~Scribe.144~> 12BEF2
$Stella_Rossa<~Scribe.141~>267 <~Scribe.142~><~Game.2038~><~Scribe.143~><~Game.1992~><~Scribe.144~> 8EB383
$Stella_Rossa<~Controls.509~>110<~Controls.510~><~Game.2005~><~Controls.511~><~Controls.45~> null
$Stella_Rossa<~Controls.644~>211 150 <~Controls.645~><~Game.2035~> 97D8EE
$SlowCobra<~HighlightLabel.81~>102<~HighlightLabel.82~><~Game.2043~><~HighlightLabel.83~><~Game.2035~> 98B681
$SlowCobra<~Scribe.141~>261 <~Scribe.142~><~Game.2001~><~Scribe.143~><~Game.2002~><~Scribe.144~> 00AA69
$SlowCobra<~Controls.644~>102 <~Controls.645~><~Game.2035~> F3951A
$Stella_Rossa<~Scribe.141~>212 <~Scribe.142~><~Game.2042~><~Scribe.143~><~Game.2035~><~Scribe.144~> E6BE24
$Stella_Rossa<~Controls.790~>248<~Controls.791~><~Game.2019~><~Controls.792~><~Game.2020~> 9ADAB3
$Stella_Rossa<~Controls.795~>212<~Controls.796~><~Game.2035~><~Controls.797~><~Game.1997~> 56F0D9
<game> SlowCobra<~Controls.1~> 1 2 null
$SlowCobra<~HighlightLabel.81~>101<~HighlightLabel.82~><~Game.2043~><~HighlightLabel.83~><~Game.2035~> A5C2A9
$SlowCobra<~Scribe.141~>261 <~Scribe.142~><~Game.2002~><~Scribe.143~><~Game.2003~><~Scribe.144~> A8E53C
$SlowCobra<~Controls.644~>101 <~Controls.645~><~Game.2035~> 838901
<Stella_Rossa> pass F971BB
$SlowCobra<~HighlightLabel.81~>099<~HighlightLabel.82~><~Game.2043~><~HighlightLabel.83~><~Game.2035~> 5DCF34
$SlowCobra<~Scribe.141~>054 053 <~Scribe.142~><~Game.1987~><~Scribe.143~><~Game.1984~><~Scribe.144~> 379EC3
$SlowCobra<~Scribe.141~>055 049 048 047 <~Scribe.142~><~Game.1968~><~Scribe.143~><~Game.1946~><~Scribe.144~> 379445
$SlowCobra<~Controls.644~>099 <~Controls.645~><~Game.2035~> 6BAB67
<Stella_Rossa> pass 282A9D
$SlowCobra<~HighlightLabel.81~>105<~HighlightLabel.82~><~Game.2043~><~HighlightLabel.83~><~Game.2035~> C233AF
<SlowCobra> iron hills from east 0C059A
<SlowCobra> nc 6F346D
$Stella_Rossa<~Scribe.141~>257 <~Scribe.142~><~Game.2000~><~Scribe.143~><~Game.2001~><~Scribe.144~> 9966B0
<Stella_Rossa> nc D9063E
<game> SlowCobra<~Controls.1~> 5 3 4 5 6 null
<game> Stella_Rossa<~Controls.1~> 3 null
$Stella_Rossa<~Scribe.141~>059 <~Scribe.142~><~Game.1973~><~Scribe.143~><~Game.2037~><~Scribe.144~> 7D8D85
$Stella_Rossa<~Scribe.141~>257 <~Scribe.142~><~Game.2001~><~Scribe.143~><~Game.2002~><~Scribe.144~> 19B705
$SlowCobra<~Scribe.141~>056 054 053 052 051 050 <~Scribe.142~><~Game.1984~><~Scribe.143~><~Game.1973~><~Scribe.144~> 30F196
$SlowCobra<~Controls.644~>105 059 <~Controls.645~><~Game.2035~> 34D399
$Stella_Rossa<~Scribe.141~>358 <~Scribe.142~><~Game.2042~><~Scribe.143~><~Game.2035~><~Scribe.144~> 5844A9
$Stella_Rossa<~Controls.790~>248<~Controls.791~><~Game.2020~><~Controls.792~><~Game.2021~> 18ADCB
$Stella_Rossa<~Controls.795~>358<~Controls.796~><~Game.2035~><~Controls.797~><~Game.1997~> 01772A
<game> SlowCobra<~Controls.1~> 6 6 null
$SlowCobra<~Controls.624~>220<~Controls.625~><~Game.2044~><~Controls.626~><~Game.2037~> null
<SlowCobra> 2r C9EAE3
$SlowCobra<~Scribe.141~>220 <~Scribe.142~><~Game.2037~><~Scribe.143~><~Game.2036~><~Scribe.144~> DBF713
<Stella_Rossa> mmm 6E53AE
$Stella_Rossa<~Scribe.141~>252 <~Scribe.142~><~Game.2014~><~Scribe.143~><~Game.2016~><~Scribe.144~> E9EA1E
$Stella_Rossa<~Scribe.141~>247 <~Scribe.142~><~Game.1911~><~Scribe.143~><~Game.1915~><~Scribe.144~> 2D0380
$Stella_Rossa<~Scribe.141~>247 <~Scribe.142~><~Game.1915~><~Scribe.143~><~Game.1912~><~Scribe.144~> 4F9D94
$Stella_Rossa<~Scribe.141~>247 <~Scribe.142~><~Game.1912~><~Scribe.143~><~Game.1917~><~Scribe.144~> E0171C
$Stella_Rossa<~Scribe.141~>247 <~Scribe.142~><~Game.1917~><~Scribe.143~><~Game.1927~><~Scribe.144~> E74A90
$Stella_Rossa<~Scribe.141~>247 <~Scribe.142~><~Game.1927~><~Scribe.143~><~Game.1953~><~Scribe.144~> 719AE0
$Stella_Rossa<~Scribe.141~>247 <~Scribe.142~><~Game.1953~><~Scribe.143~><~Game.1951~><~Scribe.144~> 76F5BE
$Stella_Rossa<~Scribe.141~>247 <~Scribe.142~><~Game.1951~><~Scribe.143~><~Game.1960~><~Scribe.144~> 8DBCCF
$Stella_Rossa<~Controls.323~>247 1C71DA
<Stella_Rossa> moria 21D31D
$SlowCobra<~Controls.624~>226<~Controls.625~><~Game.2044~><~Controls.626~><~Game.2037~> null
<Stella_Rossa> random 0F0694
$SlowCobra<~Controls.637~>242<~Controls.638~><~Game.1998~><~Controls.639~><~Game.2037~> null
$Stella_Rossa<~Controls.644~>220 226 242 <~Controls.645~><~Game.2035~> 662351
$SlowCobra<~HighlightLabel.81~>360<~HighlightLabel.82~><~Game.2043~><~HighlightLabel.83~><~Game.2035~> 2D5AF4
$SlowCobra<~CardBuffet.14~>reveal 200 A4983D40389806D62D8021B757597B0A85D8AE7C 13<~CardBuffet.15~><~Controls.46~><~CardBuffet.16~> C0D384
<Stella_Rossa> sure 309C71
$SlowCobra<~Scribe.141~>252 <~Scribe.142~><~Game.2016~><~Scribe.143~><~Game.2018~><~Scribe.144~> 127B83
<Stella_Rossa> no doubt 8002E1
$SlowCobra<~Controls.644~>360 200 <~Controls.645~><~Game.2035~> 588807
$Stella_Rossa<~Scribe.141~>213 <~Scribe.142~><~Game.2042~><~Scribe.143~><~Game.2035~><~Scribe.144~> 4ABB1E
$Stella_Rossa<~Controls.323~>247 F66019
$Stella_Rossa<~Controls.644~>213 <~Controls.645~><~Game.2035~> DC34F3
$SlowCobra<~HighlightLabel.81~>100<~HighlightLabel.82~><~Game.2043~><~HighlightLabel.83~><~Game.2035~> AED91F
<SlowCobra> erebor from wk 1D07D9
$Stella_Rossa<~Scribe.141~>068 062 312 061 307 308 060 <~Scribe.142~><~Game.1965~><~Scribe.143~><~Game.1988~><~Scribe.144~> BBE9C2
$Stella_Rossa<~Scribe.141~>257 <~Scribe.142~><~Game.2002~><~Scribe.143~><~Game.2003~><~Scribe.144~> A2FCB2
$SlowCobra<~Scribe.141~>253 039 038 322 036 028 027 <~Scribe.142~><~Game.1970~><~Scribe.143~><~Game.1965~><~Scribe.144~> F7A6FF
$SlowCobra<~Controls.644~>100 <~Controls.645~><~Game.2035~> ABDD67
$Stella_Rossa<~Scribe.141~>210 <~Scribe.142~><~Game.2042~><~Scribe.143~><~Game.2035~><~Scribe.144~> 15A0F6
$Stella_Rossa<~Scribe.141~>reveal 117 AE722D9F8028C5F0ABF2E75D604E97FF8E48E5A4 1 <~Scribe.142~><~Controls.45~><~Scribe.143~><~Game.2037~><~Scribe.144~> 047B8C
$Stella_Rossa<~Scribe.141~>243 246 <~Scribe.142~><~Game.1998~><~Scribe.143~><~Game.1988~><~Scribe.144~> 0FED91
$Stella_Rossa<~Controls.644~>210 117 <~Controls.645~><~Game.2035~> DFD751
$SlowCobra<~HighlightLabel.81~>103<~HighlightLabel.82~><~Game.2043~><~HighlightLabel.83~><~Game.2035~> 3017A8
$SlowCobra<~Scribe.141~>056 054 053 052 051 050 <~Scribe.142~><~Game.1973~><~Scribe.143~><~Game.1965~><~Scribe.144~> EAC13C
$SlowCobra<~Scribe.141~>055 057 049 048 047 046 045 <~Scribe.142~><~Game.1946~><~Scribe.143~><~Game.1932~><~Scribe.144~> 48B2F7
$Stella_Rossa<~Scribe.141~>419 <~Scribe.142~><~Game.2040~><~Scribe.143~><~Game.1973~><~Scribe.144~> 1D62E3
$SlowCobra<~Controls.644~>103 <~Controls.645~><~Game.2035~> 992A50
$Stella_Rossa<~Controls.726~>358 212 <~Controls.727~><~Game.1997~><~Controls.728~><~Game.2042~> 365D89
$Stella_Rossa<~Controls.731~>210 213 211 <~Controls.732~><~Game.2039~><~Controls.733~><~Game.2042~> 1D8E82
$SlowCobra<~Controls.757~>361 104 <~Controls.758~><~Game.1997~><~Controls.759~><~Game.2043~> D4FA32
<~Game.7~>5 null
$SlowCobra<~Controls.762~>103 100 360 105 099 101 102 <~Controls.763~><~Game.2041~><~Controls.764~><~Game.2043~> 59FAC0
$Stella_Rossa<~Controls.509~>132<~Controls.510~><~Game.2004~><~Controls.511~><~Controls.45~> null
$Stella_Rossa<~Controls.509~>147<~Controls.510~><~Game.2005~><~Controls.511~><~Controls.45~> null
$SlowCobra<~Controls.509~>209<~Controls.510~><~Game.2006~><~Controls.511~><~Controls.46~> null
$SlowCobra<~Controls.509~>178<~Controls.510~><~Game.2007~><~Controls.511~><~Controls.46~> null
<Stella_Rossa> thinking D667B4
$Stella_Rossa<~Controls.296~>156 <~Controls.297~><~Controls.45~> 79479B
<Stella_Rossa> fsp ok A7F223
$SlowCobra<~Controls.372~>103 924332
$SlowCobra<~Controls.345~>100 360 105 099 101 102 361 104 <~Controls.346~>13 15 12 11 11 12 14 15 null
$SlowCobra<~Controls.350~>100 360 105 099 101 102 361 104 null
$Stella_Rossa<~Controls.345~>210 213 211 358 212 <~Controls.346~>1 1 1 1 4 null
$Stella_Rossa<~Scribe.141~>358 <~Scribe.142~><~Game.2042~><~Scribe.143~><~Game.2035~><~Scribe.144~> F7DA13
$Stella_Rossa<~Controls.790~>248<~Controls.791~><~Game.2014~><~Controls.792~><~Game.2015~> CA6DA5
$Stella_Rossa<~Controls.795~>358<~Controls.796~><~Game.2035~><~Controls.797~><~Game.1997~> 483B1F
<SlowCobra> well after the first 2 turn the movement arrived 19F9F0
<game> SlowCobra<~Controls.1~> 1 2 4 null
<Stella_Rossa> and corruption too D0199F
$SlowCobra<~HighlightLabel.81~>100<~HighlightLabel.82~><~Game.2043~><~HighlightLabel.83~><~Game.2035~> CBCA4A
$SlowCobra<~Controls.819~> BEAF7D
$SlowCobra<~HighlightLabel.81~>105<~HighlightLabel.82~><~Game.2043~><~HighlightLabel.83~><~Game.2035~> 20EF1A
<SlowCobra> erebor 451947
$SlowCobra<~Controls.840~>172 65609D
$Stella_Rossa<~Controls.840~>140 8FFD9D
<auto> playchosen 2E662B
<auto><~Controls.3~>reveal 140 411D3B0A9E7DE21CFA80EA7FC3087ABCD538BF27 16<~Controls.884~><~Controls.45~><~Controls.885~><~Game.2037~> 777ED1
<auto><~Controls.866~>reveal 172 768ADF5193CD0A47AB0065B944B2520C2E93C804 11<~Controls.867~><~Controls.46~><~Controls.868~><~Game.2036~> 018353
<auto> playchosen 205FEA
<game> SlowCobra<~Controls.1~> 1 1 6 1 1 null
<game> SlowCobra<~Controls.1~> 1 5 3 2 null
<SlowCobra> 1 0EA720
<game> Stella_Rossa<~Controls.1~> 4 3 3 5 4 null
<game> Stella_Rossa<~Controls.1~> 2 6 4 2 null
<Stella_Rossa> 2 09CBE2
$Stella_Rossa<~Controls.304~>312 <~Controls.305~><~Game.1988~> A2EA45
$Stella_Rossa<~Controls.313~>059 <~Controls.308~><~Controls.314~><~Game.1988~> 741B13
$SlowCobra<~Scribe.141~>051 050 <~Scribe.142~><~Game.1965~><~Scribe.143~><~Game.2036~><~Scribe.144~> 722AEC
<SlowCobra> stop draw 1433B7
$SlowCobra<~Controls.644~>105 172 051 050 140 <~Controls.645~><~Game.2035~> 32238B
$Stella_Rossa<~Scribe.141~>211 <~Scribe.142~><~Game.2042~><~Scribe.143~><~Game.2035~><~Scribe.144~> 4DF85A
$SlowCobra<~Controls.509~>186<~Controls.510~><~Game.2007~><~Controls.511~><~Controls.46~> null
$Stella_Rossa<~Controls.790~>248<~Controls.791~><~Game.2015~><~Controls.792~><~Game.2016~> F01030
$Stella_Rossa<~Controls.795~>211<~Controls.796~><~Game.2035~><~Controls.797~><~Game.1997~> 34252B
<game> SlowCobra<~Controls.1~> 1 6 6 null
$SlowCobra<~Controls.624~>229<~Controls.625~><~Game.2044~><~Controls.626~><~Game.2037~> null
$Stella_Rossa<~Scribe.141~>241 <~Scribe.142~><~Game.1999~><~Scribe.143~><~Game.2037~><~Scribe.144~> A6E308
$Stella_Rossa<~Scribe.141~>244 <~Scribe.142~><~Game.1998~><~Scribe.143~><~Game.1999~><~Scribe.144~> 4A455A
$Stella_Rossa<~Controls.644~>229 241 <~Controls.645~><~Game.2035~> AAB862
$SlowCobra<~HighlightLabel.81~>102<~HighlightLabel.82~><~Game.2043~><~HighlightLabel.83~><~Game.2035~> 4112D0
<SlowCobra> erebor 56147C
$SlowCobra<~Controls.840~>158 D4C731
$Stella_Rossa<~Controls.840~>147 B8005F
<auto> playchosen 8F5262
<auto><~Controls.3~>reveal 147 BDFD5929D827ABFDFE8B24D641DEE623FC31ED7F 9<~Controls.884~><~Controls.45~><~Controls.885~><~Game.2037~> 7AFE40
<auto><~Controls.866~>reveal 158 37D9008445D7E2D60873B7409A4BA49FC2A57D41 7<~Controls.867~><~Controls.46~><~Controls.868~><~Game.2036~> 615EA8
<auto> playchosen 45CBE3
<Stella_Rossa> pre B91ACB
<game> Stella_Rossa<~Controls.1~> 5 4 6 3 null
<Stella_Rossa> 2 D00ED4
$SlowCobra<~Scribe.141~>053 052 <~Scribe.142~><~Game.1965~><~Scribe.143~><~Game.2036~><~Scribe.144~> A93876
<SlowCobra> ff4 E6423C
<game> SlowCobra<~Controls.1~> 1 1 4 1 6 null
<game> SlowCobra<~Controls.1~> 6 null
<SlowCobra> 2 5DAA5C
<Stella_Rossa> lol D44941
<game> Stella_Rossa<~Controls.1~> 2 5 null
<Stella_Rossa> 1 7119AF
$Stella_Rossa<~Controls.281~>061 <~Controls.282~><~Game.1988~><~Controls.283~><~Game.2039~> 472456
$SlowCobra<~Scribe.141~>027 <~Scribe.142~><~Game.1965~><~Scribe.143~><~Game.2036~><~Scribe.144~> 930507
<SlowCobra> thinking 1CA67D
<Stella_Rossa> sure tyt 19FADD
<SlowCobra> stop draw 514E64
$SlowCobra<~Controls.644~>102 158 053 052 027 147 <~Controls.645~><~Game.2035~> B0AA3F
$SlowCobra<~Controls.509~>204<~Controls.510~><~Game.2006~><~Controls.511~><~Controls.46~> null
$Stella_Rossa<~Scribe.141~>213 <~Scribe.142~><~Game.2042~><~Scribe.143~><~Game.2035~><~Scribe.144~> 4CA119
$Stella_Rossa<~Controls.790~>248<~Controls.791~><~Game.2016~><~Controls.792~><~Game.2017~> 38DD46
$Stella_Rossa<~Controls.795~>213<~Controls.796~><~Game.2035~><~Controls.797~><~Game.1997~> 7858BD
<game> SlowCobra<~Controls.1~> 4 6 1 null
$SlowCobra<~Controls.624~>227<~Controls.625~><~Game.2044~><~Controls.626~><~Game.2037~> null
$Stella_Rossa<~Scribe.141~>244 <~Scribe.142~><~Game.1999~><~Scribe.143~><~Game.2037~><~Scribe.144~> EA31A2
$Stella_Rossa<~Scribe.141~>245 <~Scribe.142~><~Game.1998~><~Scribe.143~><~Game.1925~><~Scribe.144~> 2749E3
$Stella_Rossa<~Scribe.141~>364 <~Scribe.142~><~Game.2038~><~Scribe.143~><~Game.1999~><~Scribe.144~> E9A1B4
$Stella_Rossa<~Controls.644~>227 244 <~Controls.645~><~Game.2035~> D46740
$SlowCobra<~HighlightLabel.81~>361<~HighlightLabel.82~><~Game.2043~><~HighlightLabel.83~><~Game.2035~> 25E2A7
$SlowCobra<~CardBuffet.14~>reveal 178 7A89219E97B54142FF2CAD04C7AA92D2BFB56C22 15<~CardBuffet.15~><~Controls.46~><~CardBuffet.16~> 76B8AA
$SlowCobra<~Scribe.141~>333 <~Scribe.142~><~Game.2040~><~Scribe.143~><~Game.1965~><~Scribe.144~> 93F441
$SlowCobra<~Controls.644~>361 178 <~Controls.645~><~Game.2035~> 953FD6
<Stella_Rossa> pass 8B9D6F
$SlowCobra<~HighlightLabel.81~>101<~HighlightLabel.82~><~Game.2043~><~HighlightLabel.83~><~Game.2035~> 1BA0F4
<SlowCobra> erebor 34288B
$SlowCobra<~Controls.840~>207 FDB117
$Stella_Rossa<~Controls.840~>110 7DD3A6
<auto> playchosen D843A7
<auto><~Controls.3~>reveal 110 3FC5AE39F992B43E78094A778DE8757F92E0A7AF 17<~Controls.884~><~Controls.45~><~Controls.885~><~Game.2037~> EBD0FE
<auto><~Controls.866~>reveal 207 19A603F99B1DE7ACEB781E192CA3E87E0E668247 17<~Controls.867~><~Controls.46~><~Controls.868~><~Game.2036~> 748429
<auto> playchosen F9CF10
<game> SlowCobra<~Controls.1~> 3 5 5 5 3 null
<game> SlowCobra<~Controls.1~> 5 2 null
<Stella_Rossa> lol CA5CE7
<SlowCobra> 4-1 553A89
<Stella_Rossa> impossible 8BA1A6
<game> Stella_Rossa<~Controls.1~> 4 1 4 1 4 null
<game> Stella_Rossa<~Controls.1~> 5 6 null
<Stella_Rossa> 5! 3CAA6D
$Stella_Rossa<~Controls.281~>307 308 059 <~Controls.282~><~Game.1988~><~Controls.283~><~Game.2039~> 455DD8
<Stella_Rossa> useless 5 3667F4
$SlowCobra<~Controls.304~>056 036 333 <~Controls.305~><~Game.1965~> 1421D9
$SlowCobra<~Controls.313~>053 026 027 <~Controls.307~><~Controls.314~><~Game.1965~> AD0608
$SlowCobra<~Scribe.141~>054 053 <~Scribe.142~><~Game.1965~><~Scribe.143~><~Game.2036~><~Scribe.144~> F34D7F
<SlowCobra> press draw 48D82A
$SlowCobra<~Controls.304~>322 <~Controls.305~><~Game.1965~> 63ADF0
$SlowCobra<~Controls.313~>332 <~Controls.307~><~Controls.314~><~Game.1965~> 230A69
$SlowCobra<~Controls.296~>207 054 053 <~Controls.297~><~Game.2036~> 4F7A77
$SlowCobra<~Controls.296~>110 <~Controls.297~><~Game.2037~> F09811
$SlowCobra<~Controls.509~>187<~Controls.510~><~Game.2007~><~Controls.511~><~Controls.46~> null
$SlowCobra<~Controls.840~>187 67D602
<Stella_Rossa> nc 616329
<auto><~Controls.866~>reveal 187 DED877003BF7CFD0E669B07866D81A9C42A31FBB 7<~Controls.867~><~Controls.46~><~Controls.868~><~Game.2036~> 56AF90
<game> SlowCobra<~Controls.1~> 4 2 2 2 null
<game> Stella_Rossa<~Controls.1~> 3 2 null
<game> SlowCobra<~Controls.1~> 1 6 4 1 null
<game> Stella_Rossa<~Controls.1~> 6 3 null
<Stella_Rossa> 1 026E83
$Stella_Rossa<~Scribe.141~>243 246 068 062 060 <~Scribe.142~><~Game.1988~><~Scribe.143~><~Game.2037~><~Scribe.144~> D7A203
$SlowCobra<~Controls.296~>026 <~Controls.297~><~Game.1965~> F4E4D2
$Stella_Rossa<~Scribe.141~>423 <~Scribe.142~><~Game.30~><~Scribe.143~><~Game.32~><~Scribe.144~> A0F20A
$SlowCobra<~Controls.644~>101 187 243 246 068 062 060 <~Controls.645~><~Game.2035~> 8A066E
$Stella_Rossa<~Scribe.141~>426 <~Scribe.142~><~Game.2042~><~Scribe.143~><~Game.2035~><~Scribe.144~> 6B53D3
$Stella_Rossa<~Scribe.141~>260 <~Scribe.142~><~Game.2001~><~Scribe.143~><~Game.2002~><~Scribe.144~> 7D9411
$Stella_Rossa<~Controls.644~>426 <~Controls.645~><~Game.2035~> 1094BE
$SlowCobra<~HighlightLabel.81~>099<~HighlightLabel.82~><~Game.2043~><~HighlightLabel.83~><~Game.2035~> 74A061
$SlowCobra<~Scribe.141~>331 <~Scribe.142~><~Game.2040~><~Scribe.143~><~Game.1919~><~Scribe.144~> 9CDB8F
$SlowCobra<~Scribe.141~>330 <~Scribe.142~><~Game.2040~><~Scribe.143~><~Game.1914~><~Scribe.144~> 63F447
$SlowCobra<~Scribe.141~>329 <~Scribe.142~><~Game.2040~><~Scribe.143~><~Game.1910~><~Scribe.144~> 337D70
$SlowCobra<~Controls.644~>099 <~Controls.645~><~Game.2035~> FF08E0
$Stella_Rossa<~Scribe.141~>212 <~Scribe.142~><~Game.2042~><~Scribe.143~><~Game.2035~><~Scribe.144~> 99D2F0
$Stella_Rossa<~Scribe.141~>260 <~Scribe.142~><~Game.2002~><~Scribe.143~><~Game.2003~><~Scribe.144~> 6B6271
$Stella_Rossa<~Controls.644~>212 <~Controls.645~><~Game.2035~> 5657DD
$SlowCobra<~HighlightLabel.81~>100<~HighlightLabel.82~><~Game.2043~><~HighlightLabel.83~><~Game.2035~> C4AC89
$SlowCobra<~CardBuffet.14~>reveal 209 321112BCA5287CDAE874ED6223CF571DC34114DA 2<~CardBuffet.15~><~Controls.46~><~CardBuffet.16~> F2F12D
$SlowCobra<~Scribe.141~>253 039 038 <~Scribe.142~><~Game.1965~><~Scribe.143~><~Game.1928~><~Scribe.144~> 74A133
$SlowCobra<~Scribe.141~>037 <~Scribe.142~><~Game.1969~><~Scribe.143~><~Game.1932~><~Scribe.144~> 3E9BD8
$SlowCobra<~Scribe.141~>209 <~Scribe.142~><~Game.2036~><~Scribe.143~><~Game.2034~><~Scribe.144~> BC13D0
<SlowCobra> lorien 5E2A6D
$SlowCobra<~Controls.840~>204 2861B3
<Stella_Rossa> nc 22DB13
<auto><~Controls.866~>reveal 204 BC72F8B19A7255AF5C1D76034E4EBEC9C408400B 0<~Controls.867~><~Controls.46~><~Controls.868~><~Game.2036~> D3F9F4
<game> SlowCobra<~Controls.1~> 6 4 6 6 4 null
<game> SlowCobra<~Controls.1~> 6 1 null
<Stella_Rossa> ..... 114395
<SlowCobra> ahaha B12900
<game> Stella_Rossa<~Controls.1~> 4 4 4 null
<game> Stella_Rossa<~Controls.1~> 2 6 null
<Stella_Rossa> 1 E23532
$Stella_Rossa<~Controls.281~>267 <~Controls.282~><~Game.1992~><~Controls.283~><~Game.2039~> AB2BF2
$Stella_Rossa<~Controls.304~>092 093 <~Controls.305~><~Game.1992~> 4E1029
$Stella_Rossa<~Controls.313~>269 088 <~Controls.309~>(1)/casualties(1)<~Controls.314~><~Game.1992~> 5DC7EF
$SlowCobra<~Scribe.141~>007 <~Scribe.142~><~Game.1928~><~Scribe.143~><~Game.2036~><~Scribe.144~> 2E8483
<SlowCobra> press draw 5259BA
<Stella_Rossa> everyone is very unlucky till they play against me E57EE6
$SlowCobra<~Controls.304~>335 <~Controls.305~><~Game.1928~> D43DAA
$SlowCobra<~Controls.313~>026 <~Controls.307~><~Controls.314~><~Game.1928~> CD20BE
<SlowCobra> yesterday you won twice F19C13
$SlowCobra<~Controls.509~>174<~Controls.510~><~Game.2006~><~Controls.511~><~Controls.46~> null
<Stella_Rossa> with luck? FB4D4B
<SlowCobra> average i would say C9D879
<Stella_Rossa> yes 1EF466
<SlowCobra> 50 50 in mordor and no reds B63264
<Stella_Rossa> k EC0420
<SlowCobra> so 57DBB5
<SlowCobra> nc 38C752
$Stella_Rossa<~Controls.662~>204 007 <~Controls.663~><~Game.2035~> C923F0
<Stella_Rossa> nc F9D18E
<game> SlowCobra<~Controls.1~> 3 5 1 3 6 null
<game> SlowCobra<~Controls.1~> 2 1 3 4 null
<game> Stella_Rossa<~Controls.1~> 4 4 4 null
<SlowCobra> 1 7D0ACC
<game> Stella_Rossa<~Controls.1~> 2 null
<Stella_Rossa> 0 148BB2
$Stella_Rossa<~Controls.281~>087 <~Controls.282~><~Game.1992~><~Controls.283~><~Game.2039~> C1F6C7
<SlowCobra> press nc 8C0BF0
<Stella_Rossa> nc A756C4
$SlowCobra<~Controls.304~>334 <~Controls.305~><~Game.1928~> 9B3AC1
$SlowCobra<~Controls.313~>007 <~Controls.307~><~Controls.314~><~Game.1928~> 168BF4
<game> SlowCobra<~Controls.1~> 2 5 2 4 6 null
<game> SlowCobra<~Controls.1~> 1 5 5 5 null
<SlowCobra> 1 8A897B
<game> Stella_Rossa<~Controls.1~> 4 2 5 null
<Stella_Rossa> 1 D3E269
$Stella_Rossa<~Controls.281~>088 <~Controls.282~><~Game.1992~><~Controls.283~><~Game.2039~> F01883
$SlowCobra<~Controls.296~>014 <~Controls.297~><~Game.1928~> B65E24
$SlowCobra<~Controls.304~>035 <~Controls.305~><~Game.1928~> D5F2C6
$SlowCobra<~Controls.313~>014 <~Controls.307~><~Controls.314~><~Game.1928~> 2827B6
<SlowCobra> press nc 5CCFC3
<Stella_Rossa> nc 0A8AB6
<game> SlowCobra<~Controls.1~> 6 2 4 6 6 null
<game> Stella_Rossa<~Controls.1~> 3 1 null
<Stella_Rossa> 0 1F1BC9
$Stella_Rossa<~Scribe.141~>097 269 <~Scribe.142~><~Game.1992~><~Scribe.143~><~Game.2037~><~Scribe.144~> 120C11
$SlowCobra<~Scribe.141~>423 <~Scribe.142~><~Game.32~><~Scribe.143~><~Game.388~><~Scribe.144~> 7DC467
$Stella_Rossa<~Scribe.141~>209 <~Scribe.142~><~Game.2034~><~Scribe.143~><~Game.2036~><~Scribe.144~> 95F910
$SlowCobra<~Controls.644~>100 209 097 269 <~Controls.645~><~Game.2035~> 27A2B8
$Stella_Rossa<~Scribe.141~>210 <~Scribe.142~><~Game.2042~><~Scribe.143~><~Game.2035~><~Scribe.144~> 3EF300
$Stella_Rossa<~Scribe.141~>reveal 133 AA378251669EA82FE1C5789DB82BFBED48764971 17 <~Scribe.142~><~Controls.45~><~Scribe.143~><~Game.2037~><~Scribe.144~> 9FB32B
$Stella_Rossa<~Controls.281~>234 <~Controls.282~><~Game.2046~><~Controls.283~><~Game.2045~> C620AA
$Stella_Rossa<~Controls.644~>210 133 <~Controls.645~><~Game.2035~> 1858CA
$Stella_Rossa<~Controls.726~>213 211 358 <~Controls.727~><~Game.1997~><~Controls.728~><~Game.2042~> E63AA3
$Stella_Rossa<~Controls.731~>210 212 <~Controls.732~><~Game.2039~><~Controls.733~><~Game.2042~> 057578
$Stella_Rossa<~Controls.509~>128<~Controls.510~><~Game.2004~><~Controls.511~><~Controls.45~> null
$SlowCobra<~Controls.757~>360 104 103 <~Controls.758~><~Game.1997~><~Controls.759~><~Game.2043~> FF78DA
<~Game.7~>6 null
$SlowCobra<~Controls.762~>100 099 101 361 102 105 <~Controls.763~><~Game.2041~><~Controls.764~><~Game.2043~> 2792B4
$Stella_Rossa<~Controls.509~>145<~Controls.510~><~Game.2005~><~Controls.511~><~Controls.45~> null
$Stella_Rossa<~Scribe.141~>248 <~Scribe.142~><~Game.2017~><~Scribe.143~><~Game.2014~><~Scribe.144~> EEC9B4
$SlowCobra<~Controls.509~>168<~Controls.510~><~Game.2006~><~Controls.511~><~Controls.46~> null
$SlowCobra<~Controls.509~>192<~Controls.510~><~Game.2007~><~Controls.511~><~Controls.46~> null
$Stella_Rossa<~Scribe.141~>247 <~Scribe.142~><~Game.1960~><~Scribe.143~><~Game.524~><~Scribe.144~> 611048
$Stella_Rossa<~Controls.281~>238 220 234 <~Controls.282~><~Game.2045~><~Controls.283~><~Game.2044~> 186571
<Stella_Rossa> fsp ok AD3CF6
$SlowCobra<~Controls.372~>100 DDC3BE
$SlowCobra<~Controls.345~>099 101 361 102 105 360 104 103 <~Controls.346~>11 10 13 12 15 12 11 13 null
$SlowCobra<~Controls.350~>099 101 361 102 105 360 104 103 null
$Stella_Rossa<~Controls.345~>210 212 213 211 358 <~Controls.346~>2 3 1 4 0 null
$Stella_Rossa<~Scribe.141~>212 <~Scribe.142~><~Game.2042~><~Scribe.143~><~Game.2035~><~Scribe.144~> 706EDD
$Stella_Rossa<~Scribe.141~>273 <~Scribe.142~><~Game.2038~><~Scribe.143~><~Game.1920~><~Scribe.144~> 6DC800
$Stella_Rossa<~Controls.644~>212 <~Controls.645~><~Game.2035~> B12564
<SlowCobra> sorry i am still thinking DF89C3
<Stella_Rossa> np 402CF7
$SlowCobra<~HighlightLabel.81~>102<~HighlightLabel.82~><~Game.2043~><~HighlightLabel.83~><~Game.2035~> 9A08D6
$SlowCobra<~Scribe.141~>037 055 057 049 048 047 046 045 043 042 041 <~Scribe.142~><~Game.1932~><~Scribe.143~><~Game.1938~><~Scribe.144~> F1F817
$SlowCobra<~Scribe.141~>253 039 038 318 040 001 014 007 026 015 013 012 011 <~Scribe.142~><~Game.1928~><~Scribe.143~><~Game.1930~><~Scribe.144~> E40CA3
$SlowCobra<~Scribe.141~>012 <~Scribe.142~><~Game.1930~><~Scribe.143~><~Game.1928~><~Scribe.144~> 655A0D
$SlowCobra<~Controls.644~>102 <~Controls.645~><~Game.2035~> 7C43A7
<Stella_Rossa> pass C94D08
$SlowCobra<~HighlightLabel.81~>101<~HighlightLabel.82~><~Game.2043~><~HighlightLabel.83~><~Game.2035~> 8268B5
$SlowCobra<~CardBuffet.14~>reveal 186 C9B956FEF977207C44325B0359EDAC05236D8E2A 12<~CardBuffet.15~><~Controls.46~><~CardBuffet.16~> BE940E
$SlowCobra<~Scribe.141~>330 000 <~Scribe.142~><~Game.1914~><~Scribe.143~><~Game.1885~><~Scribe.144~> 7DCF5A
$SlowCobra<~Scribe.141~>329 <~Scribe.142~><~Game.1910~><~Scribe.143~><~Game.1885~><~Scribe.144~> BD312B
$SlowCobra<~Scribe.141~>328 327 <~Scribe.142~><~Game.2040~><~Scribe.143~><~Game.1885~><~Scribe.144~> 99B07B
$SlowCobra<~Controls.644~>101 186 <~Controls.645~><~Game.2035~> DA8E7E
<Stella_Rossa> pass DB7818
$SlowCobra<~HighlightLabel.81~>360<~HighlightLabel.82~><~Game.2043~><~HighlightLabel.83~><~Game.2035~> B91E6A
$SlowCobra<~Scribe.141~>253 039 038 318 040 001 014 007 026 015 013 011 <~Scribe.142~><~Game.1930~><~Scribe.143~><~Game.1921~><~Scribe.144~> 3EE63D
$SlowCobra<~Scribe.141~>328 327 329 330 000 <~Scribe.142~><~Game.1885~><~Scribe.143~><~Game.1884~><~Scribe.144~> A57D2B
$SlowCobra<~Controls.644~>360 <~Controls.645~><~Game.2035~> 3B684B
$Stella_Rossa<~Scribe.141~>210 <~Scribe.142~><~Game.2042~><~Scribe.143~><~Game.2035~><~Scribe.144~> 467075
$Stella_Rossa<~Scribe.141~>reveal 128 21D5BF49B5F002621AA819A8C2BB5D04E8C323C5 2 <~Scribe.142~><~Controls.45~><~Scribe.143~><~Game.2036~><~Scribe.144~> 88AD30
$Stella_Rossa<~Scribe.141~>252 <~Scribe.142~><~Game.2018~><~Scribe.143~><~Game.2017~><~Scribe.144~> 8E6095
$Stella_Rossa<~Scribe.141~>247 <~Scribe.142~><~Game.524~><~Scribe.143~><~Game.525~><~Scribe.144~> 2FF302
$SlowCobra<~Controls.624~>217<~Controls.625~><~Game.2044~><~Controls.626~><~Game.2037~> null
$Stella_Rossa<~Scribe.141~>252 <~Scribe.142~><~Game.2017~><~Scribe.143~><~Game.2018~><~Scribe.144~> A95CE5
$Stella_Rossa<~Controls.644~>210 128 217 <~Controls.645~><~Game.2035~> 314024
$SlowCobra<~HighlightLabel.81~>103<~HighlightLabel.82~><~Game.2043~><~HighlightLabel.83~><~Game.2035~> 6C113B
<SlowCobra> pelargir nc 9A2189
<Stella_Rossa> nc 333297
<game> SlowCobra<~Controls.1~> 4 2 4 5 5 null
<game> SlowCobra<~Controls.1~> 3 null
<game> Stella_Rossa<~Controls.1~> 6 null
<Stella_Rossa> 1 7FD014
$SlowCobra<~Controls.296~>043 <~Controls.297~><~Game.1938~> 353B77
$Stella_Rossa<~Scribe.141~>078 <~Scribe.142~><~Game.1931~><~Scribe.143~><~Game.1935~><~Scribe.144~> 4428E8
<SlowCobra> press 0401EF
$Stella_Rossa<~Scribe.141~>423 <~Scribe.142~><~Game.388~><~Scribe.143~><~Game.389~><~Scribe.144~> 0A6559
$SlowCobra<~Scribe.141~>037 055 057 049 048 047 046 045 042 041 <~Scribe.142~><~Game.1938~><~Scribe.143~><~Game.1931~><~Scribe.144~> B8EB09
$SlowCobra<~Controls.644~>103 <~Controls.645~><~Game.2035~> 96FC25
$Stella_Rossa<~Scribe.141~>211 <~Scribe.142~><~Game.2042~><~Scribe.143~><~Game.2035~><~Scribe.144~> 181FB6
$Stella_Rossa<~Scribe.141~>315 058 <~Scribe.142~><~Game.1891~><~Scribe.143~><~Game.1889~><~Scribe.144~> 14C031
$Stella_Rossa<~Scribe.141~>095 089 <~Scribe.142~><~Game.1887~><~Scribe.143~><~Game.1889~><~Scribe.144~> 58AC1E
$Stella_Rossa<~Controls.644~>211 <~Controls.645~><~Game.2035~> A8D7EB
$SlowCobra<~HighlightLabel.81~>104<~HighlightLabel.82~><~Game.2043~><~HighlightLabel.83~><~Game.2035~> 613E26
<SlowCobra> shire nc 0F15FC
<Stella_Rossa> nc 433D6C
<game> SlowCobra<~Controls.1~> 3 5 5 2 4 null
<game> Stella_Rossa<~Controls.1~> 1 6 null
<Stella_Rossa> 1 D8A90F
$SlowCobra<~Controls.296~>328 <~Controls.297~><~Game.1884~> 7EF4F5
<SlowCobra> press 59F9B6
<Stella_Rossa> stay 7385AC
<game> SlowCobra<~Controls.1~> 5 5 3 4 null
<game> Stella_Rossa<~Controls.1~> 4 2 null
<Stella_Rossa> 0 2D2E71
<SlowCobra> 2 BA7E99
$Stella_Rossa<~Controls.281~>302 <~Controls.282~><~Game.1890~><~Controls.283~><~Game.2039~> 3972B9
<SlowCobra> press 7A65DB
$Stella_Rossa<~Scribe.141~>063 <~Scribe.142~><~Game.1890~><~Scribe.143~><~Game.1889~><~Scribe.144~> 82A984
$SlowCobra<~Scribe.141~>327 329 330 000 <~Scribe.142~><~Game.1884~><~Scribe.143~><~Game.1890~><~Scribe.144~> 8EC20A
$SlowCobra<~Controls.644~>104 <~Controls.645~><~Game.2035~> 81B532
$Stella_Rossa<~Scribe.141~>358 <~Scribe.142~><~Game.2042~><~Scribe.143~><~Game.2035~><~Scribe.144~> 046385
$Stella_Rossa<~Controls.790~>247<~Controls.791~><~Game.525~><~Controls.792~><~Game.528~> 25EA2C
$Stella_Rossa<~Controls.795~>358<~Controls.796~><~Game.2035~><~Controls.797~><~Game.1997~> D28559
$SlowCobra<~Controls.624~>220<~Controls.625~><~Game.2044~><~Controls.626~><~Game.2037~> null
$Stella_Rossa<~Scribe.141~>252 <~Scribe.142~><~Game.2018~><~Scribe.143~><~Game.2020~><~Scribe.144~> E70DC2
$Stella_Rossa<~Controls.323~>247 C25654
$Stella_Rossa<~Controls.644~>220 <~Controls.645~><~Game.2035~> 0F0E7E
$SlowCobra<~HighlightLabel.81~>361<~HighlightLabel.82~><~Game.2043~><~HighlightLabel.83~><~Game.2035~> 1EEC47
<SlowCobra> west from wk 1CB95C
$SlowCobra<~Controls.840~>168 8553AD
$Stella_Rossa<~Controls.840~>129 277C8B
<auto> playchosen FE7047
<auto><~Controls.3~>reveal 129 69B3680ED5ED50F15F9144362DEBE882E32575F2 8<~Controls.884~><~Controls.45~><~Controls.885~><~Game.2037~> 22819E
<auto><~Controls.866~>reveal 168 264352A9F7A3DDF0E3C0230A10EA7938E827D101 12<~Controls.867~><~Controls.46~><~Controls.868~><~Game.2036~> 483702
<auto> playchosen B9E7FF
<game> SlowCobra<~Controls.1~> 5 4 4 null
<game> SlowCobra<~Controls.1~> 5 3 null
<SlowCobra> 2 E7F6E4
<game> Stella_Rossa<~Controls.1~> 4 3 null
<Stella_Rossa> 9 B04471
<Stella_Rossa> 0 999208
$Stella_Rossa<~Controls.281~>073 <~Controls.282~><~Game.1925~><~Controls.283~><~Game.2039~> 305F1B
<SlowCobra> press 65C98E
$Stella_Rossa<~Scribe.141~>245 072 <~Scribe.142~><~Game.1925~><~Scribe.143~><~Game.1923~><~Scribe.144~> 7F4B1C
$Stella_Rossa<~Scribe.141~>259 <~Scribe.142~><~Game.2000~><~Scribe.143~><~Game.2002~><~Scribe.144~> 7B2A89
$SlowCobra<~Scribe.141~>253 039 038 318 040 240 001 014 007 026 015 013 011 <~Scribe.142~><~Game.1921~><~Scribe.143~><~Game.1925~><~Scribe.144~> 3FCB00
$SlowCobra<~Scribe.141~>240 <~Scribe.142~><~Game.1925~><~Scribe.143~><~Game.1921~><~Scribe.144~> 7C317B
<SlowCobra> sorry gandy 120014
$SlowCobra<~Controls.644~>361 168 129 <~Controls.645~><~Game.2035~> 34248F
$Stella_Rossa<~Scribe.141~>213 <~Scribe.142~><~Game.2042~><~Scribe.143~><~Game.2035~><~Scribe.144~> ED4ABF
<Stella_Rossa> Shire 4088C2
<Stella_Rossa> nc 42E2F7
<SlowCobra> nc BE1B5D
<game> Stella_Rossa<~Controls.1~> 3 4 6 3 null
<game> Stella_Rossa<~Controls.1~> 2 null
<Stella_Rossa> 1 458476
<game> SlowCobra<~Controls.1~> 3 4 6 4 null
<SlowCobra> 1 55551B
$Stella_Rossa<~Controls.304~>315 <~Controls.305~><~Game.1889~> E980CF
$Stella_Rossa<~Controls.313~>060 <~Controls.308~><~Controls.314~><~Game.1889~> 56C846
$SlowCobra<~Controls.296~>327 <~Controls.297~><~Game.1890~> E4F36F
<Stella_Rossa> press 6B5CCB
<SlowCobra> stay 036221
<Stella_Rossa> nc EFBBE2
<SlowCobra> nc 596618
<game> Stella_Rossa<~Controls.1~> 2 2 1 3 null
<game> Stella_Rossa<~Controls.1~> 4 null
<Stella_Rossa> ehehehe 217F24
<game> SlowCobra<~Controls.1~> 5 3 1 null
<SlowCobra> 1 62DD2E
$Stella_Rossa<~Controls.304~>089 <~Controls.305~><~Game.1889~> 1BC3EB
$Stella_Rossa<~Controls.313~>269 <~Controls.308~><~Controls.314~><~Game.1889~> 999773
<Stella_Rossa> nc B1B2A1
<SlowCobra> nc 0D15CD
<game> Stella_Rossa<~Controls.1~> 2 6 6 2 5 null
<Stella_Rossa> 3 D049AA
<game> SlowCobra<~Controls.1~> 5 4 1 null
<SlowCobra> 1 C279E7
$Stella_Rossa<~Controls.281~>060 <~Controls.282~><~Game.1889~><~Controls.283~><~Game.2039~> E9C87B
$SlowCobra<~Controls.296~>329 330 000 <~Controls.297~><~Game.1890~> 9D4021
$Stella_Rossa<~Scribe.141~>095 269 063 058 <~Scribe.142~><~Game.1889~><~Scribe.143~><~Game.1890~><~Scribe.144~> 3C3E6C
$Stella_Rossa<~Controls.644~>213 <~Controls.645~><~Game.2035~> 576EA9
<SlowCobra> well at this point BE507B
<SlowCobra> ah i didn't draw before for wk CBC88E
<SlowCobra> can I? 398B56
<Stella_Rossa> no way I will roll enough movement 32EB9E
<Stella_Rossa> sure CEA829
<Stella_Rossa> C 13D02F
$SlowCobra<~Controls.509~>165<~Controls.510~><~Game.2006~><~Controls.511~><~Controls.46~> null
<SlowCobra> thank you 49B560
$SlowCobra<~HighlightLabel.81~>099<~HighlightLabel.82~><~Game.2043~><~HighlightLabel.83~><~Game.2035~> B4CA7D
<SlowCobra> HD C656F5
$Stella_Rossa<~Scribe.141~>245 283 289 072 071 <~Scribe.142~><~Game.1923~><~Scribe.143~><~Game.1993~><~Scribe.144~> 9FC1AB
$Stella_Rossa<~Scribe.141~>259 <~Scribe.142~><~Game.2002~><~Scribe.143~><~Game.2003~><~Scribe.144~> 8E0534
$SlowCobra<~Scribe.141~>253 039 038 318 040 001 014 007 026 015 013 011 <~Scribe.142~><~Game.1925~><~Scribe.143~><~Game.1923~><~Scribe.144~> 48E289
<SlowCobra> or can i change? 0BD19A
<Stella_Rossa> sure E837CA
$SlowCobra<~Scribe.141~>253 039 038 318 040 001 014 007 026 015 013 011 <~Scribe.142~><~Game.1923~><~Scribe.143~><~Game.1925~><~Scribe.144~> 2F33C1
$Stella_Rossa<~Scribe.141~>245 283 289 072 071 <~Scribe.142~><~Game.1993~><~Scribe.143~><~Game.1923~><~Scribe.144~> 41F065
$SlowCobra<~Scribe.141~>255 <~Scribe.142~><~Game.2040~><~Scribe.143~><~Game.1969~><~Scribe.144~> F1BFDC
$SlowCobra<~Scribe.141~>362 <~Scribe.142~><~Game.2040~><~Scribe.143~><~Game.2037~><~Scribe.144~> 40CE34
$SlowCobra<~Scribe.141~>259 <~Scribe.142~><~Game.2003~><~Scribe.143~><~Game.2002~><~Scribe.144~> A604E8
$SlowCobra<~Controls.644~>099 362 <~Controls.645~><~Game.2035~> B7A909
$Stella_Rossa<~Controls.726~>358 <~Controls.727~><~Game.1997~><~Controls.728~><~Game.2042~> 626C70
$Stella_Rossa<~Controls.731~>213 211 210 212 <~Controls.732~><~Game.2039~><~Controls.733~><~Game.2042~> 9C8FCA
$Stella_Rossa<~Controls.509~>127<~Controls.510~><~Game.2004~><~Controls.511~><~Controls.45~> null
$SlowCobra<~Controls.757~>105 100 <~Controls.758~><~Game.1997~><~Controls.759~><~Game.2043~> 2FCCB4
<~Game.7~>7 null
$SlowCobra<~Controls.762~>099 362 361 104 103 360 101 102 <~Controls.763~><~Game.2041~><~Controls.764~><~Game.2043~> 5B0A74
$Stella_Rossa<~Controls.509~>106<~Controls.510~><~Game.2005~><~Controls.511~><~Controls.45~> null
$SlowCobra<~Controls.509~>203<~Controls.510~><~Game.2006~><~Controls.511~><~Controls.46~> null
$SlowCobra<~Controls.509~>197<~Controls.510~><~Game.2007~><~Controls.511~><~Controls.46~> null
<Stella_Rossa> fsp ok 303E66
$SlowCobra<~Controls.345~>099 362 361 104 103 360 101 102 105 100 <~Controls.346~>10 13 15 12 10 12 11 12 14 15 null
$SlowCobra<~Controls.350~>099 362 361 104 103 360 101 102 105 100 null
<Stella_Rossa> you forgot to put an eye AEDC80
<SlowCobra> ah true more right die? F7840C
<Stella_Rossa> yes CE0532
$Stella_Rossa<~Controls.345~>213 211 210 212 358 <~Controls.346~>2 1 4 3 1 null
$SlowCobra<~Scribe.141~>105 <~Scribe.142~><~Game.2043~><~Scribe.143~><~Game.1997~><~Scribe.144~> 8BCCE6
<Stella_Rossa> well, gg, I guess 656261
$SlowCobra changes 105  to E BD94B3
$Stella_Rossa<~Scribe.141~>210 <~Scribe.142~><~Game.2042~><~Scribe.143~><~Game.2035~><~Scribe.144~> BD1F6D
$Stella_Rossa<~Scribe.141~>074 070 069 <~Scribe.142~><~Game.1918~><~Scribe.143~><~Game.1923~><~Scribe.144~> 5E8E06
$Stella_Rossa<~Scribe.141~>080 <~Scribe.142~><~Game.1943~><~Scribe.143~><~Game.1944~><~Scribe.144~> 25400F
$Stella_Rossa<~Controls.644~>210 <~Controls.645~><~Game.2035~> 0871DD
$SlowCobra<~HighlightLabel.81~>103<~HighlightLabel.82~><~Game.2043~><~HighlightLabel.83~><~Game.2035~> EF6093
$SlowCobra<~Controls.304~>005 331 <~Controls.305~><~Game.1919~> C95363
$SlowCobra<~Controls.313~>326 322 <~Controls.309~><~Controls.314~><~Game.1919~> 8B1EF6
$SlowCobra<~Controls.644~>103 <~Controls.645~><~Game.2035~> C46462
<Stella_Rossa> pass D9AE51
$SlowCobra<~HighlightLabel.81~>099<~HighlightLabel.82~><~Game.2043~><~HighlightLabel.83~><~Game.2035~> B1B1E3
$SlowCobra<~Scribe.141~>325 <~Scribe.142~><~Game.2040~><~Scribe.143~><~Game.1919~><~Scribe.144~> 570F39
$SlowCobra<~Controls.644~>099 <~Controls.645~><~Game.2035~> 0B7A63
<Stella_Rossa> pass DCA02D
$SlowCobra<~HighlightLabel.81~>102<~HighlightLabel.82~><~Game.2043~><~HighlightLabel.83~><~Game.2035~> C4006C
$SlowCobra<~Scribe.141~>006 322 326 325 <~Scribe.142~><~Game.1919~><~Scribe.143~><~Game.1918~><~Scribe.144~> 089861
$SlowCobra<~Scribe.141~>044 <~Scribe.142~><~Game.1946~><~Scribe.143~><~Game.1932~><~Scribe.144~> 7C66F9
$SlowCobra<~Controls.644~>102 <~Controls.645~><~Game.2035~> DABA46
<Stella_Rossa> pass 5D3A26
<Stella_Rossa> ah no 02E381
<Stella_Rossa> sorry 08403E
$Stella_Rossa<~Scribe.141~>358 <~Scribe.142~><~Game.2042~><~Scribe.143~><~Game.2035~><~Scribe.144~> 9F1099
$Stella_Rossa<~Controls.323~>247 C81B68
$Stella_Rossa<~Controls.644~>358 <~Controls.645~><~Game.2035~> 664652
$SlowCobra<~HighlightLabel.81~>360<~HighlightLabel.82~><~Game.2043~><~HighlightLabel.83~><~Game.2035~> 4F4D54
<SlowCobra> HD from wk 39C5AA
$Stella_Rossa<~Scribe.141~>245 074 283 289 070 069 072 071 <~Scribe.142~><~Game.1923~><~Scribe.143~><~Game.1993~><~Scribe.144~> 37A6D9
$SlowCobra<~Scribe.141~>253 039 038 318 040 001 014 007 026 015 013 <~Scribe.142~><~Game.1925~><~Scribe.143~><~Game.1923~><~Scribe.144~> 81DF33
$SlowCobra<~Controls.644~>360 <~Controls.645~><~Game.2035~> 91BE94
$SlowCobra<~Scribe.141~>259 <~Scribe.142~><~Game.2002~><~Scribe.143~><~Game.2003~><~Scribe.144~> 5B379F
$Stella_Rossa<~Scribe.141~>211 <~Scribe.142~><~Game.2042~><~Scribe.143~><~Game.2035~><~Scribe.144~> 1DDE17
$Stella_Rossa<~Controls.790~>247<~Controls.791~><~Game.528~><~Controls.792~><~Game.529~> D4631C
$Stella_Rossa<~Controls.795~>211<~Controls.796~><~Game.2035~><~Controls.797~><~Game.1997~> A10DDB
$SlowCobra<~Controls.624~>219<~Controls.625~><~Game.2044~><~Controls.626~><~Game.2037~> null
$Stella_Rossa<~Scribe.141~>252 <~Scribe.142~><~Game.2020~><~Scribe.143~><~Game.2023~><~Scribe.144~> 814561
<Stella_Rossa> :-) DA1302
<Stella_Rossa> look at the pool :-))))) C21FE3
$Stella_Rossa<~Controls.323~>247 1C2CAD
$Stella_Rossa<~Controls.644~>219 <~Controls.645~><~Game.2035~> 895BF3
<SlowCobra> i know bad luck for you this game 9A47B1
$SlowCobra<~HighlightLabel.81~>104<~HighlightLabel.82~><~Game.2043~><~HighlightLabel.83~><~Game.2035~> 8AC810
$SlowCobra<~Scribe.141~>006 322 326 325 <~Scribe.142~><~Game.1918~><~Scribe.143~><~Game.1923~><~Scribe.144~> 6B5CEB
$SlowCobra<~Scribe.141~>011 <~Scribe.142~><~Game.1925~><~Scribe.143~><~Game.1929~><~Scribe.144~> 68B813
$Stella_Rossa<~Scribe.141~>423 <~Scribe.142~><~Game.389~><~Scribe.143~><~Game.391~><~Scribe.144~> E5260F
$SlowCobra<~Scribe.141~>423 <~Scribe.142~><~Game.389~><~Scribe.143~><~Game.391~><~Scribe.144~> D802BD
$SlowCobra<~Controls.644~>104 <~Controls.645~><~Game.2035~> D45AB2
$Stella_Rossa<~Scribe.141~>417 <~Scribe.142~><~Game.2040~><~Scribe.143~><~Game.1925~><~Scribe.144~> DB94C7
$Stella_Rossa<~Scribe.141~>213 <~Scribe.142~><~Game.2042~><~Scribe.143~><~Game.2035~><~Scribe.144~> 623D03
$Stella_Rossa<~Scribe.141~>reveal 106 4EBCE032B27090F9D9AF9F108432344EA1A0737B 3 <~Scribe.142~><~Controls.45~><~Scribe.143~><~Game.2037~><~Scribe.144~> 2852AB
<Stella_Rossa> HD 4EF466
<game> Stella_Rossa<~Controls.1~> 5 3 2 4 6 null
<Stella_Rossa> 2 BC8F70
$SlowCobra<~Scribe.141~>007 014 <~Scribe.142~><~Game.1923~><~Scribe.143~><~Game.2037~><~Scribe.144~> AFAF96
$Stella_Rossa<~Controls.644~>213 106 007 014 <~Controls.645~><~Game.2035~> A33D32
$SlowCobra<~HighlightLabel.81~>101<~HighlightLabel.82~><~Game.2043~><~HighlightLabel.83~><~Game.2035~> 559BCE
<SlowCobra> HD 5CC32E
$SlowCobra<~Controls.840~>174 3ADB45
$Stella_Rossa<~Controls.840~>145 5C0B4B
<auto> playchosen 9764AE
<auto><~Controls.3~>reveal 145 524A6B1E837E800E23965BB06396B7AFC224817D 14<~Controls.884~><~Controls.45~><~Controls.885~><~Game.2037~> 326E35
<auto><~Controls.866~>reveal 174 FA05DE605B8CE5A982EE958D75FD6BCD241DCA9F 4<~Controls.867~><~Controls.46~><~Controls.868~><~Game.2036~> 25005C
<auto> playchosen 3CC476
<game> Stella_Rossa<~Controls.1~> 4 null
<Stella_Rossa> 0 9C755D
<SlowCobra> ff2 246BDF
<game> SlowCobra<~Controls.1~> 6 4 2 3 1 null
<game> SlowCobra<~Controls.1~> 1 3 2 3 null
<game> Stella_Rossa<~Controls.1~> 4 1 3 4 2 null
<SlowCobra> 1 B69304
<game> Stella_Rossa<~Controls.1~> 2 1 1 null
<Stella_Rossa> unbelivable DFD1C1
<Stella_Rossa> 0! A8D27D
$Stella_Rossa<~Controls.304~>289 <~Controls.305~><~Game.1993~> 6F07D3
$Stella_Rossa<~Controls.313~>295 <~Controls.307~><~Controls.314~><~Game.1993~> 8C49DF
<SlowCobra> never trust the rohirrim B0AB9A
<Stella_Rossa> 8 dies at 5 110A5C
<SlowCobra> press draw 8ACAD1
$SlowCobra<~Controls.304~>325 <~Controls.305~><~Game.1923~> B05ED8
$SlowCobra<~Controls.313~>005 <~Controls.307~><~Controls.314~><~Game.1923~> 32C1D0
$SlowCobra<~Controls.509~>169<~Controls.510~><~Game.2006~><~Controls.511~><~Controls.46~> null
<Stella_Rossa> well, but was the entire game, never got a chance 9196DC
$SlowCobra<~Controls.296~>174 <~Controls.297~><~Game.2036~> 9CC924
$SlowCobra<~Controls.296~>145 <~Controls.297~><~Game.2037~> 219A63
<Stella_Rossa> when Java decides :-) 39183B
$SlowCobra<~Controls.840~>192 030950
<Stella_Rossa> -8 combat D8E296
$Stella_Rossa<~Controls.840~>127 A3AE31
<auto> playchosen 961131
<auto><~Controls.3~>reveal 127 93B0254745FF9532FFFA40BA7D74675B79446E66 20<~Controls.884~><~Controls.45~><~Controls.885~><~Game.2037~> 9DA736
<auto><~Controls.866~>reveal 192 3F3DEFDAF2EA672FBD8C687813A1C13347330F21 3<~Controls.867~><~Controls.46~><~Controls.868~><~Game.2036~> 37418F
<auto> playchosen 44D2D0
<game> Stella_Rossa<~Controls.1~> 1 1 1 null
<Stella_Rossa> 0! B915CD
<SlowCobra> fff D1C0FD
$SlowCobra<~Scribe.141~>001 026 <~Scribe.142~><~Game.1923~><~Scribe.143~><~Game.2036~><~Scribe.144~> 1147F2
<game> SlowCobra<~Controls.1~> 6 6 6 3 4 null
<game> SlowCobra<~Controls.1~> 5 null
<Stella_Rossa> ahhahahahaha 3808D9
<SlowCobra> 4 F5B275
<Stella_Rossa> gg F7C687
<Stella_Rossa> I concede 418259
<Stella_Rossa> wp AC1CD3
<Stella_Rossa> see you next time 0928EC
<SlowCobra> thank you very much 068FE0
<SlowCobra> see you 0B4F1C
<SlowCobra> bye 655973
