<auto> silent null
<auto><~Scribe.141~>363 397 398 402 401 400 399 403 404 376 375 374 373 377 378 <~Scribe.142~><~Game.2038~><~Scribe.143~>Spare<~Scribe.144~> null
<auto><~Scribe.141~>365 366 379 380 381 382 383 384 385 386 387 388 389 390 391 392 393 394 395 396 367 368 369 370 371 372 <~Scribe.142~><~Game.2040~><~Scribe.143~>Spare<~Scribe.144~> null
<auto><~Scribe.141~>230 231 <~Scribe.142~><~Game.2044~><~Scribe.143~>Spare<~Scribe.144~> null
<auto><~Scribe.141~>155 152 <~Scribe.142~><~Game.2004~><~Scribe.143~>Spare<~Scribe.144~> null
<auto><~Scribe.141~>137 151 <~Scribe.142~><~Game.2005~><~Scribe.143~>Spare<~Scribe.144~> null
<auto><~Scribe.141~>161 198 <~Scribe.142~><~Game.2006~><~Scribe.143~>Spare<~Scribe.144~> null
<auto><~Scribe.141~>163 188 <~Scribe.142~><~Game.2007~><~Scribe.143~>Spare<~Scribe.144~> null
<auto><~Controls.323~>364 null
<auto> noisy null
<auto> silent null
<auto><~Scribe.141~>312 <~Scribe.142~><~Game.2038~><~Scribe.143~><~Game.1965~><~Scribe.144~> null
<auto> noisy null
<~Game.7~>1 null
<auto> silent null
<auto><~Scribe.141~>363 397 398 402 401 400 399 403 404 376 375 374 373 377 378 <~Scribe.142~><~Game.2038~><~Scribe.143~>Spare<~Scribe.144~> null
<auto><~Scribe.141~>365 366 379 380 381 382 383 384 385 386 387 388 389 390 391 392 393 394 395 396 367 368 369 370 371 372 <~Scribe.142~><~Game.2040~><~Scribe.143~>Spare<~Scribe.144~> null
<auto><~Scribe.141~>230 231 <~Scribe.142~><~Game.2044~><~Scribe.143~>Spare<~Scribe.144~> null
<auto><~Scribe.141~>155 152 <~Scribe.142~><~Game.2004~><~Scribe.143~>Spare<~Scribe.144~> null
<auto><~Scribe.141~>137 151 <~Scribe.142~><~Game.2005~><~Scribe.143~>Spare<~Scribe.144~> null
<auto><~Scribe.141~>161 198 <~Scribe.142~><~Game.2006~><~Scribe.143~>Spare<~Scribe.144~> null
<auto><~Scribe.141~>163 188 <~Scribe.142~><~Game.2007~><~Scribe.143~>Spare<~Scribe.144~> null
<auto><~Controls.323~>364 null
<auto> noisy null
$base silent null
$TEST<~Scribe.141~>312 <~Scribe.142~><~Game.2038~><~Scribe.143~><~Game.1965~><~Scribe.144~> null
$base noisy null
<game> bhilly<~Controls.408~>[WOTR-Gandalf2 wotr base2] null
<~Talker.31~> null
<Vayze> hi 
<bhilly> ooooookkkkkkkkkk 
<bhilly> hapyp friday evening 
<Vayze> same to you :) 
<bhilly> off we go for more excitement and adventure 
<bhilly> did you see those wems sats?! 
<bhilly> stats 
<bhilly> prettyyyy cooooool 
$bhilly<~Controls.479~>B87952F08BE28DFBDF3F682E6E6F751FABD575F7 124E22A81D11E0D3DEC68AD13945998F 24 4760644E444BD7B8FDE6A2FA64F7C48588567FA0 ED16EDC21F83F4FCF50938A1F935872D E83E516B1C712011B4939D12E65A33A74AECECB3 403F2874E11081075149734EB53C7445 92D1419FFA39971DB544D5A315BCD3C3B7C75FA1 8F5F9003F162E6D207A935EC9491C675 8BD66FFB0DC64D195B9E28A53B72175E866CE980 BC9F43615AA71A7B27DE2DDED0FCA6C4 1345E728F66AB4E6881FF6D48C5C9E11AC4B1AF5 CE645A0215A6799A1F1CA94340C2A5FA 322F9065F3727A0693419F9F02D01F3434EE00C0 F3963629BF281D5060F452CA32328A24 32CE8DD36EFFC35830185782AAD56B0E02188D76 C7C372028CA927F9410C218D7EF349A9 C4DB93799E4F4F06115D759FC6A66E6B4BAD0D8C D6A02ACE7B7D96B324CDA999D75A628B BCB0739665D572E02D8D3AA47FBCE28612B5B452 5FB2EA50CBEDCF78D77273F864639FF5 7E510455B86A6D7CD0A15AC075E0D495CFAEDB9C 5B1A2D08ACF474E83B1CBB858E1C01F0 326726A5A72A6D1AB84DAB9E80A347DD5F658D35 BDD325683A9145B02AC2094E1BA129F3 F89006536DE6FA3038613520D5A1B7DDE9AC0F7F FADD008CA6E661079638E7667BEBCA44 48DFBF60ED7543BDA8F54CADBF0F731748DE1EF7 CA1CD9D2B69A2191ED9D59AE621B2D67 A7C2FB17FC6682318AA29C34FF21D7981B700C80 30F0D67A6F275E81C4DCE16D96005B16 E67B3B23672DB9BCC5ECDF4898A7C16D03CE5194 B8C851450F14A450B3238C6509FF0B08 37E3F81FDCF0D626D0E68BA90848440AB20B217A FF3BC0EA40498A2D7D77B53B2AA03FF5 2E14787034368451A65B4270DF7696FDEBB2716E 785DF6C78BF4AD9074C395147765F0FE CF3AD6890297100EB34FCD93A391C20DA0652B51 6C5FEADF0AAFC48D1B0CB02B56B088B7 99C0CE2E18433C082DF23B5D6A83850B5337683C 42C0337A61DB1D450CA8409725D31D8A 6AC6B6706F0A1F37CACAC1B9A6F95B1EDEB85C3F 0088F93EEE6E07011CA3DBEC8F9F22BC 030891A861F33ED545EB6FED3CB780C970BE9BBD 115A48693F9A1951BCAFEBBC2106844F B582587B92EF291AC5C5E325DF11DECA929C8EDB 485F1139C404B0CDA24AE4DA1C9B37DF 0901DC248C71081E4E116A3D54509C3AED21D5CE 244C9F32C58F0EFFA7F4FF1F8C146D88 8D528D94ED0F2D9FD667B31526AA5F0AB8811DAD 55075F7295D41A49F3A68DE0991511BC 24 5C302C23D8770AD2404446A9A0FC0BA2C7C1B27B 7FB4ADAD08D2724556E55E261CDB60B0 D6AE8508500AA3F45D242AA77E803BE017C42FD7 3D2736AC217D3CE5F9121A10759D332E AA54F10E718C4CB247E0FED0CE85E95917B8CF5C 680284A51029914135ED4A7B9BBB97CA 1E7A7EE099FE83E6FCA327F24D73E0B023804250 9807130C5AFA2298C25045887403AFC0 87F7A0C8977BBA0F6968D3D5F61C4D885FAFC53A EA5A85BE59D9E97014AD8C2166AB96A2 228006CC29E5B3714380BC52B34C95F12CC5E1A3 03BF1331E79788E401CAB4AE2DD1DCDF 92043990D8AC7E6E27A4F3DB22F580E88016D5FF 550DF700563EF2F8A6C3D692EE91CEA5 7BCDA5E853C03DD685A94004648944CA17D44425 A06EBA29A2B3E2C58B60FF428C0F072F A5A821378C3530C4D0DA78B87B2012AC8134C4F6 BC175A25E9343DBC0526AA3F3AF75815 B568B3C7E3C8A3FCF2F0986CCC449A35D7AFCCF6 958E0A041B5096E5DBCEAE4F525DB158 5354CCF29A8E2685443ADC88CA25AC78A850B97C 75BBC0ABED5556132C083D2964022C58 EDA11C2981F1972B59B956A234A7557E45D8137D 884A532212773CCA9098DC8890557E0D 33B056076D39FB47D640DA6B0C43B84066F7DD42 9D2192FBAD00DABE7C55263D18C85F27 E63DD730223453DB85B977E8A2BF9AE397D32B7B 2AEE38B7006C2025EA8A4C3A3046EBAA 48C2784E238804B9930F29F77F4326ADC577664E 920F6E456935940F38B9CF9018E95E27 DD07F87DDD2069C6869746C7C82DA4A6BA64D9C2 A961CFCB8FAE61FD50CD26816C365C30 CF52375FF5FB41D31C5289111B3BFB8FBC4053FF 77AB22A5D83FB0500837F098BA801C42 206A8923B0E8D7F892912C3ED9166A0336F927FC 3BB6D7FA1ECD633BCC81B32F553D32BE D98E117917649ABC197AF14027B0BC4E36EB4317 B350E60DA13143377A5391FF6863A9BF 818658DAE6973860FF4DD56269F3CDDF8B7B0718 9AC2729C3E0776028DF5B9634D28E6D7 700BDFCC8D44FD35DEF57A4E44C2E5587114B9AA 727447DFE12CBB797CCC60C91FADC2AB 991BAD63D04D25FF879C39C71C4B6D11FEB6D505 83CFDA7537C0DC596461658A8D716107 33BDB3C41FC092417F7C1A3C40AE14F8F7F81DAE 229A849DA87EFDB8E4E15011F19F3390 E81A982EA29B5F13CD08A60DE37317B38B950B86 3654F62084C1A6E1483AD146A0860F4D 0 0 160B9E
$bhilly<~Controls.509~>165<~Controls.510~><~Game.2006~><~Controls.511~><~Controls.46~> null
$bhilly<~Controls.509~>206<~Controls.510~><~Game.2007~><~Controls.511~><~Controls.46~> null
$bhilly<~Controls.281~>427 426 <~Controls.282~><~Game.2038~><~Controls.283~><~Game.2042~> 47ED5D
$Vayze<~Controls.464~>BF376DD026D575CE134DAD5B97DF2DC52E69A0A2 BBCC80B00410BAD0F5F79617B86D7A0D 24 82EA893E18B998F792915EE722BA9526A7B75795 8A10760EEEA668CD4D693ED81D98D3EF 5A9A95109F4C7A3FB143B66980932E6307D9EB16 C71F7DDF428BAC85B81CBB2DCF641E34 5B7119B26127B89D16614A28D453DA070A8FDCD9 87594560D37D3CF1378383E1DA9A0BD9 0106DF8F6D85EEA9DEB1AD7074978C31F7ABDAAE E0A7BADA580E802FC2E9E803A0E69D3C 8A4E9078B12CE8D5FC393D4FA4ACFECA62B178F3 66CB7CD6A85AE36D6C9A7897344E7B1D 91D217EF80B0CC43A5329A6436837C9ADCCAAB8D F25A81EC240D4B50C46BEB6BE816F1F5 DC0F4AB2348949C38ACBADB8C9CF1CF2669521BA A57B6F04734E25947D6274AF24F0D7BA 8F5CE7E798F56EB9F3DF91BA54EC967339D91AF7 2C95B0ED749E2B65504925C779770F1D 9DA58EDC8BF8221435CCD6161C9825DB84B359B0 4586215470C8B4A320632A19F56925B8 B04FED38DCEB54191C9E7D752E59D245B69B822E 801D04258F66B51E5F9B0CFCB8162EBD 9B5DA3848B79D30CD29426D543DB782235EFFD49 4ADA88BC8DA88022B0D83BF7C7E6181B B6E33E66DAFFEF6CA21F9EFF2AA99A4BF5922CA9 273A4513AD514250CD5519D11F0E256F C18AC5CB4421D938550FA7A8C44C0461559502F7 3E166B8DED214644AB24D4970DBAC705 68F2BFA64EE1EF931483B6C3F556A041FF8E5F08 1AD5D9B77A1EB061DB3FE852BC509657 C6BF7CF66CD61BDF527FFE9769712E1E6B0C69E4 AE746AE1666D8C1C33CE326D0F96DCFB 241F2886AEC1111D82E72C1442492F471276735F 9AB0631597B85436AD7C9421B1C9AF5C DF5FC055BCB48A614A1CA89A4E63006AE0201FC1 ACC81307024C74B08E1245606912CD3B AB2DFC8E24DF38FAB731056C4FC7424EC51E1147 A8AB61421963334BCAA3893FB2CAA28D ABEA1B0763397D4EEF6AEAD6B49CF51834D6B0C1 4B8AFFB982590581A605B1398A82C96D FE1873AA3C8C60E4FD1C7A178025002DE90B831B 8D16051E08B3BC459F6950428ACA2A1F 5D834DAAECEA3DBEC3078D8A0243C5A414AB2769 27F35755D62EE3D18A42F447361C61A7 5249A7D355E7617B2A0DD4D29CF5A70693D4049A 5417ADD5E159A34BFCD717949673BDB1 130DCF8C9D40010E1C2170B55237D76FE074B3B0 DA2A5641A65494C3EB2B78DB056E14E8 332C6EFEDC4D2468B504A97B340E48615D99F1D4 4B1EBAC315C08F439516FDCA48023ECF 24 D1FB5D44E8051A65A67B0EB515CE5D9D60B76069 888388BDCC05C553A0BCBDABE12550C0 247D4A9AE36A0A10248FEB0FEC404F02F45F7AC0 866AABD4886FBC8D82C353F9A5F34DAF DF1D4C77FE05D43ECDD34D808B17E6D99BB8C1EA 54C6F3D1D8C12F7922E802BB8C278AC9 4C2954DBE157D857297DCC569B5D3E44715B66AB 5C9EB88B134EC5DABFDB7040C803955A D09724D034E8BCB0B2A7B14EDB7CA919461B4D16 E88F61A18BAF15DC118B03D818F37AF3 67EB424CA6F409C9C5E522F10B448E55D2C1518F E86359F402A83386AD33BADD5D7C9A36 28DF401E207D53AAAA8E103CBB9141992D5FE41A F2BC6D8F5CCF701FADEBB76F6D5BAD6F 4F3BC05DBFB59DA6803447C51C93B993AC58FC21 89216D4A960A91418F7FFC5F26D309DD 40174E8FAD193C21A604169B6077D12316EBAA90 A1E624ADF6FD494A5DCA32FBC68CDE31 01754C2506A890AF99A9D3BB04A7CAEF826E09B0 62BEF4E684EE0AEC0EEC49B17A987CE2 E1AF2C0DDAD4F1A2669DE376983EDC9ACA1FE406 2CEF45A7B8C6DCA32C0201F83463E890 D322330F9D71D9809BC90BA6A8E107C630BE3DED DB76900B7432F129B646E327C1B523DA D1444948DDC78A6024DC4AC21768C5709A60F48D 4B9E78013306734047B9AC031A113091 29F80690D32F7948FB22CEDD3197C3CA9C2B0B1B 1EC1337B836599AE77B6EDDEF9FBE974 8D6EDAEB07C38E8596B718D4495995F6EBA2B39D BC4D0BC2B05C229080214665AF15D3C6 CBFCC1E82D5A2D63D659F6297A503F0A34B82F26 9B41C16AC1E170322404F72D3402EA13 113F3262730A03C45F73BEAF8471CF8A4102E63A BFA509D2A870D57BCEC8130A7F830C8B 036568FF7A35788BEB7266196454B6CA05FD2C14 84CF8038B4B647BEF7728A3418545187 3E128F279BDC46BACA0A0E3912B6C0F42856BEE0 9B69BE3D49014B00CB79CCBCEA968C75 00A9FCB2E1E066F4CF40341D2CC62A2FCBD2C008 5189A185D3631E4C0B2958155DF00AFC 5EAB681B9EE9D2E900D18DDB32E2ADF27D258F8F 1754F231F8C8F4C134ACFC28A49CBCA7 4AD696AB6ADFE583EC8D6BA5D080B16525720C82 3EF939C10C6300BDE127B1AA5217CB4B 5364552FB25394D96C74ABDD81E190D1588D64CC 01047A0ACA2FE0C76D85790E3328297D D47BA42D6DAC351D91882EDBCBDE2630CE5A0374 C84978F03F83B5CADCD45934596956FC 0 0 FA3CF0
$Vayze<~Controls.509~>154<~Controls.510~><~Game.2004~><~Controls.511~><~Controls.45~> null
$Vayze<~Controls.509~>113<~Controls.510~><~Game.2005~><~Controls.511~><~Controls.45~> null
<Vayze> yeah i saw them 13F8B4
<Vayze> ituralde's video was cool too A90A3C
<Vayze> fsp good 76E996
$bhilly<~Controls.345~>105 104 103 102 101 100 099 <~Controls.346~>12 15 14 11 10 10 13 null
$bhilly<~Controls.350~>105 104 103 102 101 100 099 null
$Vayze<~Controls.345~>213 212 211 210 <~Controls.346~>4 3 1 1 null
<bhilly> what i learned was I should just be crowning aragorn way more often 676A09
<Vayze> pass 7F8394
$bhilly<~HighlightLabel.81~>101<~HighlightLabel.82~><~Game.2043~><~HighlightLabel.83~><~Game.2035~> 10A06D
$bhilly<~Scribe.141~>263 <~Scribe.142~><~Game.2002~><~Scribe.143~><~Game.2003~><~Scribe.144~> FD4D9C
$bhilly<~Controls.644~>101 <~Controls.645~><~Game.2035~> 733DC5
<Vayze> pass 023978
$bhilly<~HighlightLabel.81~>100<~HighlightLabel.82~><~Game.2043~><~HighlightLabel.83~><~Game.2035~> 9BB0E3
$bhilly<~Scribe.141~>254 360 <~Scribe.142~><~Game.2040~><~Scribe.143~><~Game.2037~><~Scribe.144~> 22F060
$bhilly<~Scribe.141~>254 <~Scribe.142~><~Game.2037~><~Scribe.143~><~Game.1919~><~Scribe.144~> BC7F72
$bhilly<~Controls.644~>100 360 <~Controls.645~><~Game.2035~> C41510
$Vayze<~Controls.271~>210<~Controls.272~><~Game.2042~><~Controls.273~><~Game.2035~> 819E16
$Vayze<~Controls.790~>248<~Controls.791~><~Game.2014~><~Controls.792~><~Game.2015~> B0EEC2
$Vayze<~Controls.795~>210<~Controls.796~><~Game.2035~><~Controls.797~><~Game.1997~> 546FD8
<game> bhilly<~Controls.1~> 4 null
$bhilly<~HighlightLabel.81~>103<~HighlightLabel.82~><~Game.2043~><~HighlightLabel.83~><~Game.2035~> D6DDA7
$bhilly<~Controls.509~>195<~Controls.510~><~Game.2007~><~Controls.511~><~Controls.46~> null
$bhilly<~Controls.644~>103 <~Controls.645~><~Game.2035~> 92238B
$Vayze<~Controls.271~>211<~Controls.272~><~Game.2042~><~Controls.273~><~Game.2035~> AE9ECF
$Vayze<~Controls.790~>248<~Controls.791~><~Game.2015~><~Controls.792~><~Game.2016~> 9DE615
$Vayze<~Controls.795~>211<~Controls.796~><~Game.2035~><~Controls.797~><~Game.1997~> 31C201
<game> bhilly<~Controls.1~> 3 null
$bhilly<~HighlightLabel.81~>105<~HighlightLabel.82~><~Game.2043~><~HighlightLabel.83~><~Game.2035~> 28B887
$bhilly<~Scribe.141~>039 036 029 028 027 026 <~Scribe.142~><~Game.1979~><~Scribe.143~><~Game.1977~><~Scribe.144~> 87B9BD
$bhilly<~Scribe.141~>055 049 048 047 <~Scribe.142~><~Game.1968~><~Scribe.143~><~Game.1946~><~Scribe.144~> 17C5EC
$bhilly<~Controls.644~>105 <~Controls.645~><~Game.2035~> 60DC84
$Vayze<~Controls.271~>213<~Controls.272~><~Game.2042~><~Controls.273~><~Game.2035~> E9C882
$Vayze<~Scribe.141~>073 072 <~Scribe.142~><~Game.1929~><~Scribe.143~><~Game.1925~><~Scribe.144~> F769DB
$Vayze<~Scribe.141~>065 <~Scribe.142~><~Game.1941~><~Scribe.143~><~Game.1957~><~Scribe.144~> 7195C8
$Vayze<~Controls.644~>213 <~Controls.645~><~Game.2035~> 158ACA
$bhilly<~HighlightLabel.81~>099<~HighlightLabel.82~><~Game.2043~><~HighlightLabel.83~><~Game.2035~> 2379BA
$bhilly<~Scribe.141~>039 036 029 028 027 026 <~Scribe.142~><~Game.1977~><~Scribe.143~><~Game.1974~><~Scribe.144~> 90C35B
$bhilly<~Controls.644~>099 <~Controls.645~><~Game.2035~> EE8A58
$Vayze<~Controls.271~>212<~Controls.272~><~Game.2042~><~Controls.273~><~Game.2035~> 939496
$Vayze<~Scribe.141~>256 <~Scribe.142~><~Game.2000~><~Scribe.143~><~Game.2001~><~Scribe.144~> 3A0AE8
$Vayze<~Controls.644~>212 <~Controls.645~><~Game.2035~> D9D897
$bhilly<~HighlightLabel.81~>102<~HighlightLabel.82~><~Game.2043~><~HighlightLabel.83~><~Game.2035~> 08DC61
$bhilly<~Scribe.141~>262 <~Scribe.142~><~Game.2002~><~Scribe.143~><~Game.2003~><~Scribe.144~> 7572BF
$bhilly<~Controls.644~>102 <~Controls.645~><~Game.2035~> 5F0F23
$Vayze<~Controls.726~>211 210 <~Controls.727~><~Game.1997~><~Controls.728~><~Game.2042~> 56E36C
$Vayze<~Controls.731~>212 213 <~Controls.732~><~Game.2039~><~Controls.733~><~Game.2042~> 9FCB23
$Vayze<~Controls.509~>139<~Controls.510~><~Game.2004~><~Controls.511~><~Controls.45~> null
$Vayze<~Controls.509~>119<~Controls.510~><~Game.2005~><~Controls.511~><~Controls.45~> null
$bhilly<~Controls.757~>104 <~Controls.758~><~Game.1997~><~Controls.759~><~Game.2043~> B55E0A
<~Game.7~>2 null
$bhilly<~Controls.762~>102 099 105 103 100 360 101 <~Controls.763~><~Game.2041~><~Controls.764~><~Game.2043~> 21E8A8
$bhilly<~Controls.509~>203<~Controls.510~><~Game.2006~><~Controls.511~><~Controls.46~> null
$bhilly<~Controls.509~>199<~Controls.510~><~Game.2007~><~Controls.511~><~Controls.46~> null
<Vayze> fsp good 4AB4E7
$bhilly<~Controls.372~>102 B6EB69
$bhilly<~Controls.345~>099 105 103 100 360 101 104 <~Controls.346~>14 10 10 14 11 11 14 null
$bhilly<~Controls.350~>099 105 103 100 360 101 104 null
$Vayze<~Controls.345~>212 213 211 210 <~Controls.346~>1 0 0 1 null
$Vayze<~Controls.271~>210<~Controls.272~><~Game.2042~><~Controls.273~><~Game.2035~> 30ABD6
$Vayze<~Controls.790~>248<~Controls.791~><~Game.2016~><~Controls.792~><~Game.2017~> 62E07C
$Vayze<~Controls.795~>210<~Controls.796~><~Game.2035~><~Controls.797~><~Game.1997~> 43AD06
<game> bhilly<~Controls.1~> 5 null
$bhilly<~HighlightLabel.81~>105<~HighlightLabel.82~><~Game.2043~><~HighlightLabel.83~><~Game.2035~> 98E53A
$bhilly<~Scribe.141~>325 <~Scribe.142~><~Game.2040~><~Scribe.143~><~Game.1910~><~Scribe.144~> 440453
$bhilly<~Controls.644~>105 <~Controls.645~><~Game.2035~> 033F53
$Vayze<~Controls.271~>212<~Controls.272~><~Game.2042~><~Controls.273~><~Game.2035~> 53EB4B
$Vayze<~Controls.790~>248<~Controls.791~><~Game.2017~><~Controls.792~><~Game.2018~> 07324C
$Vayze<~Controls.795~>212<~Controls.796~><~Game.2035~><~Controls.797~><~Game.1997~> 1E06D5
<game> bhilly<~Controls.1~> 6 null
$bhilly<~Controls.624~>222<~Controls.625~><~Game.2044~><~Controls.626~><~Game.2037~> null
$Vayze<~Scribe.141~>240 <~Scribe.142~><~Game.1999~><~Scribe.143~><~Game.2037~><~Scribe.144~> 7438DA
$Vayze<~Scribe.141~>241 <~Scribe.142~><~Game.1998~><~Scribe.143~><~Game.1999~><~Scribe.144~> 88B11C
$Vayze<~Scribe.141~>247 <~Scribe.142~><~Game.1911~><~Scribe.143~><~Game.1927~><~Scribe.144~> 221EDE
$Vayze<~Controls.323~>247 10EF3D
$Vayze<~Scribe.141~>222 240 <~Scribe.142~><~Game.2037~><~Scribe.143~><~Game.2036~><~Scribe.144~> 68158D
$bhilly<~Controls.624~>227<~Controls.625~><~Game.2044~><~Controls.626~><~Game.2037~> null
<Vayze> random 285617
$bhilly<~Controls.637~>246<~Controls.638~><~Game.1998~><~Controls.639~><~Game.2037~> null
$Vayze<~Scribe.141~>252 <~Scribe.142~><~Game.2014~><~Scribe.143~><~Game.2016~><~Scribe.144~> F691E6
$Vayze<~Scribe.141~>246 <~Scribe.142~><~Game.2037~><~Scribe.143~><~Game.1928~><~Scribe.144~> C8C1AB
$Vayze<~Controls.644~>222 240 227 <~Controls.645~><~Game.2035~> CBDA83
$bhilly<~HighlightLabel.81~>103<~HighlightLabel.82~><~Game.2043~><~HighlightLabel.83~><~Game.2035~> 1A53CD
$bhilly<~Scribe.141~>323 <~Scribe.142~><~Game.2040~><~Scribe.143~><~Game.1910~><~Scribe.144~> 75E6DA
$bhilly<~Controls.644~>103 <~Controls.645~><~Game.2035~> 8D826A
<Vayze> pass 74D850
$bhilly<~HighlightLabel.81~>100<~HighlightLabel.82~><~Game.2043~><~HighlightLabel.83~><~Game.2035~> 293353
$bhilly<~Scribe.141~>reveal 206 AF87275DE32C4251AABB934814942CFE590088A2 12 <~Scribe.142~><~Controls.46~><~Scribe.143~><~Game.2036~><~Scribe.144~> CD48E5
$bhilly<~Scribe.141~>reveal 206 AF87275DE32C4251AABB934814942CFE590088A2 12 <~Scribe.142~><~Controls.46~><~Scribe.143~><~Game.2036~><~Scribe.144~> C4BFF2
$bhilly<~Scribe.141~>reveal 206 AF87275DE32C4251AABB934814942CFE590088A2 12 <~Scribe.142~><~Controls.46~><~Scribe.143~><~Game.2036~><~Scribe.144~> DAB16C
<bhilly> SURPRISE 09B34F
<bhilly> YOU NEVER SAW IT COMING 291004
$bhilly<~Scribe.141~>331 332 <~Scribe.142~><~Game.2040~><~Scribe.143~><~Game.1906~><~Scribe.144~> 40AA81
$bhilly<~Scribe.141~>323 325 001 <~Scribe.142~><~Game.1910~><~Scribe.143~><~Game.1906~><~Scribe.144~> 9E0763
$bhilly<~Scribe.141~>000 <~Scribe.142~><~Game.1914~><~Scribe.143~><~Game.1906~><~Scribe.144~> B6F0E1
$bhilly<~Controls.644~>100 206 <~Controls.645~><~Game.2035~> 9F2D80
<Vayze> pass 02EACB
$bhilly<~HighlightLabel.81~>101<~HighlightLabel.82~><~Game.2043~><~HighlightLabel.83~><~Game.2035~> DECCF2
$bhilly<~Scribe.141~>323 325 000 001 331 332 <~Scribe.142~><~Game.1906~><~Scribe.143~><~Game.1908~><~Scribe.144~> 0C2AF1
$bhilly<~Scribe.141~>008 007 <~Scribe.142~><~Game.1917~><~Scribe.143~><~Game.1927~><~Scribe.144~> D7AF1C
$bhilly<~Controls.644~>101 <~Controls.645~><~Game.2035~> B87F9D
<Vayze> pass 8B22FB
$bhilly<~HighlightLabel.81~>104<~HighlightLabel.82~><~Game.2043~><~HighlightLabel.83~><~Game.2035~> 74F2FE
$bhilly<~Scribe.141~>reveal 195 59AB8271F584523BE72AC8B11F4E6661AFEFB998 1 <~Scribe.142~><~Controls.46~><~Scribe.143~><~Game.2036~><~Scribe.144~> C9A59F
$bhilly<~Scribe.141~>040 035 015 014 013 012 011 <~Scribe.142~><~Game.1956~><~Scribe.143~><~Game.1927~><~Scribe.144~> EBAE85
$bhilly<~Scribe.141~>056 052 051 050 <~Scribe.142~><~Game.1986~><~Scribe.143~><~Game.1987~><~Scribe.144~> 0C0EB5
$bhilly<~Controls.644~>104 195 <~Controls.645~><~Game.2035~> BE883C
$Vayze<~Controls.271~>211<~Controls.272~><~Game.2042~><~Controls.273~><~Game.2035~> D6FA69
$Vayze<~Scribe.141~>240 <~Scribe.142~><~Game.2039~><~Scribe.143~><~Game.1887~><~Scribe.144~> 43C87D
$Vayze<~Controls.323~>240 517132
$Vayze<~Scribe.141~>358 <~Scribe.142~><~Game.2038~><~Scribe.143~><~Game.2037~><~Scribe.144~> 35482E
$Vayze<~Controls.644~>211 358 <~Controls.645~><~Game.2035~> 47CEF8
$bhilly<~HighlightLabel.81~>360<~HighlightLabel.82~><~Game.2043~><~HighlightLabel.83~><~Game.2035~> 3E4B17
<bhilly> rivendell 2DD629
$Vayze<~Scribe.141~>096 091 090 <~Scribe.142~><~Game.1911~><~Scribe.143~><~Game.1990~><~Scribe.144~> 9536C0
$bhilly<~Scribe.141~>323 325 000 001 331 332 <~Scribe.142~><~Game.1908~><~Scribe.143~><~Game.1911~><~Scribe.144~> 2EA92B
$bhilly<~Controls.644~>360 <~Controls.645~><~Game.2035~> 596B87
$Vayze<~Scribe.141~>256 <~Scribe.142~><~Game.2001~><~Scribe.143~><~Game.2002~><~Scribe.144~> D2A35E
$Vayze<~Controls.271~>426<~Controls.272~><~Game.2042~><~Controls.273~><~Game.2035~> 30072D
$Vayze<~Scribe.141~>256 <~Scribe.142~><~Game.2002~><~Scribe.143~><~Game.2003~><~Scribe.144~> 5B7EB0
$Vayze<~Controls.644~>426 <~Controls.645~><~Game.2035~> 720919
$bhilly<~HighlightLabel.81~>099<~HighlightLabel.82~><~Game.2043~><~HighlightLabel.83~><~Game.2035~> A1D150
$bhilly<~Scribe.141~>reveal 203 9B77922EDFAF40106BBCDEA9C72D17D22DCF313F 2 <~Scribe.142~><~Controls.46~><~Scribe.143~><~Game.2036~><~Scribe.144~> 80CC43
$bhilly<~Scribe.141~>038 039 <~Scribe.142~><~Game.1974~><~Scribe.143~><~Game.1927~><~Scribe.144~> DD35F0
$bhilly<~Scribe.141~>037 <~Scribe.142~><~Game.1969~><~Scribe.143~><~Game.1927~><~Scribe.144~> F4649A
<bhilly> lorielorien 36A643
$Vayze<~Scribe.141~>246 097 093 092 087 <~Scribe.142~><~Game.1928~><~Scribe.143~><~Game.1992~><~Scribe.144~> BFECEE
$bhilly<~Scribe.141~>038 039 040 035 015 014 013 012 011 008 007 <~Scribe.142~><~Game.1927~><~Scribe.143~><~Game.1928~><~Scribe.144~> 3E9BF2
$bhilly<~Controls.644~>099 203 <~Controls.645~><~Game.2035~> 8FA6B9
$Vayze<~Controls.271~>213<~Controls.272~><~Game.2042~><~Controls.273~><~Game.2035~> B3B9B1
$Vayze<~Controls.323~>247 B8DC9D
$Vayze<~Controls.644~>213 <~Controls.645~><~Game.2035~> 65CEB7
$bhilly<~Controls.726~>212 210 <~Controls.727~><~Game.1997~><~Controls.728~><~Game.2042~> 40D0EA
$bhilly<~Controls.731~>213 211 358 <~Controls.732~><~Game.2039~><~Controls.733~><~Game.2042~> ABFB07
$bhilly<~Controls.757~>102 <~Controls.758~><~Game.1997~><~Controls.759~><~Game.2043~> 6C6F42
<~Game.7~>3 null
$bhilly<~Controls.762~>099 360 104 101 100 103 105 <~Controls.763~><~Game.2041~><~Controls.764~><~Game.2043~> 4EA972
$bhilly<~Controls.509~>182<~Controls.510~><~Game.2006~><~Controls.511~><~Controls.46~> null
$bhilly<~Controls.509~>178<~Controls.510~><~Game.2007~><~Controls.511~><~Controls.46~> null
$Vayze<~Controls.509~>148<~Controls.510~><~Game.2004~><~Controls.511~><~Controls.45~> null
$Vayze<~Controls.509~>114<~Controls.510~><~Game.2005~><~Controls.511~><~Controls.45~> null
$bhilly<~Controls.372~>099 CF76FE
<Vayze> fsp good E92590
$bhilly<~Controls.345~>360 104 101 100 103 105 102 <~Controls.346~>15 11 13 10 12 14 10 null
$bhilly<~Controls.350~>360 104 101 100 103 105 102 null
$Vayze<~Controls.345~>213 211 358 212 210 <~Controls.346~>1 3 0 3 1 null
$Vayze<~Controls.271~>210<~Controls.272~><~Game.2042~><~Controls.273~><~Game.2035~> 8FC295
$Vayze<~Controls.790~>248<~Controls.791~><~Game.2014~><~Controls.792~><~Game.2015~> 2E56F6
$Vayze<~Controls.795~>210<~Controls.796~><~Game.2035~><~Controls.797~><~Game.1997~> A95F05
<game> bhilly<~Controls.1~> 1 4 null
<game> bhilly<~Controls.1~> 5 null
$bhilly<~HighlightLabel.81~>102<~HighlightLabel.82~><~Game.2043~><~HighlightLabel.83~><~Game.2035~> CA89AA
$bhilly<~Scribe.141~>253 361 <~Scribe.142~><~Game.2040~><~Scribe.143~><~Game.2037~><~Scribe.144~> 93AD8B
$bhilly<~Scribe.141~>253 <~Scribe.142~><~Game.2037~><~Scribe.143~><~Game.1928~><~Scribe.144~> 96D8FA
$bhilly<~Controls.323~>259 258 257 3FE984
$bhilly<~Controls.323~>260 0104A0
$bhilly<~Controls.644~>102 361 <~Controls.645~><~Game.2035~> 5A428D
<Vayze> pass 3088A2
$bhilly<~HighlightLabel.81~>103<~HighlightLabel.82~><~Game.2043~><~HighlightLabel.83~><~Game.2035~> 5854A2
<bhilly> lorien 9D4878
$bhilly<~Controls.840~>178 41F2A1
$Vayze<~Controls.840~>114 67DF1E
<auto> playchosen E51BF6
<auto><~Controls.3~>reveal 114 50430B045B7993382F3D44A9129CA337FAB53628 9<~Controls.884~><~Controls.45~><~Controls.885~><~Game.2037~> 162440
<auto><~Controls.866~>reveal 178 303215492FC2AC6D4420453FA76C78DB1DD2C543 2<~Controls.867~><~Controls.46~><~Controls.868~><~Game.2036~> 7937C2
<auto> playchosen D6BD5C
<game> bhilly<~Controls.1~> 6 3 3 4 4 null
<game> bhilly<~Controls.1~> 5 4 1 1 null
<bhilly> 1 464A2D
<game> Vayze<~Controls.1~> 2 5 2 null
<game> Vayze<~Controls.1~> 5 2 null
<Vayze> 2 7BA698
$Vayze<~Controls.304~>092 <~Controls.305~><~Game.1992~> 6FFFED
$Vayze<~Controls.313~>269 <~Controls.307~><~Controls.314~><~Game.1992~> 48120E
$bhilly<~Scribe.141~>008 007 <~Scribe.142~><~Game.1928~><~Scribe.143~><~Game.2037~><~Scribe.144~> 2D3D0F
<bhilly> stop draw BC7C14
$bhilly<~Controls.509~>164<~Controls.510~><~Game.2007~><~Controls.511~><~Controls.46~> null
$bhilly<~Controls.644~>103 178 114 008 007 <~Controls.645~><~Game.2035~> 948E01
$Vayze<~Controls.271~>213<~Controls.272~><~Game.2042~><~Controls.273~><~Game.2035~> 8FBB41
$Vayze<~Scribe.141~>241 <~Scribe.142~><~Game.1999~><~Scribe.143~><~Game.1930~><~Scribe.144~> EAB210
$Vayze<~Scribe.141~>241 <~Scribe.142~><~Game.1930~><~Scribe.143~><~Game.1937~><~Scribe.144~> 743009
$Vayze<~Scribe.141~>241 <~Scribe.142~><~Game.1937~><~Scribe.143~><~Game.1942~><~Scribe.144~> F32DF1
$Vayze<~Scribe.141~>241 <~Scribe.142~><~Game.1942~><~Scribe.143~><~Game.1944~><~Scribe.144~> 8190BE
<bhilly> exciting 01673D
$Vayze<~Controls.644~>213 <~Controls.645~><~Game.2035~> 48EAEA
$Vayze<~Scribe.141~>242 <~Scribe.142~><~Game.1998~><~Scribe.143~><~Game.1999~><~Scribe.144~> 049140
$bhilly<~HighlightLabel.81~>104<~HighlightLabel.82~><~Game.2043~><~HighlightLabel.83~><~Game.2035~> 4E3CEA
<bhilly> lorien 2B7CD9
$bhilly<~Controls.840~>165 8EB1E3
$Vayze<~Controls.840~>139 1496DA
<auto> playchosen 318CFC
<auto><~Controls.3~>reveal 139 7ADE746B968710C1E3246C9AAA67688200ACE07C 11<~Controls.884~><~Controls.45~><~Controls.885~><~Game.2037~> 96BF99
<auto><~Controls.866~>reveal 165 F986F06E180B5C19CC28E5A36A177F26EE66D036 23<~Controls.867~><~Controls.46~><~Controls.868~><~Game.2036~> 07B0E8
<auto> playchosen DB7E3B
<bhilly> pre F56E6F
<game> bhilly<~Controls.1~> 3 2 4 null
<bhilly> 1 476CB8
$Vayze<~Controls.304~>093 <~Controls.305~><~Game.1992~> 0CBB63
$Vayze<~Controls.313~>268 <~Controls.307~><~Controls.314~><~Game.1992~> 6FBC33
<game> bhilly<~Controls.1~> 3 2 3 4 2 null
<game> bhilly<~Controls.1~> 1 4 2 2 6 null
<bhilly> 1 666A38
<game> Vayze<~Controls.1~> 2 3 3 null
<game> Vayze<~Controls.1~> 1 1 null
$Vayze<~Scribe.141~>097 <~Scribe.142~><~Game.1992~><~Scribe.143~><~Game.2037~><~Scribe.144~> 6B55EC
<bhilly> stop draw 7CB034
$bhilly<~Controls.509~>202<~Controls.510~><~Game.2006~><~Controls.511~><~Controls.46~> null
$bhilly<~Controls.644~>104 165 139 097 <~Controls.645~><~Game.2035~> 24D3B5
$Vayze<~Controls.271~>358<~Controls.272~><~Game.2042~><~Controls.273~><~Game.2035~> 196081
$Vayze<~Controls.323~>241 3602CC
$Vayze<~Scribe.141~>359 <~Scribe.142~><~Game.2038~><~Scribe.143~><~Game.2037~><~Scribe.144~> 8C6260
$Vayze<~Controls.644~>358 359 <~Controls.645~><~Game.2035~> 15E9DE
$bhilly<~HighlightLabel.81~>101<~HighlightLabel.82~><~Game.2043~><~HighlightLabel.83~><~Game.2035~> CE78FE
<bhilly> lorien A0032C
$bhilly<~Controls.840~>164 CCA6D2
<Vayze> nc 9CDF48
<auto> playchosen 006429
<auto><~Controls.866~>reveal 164 3BAA803CD8D04B4FC46CFE9532B48871140343BD 18<~Controls.867~><~Controls.46~><~Controls.868~><~Game.2036~> 7F30D9
<game> bhilly<~Controls.1~> 6 4 5 2 2 null
<game> bhilly<~Controls.1~> 5 1 6 2 null
<bhilly> 3 CC78E2
<game> Vayze<~Controls.1~> 6 6 3 null
<game> Vayze<~Controls.1~> 5 null
<Vayze> 3 6413C3
$bhilly<~Scribe.141~>035 011 <~Scribe.142~><~Game.1928~><~Scribe.143~><~Game.2037~><~Scribe.144~> 76D2E4
$Vayze<~Controls.296~>246 268 269 087 <~Controls.297~><~Game.1992~> 1EEE67
$bhilly<~Scribe.141~>423 <~Scribe.142~><~Game.27~><~Scribe.143~><~Game.29~><~Scribe.144~> 583E3F
$bhilly<~Controls.509~>187<~Controls.510~><~Game.2007~><~Controls.511~><~Controls.46~> null
$bhilly<~Controls.644~>101 164 035 011 <~Controls.645~><~Game.2035~> 927029
$Vayze<~Controls.271~>212<~Controls.272~><~Game.2042~><~Controls.273~><~Game.2035~> A39316
$Vayze<~CardBuffet.9~>reveal 113 26BDC2C0C5CE6B98ADDEFFC60A5E060A6E2C51EC 16<~CardBuffet.10~><~Controls.45~><~CardBuffet.11~> F9156D
$Vayze<~Scribe.141~>240 <~Scribe.142~><~Game.1887~><~Scribe.143~><~Game.1889~><~Scribe.144~> 718F68
$Vayze<~Scribe.141~>240 <~Scribe.142~><~Game.1889~><~Scribe.143~><~Game.1890~><~Scribe.144~> 2098F9
$Vayze<~Scribe.141~>240 <~Scribe.142~><~Game.1890~><~Scribe.143~><~Game.1897~><~Scribe.144~> 6A5072
$Vayze<~Scribe.141~>240 <~Scribe.142~><~Game.1897~><~Scribe.143~><~Game.1902~><~Scribe.144~> EFBDD8
$Vayze<~Scribe.141~>241 <~Scribe.142~><~Game.1944~><~Scribe.143~><~Game.1942~><~Scribe.144~> 2D6147
$Vayze<~Scribe.141~>241 <~Scribe.142~><~Game.1942~><~Scribe.143~><~Game.1933~><~Scribe.144~> 5DE39D
$Vayze<~Scribe.141~>241 <~Scribe.142~><~Game.1933~><~Scribe.143~><~Game.1925~><~Scribe.144~> 42E64A
$Vayze<~Scribe.141~>258 <~Scribe.142~><~Game.2000~><~Scribe.143~><~Game.2003~><~Scribe.144~> 5AE925
$Vayze<~Controls.644~>212 113 <~Controls.645~><~Game.2035~> FCC96A
$bhilly<~HighlightLabel.81~>105<~HighlightLabel.82~><~Game.2043~><~HighlightLabel.83~><~Game.2035~> 7E6EFE
$bhilly<~Scribe.141~>reveal 202 5AE0422BADA416911BEFC91B2BC9164705F942A7 8 <~Scribe.142~><~Controls.46~><~Scribe.143~><~Game.2034~><~Scribe.144~> B4FF6B
$bhilly<~Scribe.141~>253 040 039 038 <~Scribe.142~><~Game.1928~><~Scribe.143~><~Game.1911~><~Scribe.144~> 58CA33
$bhilly<~Scribe.141~>037 <~Scribe.142~><~Game.1927~><~Scribe.143~><~Game.1974~><~Scribe.144~> A6EA83
$bhilly<~Scribe.141~>038 <~Scribe.142~><~Game.1911~><~Scribe.143~><~Game.1946~><~Scribe.144~> 876401
<bhilly> riv 5597D0
$bhilly<~Controls.840~>199 86D390
<Vayze> nc C27126
<auto> playchosen 023A1A
<auto><~Controls.866~>reveal 199 33B915152885C29D32064A7AE60B74EA7CADB2CB 22<~Controls.867~><~Controls.46~><~Controls.868~><~Game.2036~> AFBBAC
<game> bhilly<~Controls.1~> 1 3 3 1 1 null
<game> bhilly<~Controls.1~> 6 1 6 4 4 null
<bhilly> 2 550A70
<game> Vayze<~Controls.1~> 1 2 null
<game> Vayze<~Controls.1~> 4 null
<bhilly> press draw 5A3507
$Vayze<~Controls.304~>090 091 <~Controls.305~><~Game.1990~> BB7F85
$Vayze<~Controls.313~>269 268 <~Controls.308~><~Controls.314~><~Game.1990~> 66A49F
$bhilly<~Controls.304~>325 <~Controls.305~><~Game.1911~> 42D2EB
$bhilly<~Controls.313~>330 <~Controls.307~><~Controls.314~><~Game.1911~> BC0D12
$bhilly<~Controls.509~>176<~Controls.510~><~Game.2007~><~Controls.511~><~Controls.46~> null
$bhilly<~Controls.662~>199 <~Controls.663~><~Game.2035~> 4A3108
<bhilly> nc B9F8F2
<Vayze> nc D2B7A0
<game> bhilly<~Controls.1~> 1 1 3 2 1 null
<game> bhilly<~Controls.1~> 1 4 3 2 5 null
<game> Vayze<~Controls.1~> 6 2 null
<game> Vayze<~Controls.1~> 1 null
<Vayze> 1 788F38
$bhilly<~Scribe.141~>323 <~Scribe.142~><~Game.1911~><~Scribe.143~><~Game.2037~><~Scribe.144~> 7613D6
<bhilly> press 25B7A8
$bhilly<~Controls.662~>323 <~Controls.663~><~Game.2035~> 9F88D0
<bhilly> nc 363F88
<Vayze> nc B4C6C9
<game> bhilly<~Controls.1~> 6 6 1 2 3 null
<bhilly> 2 500625
<game> Vayze<~Controls.1~> 4 null
<game> Vayze<~Controls.1~> 1 null
<game> Vayze<~Controls.1~> 6 null
<Vayze> 1 4F11D9
$bhilly<~Scribe.141~>332 <~Scribe.142~><~Game.1911~><~Scribe.143~><~Game.2037~><~Scribe.144~> 8E40D3
$Vayze<~Controls.296~>096 269 268 <~Controls.297~><~Game.1990~> E8E76F
$bhilly<~Scribe.141~>423 <~Scribe.142~><~Game.29~><~Scribe.143~><~Game.31~><~Scribe.144~> 9D67CB
$bhilly<~Scribe.141~>202 <~Scribe.142~><~Game.2034~><~Scribe.143~><~Game.2037~><~Scribe.144~> 062F93
$bhilly<~Controls.644~>105 202 332 <~Controls.645~><~Game.2035~> 82104E
$Vayze<~Controls.271~>211<~Controls.272~><~Game.2042~><~Controls.273~><~Game.2035~> 7BF441
$Vayze<~Scribe.141~>302 <~Scribe.142~><~Game.2038~><~Scribe.143~><~Game.1970~><~Scribe.144~> 0D8D47
$Vayze<~Controls.644~>211 <~Controls.645~><~Game.2035~> 4ABC09
$bhilly<~HighlightLabel.81~>100<~HighlightLabel.82~><~Game.2043~><~HighlightLabel.83~><~Game.2035~> 44C748
$bhilly<~Scribe.141~>344 <~Scribe.142~><~Game.2040~><~Scribe.143~><~Game.1956~><~Scribe.144~> 8E7C91
$bhilly<~Scribe.141~>343 <~Scribe.142~><~Game.2040~><~Scribe.143~><~Game.1917~><~Scribe.144~> 284849
$bhilly<~Controls.644~>100 <~Controls.645~><~Game.2035~> 433D50
$bhilly<~Controls.726~>210 <~Controls.727~><~Game.1997~><~Controls.728~><~Game.2042~> 1EB8F1
$bhilly<~Controls.731~>211 212 358 359 213 <~Controls.732~><~Game.2039~><~Controls.733~><~Game.2042~> 9EF4E9
$bhilly<~Controls.757~>360 099 <~Controls.758~><~Game.1997~><~Controls.759~><~Game.2043~> 7515B7
<~Game.7~>4 null
$bhilly<~Controls.762~>100 105 101 104 103 102 361 <~Controls.763~><~Game.2041~><~Controls.764~><~Game.2043~> 4E2C4F
$bhilly<~Controls.509~>173<~Controls.510~><~Game.2006~><~Controls.511~><~Controls.46~> null
$bhilly<~Controls.509~>196<~Controls.510~><~Game.2007~><~Controls.511~><~Controls.46~> null
$Vayze<~Controls.509~>109<~Controls.510~><~Game.2004~><~Controls.511~><~Controls.45~> null
$Vayze<~Controls.509~>143<~Controls.510~><~Game.2005~><~Controls.511~><~Controls.45~> null
$bhilly<~Controls.372~>100 2FAA47
<Vayze> fsp good 9A9CB8
$bhilly<~Controls.345~>105 101 104 103 102 361 360 099 <~Controls.346~>14 11 13 12 11 10 13 13 null
$bhilly<~Controls.350~>105 101 104 103 102 361 360 099 null
$Vayze<~Controls.345~>211 212 358 359 213 210 <~Controls.346~>4 3 1 1 1 0 null
$Vayze<~Controls.271~>359<~Controls.272~><~Game.2042~><~Controls.273~><~Game.2035~> 64CEE0
$Vayze<~Controls.790~>248<~Controls.791~><~Game.2015~><~Controls.792~><~Game.2016~> D423D5
$Vayze<~Controls.795~>359<~Controls.796~><~Game.2035~><~Controls.797~><~Game.1997~> 0E4455
<game> bhilly<~Controls.1~> 4 null
$bhilly<~HighlightLabel.81~>102<~HighlightLabel.82~><~Game.2043~><~HighlightLabel.83~><~Game.2035~> 01C574
$bhilly<~Scribe.141~>037 036 029 028 027 026 025 024 023 022 021 <~Scribe.142~><~Game.1974~><~Scribe.143~><~Game.1976~><~Scribe.144~> C551D8
$bhilly<~Scribe.141~>015 014 013 <~Scribe.142~><~Game.1928~><~Scribe.143~><~Game.1927~><~Scribe.144~> F04F8E
$bhilly<~Controls.644~>102 <~Controls.645~><~Game.2035~> 9767C0
$Vayze<~Controls.271~>213<~Controls.272~><~Game.2042~><~Controls.273~><~Game.2035~> 9D826E
$Vayze<~Controls.790~>248<~Controls.791~><~Game.2016~><~Controls.792~><~Game.2017~> 5F7F02
$Vayze<~Controls.795~>213<~Controls.796~><~Game.2035~><~Controls.797~><~Game.1997~> 8E7149
<game> bhilly<~Controls.1~> 2 null
<game> bhilly<~Controls.1~> 6 null
$bhilly<~Controls.624~>224<~Controls.625~><~Game.2044~><~Controls.626~><~Game.2037~> null
$Vayze<~Scribe.141~>252 <~Scribe.142~><~Game.2016~><~Scribe.143~><~Game.2017~><~Scribe.144~> C1E628
$Vayze<~Controls.644~>224 <~Controls.645~><~Game.2035~> C76FAB
$bhilly<~HighlightLabel.81~>361<~HighlightLabel.82~><~Game.2043~><~HighlightLabel.83~><~Game.2035~> 815295
$bhilly<~Scribe.141~>261 <~Scribe.142~><~Game.2001~><~Scribe.143~><~Game.2002~><~Scribe.144~> E0D4F1
$bhilly<~Controls.644~>361 <~Controls.645~><~Game.2035~> E7E1DB
$Vayze<~Controls.271~>358<~Controls.272~><~Game.2042~><~Controls.273~><~Game.2035~> E7ADC4
$Vayze<~Controls.790~>248<~Controls.791~><~Game.2017~><~Controls.792~><~Game.2018~> 646ECF
$Vayze<~Controls.795~>358<~Controls.796~><~Game.2035~><~Controls.797~><~Game.1997~> EE3B32
<game> bhilly<~Controls.1~> 5 null
$bhilly<~Controls.624~>229<~Controls.625~><~Game.2044~><~Controls.626~><~Game.2037~> null
<Vayze> random 10D504
$bhilly<~Controls.637~>242<~Controls.638~><~Game.1999~><~Controls.639~><~Game.2036~> null
$Vayze<~Scribe.141~>252 <~Scribe.142~><~Game.2017~><~Scribe.143~><~Game.2018~><~Scribe.144~> D097B1
$Vayze<~Controls.644~>242 229 <~Controls.645~><~Game.2035~> D87239
$bhilly<~HighlightLabel.81~>103<~HighlightLabel.82~><~Game.2043~><~HighlightLabel.83~><~Game.2035~> 599EA5
$bhilly<~Scribe.141~>038 055 057 049 048 047 046 045 044 <~Scribe.142~><~Game.1946~><~Scribe.143~><~Game.1938~><~Scribe.144~> E299C2
$bhilly<~Scribe.141~>037 036 029 028 027 026 025 024 023 022 021 <~Scribe.142~><~Game.1976~><~Scribe.143~><~Game.1967~><~Scribe.144~> 3D4708
$bhilly<~Controls.644~>103 <~Controls.645~><~Game.2035~> C0093A
$Vayze<~Scribe.141~>243 <~Scribe.142~><~Game.1998~><~Scribe.143~><~Game.1999~><~Scribe.144~> 4A2C6E
$Vayze<~Controls.271~>210<~Controls.272~><~Game.2042~><~Controls.273~><~Game.2035~> 9B230A
$Vayze<~Controls.790~>248<~Controls.791~><~Game.2018~><~Controls.792~><~Game.2019~> AE1DD2
$Vayze<~Controls.795~>210<~Controls.796~><~Game.2035~><~Controls.797~><~Game.1997~> E84BD7
<game> bhilly<~Controls.1~> 4 null
$bhilly<~Controls.624~>218<~Controls.625~><~Game.2044~><~Controls.626~><~Game.2037~> null
$Vayze<~Scribe.141~>243 <~Scribe.142~><~Game.1999~><~Scribe.143~><~Game.2037~><~Scribe.144~> AB17C5
$Vayze<~Scribe.141~>244 <~Scribe.142~><~Game.1998~><~Scribe.143~><~Game.1999~><~Scribe.144~> 7FB576
$Vayze<~Scribe.141~>247 <~Scribe.142~><~Game.1927~><~Scribe.143~><~Game.1930~><~Scribe.144~> 59AF76
$Vayze<~Scribe.141~>247 <~Scribe.142~><~Game.1930~><~Scribe.143~><~Game.1937~><~Scribe.144~> C9128F
$Vayze<~Scribe.141~>247 <~Scribe.142~><~Game.1937~><~Scribe.143~><~Game.1948~><~Scribe.144~> 38EFDD
$Vayze<~Scribe.141~>247 <~Scribe.142~><~Game.1948~><~Scribe.143~><~Game.1959~><~Scribe.144~> 5B829D
$Vayze<~Scribe.141~>247 <~Scribe.142~><~Game.1959~><~Scribe.143~><~Game.1964~><~Scribe.144~> 0ECEA5
$Vayze<~Controls.323~>247 5619D5
$Vayze<~Controls.644~>218 243 <~Controls.645~><~Game.2035~> 053CEF
$bhilly<~HighlightLabel.81~>101<~HighlightLabel.82~><~Game.2043~><~HighlightLabel.83~><~Game.2035~> DF5DFF
$bhilly<~Scribe.141~>253 040 039 330 000 001 <~Scribe.142~><~Game.1911~><~Scribe.143~><~Game.1908~><~Scribe.144~> 3C15CF
$bhilly<~Scribe.141~>037 036 029 028 027 026 025 024 023 022 021 <~Scribe.142~><~Game.1967~><~Scribe.143~><~Game.1948~><~Scribe.144~> 57297C
$bhilly<~Scribe.141~>253 040 039 330 000 001 <~Scribe.142~><~Game.1908~><~Scribe.143~><~Game.1911~><~Scribe.144~> D56457
$bhilly<~Scribe.141~>042 041 <~Scribe.142~><~Game.1932~><~Scribe.143~><~Game.1938~><~Scribe.144~> 1349E4
$bhilly<~Controls.644~>101 <~Controls.645~><~Game.2035~> CA28D0
<Vayze> pass B2A340
$bhilly<~HighlightLabel.81~>360<~HighlightLabel.82~><~Game.2043~><~HighlightLabel.83~><~Game.2035~> EAF711
$bhilly<~Scribe.141~>037 036 029 028 027 026 025 024 023 022 021 <~Scribe.142~><~Game.1948~><~Scribe.143~><~Game.1942~><~Scribe.144~> 0F54C7
$bhilly<~Controls.644~>360 <~Controls.645~><~Game.2035~> 645010
$Vayze<~Controls.271~>211<~Controls.272~><~Game.2042~><~Controls.273~><~Game.2035~> 01E0D9
$Vayze<~Scribe.141~>079 <~Scribe.142~><~Game.1943~><~Scribe.143~><~Game.1944~><~Scribe.144~> 24C85D
$Vayze<~Scribe.141~>073 072 <~Scribe.142~><~Game.1925~><~Scribe.143~><~Game.1923~><~Scribe.144~> C774E5
$Vayze<~Controls.644~>211 <~Controls.645~><~Game.2035~> 685BB6
$bhilly<~HighlightLabel.81~>099<~HighlightLabel.82~><~Game.2043~><~HighlightLabel.83~><~Game.2035~> FCD5D9
$bhilly<~Scribe.141~>253 040 039 <~Scribe.142~><~Game.1911~><~Scribe.143~><~Game.1942~><~Scribe.144~> 7C2198
$bhilly<~Scribe.141~>038 <~Scribe.142~><~Game.1938~><~Scribe.143~><~Game.1964~><~Scribe.144~> 840FE2
$bhilly<~Scribe.141~>038 <~Scribe.142~><~Game.1964~><~Scribe.143~><~Game.1938~><~Scribe.144~> 6382AF
$bhilly<~Controls.644~>099 <~Controls.645~><~Game.2035~> B9A04E
<Vayze> pass 13CD3F
$bhilly<~HighlightLabel.81~>104<~HighlightLabel.82~><~Game.2043~><~HighlightLabel.83~><~Game.2035~> 2C9337
<bhilly> MT 7B978F
$bhilly<~Scribe.141~>260 <~Scribe.142~><~Game.2001~><~Scribe.143~><~Game.2002~><~Scribe.144~> 70BAFE
$Vayze<~Scribe.141~>085 084 079 083 082 081 <~Scribe.142~><~Game.1944~><~Scribe.143~><~Game.1994~><~Scribe.144~> 5BFCDD
$bhilly<~Scribe.141~>253 040 039 037 036 029 028 027 026 025 024 023 022 021 <~Scribe.142~><~Game.1942~><~Scribe.143~><~Game.1944~><~Scribe.144~> 93A036
$bhilly<~Controls.644~>104 <~Controls.645~><~Game.2035~> 8ECDF5
$Vayze<~Controls.271~>212<~Controls.272~><~Game.2042~><~Controls.273~><~Game.2035~> 13D544
$Vayze<~Scribe.141~>301 <~Scribe.142~><~Game.2038~><~Scribe.143~><~Game.1902~><~Scribe.144~> B93075
$Vayze<~Controls.644~>212 <~Controls.645~><~Game.2035~> D72D2F
$bhilly<~HighlightLabel.81~>105<~HighlightLabel.82~><~Game.2043~><~HighlightLabel.83~><~Game.2035~> 64CED3
$bhilly<~Scribe.141~>reveal 176 2EDD9E6813874A3246314515B27E7ACE73338249 21 <~Scribe.142~><~Controls.46~><~Scribe.143~><~Game.2036~><~Scribe.144~> CA3EFE
$bhilly<~Scribe.141~>322 <~Scribe.142~><~Game.2040~><~Scribe.143~><~Game.1987~><~Scribe.144~> 826016
$bhilly<~Controls.644~>105 176 <~Controls.645~><~Game.2035~> 36284F
$Vayze<~Controls.726~>210 358 213 359 <~Controls.727~><~Game.1997~><~Controls.728~><~Game.2042~> 96A97E
$Vayze<~Controls.731~>212 211 <~Controls.732~><~Game.2039~><~Controls.733~><~Game.2042~> A21897
$bhilly<~Controls.757~>100 <~Controls.758~><~Game.1997~><~Controls.759~><~Game.2043~> 48890E
<~Game.7~>5 null
$bhilly<~Controls.762~>105 104 099 360 101 103 361 102 <~Controls.763~><~Game.2041~><~Controls.764~><~Game.2043~> A8A4CF
$bhilly<~Controls.509~>204<~Controls.510~><~Game.2006~><~Controls.511~><~Controls.46~> null
$bhilly<~Controls.509~>207<~Controls.510~><~Game.2007~><~Controls.511~><~Controls.46~> null
$Vayze<~Controls.509~>125<~Controls.510~><~Game.2004~><~Controls.511~><~Controls.45~> null
$Vayze<~Controls.509~>106<~Controls.510~><~Game.2005~><~Controls.511~><~Controls.45~> null
$bhilly<~Controls.372~>105 A938AF
$Vayze<~Controls.296~>106 <~Controls.297~><~Controls.45~> 9BCB15
<bhilly> here comes the classic 1% no moves roll! 2C3E8D
<Vayze> fsp good CB2E13
$bhilly<~Controls.345~>104 099 360 101 103 361 102 100 <~Controls.346~>10 10 15 13 12 11 11 11 null
$bhilly<~Controls.350~>104 099 360 101 103 361 102 100 null
$Vayze<~Controls.345~>212 211 210 358 213 359 <~Controls.346~>1 1 2 4 0 1 null
<bhilly> never mind! DAB1A7
$Vayze<~Controls.271~>359<~Controls.272~><~Game.2042~><~Controls.273~><~Game.2035~> AA53D3
$Vayze<~Controls.323~>247 7882B9
$Vayze<~Controls.644~>359 <~Controls.645~><~Game.2035~> D144E4
$bhilly<~HighlightLabel.81~>099<~HighlightLabel.82~><~Game.2043~><~HighlightLabel.83~><~Game.2035~> 4B4706
$bhilly<~Scribe.141~>261 <~Scribe.142~><~Game.2002~><~Scribe.143~><~Game.2003~><~Scribe.144~> 1245DA
$bhilly<~Controls.644~>099 <~Controls.645~><~Game.2035~> B38B87
<Vayze> pass 423B9E
$bhilly<~HighlightLabel.81~>104<~HighlightLabel.82~><~Game.2043~><~HighlightLabel.83~><~Game.2035~> 262673
$bhilly<~Scribe.141~>345 <~Scribe.142~><~Game.2040~><~Scribe.143~><~Game.1987~><~Scribe.144~> F2AD4D
$bhilly<~Controls.644~>104 <~Controls.645~><~Game.2035~> A29CD0
$Vayze<~Controls.271~>210<~Controls.272~><~Game.2042~><~Controls.273~><~Game.2035~> E662A4
$Vayze<~CardBuffet.9~>reveal 143 75CD16A9B4B13437B0F157FDB029BD1212FFFD18 19<~CardBuffet.10~><~Controls.45~><~CardBuffet.11~> 46389F
$Vayze<~Scribe.141~>309 315 <~Scribe.142~><~Game.2038~><~Scribe.143~><~Game.1965~><~Scribe.144~> 3FB69E
$Vayze<~Controls.644~>210 143 <~Controls.645~><~Game.2035~> 4E0DD5
$bhilly<~HighlightLabel.81~>103<~HighlightLabel.82~><~Game.2043~><~HighlightLabel.83~><~Game.2035~> D744FF
<bhilly> pel nc 33FA81
<Vayze> nc D0A10A
<game> bhilly<~Controls.1~> 6 1 2 5 3 null
<game> Vayze<~Controls.1~> 6 null
<Vayze> 1 E67909
$bhilly<~Scribe.141~>044 <~Scribe.142~><~Game.1938~><~Scribe.143~><~Game.2037~><~Scribe.144~> 7E4533
$Vayze<~Controls.296~>078 <~Controls.297~><~Game.1931~> 5182CA
$bhilly<~Scribe.141~>038 055 057 042 041 049 048 047 046 045 <~Scribe.142~><~Game.1938~><~Scribe.143~><~Game.1931~><~Scribe.144~> 2D673C
$bhilly<~Controls.644~>103 044 <~Controls.645~><~Game.2035~> 36A8B5
$bhilly<~Scribe.141~>260 <~Scribe.142~><~Game.2002~><~Scribe.143~><~Game.2003~><~Scribe.144~> 152B55
$bhilly<~Scribe.141~>423 <~Scribe.142~><~Game.31~><~Scribe.143~><~Game.32~><~Scribe.144~> 76E22E
$Vayze<~Controls.271~>213<~Controls.272~><~Game.2042~><~Controls.273~><~Game.2035~> 603415
$Vayze<~Scribe.141~>274 <~Scribe.142~><~Game.2038~><~Scribe.143~><~Game.1920~><~Scribe.144~> E48730
$Vayze<~Controls.644~>213 <~Controls.645~><~Game.2035~> 6E0D00
$bhilly<~HighlightLabel.81~>361<~HighlightLabel.82~><~Game.2043~><~HighlightLabel.83~><~Game.2035~> 02A900
<bhilly> osg from wk AF0398
$bhilly<~Controls.840~>187 0D844B
<Vayze> nc 1D6339
<auto> playchosen BAEFC9
<auto><~Controls.866~>reveal 187 E530482827F9893A001D41D8CC2864F0A0285741 11<~Controls.867~><~Controls.46~><~Controls.868~><~Game.2036~> 736AF2
<game> bhilly<~Controls.1~> 6 5 5 1 2 null
<game> Vayze<~Controls.1~> 6 null
<Vayze> 1 261A1A
$bhilly<~Scribe.141~>021 <~Scribe.142~><~Game.1944~><~Scribe.143~><~Game.2037~><~Scribe.144~> 34336F
$Vayze<~Controls.296~>080 <~Controls.297~><~Game.1943~> 656BA0
$bhilly<~Controls.644~>361 187 021 <~Controls.645~><~Game.2035~> 0CD7F5
$Vayze<~Controls.271~>427<~Controls.272~><~Game.2042~><~Controls.273~><~Game.2035~> A0B4FD
$Vayze<~Controls.509~>115<~Controls.510~><~Game.2004~><~Controls.511~><~Controls.45~> null
$Vayze<~Controls.644~>427 <~Controls.645~><~Game.2035~> BEC047
$bhilly<~HighlightLabel.81~>102<~HighlightLabel.82~><~Game.2043~><~HighlightLabel.83~><~Game.2035~> 201558
$bhilly<~Scribe.141~>038 055 057 042 041 049 048 047 046 045 <~Scribe.142~><~Game.1931~><~Scribe.143~><~Game.1924~><~Scribe.144~> 384A68
$bhilly<~Scribe.141~>022 <~Scribe.142~><~Game.1944~><~Scribe.143~><~Game.1935~><~Scribe.144~> 738B59
$bhilly<~Scribe.141~>418 <~Scribe.142~><~Game.2040~><~Scribe.143~><~Game.1931~><~Scribe.144~> 8FB131
$bhilly<~Controls.644~>102 <~Controls.645~><~Game.2035~> 86CC72
$Vayze<~Controls.271~>358<~Controls.272~><~Game.2042~><~Controls.273~><~Game.2035~> 3DA684
$Vayze<~Scribe.141~>273 <~Scribe.142~><~Game.2038~><~Scribe.143~><~Game.1920~><~Scribe.144~> 5AB280
$Vayze<~Controls.644~>358 <~Controls.645~><~Game.2035~> 6C5328
$bhilly<~HighlightLabel.81~>100<~HighlightLabel.82~><~Game.2043~><~HighlightLabel.83~><~Game.2035~> 6EC4C3
<bhilly> DA 7A6B32
$Vayze<~Scribe.141~>273 274 077 076 075 <~Scribe.142~><~Game.1920~><~Scribe.143~><~Game.1995~><~Scribe.144~> B24737
$bhilly<~Scribe.141~>038 055 057 042 041 049 048 047 046 045 <~Scribe.142~><~Game.1924~><~Scribe.143~><~Game.1920~><~Scribe.144~> 6F24FE
$bhilly<~Scribe.141~>417 <~Scribe.142~><~Game.2040~><~Scribe.143~><~Game.1924~><~Scribe.144~> 555D69
$bhilly<~Controls.644~>100 <~Controls.645~><~Game.2035~> 11C6FA
$Vayze<~Controls.271~>211<~Controls.272~><~Game.2042~><~Controls.273~><~Game.2035~> 7EE228
$Vayze<~Controls.790~>248<~Controls.791~><~Game.2014~><~Controls.792~><~Game.2015~> CFFBE2
$Vayze<~Controls.795~>211<~Controls.796~><~Game.2035~><~Controls.797~><~Game.1997~> 9ABFB5
<game> bhilly<~Controls.1~> 3 4 null
$bhilly<~Controls.276~>101<~Controls.277~><~Game.2043~><~Controls.278~><~Game.2035~> 209A35
$bhilly<~Scribe.141~>reveal 173 B002675F2C07413CAE5604471B13C6C5BE22E764 15 <~Scribe.142~><~Controls.46~><~Scribe.143~><~Game.2037~><~Scribe.144~> F33EFD
$bhilly<~Controls.624~>217<~Controls.625~><~Game.2044~><~Controls.626~><~Game.2036~> null
$Vayze<~Scribe.141~>252 <~Scribe.142~><~Game.2018~><~Scribe.143~><~Game.2019~><~Scribe.144~> 9254AD
$Vayze<~Scribe.141~>247 <~Scribe.142~><~Game.1964~><~Scribe.143~><~Game.1969~><~Scribe.144~> 0E3B6F
$Vayze<~Controls.323~>247 36017F
$bhilly<~Scribe.141~>173 <~Scribe.142~><~Game.2037~><~Scribe.143~><~Game.2036~><~Scribe.144~> 575808
$bhilly<~Controls.624~>225<~Controls.625~><~Game.2044~><~Controls.626~><~Game.2037~> null
<Vayze> random 3D3362
$bhilly<~Controls.637~>245<~Controls.638~><~Game.1998~><~Controls.639~><~Game.2037~> null
$Vayze<~Scribe.141~>245 <~Scribe.142~><~Game.2037~><~Scribe.143~><~Game.1964~><~Scribe.144~> E75F89
$Vayze<~Scribe.141~>252 <~Scribe.142~><~Game.2019~><~Scribe.143~><~Game.2020~><~Scribe.144~> F1DA76
$bhilly<~Controls.644~>101 173 217 225 <~Controls.645~><~Game.2035~> 83A489
$Vayze<~Controls.271~>212<~Controls.272~><~Game.2042~><~Controls.273~><~Game.2035~> A209F3
$Vayze<~CardBuffet.9~>reveal 115 8658C603CD46878BE72688018957A5DE6A92E853 23<~CardBuffet.10~><~Controls.45~><~CardBuffet.11~> 164BBA
<game> Vayze<~Controls.1~> 3 6 1 null
$Vayze<~Scribe.141~>252 <~Scribe.142~><~Game.2020~><~Scribe.143~><~Game.2019~><~Scribe.144~> 2DAC25
$Vayze<~Controls.644~>212 115 <~Controls.645~><~Game.2035~> 966027
$bhilly<~Controls.726~>211 <~Controls.727~><~Game.1997~><~Controls.728~><~Game.2042~> FE482E
$bhilly<~Controls.731~>212 358 213 210 359 <~Controls.732~><~Game.2039~><~Controls.733~><~Game.2042~> 028CCD
$bhilly<~Controls.757~>360 105 <~Controls.758~><~Game.1997~><~Controls.759~><~Game.2043~> 82AB0B
<~Game.7~>6 null
$bhilly<~Controls.762~>101 100 102 361 103 104 099 <~Controls.763~><~Game.2041~><~Controls.764~><~Game.2043~> 4D806A
$bhilly<~Controls.509~>162<~Controls.510~><~Game.2006~><~Controls.511~><~Controls.46~> null
$bhilly<~Controls.509~>192<~Controls.510~><~Game.2007~><~Controls.511~><~Controls.46~> null
$Vayze<~Scribe.141~>247 <~Scribe.142~><~Game.1969~><~Scribe.143~><~Game.524~><~Scribe.144~> 008926
$bhilly<~Controls.372~>101 C9995E
$Vayze<~Controls.281~>222 <~Controls.282~><~Game.2045~><~Controls.283~><~Game.2044~> 5AEEB6
<Vayze> fsp good EE0378
$bhilly<~Controls.345~>100 102 361 103 104 099 360 105 <~Controls.346~>10 10 15 13 15 10 15 15 null
$bhilly<~Controls.350~>100 102 361 103 104 099 360 105 null
$Vayze<~Controls.345~>212 358 213 210 359 211 <~Controls.346~>1 3 1 4 1 2 null
$Vayze<~Controls.271~>359<~Controls.272~><~Game.2042~><~Controls.273~><~Game.2035~> 5251EA
$Vayze<~Controls.323~>247 8CB19A
$Vayze<~Controls.644~>359 <~Controls.645~><~Game.2035~> 5D183C
$bhilly<~HighlightLabel.81~>099<~HighlightLabel.82~><~Game.2043~><~HighlightLabel.83~><~Game.2035~> 0FCFF0
$bhilly<~Scribe.141~>255 362 <~Scribe.142~><~Game.2040~><~Scribe.143~><~Game.2037~><~Scribe.144~> BC185A
$bhilly<~Scribe.141~>255 <~Scribe.142~><~Game.2037~><~Scribe.143~><~Game.1955~><~Scribe.144~> DE0C55
$bhilly<~Scribe.141~>255 <~Scribe.142~><~Game.1955~><~Scribe.143~><~Game.1969~><~Scribe.144~> 1FA1EF
$bhilly<~Controls.644~>099 362 <~Controls.645~><~Game.2035~> 5EC41C
$Vayze<~Controls.271~>211<~Controls.272~><~Game.2042~><~Controls.273~><~Game.2035~> DA65EF
$Vayze<~Controls.509~>149<~Controls.510~><~Game.2004~><~Controls.511~><~Controls.45~> null
$Vayze<~Controls.644~>211 <~Controls.645~><~Game.2035~> 653BCB
$bhilly<~HighlightLabel.81~>103<~HighlightLabel.82~><~Game.2043~><~HighlightLabel.83~><~Game.2035~> 1F5407
$bhilly<~Scribe.141~>reveal 204 3C9973BE4F357928F578EA5C9AB170CFE602F1AD 9 <~Scribe.142~><~Controls.46~><~Scribe.143~><~Game.2036~><~Scribe.144~> AC2D66
$bhilly<~Controls.281~>237 <~Controls.282~><~Game.2046~><~Controls.283~><~Game.2044~> 0017F5
$bhilly<~Controls.644~>103 204 <~Controls.645~><~Game.2035~> 9A76BF
$Vayze<~Controls.271~>210<~Controls.272~><~Game.2042~><~Controls.273~><~Game.2035~> 0B841E
$Vayze<~Scribe.141~>067 <~Scribe.142~><~Game.1899~><~Scribe.143~><~Game.1902~><~Scribe.144~> 8476CB
$Vayze<~Scribe.141~>074 070 <~Scribe.142~><~Game.1918~><~Scribe.143~><~Game.1923~><~Scribe.144~> 7B21FC
$Vayze<~Controls.644~>210 <~Controls.645~><~Game.2035~> E9EAAF
<bhilly> pass B38265
$Vayze<~Controls.271~>358<~Controls.272~><~Game.2042~><~Controls.273~><~Game.2035~> E41C92
$Vayze<~Scribe.141~>304 <~Scribe.142~><~Game.2038~><~Scribe.143~><~Game.1902~><~Scribe.144~> 761FE5
$Vayze<~Scribe.141~>297 <~Scribe.142~><~Game.2038~><~Scribe.143~><~Game.1890~><~Scribe.144~> 9C67CF
$Vayze<~Controls.644~>358 <~Controls.645~><~Game.2035~> A2BB72
$bhilly<~HighlightLabel.81~>102<~HighlightLabel.82~><~Game.2043~><~HighlightLabel.83~><~Game.2035~> 31FB95
$bhilly<~Scribe.141~>reveal 192 DAA9CDF199F24235C7E8FEDB29A627C131E77FC1 17 <~Scribe.142~><~Controls.46~><~Scribe.143~><~Game.2036~><~Scribe.144~> 89CD93
$bhilly<~Scribe.141~>035 <~Scribe.142~><~Game.2040~><~Scribe.143~><~Game.1908~><~Scribe.144~> 581AFE
$bhilly<~Scribe.141~>021 338 008 <~Scribe.142~><~Game.2040~><~Scribe.143~><~Game.1898~><~Scribe.144~> 8A565D
$bhilly<~Scribe.141~>008 <~Scribe.142~><~Game.1898~><~Scribe.143~><~Game.1901~><~Scribe.144~> E873FD
$bhilly<~Scribe.141~>338 <~Scribe.142~><~Game.1898~><~Scribe.143~><~Game.1904~><~Scribe.144~> 53489D
$bhilly<~Controls.644~>102 192 <~Controls.645~><~Game.2035~> EBAE17
$Vayze<~Controls.271~>213<~Controls.272~><~Game.2042~><~Controls.273~><~Game.2035~> 554D88
$Vayze<~CardBuffet.9~>reveal 154 D70DC8CD1A12515FEF3105F31E2FB3686DF83F2A 16<~CardBuffet.10~><~Controls.45~><~CardBuffet.11~> 778374
$Vayze<~Scribe.141~>245 <~Scribe.142~><~Game.1964~><~Scribe.143~><~Game.1943~><~Scribe.144~> 1C6C1A
$Vayze<~Scribe.141~>245 <~Scribe.142~><~Game.1943~><~Scribe.143~><~Game.1994~><~Scribe.144~> 7CAC68
$Vayze<~Controls.644~>213 154 <~Controls.645~><~Game.2035~> A3C0D5
$bhilly<~HighlightLabel.81~>100<~HighlightLabel.82~><~Game.2043~><~HighlightLabel.83~><~Game.2035~> 5D35E7
$bhilly<~Controls.323~>255 B2EF97
$bhilly<~Scribe.141~>322 345 056 052 051 050 054 053 <~Scribe.142~><~Game.1987~><~Scribe.143~><~Game.1980~><~Scribe.144~> 23389F
$bhilly<~Scribe.141~>035 <~Scribe.142~><~Game.1908~><~Scribe.143~><~Game.1911~><~Scribe.144~> F43481
$bhilly<~Controls.644~>100 <~Controls.645~><~Game.2035~> 3351CF
$Vayze<~Controls.271~>212<~Controls.272~><~Game.2042~><~Controls.273~><~Game.2035~> 0188E4
$Vayze<~Scribe.141~>297 063 <~Scribe.142~><~Game.1890~><~Scribe.143~><~Game.1897~><~Scribe.144~> 516B23
$Vayze<~Controls.644~>212 <~Controls.645~><~Game.2035~> 386F97
$bhilly<~Controls.731~>212 213 358 210 211 359 <~Controls.732~><~Game.2039~><~Controls.733~><~Game.2042~> 29FCCB
$bhilly<~Controls.757~>361 104 360 105 101 <~Controls.758~><~Game.1997~><~Controls.759~><~Game.2043~> EBD350
<~Game.7~>7 null
$bhilly<~Controls.762~>100 102 103 099 362 <~Controls.763~><~Game.2041~><~Controls.764~><~Game.2043~> FC76AE
$bhilly<~Controls.509~>191<~Controls.510~><~Game.2006~><~Controls.511~><~Controls.46~> null
$bhilly<~Controls.509~>170<~Controls.510~><~Game.2007~><~Controls.511~><~Controls.46~> null
$bhilly<~Controls.372~>100 87DB90
$Vayze<~Controls.509~>157<~Controls.510~><~Game.2004~><~Controls.511~><~Controls.45~> null
$Vayze<~Controls.509~>156<~Controls.510~><~Game.2005~><~Controls.511~><~Controls.45~> null
$Vayze<~Controls.296~>149 <~Controls.297~><~Controls.45~> 308E87
<Vayze> fsp good CC40BB
$bhilly<~Controls.345~>102 103 099 362 361 104 360 105 101 <~Controls.346~>12 13 14 10 15 11 15 12 11 null
$bhilly<~Controls.350~>102 103 099 362 361 104 360 105 101 null
$Vayze<~Controls.345~>212 213 358 210 211 359 <~Controls.346~>0 2 1 0 3 2 null
$Vayze<~Controls.271~>212<~Controls.272~><~Game.2042~><~Controls.273~><~Game.2035~> FFEFEC
$Vayze<~Scribe.141~>065 <~Scribe.142~><~Game.1957~><~Scribe.143~><~Game.1970~><~Scribe.144~> 8D9EF1
$Vayze<~Scribe.141~>059 <~Scribe.142~><~Game.1973~><~Scribe.143~><~Game.1965~><~Scribe.144~> DB57AC
$Vayze<~Controls.644~>212 <~Controls.645~><~Game.2035~> 7F072A
$bhilly<~HighlightLabel.81~>102<~HighlightLabel.82~><~Game.2043~><~HighlightLabel.83~><~Game.2035~> 984FC8
<bhilly> dale nc 26A85B
$Vayze<~CardBuffet.9~>reveal 156 1EEF935BCCC749623E48B6FA29B6624EDF1B5194 15<~CardBuffet.10~><~Controls.45~><~CardBuffet.11~> A9844B
$Vayze<~Scribe.141~>068 302 065 066 <~Scribe.142~><~Game.1970~><~Scribe.143~><~Game.1954~><~Scribe.144~> 622EC8
$bhilly<~Scribe.141~>322 345 056 052 051 050 054 053 <~Scribe.142~><~Game.1980~><~Scribe.143~><~Game.1970~><~Scribe.144~> AF2F17
$bhilly<~Controls.644~>102 156 <~Controls.645~><~Game.2035~> E0DD62
$bhilly<~Scribe.141~>423 <~Scribe.142~><~Game.32~><~Scribe.143~><~Game.33~><~Scribe.144~> 4E9D15
$Vayze<~Controls.271~>210<~Controls.272~><~Game.2042~><~Controls.273~><~Game.2035~> 86B051
$Vayze<~Controls.790~>247<~Controls.791~><~Game.524~><~Controls.792~><~Game.525~> FCAE21
$Vayze<~Controls.795~>210<~Controls.796~><~Game.2035~><~Controls.797~><~Game.1997~> BA4167
$bhilly<~Controls.624~>214<~Controls.625~><~Game.2044~><~Controls.626~><~Game.2037~> null
$Vayze<~Controls.323~>247 0F4C28
$Vayze<~Controls.644~>214 <~Controls.645~><~Game.2035~> 130982
$bhilly<~HighlightLabel.81~>105<~HighlightLabel.82~><~Game.2043~><~HighlightLabel.83~><~Game.2035~> 0D5556
<bhilly> MT 19D4DA
$bhilly<~Controls.840~>182 3F52AA
$Vayze<~Controls.840~>119 5ACFE0
<auto> playchosen C58264
<auto><~Controls.3~>reveal 119 733BDFFB4C88B8F921510F094103A96F4739CC37 1<~Controls.884~><~Controls.45~><~Controls.885~><~Game.2037~> 7DBABE
<auto><~Controls.866~>reveal 182 EB7768E7F45B07DF1BB2AFEBAF18B01C0B91750B 6<~Controls.867~><~Controls.46~><~Controls.868~><~Game.2036~> B6C09C
<auto> playchosen 1D9F2B
<game> bhilly<~Controls.1~> 2 1 5 2 4 null
<game> bhilly<~Controls.1~> 6 3 5 1 null
<bhilly> 1 1AF07D
<game> Vayze<~Controls.1~> 1 1 1 5 2 null
<game> Vayze<~Controls.1~> 4 null
<Vayze> 2 8CF13F
$bhilly<~Scribe.141~>023 <~Scribe.142~><~Game.1944~><~Scribe.143~><~Game.2037~><~Scribe.144~> 0854C7
$Vayze<~Controls.304~>084 <~Controls.305~><~Game.1994~> FA9AC6
$Vayze<~Controls.313~>080 <~Controls.308~><~Controls.314~><~Game.1994~> 88F118
<bhilly> stop draw B77D56
$bhilly<~Controls.509~>208<~Controls.510~><~Game.2006~><~Controls.511~><~Controls.46~> null
$bhilly<~Controls.644~>105 182 119 023 <~Controls.645~><~Game.2035~> FAFEFF
$Vayze<~Controls.271~>358<~Controls.272~><~Game.2042~><~Controls.273~><~Game.2035~> 8A56A5
$Vayze<~Controls.323~>247 02A4FD
$Vayze<~Controls.644~>358 <~Controls.645~><~Game.2035~> BC6E33
$bhilly<~HighlightLabel.81~>099<~HighlightLabel.82~><~Game.2043~><~HighlightLabel.83~><~Game.2035~> DC8E35
$bhilly<~Scribe.141~>reveal 191 57D20E12E9B3B5F52E6EC208F86D97D7D76135E3 3 <~Scribe.142~><~Controls.46~><~Scribe.143~><~Game.2036~><~Scribe.144~> 5E870C
$bhilly<~Controls.281~>236 <~Controls.282~><~Game.2046~><~Controls.283~><~Game.2044~> C440DC
$bhilly<~Controls.644~>099 191 <~Controls.645~><~Game.2035~> 62A3C2
$Vayze<~Controls.271~>359<~Controls.272~><~Game.2042~><~Controls.273~><~Game.2035~> A382D2
$Vayze<~Controls.509~>127<~Controls.510~><~Game.2004~><~Controls.511~><~Controls.45~> null
$Vayze<~Controls.644~>359 <~Controls.645~><~Game.2035~> 9056C6
$bhilly<~HighlightLabel.81~>103<~HighlightLabel.82~><~Game.2043~><~HighlightLabel.83~><~Game.2035~> AAC5FB
$bhilly<~Scribe.141~>reveal 162 C54F8D6F94D569D2607A71E8139A3CCEAF314FCE 17 <~Scribe.142~><~Controls.46~><~Scribe.143~><~Game.2036~><~Scribe.144~> 3343B0
$bhilly<~Controls.281~>239 <~Controls.282~><~Game.2046~><~Controls.283~><~Game.2044~> 15B3DD
$bhilly<~Controls.644~>103 162 <~Controls.645~><~Game.2035~> 294650
$Vayze<~Controls.271~>213<~Controls.272~><~Game.2042~><~Controls.273~><~Game.2035~> 1290DC
$Vayze<~CardBuffet.9~>reveal 127 AB5B2DD821AAC54C2025A265A0026804A9155DFF 10<~CardBuffet.10~><~Controls.45~><~CardBuffet.11~> 296998
$Vayze<~Scribe.141~>127 <~Scribe.142~><~Game.2037~><~Scribe.143~><~Game.2029~><~Scribe.144~> 273621
$Vayze<~Controls.644~>213 <~Controls.645~><~Game.2035~> 681C5F
$bhilly<~HighlightLabel.81~>104<~HighlightLabel.82~><~Game.2043~><~HighlightLabel.83~><~Game.2035~> 4D821F
<bhilly> MT C11F71
$bhilly<~Controls.840~>208 04A037
$Vayze<~Controls.840~>109 A5EEAE
<auto> playchosen 73C8BE
<auto><~Controls.3~>reveal 109 B22F95BB96B8E820CB7C889DA796AA8937A517FE 6<~Controls.884~><~Controls.45~><~Controls.885~><~Game.2037~> F67D07
<auto><~Controls.866~>reveal 208 B852783C0A69324E2696BC6243943337072238A3 10<~Controls.867~><~Controls.46~><~Controls.868~><~Game.2036~> 6DF97F
<auto> playchosen E86981
<game> bhilly<~Controls.1~> 6 6 1 2 4 null
<game> bhilly<~Controls.1~> 2 2 2 null
<bhilly> 2 966162
<game> Vayze<~Controls.1~> 5 5 4 2 5 null
<game> Vayze<~Controls.1~> 6 1 null
<Vayze> 4 61DC16
$bhilly<~Scribe.141~>036 025 024 <~Scribe.142~><~Game.1944~><~Scribe.143~><~Game.2037~><~Scribe.144~> 41AD35
$Vayze<~Scribe.141~>085 <~Scribe.142~><~Game.1994~><~Scribe.143~><~Game.2037~><~Scribe.144~> F441ED
$Vayze<~Controls.296~>080 <~Controls.297~><~Game.1994~> 551810
<bhilly> stop draw 585A71
$bhilly<~Controls.509~>201<~Controls.510~><~Game.2006~><~Controls.511~><~Controls.46~> null
$bhilly<~Controls.644~>104 208 109 085 036 025 024 <~Controls.645~><~Game.2035~> 778DA5
$Vayze<~Controls.271~>211<~Controls.272~><~Game.2042~><~Controls.273~><~Game.2035~> 83482F
$Vayze<~Scribe.141~>259 <~Scribe.142~><~Game.2000~><~Scribe.143~><~Game.2001~><~Scribe.144~> 7B2243
$Vayze<~Controls.644~>211 <~Controls.645~><~Game.2035~> A1AE1D
$bhilly<~HighlightLabel.81~>101<~HighlightLabel.82~><~Game.2043~><~HighlightLabel.83~><~Game.2035~> 4FA72B
$bhilly<~Scribe.141~>reveal 196 26D416EA1846C4F88F75A29C6A2B5A1236E681B5 9 <~Scribe.142~><~Controls.46~><~Scribe.143~><~Game.2037~><~Scribe.144~> 748DD4
$bhilly<~Scribe.141~>255 020 019 018 017 016 <~Scribe.142~><~Game.1969~><~Scribe.143~><~Game.1944~><~Scribe.144~> 8B6014
$bhilly<~Controls.644~>101 196 <~Controls.645~><~Game.2035~> 35E6EB
$bhilly<~Controls.276~>362<~Controls.277~><~Game.2043~><~Controls.278~><~Game.2035~> 31AE0F
$bhilly<~Controls.323~>255 6F9397
$bhilly<~Scribe.141~>reveal 170 9A36A5D166C2D78FA1D73A607719B7EB615BEC25 20 <~Scribe.142~><~Controls.46~><~Scribe.143~><~Game.2036~><~Scribe.144~> EAE027
$Vayze<~Controls.726~>210 <~Controls.727~><~Game.1997~><~Controls.728~><~Game.2042~> 06271D
$Vayze<~Controls.731~>211 213 359 358 212 <~Controls.732~><~Game.2039~><~Controls.733~><~Game.2042~> 975C94
$bhilly<~Controls.304~>019 020 <~Controls.305~><~Game.1944~> 57AC13
$bhilly<~Controls.313~>336 036 <~Controls.309~><~Controls.314~><~Game.1944~> D00224
$bhilly<~Controls.644~>362 170 <~Controls.645~><~Game.2035~> 46ABB7
$bhilly<~Controls.757~>361 360 100 <~Controls.758~><~Game.1997~><~Controls.759~><~Game.2043~> F8246B
<~Game.7~>8 null
$bhilly<~Controls.762~>362 101 104 103 099 105 102 <~Controls.763~><~Game.2041~><~Controls.764~><~Game.2043~> FC7E3F
$bhilly<~Controls.509~>181<~Controls.510~><~Game.2006~><~Controls.511~><~Controls.46~> null
$Vayze<~Controls.509~>126<~Controls.510~><~Game.2004~><~Controls.511~><~Controls.45~> null
$Vayze<~Controls.509~>124<~Controls.510~><~Game.2005~><~Controls.511~><~Controls.45~> null
<bhilly> i just got ane rror 2F6A03
<Vayze> me too FBC805
<bhilly> ok im going to reload AC27F2
<~Talker.26~> null
<game> bhilly<~Controls.397~> 
<~Talker.31~> null
$bhilly sendTokens FREE_PEOPLE.BF376DD026D575CE134DAD5B97DF2DC52E69A0A2 BBCC80B00410BAD0F5F79617B86D7A0D 24 82EA893E18B998F792915EE722BA9526A7B75795 8A10760EEEA668CD4D693ED81D98D3EF 5A9A95109F4C7A3FB143B66980932E6307D9EB16 C71F7DDF428BAC85B81CBB2DCF641E34 5B7119B26127B89D16614A28D453DA070A8FDCD9 87594560D37D3CF1378383E1DA9A0BD9 0106DF8F6D85EEA9DEB1AD7074978C31F7ABDAAE E0A7BADA580E802FC2E9E803A0E69D3C 8A4E9078B12CE8D5FC393D4FA4ACFECA62B178F3 66CB7CD6A85AE36D6C9A7897344E7B1D 91D217EF80B0CC43A5329A6436837C9ADCCAAB8D F25A81EC240D4B50C46BEB6BE816F1F5 DC0F4AB2348949C38ACBADB8C9CF1CF2669521BA A57B6F04734E25947D6274AF24F0D7BA 8F5CE7E798F56EB9F3DF91BA54EC967339D91AF7 2C95B0ED749E2B65504925C779770F1D 9DA58EDC8BF8221435CCD6161C9825DB84B359B0 4586215470C8B4A320632A19F56925B8 B04FED38DCEB54191C9E7D752E59D245B69B822E 801D04258F66B51E5F9B0CFCB8162EBD 9B5DA3848B79D30CD29426D543DB782235EFFD49 4ADA88BC8DA88022B0D83BF7C7E6181B B6E33E66DAFFEF6CA21F9EFF2AA99A4BF5922CA9 273A4513AD514250CD5519D11F0E256F C18AC5CB4421D938550FA7A8C44C0461559502F7 3E166B8DED214644AB24D4970DBAC705 68F2BFA64EE1EF931483B6C3F556A041FF8E5F08 1AD5D9B77A1EB061DB3FE852BC509657 C6BF7CF66CD61BDF527FFE9769712E1E6B0C69E4 AE746AE1666D8C1C33CE326D0F96DCFB 241F2886AEC1111D82E72C1442492F471276735F 9AB0631597B85436AD7C9421B1C9AF5C DF5FC055BCB48A614A1CA89A4E63006AE0201FC1 ACC81307024C74B08E1245606912CD3B AB2DFC8E24DF38FAB731056C4FC7424EC51E1147 A8AB61421963334BCAA3893FB2CAA28D ABEA1B0763397D4EEF6AEAD6B49CF51834D6B0C1 4B8AFFB982590581A605B1398A82C96D FE1873AA3C8C60E4FD1C7A178025002DE90B831B 8D16051E08B3BC459F6950428ACA2A1F 5D834DAAECEA3DBEC3078D8A0243C5A414AB2769 27F35755D62EE3D18A42F447361C61A7 5249A7D355E7617B2A0DD4D29CF5A70693D4049A 5417ADD5E159A34BFCD717949673BDB1 130DCF8C9D40010E1C2170B55237D76FE074B3B0 DA2A5641A65494C3EB2B78DB056E14E8 332C6EFEDC4D2468B504A97B340E48615D99F1D4 4B1EBAC315C08F439516FDCA48023ECF 24 D1FB5D44E8051A65A67B0EB515CE5D9D60B76069 888388BDCC05C553A0BCBDABE12550C0 247D4A9AE36A0A10248FEB0FEC404F02F45F7AC0 866AABD4886FBC8D82C353F9A5F34DAF DF1D4C77FE05D43ECDD34D808B17E6D99BB8C1EA 54C6F3D1D8C12F7922E802BB8C278AC9 4C2954DBE157D857297DCC569B5D3E44715B66AB 5C9EB88B134EC5DABFDB7040C803955A D09724D034E8BCB0B2A7B14EDB7CA919461B4D16 E88F61A18BAF15DC118B03D818F37AF3 67EB424CA6F409C9C5E522F10B448E55D2C1518F E86359F402A83386AD33BADD5D7C9A36 28DF401E207D53AAAA8E103CBB9141992D5FE41A F2BC6D8F5CCF701FADEBB76F6D5BAD6F 4F3BC05DBFB59DA6803447C51C93B993AC58FC21 89216D4A960A91418F7FFC5F26D309DD 40174E8FAD193C21A604169B6077D12316EBAA90 A1E624ADF6FD494A5DCA32FBC68CDE31 01754C2506A890AF99A9D3BB04A7CAEF826E09B0 62BEF4E684EE0AEC0EEC49B17A987CE2 E1AF2C0DDAD4F1A2669DE376983EDC9ACA1FE406 2CEF45A7B8C6DCA32C0201F83463E890 D322330F9D71D9809BC90BA6A8E107C630BE3DED DB76900B7432F129B646E327C1B523DA D1444948DDC78A6024DC4AC21768C5709A60F48D 4B9E78013306734047B9AC031A113091 29F80690D32F7948FB22CEDD3197C3CA9C2B0B1B 1EC1337B836599AE77B6EDDEF9FBE974 8D6EDAEB07C38E8596B718D4495995F6EBA2B39D BC4D0BC2B05C229080214665AF15D3C6 CBFCC1E82D5A2D63D659F6297A503F0A34B82F26 9B41C16AC1E170322404F72D3402EA13 113F3262730A03C45F73BEAF8471CF8A4102E63A BFA509D2A870D57BCEC8130A7F830C8B 036568FF7A35788BEB7266196454B6CA05FD2C14 84CF8038B4B647BEF7728A3418545187 3E128F279BDC46BACA0A0E3912B6C0F42856BEE0 9B69BE3D49014B00CB79CCBCEA968C75 00A9FCB2E1E066F4CF40341D2CC62A2FCBD2C008 5189A185D3631E4C0B2958155DF00AFC 5EAB681B9EE9D2E900D18DDB32E2ADF27D258F8F 1754F231F8C8F4C134ACFC28A49CBCA7 4AD696AB6ADFE583EC8D6BA5D080B16525720C82 3EF939C10C6300BDE127B1AA5217CB4B 5364552FB25394D96C74ABDD81E190D1588D64CC 01047A0ACA2FE0C76D85790E3328297D D47BA42D6DAC351D91882EDBCBDE2630CE5A0374 C84978F03F83B5CADCD45934596956FC 0 0 
$bhilly sendTokens SHADOW.B87952F08BE28DFBDF3F682E6E6F751FABD575F7 124E22A81D11E0D3DEC68AD13945998F 24 4760644E444BD7B8FDE6A2FA64F7C48588567FA0 ED16EDC21F83F4FCF50938A1F935872D E83E516B1C712011B4939D12E65A33A74AECECB3 403F2874E11081075149734EB53C7445 92D1419FFA39971DB544D5A315BCD3C3B7C75FA1 8F5F9003F162E6D207A935EC9491C675 8BD66FFB0DC64D195B9E28A53B72175E866CE980 BC9F43615AA71A7B27DE2DDED0FCA6C4 1345E728F66AB4E6881FF6D48C5C9E11AC4B1AF5 CE645A0215A6799A1F1CA94340C2A5FA 322F9065F3727A0693419F9F02D01F3434EE00C0 F3963629BF281D5060F452CA32328A24 32CE8DD36EFFC35830185782AAD56B0E02188D76 C7C372028CA927F9410C218D7EF349A9 C4DB93799E4F4F06115D759FC6A66E6B4BAD0D8C D6A02ACE7B7D96B324CDA999D75A628B BCB0739665D572E02D8D3AA47FBCE28612B5B452 5FB2EA50CBEDCF78D77273F864639FF5 7E510455B86A6D7CD0A15AC075E0D495CFAEDB9C 5B1A2D08ACF474E83B1CBB858E1C01F0 326726A5A72A6D1AB84DAB9E80A347DD5F658D35 BDD325683A9145B02AC2094E1BA129F3 F89006536DE6FA3038613520D5A1B7DDE9AC0F7F FADD008CA6E661079638E7667BEBCA44 48DFBF60ED7543BDA8F54CADBF0F731748DE1EF7 CA1CD9D2B69A2191ED9D59AE621B2D67 A7C2FB17FC6682318AA29C34FF21D7981B700C80 30F0D67A6F275E81C4DCE16D96005B16 E67B3B23672DB9BCC5ECDF4898A7C16D03CE5194 B8C851450F14A450B3238C6509FF0B08 37E3F81FDCF0D626D0E68BA90848440AB20B217A FF3BC0EA40498A2D7D77B53B2AA03FF5 2E14787034368451A65B4270DF7696FDEBB2716E 785DF6C78BF4AD9074C395147765F0FE CF3AD6890297100EB34FCD93A391C20DA0652B51 6C5FEADF0AAFC48D1B0CB02B56B088B7 99C0CE2E18433C082DF23B5D6A83850B5337683C 42C0337A61DB1D450CA8409725D31D8A 6AC6B6706F0A1F37CACAC1B9A6F95B1EDEB85C3F 0088F93EEE6E07011CA3DBEC8F9F22BC 030891A861F33ED545EB6FED3CB780C970BE9BBD 115A48693F9A1951BCAFEBBC2106844F B582587B92EF291AC5C5E325DF11DECA929C8EDB 485F1139C404B0CDA24AE4DA1C9B37DF 0901DC248C71081E4E116A3D54509C3AED21D5CE 244C9F32C58F0EFFA7F4FF1F8C146D88 8D528D94ED0F2D9FD667B31526AA5F0AB8811DAD 55075F7295D41A49F3A68DE0991511BC 24 5C302C23D8770AD2404446A9A0FC0BA2C7C1B27B 7FB4ADAD08D2724556E55E261CDB60B0 D6AE8508500AA3F45D242AA77E803BE017C42FD7 3D2736AC217D3CE5F9121A10759D332E AA54F10E718C4CB247E0FED0CE85E95917B8CF5C 680284A51029914135ED4A7B9BBB97CA 1E7A7EE099FE83E6FCA327F24D73E0B023804250 9807130C5AFA2298C25045887403AFC0 87F7A0C8977BBA0F6968D3D5F61C4D885FAFC53A EA5A85BE59D9E97014AD8C2166AB96A2 228006CC29E5B3714380BC52B34C95F12CC5E1A3 03BF1331E79788E401CAB4AE2DD1DCDF 92043990D8AC7E6E27A4F3DB22F580E88016D5FF 550DF700563EF2F8A6C3D692EE91CEA5 7BCDA5E853C03DD685A94004648944CA17D44425 A06EBA29A2B3E2C58B60FF428C0F072F A5A821378C3530C4D0DA78B87B2012AC8134C4F6 BC175A25E9343DBC0526AA3F3AF75815 B568B3C7E3C8A3FCF2F0986CCC449A35D7AFCCF6 958E0A041B5096E5DBCEAE4F525DB158 5354CCF29A8E2685443ADC88CA25AC78A850B97C 75BBC0ABED5556132C083D2964022C58 EDA11C2981F1972B59B956A234A7557E45D8137D 884A532212773CCA9098DC8890557E0D 33B056076D39FB47D640DA6B0C43B84066F7DD42 9D2192FBAD00DABE7C55263D18C85F27 E63DD730223453DB85B977E8A2BF9AE397D32B7B 2AEE38B7006C2025EA8A4C3A3046EBAA 48C2784E238804B9930F29F77F4326ADC577664E 920F6E456935940F38B9CF9018E95E27 DD07F87DDD2069C6869746C7C82DA4A6BA64D9C2 A961CFCB8FAE61FD50CD26816C365C30 CF52375FF5FB41D31C5289111B3BFB8FBC4053FF 77AB22A5D83FB0500837F098BA801C42 206A8923B0E8D7F892912C3ED9166A0336F927FC 3BB6D7FA1ECD633BCC81B32F553D32BE D98E117917649ABC197AF14027B0BC4E36EB4317 B350E60DA13143377A5391FF6863A9BF 818658DAE6973860FF4DD56269F3CDDF8B7B0718 9AC2729C3E0776028DF5B9634D28E6D7 700BDFCC8D44FD35DEF57A4E44C2E5587114B9AA 727447DFE12CBB797CCC60C91FADC2AB 991BAD63D04D25FF879C39C71C4B6D11FEB6D505 83CFDA7537C0DC596461658A8D716107 33BDB3C41FC092417F7C1A3C40AE14F8F7F81DAE 229A849DA87EFDB8E4E15011F19F3390 E81A982EA29B5F13CD08A60DE37317B38B950B86 3654F62084C1A6E1483AD146A0860F4D 0 0 
$Vayze<~Controls.464~>BF376DD026D575CE134DAD5B97DF2DC52E69A0A2 BBCC80B00410BAD0F5F79617B86D7A0D 24 82EA893E18B998F792915EE722BA9526A7B75795 8A10760EEEA668CD4D693ED81D98D3EF 5A9A95109F4C7A3FB143B66980932E6307D9EB16 C71F7DDF428BAC85B81CBB2DCF641E34 5B7119B26127B89D16614A28D453DA070A8FDCD9 87594560D37D3CF1378383E1DA9A0BD9 0106DF8F6D85EEA9DEB1AD7074978C31F7ABDAAE E0A7BADA580E802FC2E9E803A0E69D3C 8A4E9078B12CE8D5FC393D4FA4ACFECA62B178F3 66CB7CD6A85AE36D6C9A7897344E7B1D 91D217EF80B0CC43A5329A6436837C9ADCCAAB8D F25A81EC240D4B50C46BEB6BE816F1F5 DC0F4AB2348949C38ACBADB8C9CF1CF2669521BA A57B6F04734E25947D6274AF24F0D7BA 8F5CE7E798F56EB9F3DF91BA54EC967339D91AF7 2C95B0ED749E2B65504925C779770F1D 9DA58EDC8BF8221435CCD6161C9825DB84B359B0 4586215470C8B4A320632A19F56925B8 B04FED38DCEB54191C9E7D752E59D245B69B822E 801D04258F66B51E5F9B0CFCB8162EBD 9B5DA3848B79D30CD29426D543DB782235EFFD49 4ADA88BC8DA88022B0D83BF7C7E6181B B6E33E66DAFFEF6CA21F9EFF2AA99A4BF5922CA9 273A4513AD514250CD5519D11F0E256F C18AC5CB4421D938550FA7A8C44C0461559502F7 3E166B8DED214644AB24D4970DBAC705 68F2BFA64EE1EF931483B6C3F556A041FF8E5F08 1AD5D9B77A1EB061DB3FE852BC509657 C6BF7CF66CD61BDF527FFE9769712E1E6B0C69E4 AE746AE1666D8C1C33CE326D0F96DCFB 241F2886AEC1111D82E72C1442492F471276735F 9AB0631597B85436AD7C9421B1C9AF5C DF5FC055BCB48A614A1CA89A4E63006AE0201FC1 ACC81307024C74B08E1245606912CD3B AB2DFC8E24DF38FAB731056C4FC7424EC51E1147 A8AB61421963334BCAA3893FB2CAA28D ABEA1B0763397D4EEF6AEAD6B49CF51834D6B0C1 4B8AFFB982590581A605B1398A82C96D FE1873AA3C8C60E4FD1C7A178025002DE90B831B 8D16051E08B3BC459F6950428ACA2A1F 5D834DAAECEA3DBEC3078D8A0243C5A414AB2769 27F35755D62EE3D18A42F447361C61A7 5249A7D355E7617B2A0DD4D29CF5A70693D4049A 5417ADD5E159A34BFCD717949673BDB1 130DCF8C9D40010E1C2170B55237D76FE074B3B0 DA2A5641A65494C3EB2B78DB056E14E8 332C6EFEDC4D2468B504A97B340E48615D99F1D4 4B1EBAC315C08F439516FDCA48023ECF 24 D1FB5D44E8051A65A67B0EB515CE5D9D60B76069 888388BDCC05C553A0BCBDABE12550C0 247D4A9AE36A0A10248FEB0FEC404F02F45F7AC0 866AABD4886FBC8D82C353F9A5F34DAF DF1D4C77FE05D43ECDD34D808B17E6D99BB8C1EA 54C6F3D1D8C12F7922E802BB8C278AC9 4C2954DBE157D857297DCC569B5D3E44715B66AB 5C9EB88B134EC5DABFDB7040C803955A D09724D034E8BCB0B2A7B14EDB7CA919461B4D16 E88F61A18BAF15DC118B03D818F37AF3 67EB424CA6F409C9C5E522F10B448E55D2C1518F E86359F402A83386AD33BADD5D7C9A36 28DF401E207D53AAAA8E103CBB9141992D5FE41A F2BC6D8F5CCF701FADEBB76F6D5BAD6F 4F3BC05DBFB59DA6803447C51C93B993AC58FC21 89216D4A960A91418F7FFC5F26D309DD 40174E8FAD193C21A604169B6077D12316EBAA90 A1E624ADF6FD494A5DCA32FBC68CDE31 01754C2506A890AF99A9D3BB04A7CAEF826E09B0 62BEF4E684EE0AEC0EEC49B17A987CE2 E1AF2C0DDAD4F1A2669DE376983EDC9ACA1FE406 2CEF45A7B8C6DCA32C0201F83463E890 D322330F9D71D9809BC90BA6A8E107C630BE3DED DB76900B7432F129B646E327C1B523DA D1444948DDC78A6024DC4AC21768C5709A60F48D 4B9E78013306734047B9AC031A113091 29F80690D32F7948FB22CEDD3197C3CA9C2B0B1B 1EC1337B836599AE77B6EDDEF9FBE974 8D6EDAEB07C38E8596B718D4495995F6EBA2B39D BC4D0BC2B05C229080214665AF15D3C6 CBFCC1E82D5A2D63D659F6297A503F0A34B82F26 9B41C16AC1E170322404F72D3402EA13 113F3262730A03C45F73BEAF8471CF8A4102E63A BFA509D2A870D57BCEC8130A7F830C8B 036568FF7A35788BEB7266196454B6CA05FD2C14 84CF8038B4B647BEF7728A3418545187 3E128F279BDC46BACA0A0E3912B6C0F42856BEE0 9B69BE3D49014B00CB79CCBCEA968C75 00A9FCB2E1E066F4CF40341D2CC62A2FCBD2C008 5189A185D3631E4C0B2958155DF00AFC 5EAB681B9EE9D2E900D18DDB32E2ADF27D258F8F 1754F231F8C8F4C134ACFC28A49CBCA7 4AD696AB6ADFE583EC8D6BA5D080B16525720C82 3EF939C10C6300BDE127B1AA5217CB4B 5364552FB25394D96C74ABDD81E190D1588D64CC 01047A0ACA2FE0C76D85790E3328297D D47BA42D6DAC351D91882EDBCBDE2630CE5A0374 C84978F03F83B5CADCD45934596956FC 0 0 BCD5D5
$bhilly<~Controls.479~>B87952F08BE28DFBDF3F682E6E6F751FABD575F7 124E22A81D11E0D3DEC68AD13945998F 24 4760644E444BD7B8FDE6A2FA64F7C48588567FA0 ED16EDC21F83F4FCF50938A1F935872D E83E516B1C712011B4939D12E65A33A74AECECB3 403F2874E11081075149734EB53C7445 92D1419FFA39971DB544D5A315BCD3C3B7C75FA1 8F5F9003F162E6D207A935EC9491C675 8BD66FFB0DC64D195B9E28A53B72175E866CE980 BC9F43615AA71A7B27DE2DDED0FCA6C4 1345E728F66AB4E6881FF6D48C5C9E11AC4B1AF5 CE645A0215A6799A1F1CA94340C2A5FA 322F9065F3727A0693419F9F02D01F3434EE00C0 F3963629BF281D5060F452CA32328A24 32CE8DD36EFFC35830185782AAD56B0E02188D76 C7C372028CA927F9410C218D7EF349A9 C4DB93799E4F4F06115D759FC6A66E6B4BAD0D8C D6A02ACE7B7D96B324CDA999D75A628B BCB0739665D572E02D8D3AA47FBCE28612B5B452 5FB2EA50CBEDCF78D77273F864639FF5 7E510455B86A6D7CD0A15AC075E0D495CFAEDB9C 5B1A2D08ACF474E83B1CBB858E1C01F0 326726A5A72A6D1AB84DAB9E80A347DD5F658D35 BDD325683A9145B02AC2094E1BA129F3 F89006536DE6FA3038613520D5A1B7DDE9AC0F7F FADD008CA6E661079638E7667BEBCA44 48DFBF60ED7543BDA8F54CADBF0F731748DE1EF7 CA1CD9D2B69A2191ED9D59AE621B2D67 A7C2FB17FC6682318AA29C34FF21D7981B700C80 30F0D67A6F275E81C4DCE16D96005B16 E67B3B23672DB9BCC5ECDF4898A7C16D03CE5194 B8C851450F14A450B3238C6509FF0B08 37E3F81FDCF0D626D0E68BA90848440AB20B217A FF3BC0EA40498A2D7D77B53B2AA03FF5 2E14787034368451A65B4270DF7696FDEBB2716E 785DF6C78BF4AD9074C395147765F0FE CF3AD6890297100EB34FCD93A391C20DA0652B51 6C5FEADF0AAFC48D1B0CB02B56B088B7 99C0CE2E18433C082DF23B5D6A83850B5337683C 42C0337A61DB1D450CA8409725D31D8A 6AC6B6706F0A1F37CACAC1B9A6F95B1EDEB85C3F 0088F93EEE6E07011CA3DBEC8F9F22BC 030891A861F33ED545EB6FED3CB780C970BE9BBD 115A48693F9A1951BCAFEBBC2106844F B582587B92EF291AC5C5E325DF11DECA929C8EDB 485F1139C404B0CDA24AE4DA1C9B37DF 0901DC248C71081E4E116A3D54509C3AED21D5CE 244C9F32C58F0EFFA7F4FF1F8C146D88 8D528D94ED0F2D9FD667B31526AA5F0AB8811DAD 55075F7295D41A49F3A68DE0991511BC 24 5C302C23D8770AD2404446A9A0FC0BA2C7C1B27B 7FB4ADAD08D2724556E55E261CDB60B0 D6AE8508500AA3F45D242AA77E803BE017C42FD7 3D2736AC217D3CE5F9121A10759D332E AA54F10E718C4CB247E0FED0CE85E95917B8CF5C 680284A51029914135ED4A7B9BBB97CA 1E7A7EE099FE83E6FCA327F24D73E0B023804250 9807130C5AFA2298C25045887403AFC0 87F7A0C8977BBA0F6968D3D5F61C4D885FAFC53A EA5A85BE59D9E97014AD8C2166AB96A2 228006CC29E5B3714380BC52B34C95F12CC5E1A3 03BF1331E79788E401CAB4AE2DD1DCDF 92043990D8AC7E6E27A4F3DB22F580E88016D5FF 550DF700563EF2F8A6C3D692EE91CEA5 7BCDA5E853C03DD685A94004648944CA17D44425 A06EBA29A2B3E2C58B60FF428C0F072F A5A821378C3530C4D0DA78B87B2012AC8134C4F6 BC175A25E9343DBC0526AA3F3AF75815 B568B3C7E3C8A3FCF2F0986CCC449A35D7AFCCF6 958E0A041B5096E5DBCEAE4F525DB158 5354CCF29A8E2685443ADC88CA25AC78A850B97C 75BBC0ABED5556132C083D2964022C58 EDA11C2981F1972B59B956A234A7557E45D8137D 884A532212773CCA9098DC8890557E0D 33B056076D39FB47D640DA6B0C43B84066F7DD42 9D2192FBAD00DABE7C55263D18C85F27 E63DD730223453DB85B977E8A2BF9AE397D32B7B 2AEE38B7006C2025EA8A4C3A3046EBAA 48C2784E238804B9930F29F77F4326ADC577664E 920F6E456935940F38B9CF9018E95E27 DD07F87DDD2069C6869746C7C82DA4A6BA64D9C2 A961CFCB8FAE61FD50CD26816C365C30 CF52375FF5FB41D31C5289111B3BFB8FBC4053FF 77AB22A5D83FB0500837F098BA801C42 206A8923B0E8D7F892912C3ED9166A0336F927FC 3BB6D7FA1ECD633BCC81B32F553D32BE D98E117917649ABC197AF14027B0BC4E36EB4317 B350E60DA13143377A5391FF6863A9BF 818658DAE6973860FF4DD56269F3CDDF8B7B0718 9AC2729C3E0776028DF5B9634D28E6D7 700BDFCC8D44FD35DEF57A4E44C2E5587114B9AA 727447DFE12CBB797CCC60C91FADC2AB 991BAD63D04D25FF879C39C71C4B6D11FEB6D505 83CFDA7537C0DC596461658A8D716107 33BDB3C41FC092417F7C1A3C40AE14F8F7F81DAE 229A849DA87EFDB8E4E15011F19F3390 E81A982EA29B5F13CD08A60DE37317B38B950B86 3654F62084C1A6E1483AD146A0860F4D 0 0 8E8A4F
$bhilly<~Controls.509~>197<~Controls.510~><~Game.2007~><~Controls.511~><~Controls.46~> null
<bhilly> ok EA63D4
$bhilly<~Controls.372~>362 4251E1
<Vayze> fsp good 71C9A1
$bhilly<~Controls.345~>101 104 103 099 105 102 361 360 100 <~Controls.346~>15 13 14 15 13 11 13 12 13 null
$bhilly<~Controls.350~>101 104 103 099 105 102 361 360 100 null
$Vayze<~Controls.345~>211 213 359 358 212 210 <~Controls.346~>1 1 2 4 1 0 null
$Vayze<~Controls.271~>210<~Controls.272~><~Game.2042~><~Controls.273~><~Game.2035~> 0A57A5
$Vayze<~Controls.790~>247<~Controls.791~><~Game.525~><~Controls.792~><~Game.528~> 84D3AA
$Vayze<~Controls.795~>210<~Controls.796~><~Game.2035~><~Controls.797~><~Game.1997~> DB2E59
$bhilly<~Controls.624~>219<~Controls.625~><~Game.2044~><~Controls.626~><~Game.2037~> null
$Vayze<~Scribe.141~>244 <~Scribe.142~><~Game.1999~><~Scribe.143~><~Game.2037~><~Scribe.144~> 9E2367
$Vayze<~Scribe.141~>252 <~Scribe.142~><~Game.2019~><~Scribe.143~><~Game.2020~><~Scribe.144~> 844DFD
$Vayze<~Controls.323~>247 88DCA7
$Vayze<~Scribe.141~>364 <~Scribe.142~><~Game.2038~><~Scribe.143~><~Game.1999~><~Scribe.144~> A8464B
$Vayze<~Controls.644~>219 244 <~Controls.645~><~Game.2035~> 6D98EC
$bhilly<~HighlightLabel.81~>105<~HighlightLabel.82~><~Game.2043~><~HighlightLabel.83~><~Game.2035~> A76E6F
<bhilly> MT EAACE3
$bhilly<~Controls.840~>181 34934F
<Vayze> nc 95CD85
<auto> playchosen 25AF93
<auto><~Controls.866~>reveal 181 5790FF7029D0924316384AB8363BC22B655C70E6 21<~Controls.867~><~Controls.46~><~Controls.868~><~Game.2036~> BA7D78
<game> bhilly<~Controls.1~> 6 6 4 5 4 null
<game> bhilly<~Controls.1~> 6 6 null
<bhilly> wow B64092
<game> Vayze<~Controls.1~> 6 1 4 5 null
<game> Vayze<~Controls.1~> 3 null
<Vayze> 2 6CB51A
$bhilly<~Scribe.141~>036 <~Scribe.142~><~Game.1944~><~Scribe.143~><~Game.2037~><~Scribe.144~> 1A47B1
$Vayze<~Controls.296~>245 079 083 082 081 <~Controls.297~><~Game.1994~> 538546
$bhilly<~Scribe.141~>423 <~Scribe.142~><~Game.33~><~Scribe.143~><~Game.389~><~Scribe.144~> AEDAEC
$bhilly<~Controls.644~>105 181 036 <~Controls.645~><~Game.2035~> A2DD56
$Vayze<~Controls.271~>212<~Controls.272~><~Game.2042~><~Controls.273~><~Game.2035~> 3B7180
$Vayze<~Controls.323~>247 D6BED1
$Vayze<~Controls.644~>212 <~Controls.645~><~Game.2035~> 622EAC
$bhilly<~HighlightLabel.81~>360<~HighlightLabel.82~><~Game.2043~><~HighlightLabel.83~><~Game.2035~> 617BFA
$bhilly<~Scribe.141~>253 255 040 039 037 336 018 017 016 029 028 027 <~Scribe.142~><~Game.1944~><~Scribe.143~><~Game.1943~><~Scribe.144~> 713E83
$bhilly<~Controls.819~> 8F331A
$bhilly<~Controls.819~> E9787D
$bhilly<~HighlightLabel.81~>361<~HighlightLabel.82~><~Game.2043~><~HighlightLabel.83~><~Game.2035~> A0AA80
<bhilly> did i draw? C4C004
<bhilly> i didnt draw 8F0475
$bhilly<~Controls.509~>194<~Controls.510~><~Game.2006~><~Controls.511~><~Controls.46~> null
$bhilly<~Scribe.141~>253 039 037 040 <~Scribe.142~><~Game.1944~><~Scribe.143~><~Game.1920~><~Scribe.144~> 7FC835
$bhilly<~Controls.644~>361 <~Controls.645~><~Game.2035~> C3BE20
$Vayze<~Controls.271~>359<~Controls.272~><~Game.2042~><~Controls.273~><~Game.2035~> 0665DE
$Vayze<~CardBuffet.9~>reveal 148 EE7695E8C0CAE7C0C93DE4B5F006CFD29784155C 2<~CardBuffet.10~><~Controls.45~><~CardBuffet.11~> BE5CC7
$Vayze<~Scribe.141~>252 <~Scribe.142~><~Game.2020~><~Scribe.143~><~Game.2019~><~Scribe.144~> E5A783
$Vayze<~Scribe.141~>247 <~Scribe.142~><~Game.528~><~Scribe.143~><~Game.529~><~Scribe.144~> 17D403
$Vayze<~Scribe.141~>148 <~Scribe.142~><~Game.2037~><~Scribe.143~><~Game.2036~><~Scribe.144~> 373368
$bhilly<~Controls.624~>221<~Controls.625~><~Game.2044~><~Controls.626~><~Game.2037~> null
<bhilly> 4r 1F3848
$Vayze<~Scribe.141~>252 <~Scribe.142~><~Game.2019~><~Scribe.143~><~Game.2023~><~Scribe.144~> 2A4DC1
$Vayze<~Controls.323~>247 673971
$Vayze<~Controls.644~>359 148 221 <~Controls.645~><~Game.2035~> 7751D2
$bhilly<~HighlightLabel.81~>100<~HighlightLabel.82~><~Game.2043~><~HighlightLabel.83~><~Game.2035~> 5E0C3D
<bhilly> DA 597787
$bhilly<~Controls.840~>194 C96199
<Vayze> nc 207C13
<auto><~Controls.866~>reveal 194 9AEB0B88FA1D89E532CF5B08A7A0CEF28B4ABEF4 18<~Controls.867~><~Controls.46~><~Controls.868~><~Game.2036~> EE7B04
<game> bhilly<~Controls.1~> 4 4 1 1 2 null
<game> bhilly<~Controls.1~> 4 4 3 5 6 null
<bhilly> 2 D80D84
<game> Vayze<~Controls.1~> 3 2 2 5 1 null
<Vayze> 1 44BA06
<bhilly> press draw A4C690
$bhilly<~Controls.509~>209<~Controls.510~><~Game.2006~><~Controls.511~><~Controls.46~> null
$Vayze<~Controls.304~>274 273 <~Controls.305~><~Game.1995~> B591AC
$Vayze<~Controls.313~>083 079 <~Controls.308~><~Controls.314~><~Game.1995~> 8D4820
$bhilly<~Scribe.141~>045 <~Scribe.142~><~Game.1920~><~Scribe.143~><~Game.2037~><~Scribe.144~> 0C2A69
$bhilly<~Scribe.141~>045 <~Scribe.142~><~Game.2037~><~Scribe.143~><~Game.1920~><~Scribe.144~> BF09EE
$bhilly<~Scribe.141~>055 <~Scribe.142~><~Game.1920~><~Scribe.143~><~Game.2037~><~Scribe.144~> DAFB5E
$bhilly<~Controls.662~>194 055 <~Controls.663~><~Game.2035~> 4FA4D2
<bhilly> nc 319B59
<Vayze> nc 3C0D01
<game> bhilly<~Controls.1~> 5 4 6 2 2 null
<game> bhilly<~Controls.1~> 4 5 5 2 null
<bhilly> 1 9A3FF1
<game> Vayze<~Controls.1~> 1 6 4 3 1 null
<Vayze> 1 E4087E
$bhilly<~Scribe.141~>046 <~Scribe.142~><~Game.1920~><~Scribe.143~><~Game.2037~><~Scribe.144~> 5473A6
$Vayze<~Controls.296~>075 <~Controls.297~><~Game.1995~> 8C5D6A
$bhilly<~Controls.644~>100 046 <~Controls.645~><~Game.2035~> 8D9225
<bhilly> stop 3CD065
$Vayze<~Controls.271~>213<~Controls.272~><~Game.2042~><~Controls.273~><~Game.2035~> 1014B7
$Vayze<~Controls.323~>247 123A59
$Vayze<~Controls.644~>213 <~Controls.645~><~Game.2035~> 9FF233
$bhilly<~HighlightLabel.81~>103<~HighlightLabel.82~><~Game.2043~><~HighlightLabel.83~><~Game.2035~> 12DECC
$bhilly<~Scribe.141~>reveal 209 2140A37EA24F1EF49DD3B78F6834F99EF353B53A 16 <~Scribe.142~><~Controls.46~><~Scribe.143~><~Game.2032~><~Scribe.144~> F4F159
$bhilly<~Scribe.141~>reveal 197 EBB130F030B4C2835F60859C601E7630E1E6179A 13 <~Scribe.142~><~Controls.46~><~Scribe.143~><~Game.2036~><~Scribe.144~> EBCE01
<game> bhilly<~Controls.1~> 3 3 6 5 1 null
<game> bhilly<~Controls.1~> 2 3 4 null
<bhilly> 2 B9863F
<game> Vayze<~Controls.1~> 2 3 5 6 null
<Vayze> 2 E7ACA1
$bhilly<~Scribe.141~>048 047 <~Scribe.142~><~Game.1920~><~Scribe.143~><~Game.2037~><~Scribe.144~> 979D24
$bhilly<~Controls.509~>180<~Controls.510~><~Game.2007~><~Controls.511~><~Controls.46~> null
$bhilly<~Controls.662~>197 048 047 <~Controls.663~><~Game.2035~> C3F89D
<bhilly> nc B63700
$Vayze<~Controls.296~>076 077 <~Controls.297~><~Game.1995~> 2144F3
<Vayze> nc D1C3A4
$bhilly<~Scribe.141~>209 <~Scribe.142~><~Game.2032~><~Scribe.143~><~Game.2033~><~Scribe.144~> 5AD816
<game> bhilly<~Controls.1~> 6 5 3 6 3 null
<bhilly> 2 958D44
<game> Vayze<~Controls.1~> 2 5 null
<Vayze> 1 221582
$bhilly<~Controls.304~>057 <~Controls.305~><~Game.1920~> A10E46
$bhilly<~Controls.313~>048 <~Controls.307~><~Controls.314~><~Game.1920~> 80CB76
$Vayze<~Controls.296~>083 079 <~Controls.297~><~Game.1995~> 06356B
$bhilly<~Scribe.141~>423 <~Scribe.142~><~Game.389~><~Scribe.143~><~Game.392~><~Scribe.144~> 539E32
$bhilly<~Controls.644~>103 <~Controls.645~><~Game.2035~> D9BA77
$bhilly<~Controls.281~>209 <~Controls.282~><~Game.2033~><~Controls.283~><~Game.2041~> C9C145
<Vayze> pass E030D7
$bhilly<~HighlightLabel.81~>360<~HighlightLabel.82~><~Game.2043~><~HighlightLabel.83~><~Game.2035~> 31A189
$bhilly<~Scribe.141~>255 336 029 028 027 018 017 016 <~Scribe.142~><~Game.1944~><~Scribe.143~><~Game.1943~><~Scribe.144~> 873DDA
$bhilly<~Scribe.141~>253 039 037 040 038 048 045 042 041 <~Scribe.142~><~Game.1920~><~Scribe.143~><~Game.1924~><~Scribe.144~> E2CBAC
$bhilly<~Controls.644~>360 <~Controls.645~><~Game.2035~> F3F6C5
$Vayze<~Controls.271~>211<~Controls.272~><~Game.2042~><~Controls.273~><~Game.2035~> 46354B
$Vayze<~Controls.790~>247<~Controls.791~><~Game.529~><~Controls.792~><~Game.532~> 998DC5
$Vayze<~Controls.795~>211<~Controls.796~><~Game.2035~><~Controls.797~><~Game.1997~> 30BFAE
$bhilly<~Controls.624~>220<~Controls.625~><~Game.2044~><~Controls.626~><~Game.2037~> null
$Vayze<~Scribe.141~>127 <~Scribe.142~><~Game.2029~><~Scribe.143~><~Game.2036~><~Scribe.144~> 0DF6B9
$bhilly<~Scribe.141~>220 <~Scribe.142~><~Game.2037~><~Scribe.143~><~Game.2036~><~Scribe.144~> E9A497
$Vayze<~Scribe.141~>220 <~Scribe.142~><~Game.2037~><~Scribe.143~><~Game.2034~><~Scribe.144~> 217BA6
$bhilly<~Controls.624~>222<~Controls.625~><~Game.2044~><~Controls.626~><~Game.2037~> null
<bhilly> oof CB07AC
<Vayze> gg AA1914
<bhilly> all eyes 9E36BE
<bhilly> mordor roulette was rude 263FE9
<bhilly> gg 7CB033
<Vayze> yeah nothing i could do AACD4B
<bhilly> no reds but found all the eyes C36CA3
<bhilly> thought you were gonna do it after my roll t1 mordor 73918F
<Vayze> needed a stronghold to not give in so quick D5779C
<bhilly> but tiles didnt cooperate ED5587
<Vayze> if you wasted a couple dice i could survive this turn F03335
<Vayze> maybe have a chance to dunk next turn DDC5EB
<Vayze> and you roll a lot of 6s 3D1EDE
<bhilly> i rolled a lot of hits this turn 395C0D
<Vayze> yes, which was pretty huge 48929B
<Vayze> since i have dead men E83274
<bhilly> i figured C49E35
<bhilly> was obviously playing around it 5B5273
<bhilly> but i had big enough armies elft 9A92AF
<bhilly> which wasnt a guarantee 4466F9
<Vayze> here you could even attack twice if i somehow kill the osgiliiath army 00645F
<bhilly> ya BCDCC8
<Vayze> well, see ya next time 0FFFEB
<bhilly> see yo later! 8DADB9
<~Talker.26~> null
