<auto> silent null
<auto><~Scribe.141~>363 397 398 402 401 400 399 403 404 376 375 374 373 377 378 <~Scribe.142~><~Game.2038~><~Scribe.143~>Spare<~Scribe.144~> null
<auto><~Scribe.141~>365 366 379 380 381 382 383 384 385 386 387 388 389 390 391 392 393 394 395 396 367 368 369 370 371 372 <~Scribe.142~><~Game.2040~><~Scribe.143~>Spare<~Scribe.144~> null
<auto><~Scribe.141~>230 231 <~Scribe.142~><~Game.2044~><~Scribe.143~>Spare<~Scribe.144~> null
<auto><~Scribe.141~>155 152 <~Scribe.142~><~Game.2004~><~Scribe.143~>Spare<~Scribe.144~> null
<auto><~Scribe.141~>137 151 <~Scribe.142~><~Game.2005~><~Scribe.143~>Spare<~Scribe.144~> null
<auto><~Scribe.141~>161 198 <~Scribe.142~><~Game.2006~><~Scribe.143~>Spare<~Scribe.144~> null
<auto><~Scribe.141~>163 188 <~Scribe.142~><~Game.2007~><~Scribe.143~>Spare<~Scribe.144~> null
<auto><~Controls.323~>364 null
<auto> noisy null
<auto> silent null
<auto><~Scribe.141~>312 <~Scribe.142~><~Game.2038~><~Scribe.143~><~Game.1965~><~Scribe.144~> null
<auto> noisy null
<~Game.7~>1 null
<auto> silent null
<auto><~Scribe.141~>363 397 398 402 401 400 399 403 404 376 375 374 373 377 378 <~Scribe.142~><~Game.2038~><~Scribe.143~>Spare<~Scribe.144~> null
<auto><~Scribe.141~>365 366 379 380 381 382 383 384 385 386 387 388 389 390 391 392 393 394 395 396 367 368 369 370 371 372 <~Scribe.142~><~Game.2040~><~Scribe.143~>Spare<~Scribe.144~> null
<auto><~Scribe.141~>230 231 <~Scribe.142~><~Game.2044~><~Scribe.143~>Spare<~Scribe.144~> null
<auto><~Scribe.141~>155 152 <~Scribe.142~><~Game.2004~><~Scribe.143~>Spare<~Scribe.144~> null
<auto><~Scribe.141~>137 151 <~Scribe.142~><~Game.2005~><~Scribe.143~>Spare<~Scribe.144~> null
<auto><~Scribe.141~>161 198 <~Scribe.142~><~Game.2006~><~Scribe.143~>Spare<~Scribe.144~> null
<auto><~Scribe.141~>163 188 <~Scribe.142~><~Game.2007~><~Scribe.143~>Spare<~Scribe.144~> null
<auto><~Controls.323~>364 null
<auto> noisy null
$base silent null
$TEST<~Scribe.141~>312 <~Scribe.142~><~Game.2038~><~Scribe.143~><~Game.1965~><~Scribe.144~> null
$base noisy null
<game> goflya<~Controls.408~>[WOTR-Gandalf2 wotr base2] null
<~Talker.31~> null
<goflya> hi 
<Saktan> hi! 
<Saktan> have we played a league game before? 
<goflya> i dont think so 
<Saktan> great 
<Saktan> Hobbit Game 1 
<Saktan> preference on side? 
<goflya> nope 
<goflya> we can roll if you want 
<Saktan> ok 
<game> Saktan<~Controls.1~> 1 null
<game> goflya<~Controls.1~> 4 null
<goflya> i guess ill choose fp to start 
<goflya> do we start with a token? 
<Saktan> sure, we can do 1 token if youd like 
<goflya> does the handicap revert to the other side on our 2nd game? 
<Saktan> yes! 
<goflya> i am trying to recall league rules 
<goflya> might just do 2 tokens then since thats consistent with my other league games 
<goflya> ill get confused 
<Saktan> okay! works for me 
<Saktan> thats my usual as well 
<goflya> ok doke 
<goflya> lets do it 
<Saktan> glhf! 
$goflya<~Controls.464~>A7CB7967E1E3A5CC3332981A1C8E3ECCC47B3EC0 C2F65FDA6C4A4D8BF6255410AFD22C4C 24 BF16463526389B93891F3EE157C75D00C989F475 AAD78AAD97F09421A420A3F5EE3B951C C41A7D005A8ACDF03A24AB55CC3DBC1C6504A005 2C41F9B26212E3E3FFCBD4CFDB5BB06E 865E6D30B0AA1AACED5BE200AC6E336C84A636B5 4B397848A064D98464233E37E3FD848A E55ACD0581E1D59976AC68DAA525AA88BAA95FBD 0A07522F6D1C437B71F7B5D575A6DAA2 198BD1FE2E9A55FFC0D582BD50556F67020C9845 77D6BD25EF5CA94FA45B4703D599E326 39B40F90D13A088C57F241CEBA2DE0E51D501919 EA18D7913D4CD45E42CAEA782FFC7FFF 453D863EC84873D5F69E610F55E38D73F77531CB 8E2574D09E0314B17922530AEF5E0A59 AF895CE76F20538388A11EDBF20EABDF7D0755F3 20DEA709F6CE2BCCC8E409794F4FCF48 E251F4E95E7221264D0DB1A16A5EB59C9F193EDA F75B32D77C6F6DC49E51E8D031BA5675 A1C6A7B1443311DC8DAACF4D1E27F5E1E7D3B8AB 43E9E0BAB05539A0414EB1FE2E39BF33 E4D3311200501180DC865DF52B9B6BDCB13D4411 99CA1D0C8C06F4EAF1336A3FEE9CD8E7 3A4CDF900D2E72C7E88792366222D79D35756675 AE9CF418F91FD0184CED4ED0B948AC11 36092CA954804E31AF046273BD427999BF64E6FB 624AD82F84B0CFCEF40520BE4E33F756 0EABD9AF48ED7A31792B1C36E69A89B5D7EA285F 00DFC3E051D656E96E904F8DF3A0021B 395D6E67B032DA4C3E50A6850343393138B5E189 C4B81F3E4FD9D4124D067C8DCDEA8548 D0B785D1E6F2E952EE46F389A2081FE03EA6514B 9DDF6844AC34A8328F86F63F71E70CD1 72C9E4D41E4F5D5EB34E80CA7FB69F3033A9B0D5 338430DB8B43B5F54616042DBAC803E9 A7118DD535CAC78437D6792C05A3984AFB1E23BA 2AEBE566F4846E257AC75F9CDC824218 9906797BD35C9BCC7407F69542232D82DE4845BA A8483D710CAB889A4DEA7DCDB910FF11 2D6044CB2935C64B1B9F85285FE81BE0D8F079ED 14502A1A85E983F560AC6ED17329AFBD 0D0782E09384BDD828F6BBEC0D52A86D4A938E79 217C8D655737D73B75CA40FD423BD791 0533F64BF7959F8D579B7ED226621CB2489360C8 0A531FEEAF77214C5638ABE686BF4D13 74497307942F3B27F07E6027973A75D9C814FC89 1E2B156D28BE8F49F4E2CEF71F3C5704 A4F65EA7032E532AE5ACA0FBB2442FB7F948365D 7F33AF033822E795D2F04F40FC857030 24 386C54DA29F4D133D6FBCE6DEE179758B2D14817 26C59770ECD59355A3241844F218E240 075DA25CCB7A5D0F0D7276C90C1A25AAECA4FBA8 2940F8C2D773066132460A09CE98902C 48794AACC7E3312464C7C2CF7D9462075ADA0772 40F9A7A047B8C3BD81B50897ADCF2B80 8AB462720A040925D089418DE4CD880EEFF391E6 85FB1D88BA191A7F358C2FEF8ABD1E5C A7A354FD8755AE3FA943C54347C703E7D2FB016B 7AA2165290F4B33530F14442178DB8E0 5F47390840B3E958502D8F20B77AE5368A975C69 50506A96013E74C57F8268D9D1812F30 17AF884CCCE5ED3527125124B1BC89A51D24AD68 66C4A2FB50F276AD77F934D14E339CDE EDDC0B46704D1654DE03A9A598490084C7A5EA8F 0FD6B02540B2ED151A6D15F5D9A91CDB E5AEF34A439911FB7179EDABB32A1F728CC9C6CD 9897FC35C7432496BED6C1D8403034A8 BA07E387A9BD40E433B015090096BE46F8386C7B 8825262A01EA7FD1F0BCECC6EBEE7545 8891758DAAA896B08F8D99CE272C5E41712F23A1 29A66DEF67C807309528666830A4D5F6 0D7EA96D1B4AF3769DD84CAC5F2575616426E1A7 473D1D8B40C533F5524896B4E60DDB2F 6D19FC3843521E90A0667FFBE2C20D6662D290FE 37F8B71C579FA2612D6674FD37D8A937 50A797C70FB3035D387836E58581601B1F0EFC65 1AF65CD9ED2A2FE9741345D4BA259997 A230B3508DF575E2B63D598D26CDFA3B9835C14D 6350FE10F1E9E791DDAEB453C104335E 94CBB7D3FCB82D3BED117224930F53784AE2BEDB 9687FF396E73EB78EEA891ADEE652595 83EB88273E513CDE27DC29DE153A85ED51E29A04 5178C74E445E5F239E2ABCF00C6833AF 9551A4CCEE42BD65273D73ADDB99F979929A5293 8F1C0E271AA3DE823C0217FD1B0DCFF4 DAF2ADA220ED410035A5BBFA6A22F82FCFFF0201 2B9D6E1492A9177990FA9FD1ACACF02F B06D86C6D332023A6E9F90E5E7983D528974790A A3774ADBBF7421AD3F00947A6FB742BB 071236145BA479771B886DA0C8FB0B58D56038D3 1FBC921ED3A292E173B9E5340AA00D2B D78625FD4850EAB1D85C69B65E38A4287B688C7F B1A7D8BA1C34DCD3BB7393172BFDB8A0 C095742BA4E753ACF5DE3851145CBE7B501152B0 DC1E571B314D155F2F8CD314E0387469 6083807CD2B5003EDD55F1A1FA8CD9E5C8FF6102 5ACCBACE686884F5D7B5DC2A2561EA4E 0 0 875B6F
$Saktan<~Controls.479~>B91D073056AC3572B47D25ABFAC32385A760F179 270F7A5B84A24D17E64C3FB11CD7F0B4 24 43348FFE5075EF9AD5C69098B741B377CB8AFC3D 5A2A5F71D05E79FB144D20403E9CF9D1 BFE8F7B5D62AEF4A4C6183CB8BF564ABE2148152 65421AD7B2589DFAE388EA5158C6C963 32584305AFB2A144FBC188A6927F4147E4710672 F6EEB077776600747585FF6CB1A779D2 147B9E6A6DF72BC9F4EF1853EC0B1062F374CEC6 DC9D5B81A4832AADA6DD0F9D5C288621 44E20754EF06B818BE8A5C84C69F4A3EE6C59810 C9EC73017021B7136FBBDF30CC4DB8E1 9007DAFAD59C1A9D601013BD2B4D301005F72D87 595B483C728A17688F038F96AD274546 FC67D3E76AD908F43CD6E95478838A5A13042C4A 5299EA859A4D6B866717C680F1353FA5 08740A1217AB5B49ADEF40AA4B1F1CA586BA6192 2DF59D4665E47FDA2551D249289C6FEB 8BFD003847ABE52ABA06F99D01B55F28F2757112 D5AEDF9B4C0868AF259ECB2C14B63EC6 9053A4088E6031F6CD9A5760D3E839ED18400F3D AE325B767D6B2E3D93DB8E0A7CE1B810 FEADD8CEB5D95E2CBDE9B75FE5DF41CB835E9647 D880B839CCC82E4F54D9EE8E40913514 F019FCED88A4E499D48DC24EB07AFE01B7F6F7AE B444534DEC7EDB8626273854ADFDF366 E0D63B7D0EB383823D3800394122CBBA1EA79CBA A660CD10D92A65F80510422612066234 E97E3FFECEF25DE7B56B17801CF2895FB04FC905 1CF2579D98F51C3CD06709759317F7E8 16964B32F188DB3333F6AEF5F43EE26552196E72 CF11BA402289C1172C0F78F73C2DD60F F70755F70C9E663A7287140C6C735A4DC4879042 48D4CCD19DE071D1A851C62B593D0778 15B920798F65E35F8D478D2BF10602F4D10410C3 A64E98C3CD6700C2228211EA04A849D3 B299E0D58C46815E27818B9B79B75C31343A745B 9DA3B51CC91D143968799561FE7A8626 63914DA9D4FC843A5666E6994B517B541D93258E C25C5660F1AE2C9221DBAC3FC29E02DD 55DD65FCF756009807766463F11CF30F7F6C6DB6 059491B51FBA7901EE449633D740DEB8 391D3915571315F7DD7C1F9288FDF348EF441CAD 7DB19BA41CB5C421CBCB3AB1650F7066 6714A488D42128595D8056BF6D83D0DA1AC342FF 6BC195105424B05CBB6B14920B1AE029 B26E9B365D226F21340FE0E68962895F8CE5441C 78A6ED63CD19868BA44D19B4EF6B4F10 29ED523A1529456AAF6E634BDB96A2BC326CDA0F 41AC1875552FFB8377077BD516B316AD 24 DEB6E0E654CAFF44EA6CF20AF60CA7BE81567F3E 153E067EFB6FEAF8933A57E7F48877B9 2CB7726F0C6C1175764E741BAB56DB5F09DDBEB2 FCC540A2BFE4612E6B3469CB4630C1BE C717D6C2A217282FF30EF8D4AD0791C442353E2D FBF78E3A8CB89E716575A2AF20DCA231 E7488AAAD1563BAB08E23D7A953B40C2788DF2B2 970D48416627133C05428AE841D4724E E635C8CCADB5E35F9CC7180E07F76E531419A294 96B5B15CDFAC7F034AA2A296AE0AD36A 52D73F65247C8E66089F2C7D01E3885A33ACC969 0CBCE6BCCF25CC4B5873137E7DF690F6 5B31981DD2B2969DAE97F0A8AB5BDAA91FCE4333 95AE312D43D9E4E0566FC218F1C727C5 95F476D92CCDA3D772F67C3745DA1A0C48683FBD DE00B7B5B59CAAAA994F090CC7492980 3D54A95513FCD2EE53A66875B93CCE149E4127C1 6A75FE1D7D874442016DA92ACF0343F2 EE5106319FD03814F0047F485B3E80885D1EAA1E 93CEA3B387E914F2A382AE0BBD72DAA7 B80EB3A5C7DB85FAE7567A8DD9CCB909958812C4 CD0B735646797AAFA876E8E5406994B6 B8ECA3D02F06BBEB44778DBE8BC95AFF23A6E7A6 32B7B4E4E8ECA1B2744DBED754EEC835 F373743B62CCB326B4AE9E0AE408DC9DED4E74CF 3A07B36BCB723BD40AAB9A7AD42C2680 D3199274F3404960F5469C0A3AB9143FE52BC9D0 C9D8C8B12FBD2ABEAE8654AA5248DAFF 6E5FB79EBD607C7CB1D9E49B4997ACB055F72BD2 6EC5D7C42B957F2ACBF4FCB92A2BC563 72EA88F36C0AE2D5065352A0B7E550D36DB27F1B E9D912B2E52870FE172BA502D4A1B05A 43815DAF8F39A74BC4DA2AE8D2F7EC6C706296E7 EEB0DFAEFD88ED94F4223E4C7A579E92 C7C63E8A3C73758DE8A35331C270430A74444014 28F6670E4909FE48197EE526CA8720D3 D3C73A5DC9788422D5C1F9E2054FF6AF98ADED33 809591F0C778907A719109EA0C7AABC3 890D31B89538A99D093F24B6E1587B0FDDDD5DD5 9E1AB4B5CF64364C42BA08E176191BC7 7A5F0D2DCB4CC277B572712B01FEF5C047A882DC AF04C6C288DB621492618EC0BF3E895D A61A65BDE6A357FFD19302656028F2C90B78139B 681225DC9C61AE84C5513207F17E469A 7C7A05F6EADC0F47BAAC4376F7DD023AAA61CFB6 4BCAC86D2F0F78648A42057D83939066 2AD6580FF0DC92645C2C8CB74261B2ACD9831ACF 29C3DE1E0C084725F8BEFFDAA6AFBECF 0 0 251368
<goflya> u too 67008E
$Saktan<~Controls.509~>173<~Controls.510~><~Game.2006~><~Controls.511~><~Controls.46~> null
$Saktan<~Controls.509~>187<~Controls.510~><~Game.2007~><~Controls.511~><~Controls.46~> null
$goflya<~Controls.281~>427 426 <~Controls.282~><~Game.2038~><~Controls.283~><~Game.2042~> 0A10C4
$goflya<~Controls.509~>128<~Controls.510~><~Game.2004~><~Controls.511~><~Controls.45~> null
$goflya<~Controls.509~>131<~Controls.510~><~Game.2005~><~Controls.511~><~Controls.45~> null
<goflya> fp ok BAB819
<Saktan> 1e C96E08
$Saktan<~Controls.372~>105 881405
$Saktan<~Controls.345~>104 103 102 101 100 099 <~Controls.346~>11 11 15 15 15 12 null
$Saktan<~Controls.350~>104 103 102 101 100 099 null
$goflya<~Controls.345~>213 212 211 210 <~Controls.346~>2 3 4 0 null
<goflya> lots of eyes A337E2
<Saktan> yes too many 375248
$goflya<~Scribe.141~>213 <~Scribe.142~><~Game.2042~><~Scribe.143~><~Game.2035~><~Scribe.144~> EEAB62
$goflya<~Scribe.141~>reveal 128 EA7C3C1713F76E4D361046CA6B59D6B9B42D846A 9 <~Scribe.142~><~Controls.45~><~Scribe.143~><~Game.2036~><~Scribe.144~> 5239D6
$goflya<~Scribe.141~>232 <~Scribe.142~><~Game.2046~><~Scribe.143~><~Game.2037~><~Scribe.144~> 1448CF
$goflya<~Controls.509~>133<~Controls.510~><~Game.2004~><~Controls.511~><~Controls.45~> null
$goflya<~Controls.644~>213 128 232 <~Controls.645~><~Game.2035~> 451969
$Saktan<~HighlightLabel.81~>103<~HighlightLabel.82~><~Game.2043~><~HighlightLabel.83~><~Game.2035~> 3D5234
$Saktan<~HighlightLabel.101~>263<~HighlightLabel.102~><~Game.2002~><~HighlightLabel.103~><~Game.2003~> 5EC0DF
$Saktan<~Controls.644~>103 <~Controls.645~><~Game.2035~> 696D35
$goflya<~Scribe.141~>212 <~Scribe.142~><~Game.2042~><~Scribe.143~><~Game.2035~><~Scribe.144~> 0BA852
$goflya<~Scribe.141~>256 <~Scribe.142~><~Game.2000~><~Scribe.143~><~Game.2001~><~Scribe.144~> 93D42A
$goflya<~Controls.644~>212 <~Controls.645~><~Game.2035~> A0574C
$Saktan<~HighlightLabel.81~>104<~HighlightLabel.82~><~Game.2043~><~HighlightLabel.83~><~Game.2035~> A6BC91
$Saktan<~Controls.819~> 244A05
$Saktan<~HighlightLabel.81~>099<~HighlightLabel.82~><~Game.2043~><~HighlightLabel.83~><~Game.2035~> 7682E1
$Saktan<~Scribe.141~>039 036 029 028 027 026 <~Scribe.142~><~Game.1979~><~Scribe.143~><~Game.1977~><~Scribe.144~> E5B67A
$Saktan<~Scribe.141~>055 049 048 047 <~Scribe.142~><~Game.1968~><~Scribe.143~><~Game.1946~><~Scribe.144~> 27A92A
$Saktan<~Controls.644~>099 <~Controls.645~><~Game.2035~> 50B830
$goflya<~Scribe.141~>210 <~Scribe.142~><~Game.2042~><~Scribe.143~><~Game.2035~><~Scribe.144~> 513C90
$goflya<~Controls.790~>248<~Controls.791~><~Game.2014~><~Controls.792~><~Game.2015~> 046F52
$goflya<~Controls.795~>210<~Controls.796~><~Game.2035~><~Controls.797~><~Game.1997~> F8B92A
<game> Saktan<~Controls.1~> 1 5 1 4 null
<Saktan> safe 35ACFA
$Saktan<~HighlightLabel.81~>104<~HighlightLabel.82~><~Game.2043~><~HighlightLabel.83~><~Game.2035~> CD25E5
$Saktan<~Scribe.141~>254 <~Scribe.142~><~Game.2040~><~Scribe.143~><~Game.1919~><~Scribe.144~> FE19EF
$Saktan<~Scribe.141~>361 <~Scribe.142~><~Game.2040~><~Scribe.143~><~Game.2037~><~Scribe.144~> F4A8B6
$Saktan<~Controls.644~>104 361 <~Controls.645~><~Game.2035~> B10A69
$goflya<~Scribe.141~>211 <~Scribe.142~><~Game.2042~><~Scribe.143~><~Game.2035~><~Scribe.144~> 46F5B6
$goflya<~Scribe.141~>065 <~Scribe.142~><~Game.1941~><~Scribe.143~><~Game.1957~><~Scribe.144~> EAFC4E
$goflya<~Scribe.141~>059 <~Scribe.142~><~Game.1973~><~Scribe.143~><~Game.1965~><~Scribe.144~> 52C4C1
$goflya<~Controls.644~>211 <~Controls.645~><~Game.2035~> 324A98
$Saktan<~Controls.757~>102 101 100 105 <~Controls.758~><~Game.1997~><~Controls.759~><~Game.2043~> C00C5E
$Saktan<~Controls.762~>104 361 099 103 <~Controls.763~><~Game.2041~><~Controls.764~><~Game.2043~> 38E586
$goflya<~Controls.726~>210 <~Controls.727~><~Game.1997~><~Controls.728~><~Game.2042~> F83EA9
<~Game.7~>2 null
$goflya<~Controls.731~>211 212 213 <~Controls.732~><~Game.2039~><~Controls.733~><~Game.2042~> F602FE
$Saktan<~Controls.509~>179<~Controls.510~><~Game.2006~><~Controls.511~><~Controls.46~> null
$Saktan<~Controls.509~>192<~Controls.510~><~Game.2007~><~Controls.511~><~Controls.46~> null
$goflya<~Controls.509~>142<~Controls.510~><~Game.2004~><~Controls.511~><~Controls.45~> null
$goflya<~Controls.509~>143<~Controls.510~><~Game.2005~><~Controls.511~><~Controls.45~> null
<goflya> fp ok DA7E90
<Saktan> 1e B54035
$Saktan<~Controls.372~>104 33BE76
$Saktan<~Controls.345~>361 099 103 102 101 100 105 <~Controls.346~>13 12 11 14 12 14 11 null
$Saktan<~Controls.350~>361 099 103 102 101 100 105 null
$goflya<~Controls.345~>211 212 213 210 <~Controls.346~>2 1 1 1 null
<game> Saktan<~Controls.397~> 
<~Talker.31~> null
$Saktan sendTokens FREE_PEOPLE.A7CB7967E1E3A5CC3332981A1C8E3ECCC47B3EC0 C2F65FDA6C4A4D8BF6255410AFD22C4C 24 BF16463526389B93891F3EE157C75D00C989F475 AAD78AAD97F09421A420A3F5EE3B951C C41A7D005A8ACDF03A24AB55CC3DBC1C6504A005 2C41F9B26212E3E3FFCBD4CFDB5BB06E 865E6D30B0AA1AACED5BE200AC6E336C84A636B5 4B397848A064D98464233E37E3FD848A E55ACD0581E1D59976AC68DAA525AA88BAA95FBD 0A07522F6D1C437B71F7B5D575A6DAA2 198BD1FE2E9A55FFC0D582BD50556F67020C9845 77D6BD25EF5CA94FA45B4703D599E326 39B40F90D13A088C57F241CEBA2DE0E51D501919 EA18D7913D4CD45E42CAEA782FFC7FFF 453D863EC84873D5F69E610F55E38D73F77531CB 8E2574D09E0314B17922530AEF5E0A59 AF895CE76F20538388A11EDBF20EABDF7D0755F3 20DEA709F6CE2BCCC8E409794F4FCF48 E251F4E95E7221264D0DB1A16A5EB59C9F193EDA F75B32D77C6F6DC49E51E8D031BA5675 A1C6A7B1443311DC8DAACF4D1E27F5E1E7D3B8AB 43E9E0BAB05539A0414EB1FE2E39BF33 E4D3311200501180DC865DF52B9B6BDCB13D4411 99CA1D0C8C06F4EAF1336A3FEE9CD8E7 3A4CDF900D2E72C7E88792366222D79D35756675 AE9CF418F91FD0184CED4ED0B948AC11 36092CA954804E31AF046273BD427999BF64E6FB 624AD82F84B0CFCEF40520BE4E33F756 0EABD9AF48ED7A31792B1C36E69A89B5D7EA285F 00DFC3E051D656E96E904F8DF3A0021B 395D6E67B032DA4C3E50A6850343393138B5E189 C4B81F3E4FD9D4124D067C8DCDEA8548 D0B785D1E6F2E952EE46F389A2081FE03EA6514B 9DDF6844AC34A8328F86F63F71E70CD1 72C9E4D41E4F5D5EB34E80CA7FB69F3033A9B0D5 338430DB8B43B5F54616042DBAC803E9 A7118DD535CAC78437D6792C05A3984AFB1E23BA 2AEBE566F4846E257AC75F9CDC824218 9906797BD35C9BCC7407F69542232D82DE4845BA A8483D710CAB889A4DEA7DCDB910FF11 2D6044CB2935C64B1B9F85285FE81BE0D8F079ED 14502A1A85E983F560AC6ED17329AFBD 0D0782E09384BDD828F6BBEC0D52A86D4A938E79 217C8D655737D73B75CA40FD423BD791 0533F64BF7959F8D579B7ED226621CB2489360C8 0A531FEEAF77214C5638ABE686BF4D13 74497307942F3B27F07E6027973A75D9C814FC89 1E2B156D28BE8F49F4E2CEF71F3C5704 A4F65EA7032E532AE5ACA0FBB2442FB7F948365D 7F33AF033822E795D2F04F40FC857030 24 386C54DA29F4D133D6FBCE6DEE179758B2D14817 26C59770ECD59355A3241844F218E240 075DA25CCB7A5D0F0D7276C90C1A25AAECA4FBA8 2940F8C2D773066132460A09CE98902C 48794AACC7E3312464C7C2CF7D9462075ADA0772 40F9A7A047B8C3BD81B50897ADCF2B80 8AB462720A040925D089418DE4CD880EEFF391E6 85FB1D88BA191A7F358C2FEF8ABD1E5C A7A354FD8755AE3FA943C54347C703E7D2FB016B 7AA2165290F4B33530F14442178DB8E0 5F47390840B3E958502D8F20B77AE5368A975C69 50506A96013E74C57F8268D9D1812F30 17AF884CCCE5ED3527125124B1BC89A51D24AD68 66C4A2FB50F276AD77F934D14E339CDE EDDC0B46704D1654DE03A9A598490084C7A5EA8F 0FD6B02540B2ED151A6D15F5D9A91CDB E5AEF34A439911FB7179EDABB32A1F728CC9C6CD 9897FC35C7432496BED6C1D8403034A8 BA07E387A9BD40E433B015090096BE46F8386C7B 8825262A01EA7FD1F0BCECC6EBEE7545 8891758DAAA896B08F8D99CE272C5E41712F23A1 29A66DEF67C807309528666830A4D5F6 0D7EA96D1B4AF3769DD84CAC5F2575616426E1A7 473D1D8B40C533F5524896B4E60DDB2F 6D19FC3843521E90A0667FFBE2C20D6662D290FE 37F8B71C579FA2612D6674FD37D8A937 50A797C70FB3035D387836E58581601B1F0EFC65 1AF65CD9ED2A2FE9741345D4BA259997 A230B3508DF575E2B63D598D26CDFA3B9835C14D 6350FE10F1E9E791DDAEB453C104335E 94CBB7D3FCB82D3BED117224930F53784AE2BEDB 9687FF396E73EB78EEA891ADEE652595 83EB88273E513CDE27DC29DE153A85ED51E29A04 5178C74E445E5F239E2ABCF00C6833AF 9551A4CCEE42BD65273D73ADDB99F979929A5293 8F1C0E271AA3DE823C0217FD1B0DCFF4 DAF2ADA220ED410035A5BBFA6A22F82FCFFF0201 2B9D6E1492A9177990FA9FD1ACACF02F B06D86C6D332023A6E9F90E5E7983D528974790A A3774ADBBF7421AD3F00947A6FB742BB 071236145BA479771B886DA0C8FB0B58D56038D3 1FBC921ED3A292E173B9E5340AA00D2B D78625FD4850EAB1D85C69B65E38A4287B688C7F B1A7D8BA1C34DCD3BB7393172BFDB8A0 C095742BA4E753ACF5DE3851145CBE7B501152B0 DC1E571B314D155F2F8CD314E0387469 6083807CD2B5003EDD55F1A1FA8CD9E5C8FF6102 5ACCBACE686884F5D7B5DC2A2561EA4E 0 0 
$Saktan sendTokens SHADOW.B91D073056AC3572B47D25ABFAC32385A760F179 270F7A5B84A24D17E64C3FB11CD7F0B4 24 43348FFE5075EF9AD5C69098B741B377CB8AFC3D 5A2A5F71D05E79FB144D20403E9CF9D1 BFE8F7B5D62AEF4A4C6183CB8BF564ABE2148152 65421AD7B2589DFAE388EA5158C6C963 32584305AFB2A144FBC188A6927F4147E4710672 F6EEB077776600747585FF6CB1A779D2 147B9E6A6DF72BC9F4EF1853EC0B1062F374CEC6 DC9D5B81A4832AADA6DD0F9D5C288621 44E20754EF06B818BE8A5C84C69F4A3EE6C59810 C9EC73017021B7136FBBDF30CC4DB8E1 9007DAFAD59C1A9D601013BD2B4D301005F72D87 595B483C728A17688F038F96AD274546 FC67D3E76AD908F43CD6E95478838A5A13042C4A 5299EA859A4D6B866717C680F1353FA5 08740A1217AB5B49ADEF40AA4B1F1CA586BA6192 2DF59D4665E47FDA2551D249289C6FEB 8BFD003847ABE52ABA06F99D01B55F28F2757112 D5AEDF9B4C0868AF259ECB2C14B63EC6 9053A4088E6031F6CD9A5760D3E839ED18400F3D AE325B767D6B2E3D93DB8E0A7CE1B810 FEADD8CEB5D95E2CBDE9B75FE5DF41CB835E9647 D880B839CCC82E4F54D9EE8E40913514 F019FCED88A4E499D48DC24EB07AFE01B7F6F7AE B444534DEC7EDB8626273854ADFDF366 E0D63B7D0EB383823D3800394122CBBA1EA79CBA A660CD10D92A65F80510422612066234 E97E3FFECEF25DE7B56B17801CF2895FB04FC905 1CF2579D98F51C3CD06709759317F7E8 16964B32F188DB3333F6AEF5F43EE26552196E72 CF11BA402289C1172C0F78F73C2DD60F F70755F70C9E663A7287140C6C735A4DC4879042 48D4CCD19DE071D1A851C62B593D0778 15B920798F65E35F8D478D2BF10602F4D10410C3 A64E98C3CD6700C2228211EA04A849D3 B299E0D58C46815E27818B9B79B75C31343A745B 9DA3B51CC91D143968799561FE7A8626 63914DA9D4FC843A5666E6994B517B541D93258E C25C5660F1AE2C9221DBAC3FC29E02DD 55DD65FCF756009807766463F11CF30F7F6C6DB6 059491B51FBA7901EE449633D740DEB8 391D3915571315F7DD7C1F9288FDF348EF441CAD 7DB19BA41CB5C421CBCB3AB1650F7066 6714A488D42128595D8056BF6D83D0DA1AC342FF 6BC195105424B05CBB6B14920B1AE029 B26E9B365D226F21340FE0E68962895F8CE5441C 78A6ED63CD19868BA44D19B4EF6B4F10 29ED523A1529456AAF6E634BDB96A2BC326CDA0F 41AC1875552FFB8377077BD516B316AD 24 DEB6E0E654CAFF44EA6CF20AF60CA7BE81567F3E 153E067EFB6FEAF8933A57E7F48877B9 2CB7726F0C6C1175764E741BAB56DB5F09DDBEB2 FCC540A2BFE4612E6B3469CB4630C1BE C717D6C2A217282FF30EF8D4AD0791C442353E2D FBF78E3A8CB89E716575A2AF20DCA231 E7488AAAD1563BAB08E23D7A953B40C2788DF2B2 970D48416627133C05428AE841D4724E E635C8CCADB5E35F9CC7180E07F76E531419A294 96B5B15CDFAC7F034AA2A296AE0AD36A 52D73F65247C8E66089F2C7D01E3885A33ACC969 0CBCE6BCCF25CC4B5873137E7DF690F6 5B31981DD2B2969DAE97F0A8AB5BDAA91FCE4333 95AE312D43D9E4E0566FC218F1C727C5 95F476D92CCDA3D772F67C3745DA1A0C48683FBD DE00B7B5B59CAAAA994F090CC7492980 3D54A95513FCD2EE53A66875B93CCE149E4127C1 6A75FE1D7D874442016DA92ACF0343F2 EE5106319FD03814F0047F485B3E80885D1EAA1E 93CEA3B387E914F2A382AE0BBD72DAA7 B80EB3A5C7DB85FAE7567A8DD9CCB909958812C4 CD0B735646797AAFA876E8E5406994B6 B8ECA3D02F06BBEB44778DBE8BC95AFF23A6E7A6 32B7B4E4E8ECA1B2744DBED754EEC835 F373743B62CCB326B4AE9E0AE408DC9DED4E74CF 3A07B36BCB723BD40AAB9A7AD42C2680 D3199274F3404960F5469C0A3AB9143FE52BC9D0 C9D8C8B12FBD2ABEAE8654AA5248DAFF 6E5FB79EBD607C7CB1D9E49B4997ACB055F72BD2 6EC5D7C42B957F2ACBF4FCB92A2BC563 72EA88F36C0AE2D5065352A0B7E550D36DB27F1B E9D912B2E52870FE172BA502D4A1B05A 43815DAF8F39A74BC4DA2AE8D2F7EC6C706296E7 EEB0DFAEFD88ED94F4223E4C7A579E92 C7C63E8A3C73758DE8A35331C270430A74444014 28F6670E4909FE48197EE526CA8720D3 D3C73A5DC9788422D5C1F9E2054FF6AF98ADED33 809591F0C778907A719109EA0C7AABC3 890D31B89538A99D093F24B6E1587B0FDDDD5DD5 9E1AB4B5CF64364C42BA08E176191BC7 7A5F0D2DCB4CC277B572712B01FEF5C047A882DC AF04C6C288DB621492618EC0BF3E895D A61A65BDE6A357FFD19302656028F2C90B78139B 681225DC9C61AE84C5513207F17E469A 7C7A05F6EADC0F47BAAC4376F7DD023AAA61CFB6 4BCAC86D2F0F78648A42057D83939066 2AD6580FF0DC92645C2C8CB74261B2ACD9831ACF 29C3DE1E0C084725F8BEFFDAA6AFBECF 0 0 
<Saktan> hello 
<goflya> looks good 
<Saktan> you view hand first 
$goflya<~Controls.464~>A7CB7967E1E3A5CC3332981A1C8E3ECCC47B3EC0 C2F65FDA6C4A4D8BF6255410AFD22C4C 24 BF16463526389B93891F3EE157C75D00C989F475 AAD78AAD97F09421A420A3F5EE3B951C C41A7D005A8ACDF03A24AB55CC3DBC1C6504A005 2C41F9B26212E3E3FFCBD4CFDB5BB06E 865E6D30B0AA1AACED5BE200AC6E336C84A636B5 4B397848A064D98464233E37E3FD848A E55ACD0581E1D59976AC68DAA525AA88BAA95FBD 0A07522F6D1C437B71F7B5D575A6DAA2 198BD1FE2E9A55FFC0D582BD50556F67020C9845 77D6BD25EF5CA94FA45B4703D599E326 39B40F90D13A088C57F241CEBA2DE0E51D501919 EA18D7913D4CD45E42CAEA782FFC7FFF 453D863EC84873D5F69E610F55E38D73F77531CB 8E2574D09E0314B17922530AEF5E0A59 AF895CE76F20538388A11EDBF20EABDF7D0755F3 20DEA709F6CE2BCCC8E409794F4FCF48 E251F4E95E7221264D0DB1A16A5EB59C9F193EDA F75B32D77C6F6DC49E51E8D031BA5675 A1C6A7B1443311DC8DAACF4D1E27F5E1E7D3B8AB 43E9E0BAB05539A0414EB1FE2E39BF33 E4D3311200501180DC865DF52B9B6BDCB13D4411 99CA1D0C8C06F4EAF1336A3FEE9CD8E7 3A4CDF900D2E72C7E88792366222D79D35756675 AE9CF418F91FD0184CED4ED0B948AC11 36092CA954804E31AF046273BD427999BF64E6FB 624AD82F84B0CFCEF40520BE4E33F756 0EABD9AF48ED7A31792B1C36E69A89B5D7EA285F 00DFC3E051D656E96E904F8DF3A0021B 395D6E67B032DA4C3E50A6850343393138B5E189 C4B81F3E4FD9D4124D067C8DCDEA8548 D0B785D1E6F2E952EE46F389A2081FE03EA6514B 9DDF6844AC34A8328F86F63F71E70CD1 72C9E4D41E4F5D5EB34E80CA7FB69F3033A9B0D5 338430DB8B43B5F54616042DBAC803E9 A7118DD535CAC78437D6792C05A3984AFB1E23BA 2AEBE566F4846E257AC75F9CDC824218 9906797BD35C9BCC7407F69542232D82DE4845BA A8483D710CAB889A4DEA7DCDB910FF11 2D6044CB2935C64B1B9F85285FE81BE0D8F079ED 14502A1A85E983F560AC6ED17329AFBD 0D0782E09384BDD828F6BBEC0D52A86D4A938E79 217C8D655737D73B75CA40FD423BD791 0533F64BF7959F8D579B7ED226621CB2489360C8 0A531FEEAF77214C5638ABE686BF4D13 74497307942F3B27F07E6027973A75D9C814FC89 1E2B156D28BE8F49F4E2CEF71F3C5704 A4F65EA7032E532AE5ACA0FBB2442FB7F948365D 7F33AF033822E795D2F04F40FC857030 24 386C54DA29F4D133D6FBCE6DEE179758B2D14817 26C59770ECD59355A3241844F218E240 075DA25CCB7A5D0F0D7276C90C1A25AAECA4FBA8 2940F8C2D773066132460A09CE98902C 48794AACC7E3312464C7C2CF7D9462075ADA0772 40F9A7A047B8C3BD81B50897ADCF2B80 8AB462720A040925D089418DE4CD880EEFF391E6 85FB1D88BA191A7F358C2FEF8ABD1E5C A7A354FD8755AE3FA943C54347C703E7D2FB016B 7AA2165290F4B33530F14442178DB8E0 5F47390840B3E958502D8F20B77AE5368A975C69 50506A96013E74C57F8268D9D1812F30 17AF884CCCE5ED3527125124B1BC89A51D24AD68 66C4A2FB50F276AD77F934D14E339CDE EDDC0B46704D1654DE03A9A598490084C7A5EA8F 0FD6B02540B2ED151A6D15F5D9A91CDB E5AEF34A439911FB7179EDABB32A1F728CC9C6CD 9897FC35C7432496BED6C1D8403034A8 BA07E387A9BD40E433B015090096BE46F8386C7B 8825262A01EA7FD1F0BCECC6EBEE7545 8891758DAAA896B08F8D99CE272C5E41712F23A1 29A66DEF67C807309528666830A4D5F6 0D7EA96D1B4AF3769DD84CAC5F2575616426E1A7 473D1D8B40C533F5524896B4E60DDB2F 6D19FC3843521E90A0667FFBE2C20D6662D290FE 37F8B71C579FA2612D6674FD37D8A937 50A797C70FB3035D387836E58581601B1F0EFC65 1AF65CD9ED2A2FE9741345D4BA259997 A230B3508DF575E2B63D598D26CDFA3B9835C14D 6350FE10F1E9E791DDAEB453C104335E 94CBB7D3FCB82D3BED117224930F53784AE2BEDB 9687FF396E73EB78EEA891ADEE652595 83EB88273E513CDE27DC29DE153A85ED51E29A04 5178C74E445E5F239E2ABCF00C6833AF 9551A4CCEE42BD65273D73ADDB99F979929A5293 8F1C0E271AA3DE823C0217FD1B0DCFF4 DAF2ADA220ED410035A5BBFA6A22F82FCFFF0201 2B9D6E1492A9177990FA9FD1ACACF02F B06D86C6D332023A6E9F90E5E7983D528974790A A3774ADBBF7421AD3F00947A6FB742BB 071236145BA479771B886DA0C8FB0B58D56038D3 1FBC921ED3A292E173B9E5340AA00D2B D78625FD4850EAB1D85C69B65E38A4287B688C7F B1A7D8BA1C34DCD3BB7393172BFDB8A0 C095742BA4E753ACF5DE3851145CBE7B501152B0 DC1E571B314D155F2F8CD314E0387469 6083807CD2B5003EDD55F1A1FA8CD9E5C8FF6102 5ACCBACE686884F5D7B5DC2A2561EA4E 0 0 4561A1
<goflya> yep ADBB49
$Saktan<~Controls.479~>B91D073056AC3572B47D25ABFAC32385A760F179 270F7A5B84A24D17E64C3FB11CD7F0B4 24 43348FFE5075EF9AD5C69098B741B377CB8AFC3D 5A2A5F71D05E79FB144D20403E9CF9D1 BFE8F7B5D62AEF4A4C6183CB8BF564ABE2148152 65421AD7B2589DFAE388EA5158C6C963 32584305AFB2A144FBC188A6927F4147E4710672 F6EEB077776600747585FF6CB1A779D2 147B9E6A6DF72BC9F4EF1853EC0B1062F374CEC6 DC9D5B81A4832AADA6DD0F9D5C288621 44E20754EF06B818BE8A5C84C69F4A3EE6C59810 C9EC73017021B7136FBBDF30CC4DB8E1 9007DAFAD59C1A9D601013BD2B4D301005F72D87 595B483C728A17688F038F96AD274546 FC67D3E76AD908F43CD6E95478838A5A13042C4A 5299EA859A4D6B866717C680F1353FA5 08740A1217AB5B49ADEF40AA4B1F1CA586BA6192 2DF59D4665E47FDA2551D249289C6FEB 8BFD003847ABE52ABA06F99D01B55F28F2757112 D5AEDF9B4C0868AF259ECB2C14B63EC6 9053A4088E6031F6CD9A5760D3E839ED18400F3D AE325B767D6B2E3D93DB8E0A7CE1B810 FEADD8CEB5D95E2CBDE9B75FE5DF41CB835E9647 D880B839CCC82E4F54D9EE8E40913514 F019FCED88A4E499D48DC24EB07AFE01B7F6F7AE B444534DEC7EDB8626273854ADFDF366 E0D63B7D0EB383823D3800394122CBBA1EA79CBA A660CD10D92A65F80510422612066234 E97E3FFECEF25DE7B56B17801CF2895FB04FC905 1CF2579D98F51C3CD06709759317F7E8 16964B32F188DB3333F6AEF5F43EE26552196E72 CF11BA402289C1172C0F78F73C2DD60F F70755F70C9E663A7287140C6C735A4DC4879042 48D4CCD19DE071D1A851C62B593D0778 15B920798F65E35F8D478D2BF10602F4D10410C3 A64E98C3CD6700C2228211EA04A849D3 B299E0D58C46815E27818B9B79B75C31343A745B 9DA3B51CC91D143968799561FE7A8626 63914DA9D4FC843A5666E6994B517B541D93258E C25C5660F1AE2C9221DBAC3FC29E02DD 55DD65FCF756009807766463F11CF30F7F6C6DB6 059491B51FBA7901EE449633D740DEB8 391D3915571315F7DD7C1F9288FDF348EF441CAD 7DB19BA41CB5C421CBCB3AB1650F7066 6714A488D42128595D8056BF6D83D0DA1AC342FF 6BC195105424B05CBB6B14920B1AE029 B26E9B365D226F21340FE0E68962895F8CE5441C 78A6ED63CD19868BA44D19B4EF6B4F10 29ED523A1529456AAF6E634BDB96A2BC326CDA0F 41AC1875552FFB8377077BD516B316AD 24 DEB6E0E654CAFF44EA6CF20AF60CA7BE81567F3E 153E067EFB6FEAF8933A57E7F48877B9 2CB7726F0C6C1175764E741BAB56DB5F09DDBEB2 FCC540A2BFE4612E6B3469CB4630C1BE C717D6C2A217282FF30EF8D4AD0791C442353E2D FBF78E3A8CB89E716575A2AF20DCA231 E7488AAAD1563BAB08E23D7A953B40C2788DF2B2 970D48416627133C05428AE841D4724E E635C8CCADB5E35F9CC7180E07F76E531419A294 96B5B15CDFAC7F034AA2A296AE0AD36A 52D73F65247C8E66089F2C7D01E3885A33ACC969 0CBCE6BCCF25CC4B5873137E7DF690F6 5B31981DD2B2969DAE97F0A8AB5BDAA91FCE4333 95AE312D43D9E4E0566FC218F1C727C5 95F476D92CCDA3D772F67C3745DA1A0C48683FBD DE00B7B5B59CAAAA994F090CC7492980 3D54A95513FCD2EE53A66875B93CCE149E4127C1 6A75FE1D7D874442016DA92ACF0343F2 EE5106319FD03814F0047F485B3E80885D1EAA1E 93CEA3B387E914F2A382AE0BBD72DAA7 B80EB3A5C7DB85FAE7567A8DD9CCB909958812C4 CD0B735646797AAFA876E8E5406994B6 B8ECA3D02F06BBEB44778DBE8BC95AFF23A6E7A6 32B7B4E4E8ECA1B2744DBED754EEC835 F373743B62CCB326B4AE9E0AE408DC9DED4E74CF 3A07B36BCB723BD40AAB9A7AD42C2680 D3199274F3404960F5469C0A3AB9143FE52BC9D0 C9D8C8B12FBD2ABEAE8654AA5248DAFF 6E5FB79EBD607C7CB1D9E49B4997ACB055F72BD2 6EC5D7C42B957F2ACBF4FCB92A2BC563 72EA88F36C0AE2D5065352A0B7E550D36DB27F1B E9D912B2E52870FE172BA502D4A1B05A 43815DAF8F39A74BC4DA2AE8D2F7EC6C706296E7 EEB0DFAEFD88ED94F4223E4C7A579E92 C7C63E8A3C73758DE8A35331C270430A74444014 28F6670E4909FE48197EE526CA8720D3 D3C73A5DC9788422D5C1F9E2054FF6AF98ADED33 809591F0C778907A719109EA0C7AABC3 890D31B89538A99D093F24B6E1587B0FDDDD5DD5 9E1AB4B5CF64364C42BA08E176191BC7 7A5F0D2DCB4CC277B572712B01FEF5C047A882DC AF04C6C288DB621492618EC0BF3E895D A61A65BDE6A357FFD19302656028F2C90B78139B 681225DC9C61AE84C5513207F17E469A 7C7A05F6EADC0F47BAAC4376F7DD023AAA61CFB6 4BCAC86D2F0F78648A42057D83939066 2AD6580FF0DC92645C2C8CB74261B2ACD9831ACF 29C3DE1E0C084725F8BEFFDAA6AFBECF 0 0 9C1F83
<Saktan> okay looks good for me too BE2DE9
<Saktan> your move C88072
<goflya> cool 6E5685
<goflya> pass 51357D
$Saktan<~HighlightLabel.81~>361<~HighlightLabel.82~><~Game.2043~><~HighlightLabel.83~><~Game.2035~> 18C7CB
$Saktan<~CardBuffet.14~>reveal 179 64D3DDB1840706F1B9DFE112C8B3BB03366567A6 4<~CardBuffet.15~><~Controls.46~><~CardBuffet.16~> 044C61
$Saktan<~Scribe.141~>179 <~Scribe.142~><~Game.2036~><~Scribe.143~><~Game.2029~><~Scribe.144~> 9E78EF
$Saktan<~Controls.644~>361 <~Controls.645~><~Game.2035~> BFC77F
<goflya> pass D9529C
$Saktan<~HighlightLabel.81~>102<~HighlightLabel.82~><~Game.2043~><~HighlightLabel.83~><~Game.2035~> B3C121
$Saktan<~CardBuffet.14~>reveal 187 76F006E187ABDF270CDE1221ABD543447AACC6E6 14<~CardBuffet.15~><~Controls.46~><~CardBuffet.16~> 30C9D1
$Saktan<~Scribe.141~>340 341 342 <~Scribe.142~><~Game.2040~><~Scribe.143~><~Game.1956~><~Scribe.144~> F3774A
$Saktan<~Scribe.141~>337 338 339 <~Scribe.142~><~Game.2040~><~Scribe.143~><~Game.1922~><~Scribe.144~> 3B0015
$Saktan<~Controls.509~>185<~Controls.510~><~Game.2007~><~Controls.511~><~Controls.46~> null
$Saktan<~Controls.644~>102 187 <~Controls.645~><~Game.2035~> 40501C
<goflya> pass BF2AE1
$Saktan<~HighlightLabel.81~>103<~HighlightLabel.82~><~Game.2043~><~HighlightLabel.83~><~Game.2035~> 4D4995
$Saktan<~HighlightLabel.101~>262<~HighlightLabel.102~><~Game.2002~><~HighlightLabel.103~><~Game.2003~> A5384A
$Saktan<~Controls.644~>103 <~Controls.645~><~Game.2035~> 237B31
$goflya<~Scribe.141~>210 <~Scribe.142~><~Game.2042~><~Scribe.143~><~Game.2035~><~Scribe.144~> 0C035A
$goflya<~Controls.790~>248<~Controls.791~><~Game.2015~><~Controls.792~><~Game.2016~> 0E025B
$goflya<~Controls.795~>210<~Controls.796~><~Game.2035~><~Controls.797~><~Game.1997~> B01B7C
<game> Saktan<~Controls.1~> 1 null
<Saktan> safe 7D2583
$Saktan<~HighlightLabel.81~>101<~HighlightLabel.82~><~Game.2043~><~HighlightLabel.83~><~Game.2035~> 927712
$Saktan<~Scribe.141~>040 035 340 341 342 015 014 013 012 011 <~Scribe.142~><~Game.1956~><~Scribe.143~><~Game.1958~><~Scribe.144~> F8FB11
$Saktan<~Scribe.141~>039 036 029 028 027 026 <~Scribe.142~><~Game.1977~><~Scribe.143~><~Game.1974~><~Scribe.144~> C10ED4
$Saktan<~Controls.644~>101 <~Controls.645~><~Game.2035~> 6B2D90
$goflya<~Scribe.141~>213 <~Scribe.142~><~Game.2042~><~Scribe.143~><~Game.2035~><~Scribe.144~> C940F2
$goflya<~Controls.790~>248<~Controls.791~><~Game.2016~><~Controls.792~><~Game.2017~> 1782D6
$goflya<~Controls.795~>213<~Controls.796~><~Game.2035~><~Controls.797~><~Game.1997~> 7AB298
<game> Saktan<~Controls.1~> 5 null
<Saktan> 1 4040A9
$Saktan<~Controls.624~>227<~Controls.625~><~Game.2044~><~Controls.626~><~Game.2037~> null
$goflya<~Scribe.141~>240 <~Scribe.142~><~Game.1999~><~Scribe.143~><~Game.2037~><~Scribe.144~> 9BC8E1
$goflya<~Controls.644~>227 240 <~Controls.645~><~Game.2035~> 3765FE
$goflya<~Scribe.141~>241 <~Scribe.142~><~Game.1998~><~Scribe.143~><~Game.1999~><~Scribe.144~> 3DEBF6
$Saktan<~HighlightLabel.81~>099<~HighlightLabel.82~><~Game.2043~><~HighlightLabel.83~><~Game.2035~> E71A44
<Saktan> OFR 4EEA3C
<Saktan> nc 27EBED
<goflya> nc 601B8C
<game> Saktan<~Controls.1~> 2 2 4 6 2 null
<Saktan> 1 A9EC46
<game> goflya<~Controls.1~> 1 null
$Saktan<~HighlightLabel.91~>258<~HighlightLabel.92~><~Game.2000~><~HighlightLabel.93~><~Game.2001~> 5972D9
$Saktan<~Controls.323~>258 A42183
$goflya<~Scribe.141~>065 <~Scribe.142~><~Game.1957~><~Scribe.143~><~Game.2037~><~Scribe.144~> E2F346
$Saktan<~Scribe.141~>040 035 340 341 342 015 014 013 012 011 <~Scribe.142~><~Game.1958~><~Scribe.143~><~Game.1957~><~Scribe.144~> 94DA86
$Saktan<~Controls.644~>099 065 <~Controls.645~><~Game.2035~> 911C3C
$goflya<~Scribe.141~>212 <~Scribe.142~><~Game.2042~><~Scribe.143~><~Game.2035~><~Scribe.144~> 3AC01B
$goflya<~Controls.790~>248<~Controls.791~><~Game.2017~><~Controls.792~><~Game.2018~> 9B58D1
$goflya<~Controls.795~>212<~Controls.796~><~Game.2035~><~Controls.797~><~Game.1997~> 4B1BD1
<game> Saktan<~Controls.1~> 5 null
$Saktan<~Controls.624~>215<~Controls.625~><~Game.2044~><~Controls.626~><~Game.2037~> null
$goflya<~Controls.323~>248 BE3A3D
$goflya<~Scribe.141~>247 <~Scribe.142~><~Game.1911~><~Scribe.143~><~Game.1915~><~Scribe.144~> B61EB1
$goflya<~Scribe.141~>247 <~Scribe.142~><~Game.1915~><~Scribe.143~><~Game.1912~><~Scribe.144~> C5786F
$goflya<~Scribe.141~>247 <~Scribe.142~><~Game.1912~><~Scribe.143~><~Game.1917~><~Scribe.144~> 4E9645
$goflya<~Scribe.141~>247 <~Scribe.142~><~Game.1917~><~Scribe.143~><~Game.1927~><~Scribe.144~> 129849
$Saktan<~Scribe.141~>215 <~Scribe.142~><~Game.2037~><~Scribe.143~><~Game.2036~><~Scribe.144~> E81685
<Saktan> moria 949F94
$Saktan<~Controls.624~>224<~Controls.625~><~Game.2044~><~Controls.626~><~Game.2037~> null
$goflya<~Scribe.141~>252 <~Scribe.142~><~Game.2014~><~Scribe.143~><~Game.2015~><~Scribe.144~> 375CEF
$goflya<~Controls.644~>215 224 <~Controls.645~><~Game.2035~> 2DC1E1
$Saktan<~HighlightLabel.81~>105<~HighlightLabel.82~><~Game.2043~><~HighlightLabel.83~><~Game.2035~> 282261
$Saktan<~Scribe.141~>337 338 009 <~Scribe.142~><~Game.1922~><~Scribe.143~><~Game.1934~><~Scribe.144~> BE0A19
$Saktan<~Scribe.141~>039 038 036 029 028 027 026 025 024 023 022 021 <~Scribe.142~><~Game.1974~><~Scribe.143~><~Game.1976~><~Scribe.144~> 3D75E7
$Saktan<~Controls.644~>105 <~Controls.645~><~Game.2035~> 0AE8FE
$goflya<~Scribe.141~>211 <~Scribe.142~><~Game.2042~><~Scribe.143~><~Game.2035~><~Scribe.144~> DB58FD
$goflya<~Controls.323~>247 72E8BE
$goflya<~Controls.644~>211 <~Controls.645~><~Game.2035~> C1EF20
$Saktan<~HighlightLabel.81~>100<~HighlightLabel.82~><~Game.2043~><~HighlightLabel.83~><~Game.2035~> 21CE1C
$Saktan<~CardBuffet.14~>reveal 173 C4A0437932B1CDC7B86E4C7DA41598EAB1AE0B52 10<~CardBuffet.15~><~Controls.46~><~CardBuffet.16~> BAEBF6
$Saktan<~Controls.624~>219<~Controls.625~><~Game.2044~><~Controls.626~><~Game.2037~> null
$Saktan<~Controls.509~>177<~Controls.510~><~Game.2006~><~Controls.511~><~Controls.46~> null
$Saktan<~Controls.644~>100 173 219 <~Controls.645~><~Game.2035~> 1E8942
$goflya<~Controls.726~>212 213 210 <~Controls.727~><~Game.1997~><~Controls.728~><~Game.2042~> 2A0B3F
$goflya<~Controls.731~>211 <~Controls.732~><~Game.2039~><~Controls.733~><~Game.2042~> AB9650
$Saktan<~Controls.757~>104 <~Controls.758~><~Game.1997~><~Controls.759~><~Game.2043~> 517CE8
<~Game.7~>3 null
$Saktan<~Controls.762~>100 105 099 101 103 102 361 <~Controls.763~><~Game.2041~><~Controls.764~><~Game.2043~> 118AE2
$Saktan<~Controls.509~>208<~Controls.510~><~Game.2006~><~Controls.511~><~Controls.46~> null
$Saktan<~Controls.509~>186<~Controls.510~><~Game.2007~><~Controls.511~><~Controls.46~> null
$goflya<~Controls.509~>107<~Controls.510~><~Game.2004~><~Controls.511~><~Controls.45~> null
$goflya<~Controls.509~>147<~Controls.510~><~Game.2005~><~Controls.511~><~Controls.45~> null
<goflya> fsp ok CCDB91
<Saktan> 1e FCAA53
$Saktan<~Controls.372~>100 5F70DF
$Saktan<~Controls.345~>105 099 101 103 102 361 104 <~Controls.346~>13 15 12 10 13 14 14 null
$Saktan<~Controls.350~>105 099 101 103 102 361 104 null
$goflya<~Controls.345~>211 212 213 210 <~Controls.346~>0 2 0 0 null
<Saktan> lots of W! 2118CE
<goflya> indeed 653EC6
$goflya<~Scribe.141~>426 <~Scribe.142~><~Game.2042~><~Scribe.143~><~Game.2035~><~Scribe.144~> 6C338A
$goflya<~Scribe.141~>258 <~Scribe.142~><~Game.2001~><~Scribe.143~><~Game.2002~><~Scribe.144~> 6D667E
$goflya<~Controls.644~>426 <~Controls.645~><~Game.2035~> 00EA6B
$Saktan<~HighlightLabel.81~>361<~HighlightLabel.82~><~Game.2043~><~HighlightLabel.83~><~Game.2035~> 0D4F38
$Saktan<~CardBuffet.14~>reveal 177 F638431B1E407779B121A807EB22DD996CCCA56C 11<~CardBuffet.15~><~Controls.46~><~CardBuffet.16~> 0753C2
$Saktan<~Controls.281~>238 <~Controls.282~><~Game.2046~><~Controls.283~><~Game.2045~> A9AE86
$Saktan<~Controls.509~>195<~Controls.510~><~Game.2007~><~Controls.511~><~Controls.46~> null
$Saktan<~Controls.644~>361 177 <~Controls.645~><~Game.2035~> 113CDF
$goflya<~Scribe.141~>210 <~Scribe.142~><~Game.2042~><~Scribe.143~><~Game.2037~><~Scribe.144~> 488FCE
$goflya<~Scribe.141~>179 <~Scribe.142~><~Game.2029~><~Scribe.143~><~Game.2036~><~Scribe.144~> 510E02
$goflya<~Controls.644~>179 210 <~Controls.645~><~Game.2035~> 7445B2
$Saktan<~HighlightLabel.81~>101<~HighlightLabel.82~><~Game.2043~><~HighlightLabel.83~><~Game.2035~> DBE094
<Saktan> Dale 5F60D2
$Saktan<~Controls.840~>192 512937
$goflya<~Controls.840~>147 37A2ED
<auto> playchosen EAB02A
<auto><~Controls.3~>reveal 147 AFB3BCA862876E215CBD988476DE1ABD0E01C247 15<~Controls.884~><~Controls.45~><~Controls.885~><~Game.2037~> 5A6848
<auto><~Controls.866~>reveal 192 CD085A55FAF29F63C5939D280802735BEFB7020B 2<~Controls.867~><~Controls.46~><~Controls.868~><~Game.2036~> BAF862
<auto> playchosen 4602C1
<game> Saktan<~Controls.1~> 1 6 2 2 2 null
<Saktan> 1 C604BC
<game> goflya<~Controls.1~> 2 null
<game> goflya<~Controls.1~> 4 null
$goflya<~Scribe.141~>068 066 <~Scribe.142~><~Game.1970~><~Scribe.143~><~Game.2037~><~Scribe.144~> 2735D1
$Saktan<~Scribe.141~>420 <~Scribe.142~><~Game.2040~><~Scribe.143~><~Game.1970~><~Scribe.144~> DD5A46
$Saktan<~Scribe.141~>012 <~Scribe.142~><~Game.1957~><~Scribe.143~><~Game.1970~><~Scribe.144~> 190587
$Saktan<~HighlightLabel.101~>258<~HighlightLabel.102~><~Game.2002~><~HighlightLabel.103~><~Game.2003~> 01F65C
$Saktan<~Controls.644~>101 192 147 068 066 <~Controls.645~><~Game.2035~> 4FC681
$goflya<~Scribe.141~>213 <~Scribe.142~><~Game.2042~><~Scribe.143~><~Game.2035~><~Scribe.144~> 21D0BE
$goflya<~Controls.323~>240 AD389D
$goflya<~Scribe.141~>240 <~Scribe.142~><~Game.2039~><~Scribe.143~><~Game.1921~><~Scribe.144~> 2C3355
$goflya<~Scribe.141~>358 <~Scribe.142~><~Game.2038~><~Scribe.143~><~Game.2037~><~Scribe.144~> DB3116
$goflya<~Controls.644~>213 358 <~Controls.645~><~Game.2035~> BF516E
$Saktan<~HighlightLabel.81~>102<~HighlightLabel.82~><~Game.2043~><~HighlightLabel.83~><~Game.2035~> 5D11F3
<Saktan> WLR EB9E89
$goflya<~Scribe.141~>098 094 088 <~Scribe.142~><~Game.1954~><~Scribe.143~><~Game.1991~><~Scribe.144~> 2526C7
$Saktan<~Scribe.141~>040 035 340 341 342 015 014 013 011 <~Scribe.142~><~Game.1957~><~Scribe.143~><~Game.1954~><~Scribe.144~> 96AADA
$Saktan<~Controls.644~>102 <~Controls.645~><~Game.2035~> 5AB4A2
$goflya<~Scribe.141~>256 <~Scribe.142~><~Game.2001~><~Scribe.143~><~Game.2002~><~Scribe.144~> F69221
<goflya> pass 21DFC3
$Saktan<~HighlightLabel.81~>105<~HighlightLabel.82~><~Game.2043~><~HighlightLabel.83~><~Game.2035~> 6A0066
$Saktan<~Scribe.141~>039 038 036 029 028 027 026 025 024 023 022 021 <~Scribe.142~><~Game.1976~><~Scribe.143~><~Game.1967~><~Scribe.144~> 33DFC4
$Saktan<~Controls.644~>105 <~Controls.645~><~Game.2035~> 20448F
$goflya<~Scribe.141~>211 <~Scribe.142~><~Game.2042~><~Scribe.143~><~Game.2035~><~Scribe.144~> 5D2DB8
$goflya<~Controls.790~>248<~Controls.791~><~Game.2014~><~Controls.792~><~Game.2015~> 5F2414
$goflya<~Controls.795~>211<~Controls.796~><~Game.2035~><~Controls.797~><~Game.1997~> E3BF3F
<game> Saktan<~Controls.1~> 6 2 null
<Saktan> 1 0CE392
$Saktan<~Controls.624~>228<~Controls.625~><~Game.2044~><~Controls.626~><~Game.2037~> null
<goflya> random 12CD23
$Saktan<~Controls.637~>242<~Controls.638~><~Game.1998~><~Controls.639~><~Game.2036~> null
$goflya<~Scribe.141~>252 <~Scribe.142~><~Game.2015~><~Scribe.143~><~Game.2016~><~Scribe.144~> 107482
$goflya<~Controls.644~>242 228 <~Controls.645~><~Game.2035~> BAD6AC
$Saktan<~HighlightLabel.81~>103<~HighlightLabel.82~><~Game.2043~><~HighlightLabel.83~><~Game.2035~> E6461E
$Saktan<~Scribe.141~>253 <~Scribe.142~><~Game.2040~><~Scribe.143~><~Game.1967~><~Scribe.144~> 77892F
$Saktan<~Scribe.141~>360 <~Scribe.142~><~Game.2040~><~Scribe.143~><~Game.2037~><~Scribe.144~> 7AA552
$goflya<~Controls.323~>259 257 CBBC27
$goflya<~Controls.323~>260 89B812
$Saktan<~Controls.644~>103 360 <~Controls.645~><~Game.2035~> 902F1E
$goflya<~Scribe.141~>212 <~Scribe.142~><~Game.2042~><~Scribe.143~><~Game.2035~><~Scribe.144~> 35B3DA
$goflya<~Controls.509~>130<~Controls.510~><~Game.2005~><~Controls.511~><~Controls.45~> null
$goflya<~Controls.644~>212 <~Controls.645~><~Game.2035~> 84FCC9
$Saktan<~Controls.276~>104<~Controls.277~><~Game.2043~><~Controls.278~><~Game.2035~> F46992
$Saktan<~CardBuffet.14~>reveal 208 8A12F47D0B5B89AA72EA702822370653E41F31CB 2<~CardBuffet.15~><~Controls.46~><~CardBuffet.16~> 193C5B
$Saktan<~Scribe.141~>039 038 <~Scribe.142~><~Game.1967~><~Scribe.143~><~Game.1954~><~Scribe.144~> F01B40
$Saktan<~Scribe.141~>253 <~Scribe.142~><~Game.1967~><~Scribe.143~><~Game.1954~><~Scribe.144~> BBA103
$Saktan<~Scribe.141~>037 <~Scribe.142~><~Game.1969~><~Scribe.143~><~Game.1967~><~Scribe.144~> B2D19C
$Saktan<~Scribe.141~>208 <~Scribe.142~><~Game.2036~><~Scribe.143~><~Game.2034~><~Scribe.144~> DC1D1A
<Saktan> WLR 809822
$Saktan<~Controls.840~>195 70D615
$goflya<~Controls.840~>133 CD620E
<auto> playchosen 01275C
<auto><~Controls.3~>reveal 133 49FC2DEA3C60527FE5049304B774422265D2FF7B 6<~Controls.884~><~Controls.45~><~Controls.885~><~Game.2037~> 6E861F
<auto><~Controls.866~>reveal 195 FC14B24CCFF76D8D4D12AEC1CB1658A649C3DD71 16<~Controls.867~><~Controls.46~><~Controls.868~><~Game.2036~> 3F823C
<auto> playchosen B6B962
<game> Saktan<~Controls.1~> 4 2 4 5 3 null
<game> Saktan<~Controls.1~> 3 4 1 6 null
<Saktan> 2 075419
<game> goflya<~Controls.1~> 1 4 null
<game> goflya<~Controls.1~> 6 null
<goflya> 2 D8FA75
$Saktan<~Scribe.141~>013 011 <~Scribe.142~><~Game.1954~><~Scribe.143~><~Game.2036~><~Scribe.144~> 8756CC
$goflya<~Scribe.141~>098 088 <~Scribe.142~><~Game.1991~><~Scribe.143~><~Game.2037~><~Scribe.144~> 233062
<Saktan> press/draw 243EE8
$Saktan<~Controls.304~>035 <~Controls.305~><~Game.1954~> 349536
$Saktan<~Controls.313~>344 <~Controls.307~><~Controls.314~><~Game.1954~> C0F0FA
$Saktan<~Controls.509~>205<~Controls.510~><~Game.2007~><~Controls.511~><~Controls.46~> null
$Saktan<~Controls.662~>195 013 011 133 098 088 <~Controls.663~><~Game.2035~> EF9DFB
$Saktan<~Controls.840~>185 E8187A
<goflya> nc BC6AC6
<auto><~Controls.866~>reveal 185 1FEDBFCCC38A31FFB2FDF179858D71CEBF6B3D51 10<~Controls.867~><~Controls.46~><~Controls.868~><~Game.2036~> 9A1E98
<game> Saktan<~Controls.1~> 6 2 4 1 5 null
<Saktan> 2 A25FC9
<game> goflya<~Controls.1~> 1 null
$goflya<~Scribe.141~>094 <~Scribe.142~><~Game.1991~><~Scribe.143~><~Game.2037~><~Scribe.144~> 1FBDFE
$Saktan<~Scribe.141~>423 <~Scribe.142~><~Game.27~><~Scribe.143~><~Game.29~><~Scribe.144~> C87685
$Saktan<~Scribe.141~>208 <~Scribe.142~><~Game.2034~><~Scribe.143~><~Game.2037~><~Scribe.144~> 0E794C
$Saktan<~Scribe.141~>419 <~Scribe.142~><~Game.2040~><~Scribe.143~><~Game.1954~><~Scribe.144~> 46C8B8
$Saktan<~Controls.644~>104 185 208 094 <~Controls.645~><~Game.2035~> 398345
$goflya<~Scribe.141~>256 <~Scribe.142~><~Game.2002~><~Scribe.143~><~Game.2003~><~Scribe.144~> EEBC02
$Saktan<~Scribe.141~>423 <~Scribe.142~><~Game.29~><~Scribe.143~><~Game.30~><~Scribe.144~> 5D82C8
$goflya<~Controls.726~>211 <~Controls.727~><~Game.1997~><~Controls.728~><~Game.2042~> 056017
$goflya<~Controls.731~>212 213 358 210 <~Controls.732~><~Game.2039~><~Controls.733~><~Game.2042~> CFCE1B
$Saktan<~Controls.757~>099 100 <~Controls.758~><~Game.1997~><~Controls.759~><~Game.2043~> F228CE
<~Game.7~>4 null
$Saktan<~Controls.762~>104 103 360 105 102 101 361 <~Controls.763~><~Game.2041~><~Controls.764~><~Game.2043~> 950CF9
$Saktan<~Controls.509~>167<~Controls.510~><~Game.2006~><~Controls.511~><~Controls.46~> null
$goflya<~Controls.509~>115<~Controls.510~><~Game.2004~><~Controls.511~><~Controls.45~> null
$Saktan<~Controls.509~>159<~Controls.510~><~Game.2007~><~Controls.511~><~Controls.46~> null
$goflya<~Controls.509~>129<~Controls.510~><~Game.2005~><~Controls.511~><~Controls.45~> null
$goflya<~Controls.296~>142 <~Controls.297~><~Controls.45~> D66568
<goflya> fsp ok 36159D
<Saktan> 1e A82042
$Saktan<~Controls.372~>104 191890
$Saktan<~Controls.345~>103 360 105 102 101 361 099 100 <~Controls.346~>11 11 10 14 12 12 11 15 null
$Saktan<~Controls.350~>103 360 105 102 101 361 099 100 null
$goflya<~Controls.345~>212 213 358 210 211 <~Controls.346~>0 1 2 3 3 null
$goflya<~Scribe.141~>213 <~Scribe.142~><~Game.2042~><~Scribe.143~><~Game.2035~><~Scribe.144~> 7B745A
$goflya<~Controls.790~>248<~Controls.791~><~Game.2015~><~Controls.792~><~Game.2016~> 70DB7C
$goflya<~Controls.795~>213<~Controls.796~><~Game.2035~><~Controls.797~><~Game.1997~> 6B6D25
<game> Saktan<~Controls.1~> 6 1 null
<Saktan> 1 F750D4
$Saktan<~Controls.624~>220<~Controls.625~><~Game.2044~><~Controls.626~><~Game.2037~> null
<Saktan> 1r 671BD3
$goflya<~Scribe.141~>252 <~Scribe.142~><~Game.2016~><~Scribe.143~><~Game.2017~><~Scribe.144~> E33EA9
$goflya<~Controls.323~>248 F90F3E
$goflya<~Scribe.141~>247 <~Scribe.142~><~Game.1927~><~Scribe.143~><~Game.1930~><~Scribe.144~> 2D13AA
$goflya<~Scribe.141~>247 <~Scribe.142~><~Game.1930~><~Scribe.143~><~Game.1937~><~Scribe.144~> 0506C6
$goflya<~Controls.644~>220 <~Controls.645~><~Game.2035~> 3DDCB9
$Saktan<~HighlightLabel.81~>101<~HighlightLabel.82~><~Game.2043~><~HighlightLabel.83~><~Game.2035~> 7F31DC
$Saktan<~Scribe.141~>418 <~Scribe.142~><~Game.2040~><~Scribe.143~><~Game.1941~><~Scribe.144~> 6D2754
$Saktan<~Scribe.141~>337 338 009 <~Scribe.142~><~Game.1934~><~Scribe.143~><~Game.1941~><~Scribe.144~> AA2EEE
$Saktan<~Scribe.141~>056 052 051 050 <~Scribe.142~><~Game.1986~><~Scribe.143~><~Game.1984~><~Scribe.144~> E308F5
$Saktan<~Controls.644~>101 <~Controls.645~><~Game.2035~> 549E6F
<goflya> pass AD9F7E
$Saktan<~HighlightLabel.81~>105<~HighlightLabel.82~><~Game.2043~><~HighlightLabel.83~><~Game.2035~> 890DF9
$Saktan<~HighlightLabel.96~>261<~HighlightLabel.97~><~Game.2001~><~HighlightLabel.98~><~Game.2002~> 0BC243
$Saktan<~Controls.644~>105 <~Controls.645~><~Game.2035~> BBB630
<goflya> pass D0F82A
$Saktan<~HighlightLabel.81~>099<~HighlightLabel.82~><~Game.2043~><~HighlightLabel.83~><~Game.2035~> D4A809
$Saktan<~HighlightLabel.101~>261<~HighlightLabel.102~><~Game.2002~><~HighlightLabel.103~><~Game.2003~> 1BC488
$Saktan<~Controls.644~>099 <~Controls.645~><~Game.2035~> B5D617
$goflya<~Scribe.141~>211 <~Scribe.142~><~Game.2042~><~Scribe.143~><~Game.2035~><~Scribe.144~> A4200C
$goflya<~Controls.281~>211 <~Controls.282~><~Game.2035~><~Controls.283~><~Game.2042~> 7CCE4E
$goflya<~Scribe.141~>358 <~Scribe.142~><~Game.2042~><~Scribe.143~><~Game.2035~><~Scribe.144~> 2798D7
$goflya<~Controls.323~>247 3B2D1A
$goflya<~Controls.644~>358 <~Controls.645~><~Game.2035~> 87F5F9
$Saktan<~HighlightLabel.81~>360<~HighlightLabel.82~><~Game.2043~><~HighlightLabel.83~><~Game.2035~> A0B9FD
$Saktan<~Scribe.141~>037 036 029 028 027 026 025 024 023 022 021 <~Scribe.142~><~Game.1967~><~Scribe.143~><~Game.1948~><~Scribe.144~> 03E327
$Saktan<~Scribe.141~>056 052 051 050 <~Scribe.142~><~Game.1984~><~Scribe.143~><~Game.1973~><~Scribe.144~> E48F0F
$Saktan<~HighlightLabel.91~>257<~HighlightLabel.92~><~Game.2000~><~HighlightLabel.93~><~Game.2001~> A9A999
$Saktan<~Scribe.141~>417 <~Scribe.142~><~Game.2040~><~Scribe.143~><~Game.1973~><~Scribe.144~> D5C72F
$Saktan<~Controls.644~>360 <~Controls.645~><~Game.2035~> 884C81
$goflya<~Scribe.141~>212 <~Scribe.142~><~Game.2042~><~Scribe.143~><~Game.2035~><~Scribe.144~> 6CA0DE
$goflya<~Controls.790~>248<~Controls.791~><~Game.2014~><~Controls.792~><~Game.2015~> 041BC8
$goflya<~Controls.795~>212<~Controls.796~><~Game.2035~><~Controls.797~><~Game.1997~> A9FBC8
<game> Saktan<~Controls.1~> 4 1 null
<Saktan> safe B8FFD6
$Saktan<~HighlightLabel.81~>361<~HighlightLabel.82~><~Game.2043~><~HighlightLabel.83~><~Game.2035~> DACEE7
$Saktan<~Scribe.141~>253 039 038 040 344 340 341 342 015 <~Scribe.142~><~Game.1954~><~Scribe.143~><~Game.1970~><~Scribe.144~> 5730F1
$Saktan<~Scribe.141~>056 050 052 051 <~Scribe.142~><~Game.1973~><~Scribe.143~><~Game.1970~><~Scribe.144~> E7EC17
$Saktan<~Controls.819~> FBEE2F
$Saktan<~Controls.819~> D58251
$Saktan<~Scribe.141~>037 036 029 028 027 026 025 024 023 022 021 <~Scribe.142~><~Game.1948~><~Scribe.143~><~Game.1937~><~Scribe.144~> 5BFEAE
$Saktan<~Scribe.141~>253 040 039 038 344 342 341 340 015 <~Scribe.142~><~Game.1954~><~Scribe.143~><~Game.1970~><~Scribe.144~> E160EB
$Saktan<~Controls.644~>361 <~Controls.645~><~Game.2035~> 731455
$goflya<~Scribe.141~>210 <~Scribe.142~><~Game.2042~><~Scribe.143~><~Game.2035~><~Scribe.144~> 5F1FC1
$goflya<~Scribe.141~>reveal 129 77E4646FC1C04421531AF95562E49D97C968EFED 4 <~Scribe.142~><~Controls.45~><~Scribe.143~><~Game.2036~><~Scribe.144~> F66039
$goflya<~Scribe.141~>283 289 <~Scribe.142~><~Game.2038~><~Scribe.143~><~Game.1929~><~Scribe.144~> 77F2A3
$goflya<~Scribe.141~>259 <~Scribe.142~><~Game.2000~><~Scribe.143~><~Game.2001~><~Scribe.144~> 4F2AE2
$goflya<~Controls.644~>210 129 <~Controls.645~><~Game.2035~> F28B7B
$Saktan<~HighlightLabel.81~>103<~HighlightLabel.82~><~Game.2043~><~HighlightLabel.83~><~Game.2035~> E876DC
$Saktan<~Scribe.141~>247 037 036 029 028 027 026 025 024 023 022 <~Scribe.142~><~Game.1937~><~Scribe.143~><~Game.1925~><~Scribe.144~> 5F4999
$Saktan<~Scribe.141~>056 052 051 050 <~Scribe.142~><~Game.1973~><~Scribe.143~><~Game.1970~><~Scribe.144~> E209C8
$Saktan<~Scribe.141~>247 <~Scribe.142~><~Game.1925~><~Scribe.143~><~Game.1937~><~Scribe.144~> 10E9DB
$Saktan<~HighlightLabel.96~>259<~HighlightLabel.97~><~Game.2001~><~HighlightLabel.98~><~Game.2002~> 154F71
$Saktan<~Controls.644~>103 <~Controls.645~><~Game.2035~> 733A3E
$Saktan<~Scribe.141~>416 <~Scribe.142~><~Game.2040~><~Scribe.143~><~Game.1925~><~Scribe.144~> FCED72
$goflya<~Scribe.141~>211 <~Scribe.142~><~Game.2042~><~Scribe.143~><~Game.2035~><~Scribe.144~> E03617
$goflya<~Scribe.141~>259 <~Scribe.142~><~Game.2002~><~Scribe.143~><~Game.2003~><~Scribe.144~> A1D3CE
$goflya<~Controls.644~>211 <~Controls.645~><~Game.2035~> 2C197A
$Saktan<~Controls.276~>102<~Controls.277~><~Game.2043~><~Controls.278~><~Game.2035~> 6DF230
$Saktan<~CardBuffet.14~>reveal 167 1FB9B81772F5DA23EA8E97DB2DB6EA9E1256B928 8<~CardBuffet.15~><~Controls.46~><~CardBuffet.16~> 8CAE0B
$Saktan<~Scribe.141~>167 <~Scribe.142~><~Game.2036~><~Scribe.143~><~Game.2034~><~Scribe.144~> D5A049
$Saktan<~Scribe.141~>253 038 <~Scribe.142~><~Game.1970~><~Scribe.143~><~Game.1925~><~Scribe.144~> 297E91
<Saktan> HD 39BE89
$goflya<~Scribe.141~>071 <~Scribe.142~><~Game.1923~><~Scribe.143~><~Game.1993~><~Scribe.144~> 488BB3
$Saktan<~Scribe.141~>253 038 037 036 029 028 027 026 025 024 023 <~Scribe.142~><~Game.1925~><~Scribe.143~><~Game.1923~><~Scribe.144~> 2740C3
$Saktan<~Scribe.141~>167 <~Scribe.142~><~Game.2034~><~Scribe.143~><~Game.2036~><~Scribe.144~> 7A579D
$Saktan<~Controls.644~>102 167 <~Controls.645~><~Game.2035~> 344EE6
$goflya<~Controls.726~>212 213 <~Controls.727~><~Game.1997~><~Controls.728~><~Game.2042~> CDB5E2
$goflya<~Controls.731~>211 210 358 <~Controls.732~><~Game.2039~><~Controls.733~><~Game.2042~> 6E6FB0
$goflya<~Controls.509~>144<~Controls.510~><~Game.2004~><~Controls.511~><~Controls.45~> null
$Saktan<~Controls.757~>100 104 <~Controls.758~><~Game.1997~><~Controls.759~><~Game.2043~> B5BED3
<~Game.7~>5 null
$Saktan<~Controls.762~>102 103 361 360 099 105 101 <~Controls.763~><~Game.2041~><~Controls.764~><~Game.2043~> DF15E7
$goflya<~Controls.509~>118<~Controls.510~><~Game.2005~><~Controls.511~><~Controls.45~> null
$Saktan<~Controls.509~>201<~Controls.510~><~Game.2006~><~Controls.511~><~Controls.46~> null
$Saktan<~Controls.509~>197<~Controls.510~><~Game.2007~><~Controls.511~><~Controls.46~> null
$goflya<~Controls.296~>107 <~Controls.297~><~Controls.45~> 405FDD
<goflya> declare E4F4F3
$goflya<~Scribe.141~>248 <~Scribe.142~><~Game.2015~><~Scribe.143~><~Game.2014~><~Scribe.144~> 6BB54B
$goflya<~Scribe.141~>247 <~Scribe.142~><~Game.1937~><~Scribe.143~><~Game.1942~><~Scribe.144~> F8C9CD
<Saktan> 1e C150AE
$Saktan<~Controls.372~>102 4EF2C6
$Saktan<~Controls.345~>103 361 360 099 105 101 100 104 <~Controls.346~>15 13 14 14 13 11 14 10 null
$Saktan<~Controls.350~>103 361 360 099 105 101 100 104 null
$goflya<~Controls.345~>211 210 358 212 213 <~Controls.346~>2 1 3 4 3 null
$goflya<~Scribe.141~>210 <~Scribe.142~><~Game.2042~><~Scribe.143~><~Game.2035~><~Scribe.144~> AEC385
$goflya<~Controls.790~>248<~Controls.791~><~Game.2014~><~Controls.792~><~Game.2015~> EB4779
$goflya<~Controls.795~>210<~Controls.796~><~Game.2035~><~Controls.797~><~Game.1997~> A1A60C
<game> Saktan<~Controls.1~> 6 3 null
$Saktan<~Controls.624~>225<~Controls.625~><~Game.2044~><~Controls.626~><~Game.2037~> null
<goflya> random 395729
$Saktan<~Controls.637~>244<~Controls.638~><~Game.1998~><~Controls.639~><~Game.2036~> null
<Saktan> nice EB4639
$goflya<~Controls.644~>244 225 <~Controls.645~><~Game.2035~> 9E6703
$Saktan<~HighlightLabel.81~>105<~HighlightLabel.82~><~Game.2043~><~HighlightLabel.83~><~Game.2035~> AD49CF
<Saktan> HD D579B2
$Saktan<~Controls.840~>159 A0C85A
$goflya<~Controls.840~>144 09EE9A
<auto> playchosen 997B16
<auto><~Controls.3~>reveal 144 5626293C3EB0894556C2EAB34EE87CD258C7C8D9 13<~Controls.884~><~Controls.45~><~Controls.885~><~Game.2037~> 9B12D9
<auto><~Controls.866~>reveal 159 8E17303E9E8D54CE4CF24D6909FC18E8439F8BA0 18<~Controls.867~><~Controls.46~><~Controls.868~><~Game.2036~> 881C20
<auto> playchosen 344A8D
<Saktan> auto 538B92
$goflya<~Scribe.141~>071 <~Scribe.142~><~Game.1993~><~Scribe.143~><~Game.2037~><~Scribe.144~> 6F1031
<Saktan> you roll still E47580
<game> goflya<~Controls.1~> 3 null
$Saktan<~Scribe.141~>423 <~Scribe.142~><~Game.30~><~Scribe.143~><~Game.32~><~Scribe.144~> 6D3B7E
$Saktan<~Scribe.141~>415 <~Scribe.142~><~Game.2040~><~Scribe.143~><~Game.1923~><~Scribe.144~> 52FC6A
$Saktan<~Controls.644~>105 159 144 071 <~Controls.645~><~Game.2035~> 8F684F
$goflya<~Scribe.141~>213 <~Scribe.142~><~Game.2042~><~Scribe.143~><~Game.2035~><~Scribe.144~> 198036
$goflya<~Scribe.141~>287 <~Scribe.142~><~Game.2038~><~Scribe.143~><~Game.1929~><~Scribe.144~> C0BB27
$goflya<~Controls.644~>213 <~Controls.645~><~Game.2035~> B10784
$Saktan<~HighlightLabel.81~>101<~HighlightLabel.82~><~Game.2043~><~HighlightLabel.83~><~Game.2035~> 04AD48
$Saktan<~Scribe.141~>022 <~Scribe.142~><~Game.1925~><~Scribe.143~><~Game.1933~><~Scribe.144~> 3D72C8
$Saktan<~Scribe.141~>414 <~Scribe.142~><~Game.2040~><~Scribe.143~><~Game.1933~><~Scribe.144~> 3D4913
$Saktan<~Scribe.141~>253 038 037 036 029 028 027 026 025 024 <~Scribe.142~><~Game.1923~><~Scribe.143~><~Game.1925~><~Scribe.144~> 516B8A
$Saktan<~Controls.644~>101 <~Controls.645~><~Game.2035~> 597396
$goflya<~Scribe.141~>358 <~Scribe.142~><~Game.2042~><~Scribe.143~><~Game.2035~><~Scribe.144~> D7F41F
$goflya<~Scribe.141~>288 <~Scribe.142~><~Game.2038~><~Scribe.143~><~Game.1929~><~Scribe.144~> E85602
$goflya<~Controls.644~>358 <~Controls.645~><~Game.2035~> 1D26DF
$Saktan<~HighlightLabel.81~>360<~HighlightLabel.82~><~Game.2043~><~HighlightLabel.83~><~Game.2035~> 4568EA
$Saktan<~Controls.819~> E981E1
$Saktan<~HighlightLabel.81~>104<~HighlightLabel.82~><~Game.2043~><~HighlightLabel.83~><~Game.2035~> 23BC02
$Saktan<~Controls.304~>004 005 <~Controls.305~><~Game.1919~> 7DEC5A
$Saktan<~Controls.313~>325 326 <~Controls.309~><~Controls.314~><~Game.1919~> 89389B
$Saktan<~Controls.644~>104 <~Controls.645~><~Game.2035~> 459405
<goflya> pass 80B79A
$Saktan<~HighlightLabel.81~>099<~HighlightLabel.82~><~Game.2043~><~HighlightLabel.83~><~Game.2035~> A0185A
$Saktan<~CardBuffet.14~>reveal 197 9CACE75DF79E8525DABCD08B4DB82CDD10C90B27 15<~CardBuffet.15~><~Controls.46~><~CardBuffet.16~> 6B7D6A
$Saktan<~Scribe.141~>035 <~Scribe.142~><~Game.2040~><~Scribe.143~><~Game.1925~><~Scribe.144~> CBF997
$Saktan<~Controls.644~>099 197 <~Controls.645~><~Game.2035~> 116689
<goflya> pass C7A240
$Saktan<~HighlightLabel.81~>100<~HighlightLabel.82~><~Game.2043~><~HighlightLabel.83~><~Game.2035~> 433956
$Saktan<~CardBuffet.14~>reveal 201 52F9B8DFF4FA6E534F68CE76CC6E6F0A11515CEF 15<~CardBuffet.15~><~Controls.46~><~CardBuffet.16~> F9C463
$Saktan<~Controls.624~>222<~Controls.625~><~Game.2044~><~Controls.626~><~Game.2037~> null
$Saktan<~Controls.644~>100 201 222 <~Controls.645~><~Game.2035~> 896364
<Saktan> both hunt draw cards eyes *sigh* 94AF8B
<goflya> the fellowship is lucky 518B61
$goflya<~Scribe.141~>211 <~Scribe.142~><~Game.2042~><~Scribe.143~><~Game.2035~><~Scribe.144~> 94DF82
$goflya<~Scribe.141~>249 <~Scribe.142~><~Game.2008~><~Scribe.143~><~Game.2037~><~Scribe.144~> 0D2D93
$goflya<~Scribe.141~>249 <~Scribe.142~><~Game.2037~><~Scribe.143~><~Game.2011~><~Scribe.144~> AD7853
$goflya<~Controls.790~>248<~Controls.791~><~Game.2015~><~Controls.792~><~Game.2016~> 34863D
$goflya<~Controls.795~>211<~Controls.796~><~Game.2035~><~Controls.797~><~Game.1997~> AE31E4
<game> Saktan<~Controls.1~> 1 2 null
<Saktan> safe 480878
$Saktan<~HighlightLabel.81~>361<~HighlightLabel.82~><~Game.2043~><~HighlightLabel.83~><~Game.2035~> 948875
<Saktan> Ford of isen from Saruman B44346
<Saktan> nc B42F24
$goflya<~Scribe.141~>reveal 131 71A380C4D45D43C1611A7561AA6E6470346C8886 3 <~Scribe.142~><~Controls.45~><~Scribe.143~><~Game.2037~><~Scribe.144~> 3373F0
$goflya<~Scribe.141~>074 070 069 <~Scribe.142~><~Game.1918~><~Scribe.143~><~Game.1916~><~Scribe.144~> DFFE5C
$Saktan<~Scribe.141~>326 006 <~Scribe.142~><~Game.1919~><~Scribe.143~><~Game.1918~><~Scribe.144~> 4DE50B
$Saktan<~Controls.644~>361 131 <~Controls.645~><~Game.2035~> 3D5ED7
$goflya<~Scribe.141~>212 <~Scribe.142~><~Game.2042~><~Scribe.143~><~Game.2035~><~Scribe.144~> C5C720
$goflya<~Scribe.141~>260 <~Scribe.142~><~Game.2001~><~Scribe.143~><~Game.2002~><~Scribe.144~> 5E3995
$goflya<~Controls.644~>212 <~Controls.645~><~Game.2035~> 09FF79
$Saktan<~HighlightLabel.81~>360<~HighlightLabel.82~><~Game.2043~><~HighlightLabel.83~><~Game.2035~> CD1434
$Saktan<~Scribe.141~>249 <~Scribe.142~><~Game.2011~><~Scribe.143~><~Game.2037~><~Scribe.144~> 85CC91
$Saktan<~Scribe.141~>326 006 <~Scribe.142~><~Game.1918~><~Scribe.143~><~Game.1925~><~Scribe.144~> 400F06
$Saktan<~Scribe.141~>023 <~Scribe.142~><~Game.1923~><~Scribe.143~><~Game.1918~><~Scribe.144~> C18B2F
$Saktan<~Controls.644~>360 249 <~Controls.645~><~Game.2035~> AE6DDB
$goflya<~Controls.726~>211 210 <~Controls.727~><~Game.1997~><~Controls.728~><~Game.2042~> 7604C2
$goflya<~Controls.731~>212 358 213 <~Controls.732~><~Game.2039~><~Controls.733~><~Game.2042~> 6CFBF0
$Saktan<~Controls.757~>103 102 <~Controls.758~><~Game.1997~><~Controls.759~><~Game.2043~> EB3711
<~Game.7~>6 null
$Saktan<~Controls.762~>360 361 100 099 104 101 105 <~Controls.763~><~Game.2041~><~Controls.764~><~Game.2043~> 6E2AF4
$Saktan<~Controls.509~>174<~Controls.510~><~Game.2006~><~Controls.511~><~Controls.46~> null
$Saktan<~Controls.509~>170<~Controls.510~><~Game.2007~><~Controls.511~><~Controls.46~> null
$goflya<~Controls.509~>126<~Controls.510~><~Game.2004~><~Controls.511~><~Controls.45~> null
$goflya<~Controls.509~>122<~Controls.510~><~Game.2005~><~Controls.511~><~Controls.45~> null
<goflya> fsp ok 621780
<Saktan> 1e 2686BF
$Saktan<~Controls.372~>360 74B4D7
$Saktan<~Controls.345~>361 100 099 104 101 105 103 102 <~Controls.346~>15 13 11 11 14 10 13 11 null
$Saktan<~Controls.350~>361 100 099 104 101 105 103 102 null
$goflya<~Controls.345~>212 358 213 211 210 <~Controls.346~>3 4 2 2 4 null
<Saktan> bad roll F63F9B
<goflya> indeed C194DC
$goflya<~Scribe.141~>211 <~Scribe.142~><~Game.2042~><~Scribe.143~><~Game.2035~><~Scribe.144~> 7F9541
$goflya<~Scribe.141~>250 <~Scribe.142~><~Game.2009~><~Scribe.143~><~Game.2037~><~Scribe.144~> D1A3AA
$goflya<~Scribe.141~>250 <~Scribe.142~><~Game.2037~><~Scribe.143~><~Game.2011~><~Scribe.144~> 4D19D4
$goflya<~Controls.790~>248<~Controls.791~><~Game.2016~><~Controls.792~><~Game.2017~> 54385F
$goflya<~Controls.795~>211<~Controls.796~><~Game.2035~><~Controls.797~><~Game.1997~> F84835
<game> Saktan<~Controls.1~> 3 2 null
<Saktan> safe 8C084C
$Saktan<~HighlightLabel.81~>103<~HighlightLabel.82~><~Game.2043~><~HighlightLabel.83~><~Game.2035~> D6BBBA
<Saktan> Edoras 76878F
<Saktan> from WK ACC576
$Saktan<~Controls.840~>174 57A802
$goflya<~Controls.840~>130 4B6413
<auto> playchosen CC876A
<auto><~Controls.3~>reveal 130 A94FB82955AF554D62362ACDFD470EC644AB835B 21<~Controls.884~><~Controls.45~><~Controls.885~><~Game.2037~> 881DE5
<auto><~Controls.866~>reveal 174 55C42A370EEF1CF614FCA2984C49A3F1D123F415 6<~Controls.867~><~Controls.46~><~Controls.868~><~Game.2036~> EE8187
<auto> playchosen 064854
<game> Saktan<~Controls.1~> 6 4 5 null
<game> Saktan<~Controls.1~> 2 2 null
<Saktan> 1 B05564
<game> goflya<~Controls.1~> 4 4 6 1 1 null
<game> goflya<~Controls.1~> 5 null
<goflya> 2 921D5F
$goflya<~Controls.304~>288 <~Controls.305~><~Game.1929~> 1DA8E7
$goflya<~Controls.313~>071 <~Controls.308~><~Controls.314~><~Game.1929~> 38F08E
$Saktan<~Scribe.141~>036 <~Scribe.142~><~Game.1925~><~Scribe.143~><~Game.2036~><~Scribe.144~> 866754
<Saktan> press/draw 69E3D7
$Saktan<~Controls.509~>200<~Controls.510~><~Game.2006~><~Controls.511~><~Controls.46~> null
$Saktan<~Controls.662~>174 036 130 <~Controls.663~><~Game.2035~> C8D365
$Saktan<~Controls.840~>170 C2EAEB
<goflya> nc B57377
<auto><~Controls.866~>reveal 170 34E3E192DBD22D8F500378E98FED47B3BE009395 13<~Controls.867~><~Controls.46~><~Controls.868~><~Game.2036~> 0FDCC3
<game> Saktan<~Controls.1~> 4 5 5 6 2 null
<game> Saktan<~Controls.1~> 4 null
<Saktan> 5 E4779A
<game> goflya<~Controls.1~> 1 4 6 2 3 null
<game> goflya<~Controls.1~> 2 null
<goflya> 2 50B518
$goflya<~Controls.304~>287 289 073 <~Controls.305~><~Game.1929~> 1FCB64
$goflya<~Controls.313~>293 294 295 <~Controls.307~><~Controls.314~><~Game.1929~> 5A3740
$Saktan<~Scribe.141~>035 <~Scribe.142~><~Game.1925~><~Scribe.143~><~Game.2036~><~Scribe.144~> BBECB7
$goflya<~Scribe.141~>071 072 <~Scribe.142~><~Game.1929~><~Scribe.143~><~Game.2037~><~Scribe.144~> E00109
<Saktan> press 52D38F
<Saktan> nc 6C9839
<goflya> nc A53214
$Saktan<~Controls.662~>170 035 071 072 <~Controls.663~><~Game.2035~> C0027F
<game> Saktan<~Controls.1~> 5 5 1 2 3 null
<game> Saktan<~Controls.1~> 1 1 1 null
<Saktan> 2 FEBC2F
<game> goflya<~Controls.1~> 3 2 5 null
<game> goflya<~Controls.1~> 4 null
<goflya> 1 5F65E8
$Saktan<~Scribe.141~>024 <~Scribe.142~><~Game.1925~><~Scribe.143~><~Game.2036~><~Scribe.144~> A03054
$goflya<~Scribe.141~>294 295 <~Scribe.142~><~Game.1929~><~Scribe.143~><~Game.2037~><~Scribe.144~> 41CF71
<Saktan> press 064CD1
<Saktan> nc 84DCA2
$Saktan<~Controls.662~>024 294 295 <~Controls.663~><~Game.2035~> 673E76
<goflya> nc 6E6AA7
<game> Saktan<~Controls.1~> 4 3 3 1 6 null
<Saktan> 1 901B5E
<game> goflya<~Controls.1~> 2 null
<game> goflya<~Controls.1~> 4 null
$Saktan<~Scribe.141~>423 <~Scribe.142~><~Game.32~><~Scribe.143~><~Game.33~><~Scribe.144~> 49589D
$goflya<~Scribe.141~>283 293 <~Scribe.142~><~Game.1929~><~Scribe.143~><~Game.2037~><~Scribe.144~> BDE4E6
$Saktan<~Scribe.141~>413 <~Scribe.142~><~Game.2040~><~Scribe.143~><~Game.1929~><~Scribe.144~> 8C625C
$Saktan<~Scribe.141~>025 <~Scribe.142~><~Game.1925~><~Scribe.143~><~Game.1929~><~Scribe.144~> 3BD89C
$Saktan<~Controls.644~>103 283 293 <~Controls.645~><~Game.2035~> 88B5DE
<goflya> pass 989C0C
$Saktan<~HighlightLabel.81~>099<~HighlightLabel.82~><~Game.2043~><~HighlightLabel.83~><~Game.2035~> 9D4B3C
<Saktan> erebor 417678
$goflya<~Scribe.141~>062 312 061 059 060 <~Scribe.142~><~Game.1965~><~Scribe.143~><~Game.1988~><~Scribe.144~> A4CF23
$Saktan<~Scribe.141~>040 039 056 052 051 050 344 342 341 340 015 012 <~Scribe.142~><~Game.1970~><~Scribe.143~><~Game.1965~><~Scribe.144~> 8E7EE9
$Saktan<~Controls.644~>099 <~Controls.645~><~Game.2035~> B9BC42
<goflya> pass 89D1A0
$Saktan<~HighlightLabel.81~>105<~HighlightLabel.82~><~Game.2043~><~HighlightLabel.83~><~Game.2035~> 051DCF
$Saktan<~Scribe.141~>321 <~Scribe.142~><~Game.2040~><~Scribe.143~><~Game.1917~><~Scribe.144~> F69D5C
$Saktan<~Scribe.141~>320 <~Scribe.142~><~Game.2040~><~Scribe.143~><~Game.1969~><~Scribe.144~> E03267
$Saktan<~Controls.644~>105 <~Controls.645~><~Game.2035~> FF5E47
$goflya<~Scribe.141~>212 <~Scribe.142~><~Game.2042~><~Scribe.143~><~Game.2035~><~Scribe.144~> 694AC7
$goflya<~Scribe.141~>260 <~Scribe.142~><~Game.2002~><~Scribe.143~><~Game.2003~><~Scribe.144~> 5E0CD9
$goflya<~Controls.644~>212 <~Controls.645~><~Game.2035~> D22032
$Saktan<~HighlightLabel.81~>100<~HighlightLabel.82~><~Game.2043~><~HighlightLabel.83~><~Game.2035~> C154B0
$Saktan<~Scribe.141~>253 038 037 <~Scribe.142~><~Game.1925~><~Scribe.143~><~Game.1965~><~Scribe.144~> 9AA581
$Saktan<~Scribe.141~>320 <~Scribe.142~><~Game.1969~><~Scribe.143~><~Game.1946~><~Scribe.144~> 3E45C4
$Saktan<~Scribe.141~>321 <~Scribe.142~><~Game.1917~><~Scribe.143~><~Game.1925~><~Scribe.144~> 597BE4
$Saktan<~Scribe.141~>321 <~Scribe.142~><~Game.1925~><~Scribe.143~><~Game.1965~><~Scribe.144~> 3FCB56
$Saktan<~Controls.644~>100 <~Controls.645~><~Game.2035~> 63C7B7
$goflya<~Scribe.141~>213 <~Scribe.142~><~Game.2042~><~Scribe.143~><~Game.2035~><~Scribe.144~> 11BC80
$goflya<~Scribe.141~>reveal 126 D99C329752D3F5C7F1C41F71D1BF314B9B33B012 10 <~Scribe.142~><~Controls.45~><~Scribe.143~><~Game.2036~><~Scribe.144~> 66135E
$goflya<~Scribe.141~>126 <~Scribe.142~><~Game.2036~><~Scribe.143~><~Game.2029~><~Scribe.144~> D13FFE
$goflya<~Controls.644~>213 <~Controls.645~><~Game.2035~> 1E81C5
$Saktan<~HighlightLabel.81~>102<~HighlightLabel.82~><~Game.2043~><~HighlightLabel.83~><~Game.2035~> AF628A
<Saktan> Erebor 4FC8D3
$Saktan<~Controls.840~>200 43005B
$goflya<~Controls.840~>118 FB901B
<auto> playchosen 308F07
<auto><~Controls.3~>reveal 118 4BB5A8FE967ABA87E40B3F7F67EAFC0A599E723D 12<~Controls.884~><~Controls.45~><~Controls.885~><~Game.2037~> 1E1328
<auto><~Controls.866~>reveal 200 260BF5BC0D6A5645E9718CACD1B3DFEC321444D3 22<~Controls.867~><~Controls.46~><~Controls.868~><~Game.2036~> 56B987
<auto> playchosen F37C3B
<Saktan> ff2 BB85C5
<Saktan> actually 218939
<Saktan> 3 73FDF9
<Saktan> you roll 1 DE5D11
<goflya> ok FFB21D
<game> Saktan<~Controls.1~> 3 4 5 4 2 null
<game> Saktan<~Controls.1~> 2 2 2 5 null
<Saktan> 0 D5C87E
<game> goflya<~Controls.1~> 1 null
<game> goflya<~Controls.1~> 5 null
<goflya> 1 5108C1
$Saktan<~Scribe.141~>012 <~Scribe.142~><~Game.1965~><~Scribe.143~><~Game.2036~><~Scribe.144~> 2D9381
<Saktan> stop/draw 75E7FF
$Saktan<~Controls.509~>168<~Controls.510~><~Game.2006~><~Controls.511~><~Controls.46~> null
$Saktan<~Controls.644~>102 200 012 118 <~Controls.645~><~Game.2035~> 185833
$goflya<~Scribe.141~>210 <~Scribe.142~><~Game.2042~><~Scribe.143~><~Game.2035~><~Scribe.144~> E087A7
$goflya<~Scribe.141~>276 <~Scribe.142~><~Game.2038~><~Scribe.143~><~Game.1920~><~Scribe.144~> 95522E
$goflya<~Controls.644~>210 <~Controls.645~><~Game.2035~> CF4A3B
$Saktan<~HighlightLabel.81~>104<~HighlightLabel.82~><~Game.2043~><~HighlightLabel.83~><~Game.2035~> 2CAC44
<Saktan> Erebor 8B6A56
$Saktan<~Controls.840~>205 F8A46D
<goflya> nc F902E4
<auto><~Controls.866~>reveal 205 FD850A062DA780FA7F9689610022D749A691E2AA 9<~Controls.867~><~Controls.46~><~Controls.868~><~Game.2036~> CF349C
<game> Saktan<~Controls.1~> 4 1 6 1 5 null
<game> Saktan<~Controls.1~> 3 5 4 null
<Saktan> 2 7D25E9
<game> goflya<~Controls.1~> 4 5 2 2 null
<game> goflya<~Controls.1~> 1 null
<goflya> 1 F7B37F
<Saktan> +1 from me 24D17A
$goflya<~Controls.304~>312 061 <~Controls.305~><~Game.1988~> 85343E
$goflya<~Controls.313~>316 317 <~Controls.307~><~Controls.314~><~Game.1988~> A520F8
$goflya<~Scribe.141~>060 <~Scribe.142~><~Game.1988~><~Scribe.143~><~Game.2037~><~Scribe.144~> 643A2A
$Saktan<~Scribe.141~>340 <~Scribe.142~><~Game.1965~><~Scribe.143~><~Game.2036~><~Scribe.144~> C156ED
<Saktan> press/draw D2A2D6
$Saktan<~Controls.304~>056 <~Controls.305~><~Game.1965~> 24FD0E
$Saktan<~Controls.313~>357 <~Controls.307~><~Controls.314~><~Game.1965~> F20A31
$Saktan<~Controls.509~>175<~Controls.510~><~Game.2007~><~Controls.511~><~Controls.46~> null
$Saktan<~Controls.662~>205 340 060 <~Controls.663~><~Game.2035~> 3A5C35
<Saktan> thinking on card B004C0
$Saktan<~Controls.840~>186 34C462
<goflya> nc A39A1D
<auto><~Controls.866~>reveal 186 4AE22CB6B0A7FD849E042383BABE2FAA55941C73 12<~Controls.867~><~Controls.46~><~Controls.868~><~Game.2036~> 26EEAD
$Saktan<~Scribe.141~>015 341 <~Scribe.142~><~Game.1965~><~Scribe.143~><~Game.2036~><~Scribe.144~> B7F7AE
<game> Saktan<~Controls.1~> 1 2 5 6 6 null
<Saktan> 3 8F5557
<game> goflya<~Controls.1~> 5 5 5 null
<goflya> 3 00250D
$Saktan<~Scribe.141~>050 344 342 <~Scribe.142~><~Game.1965~><~Scribe.143~><~Game.2036~><~Scribe.144~> B4079A
$Saktan<~Scribe.141~>423 <~Scribe.142~><~Game.33~><~Scribe.143~><~Game.389~><~Scribe.144~> 7AA7CA
<Saktan> all good? 40BAF5
$goflya<~Scribe.141~>062 316 317 059 <~Scribe.142~><~Game.1988~><~Scribe.143~><~Game.2037~><~Scribe.144~> 27E045
<goflya> yes sorry 04014F
$Saktan<~Scribe.141~>412 <~Scribe.142~><~Game.2040~><~Scribe.143~><~Game.1965~><~Scribe.144~> B133F2
<Saktan> np A000C1
$Saktan<~Controls.644~>104 186 050 344 342 015 341 062 316 317 059 <~Controls.645~><~Game.2035~> 4FC5D9
$goflya<~Scribe.141~>358 <~Scribe.142~><~Game.2042~><~Scribe.143~><~Game.2035~><~Scribe.144~> 59D640
$Saktan<~Scribe.141~>257 <~Scribe.142~><~Game.2001~><~Scribe.143~><~Game.2003~><~Scribe.144~> 8A8415
$goflya<~Scribe.141~>267 <~Scribe.142~><~Game.2038~><~Scribe.143~><~Game.1928~><~Scribe.144~> 411C22
$goflya<~Controls.644~>358 <~Controls.645~><~Game.2035~> 2C0B8C
$Saktan<~Controls.276~>101<~Controls.277~><~Game.2043~><~Controls.278~><~Game.2035~> F96533
<Saktan> so sorry C947D8
$Saktan<~CardBuffet.14~>reveal 168 5BCDE275F8269222480913D01AEEB40409919BDE 21<~CardBuffet.15~><~Controls.46~><~CardBuffet.16~> 70C4AA
$Saktan<~Scribe.141~>247 <~Scribe.142~><~Game.1942~><~Scribe.143~><~Game.1937~><~Scribe.144~> 40706E
<goflya> ouch 8D49AE
$Saktan<~Controls.644~>101 168 <~Controls.645~><~Game.2035~> 91164B
<Saktan> i cycled into it during cmobat BD4D4F
$goflya<~Controls.726~>211 <~Controls.727~><~Game.1997~><~Controls.728~><~Game.2042~> EE491C
$goflya<~Controls.731~>358 210 213 212 <~Controls.732~><~Game.2039~><~Controls.733~><~Game.2042~> 16A43F
$Saktan<~Controls.509~>191<~Controls.510~><~Game.2006~><~Controls.511~><~Controls.46~> null
$Saktan<~Controls.509~>189<~Controls.510~><~Game.2007~><~Controls.511~><~Controls.46~> null
$goflya<~Controls.509~>157<~Controls.510~><~Game.2004~><~Controls.511~><~Controls.45~> null
$Saktan<~Controls.757~>361 360 <~Controls.758~><~Game.1997~><~Controls.759~><~Game.2043~> 565826
<~Game.7~>7 null
$Saktan<~Controls.762~>101 104 102 100 105 099 103 <~Controls.763~><~Game.2041~><~Controls.764~><~Game.2043~> 55DB1A
$goflya<~Controls.509~>111<~Controls.510~><~Game.2005~><~Controls.511~><~Controls.45~> null
<goflya> declare A75032
$goflya<~Scribe.141~>248 <~Scribe.142~><~Game.2017~><~Scribe.143~><~Game.2014~><~Scribe.144~> 73920F
$goflya<~Scribe.141~>247 <~Scribe.142~><~Game.1937~><~Scribe.143~><~Game.1942~><~Scribe.144~> 1A3EA5
$goflya<~Scribe.141~>247 <~Scribe.142~><~Game.1942~><~Scribe.143~><~Game.1943~><~Scribe.144~> 1D217C
$goflya<~Scribe.141~>247 <~Scribe.142~><~Game.1943~><~Scribe.143~><~Game.1955~><~Scribe.144~> 4132AA
<Saktan> 1e 0259AC
$Saktan<~Controls.372~>101 E65B8F
$Saktan<~Controls.345~>104 102 100 105 099 103 361 360 <~Controls.346~>13 10 14 14 10 13 10 13 null
$Saktan<~Controls.350~>104 102 100 105 099 103 361 360 null
$goflya<~Controls.345~>358 210 213 212 211 <~Controls.346~>1 1 1 2 2 null
$goflya<~Scribe.141~>213 <~Scribe.142~><~Game.2042~><~Scribe.143~><~Game.2035~><~Scribe.144~> 54DF6B
$goflya<~Controls.790~>248<~Controls.791~><~Game.2014~><~Controls.792~><~Game.2015~> 45D0E4
$goflya<~Controls.795~>213<~Controls.796~><~Game.2035~><~Controls.797~><~Game.1997~> E177E5
<game> Saktan<~Controls.1~> 6 null
$Saktan<~Controls.624~>226<~Controls.625~><~Game.2044~><~Controls.626~><~Game.2037~> null
<goflya> random 765058
$Saktan<~Controls.637~>246<~Controls.638~><~Game.1998~><~Controls.639~><~Game.2036~> null
$goflya<~Scribe.141~>252 <~Scribe.142~><~Game.2017~><~Scribe.143~><~Game.2018~><~Scribe.144~> 67FE88
$goflya<~Scribe.141~>246 <~Scribe.142~><~Game.2036~><~Scribe.143~><~Game.1944~><~Scribe.144~> B691EE
$Saktan<~Controls.644~>226 <~Controls.645~><~Game.2035~> 70E00A
<goflya> does he have 1 movement or 2 0EEDB9
<Saktan> 1 +1 from fsp 09F240
<Saktan> so MT works 9C9570
<goflya> ok D0BE36
$Saktan<~HighlightLabel.81~>102<~HighlightLabel.82~><~Game.2043~><~HighlightLabel.83~><~Game.2035~> AFE50D
$Saktan<~Scribe.141~>255 <~Scribe.142~><~Game.2040~><~Scribe.143~><~Game.1969~><~Scribe.144~> E0B8AB
$Saktan<~Scribe.141~>362 <~Scribe.142~><~Game.2040~><~Scribe.143~><~Game.2037~><~Scribe.144~> 052A64
$Saktan<~Controls.644~>102 362 <~Controls.645~><~Game.2035~> B32D70
<goflya> pass BB1C60
$Saktan<~HighlightLabel.81~>360<~HighlightLabel.82~><~Game.2043~><~HighlightLabel.83~><~Game.2035~> 5B2896
$Saktan<~Scribe.141~>320 055 057 049 048 047 046 045 <~Scribe.142~><~Game.1946~><~Scribe.143~><~Game.1938~><~Scribe.144~> 659CC8
$Saktan<~Controls.644~>360 <~Controls.645~><~Game.2035~> CAFF21
<goflya> pass 95A04B
$Saktan<~HighlightLabel.81~>361<~HighlightLabel.82~><~Game.2043~><~HighlightLabel.83~><~Game.2035~> DDE842
$Saktan<~Controls.323~>255 FB6E47
<Saktan> Osg 0F381B
$Saktan<~Controls.840~>175 C922DA
$goflya<~Controls.840~>111 79F343
<auto> playchosen 349268
<auto><~Controls.3~>reveal 111 8D98FF8BECC0217AE2A3F896EF210C2D8D58EB92 1<~Controls.884~><~Controls.45~><~Controls.885~><~Game.2037~> EDC2FF
<auto><~Controls.866~>reveal 175 A0507D5175396833EE7DC36018989909A3B001B7 11<~Controls.867~><~Controls.46~><~Controls.868~><~Game.2036~> 48459A
<auto> playchosen 8D4E0C
<game> Saktan<~Controls.1~> 6 1 5 1 2 null
<game> Saktan<~Controls.1~> 1 null
<Saktan> 1 0E6237
<game> goflya<~Controls.1~> 5 4 null
<goflya> 1 3B7F99
$Saktan<~Scribe.141~>045 <~Scribe.142~><~Game.1938~><~Scribe.143~><~Game.2036~><~Scribe.144~> 09A68A
<Saktan> press 333F8C
$goflya<~Scribe.141~>079 <~Scribe.142~><~Game.1943~><~Scribe.143~><~Game.2037~><~Scribe.144~> C3DDAF
$goflya<~Scribe.141~>080 <~Scribe.142~><~Game.1943~><~Scribe.143~><~Game.1944~><~Scribe.144~> 53D2CC
$Saktan<~Scribe.141~>320 055 057 049 048 047 046 <~Scribe.142~><~Game.1938~><~Scribe.143~><~Game.1943~><~Scribe.144~> 0A0329
$Saktan<~Controls.644~>361 175 045 111 079 <~Controls.645~><~Game.2035~> 478495
$goflya<~Scribe.141~>210 <~Scribe.142~><~Game.2042~><~Scribe.143~><~Game.2035~><~Scribe.144~> 7DA781
$goflya<~Scribe.141~>240 <~Scribe.142~><~Game.1921~><~Scribe.143~><~Game.1937~><~Scribe.144~> E971D8
$goflya<~Scribe.141~>240 <~Scribe.142~><~Game.1937~><~Scribe.143~><~Game.1942~><~Scribe.144~> 234D3E
$goflya<~Scribe.141~>240 <~Scribe.142~><~Game.1942~><~Scribe.143~><~Game.1944~><~Scribe.144~> AB4ABD
$goflya<~Controls.644~>210 <~Controls.645~><~Game.2035~> F2EC80
$Saktan<~HighlightLabel.81~>099<~HighlightLabel.82~><~Game.2043~><~HighlightLabel.83~><~Game.2035~> F76D8C
$Saktan<~Controls.819~> B96DB5
$Saktan<~HighlightLabel.81~>103<~HighlightLabel.82~><~Game.2043~><~HighlightLabel.83~><~Game.2035~> 0A2F33
<Saktan> MT 0DFD3A
$goflya<~Scribe.141~>240 246 085 084 080 083 082 081 <~Scribe.142~><~Game.1944~><~Scribe.143~><~Game.1994~><~Scribe.144~> FEAE54
$Saktan<~Scribe.141~>320 055 057 049 048 047 046 <~Scribe.142~><~Game.1943~><~Scribe.143~><~Game.1944~><~Scribe.144~> 1E922A
$Saktan<~Controls.644~>103 <~Controls.645~><~Game.2035~> 637C3A
<goflya> pass C48828
$Saktan<~HighlightLabel.81~>099<~HighlightLabel.82~><~Game.2043~><~HighlightLabel.83~><~Game.2035~> 59F01F
$Saktan<~Scribe.141~>335 <~Scribe.142~><~Game.2040~><~Scribe.143~><~Game.1969~><~Scribe.144~> D26A88
$Saktan<~Controls.644~>099 <~Controls.645~><~Game.2035~> D37BB7
$goflya<~Scribe.141~>211 <~Scribe.142~><~Game.2042~><~Scribe.143~><~Game.2035~><~Scribe.144~> A041DC
$goflya<~Controls.509~>109<~Controls.510~><~Game.2004~><~Controls.511~><~Controls.45~> null
$goflya<~Controls.644~>211 <~Controls.645~><~Game.2035~> 2040CE
$Saktan<~HighlightLabel.81~>100<~HighlightLabel.82~><~Game.2043~><~HighlightLabel.83~><~Game.2035~> EA5E36
$Saktan<~Scribe.141~>250 <~Scribe.142~><~Game.2011~><~Scribe.143~><~Game.2037~><~Scribe.144~> 28ED53
$Saktan<~Scribe.141~>255 335 020 <~Scribe.142~><~Game.1969~><~Scribe.143~><~Game.1955~><~Scribe.144~> 929043
$Saktan<~Scribe.141~>006 326 <~Scribe.142~><~Game.1925~><~Scribe.143~><~Game.1937~><~Scribe.144~> 0EB8B8
$Saktan<~Controls.644~>100 250 <~Controls.645~><~Game.2035~> 2581D2
$goflya<~Scribe.141~>212 <~Scribe.142~><~Game.2042~><~Scribe.143~><~Game.2035~><~Scribe.144~> 3FCFDA
$goflya<~Controls.509~>123<~Controls.510~><~Game.2004~><~Controls.511~><~Controls.45~> null
$goflya<~Controls.644~>212 <~Controls.645~><~Game.2035~> 7918C9
$Saktan<~HighlightLabel.81~>105<~HighlightLabel.82~><~Game.2043~><~HighlightLabel.83~><~Game.2035~> 676657
$Saktan<~CardBuffet.14~>reveal 189 F199DCB49F71F5A104ED6EC8A4324C5D1CEEE712 1<~CardBuffet.15~><~Controls.46~><~CardBuffet.16~> E9F8AD
$Saktan<~Scribe.141~>255 335 020 <~Scribe.142~><~Game.1955~><~Scribe.143~><~Game.1944~><~Scribe.144~> D652AC
$Saktan<~Scribe.141~>006 326 <~Scribe.142~><~Game.1937~><~Scribe.143~><~Game.1944~><~Scribe.144~> 431E24
$Saktan<~Controls.644~>105 189 <~Controls.645~><~Game.2035~> FA0F31
$goflya<~Scribe.141~>358 <~Scribe.142~><~Game.2042~><~Scribe.143~><~Game.2035~><~Scribe.144~> 4350FA
<goflya> fords 427ABE
<Saktan> card? 2B06B1
<goflya> nc 2FF874
<Saktan> nc 1BF50F
<game> goflya<~Controls.1~> 2 2 null
<game> goflya<~Controls.1~> 1 null
<game> Saktan<~Controls.1~> 1 null
<goflya> press 5CD0A3
$Saktan<~Scribe.141~>023 <~Scribe.142~><~Game.1918~><~Scribe.143~><~Game.1923~><~Scribe.144~> 0B8871
$goflya<~Scribe.141~>074 070 069 <~Scribe.142~><~Game.1916~><~Scribe.143~><~Game.1918~><~Scribe.144~> 1DD202
$goflya<~Controls.644~>358 <~Controls.645~><~Game.2035~> BB1043
$Saktan<~HighlightLabel.81~>104<~HighlightLabel.82~><~Game.2043~><~HighlightLabel.83~><~Game.2035~> 0F07C7
<Saktan> Fords from Saruman C69F4A
<Saktan> nc EC4167
$goflya<~Scribe.141~>reveal 157 1EED1245D0E99D8EB5B5A17FB1092FFB4797C28E 4 <~Scribe.142~><~Controls.45~><~Scribe.143~><~Game.2037~><~Scribe.144~> 243C51
<Saktan> nice BD7F3D
<game> Saktan<~Controls.1~> 6 1 5 null
<game> Saktan<~Controls.1~> 6 1 null
<Saktan> 2 3AF63C
<game> goflya<~Controls.1~> 1 1 null
<game> goflya<~Controls.1~> 2 null
$goflya<~Scribe.141~>074 070 069 <~Scribe.142~><~Game.1918~><~Scribe.143~><~Game.2037~><~Scribe.144~> 603F73
$Saktan<~Controls.644~>104 157 074 070 069 <~Controls.645~><~Game.2035~> 55DC4C
$goflya<~Controls.726~>213 <~Controls.727~><~Game.1997~><~Controls.728~><~Game.2042~> 7674E5
$goflya<~Controls.731~>358 212 211 210 <~Controls.732~><~Game.2039~><~Controls.733~><~Game.2042~> 516B00
$Saktan<~Controls.757~>101 <~Controls.758~><~Game.1997~><~Controls.759~><~Game.2043~> 9B5452
<~Game.7~>8 null
$Saktan<~Controls.762~>104 105 100 099 103 361 360 102 362 <~Controls.763~><~Game.2041~><~Controls.764~><~Game.2043~> 20997F
$Saktan<~Controls.509~>194<~Controls.510~><~Game.2006~><~Controls.511~><~Controls.46~> null
$Saktan<~Controls.509~>183<~Controls.510~><~Game.2007~><~Controls.511~><~Controls.46~> null
$goflya<~Controls.509~>112<~Controls.510~><~Game.2004~><~Controls.511~><~Controls.45~> null
$goflya<~Controls.509~>121<~Controls.510~><~Game.2005~><~Controls.511~><~Controls.45~> null
$goflya<~Controls.296~>115 <~Controls.297~><~Controls.45~> BB3A4F
<goflya> declare F436F8
$goflya<~Scribe.141~>247 <~Scribe.142~><~Game.1955~><~Scribe.143~><~Game.524~><~Scribe.144~> 56E454
$Saktan<~Controls.281~>232 219 238 220 222 <~Controls.282~><~Game.2045~><~Controls.283~><~Game.2044~> 135088
$goflya<~Scribe.141~>248 <~Scribe.142~><~Game.2015~><~Scribe.143~><~Game.2014~><~Scribe.144~> DF9100
<Saktan> 1e E3CCC8
$Saktan<~Controls.372~>104 EDAA83
$Saktan<~Controls.345~>105 100 099 103 361 360 102 362 101 <~Controls.346~>13 13 10 14 12 11 11 12 10 null
$Saktan<~Controls.350~>105 100 099 103 361 360 102 362 101 null
$goflya<~Controls.345~>358 212 211 210 213 <~Controls.346~>4 0 0 2 3 null
$goflya<~Scribe.141~>211 <~Scribe.142~><~Game.2042~><~Scribe.143~><~Game.2035~><~Scribe.144~> 190478
$goflya<~Controls.790~>247<~Controls.791~><~Game.524~><~Controls.792~><~Game.525~> B7473A
$goflya<~Controls.795~>211<~Controls.796~><~Game.2035~><~Controls.797~><~Game.1997~> B79377
$Saktan<~Controls.624~>221<~Controls.625~><~Game.2044~><~Controls.626~><~Game.2037~> null
<Saktan> 1r 5F3FD0
$goflya<~Scribe.141~>252 <~Scribe.142~><~Game.2018~><~Scribe.143~><~Game.2019~><~Scribe.144~> 6CC091
$goflya<~Controls.323~>248 294F17
$goflya<~Controls.644~>221 <~Controls.645~><~Game.2035~> 82A3F9
$Saktan<~HighlightLabel.81~>103<~HighlightLabel.82~><~Game.2043~><~HighlightLabel.83~><~Game.2035~> 6FC0F1
$Saktan<~Controls.509~>171<~Controls.510~><~Game.2007~><~Controls.511~><~Controls.46~> null
$Saktan<~Controls.644~>103 <~Controls.645~><~Game.2035~> 7A7BDE
$goflya<~Scribe.141~>213 <~Scribe.142~><~Game.2042~><~Scribe.143~><~Game.2035~><~Scribe.144~> F26884
$goflya<~Controls.323~>247 FD1F8C
$goflya<~Controls.644~>213 <~Controls.645~><~Game.2035~> 08F8F9
$Saktan<~HighlightLabel.81~>361<~HighlightLabel.82~><~Game.2043~><~HighlightLabel.83~><~Game.2035~> D4734B
<Saktan> MT B6CB51
<Saktan> shine? A69E1E
<goflya> yes FAEB00
$goflya<~Controls.323~>240 9D7DB1
<Saktan> ok, i still have 4 reroll 12562D
<Saktan> 2 warg 2 mouth 6CE16C
<goflya> hm 860537
<goflya> maybe i dont then F33B96
<Saktan> np just let me know 7AED0D
<goflya> i still will BE3260
<Saktan> ok A6D381
$Saktan<~Controls.840~>171 FEE09C
$goflya<~Controls.840~>121 509ADF
<auto> playchosen BBBCF1
<auto><~Controls.3~>reveal 121 FF8BF94A9F4FF583550C89E8EB402500D5151FB7 11<~Controls.884~><~Controls.45~><~Controls.885~><~Game.2037~> CF8CD6
<auto><~Controls.866~>reveal 171 00B692DE4D6C5BE4679F297ED542F223D3CB2DEB 21<~Controls.867~><~Controls.46~><~Controls.868~><~Game.2036~> 5936BA
<auto> playchosen 1D3A78
<game> Saktan<~Controls.1~> 6 3 6 4 1 null
<game> Saktan<~Controls.1~> 2 2 4 null
<Saktan> 2 79DCD3
<game> goflya<~Controls.1~> 4 2 3 6 2 null
<game> goflya<~Controls.1~> 4 6 null
<goflya> 2 DD7BC2
$Saktan<~Scribe.141~>046 020 <~Scribe.142~><~Game.1944~><~Scribe.143~><~Game.2036~><~Scribe.144~> AA5525
<Saktan> post E11F69
$goflya<~Scribe.141~>084 <~Scribe.142~><~Game.1994~><~Scribe.143~><~Game.2037~><~Scribe.144~> 45E7D4
<game> Saktan<~Controls.1~> 5 3 1 3 3 null
<Saktan> 1 07B33E
$goflya<~Scribe.141~>080 <~Scribe.142~><~Game.1994~><~Scribe.143~><~Game.2037~><~Scribe.144~> D47B2A
<Saktan> press BD7D57
$Saktan<~Controls.304~>335 <~Controls.305~><~Game.1944~> 9200AC
$Saktan<~Controls.313~>344 <~Controls.307~><~Controls.314~><~Game.1944~> 9C4958
$Saktan<~Controls.662~>171 046 020 121 084 080 <~Controls.663~><~Game.2035~> 0A804B
$Saktan<~Controls.840~>183 644D7A
<goflya> no shine 7CD9C9
<Saktan> srry 51F1A3
$goflya<~Controls.323~>240 D875F4
<Saktan> has to for whole combat B0195D
<goflya> oh 5E3EB5
$goflya<~Controls.323~>240 E958E1
<Saktan> unless it was a new attack 30E81F
$goflya<~Controls.840~>109 10F5F2
<auto> playchosen 6C161D
<auto><~Controls.3~>reveal 109 AC42F9B4361FB71CB2A92E89A0A0AE78E0BCC5E3 2<~Controls.884~><~Controls.45~><~Controls.885~><~Game.2037~> 33A972
<auto><~Controls.866~>reveal 183 9963BD26A7E3346B6753428E24CEE543DD119312 7<~Controls.867~><~Controls.46~><~Controls.868~><~Game.2036~> 548977
<auto> playchosen ADB44F
<game> Saktan<~Controls.1~> 4 6 4 3 5 null
<game> Saktan<~Controls.1~> 2 5 6 3 null
<Saktan> 2 86834B
<game> goflya<~Controls.1~> 5 6 4 null
<game> goflya<~Controls.1~> 5 null
<goflya> 3 06DCEC
$Saktan<~Scribe.141~>049 047 344 <~Scribe.142~><~Game.1944~><~Scribe.143~><~Game.2036~><~Scribe.144~> AD34F3
<Saktan> +1 C5B57B
<Saktan> srry 2E5418
<Saktan> take your heroic death frist 18246D
<Saktan> then we will see if +1 03E2D9
$goflya<~Scribe.141~>240 <~Scribe.142~><~Game.1994~><~Scribe.143~><~Game.2037~><~Scribe.144~> A7F8C6
<goflya> gandy is dead 0C5158
<Saktan> does FP or SP take casualties first? 5092FA
<Saktan> just wondering because i would maybe change to trigger GH BDA7AE
<goflya> i think its the attacker 22DD83
<Saktan> ok 2288DD
<Saktan> so no GH 9379C0
<Saktan> press 3CBE75
$Saktan<~Controls.304~>057 <~Controls.305~><~Game.1944~> D38999
$Saktan<~Controls.313~>046 <~Controls.307~><~Controls.314~><~Game.1944~> 1003C3
$Saktan<~Controls.662~>183 049 047 344 109 240 <~Controls.663~><~Game.2035~> BAEDF1
$Saktan<~Controls.840~>191 989B86
$goflya<~Controls.840~>123 538AC2
<auto> playchosen A558C7
<auto><~Controls.3~>reveal 123 7000B82D21111B71B400D7560E7540687BE1F111 21<~Controls.884~><~Controls.45~><~Controls.885~><~Game.2037~> 520EB4
<auto><~Controls.866~>reveal 191 323B9001D8AF65E461CD09143F01599FE34BE8BA 19<~Controls.867~><~Controls.46~><~Controls.868~><~Game.2036~> C7A19B
<auto> playchosen 92E3BE
<Saktan> ff1 35AE2B
<game> Saktan<~Controls.1~> 6 3 2 5 1 null
<game> Saktan<~Controls.1~> 1 3 5 2 null
<Saktan> 2 9DF84C
<game> goflya<~Controls.1~> 6 3 2 null
<game> goflya<~Controls.1~> 1 2 null
<goflya> 1 4797B7
$Saktan<~Scribe.141~>048 <~Scribe.142~><~Game.1944~><~Scribe.143~><~Game.2036~><~Scribe.144~> F0A154
$goflya<~Scribe.141~>081 082 <~Scribe.142~><~Game.1994~><~Scribe.143~><~Game.2037~><~Scribe.144~> 76AD40
<Saktan> press 8B5E49
$Saktan<~Controls.304~>055 <~Controls.305~><~Game.1944~> D7276F
$Saktan<~Controls.313~>049 <~Controls.307~><~Controls.314~><~Game.1944~> 738BE4
$Saktan<~Controls.662~>191 048 123 081 082 <~Controls.663~><~Game.2035~> 2E7A7D
<Saktan> nc C7B879
<goflya> nc 7A42BF
<game> Saktan<~Controls.1~> 3 6 1 3 null
<Saktan> 1 C37914
<game> goflya<~Controls.1~> 3 null
<game> goflya<~Controls.1~> 1 null
$goflya<~Scribe.141~>246 085 083 <~Scribe.142~><~Game.1994~><~Scribe.143~><~Game.2037~><~Scribe.144~> 045E10
$Saktan<~Scribe.141~>423 <~Scribe.142~><~Game.389~><~Scribe.143~><~Game.392~><~Scribe.144~> 75CF27
$Saktan<~Scribe.141~>411 <~Scribe.142~><~Game.2040~><~Scribe.143~><~Game.1944~><~Scribe.144~> E22090
$Saktan<~Controls.644~>361 246 085 083 <~Controls.645~><~Game.2035~> 788AB4
<goflya> i think its gg 68FA68
<Saktan> i think so 7CF7FF
<goflya> gg 4B6B3B
<Saktan> you as well B1FBC2
<Saktan> tough game for the FSP 4BE96E
<Saktan> slow moves the second half C0473C
<goflya> it is what it is D44D10
