<auto> silent null
<auto><~Scribe.141~>363 397 398 402 401 400 399 403 404 376 375 374 373 377 378 <~Scribe.142~><~Game.2038~><~Scribe.143~>Spare<~Scribe.144~> null
<auto><~Scribe.141~>365 366 379 380 381 382 383 384 385 386 387 388 389 390 391 392 393 394 395 396 367 368 369 370 371 372 <~Scribe.142~><~Game.2040~><~Scribe.143~>Spare<~Scribe.144~> null
<auto><~Scribe.141~>230 231 <~Scribe.142~><~Game.2044~><~Scribe.143~>Spare<~Scribe.144~> null
<auto><~Scribe.141~>155 152 <~Scribe.142~><~Game.2004~><~Scribe.143~>Spare<~Scribe.144~> null
<auto><~Scribe.141~>137 151 <~Scribe.142~><~Game.2005~><~Scribe.143~>Spare<~Scribe.144~> null
<auto><~Scribe.141~>161 198 <~Scribe.142~><~Game.2006~><~Scribe.143~>Spare<~Scribe.144~> null
<auto><~Scribe.141~>163 188 <~Scribe.142~><~Game.2007~><~Scribe.143~>Spare<~Scribe.144~> null
<auto><~Controls.323~>364 null
<auto> noisy null
<auto> silent null
<auto><~Scribe.141~>312 <~Scribe.142~><~Game.2038~><~Scribe.143~><~Game.1965~><~Scribe.144~> null
<auto> noisy null
<~Game.7~>1 null
<auto> silent null
<auto><~Scribe.141~>363 397 398 402 401 400 399 403 404 376 375 374 373 377 378 <~Scribe.142~><~Game.2038~><~Scribe.143~>Spare<~Scribe.144~> null
<auto><~Scribe.141~>365 366 379 380 381 382 383 384 385 386 387 388 389 390 391 392 393 394 395 396 367 368 369 370 371 372 <~Scribe.142~><~Game.2040~><~Scribe.143~>Spare<~Scribe.144~> null
<auto><~Scribe.141~>230 231 <~Scribe.142~><~Game.2044~><~Scribe.143~>Spare<~Scribe.144~> null
<auto><~Scribe.141~>155 152 <~Scribe.142~><~Game.2004~><~Scribe.143~>Spare<~Scribe.144~> null
<auto><~Scribe.141~>137 151 <~Scribe.142~><~Game.2005~><~Scribe.143~>Spare<~Scribe.144~> null
<auto><~Scribe.141~>161 198 <~Scribe.142~><~Game.2006~><~Scribe.143~>Spare<~Scribe.144~> null
<auto><~Scribe.141~>163 188 <~Scribe.142~><~Game.2007~><~Scribe.143~>Spare<~Scribe.144~> null
<auto><~Controls.323~>364 null
<auto> noisy null
$base silent null
$TEST<~Scribe.141~>312 <~Scribe.142~><~Game.2038~><~Scribe.143~><~Game.1965~><~Scribe.144~> null
$base noisy null
<game> SlowCobra<~Controls.408~>[WOTR-Gandalf2 wotr base2] null
<~Talker.31~> null
<Stella_Rossa> hello again 
<SlowCobra> hey 
<Stella_Rossa> bid or switch? 
<SlowCobra> let's bid again 
<game> Stella_Rossa<~Controls.1~> 5 null
<game> SlowCobra<~Controls.1~> 3 null
<Stella_Rossa> 1+1 
<SlowCobra> 2t 
<Stella_Rossa> gl hf 
<SlowCobra> good luck 
$Stella_Rossa<~Controls.281~>427 426 <~Controls.282~><~Game.2038~><~Controls.283~><~Game.2042~> 
$Stella_Rossa<~Controls.464~>6417934AAF3AB70D97AE9861F8673B1DE48AA402 C07DE022637D8105060CEAA8A136E927 24 D9179DA4470A3CFEA5D8EBC4FE087CA647D555C0 E6160699955A3D9D1750A7709EB92B8A 11A740E01A61772047581F06F5259E4DBEE623EF B4B3FE62EDB54C9EA7381364892C24F4 7D621359CCA3524B14CB483C16F786E59C4E450F 9122F93CA93B07F7ECEEB181ED226668 3B0FE0BF511D14911E2158402F2B99C5E6425ED2 46D3A35137610745B8B84619368D7D12 7ECA5F42D83EF2676CE569A1172D0BDABB5FFDD9 08210696E680DEDC1F7C5786871D636C 257B95A35B21B490D91EDA76E342D5B8962C334C B4B8151AE07C42925C59F23CCBA511CD 2BA43C9C21AAB2645825DCD2BE24C7D0A19231C9 5B9F4503581D7E60F47E18660AC3CAC5 A5BD21B0D1C8D1AED93A4DD8FC135000E0A3DEC4 019D20BEFF9DCCA91B9CBF19FD69AA4D EDAA13B095CFD012A132CE0F1EE66F2BADE6087B A20FD90CBB1EDCA157958DE7E3280E5D F223CC4B264526643748E4FA020798D434325A97 756AD47E9AEB39D3635F88DB95324E6D C543A5DA47386754FDBE4D42263F2C30B61B2841 73E5D8A004D026F455242EABD88693D2 34D3C4BFAA73FE7273B93746D59189581608EDB6 1A21E8AA30E9804C021708C8F2CB7726 4B50E4E56D335BA2749B9259F5E68B01B4FEDA59 6EC23970D9AB5357A1980CE97FADD0DF 3A645386BD6D540873C9F28B12575C1B6B541118 404B75FB30117696AE944B4A84D4D1B7 5649265284C0C02AC917CD45AF7AF38B12D6C6B1 B2B27A2D141FAA781037AAA4C4CCCDEB 7810982C0CEBF17B63687DD4A840D2799C6EEE21 F981FD4B7F3F30EA7D602154526B8FA6 049FB66DD900353F4879AD946800EA86F3DAF91E 64792E17431BF48F1D7D448C678ACA99 EE5EFC602060D40B6D6CBD14CF66F62051C9D5E3 9E01EC66F7EB9F9D6DA10CFF752EBCD8 C7F4B832CDE3DCD3BAA9077B1A24B88DEBA0D5FA 2FEDB1A82B793EBA66113E437C68FF75 B38A113A61933DF1DED875A7392664B2F250837D 484E05D4E234E3FCDD957C449B891DF1 963F3BBEE3264A21822614BE4077A2CE5E793C29 BF64A183412B53E62C448569E97BB5A9 93943856092E7FCA7222248399C22BD2218E1CA9 57E8761283B92085129C4A1B85547FEF 9E525AA1612A88EB5BD8E0D16CEFAF8D133A5B4B 4533DFA42F405702D71F1A4CEB722ECD 379FE665F171D3EB03ACE4EE172169F1D03FA7EA EF10796C8D44F37CB3CAC04689C185D9 24 5D322FB7A7DE2F1C0C83121581E370FD8503B066 F6343DC055B536DD700916CD91EB1683 675482240E1E8FBD153E67FF53339BE21CCB24CA 769EB49EAA46B09D4E19ABA9109C5ED9 CEEAEAE218334F0220880419F9E2F9EF79D6B059 8C6B1B2E4619C81926F1D6BB3F1A7D86 099B7168709334B4E2CC8921487ACCFC32DD0433 18E1DEE1F52013E0D11835FE19D7EBD0 CBCEBE69AEB04600B258E2934FEC9846A9D859C4 C3AA8D2E47FED1A4CA1230882DC08539 068E744985C62693408F66992AC1D873E4258E5A 43973D81803F1786113C9669B56B41D9 A1FD7B32F3691023524CBD4A7658FD91B704201C DD54DA65D33C5C5A5246C2F5E6715990 77E610833AC3DDC0A1A24A38D48D80EA96AB6ADE 2BF2040DCF030B2B46B0CE8089879087 FDE8E462401C924700CDDDA5D688704C692FC879 1F27645E1906F7E959E0DD36CA2D0469 08638DD616FEFABB39961804D1CECA8AC17F9EFC 47AAC1635B7F25FA8DC5F6F94F0BDA19 23D5C100DE065AB3779FC4F7B928BB31274FCB7F 5216518C7CC6E1949D2290A08C4241FE AC1E5AD2A0E6E6E7EF8D48EEF1EB7987D6DDD298 D223414211FE282B65E7E273555902DF 8123A9873151154235DBD65EEA36F6F6A55D12E0 433B80C712D83B14803CBEFBB4856D28 10C14604EF7EA99A502D233D999E3887DC52006F 4BA3A9C5D060DC8B33251E74FC732047 F5B7F272F7B46C247735185822BE3DE5CFB7E637 43CFA0702605A9D089DB6F511DDA198D 9BB31B82FF0242EEC589D22F8DF4F3852B998520 F591B44FEF47652CBE4A7DF93A6C220A 6BECCB9E4821C73A2F654BB965B12B32DAC113BC A7387C7EB7DA1398E04BABF27806F8B2 C687FF8EE5E49081A0FCFBC256AB6C1A677B38C1 58D23C89B40DCD3BB388CCC7192021BC 9D96647E2B9C7B9D70EC01EABA50816C2AA14438 4927C580F6CA7729D5288566C8DB1B2D F82FF4234159B5ACE56EEE313B4D325655130210 BE2493D3DD903AC122AD59DF3549FDF7 FAD317018ABEB772A6638B1E477E84088040D0FC 05C1FD3DCC1FDD41599D45DBE4ABCAB5 C37B6CBB14C9F07F741692B73C5164347A081324 B79B4A551BCFAA25FFEB5C6942DB1F02 FD9F62B93C5F671E85E23D85C8C76EAEC36AA037 3DDE46F252BDF0508334C5B1F90F531E 579CAC2E90807C296F5290243AEB80E5960CED92 95206FF3934F3271A23782C084B27766 0 0 700747
$SlowCobra<~Controls.479~>8FF174445B1EBBE93F520738D0EE2CAB59A0CFD7 AD91D627EDE585D20991C594E2292F15 24 0B5604113C0E7F7D5ACD245B35932D082694C4FC C72893EB7E67211DD89D6BB0DE6AC8AD 42152325C05452B0EBF671AC736F2CA1B1C1954B A8A65168094762413AB9AC1A4AB6D4E0 AE9C3B5C501E6082BF2EEF5B16E57864E4394EF1 8B3D5023A443619DEF3B63AEE0BF744E E40FA673EA183A0369FC4F5707D00D94B9A45C62 3E4B929403DC7C0E052994212C0C9958 A8496980703BBEEEACFA5F6D834DBBEA2BAE2C8D 25169AA52D61F07D7ADC7FF25DA43347 54F7461E392A62A8BAC11AAEB16D1CE16F20E991 84D692617200BD292680BC9660B3B095 55C7EF01C2AA7190C056F6253D297AED93F14550 FC8F3B759BF8C418D76A88802A60B325 1558D780737B405981946DEF8625D19E4B583176 567FE792636E483ABDCDC02055791545 676B1AEB9D55725FDEE8E3D42F067D637DAD82DF 7F20F1382694F63F0854CBDBEEC5FD3D CF161280976BFD04FD946D959EBB1F33D83267A0 D3104973D818BDF5CF9887AB8C0FCAA0 E9029006D1DBDC514F5ADB9FD435E6DE9936E881 9D519A3B3712AB8E339747BAA539C70D 7D661EFED8B796806F3E347522616E401721ED2E DEAE111B44D6DB61C4781CE11CFA82F9 3D4C344A76E6D0A9E1125C023BA230F2917DFB87 4D4E6EADEF77B1E82366B7801D07288F 7D065E88255DF841751F93E619313732C17B1AE5 9FAADDEA10DBED6FE73DF46D2DCE0E5A F11202F73E0A05C628DECA8649ECEB70FD23CDE6 087F857D9E93B402C4551E8C7C08BAFF 111663D30E29CAE2685C8FC82851EDC2DDE0B5E0 0067C2741A046F40EAA95D7D7DC017DF D4F99E803A4F3D29E5E5026F36EB46C097B9DE1A 4A364AFB4C6F2F60AA1EBD7FB89C5486 BC5B36B1042CC1A2082DAC1C819160B4755C293C 314DCD2A31F1C6E45FB820F1DE831857 81D9C80FB49A22CCD13AD75EC55CFB36D8439D35 146DA20F33938DEF8BED8C081DEEE06E D0C35C7C90BBC27F39A3091B0ED385CC811A84BB 25D1BC8D9AEF1AA440778E75B5779E9F 7751E2B706A6D2462A8EAFD74448A636ADD5D1AA 6D8FE44542182150C043A4C9CB880069 2559B7FF0E91F9D138125154EB0C07EBE865A0A5 138625438EB4829F676F83B97D2633FE B363259920038244D42F92519EDDB70A4F38A011 DC58E90C9C8AD8D8C967276F36418053 85288F7C4A533F382ABDF835928A9B1B9C71A249 F542756EB9E72931179D1EC042148764 24 DC223A4E23C95F88B6C1A0DAA64CCCF700085BAC F0C0CC90179CDEA9C665A637A46AD1A3 68E9D3DA811CD0D122F7A1292AAEFC766CF401CA 0C5786E4BD7D288971F82E7827DDB728 6C5E4FB9B3EF47B535E42E5B66542B9DDB8D0A40 B9F72F4EBEA68D6EFE9F0A9EB25D0366 C0E1C901A206C9D857F0561CA8B001707F4A0FC6 5ACEB455ADE21BDA008E9983E0A3CB3B F331D9A27F0F3D8CB0FD826FCD5F5C40AB0A81CF 4C720E084FFF60F85CEF7530D04EF726 EFF7FC03C36BB44312287BBFDAD198C6A07C7ACE 26C6A75692F4CADE2E273A5F39D0BB51 DE5B521253F2E3F8A8CD5E109AD5E5E3F5BD434D 42077819BE17CE86ED53B50AC074C8D7 7992D8442B0BA4367E7A9AF6A21CF8F36E7E4FE1 7CD14044EACD5EA1CC8200EA8D1DA9BF A07DBA7A30D7D22D36B0587742B38F3FD07FC995 391BC234B0712F63633529DD1B7FA2DE 084C261B320EED950DCA45C74F006A7C8BBD6429 AA6D635B2460FA338E1D4CA04FF9120E BA4A821EC6E7AAF6B181D5DDFE0A200DE0D0B0A7 52DD018201612B73953345E3CC5C8016 761B19CB79555E86D0559DFC1497549B66C98273 C586860125DEBA798C8AC8BE85312C5E B09AEE0EAE70CBF3D846A1A797118F73AEC0ED2D B193E1B63F9E4087FD8609AF92528D74 AE9B8E79DDB3CDEBCE21E428FC2C9012EDE9F7DB 220C4227C6F66A36C35B4CE647F3A6CA 13BF92DA74AF6A232FECA848E9F54E72669F24AA 01F822322CA9627638F1173983612267 F018BD4A3AA4D4453B91AFD7CE785B5DC81CBC20 DD944AE253DF725A929A7CC8451992DD 221A1696840A7590531F4CAF5ADE94C379ED2ED5 EDA3605D3FFBCF8A8A3D463784FD99C7 60CCD1EF9312D6C65EDF0935660C7130207F99EB 55148DD80D2ECFE73ED036DB3FCA210E EDAF0CFF23F37EA68B8A5CC29B140C3702BAF6FC A88DE097240A8C5F5751D055D1137465 0E92DF59937C3EC410F04E19F0B692B986D40C37 AE9E5CDAA98418DC6E9E030F8A677DFA 254C22D6E7DED0C4AB302B6DD86443FF080DBF98 669489B5381A2711ABCC8B917C6184C6 036E130BC81723715B1A3C286DFC3BBBE7DD63BD 4D3DE415D00AE642AFE7130B92CBECBA F9C098B168E7494001283258BDA72FC7DD689A06 E01C4EAD0EE1BD8FB33ABF9BE51925B5 1449BF6A2DF06324C1D77ED3A53F93B96F593C30 60D34EA29DB814F3F1878A7F52D8FE3C 0 0 366166
$SlowCobra<~Controls.509~>181<~Controls.510~><~Game.2006~><~Controls.511~><~Controls.46~> null
$Stella_Rossa<~Controls.509~>108<~Controls.510~><~Game.2004~><~Controls.511~><~Controls.45~> null
$SlowCobra<~Controls.509~>192<~Controls.510~><~Game.2007~><~Controls.511~><~Controls.46~> null
$Stella_Rossa<~Controls.509~>106<~Controls.510~><~Game.2005~><~Controls.511~><~Controls.45~> null
<Stella_Rossa> fsp ok 326602
$SlowCobra<~Controls.372~>105 4E3C92
<SlowCobra> 1e D3198A
$SlowCobra<~Controls.345~>104 103 102 101 100 099 <~Controls.346~>10 11 12 15 15 10 null
$SlowCobra<~Controls.350~>104 103 102 101 100 099 null
$Stella_Rossa<~Controls.345~>213 212 211 210 <~Controls.346~>2 4 2 0 null
$Stella_Rossa<~Scribe.141~>427 <~Scribe.142~><~Game.2042~><~Scribe.143~><~Game.2035~><~Scribe.144~> 9577C6
$Stella_Rossa<~Controls.509~>129<~Controls.510~><~Game.2005~><~Controls.511~><~Controls.45~> null
$Stella_Rossa<~Controls.644~>427 <~Controls.645~><~Game.2035~> 21DADF
$SlowCobra<~HighlightLabel.81~>099<~HighlightLabel.82~><~Game.2043~><~HighlightLabel.83~><~Game.2035~> 767102
$SlowCobra<~Scribe.141~>263 <~Scribe.142~><~Game.2002~><~Scribe.143~><~Game.2003~><~Scribe.144~> 1B19D2
$SlowCobra<~Controls.644~>099 <~Controls.645~><~Game.2035~> 9DCD0F
$Stella_Rossa<~Scribe.141~>211 <~Scribe.142~><~Game.2042~><~Scribe.143~><~Game.2035~><~Scribe.144~> 049959
$Stella_Rossa<~Scribe.141~>reveal 129 7C5E06B1A7CAD151BABF8A4110F591E87C6D8A7C 18 <~Scribe.142~><~Controls.45~><~Scribe.143~><~Game.2037~><~Scribe.144~> 96CCDC
$Stella_Rossa<~Scribe.141~>283 289 <~Scribe.142~><~Game.2038~><~Scribe.143~><~Game.1923~><~Scribe.144~> BFE3C1
$Stella_Rossa<~Controls.509~>124<~Controls.510~><~Game.2005~><~Controls.511~><~Controls.45~> null
$Stella_Rossa<~Controls.644~>211 129 <~Controls.645~><~Game.2035~> 62AFBF
$SlowCobra<~HighlightLabel.81~>102<~HighlightLabel.82~><~Game.2043~><~HighlightLabel.83~><~Game.2035~> FDA2B6
$SlowCobra<~Scribe.141~>039 036 029 028 027 026 <~Scribe.142~><~Game.1979~><~Scribe.143~><~Game.533~><~Scribe.144~> 29A0C4
$SlowCobra<~Scribe.141~>040 035 015 014 013 012 011 <~Scribe.142~><~Game.1956~><~Scribe.143~><~Game.1953~><~Scribe.144~> 279547
$SlowCobra<~Controls.644~>102 <~Controls.645~><~Game.2035~> 4F9362
$Stella_Rossa<~Scribe.141~>210 <~Scribe.142~><~Game.2042~><~Scribe.143~><~Game.2035~><~Scribe.144~> CBC596
$Stella_Rossa<~Controls.790~>248<~Controls.791~><~Game.2014~><~Controls.792~><~Game.2015~> EB26D9
$Stella_Rossa<~Controls.795~>210<~Controls.796~><~Game.2035~><~Controls.797~><~Game.1997~> 2BD67C
<game> SlowCobra<~Controls.1~> 5 4 5 null
$SlowCobra<~HighlightLabel.81~>103<~HighlightLabel.82~><~Game.2043~><~HighlightLabel.83~><~Game.2035~> E67BBB
$SlowCobra<~Scribe.141~>039 036 029 028 027 026 <~Scribe.142~><~Game.533~><~Scribe.143~><~Game.1974~><~Scribe.144~> 5FDBFA
$SlowCobra<~Scribe.141~>040 035 015 014 013 012 011 <~Scribe.142~><~Game.1953~><~Scribe.143~><~Game.1927~><~Scribe.144~> C500FE
$SlowCobra<~Controls.644~>103 <~Controls.645~><~Game.2035~> 04DC0C
$Stella_Rossa<~Scribe.141~>213 <~Scribe.142~><~Game.2042~><~Scribe.143~><~Game.2035~><~Scribe.144~> D8FA2B
$Stella_Rossa<~Controls.366~>251<~Controls.367~><~Game.2010~><~Controls.368~><~Game.2011~> 16B73B
$Stella_Rossa<~Controls.790~>248<~Controls.791~><~Game.2015~><~Controls.792~><~Game.2016~> A282C2
$Stella_Rossa<~Controls.795~>213<~Controls.796~><~Game.2035~><~Controls.797~><~Game.1997~> 6AC65B
<game> SlowCobra<~Controls.1~> 4 3 6 null
$SlowCobra<~Controls.624~>222<~Controls.625~><~Game.2044~><~Controls.626~><~Game.2037~> null
$Stella_Rossa<~Scribe.141~>240 <~Scribe.142~><~Game.1999~><~Scribe.143~><~Game.2037~><~Scribe.144~> 19807F
$Stella_Rossa<~Scribe.141~>241 <~Scribe.142~><~Game.1998~><~Scribe.143~><~Game.1999~><~Scribe.144~> 423647
$Stella_Rossa<~Scribe.141~>247 <~Scribe.142~><~Game.1911~><~Scribe.143~><~Game.1912~><~Scribe.144~> 9FDFD5
$Stella_Rossa<~Controls.323~>247 394934
$Stella_Rossa<~Controls.644~>222 240 <~Controls.645~><~Game.2035~> 5D272F
$SlowCobra<~HighlightLabel.81~>104<~HighlightLabel.82~><~Game.2043~><~HighlightLabel.83~><~Game.2035~> 71A7AC
$SlowCobra<~Scribe.141~>254 <~Scribe.142~><~Game.2040~><~Scribe.143~><~Game.1919~><~Scribe.144~> 5949C6
$SlowCobra<~Scribe.141~>361 <~Scribe.142~><~Game.2040~><~Scribe.143~><~Game.2037~><~Scribe.144~> 0A6A89
$SlowCobra<~Controls.644~>104 361 <~Controls.645~><~Game.2035~> 5DA181
$Stella_Rossa<~Scribe.141~>212 <~Scribe.142~><~Game.2042~><~Scribe.143~><~Game.2035~><~Scribe.144~> 657B43
$Stella_Rossa<~Controls.323~>247 61D70A
$Stella_Rossa<~Controls.644~>212 <~Controls.645~><~Game.2035~> C15220
$Stella_Rossa<~Controls.726~>213 210 <~Controls.727~><~Game.1997~><~Controls.728~><~Game.2042~> 8F3AE5
$Stella_Rossa<~Controls.731~>212 211 <~Controls.732~><~Game.2039~><~Controls.733~><~Game.2042~> 6834E0
$Stella_Rossa<~Controls.509~>141<~Controls.510~><~Game.2004~><~Controls.511~><~Controls.45~> null
$Stella_Rossa<~Controls.509~>156<~Controls.510~><~Game.2005~><~Controls.511~><~Controls.45~> null
$SlowCobra<~Controls.757~>101 100 105 <~Controls.758~><~Game.1997~><~Controls.759~><~Game.2043~> B328E7
<~Game.7~>2 null
$SlowCobra<~Controls.762~>104 361 103 102 099 <~Controls.763~><~Game.2041~><~Controls.764~><~Game.2043~> 0E249A
$SlowCobra<~Controls.509~>179<~Controls.510~><~Game.2006~><~Controls.511~><~Controls.46~> null
$SlowCobra<~Controls.509~>175<~Controls.510~><~Game.2007~><~Controls.511~><~Controls.46~> null
<Stella_Rossa> fsp ok 3C031B
$SlowCobra<~Controls.372~>104 829C7A
$SlowCobra<~Controls.345~>361 103 102 099 101 100 105 <~Controls.346~>10 15 12 13 15 12 14 null
$SlowCobra<~Controls.350~>361 103 102 099 101 100 105 null
$Stella_Rossa<~Controls.345~>212 211 213 210 <~Controls.346~>2 0 1 4 null
<Stella_Rossa> pass 4779F8
$SlowCobra<~HighlightLabel.81~>100<~HighlightLabel.82~><~Game.2043~><~HighlightLabel.83~><~Game.2035~> AE0488
$SlowCobra<~Scribe.141~>039 038 036 029 028 027 026 025 024 023 022 021 <~Scribe.142~><~Game.1974~><~Scribe.143~><~Game.1976~><~Scribe.144~> EC3349
$SlowCobra<~Scribe.141~>001 <~Scribe.142~><~Game.1910~><~Scribe.143~><~Game.1912~><~Scribe.144~> 67D4FC
$SlowCobra<~Controls.644~>100 <~Controls.645~><~Game.2035~> 6125D0
$Stella_Rossa<~Scribe.141~>210 <~Scribe.142~><~Game.2042~><~Scribe.143~><~Game.2035~><~Scribe.144~> D2B65E
$Stella_Rossa<~Scribe.141~>073 072 <~Scribe.142~><~Game.1929~><~Scribe.143~><~Game.1925~><~Scribe.144~> 920D8D
$Stella_Rossa<~Scribe.141~>065 <~Scribe.142~><~Game.1941~><~Scribe.143~><~Game.1957~><~Scribe.144~> 83AB9F
$Stella_Rossa<~Controls.644~>210 <~Controls.645~><~Game.2035~> D5CEA8
$SlowCobra<~HighlightLabel.81~>361<~HighlightLabel.82~><~Game.2043~><~HighlightLabel.83~><~Game.2035~> D98AF0
$SlowCobra<~Scribe.141~>262 <~Scribe.142~><~Game.2002~><~Scribe.143~><~Game.2003~><~Scribe.144~> 9B9DB3
$SlowCobra<~Controls.644~>361 <~Controls.645~><~Game.2035~> A5E24B
$Stella_Rossa<~Scribe.141~>211 <~Scribe.142~><~Game.2042~><~Scribe.143~><~Game.2035~><~Scribe.144~> 2E21D9
$Stella_Rossa<~Scribe.141~>358 <~Scribe.142~><~Game.2038~><~Scribe.143~><~Game.2037~><~Scribe.144~> CE6873
$Stella_Rossa<~Scribe.141~>240 <~Scribe.142~><~Game.2039~><~Scribe.143~><~Game.1921~><~Scribe.144~> 592986
$Stella_Rossa<~Controls.323~>240 C107AD
$Stella_Rossa<~Controls.644~>211 358 <~Controls.645~><~Game.2035~> B69856
$SlowCobra<~HighlightLabel.81~>099<~HighlightLabel.82~><~Game.2043~><~HighlightLabel.83~><~Game.2035~> 97DC93
$SlowCobra<~Scribe.141~>039 038 036 029 028 027 026 025 024 023 022 021 <~Scribe.142~><~Game.1976~><~Scribe.143~><~Game.1972~><~Scribe.144~> 6E82F3
$SlowCobra<~Controls.644~>099 <~Controls.645~><~Game.2035~> D48B2A
$Stella_Rossa<~Scribe.141~>426 <~Scribe.142~><~Game.2042~><~Scribe.143~><~Game.2035~><~Scribe.144~> 993166
$Stella_Rossa<~Scribe.141~>256 <~Scribe.142~><~Game.2000~><~Scribe.143~><~Game.2001~><~Scribe.144~> 4711BF
$Stella_Rossa<~Controls.644~>426 <~Controls.645~><~Game.2035~> FC328A
$SlowCobra<~HighlightLabel.81~>102<~HighlightLabel.82~><~Game.2043~><~HighlightLabel.83~><~Game.2035~> 700D3F
$SlowCobra<~Scribe.141~>008 007 <~Scribe.142~><~Game.1917~><~Scribe.143~><~Game.1927~><~Scribe.144~> 9DC128
$SlowCobra<~Scribe.141~>039 038 036 029 028 027 026 025 024 023 022 021 <~Scribe.142~><~Game.1972~><~Scribe.143~><~Game.1975~><~Scribe.144~> 19549B
$SlowCobra<~Controls.819~> DF9A38
$SlowCobra<~Controls.819~> E342E7
$SlowCobra<~Scribe.141~>039 038 036 029 028 027 026 025 024 023 022 021 <~Scribe.142~><~Game.1972~><~Scribe.143~><~Game.1975~><~Scribe.144~> 88BC82
$SlowCobra<~Scribe.141~>055 049 048 047 <~Scribe.142~><~Game.1968~><~Scribe.143~><~Game.1946~><~Scribe.144~> 439CFF
$SlowCobra<~Controls.644~>102 <~Controls.645~><~Game.2035~> 05AD91
$Stella_Rossa<~Scribe.141~>213 <~Scribe.142~><~Game.2042~><~Scribe.143~><~Game.2035~><~Scribe.144~> 9B4B7A
$Stella_Rossa<~Scribe.141~>242 <~Scribe.142~><~Game.1998~><~Scribe.143~><~Game.1897~><~Scribe.144~> 97FE73
$Stella_Rossa<~Controls.644~>213 <~Controls.645~><~Game.2035~> DE8E70
$SlowCobra<~HighlightLabel.81~>105<~HighlightLabel.82~><~Game.2043~><~HighlightLabel.83~><~Game.2035~> 46192E
$SlowCobra<~CardBuffet.14~>reveal 181 171DE8F36500A3FC06F94390A16D81B91F73A2E1 9<~CardBuffet.15~><~Controls.46~><~CardBuffet.16~> D7F768
$SlowCobra<~Controls.281~>237 <~Controls.282~><~Game.2046~><~Controls.283~><~Game.2045~> 16A722
$SlowCobra<~Controls.644~>105 181 <~Controls.645~><~Game.2035~> DD3AA4
$Stella_Rossa<~Scribe.141~>212 <~Scribe.142~><~Game.2042~><~Scribe.143~><~Game.2035~><~Scribe.144~> A6D1A0
$Stella_Rossa<~Scribe.141~>reveal 106 16BED3C24BDD7B64C5127DDBE1A359BD40C84E85 22 <~Scribe.142~><~Controls.45~><~Scribe.143~><~Game.2037~><~Scribe.144~> 1C712C
$Stella_Rossa<~Scribe.141~>242 <~Scribe.142~><~Game.1897~><~Scribe.143~><~Game.1891~><~Scribe.144~> 592868
$Stella_Rossa<~Scribe.141~>257 <~Scribe.142~><~Game.2000~><~Scribe.143~><~Game.2003~><~Scribe.144~> 5A0B2C
$Stella_Rossa<~Controls.323~>257 E3F7D3
$Stella_Rossa<~Controls.644~>212 106 <~Controls.645~><~Game.2035~> 4E1B0E
$Stella_Rossa<~Controls.731~>212 213 211 358 210 <~Controls.732~><~Game.2039~><~Controls.733~><~Game.2042~> 75BE24
$Stella_Rossa<~Controls.509~>133<~Controls.510~><~Game.2004~><~Controls.511~><~Controls.45~> null
$SlowCobra<~Controls.757~>103 101 104 <~Controls.758~><~Game.1997~><~Controls.759~><~Game.2043~> 163069
<~Game.7~>3 null
$SlowCobra<~Controls.762~>105 102 099 361 100 <~Controls.763~><~Game.2041~><~Controls.764~><~Game.2043~> 8AC95A
$Stella_Rossa<~Controls.509~>122<~Controls.510~><~Game.2005~><~Controls.511~><~Controls.45~> null
$SlowCobra<~Controls.509~>167<~Controls.510~><~Game.2006~><~Controls.511~><~Controls.46~> null
$SlowCobra<~Controls.509~>199<~Controls.510~><~Game.2007~><~Controls.511~><~Controls.46~> null
<Stella_Rossa> fsp ok 2CDB7A
$SlowCobra<~Controls.372~>105 A6CD9F
$SlowCobra<~Controls.345~>102 099 361 100 103 101 104 <~Controls.346~>15 14 13 11 10 14 11 null
$SlowCobra<~Controls.350~>102 099 361 100 103 101 104 null
$Stella_Rossa<~Controls.345~>212 213 211 358 210 <~Controls.346~>3 2 1 0 1 null
$Stella_Rossa<~Scribe.141~>212 <~Scribe.142~><~Game.2042~><~Scribe.143~><~Game.2035~><~Scribe.144~> 91978E
$Stella_Rossa<~Scribe.141~>315 <~Scribe.142~><~Game.2038~><~Scribe.143~><~Game.1965~><~Scribe.144~> 6564A5
$Stella_Rossa<~Controls.644~>212 <~Controls.645~><~Game.2035~> 3DBCE8
$SlowCobra<~HighlightLabel.81~>100<~HighlightLabel.82~><~Game.2043~><~HighlightLabel.83~><~Game.2035~> 7E4C43
$SlowCobra<~Scribe.141~>039 038 036 029 028 027 026 025 024 023 022 021 <~Scribe.142~><~Game.1975~><~Scribe.143~><~Game.1966~><~Scribe.144~> E0EACD
$SlowCobra<~Scribe.141~>008 007 <~Scribe.142~><~Game.1917~><~Scribe.143~><~Game.1927~><~Scribe.144~> 1BA6C9
$SlowCobra<~Controls.819~> 266C47
$SlowCobra<~Scribe.141~>055 057 049 048 047 046 045 <~Scribe.142~><~Game.1946~><~Scribe.143~><~Game.1932~><~Scribe.144~> 6F08B0
$SlowCobra<~Controls.644~>100 <~Controls.645~><~Game.2035~> 18B4D8
<Stella_Rossa> pass 0F3F98
$SlowCobra<~HighlightLabel.81~>103<~HighlightLabel.82~><~Game.2043~><~HighlightLabel.83~><~Game.2035~> 116363
$SlowCobra<~Scribe.141~>253 <~Scribe.142~><~Game.2040~><~Scribe.143~><~Game.1966~><~Scribe.144~> 4911F4
$Stella_Rossa<~Controls.323~>259 258 7DA8B7
$SlowCobra<~Scribe.141~>360 <~Scribe.142~><~Game.2040~><~Scribe.143~><~Game.2037~><~Scribe.144~> 1CBD2B
$Stella_Rossa<~Controls.323~>260 3526B0
$SlowCobra<~Controls.644~>103 360 <~Controls.645~><~Game.2035~> 3013ED
$Stella_Rossa<~Scribe.141~>210 <~Scribe.142~><~Game.2042~><~Scribe.143~><~Game.2035~><~Scribe.144~> BF3DD8
$Stella_Rossa<~Controls.790~>248<~Controls.791~><~Game.2014~><~Controls.792~><~Game.2015~> B87D59
$Stella_Rossa<~Controls.795~>210<~Controls.796~><~Game.2035~><~Controls.797~><~Game.1997~> 4128CC
<game> SlowCobra<~Controls.1~> 2 4 null
<game> SlowCobra<~Controls.1~> 2 null
$SlowCobra<~HighlightLabel.81~>361<~HighlightLabel.82~><~Game.2043~><~HighlightLabel.83~><~Game.2035~> AC1FC3
<SlowCobra> dale nc CEB3C2
$Stella_Rossa<~Scribe.141~>258 <~Scribe.142~><~Game.2000~><~Scribe.143~><~Game.2001~><~Scribe.144~> D33732
$Stella_Rossa<~Scribe.141~>reveal 156 8D7FBEEA52D2634DE7D97466A3A6B49451EEE5BA 3 <~Scribe.142~><~Controls.45~><~Scribe.143~><~Game.2037~><~Scribe.144~> C222BD
$Stella_Rossa<~Scribe.141~>068 066 <~Scribe.142~><~Game.1970~><~Scribe.143~><~Game.1954~><~Scribe.144~> 5FFF67
$Stella_Rossa<~Scribe.141~>423 <~Scribe.142~><~Game.27~><~Scribe.143~><~Game.28~><~Scribe.144~> 67B878
$SlowCobra<~Scribe.141~>253 039 038 036 029 028 027 026 025 024 023 022 021 <~Scribe.142~><~Game.1966~><~Scribe.143~><~Game.1970~><~Scribe.144~> D68F65
$SlowCobra<~Scribe.141~>258 <~Scribe.142~><~Game.2001~><~Scribe.143~><~Game.2002~><~Scribe.144~> 0FF665
$SlowCobra<~Controls.644~>361 156 <~Controls.645~><~Game.2035~> 52AB55
$Stella_Rossa<~Scribe.141~>358 <~Scribe.142~><~Game.2042~><~Scribe.143~><~Game.2035~><~Scribe.144~> A85816
$Stella_Rossa<~Scribe.141~>314 <~Scribe.142~><~Game.2038~><~Scribe.143~><~Game.1965~><~Scribe.144~> 101D1A
$Stella_Rossa<~Controls.644~>358 <~Controls.645~><~Game.2035~> 39097E
$SlowCobra<~HighlightLabel.81~>099<~HighlightLabel.82~><~Game.2043~><~HighlightLabel.83~><~Game.2035~> B9B0A0
$SlowCobra<~CardBuffet.14~>reveal 179 6DE15E96FD75906DDFF1227A3AF7AFEB76A2E27B 17<~CardBuffet.15~><~Controls.46~><~CardBuffet.16~> 796DFF
$SlowCobra<~Controls.281~>239 <~Controls.282~><~Game.2046~><~Controls.283~><~Game.2045~> E91091
$SlowCobra<~Controls.644~>099 179 <~Controls.645~><~Game.2035~> ABE139
$Stella_Rossa<~Scribe.141~>211 <~Scribe.142~><~Game.2042~><~Scribe.143~><~Game.2035~><~Scribe.144~> CFD270
$Stella_Rossa<~Controls.790~>248<~Controls.791~><~Game.2015~><~Controls.792~><~Game.2016~> 0D39E9
$Stella_Rossa<~Controls.795~>211<~Controls.796~><~Game.2035~><~Controls.797~><~Game.1997~> 953CCE
<game> SlowCobra<~Controls.1~> 4 4 null
<game> SlowCobra<~Controls.1~> 2 null
<SlowCobra> sad 5371F7
<Stella_Rossa> yes 9DFE89
$SlowCobra<~HighlightLabel.81~>104<~HighlightLabel.82~><~Game.2043~><~HighlightLabel.83~><~Game.2035~> 9D92F0
<SlowCobra> erebor 53B0A5
$Stella_Rossa<~Scribe.141~>062 314 315 312 061 060 <~Scribe.142~><~Game.1965~><~Scribe.143~><~Game.1988~><~Scribe.144~> 0D8F7B
$SlowCobra<~Scribe.141~>253 039 038 036 029 028 027 026 025 024 023 022 <~Scribe.142~><~Game.1970~><~Scribe.143~><~Game.1965~><~Scribe.144~> 252F4C
$SlowCobra<~Controls.644~>104 <~Controls.645~><~Game.2035~> 2FD4DD
$Stella_Rossa<~Scribe.141~>213 <~Scribe.142~><~Game.2042~><~Scribe.143~><~Game.2035~><~Scribe.144~> 00A270
$Stella_Rossa<~Scribe.141~>reveal 141 4BC50B1584032A001A184B97BA7664E4675632D0 9 <~Scribe.142~><~Controls.45~><~Scribe.143~><~Game.2037~><~Scribe.144~> A0AEB5
$Stella_Rossa<~Controls.281~>232 <~Controls.282~><~Game.2046~><~Controls.283~><~Game.2045~> 52E492
$Stella_Rossa<~Controls.644~>213 141 <~Controls.645~><~Game.2035~> 53FD39
$SlowCobra<~HighlightLabel.81~>101<~HighlightLabel.82~><~Game.2043~><~HighlightLabel.83~><~Game.2035~> 9834FB
$SlowCobra<~Scribe.141~>251 <~Scribe.142~><~Game.2011~><~Scribe.143~><~Game.2037~><~Scribe.144~> 55C30E
<SlowCobra> iron nc BEB83E
<Stella_Rossa> nc 70D692
<game> SlowCobra<~Controls.1~> 1 4 3 1 2 null
<game> SlowCobra<~Controls.1~> 4 1 2 2 null
<game> Stella_Rossa<~Controls.1~> 1 null
<SlowCobra> of course A9E2B4
<SlowCobra> press 684873
$Stella_Rossa<~Scribe.141~>059 <~Scribe.142~><~Game.1973~><~Scribe.143~><~Game.1980~><~Scribe.144~> CBA46C
$SlowCobra<~Scribe.141~>022 <~Scribe.142~><~Game.1965~><~Scribe.143~><~Game.1973~><~Scribe.144~> 4C304D
$SlowCobra<~Controls.644~>101 251 <~Controls.645~><~Game.2035~> 22D51F
$Stella_Rossa<~Controls.726~>211 210 <~Controls.727~><~Game.1997~><~Controls.728~><~Game.2042~> D56288
$Stella_Rossa<~Controls.731~>213 358 212 <~Controls.732~><~Game.2039~><~Controls.733~><~Game.2042~> 0ADBFC
$Stella_Rossa<~Controls.509~>139<~Controls.510~><~Game.2004~><~Controls.511~><~Controls.45~> null
$SlowCobra<~Controls.757~>102 105 <~Controls.758~><~Game.1997~><~Controls.759~><~Game.2043~> 00CC28
<~Game.7~>4 null
$SlowCobra<~Controls.762~>101 104 099 361 103 360 100 <~Controls.763~><~Game.2041~><~Controls.764~><~Game.2043~> 51F9B1
$Stella_Rossa<~Controls.509~>113<~Controls.510~><~Game.2005~><~Controls.511~><~Controls.45~> null
<Stella_Rossa> declare F5EF54
$SlowCobra<~Controls.509~>182<~Controls.510~><~Game.2006~><~Controls.511~><~Controls.46~> null
$SlowCobra<~Controls.509~>206<~Controls.510~><~Game.2007~><~Controls.511~><~Controls.46~> null
$Stella_Rossa<~Scribe.141~>247 <~Scribe.142~><~Game.1912~><~Scribe.143~><~Game.1927~><~Scribe.144~> 4579BF
$Stella_Rossa<~Scribe.141~>248 <~Scribe.142~><~Game.2016~><~Scribe.143~><~Game.2014~><~Scribe.144~> 812D08
<Stella_Rossa> fsp ok 36E5D8
$SlowCobra<~Controls.372~>101 CBFED8
$SlowCobra<~Controls.345~>104 099 361 103 360 100 102 105 <~Controls.346~>12 15 12 11 14 10 14 10 null
$SlowCobra<~Controls.350~>104 099 361 103 360 100 102 105 null
$Stella_Rossa<~Controls.345~>213 358 212 211 210 <~Controls.346~>0 3 2 2 3 null
<Stella_Rossa> pass F097F6
$SlowCobra<~HighlightLabel.81~>105<~HighlightLabel.82~><~Game.2043~><~HighlightLabel.83~><~Game.2035~> B1893F
$SlowCobra<~Scribe.141~>261 <~Scribe.142~><~Game.2001~><~Scribe.143~><~Game.2002~><~Scribe.144~> CCDDF0
$SlowCobra<~Controls.644~>105 <~Controls.645~><~Game.2035~> 1E9077
<Stella_Rossa> pass 15E2A2
$SlowCobra<~HighlightLabel.81~>100<~HighlightLabel.82~><~Game.2043~><~HighlightLabel.83~><~Game.2035~> 16504F
$SlowCobra<~Scribe.141~>261 <~Scribe.142~><~Game.2002~><~Scribe.143~><~Game.2003~><~Scribe.144~> 690CB7
$SlowCobra<~Controls.644~>100 <~Controls.645~><~Game.2035~> C670D6
$Stella_Rossa<~Scribe.141~>211 <~Scribe.142~><~Game.2042~><~Scribe.143~><~Game.2035~><~Scribe.144~> C9F154
$Stella_Rossa<~Scribe.141~>reveal 122 3A265A532CC6D019D0025F572F419A4CA138683E 12 <~Scribe.142~><~Controls.45~><~Scribe.143~><~Game.2037~><~Scribe.144~> 3DF9CD
$Stella_Rossa<~Scribe.141~>270 276 <~Scribe.142~><~Game.2038~><~Scribe.143~><~Game.1920~><~Scribe.144~> C18555
$Stella_Rossa<~Controls.644~>211 122 <~Controls.645~><~Game.2035~> 241C9B
$SlowCobra<~HighlightLabel.81~>103<~HighlightLabel.82~><~Game.2043~><~HighlightLabel.83~><~Game.2035~> 5CE0D5
$SlowCobra<~Scribe.141~>345 <~Scribe.142~><~Game.2040~><~Scribe.143~><~Game.1986~><~Scribe.144~> 935054
$SlowCobra<~Controls.644~>103 <~Controls.645~><~Game.2035~> AAB4F9
$Stella_Rossa<~Scribe.141~>210 <~Scribe.142~><~Game.2042~><~Scribe.143~><~Game.2035~><~Scribe.144~> 896EF2
$Stella_Rossa<~Scribe.141~>reveal 113 80CD517D4DCB3B506366BB68A49A531CB4B8915D 21 <~Scribe.142~><~Controls.45~><~Scribe.143~><~Game.2037~><~Scribe.144~> B7A31B
$Stella_Rossa<~Scribe.141~>266 <~Scribe.142~><~Game.2038~><~Scribe.143~><~Game.1928~><~Scribe.144~> 39BBE9
$Stella_Rossa<~Controls.509~>143<~Controls.510~><~Game.2005~><~Controls.511~><~Controls.45~> null
$Stella_Rossa<~Controls.644~>210 113 <~Controls.645~><~Game.2035~> DD265B
$SlowCobra<~HighlightLabel.81~>361<~HighlightLabel.82~><~Game.2043~><~HighlightLabel.83~><~Game.2035~> 126BDC
<SlowCobra> erebor 4F40E2
$SlowCobra<~Controls.840~>182 B2B8C1
$Stella_Rossa<~Controls.840~>124 4F8AD6
<auto> playchosen 8F0E04
<auto><~Controls.3~>reveal 124 8C134A3622B257C638D8954C6DF7DFE2B6703D21 9<~Controls.884~><~Controls.45~><~Controls.885~><~Game.2037~> E34FDD
<auto><~Controls.866~>reveal 182 FCE6B8206565168942A08588C86ACE19387361E7 7<~Controls.867~><~Controls.46~><~Controls.868~><~Game.2036~> 96AD87
<auto> playchosen DE793F
<game> Stella_Rossa<~Controls.1~> 3 null
<Stella_Rossa> 0 6802AB
<SlowCobra> ff4 000436
<game> SlowCobra<~Controls.1~> 6 6 2 3 3 null
<SlowCobra> 2 44DBA5
<Stella_Rossa> what can I do 90B801
<game> Stella_Rossa<~Controls.1~> 1 1 3 2 1 null
<Stella_Rossa> sorry 956398
<Stella_Rossa> too many 6934B7
<Stella_Rossa> usual 0 in any case 9CBB99
<SlowCobra> np 64ADF8
$Stella_Rossa<~Controls.304~>315 314 <~Controls.305~><~Game.1988~> 63DECF
$Stella_Rossa<~Controls.313~>316 317 <~Controls.307~><~Controls.314~><~Game.1988~> 383E0B
<SlowCobra> press draw 4FE25F
$SlowCobra<~Controls.304~>036 <~Controls.305~><~Game.1965~> CA90E2
$SlowCobra<~Controls.313~>344 <~Controls.307~><~Controls.314~><~Game.1965~> 98F9CB
$SlowCobra<~Controls.509~>162<~Controls.510~><~Game.2006~><~Controls.511~><~Controls.46~> null
$SlowCobra<~Controls.296~>182 <~Controls.297~><~Game.2036~> 2D19EA
$SlowCobra<~Controls.296~>124 <~Controls.297~><~Game.2037~> 3E3161
<SlowCobra> mmm 3C52BC
$SlowCobra<~Controls.840~>206 5806ED
<Stella_Rossa> nc 8E37ED
<auto><~Controls.866~>reveal 206 05D457318FC42CD534F5FAC35C7CF629F32AA60C 12<~Controls.867~><~Controls.46~><~Controls.868~><~Game.2036~> 72F919
<SlowCobra> risky move 076097
<Stella_Rossa> yes 4B4534
$SlowCobra<~Scribe.141~>024 023 <~Scribe.142~><~Game.1965~><~Scribe.143~><~Game.2036~><~Scribe.144~> 588303
<Stella_Rossa> but you know... 8953B2
<game> SlowCobra<~Controls.1~> 4 4 5 3 2 null
<game> SlowCobra<~Controls.1~> 6 6 null
<SlowCobra> 5 149C68
<Stella_Rossa> no problems at all 07382C
<game> Stella_Rossa<~Controls.1~> 2 4 5 2 4 null
<game> Stella_Rossa<~Controls.1~> 4 1 null
<Stella_Rossa> 1 8E1ACE
$Stella_Rossa<~Scribe.141~>061 312 316 <~Scribe.142~><~Game.1988~><~Scribe.143~><~Game.2037~><~Scribe.144~> 1F3E0E
<SlowCobra> sad rolls 056546
<Stella_Rossa> this is really ridicolous 9219E1
$SlowCobra<~Controls.644~>361 206 024 023 061 312 316 <~Controls.645~><~Game.2035~> BBB898
$SlowCobra<~Controls.296~>025 <~Controls.297~><~Game.1965~> 21AC7E
$Stella_Rossa<~Scribe.141~>212 <~Scribe.142~><~Game.2042~><~Scribe.143~><~Game.2035~><~Scribe.144~> 15BB4C
$Stella_Rossa<~Scribe.141~>reveal 143 5CBC2F0A120ECF89C5BF003A1CE52D9902FD9862 2 <~Scribe.142~><~Controls.45~><~Scribe.143~><~Game.2037~><~Scribe.144~> C3AA62
$Stella_Rossa<~Scribe.141~>265 <~Scribe.142~><~Game.2038~><~Scribe.143~><~Game.1954~><~Scribe.144~> 79DFB3
$Stella_Rossa<~Controls.509~>134<~Controls.510~><~Game.2005~><~Controls.511~><~Controls.45~> null
$Stella_Rossa<~Controls.644~>212 143 <~Controls.645~><~Game.2035~> BF94A7
<SlowCobra> well at least good cards 17A5D0
<Stella_Rossa> sure, I am lucky :-) 98C65D
$SlowCobra<~HighlightLabel.81~>102<~HighlightLabel.82~><~Game.2043~><~HighlightLabel.83~><~Game.2035~> 1D4E53
$SlowCobra<~CardBuffet.14~>reveal 192 15C04301A93499C7FC907049C09A180E5C7ADDAA 9<~CardBuffet.15~><~Controls.46~><~CardBuffet.16~> 8046E4
$SlowCobra<~Scribe.141~>345 056 052 051 050 <~Scribe.142~><~Game.1986~><~Scribe.143~><~Game.1965~><~Scribe.144~> AFC0BC
$SlowCobra<~Controls.644~>102 192 <~Controls.645~><~Game.2035~> B455AD
$Stella_Rossa<~Scribe.141~>358 <~Scribe.142~><~Game.2042~><~Scribe.143~><~Game.2035~><~Scribe.144~> 9BF0EB
$Stella_Rossa<~Scribe.141~>256 <~Scribe.142~><~Game.2001~><~Scribe.143~><~Game.2002~><~Scribe.144~> 705FE2
$Stella_Rossa<~Controls.644~>358 <~Controls.645~><~Game.2035~> 30F701
$SlowCobra<~HighlightLabel.81~>104<~HighlightLabel.82~><~Game.2043~><~HighlightLabel.83~><~Game.2035~> 63AA4A
<SlowCobra> erebor 267F98
$SlowCobra<~Controls.840~>162 AB276E
<Stella_Rossa> nc 846B1F
<auto><~Controls.866~>reveal 162 1FD976B0112831154641FAD9DB95D3F5C305FE5D 1<~Controls.867~><~Controls.46~><~Controls.868~><~Game.2036~> AF0796
<game> SlowCobra<~Controls.1~> 1 1 2 3 2 null
<game> SlowCobra<~Controls.1~> 5 1 4 5 null
<game> Stella_Rossa<~Controls.1~> 2 5 null
<Stella_Rossa> 1 010924
$SlowCobra<~Scribe.141~>051 <~Scribe.142~><~Game.1965~><~Scribe.143~><~Game.2036~><~Scribe.144~> CC3280
<SlowCobra> press draw E88282
$SlowCobra<~Controls.304~>056 <~Controls.305~><~Game.1965~> 5BAFA2
$SlowCobra<~Controls.313~>357 <~Controls.307~><~Controls.314~><~Game.1965~> 770883
$SlowCobra<~Controls.509~>165<~Controls.510~><~Game.2006~><~Controls.511~><~Controls.46~> null
$SlowCobra<~Controls.296~>162 051 <~Controls.297~><~Game.2036~> FE8FE3
$SlowCobra<~Controls.840~>175 CEF11C
<Stella_Rossa> nc 749518
<auto><~Controls.866~>reveal 175 73788125C67AA729802FFC3481BA7B0FD7E391CF 7<~Controls.867~><~Controls.46~><~Controls.868~><~Game.2036~> 3DB5A3
<game> SlowCobra<~Controls.1~> 4 1 6 2 3 null
<game> Stella_Rossa<~Controls.1~> 1 3 null
<game> Stella_Rossa<~Controls.1~> 6 null
<Stella_Rossa> 1 53C080
$Stella_Rossa<~Scribe.141~>062 317 060 <~Scribe.142~><~Game.1988~><~Scribe.143~><~Game.2037~><~Scribe.144~> C9FEBC
$SlowCobra<~Scribe.141~>026 <~Scribe.142~><~Game.1965~><~Scribe.143~><~Game.2036~><~Scribe.144~> 9798C4
$SlowCobra<~Scribe.141~>423 <~Scribe.142~><~Game.28~><~Scribe.143~><~Game.30~><~Scribe.144~> FCD362
$Stella_Rossa<~Scribe.141~>062 317 060 <~Scribe.142~><~Game.2037~><~Scribe.143~><~Game.30~><~Scribe.144~> 8A23E8
$SlowCobra<~Controls.819~> F76690
$SlowCobra<~Controls.644~>104 175 026 062 317 060 <~Controls.645~><~Game.2035~> 4A4331
$Stella_Rossa<~Scribe.141~>213 <~Scribe.142~><~Game.2042~><~Scribe.143~><~Game.2035~><~Scribe.144~> D7D506
$Stella_Rossa<~Controls.790~>248<~Controls.791~><~Game.2014~><~Controls.792~><~Game.2015~> 6FE711
$Stella_Rossa<~Controls.795~>213<~Controls.796~><~Game.2035~><~Controls.797~><~Game.1997~> 8A3911
<game> SlowCobra<~Controls.1~> 2 1 null
<game> SlowCobra<~Controls.1~> 4 2 null
$SlowCobra<~HighlightLabel.81~>360<~HighlightLabel.82~><~Game.2043~><~HighlightLabel.83~><~Game.2035~> D1351E
$SlowCobra<~Controls.509~>189<~Controls.510~><~Game.2007~><~Controls.511~><~Controls.46~> null
$SlowCobra<~Controls.644~>360 <~Controls.645~><~Game.2035~> 31E065
$Stella_Rossa<~Controls.726~>213 <~Controls.727~><~Game.1997~><~Controls.728~><~Game.2042~> 4BE6D9
$Stella_Rossa<~Controls.731~>358 212 210 211 <~Controls.732~><~Game.2039~><~Controls.733~><~Game.2042~> 32E833
$SlowCobra<~Controls.757~>099 101 <~Controls.758~><~Game.1997~><~Controls.759~><~Game.2043~> C45ED5
<~Game.7~>5 null
$SlowCobra<~Controls.762~>360 104 102 361 103 100 105 <~Controls.763~><~Game.2041~><~Controls.764~><~Game.2043~> DF4B6E
$Stella_Rossa<~Controls.509~>149<~Controls.510~><~Game.2004~><~Controls.511~><~Controls.45~> null
$SlowCobra<~Controls.509~>173<~Controls.510~><~Game.2006~><~Controls.511~><~Controls.46~> null
$Stella_Rossa<~Controls.509~>119<~Controls.510~><~Game.2005~><~Controls.511~><~Controls.45~> null
$SlowCobra<~Controls.509~>187<~Controls.510~><~Game.2007~><~Controls.511~><~Controls.46~> null
<Stella_Rossa> declare FC37A5
$Stella_Rossa<~Scribe.141~>247 <~Scribe.142~><~Game.1927~><~Scribe.143~><~Game.1930~><~Scribe.144~> E56016
$Stella_Rossa<~Scribe.141~>248 <~Scribe.142~><~Game.2015~><~Scribe.143~><~Game.2014~><~Scribe.144~> 79E0C8
<Stella_Rossa> fsp ok 93B71F
$SlowCobra<~Controls.372~>360 174290
$SlowCobra<~Controls.345~>104 102 361 103 100 105 099 101 <~Controls.346~>13 13 11 14 12 14 12 12 null
$SlowCobra<~Controls.350~>104 102 361 103 100 105 099 101 null
$Stella_Rossa<~Controls.345~>358 212 210 211 213 <~Controls.346~>2 2 0 3 3 null
<Stella_Rossa> ahahahhahaa D07182
$Stella_Rossa<~Scribe.141~>212 <~Scribe.142~><~Game.2042~><~Scribe.143~><~Game.2035~><~Scribe.144~> CBBAB7
$Stella_Rossa<~Scribe.141~>reveal 119 A216D4269A7AA8DF48A870C790C8F0F0BA5C99D8 5 <~Scribe.142~><~Controls.45~><~Scribe.143~><~Game.2029~><~Scribe.144~> 64AB3A
$Stella_Rossa<~Scribe.141~>258 <~Scribe.142~><~Game.2002~><~Scribe.143~><~Game.2003~><~Scribe.144~> D607C5
$Stella_Rossa<~Controls.644~>212 <~Controls.645~><~Game.2035~> 3F271D
$SlowCobra<~HighlightLabel.81~>103<~HighlightLabel.82~><~Game.2043~><~HighlightLabel.83~><~Game.2035~> 8B0A3D
$SlowCobra<~CardBuffet.14~>reveal 187 ED4CCDBC0E0819CBCF249553581683811335AC6B 8<~CardBuffet.15~><~Controls.46~><~CardBuffet.16~> 469CB1
$SlowCobra<~Scribe.141~>320 336 036 <~Scribe.142~><~Game.2040~><~Scribe.143~><~Game.1917~><~Scribe.144~> F9D834
$SlowCobra<~Controls.644~>103 187 <~Controls.645~><~Game.2035~> DCE90D
$Stella_Rossa<~Scribe.141~>210 <~Scribe.142~><~Game.2042~><~Scribe.143~><~Game.2035~><~Scribe.144~> E8236F
$Stella_Rossa<~Controls.790~>248<~Controls.791~><~Game.2014~><~Controls.792~><~Game.2015~> 97B886
$Stella_Rossa<~Controls.795~>210<~Controls.796~><~Game.2035~><~Controls.797~><~Game.1997~> E74C36
<game> SlowCobra<~Controls.1~> 4 null
$SlowCobra<~HighlightLabel.81~>101<~HighlightLabel.82~><~Game.2043~><~HighlightLabel.83~><~Game.2035~> 0B3A62
$SlowCobra<~Scribe.141~>253 039 038 345 357 052 344 029 028 027 <~Scribe.142~><~Game.1965~><~Scribe.143~><~Game.1970~><~Scribe.144~> 5A8C68
$SlowCobra<~Scribe.141~>320 336 036 008 007 <~Scribe.142~><~Game.1917~><~Scribe.143~><~Game.1927~><~Scribe.144~> AE59BD
$SlowCobra<~Controls.644~>101 <~Controls.645~><~Game.2035~> F6BB66
<Stella_Rossa> pass 2FB889
$SlowCobra<~HighlightLabel.81~>102<~HighlightLabel.82~><~Game.2043~><~HighlightLabel.83~><~Game.2035~> AEECBF
<SlowCobra> vale of carnene from wk nc 528C32
<Stella_Rossa> nc 0E162D
<game> SlowCobra<~Controls.1~> 4 1 3 3 5 null
<game> Stella_Rossa<~Controls.1~> 5 4 null
<Stella_Rossa> sorry 7034FC
<Stella_Rossa> 1 0344EE
$Stella_Rossa<~Scribe.141~>059 <~Scribe.142~><~Game.1980~><~Scribe.143~><~Game.2037~><~Scribe.144~> 3223FC
$SlowCobra<~Controls.296~>021 <~Controls.297~><~Game.1970~> FBDECE
$SlowCobra<~Controls.644~>102 059 <~Controls.645~><~Game.2035~> 8CCE64
<Stella_Rossa> pass 79B9C5
$SlowCobra<~HighlightLabel.81~>099<~HighlightLabel.82~><~Game.2043~><~HighlightLabel.83~><~Game.2035~> A7832A
$SlowCobra<~Scribe.141~>010 009 <~Scribe.142~><~Game.1922~><~Scribe.143~><~Game.1934~><~Scribe.144~> 02FD6C
$SlowCobra<~Scribe.141~>054 053 <~Scribe.142~><~Game.1987~><~Scribe.143~><~Game.1980~><~Scribe.144~> 8AAEC5
$SlowCobra<~Controls.644~>099 <~Controls.645~><~Game.2035~> C015F1
$Stella_Rossa<~Scribe.141~>213 <~Scribe.142~><~Game.2042~><~Scribe.143~><~Game.2035~><~Scribe.144~> 9F359F
$Stella_Rossa<~Scribe.141~>302 <~Scribe.142~><~Game.2038~><~Scribe.143~><~Game.1941~><~Scribe.144~> 38D6F1
$Stella_Rossa<~Controls.644~>213 <~Controls.645~><~Game.2035~> D448C8
$SlowCobra<~HighlightLabel.81~>100<~HighlightLabel.82~><~Game.2043~><~HighlightLabel.83~><~Game.2035~> FF6C7F
<SlowCobra> carrock nc 9F556D
<Stella_Rossa> nc 5368D9
<game> SlowCobra<~Controls.1~> 5 2 null
<SlowCobra> 1 3DD420
<game> Stella_Rossa<~Controls.1~> 6 null
<Stella_Rossa> 1 B90DD7
$SlowCobra<~Controls.296~>009 <~Controls.297~><~Game.1934~> 4AB3B4
$Stella_Rossa<~Controls.304~>302 <~Controls.305~><~Game.1941~> C095D9
$Stella_Rossa<~Controls.313~>308 <~Controls.307~><~Controls.314~><~Game.1941~> 23A35F
<SlowCobra> press 9F7561
<Stella_Rossa> stay 47DE7B
<game> SlowCobra<~Controls.1~> 5 null
<SlowCobra> 1 BC8BDF
<game> Stella_Rossa<~Controls.1~> 3 null
$Stella_Rossa<~Scribe.141~>308 <~Scribe.142~><~Game.1941~><~Scribe.143~><~Game.2037~><~Scribe.144~> EC360E
<Stella_Rossa> no doubt 78F6FA
$SlowCobra<~Scribe.141~>010 <~Scribe.142~><~Game.1934~><~Scribe.143~><~Game.1941~><~Scribe.144~> BE2053
<Stella_Rossa> pass D74D77
$Stella_Rossa<~Controls.644~>100 308 <~Controls.645~><~Game.2035~> 86CEF4
$SlowCobra<~HighlightLabel.81~>105<~HighlightLabel.82~><~Game.2043~><~HighlightLabel.83~><~Game.2035~> 082C59
$SlowCobra<~CardBuffet.14~>reveal 189 9129FFCF259ADC9C67923730019E20D55FBDC6B9 15<~CardBuffet.15~><~Controls.46~><~CardBuffet.16~> 6B1D00
$SlowCobra<~Scribe.141~>335 <~Scribe.142~><~Game.2040~><~Scribe.143~><~Game.1970~><~Scribe.144~> 70917D
$SlowCobra<~Controls.644~>105 189 <~Controls.645~><~Game.2035~> E87544
$Stella_Rossa<~Scribe.141~>358 <~Scribe.142~><~Game.2042~><~Scribe.143~><~Game.2035~><~Scribe.144~> E89B2C
$Stella_Rossa<~Controls.509~>121<~Controls.510~><~Game.2005~><~Controls.511~><~Controls.45~> null
$Stella_Rossa<~Controls.644~>358 <~Controls.645~><~Game.2035~> 5A8B4B
$SlowCobra<~HighlightLabel.81~>361<~HighlightLabel.82~><~Game.2043~><~HighlightLabel.83~><~Game.2035~> 1BC3DF
$SlowCobra<~Scribe.141~>054 053 <~Scribe.142~><~Game.1980~><~Scribe.143~><~Game.1970~><~Scribe.144~> C10F23
$SlowCobra<~Scribe.141~>032 031 030 <~Scribe.142~><~Game.1977~><~Scribe.143~><~Game.1969~><~Scribe.144~> 2CB3B6
$SlowCobra<~Controls.644~>361 <~Controls.645~><~Game.2035~> C97AC8
$Stella_Rossa<~Scribe.141~>211 <~Scribe.142~><~Game.2042~><~Scribe.143~><~Game.2035~><~Scribe.144~> CE3ED3
$Stella_Rossa<~Scribe.141~>260 <~Scribe.142~><~Game.2001~><~Scribe.143~><~Game.2002~><~Scribe.144~> F93C57
$Stella_Rossa<~Controls.644~>211 <~Controls.645~><~Game.2035~> 3C3227
$SlowCobra<~HighlightLabel.81~>104<~HighlightLabel.82~><~Game.2043~><~HighlightLabel.83~><~Game.2035~> CCF724
<SlowCobra> wlr 6510C7
$Stella_Rossa<~Scribe.141~>098 068 265 094 088 066 <~Scribe.142~><~Game.1954~><~Scribe.143~><~Game.1991~><~Scribe.144~> 011A3D
$Stella_Rossa<~Scribe.141~>256 <~Scribe.142~><~Game.2002~><~Scribe.143~><~Game.2003~><~Scribe.144~> 96B90F
$SlowCobra<~Scribe.141~>253 039 038 345 335 054 053 357 344 029 028 027 <~Scribe.142~><~Game.1970~><~Scribe.143~><~Game.1954~><~Scribe.144~> 6EBAE2
$SlowCobra<~Controls.644~>104 <~Controls.645~><~Game.2035~> F63CF0
$Stella_Rossa<~Controls.726~>210 <~Controls.727~><~Game.1997~><~Controls.728~><~Game.2042~> 87756D
$Stella_Rossa<~Controls.731~>211 358 213 212 <~Controls.732~><~Game.2039~><~Controls.733~><~Game.2042~> 82C5BC
$Stella_Rossa<~Controls.509~>135<~Controls.510~><~Game.2004~><~Controls.511~><~Controls.45~> null
$Stella_Rossa<~Controls.509~>138<~Controls.510~><~Game.2005~><~Controls.511~><~Controls.45~> null
<Stella_Rossa> declare F12770
$SlowCobra<~Controls.757~>360 <~Controls.758~><~Game.1997~><~Controls.759~><~Game.2043~> FD1AED
<~Game.7~>6 null
$SlowCobra<~Controls.762~>104 361 105 100 099 102 101 103 <~Controls.763~><~Game.2041~><~Controls.764~><~Game.2043~> 3C8042
$Stella_Rossa<~Scribe.141~>247 <~Scribe.142~><~Game.1930~><~Scribe.143~><~Game.1937~><~Scribe.144~> 21B263
$SlowCobra<~Controls.509~>193<~Controls.510~><~Game.2006~><~Controls.511~><~Controls.46~> null
$Stella_Rossa<~Scribe.141~>248 <~Scribe.142~><~Game.2015~><~Scribe.143~><~Game.2014~><~Scribe.144~> 11CDFC
$SlowCobra<~Controls.509~>184<~Controls.510~><~Game.2007~><~Controls.511~><~Controls.46~> null
$Stella_Rossa<~Controls.296~>121 <~Controls.297~><~Controls.45~> E7CE6B
$Stella_Rossa<~Controls.296~>108 <~Controls.297~><~Controls.45~> 0BCD1A
$Stella_Rossa<~Controls.819~> DE9C81
$Stella_Rossa<~Controls.296~>108 <~Controls.297~><~Controls.45~> A4CDB1
<Stella_Rossa> fsp ok 153A81
$SlowCobra<~Controls.372~>104 95EC80
$SlowCobra<~Controls.345~>361 105 100 099 102 101 103 360 <~Controls.346~>12 14 14 13 14 13 13 14 null
$SlowCobra<~Controls.350~>361 105 100 099 102 101 103 360 null
$Stella_Rossa<~Controls.345~>211 358 213 212 210 <~Controls.346~>1 1 4 4 1 null
$Stella_Rossa<~Scribe.141~>212 <~Scribe.142~><~Game.2042~><~Scribe.143~><~Game.2035~><~Scribe.144~> 4C8270
$Stella_Rossa<~Scribe.141~>269 <~Scribe.142~><~Game.2038~><~Scribe.143~><~Game.1928~><~Scribe.144~> 1675E8
$Stella_Rossa<~Scribe.141~>268 <~Scribe.142~><~Game.2038~><~Scribe.143~><~Game.1911~><~Scribe.144~> ACF4F2
$Stella_Rossa<~Controls.644~>212 <~Controls.645~><~Game.2035~> E6F55F
$SlowCobra<~HighlightLabel.81~>101<~HighlightLabel.82~><~Game.2043~><~HighlightLabel.83~><~Game.2035~> E14FBF
<SlowCobra> lorien DAD0DB
$Stella_Rossa<~Scribe.141~>097 266 093 092 269 087 <~Scribe.142~><~Game.1928~><~Scribe.143~><~Game.1992~><~Scribe.144~> C02653
$SlowCobra<~Scribe.141~>320 040 336 036 035 008 007 015 014 013 012 011 <~Scribe.142~><~Game.1927~><~Scribe.143~><~Game.1928~><~Scribe.144~> 3B6023
$SlowCobra<~Controls.644~>101 <~Controls.645~><~Game.2035~> ECC1E4
<Stella_Rossa> pass 808255
$SlowCobra<~HighlightLabel.81~>103<~HighlightLabel.82~><~Game.2043~><~HighlightLabel.83~><~Game.2035~> 604E00
<SlowCobra> wlr 489BA5
$SlowCobra<~Controls.840~>173 42E4A7
$Stella_Rossa<~Controls.840~>134 2029EE
<auto> playchosen 043B89
<auto><~Controls.3~>reveal 134 D4DB1D05794E66EF1A770AC85193D33A97109F77 13<~Controls.884~><~Controls.45~><~Controls.885~><~Game.2037~> C352F0
<auto><~Controls.866~>reveal 173 2615C5DD2F18919EB5C46580C7FA55E5EC71ACD6 19<~Controls.867~><~Controls.46~><~Controls.868~><~Game.2036~> 9858C1
<auto> playchosen 7C69B1
<game> SlowCobra<~Controls.1~> 6 2 6 5 6 null
<game> SlowCobra<~Controls.1~> 1 3 6 null
<SlowCobra> 4 0D4834
<Stella_Rossa> ... B9F9AB
<game> Stella_Rossa<~Controls.1~> 2 1 1 6 null
<game> Stella_Rossa<~Controls.1~> 2 2 null
<Stella_Rossa> 2 37F391
<Stella_Rossa> is a joke 9DD111
$SlowCobra<~Scribe.141~>028 <~Scribe.142~><~Game.1954~><~Scribe.143~><~Game.2036~><~Scribe.144~> B3CB0B
$Stella_Rossa<~Controls.281~>094 265 <~Controls.282~><~Game.1991~><~Controls.283~><~Game.2039~> E83EB6
$SlowCobra<~Controls.304~>335 <~Controls.305~><~Game.1954~> 3610C8
$SlowCobra<~Controls.313~>009 <~Controls.307~><~Controls.314~><~Game.1954~> 539623
<SlowCobra> press draw 7B5DD3
$SlowCobra<~Controls.509~>169<~Controls.510~><~Game.2006~><~Controls.511~><~Controls.46~> null
$SlowCobra<~Controls.296~>173 028 <~Controls.297~><~Game.2036~> 8C3400
$SlowCobra<~Controls.296~>134 <~Controls.297~><~Game.2037~> BBA55D
<SlowCobra> nc BB6E95
<Stella_Rossa> nc 8BEBA6
<game> SlowCobra<~Controls.1~> 4 4 4 4 2 null
<game> SlowCobra<~Controls.1~> 6 5 6 1 null
<game> Stella_Rossa<~Controls.1~> 2 1 null
<game> Stella_Rossa<~Controls.1~> 3 null
<game> Stella_Rossa<~Controls.1~> 3 null
$Stella_Rossa<~Scribe.141~>098 068 088 066 <~Scribe.142~><~Game.1991~><~Scribe.143~><~Game.2037~><~Scribe.144~> 910CD2
<Stella_Rossa> 0 517E7C
$Stella_Rossa<~Scribe.141~>423 <~Scribe.142~><~Game.30~><~Scribe.143~><~Game.32~><~Scribe.144~> D23BA5
$SlowCobra<~Scribe.141~>423 <~Scribe.142~><~Game.30~><~Scribe.143~><~Game.32~><~Scribe.144~> 898924
$SlowCobra<~Controls.644~>103 098 068 088 066 <~Controls.645~><~Game.2035~> 9B0899
$Stella_Rossa<~Scribe.141~>210 <~Scribe.142~><~Game.2042~><~Scribe.143~><~Game.2035~><~Scribe.144~> A088CC
$Stella_Rossa<~Controls.790~>248<~Controls.791~><~Game.2014~><~Controls.792~><~Game.2015~> 4BD31D
$Stella_Rossa<~Controls.795~>210<~Controls.796~><~Game.2035~><~Controls.797~><~Game.1997~> 4B2983
<game> SlowCobra<~Controls.1~> 2 null
$SlowCobra<~HighlightLabel.81~>360<~HighlightLabel.82~><~Game.2043~><~HighlightLabel.83~><~Game.2035~> 0DA085
$SlowCobra<~CardBuffet.14~>reveal 165 EBAFF314B2A31288AFFA0009154B892840D71806 5<~CardBuffet.15~><~Controls.46~><~CardBuffet.16~> 2A5A4C
$SlowCobra<~Scribe.141~>253 038 039 <~Scribe.142~><~Game.1954~><~Scribe.143~><~Game.1928~><~Scribe.144~> 32427C
$SlowCobra<~Scribe.141~>037 <~Scribe.142~><~Game.1969~><~Scribe.143~><~Game.1937~><~Scribe.144~> 54ED9D
<game> SlowCobra<~Controls.1~> 4 null
$SlowCobra<~Controls.296~>165 <~Controls.297~><~Game.2036~> 0E7881
$SlowCobra<~Controls.644~>360 <~Controls.645~><~Game.2035~> 53B1CE
$Stella_Rossa<~Scribe.141~>358 <~Scribe.142~><~Game.2042~><~Scribe.143~><~Game.2035~><~Scribe.144~> 6C904E
$Stella_Rossa<~Controls.790~>248<~Controls.791~><~Game.2015~><~Controls.792~><~Game.2016~> 33625C
$Stella_Rossa<~Controls.795~>358<~Controls.796~><~Game.2035~><~Controls.797~><~Game.1997~> B31D51
<game> SlowCobra<~Controls.1~> 5 null
<game> SlowCobra<~Controls.1~> 3 null
$SlowCobra<~Controls.624~>217<~Controls.625~><~Game.2044~><~Controls.626~><~Game.2037~> null
$Stella_Rossa<~Scribe.141~>247 <~Scribe.142~><~Game.1937~><~Scribe.143~><~Game.1967~><~Scribe.144~> 76F0A3
$Stella_Rossa<~Controls.323~>247 1B5F3A
$Stella_Rossa<~Scribe.141~>252 <~Scribe.142~><~Game.2014~><~Scribe.143~><~Game.2015~><~Scribe.144~> 5620ED
$Stella_Rossa<~Controls.644~>217 <~Controls.645~><~Game.2035~> 1721A0
$SlowCobra<~HighlightLabel.81~>102<~HighlightLabel.82~><~Game.2043~><~HighlightLabel.83~><~Game.2035~> 7D2904
$SlowCobra<~CardBuffet.14~>reveal 193 A062B4FF7D78A489BCF6B22CE25318CAAE1611DE 13<~CardBuffet.15~><~Controls.46~><~CardBuffet.16~> E86F21
$SlowCobra<~Scribe.141~>252 <~Scribe.142~><~Game.2015~><~Scribe.143~><~Game.2017~><~Scribe.144~> BB5380
$Stella_Rossa<~Scribe.141~>252 <~Scribe.142~><~Game.2015~><~Scribe.143~><~Game.2017~><~Scribe.144~> 7815D2
$SlowCobra<~Controls.644~>102 193 <~Controls.645~><~Game.2035~> 22AEDE
$Stella_Rossa<~Scribe.141~>213 <~Scribe.142~><~Game.2042~><~Scribe.143~><~Game.2035~><~Scribe.144~> CE3832
$Stella_Rossa<~Controls.323~>247 D5A556
$Stella_Rossa<~Controls.644~>213 <~Controls.645~><~Game.2035~> BDA749
$SlowCobra<~HighlightLabel.81~>099<~HighlightLabel.82~><~Game.2043~><~HighlightLabel.83~><~Game.2035~> 837618
<SlowCobra> lorien 62BEA2
$SlowCobra<~Controls.840~>167 9EBF32
$Stella_Rossa<~Controls.840~>138 65DC0D
<auto> playchosen 54F3CD
<auto><~Controls.3~>reveal 138 E5A1BBD3F0D992E882C311EF35918400EBB6246F 7<~Controls.884~><~Controls.45~><~Controls.885~><~Game.2037~> 1DCB34
<auto><~Controls.866~>reveal 167 F61BD03705E18F3F2AEA386C6B82DB54F7D13C01 14<~Controls.867~><~Controls.46~><~Controls.868~><~Game.2036~> 4E902E
<auto> playchosen E6806B
<game> SlowCobra<~Controls.1~> 5 2 6 4 2 null
<game> SlowCobra<~Controls.1~> 2 5 6 5 null
<SlowCobra> 4 E10154
<game> Stella_Rossa<~Controls.1~> 5 2 5 6 2 null
<game> Stella_Rossa<~Controls.1~> 5 null
<Stella_Rossa> 4 DC44F0
$SlowCobra<~Scribe.141~>012 013 014 011 <~Scribe.142~><~Game.1928~><~Scribe.143~><~Game.2036~><~Scribe.144~> 64BB81
$Stella_Rossa<~Controls.281~>093 092 <~Controls.282~><~Game.1992~><~Controls.283~><~Game.2039~> 6159D8
$SlowCobra<~Controls.304~>336 <~Controls.305~><~Game.1928~> B935BF
$SlowCobra<~Controls.313~>028 <~Controls.307~><~Controls.314~><~Game.1928~> 950225
<SlowCobra> press draw 0968CB
$SlowCobra<~Controls.509~>166<~Controls.510~><~Game.2006~><~Controls.511~><~Controls.46~> null
$SlowCobra<~Controls.296~>167 012 013 014 011 <~Controls.297~><~Game.2036~> 1D7332
$SlowCobra<~Controls.296~>138 <~Controls.297~><~Game.2037~> 8583C3
$SlowCobra<~Controls.840~>184 3F17E9
$Stella_Rossa<~Controls.840~>133 CB6912
<auto> playchosen 6A0504
<auto><~Controls.3~>reveal 133 B32263912ADF536E58935273F215049FEF406852 19<~Controls.884~><~Controls.45~><~Controls.885~><~Game.2037~> 8A73FD
<auto><~Controls.866~>reveal 184 1DC8AE1AE6E4F743031D0FF7B043333BE24D32EF 13<~Controls.867~><~Controls.46~><~Controls.868~><~Game.2036~> BEB7FC
<auto> playchosen 361D3F
<game> Stella_Rossa<~Controls.1~> 1 null
<Stella_Rossa> 0 0FA508
<game> SlowCobra<~Controls.1~> 1 2 5 6 5 null
<game> SlowCobra<~Controls.1~> 5 3 null
<SlowCobra> 4 007D9F
<game> Stella_Rossa<~Controls.1~> 1 3 2 null
<game> Stella_Rossa<~Controls.1~> 6 null
<Stella_Rossa> 1 62D88A
$SlowCobra<~Controls.296~>015 <~Controls.297~><~Game.1928~> 03461F
$Stella_Rossa<~Scribe.141~>097 266 269 087 <~Scribe.142~><~Game.1992~><~Scribe.143~><~Game.2037~><~Scribe.144~> 0B7E9E
$Stella_Rossa<~Scribe.141~>423 <~Scribe.142~><~Game.32~><~Scribe.143~><~Game.388~><~Scribe.144~> 541469
$SlowCobra<~Scribe.141~>423 <~Scribe.142~><~Game.32~><~Scribe.143~><~Game.388~><~Scribe.144~> F493B6
$Stella_Rossa<~Controls.644~>099 184 133 097 266 269 087 <~Controls.645~><~Game.2035~> CAD23A
<Stella_Rossa> pass 129579
$SlowCobra<~HighlightLabel.81~>100<~HighlightLabel.82~><~Game.2043~><~HighlightLabel.83~><~Game.2035~> 8C9B93
$SlowCobra<~Controls.509~>205<~Controls.510~><~Game.2007~><~Controls.511~><~Controls.46~> null
$SlowCobra<~Controls.644~>100 <~Controls.645~><~Game.2035~> D35C2E
<Stella_Rossa> pass BBEC41
$SlowCobra<~HighlightLabel.81~>361<~HighlightLabel.82~><~Game.2043~><~HighlightLabel.83~><~Game.2035~> 9894F2
$SlowCobra<~Scribe.141~>253 038 039 320 040 036 035 028 008 <~Scribe.142~><~Game.1928~><~Scribe.143~><~Game.1930~><~Scribe.144~> AF5DA2
$SlowCobra<~Scribe.141~>055 057 049 048 047 046 045 043 042 041 <~Scribe.142~><~Game.1932~><~Scribe.143~><~Game.1938~><~Scribe.144~> 582CAE
$SlowCobra<~Controls.644~>361 <~Controls.645~><~Game.2035~> 6C1380
$Stella_Rossa<~Scribe.141~>211 <~Scribe.142~><~Game.2042~><~Scribe.143~><~Game.2035~><~Scribe.144~> 332AEE
$Stella_Rossa<~Controls.790~>248<~Controls.791~><~Game.2014~><~Controls.792~><~Game.2015~> 691D1D
$Stella_Rossa<~Controls.795~>211<~Controls.796~><~Game.2035~><~Controls.797~><~Game.1997~> 8BC733
<game> SlowCobra<~Controls.1~> 1 null
$SlowCobra<~HighlightLabel.81~>105<~HighlightLabel.82~><~Game.2043~><~HighlightLabel.83~><~Game.2035~> 0B958E
$SlowCobra<~CardBuffet.14~>reveal 169 AF8189EFFE30032629571F8032D0C7ECF2681CFF 21<~CardBuffet.15~><~Controls.46~><~CardBuffet.16~> EB3E36
$SlowCobra<~Scribe.141~>247 <~Scribe.142~><~Game.1967~><~Scribe.143~><~Game.1951~><~Scribe.144~> 56C436
$SlowCobra<~Controls.644~>105 169 <~Controls.645~><~Game.2035~> 1836F4
$Stella_Rossa<~Scribe.141~>247 <~Scribe.142~><~Game.1951~><~Scribe.143~><~Game.1960~><~Scribe.144~> D6C0D9
$Stella_Rossa<~Controls.726~>211 358 210 <~Controls.727~><~Game.1997~><~Controls.728~><~Game.2042~> C35F05
$Stella_Rossa<~Controls.731~>213 212 <~Controls.732~><~Game.2039~><~Controls.733~><~Game.2042~> 3173DF
$Stella_Rossa<~Controls.509~>157<~Controls.510~><~Game.2004~><~Controls.511~><~Controls.45~> null
$Stella_Rossa<~Controls.509~>114<~Controls.510~><~Game.2005~><~Controls.511~><~Controls.45~> null
<Stella_Rossa> you moved of 2 9EFF7A
<SlowCobra> yes sorry D402A3
$Stella_Rossa<~Controls.757~>104 <~Controls.758~><~Game.1997~><~Controls.759~><~Game.2043~> 6948D9
<~Game.7~>7 null
$Stella_Rossa<~Controls.762~>105 361 100 099 102 360 103 101 <~Controls.763~><~Game.2041~><~Controls.764~><~Game.2043~> 54545A
<SlowCobra> my mistake 6F71BC
<Stella_Rossa> fsp ok 675840
$SlowCobra<~Controls.509~>200<~Controls.510~><~Game.2006~><~Controls.511~><~Controls.46~> null
$SlowCobra<~Controls.509~>196<~Controls.510~><~Game.2007~><~Controls.511~><~Controls.46~> null
$SlowCobra<~Controls.372~>105 EE9DC3
$SlowCobra<~Controls.345~>361 100 099 102 360 103 101 104 <~Controls.346~>10 11 15 10 11 14 10 13 null
$SlowCobra<~Controls.350~>361 100 099 102 360 103 101 104 null
$Stella_Rossa<~Controls.509~>154<~Controls.510~><~Game.2004~><~Controls.511~><~Controls.45~> null
$Stella_Rossa<~Controls.819~> 26257B
$Stella_Rossa<~Controls.345~>213 212 211 358 210 <~Controls.346~>1 2 1 0 1 null
$Stella_Rossa<~Scribe.141~>211 <~Scribe.142~><~Game.2042~><~Scribe.143~><~Game.2035~><~Scribe.144~> 061192
$Stella_Rossa<~Scribe.141~>243 245 <~Scribe.142~><~Game.1998~><~Scribe.143~><~Game.1925~><~Scribe.144~> C7FDFF
$Stella_Rossa<~Controls.644~>211 <~Controls.645~><~Game.2035~> 3F94E5
$SlowCobra<~HighlightLabel.81~>103<~HighlightLabel.82~><~Game.2043~><~HighlightLabel.83~><~Game.2035~> C3424D
$SlowCobra<~CardBuffet.14~>reveal 200 EA5F75ABCF9D084DF3F881E2B23228DF976857A0 12<~CardBuffet.15~><~Controls.46~><~CardBuffet.16~> 24E6AB
$SlowCobra<~Scribe.141~>320 <~Scribe.142~><~Game.1930~><~Scribe.143~><~Game.1938~><~Scribe.144~> 2F8222
$SlowCobra<~Scribe.141~>037 <~Scribe.142~><~Game.1937~><~Scribe.143~><~Game.1960~><~Scribe.144~> 5D447E
$Stella_Rossa<~Scribe.141~>247 <~Scribe.142~><~Game.1960~><~Scribe.143~><~Game.1972~><~Scribe.144~> A9F3BD
$Stella_Rossa<~Controls.323~>247 E9B2AF
$SlowCobra<~Scribe.141~>040 <~Scribe.142~><~Game.1930~><~Scribe.143~><~Game.1969~><~Scribe.144~> 3F28D3
$SlowCobra<~Scribe.141~>039 <~Scribe.142~><~Game.1930~><~Scribe.143~><~Game.1967~><~Scribe.144~> 3BA9CF
$SlowCobra<~Scribe.141~>038 <~Scribe.142~><~Game.1930~><~Scribe.143~><~Game.1972~><~Scribe.144~> E5B18D
$SlowCobra<~Controls.644~>103 200 <~Controls.645~><~Game.2035~> 0B7328
$Stella_Rossa<~Scribe.141~>210 <~Scribe.142~><~Game.2042~><~Scribe.143~><~Game.2035~><~Scribe.144~> 53D3C2
$Stella_Rossa<~Controls.323~>247 3EBE96
$Stella_Rossa<~Controls.644~>210 <~Controls.645~><~Game.2035~> E6E6B2
$SlowCobra<~HighlightLabel.81~>361<~HighlightLabel.82~><~Game.2043~><~HighlightLabel.83~><~Game.2035~> 0159C3
$SlowCobra<~Scribe.141~>336 <~Scribe.142~><~Game.2040~><~Scribe.143~><~Game.1969~><~Scribe.144~> 3D8063
$SlowCobra<~Controls.644~>361 <~Controls.645~><~Game.2035~> D2722D
$Stella_Rossa<~Scribe.141~>213 <~Scribe.142~><~Game.2042~><~Scribe.143~><~Game.2035~><~Scribe.144~> 8B73CD
$Stella_Rossa<~Controls.790~>248<~Controls.791~><~Game.2014~><~Controls.792~><~Game.2015~> CDA68F
$Stella_Rossa<~Controls.795~>213<~Controls.796~><~Game.2035~><~Controls.797~><~Game.1997~> 7ABA94
<game> SlowCobra<~Controls.1~> 5 5 null
<game> SlowCobra<~Controls.1~> 6 null
$SlowCobra<~Controls.624~>214<~Controls.625~><~Game.2044~><~Controls.626~><~Game.2037~> null
$Stella_Rossa<~Scribe.141~>247 <~Scribe.142~><~Game.1972~><~Scribe.143~><~Game.1976~><~Scribe.144~> AC8B1C
$Stella_Rossa<~Controls.323~>247 EA261F
$Stella_Rossa<~Controls.644~>214 <~Controls.645~><~Game.2035~> 06A486
$SlowCobra<~HighlightLabel.81~>102<~HighlightLabel.82~><~Game.2043~><~HighlightLabel.83~><~Game.2035~> 83EEFE
$SlowCobra<~Scribe.141~>335 <~Scribe.142~><~Game.2040~><~Scribe.143~><~Game.1969~><~Scribe.144~> 480D9A
$SlowCobra<~Controls.644~>102 <~Controls.645~><~Game.2035~> 8D2B2F
<Stella_Rossa> pass EDF736
$SlowCobra<~HighlightLabel.81~>360<~HighlightLabel.82~><~Game.2043~><~HighlightLabel.83~><~Game.2035~> 804FEA
$SlowCobra<~Scribe.141~>253 036 035 028 008 <~Scribe.142~><~Game.1930~><~Scribe.143~><~Game.1937~><~Scribe.144~> DCE00B
$SlowCobra<~Scribe.141~>040 335 336 032 031 030 020 019 018 017 <~Scribe.142~><~Game.1969~><~Scribe.143~><~Game.1964~><~Scribe.144~> AFB6C9
<Stella_Rossa> pass BAFDBC
$SlowCobra<~Controls.644~>360 <~Controls.645~><~Game.2035~> 289148
$SlowCobra<~HighlightLabel.81~>104<~HighlightLabel.82~><~Game.2043~><~HighlightLabel.83~><~Game.2035~> 2C2056
<SlowCobra> osg from north ithilien nc 8B1D85
<Stella_Rossa> nc 14382C
$Stella_Rossa<~Scribe.141~>260 <~Scribe.142~><~Game.2002~><~Scribe.143~><~Game.2003~><~Scribe.144~> 537866
<game> SlowCobra<~Controls.1~> 4 5 6 2 4 null
<game> SlowCobra<~Controls.1~> 4 null
<SlowCobra> 1 C5B181
<game> Stella_Rossa<~Controls.1~> 4 1 null
<Stella_Rossa> 0 CF9BE3
$Stella_Rossa<~Controls.281~>079 <~Controls.282~><~Game.1943~><~Controls.283~><~Game.2039~> A6BDDB
<SlowCobra> press 558A93
$Stella_Rossa<~Scribe.141~>080 <~Scribe.142~><~Game.1943~><~Scribe.143~><~Game.1944~><~Scribe.144~> D8B174
$SlowCobra<~Scribe.141~>040 335 336 032 031 030 020 019 018 017 <~Scribe.142~><~Game.1964~><~Scribe.143~><~Game.1943~><~Scribe.144~> 7FF905
$SlowCobra<~Controls.644~>104 <~Controls.645~><~Game.2035~> 070FE5
$Stella_Rossa<~Scribe.141~>358 <~Scribe.142~><~Game.2042~><~Scribe.143~><~Game.2035~><~Scribe.144~> 3C6125
$Stella_Rossa<~Controls.819~> B5AA68
$Stella_Rossa<~Scribe.141~>212 <~Scribe.142~><~Game.2042~><~Scribe.143~><~Game.2035~><~Scribe.144~> 280974
$Stella_Rossa<~Controls.323~>247 3D168B
$Stella_Rossa<~Controls.644~>212 <~Controls.645~><~Game.2035~> B60A40
$SlowCobra<~HighlightLabel.81~>100<~HighlightLabel.82~><~Game.2043~><~HighlightLabel.83~><~Game.2035~> A23E77
<SlowCobra> MT 2330F5
$Stella_Rossa<~Scribe.141~>085 084 080 083 082 081 <~Scribe.142~><~Game.1944~><~Scribe.143~><~Game.1994~><~Scribe.144~> AB97F1
$SlowCobra<~Scribe.141~>100 <~Scribe.142~><~Game.2035~><~Scribe.143~><~Game.1944~><~Scribe.144~> 76AFF4
$SlowCobra<~Controls.819~> C178F0
$SlowCobra<~Scribe.141~>040 335 336 032 031 030 020 019 018 017 <~Scribe.142~><~Game.1943~><~Scribe.143~><~Game.1944~><~Scribe.144~> 1A1B47
$SlowCobra<~Controls.644~>100 <~Controls.645~><~Game.2035~> 3DB9DE
$Stella_Rossa<~Scribe.141~>358 <~Scribe.142~><~Game.2042~><~Scribe.143~><~Game.2035~><~Scribe.144~> 1A5AC0
$Stella_Rossa<~Controls.790~>248<~Controls.791~><~Game.2014~><~Controls.792~><~Game.2015~> C9D119
$Stella_Rossa<~Controls.795~>358<~Controls.796~><~Game.2035~><~Controls.797~><~Game.1997~> ABF66A
<game> SlowCobra<~Controls.1~> 6 6 null
$SlowCobra<~Controls.624~>227<~Controls.625~><~Game.2044~><~Controls.626~><~Game.2037~> null
<Stella_Rossa> random 86D3BC
$SlowCobra<~Controls.637~>246<~Controls.638~><~Game.1998~><~Controls.639~><~Game.2036~> null
$Stella_Rossa<~Scribe.141~>252 <~Scribe.142~><~Game.2017~><~Scribe.143~><~Game.2019~><~Scribe.144~> C2A8F9
$Stella_Rossa<~Scribe.141~>246 <~Scribe.142~><~Game.2036~><~Scribe.143~><~Game.1943~><~Scribe.144~> DBD681
$Stella_Rossa<~Controls.644~>227 <~Controls.645~><~Game.2035~> 4E5098
$SlowCobra<~HighlightLabel.81~>101<~HighlightLabel.82~><~Game.2043~><~HighlightLabel.83~><~Game.2035~> 2EA3F6
$SlowCobra<~Controls.304~>004 005 <~Controls.305~><~Game.1919~> AA924D
$SlowCobra<~Controls.313~>325 326 <~Controls.309~><~Controls.314~><~Game.1919~> F568B9
$SlowCobra<~Controls.644~>101 <~Controls.645~><~Game.2035~> 277E60
$Stella_Rossa<~Controls.726~>358 213 <~Controls.727~><~Game.1997~><~Controls.728~><~Game.2042~> 080D91
$Stella_Rossa<~Controls.731~>212 210 211 <~Controls.732~><~Game.2039~><~Controls.733~><~Game.2042~> 99C4A5
$Stella_Rossa<~Controls.509~>142<~Controls.510~><~Game.2004~><~Controls.511~><~Controls.45~> null
$Stella_Rossa<~Controls.509~>120<~Controls.510~><~Game.2005~><~Controls.511~><~Controls.45~> null
$Stella_Rossa<~Scribe.141~>247 <~Scribe.142~><~Game.1976~><~Scribe.143~><~Game.524~><~Scribe.144~> 38EAA5
$Stella_Rossa<~Scribe.141~>248 <~Scribe.142~><~Game.2015~><~Scribe.143~><~Game.2014~><~Scribe.144~> A1A6F4
$Stella_Rossa<~Controls.281~>222 237 239 232 <~Controls.282~><~Game.2045~><~Controls.283~><~Game.2044~> 570942
$SlowCobra<~Controls.757~>099 105 <~Controls.758~><~Game.1997~><~Controls.759~><~Game.2043~> 52DDE9
<~Game.7~>8 null
$SlowCobra<~Controls.762~>101 100 104 360 102 361 103 <~Controls.763~><~Game.2041~><~Controls.764~><~Game.2043~> 6983B4
$Stella_Rossa<~Controls.296~>142 <~Controls.297~><~Controls.45~> D0B866
$SlowCobra<~Controls.509~>194<~Controls.510~><~Game.2006~><~Controls.511~><~Controls.46~> null
<Stella_Rossa> fsp ok 07F273
$SlowCobra<~Controls.509~>186<~Controls.510~><~Game.2007~><~Controls.511~><~Controls.46~> null
$SlowCobra<~Controls.372~>101 5E3783
$SlowCobra<~Controls.372~>100 5E67DD
<SlowCobra> 2e DC0137
$SlowCobra<~Controls.345~>104 360 102 361 103 099 105 <~Controls.346~>14 11 14 10 15 11 10 null
$SlowCobra<~Controls.350~>104 360 102 361 103 099 105 null
$Stella_Rossa<~Controls.345~>212 210 211 358 213 <~Controls.346~>2 4 3 1 4 null
$Stella_Rossa<~Scribe.141~>358 <~Scribe.142~><~Game.2042~><~Scribe.143~><~Game.2035~><~Scribe.144~> 27E60C
$Stella_Rossa<~Controls.790~>247<~Controls.791~><~Game.524~><~Controls.792~><~Game.525~> 4CC38F
$Stella_Rossa<~Controls.795~>358<~Controls.796~><~Game.2035~><~Controls.797~><~Game.1997~> 5BE49B
$SlowCobra<~Controls.624~>237<~Controls.625~><~Game.2044~><~Controls.626~><~Game.2037~> null
$Stella_Rossa<~Scribe.141~>247 <~Scribe.142~><~Game.525~><~Scribe.143~><~Game.524~><~Scribe.144~> 77418D
<SlowCobra> so sorry C4375C
<game> SlowCobra<~Controls.1~> 4 null
<Stella_Rossa> gg, I concede AB1DEB
<Stella_Rossa> wp! 150587
<SlowCobra> gg 15EF11
<Stella_Rossa> see you next time EFC521
<SlowCobra> see you 015938
