<auto> silent null
<auto><~Scribe.141~>363 397 398 402 401 400 399 403 404 376 375 374 373 377 378 <~Scribe.142~><~Game.2038~><~Scribe.143~>Spare<~Scribe.144~> null
<auto><~Scribe.141~>365 366 379 380 381 382 383 384 385 386 387 388 389 390 391 392 393 394 395 396 367 368 369 370 371 372 <~Scribe.142~><~Game.2040~><~Scribe.143~>Spare<~Scribe.144~> null
<auto><~Scribe.141~>230 231 <~Scribe.142~><~Game.2044~><~Scribe.143~>Spare<~Scribe.144~> null
<auto><~Scribe.141~>155 152 <~Scribe.142~><~Game.2004~><~Scribe.143~>Spare<~Scribe.144~> null
<auto><~Scribe.141~>137 151 <~Scribe.142~><~Game.2005~><~Scribe.143~>Spare<~Scribe.144~> null
<auto><~Scribe.141~>161 198 <~Scribe.142~><~Game.2006~><~Scribe.143~>Spare<~Scribe.144~> null
<auto><~Scribe.141~>163 188 <~Scribe.142~><~Game.2007~><~Scribe.143~>Spare<~Scribe.144~> null
<auto><~Controls.323~>364 null
<auto> noisy null
<auto> silent null
<auto><~Scribe.141~>312 <~Scribe.142~><~Game.2038~><~Scribe.143~><~Game.1965~><~Scribe.144~> null
<auto> noisy null
<~Game.7~>1 null
<auto> silent null
<auto><~Scribe.141~>363 397 398 402 401 400 399 403 404 376 375 374 373 377 378 <~Scribe.142~><~Game.2038~><~Scribe.143~>Spare<~Scribe.144~> null
<auto><~Scribe.141~>365 366 379 380 381 382 383 384 385 386 387 388 389 390 391 392 393 394 395 396 367 368 369 370 371 372 <~Scribe.142~><~Game.2040~><~Scribe.143~>Spare<~Scribe.144~> null
<auto><~Scribe.141~>230 231 <~Scribe.142~><~Game.2044~><~Scribe.143~>Spare<~Scribe.144~> null
<auto><~Scribe.141~>155 152 <~Scribe.142~><~Game.2004~><~Scribe.143~>Spare<~Scribe.144~> null
<auto><~Scribe.141~>137 151 <~Scribe.142~><~Game.2005~><~Scribe.143~>Spare<~Scribe.144~> null
<auto><~Scribe.141~>161 198 <~Scribe.142~><~Game.2006~><~Scribe.143~>Spare<~Scribe.144~> null
<auto><~Scribe.141~>163 188 <~Scribe.142~><~Game.2007~><~Scribe.143~>Spare<~Scribe.144~> null
<auto><~Controls.323~>364 null
<auto> noisy null
$base silent null
$TEST<~Scribe.141~>312 <~Scribe.142~><~Game.2038~><~Scribe.143~><~Game.1965~><~Scribe.144~> null
$base noisy null
<game> GambitLord<~Controls.408~>[WOTR-Gandalf2 wotr base2] null
<game> Error trying to connect. There probably wasn't anyone listening at that address/port. null
<~Talker.31~> null
<GambitLord> hi 
<GambitLord> roll and bid? 
<Alexey'a> hi 
<Alexey'a> muster tokens 
<Alexey'a> or tokens rings? 
<GambitLord> the new system? 
<Alexey'a> yes 
<GambitLord> I've never tried it 
<GambitLord> I'd be interested 
<Alexey'a> you know rules? 
<GambitLord> Is it musters and rings? 
<GambitLord> not really 
<Alexey'a> only musters 
<Alexey'a> without anything elese 
<GambitLord> You get to muster before the game begins, right? 
<Alexey'a> yes 
<GambitLord> we can try it 
<Alexey'a> 1 point 1 regular or leader 
<Alexey'a> 2 point elite 
<GambitLord> I thought each "point" was equivalent to a regular muster 
<GambitLord> let me glance over the rules real quick 
<GambitLord> Before the start of the game, the free peoples player uses their muster points to place units. Each point is equivalent to what can be mustered using one muster die result. Therefore, regulars and leaders cost 0.5 points and elites cost 1 point. You may bid in increments of 0.5 points if you wish 
<Alexey'a> yes 
<Alexey'a> 1 elite 0.5 reg or leader 
<Alexey'a> 1 point per nation 
<GambitLord> kk 
<GambitLord> lets try it 
<GambitLord> I'm interested 
<game> Alexey'a<~Controls.1~> 6 null
<game> GambitLord<~Controls.1~> 4 null
<Alexey'a> 2.5 points 
<GambitLord> so I get 2.5 muster die to play right now 
<Alexey'a> yes 
<GambitLord> and shadow gets none 
<Alexey'a> none 
<GambitLord> thinking 
<GambitLord> that really is a turning point 
<GambitLord> 2.5 seems about right 
<GambitLord> I'll bid 3 
<Alexey'a> take 
<GambitLord> darn 
<GambitLord> lol 
<GambitLord> good luck 
<GambitLord> lets see how you place them 
<GambitLord> this is exciting 
<GambitLord> I haven't tried something new like this in a long time 
<Alexey'a> okay 
<GambitLord> so place them before we draw cards 
<Alexey'a> lets se 
<GambitLord> i assume? 
<Alexey'a> yes 
$Alexey'a<~Scribe.141~>275 <~Scribe.142~><~Game.2038~><~Scribe.143~><~Game.1943~><~Scribe.144~> 
<GambitLord> ugh wait 
<GambitLord> I don't think thats an eligible spot 
<Alexey'a> I can 
<Alexey'a>  Gondor units may be placed in Dol Amroth, Lamedon, Pelargir, Lossarnach, Minas Tirith, or Osgiliath. 
<GambitLord> its not a muster spot 
<Alexey'a> Players may place units of a nation in any settlement of that nation or in a region where that nation has army units at the start of the game. For example, Gondor units may be placed in Dol Amroth, Lamedon, Pelargir, Lossarnach, Minas Tirith, or Osgiliath. 
<GambitLord> Where are you reading that? 
<GambitLord> ok, so thats the one exception 
<GambitLord> kk 
<GambitLord> where are you reading this? 
<Alexey'a> tournament 
<Alexey'a> announcmnt 
$Alexey'a<~Scribe.141~>267 <~Scribe.142~><~Game.2038~><~Scribe.143~><~Game.1954~><~Scribe.144~> 
<GambitLord> ok, I see 
$Alexey'a<~Scribe.141~>317 <~Scribe.142~><~Game.2038~><~Scribe.143~><~Game.1973~><~Scribe.144~> 
$Alexey'a<~Scribe.141~>304 <~Scribe.142~><~Game.2038~><~Scribe.143~><~Game.1941~><~Scribe.144~> 
<Alexey'a> now good :) 
<GambitLord> alrihgt 
<GambitLord> certainly an intereting development 
<GambitLord> hmm 
<Alexey'a> 1 reg in carrock, 1 iron hill, elite osg, elite WLR 
$Alexey'a<~Controls.509~>149<~Controls.510~><~Game.2004~><~Controls.511~><~Controls.45~> null
$Alexey'a<~Controls.509~>138<~Controls.510~><~Game.2005~><~Controls.511~><~Controls.45~> null
<GambitLord> yup 
$Alexey'a<~Controls.464~>76D2A8AEB1C9E8B8E703BDFF05BCF803E62A6A60 0E604A5FF39054677C3A89409DEB9339 24 35225DEAB061921DB63375D74D4842A15ADF90A4 598E4BA24EFF6D5D001F7FBBCB90131F 16FEC5C576738F5C797769D1A2E2AECC434619EA 68829FDA8446FF924C586FBD5871CDEE 2B3C9492351397420EFDCC33CC9E272D46E3791B D960B3EAAC18014C8C9CCD1867F69A25 1B06F8C67AB8BF4F874C005AE187DEBF71B4B11C 2E1BF8828B760A000A9635987EA70E56 2FEB3A98EC4E67ECC2942E52860D3CD84DE0755F D3F1227C4AA34710D35E74195627C363 61904633D095CE291137FE0B7CA8683C1EC683B7 5E9265FA681F40109A923B5AF1A9DCC3 E04A0345691D36F93820836B31FEF5EDDBE25B72 18561367F1DE0CA1DB1AD912F237E367 49097E15B51FE60B14C74D84CA7416B073402DAD BB647D71EF2EFF9A43195DC32853ADF3 1D15CFC967391F70A2E71A46FA0AF5B216C8218D 7DBF27E421FECB1C4E94492A6BD0777A 0CD75937E0D11F707087CF4714E77780AA6EC142 4D78153DEA7C56C832CA7D3FABFAC0E3 2DEAE678FC07CDDF0D4EA457C952A40BD0BEA268 5B990A2F8C4870E7FB4DC96C45534A43 FFCC33AE99427626AC1303CCF646A398A95B5CC9 DE8086D2959594C5F652B1A598830572 7DDB9F069DAD7098E3575B3586840325D071730A 11B521B0990D075253CAB4A3D853E674 1EAFF0B1E047EF1D3F7331625D171D031A52DEF6 7D74268F2054161F0537028221BBDC33 0C2F73BFEFDAF56D105D2C0FFC3FD03E20E0F3F9 7D86EB32E266CD4AED5B5CF5CF5CD77B 520DF27941567883240B4AF0A4F39BBFE15453B9 FF0FEDD3314D5E7A362819890C07E0A3 D23AA020F6CE9CB39E71AA13B1284BD383D06894 8770170FB6CA43370286F862A90669A4 2740B402C6B1B964F41CC0323743F36DACC54E19 796B746A5F09BF0246EF46BB3264FB49 7FD7EA9C5CFF58E9B892A45431E9AE86151457C9 9721AB1A976E31E5F1EC993F3B5EE306 9EE1C142A15077F28076732680F6EA9E61EF295E C79EC7DCB80F221A53E4B22A00B579F3 71B53B425A6E8F31BE18C36377E7EF7D92F8D6DF 1A00C7F3BD79C172BCD6F6CD2D9B7DCF 76901017B88CD5A5E9A5A5F2922FBFE2BD8A20E3 0976B1653CC0B5C664F7AF4EF95FDC69 742F457E0C8A30432F0A4C658CD4AD8E39F9143E 00A7DBB0920724298A3B384D78268124 E28CFB9E38D2D27BBEE0B67AA343641E56344106 20367D635FFE8BE5DE487A4C313E9858 24 9BAB79134EE143E1993B202D258E172D770C173E 4172624E34FA5C88236628DFEEF05602 01186B26792D9EEF7C9E841C5DB45006EB7CCC0B 35715BC38BAB73611052DFA3D3D9113B 4243910B701912421149EDF4B84C5936E72AF463 531B6B41F79C2A2E772465DCB21979E2 47F58C07FAB4C52D502A1CFFA5F1FFACEA9C3701 33EBDCAF9CF1968CA99D923C9DFC723D 84F39EBEF1C41E026C47AA718C8B7BC9DD430681 B665906EE0162ED51788775DBBE482E7 B69CBCB84F79D4D240038E3E770B5FB5034D99CB 488E35E9625DA8423C1031E75F8E33F4 AD13E799B9E6D6E065C9FC04671C76FD9E3BD900 68DB25652AADBF64BA36F3F95601D995 A03CAF0DA12286DD3E9CBF3F039B158AF3A04004 686F399222C9A8A8C3C0340380C36FAF 082645B822C05949B1D827D8859C18551CFA5DA9 7199B026C5D518EDBA4AFF00A120A4D5 08FE8406C77B2E724B6AE0C8C651BB3EDB91A15B CAE245E91617903619615B21799B65F8 5EC0E6C3D1A43A7C385FA28AD1A7E427972F5828 592CFDF2D219BE7694C3EAB811DC1718 FA67B2329CC88664C8D93760F7AD65448FCA784E 69A08858E8BB62367F36412857AFB378 5A44A0234529959B16CB7CAAD07F43F94B561C1E AD7C648928C852BF6C86AE85EDEB3FFF BDACC614F781E288F32DD8D9624A9BF390386FE5 84F856853B197E0B18A232B73D503324 2E97F3C0CDFB4C6E3336E6AB48CDB22CA0AA4CD8 7ECB1110D377405987EE7E30D0ADCDD4 58DA8D990DD3AFCEFD5321E866755458DD6649CD 1E18878A22A825646C397641E0F587FF A9D9E1F9B7782FD7BAA36350BA23FDB888949144 E1BE5B5A8F5ADC26CEEDCEEC2BFB9F71 411D9AC0B86571BFBC27A47A12C4CEAB7ED0FF16 7F5DFD55A7F39AEEE96E91A209FDBD46 51EE2F1CE8929C41AB3C0FFF47CD8AAE73372DBE 707E8297515FF4D451BD6621C04FFFF4 98C54F2EC48960ADD0F1A507B03EA5B0D6DDF468 B1BCDF3546634A4A5DCA49BA17B69208 60B375330DDF1BA0070B269AB7F5D0F235B95B09 C7DF648BBF24EECBC21D706E2840C8CF 3CA5FECA0876017A16E36FD8ADA3E9FCFC296028 033421FE6FD5D6B47DB164F57AC33F84 BE18412C62765C415490921FD7903B93551491D3 08A3FE52B3BBE109F6279AE34F40FE34 7A81A345352680C53EB88D77708907D8948917F8 8A5057D3070A0E6262C0678639C8E3B8 0 0 2D1506
<GambitLord> Osg is a nice spot 
$GambitLord<~Controls.479~>529B22639CD74C3A9E28024067A6E08D0E13EF35 67EDEBE431C5FE0C11120413EB8B2077 24 280336DE1A1BD6A6AFFAC2971EED8B48E4AB8463 8D23CF8E362225439A5FE8A312A34D97 DAEFE48081DC62558666F9C15A97EA74625F582D 148A285F2A52FC6AA7EB728BA056B742 DED4EC52DF54E2F1C1C46B818197384F03D06793 370CD96DC8327FDE93FF0593614EBFB1 DAA55E97584B9343CF0551DBD12F4818B0793F33 5EDF1B511DF808E3620B8ACB67046224 CBF2BAF781772A44D0B2EA0BF8D238F18E81F49A A1910C96C7F22345E1C17A7A621844C1 9039F18780EB7C99A2C0C116A1616B3B65C3C518 8AFCA05B5F05C2A90B5367473504F1B5 B68EE5C9BF59DDCE933FE9020C24EAD90E5D904E 1F200934337D8202AD68515CC5057875 DEE2FC90D331D21C0EC683E8BA0E009CC845F6EF 1E2A032F3842B01C4DC9EC7313520DD8 09437F0AF775EAD44588CB0FB6C038BABE99951E 8A2DD2933E92DE1D48C57B648CE5221A 4B1E7D491B550711DDC16B57A555A29FA6578939 664E6AAF65BBB94C3AD222A39F85CDDC B78971216A8D2920527313FC00D6FB17404B10A8 C0654D8BCF8904D4A1F84F3490C77FB9 49A58CE27C90A8064A4C3399A73D8740404F6407 F061BFFF965C1248C4F778188C306E31 919877899BACC9E2BE326A353F7BA1829C39D163 21E7A980001699D7D1433D3BFCC28C8A 8D22D655D34C2F446705785EE98FCB4B486416AB 10F4FA23F15AB5E64542275C1D8D47EA B9EE3B9D162FF14C7B5D51F33D89AD01A704E40E 138FC29AA0D5AEC190681A16D00C1DE6 2EA43B5E760409E114B95A6F18AE3745DC6F7808 5DBF0F588E6FB173F72032BBAE7C5A1D 7A439F174BA7FCD9CF5411A4930720E5C5A2E71D 8056CD99B2B68B27BC99AFF85F5EA7DA F3816AF18FB30E56DB741C84684DB74CC6E70A24 324EE3ECF8E1D1CC7DE2D24F2BD60E69 A27AFF1B0F4B9C84E67883469EBD1DD4A7221094 53BEE98EEC28C8BDD9FB5D37D1AB0ABC D10D2A54CB59F1161705D8B965A76394750597CA 2EAF0679B2626E7959BD46E49704FD5D 8EA7ED85D4FED414385E4C736D58DE3C384D6CFF FF4B60293920320C8CB50621A22AC3B9 F50F31F1F03F07F6FB8DC800AD319DDE9A629277 B439216FB0B56BC87368468087F5DCC3 F90796BF8B1855C421B9645C6B39E5DFACDE4048 F715A59838E71D791F90937B21A8499B 3D789B8187AB56B7670D94B7A2BEB00B54C62AF8 6C623FB8DA2CB73C9843A877A457F4DA 24 012811FCD3CF491DA0BCC7F1E5EC09ECCC56B40D 37606F12BAC10EDE0128C31FF22F973F EF5FC3F43F35FD7831D5FA6D6A62D997D7447AAC C09F77C48DF2C66EF90FEF5E2D299ECC 99902B4AD239A7D7910EB2320751AF338F4CC002 BA4878E4485FE16A43AD1A638D020762 185EEBEFF37F4D46FE7F274CB39B07D682EF1768 605E97A01924E910A838C7607296C576 D0B2A9639C575DC852C41479B8FDBFE39862EF97 0184B2999A1DE2571B341F39BCDB1074 72EE8F3D2B5BC10AE6EA8CF8F0AABE7AE8BDED56 BF05CA0344BC6BF31EABB40D5A286E9F B8F37B4E4C81787FFB77DB5E07213DB925E26004 93290D23211B79CA6595383721899510 ACCF78362710C230E70C5BEBCB58052714EF1FC4 930C6CF4C54DE7BCB83F73E5DE42A366 5BF15F1B78D17A6225F93A0365EADFA91BD1663B 779013247E19565B1DDFDFF0AED0B7AA C4D14CE5B441172F1F5D2E65CCFC44CE65061A98 591D7C97CA8D368A35B2CB878CF3687E F41A0AA8172EAF9AC82E0C365F6D39E4FE46AC92 BB3BFC7B083046E0E654FB732AA77B9F 894CBD3601AEDDA09CA89D8699F847C7E17087F3 CE4A5CFA72AEE4D03A2ADFB005108849 62CC2F43D4B81D3FE3FC022892089C757DA9C0CA F1D6F8E34B4E1D7786008A07B3B6A5BE 502245E823D3D5AB976A1AAD84CDD5881EE0676A 7754D52A54891CAECE532BE37FA44F83 5BC494E143F309888900E037F3474ED63BDDD357 AD42D903848E5D5267D200B1373595B4 6C28495AD38AFA1950BB345D072A410A8C62BB83 1AFB8DBDF7996243DE07C9E743B2A57B 576A92C80D470D2987A907A1778193A1329B3F66 08B153AE265886731852FB6EF90A127C 0E57D3883971B0531FF6B90FDAB797B63661BEA5 436568F757C8A3E1BA84A71B303E0144 A3B4E152A655A36CD1358FA829DD44A419D99F4B 20D2830E57523552CADE218A13494924 AC61DE0A25DFB8309B5D9A9ECBD180AF9475C698 C093772A6703638A9636C6D636AF2763 319560BC46FA21FB1955049B9E98DD4CBDC2306B 951073707326836AD47F67D7EEEF71C4 C9421A008524BE5F181BC22ECD00311C328D248C 25E67E7B89AB0FBE0A10AF18DC7CC7C6 A35CA5F2499EE0BDAD4C9811AF3AA22A4AE24386 0EDEBBF6881246D030450149CB05D46B EAEE57A6DC7E122A60F7896F59B864DF38F516F2 49AF2D3117CDCEA59372B30BBB2D4AB3 0 0 1BDB54
<GambitLord> I mighta placed an elite in HD FC8DA5
$GambitLord<~Controls.509~>173<~Controls.510~><~Game.2006~><~Controls.511~><~Controls.46~> null
$GambitLord<~Controls.509~>171<~Controls.510~><~Game.2007~><~Controls.511~><~Controls.46~> null
<GambitLord> 0e CAD199
<Alexey'a> fok 0B6063
$GambitLord<~Controls.345~>105 104 103 102 101 100 099 <~Controls.346~>12 12 13 13 11 10 15 null
$GambitLord<~Controls.350~>105 104 103 102 101 100 099 null
$Alexey'a<~Controls.345~>213 212 211 210 <~Controls.346~>2 1 3 3 null
<Alexey'a> pass C7CE64
$GambitLord<~Scribe.141~>100 <~Scribe.142~><~Game.2043~><~Scribe.143~><~Game.2035~><~Scribe.144~> 2BEAC1
$GambitLord<~Scribe.141~>263 <~Scribe.142~><~Game.2002~><~Scribe.143~><~Game.2003~><~Scribe.144~> F4E242
<Alexey'a> pass F473E4
$GambitLord<~Controls.644~>100 <~Controls.645~><~Game.2035~> E7713B
$GambitLord<~Scribe.141~>101 <~Scribe.142~><~Game.2043~><~Scribe.143~><~Game.2035~><~Scribe.144~> 861B3F
$GambitLord<~Scribe.141~>254 360 <~Scribe.142~><~Game.2040~><~Scribe.143~><~Game.2037~><~Scribe.144~> 4F1F13
$GambitLord<~Scribe.141~>254 <~Scribe.142~><~Game.2037~><~Scribe.143~><~Game.1919~><~Scribe.144~> 5FEB19
$GambitLord<~Controls.644~>101 360 <~Controls.645~><~Game.2035~> 654033
$Alexey'a<~Scribe.141~>213 <~Scribe.142~><~Game.2042~><~Scribe.143~><~Game.2035~><~Scribe.144~> F9130C
$Alexey'a<~CardBuffet.9~>reveal 138 534BD4B99D2BE9DF4E3197690FFCF6EFCEC0D7F0 0<~CardBuffet.10~><~Controls.45~><~CardBuffet.11~> 632A29
$Alexey'a<~Scribe.141~>260 <~Scribe.142~><~Game.2001~><~Scribe.143~><~Game.2002~><~Scribe.144~> 647954
$Alexey'a<~Controls.323~>260 326DC6
$Alexey'a<~Controls.509~>145<~Controls.510~><~Game.2005~><~Controls.511~><~Controls.45~> null
$Alexey'a<~Controls.644~>213 138 <~Controls.645~><~Game.2035~> 81AC21
$GambitLord<~Scribe.141~>104 <~Scribe.142~><~Game.2043~><~Scribe.143~><~Game.2035~><~Scribe.144~> 1DB68C
$GambitLord<~Scribe.141~>039 036 029 028 027 026 <~Scribe.142~><~Game.1979~><~Scribe.143~><~Game.533~><~Scribe.144~> C8BB46
$Alexey'a<~HighlightLabel.86~>211<~HighlightLabel.87~><~Game.2042~><~HighlightLabel.88~><~Game.2035~> EC0A00
$Alexey'a<~Controls.281~>211 <~Controls.282~><~Game.2035~><~Controls.283~><~Game.2042~> 8128C7
$GambitLord<~Scribe.141~>055 049 048 047 <~Scribe.142~><~Game.1968~><~Scribe.143~><~Game.1946~><~Scribe.144~> 833F2E
$GambitLord<~Controls.819~> 939132
$GambitLord<~Scribe.141~>001 <~Scribe.142~><~Game.1910~><~Scribe.143~><~Game.1917~><~Scribe.144~> ACCC2D
$GambitLord<~Controls.644~>104 <~Controls.645~><~Game.2035~> 0D525D
$Alexey'a<~Scribe.141~>212 <~Scribe.142~><~Game.2042~><~Scribe.143~><~Game.2035~><~Scribe.144~> AA81CB
$Alexey'a<~Controls.790~>248<~Controls.791~><~Game.2014~><~Controls.792~><~Game.2015~> AF6FE8
$Alexey'a<~Controls.795~>212<~Controls.796~><~Game.2035~><~Controls.797~><~Game.1997~> 889AFF
<game> GambitLord<~Controls.1~> 1 null
$GambitLord<~Scribe.141~>105 <~Scribe.142~><~Game.2043~><~Scribe.143~><~Game.2035~><~Scribe.144~> 06764E
$GambitLord<~Scribe.141~>039 036 029 028 027 026 <~Scribe.142~><~Game.533~><~Scribe.143~><~Game.1974~><~Scribe.144~> 0CFFD7
$GambitLord<~Scribe.141~>034 033 <~Scribe.142~><~Game.1971~><~Scribe.143~><~Game.1977~><~Scribe.144~> 4C3C80
$GambitLord<~Controls.644~>105 <~Controls.645~><~Game.2035~> 801BB1
$Alexey'a<~Scribe.141~>210 <~Scribe.142~><~Game.2042~><~Scribe.143~><~Game.2035~><~Scribe.144~> 27EB0A
$Alexey'a<~Scribe.141~>256 <~Scribe.142~><~Game.2000~><~Scribe.143~><~Game.2001~><~Scribe.144~> 94CA48
$Alexey'a<~Controls.644~>210 <~Controls.645~><~Game.2035~> 2EA8FC
$GambitLord<~Scribe.141~>103 <~Scribe.142~><~Game.2043~><~Scribe.143~><~Game.2035~><~Scribe.144~> 796B49
$GambitLord<~Scribe.141~>039 038 036 029 028 027 026 025 024 023 022 021 <~Scribe.142~><~Game.1974~><~Scribe.143~><~Game.1976~><~Scribe.144~> 49A7B9
$GambitLord<~Controls.644~>103 <~Controls.645~><~Game.2035~> 8B7B89
$Alexey'a<~Scribe.141~>211 <~Scribe.142~><~Game.2042~><~Scribe.143~><~Game.2035~><~Scribe.144~> 6D2CF1
$Alexey'a<~Scribe.141~>256 <~Scribe.142~><~Game.2001~><~Scribe.143~><~Game.2002~><~Scribe.144~> 9AB231
$Alexey'a<~Controls.644~>211 <~Controls.645~><~Game.2035~> 41A144
$GambitLord<~Scribe.141~>102 <~Scribe.142~><~Game.2043~><~Scribe.143~><~Game.2035~><~Scribe.144~> 55AC9A
<GambitLord> hmm FCD29D
$GambitLord<~Scribe.141~>reveal 173 80254DCFBA841C40D311711DB1B4217DDD677C63 17 <~Scribe.142~><~Controls.46~><~Scribe.143~><~Game.2037~><~Scribe.144~> 67A239
$GambitLord<~Scribe.141~>239 <~Scribe.142~><~Game.2046~><~Scribe.143~><~Game.2037~><~Scribe.144~> 71051A
$GambitLord<~Controls.644~>102 173 239 <~Controls.645~><~Game.2035~> C6CA1F
$Alexey'a<~Controls.726~>212 <~Controls.727~><~Game.1997~><~Controls.728~><~Game.2042~> 34274A
$Alexey'a<~Controls.731~>211 210 213 <~Controls.732~><~Game.2039~><~Controls.733~><~Game.2042~> 38117C
$GambitLord<~Controls.757~>099 <~Controls.758~><~Game.1997~><~Controls.759~><~Game.2043~> 8F8122
<~Game.7~>2 null
$GambitLord<~Controls.762~>102 103 105 104 101 360 100 <~Controls.763~><~Game.2041~><~Controls.764~><~Game.2043~> 57F5BE
$GambitLord<~Controls.509~>204<~Controls.510~><~Game.2006~><~Controls.511~><~Controls.46~> null
$Alexey'a<~Controls.509~>109<~Controls.510~><~Game.2004~><~Controls.511~><~Controls.45~> null
$Alexey'a<~Controls.509~>106<~Controls.510~><~Game.2005~><~Controls.511~><~Controls.45~> null
$GambitLord<~Controls.509~>187<~Controls.510~><~Game.2007~><~Controls.511~><~Controls.46~> null
<Alexey'a> fok A561E6
$GambitLord<~Scribe.141~>099 <~Scribe.142~><~Game.2043~><~Scribe.143~><~Game.1997~><~Scribe.144~> 4EC80F
$GambitLord<~Controls.345~>102 103 105 104 101 360 100 <~Controls.346~>13 11 14 12 15 15 15 null
$GambitLord<~Controls.350~>102 103 105 104 101 360 100 null
$Alexey'a<~Controls.345~>211 210 213 212 <~Controls.346~>0 1 0 0 null
<GambitLord> lol 9D6AE5
$Alexey'a<~Scribe.141~>210 <~Scribe.142~><~Game.2042~><~Scribe.143~><~Game.2035~><~Scribe.144~> 413E33
$Alexey'a<~Scribe.141~>241 <~Scribe.142~><~Game.1998~><~Scribe.143~><~Game.1917~><~Scribe.144~> 685B8D
$Alexey'a<~Scribe.141~>242 <~Scribe.142~><~Game.1998~><~Scribe.143~><~Game.1917~><~Scribe.144~> B2DDE2
$Alexey'a<~Controls.644~>210 <~Controls.645~><~Game.2035~> 3BA830
$GambitLord<~Scribe.141~>103 <~Scribe.142~><~Game.2043~><~Scribe.143~><~Game.2035~><~Scribe.144~> 59DE6D
$GambitLord<~Scribe.141~>262 <~Scribe.142~><~Game.2002~><~Scribe.143~><~Game.2003~><~Scribe.144~> 3B060E
$GambitLord<~Controls.644~>103 <~Controls.645~><~Game.2035~> 49B61C
$Alexey'a<~Scribe.141~>213 <~Scribe.142~><~Game.2042~><~Scribe.143~><~Game.2035~><~Scribe.144~> A38EEE
$Alexey'a<~Scribe.141~>241 <~Scribe.142~><~Game.1917~><~Scribe.143~><~Game.1937~><~Scribe.144~> 42FE0D
$Alexey'a<~Scribe.141~>242 <~Scribe.142~><~Game.1917~><~Scribe.143~><~Game.1949~><~Scribe.144~> 62131B
$Alexey'a<~Controls.644~>213 <~Controls.645~><~Game.2035~> F77B58
$GambitLord<~Scribe.141~>105 <~Scribe.142~><~Game.2043~><~Scribe.143~><~Game.2035~><~Scribe.144~> 402913
$GambitLord<~Controls.509~>179<~Controls.510~><~Game.2006~><~Controls.511~><~Controls.46~> null
$GambitLord<~Controls.644~>105 <~Controls.645~><~Game.2035~> F9251A
$Alexey'a<~Scribe.141~>211 <~Scribe.142~><~Game.2042~><~Scribe.143~><~Game.2035~><~Scribe.144~> 4D5062
$Alexey'a<~Scribe.141~>241 <~Scribe.142~><~Game.1937~><~Scribe.143~><~Game.1944~><~Scribe.144~> 9ECC31
$Alexey'a<~Scribe.141~>242 <~Scribe.142~><~Game.1949~><~Scribe.143~><~Game.1941~><~Scribe.144~> E52276
$Alexey'a<~Controls.644~>211 <~Controls.645~><~Game.2035~> 4C69A4
$GambitLord<~Scribe.141~>104 <~Scribe.142~><~Game.2043~><~Scribe.143~><~Game.2035~><~Scribe.144~> 10D684
$GambitLord<~Scribe.141~>039 038 036 029 028 027 026 025 024 023 022 021 <~Scribe.142~><~Game.1976~><~Scribe.143~><~Game.1972~><~Scribe.144~> A560E1
$GambitLord<~Scribe.141~>040 035 015 014 013 012 011 <~Scribe.142~><~Game.1956~><~Scribe.143~><~Game.1958~><~Scribe.144~> 8507D3
$GambitLord<~Controls.644~>104 <~Controls.645~><~Game.2035~> 12366A
$Alexey'a<~Scribe.141~>212 <~Scribe.142~><~Game.2042~><~Scribe.143~><~Game.2035~><~Scribe.144~> F207F8
$Alexey'a<~Controls.323~>241 F55C2A
$Alexey'a<~Scribe.141~>358 <~Scribe.142~><~Game.2038~><~Scribe.143~><~Game.2037~><~Scribe.144~> 3EA3BC
$Alexey'a<~Controls.644~>212 358 <~Controls.645~><~Game.2035~> 71D6AA
$GambitLord<~Scribe.141~>102 <~Scribe.142~><~Game.2043~><~Scribe.143~><~Game.2035~><~Scribe.144~> 576634
$GambitLord<~Scribe.141~>040 035 015 014 013 012 011 <~Scribe.142~><~Game.1958~><~Scribe.143~><~Game.1957~><~Scribe.144~> 2E8270
$Alexey'a<~Controls.323~>258 52006C
$GambitLord<~Controls.644~>102 <~Controls.645~><~Game.2035~> 1DE417
$Alexey'a<~Controls.731~>212 358 211 213 210 <~Controls.732~><~Game.2039~><~Controls.733~><~Game.2042~> F48853
$GambitLord<~Controls.757~>101 360 100 099 <~Controls.758~><~Game.1997~><~Controls.759~><~Game.2043~> A5380A
<~Game.7~>3 null
$GambitLord<~Controls.762~>102 104 105 103 <~Controls.763~><~Game.2041~><~Controls.764~><~Game.2043~> BD6B66
$GambitLord<~Controls.509~>177<~Controls.510~><~Game.2006~><~Controls.511~><~Controls.46~> null
$Alexey'a<~Controls.509~>115<~Controls.510~><~Game.2004~><~Controls.511~><~Controls.45~> null
$GambitLord<~Controls.509~>189<~Controls.510~><~Game.2007~><~Controls.511~><~Controls.46~> null
$Alexey'a<~Controls.509~>119<~Controls.510~><~Game.2005~><~Controls.511~><~Controls.45~> null
<Alexey'a> fok CF3355
$GambitLord<~Scribe.141~>099 <~Scribe.142~><~Game.2043~><~Scribe.143~><~Game.1997~><~Scribe.144~> D5150B
$GambitLord<~Controls.281~>099 <~Controls.282~><~Game.1997~><~Controls.283~><~Game.2043~> 39DCD6
<GambitLord> 0e A42782
$GambitLord<~Controls.345~>099 102 104 105 103 101 360 100 <~Controls.346~>10 13 13 13 13 13 14 12 null
$GambitLord<~Controls.350~>099 102 104 105 103 101 360 100 null
$Alexey'a<~Controls.345~>212 358 211 213 210 <~Controls.346~>3 4 2 0 0 null
$Alexey'a<~HighlightLabel.86~>211<~HighlightLabel.87~><~Game.2042~><~HighlightLabel.88~><~Game.2035~> 62BDE7
$Alexey'a<~CardBuffet.9~>reveal 106 E264AD9A424DACB5391A355321BE37650244A0D0 15<~CardBuffet.10~><~Controls.45~><~CardBuffet.11~> 5A2E4E
$Alexey'a<~Scribe.141~>298 300 <~Scribe.142~><~Game.2038~><~Scribe.143~><~Game.1941~><~Scribe.144~> 570E24
$Alexey'a<~Controls.509~>122<~Controls.510~><~Game.2005~><~Controls.511~><~Controls.45~> null
$Alexey'a<~Controls.644~>211 106 <~Controls.645~><~Game.2035~> EF4D3B
$GambitLord<~Scribe.141~>100 <~Scribe.142~><~Game.2043~><~Scribe.143~><~Game.2035~><~Scribe.144~> C4B78D
$GambitLord<~Scribe.141~>039 038 036 029 028 027 026 025 024 023 022 021 <~Scribe.142~><~Game.1972~><~Scribe.143~><~Game.1975~><~Scribe.144~> A2C362
$GambitLord<~Scribe.141~>055 049 048 047 <~Scribe.142~><~Game.1968~><~Scribe.143~><~Game.1946~><~Scribe.144~> 5FC49E
$GambitLord<~Controls.644~>100 <~Controls.645~><~Game.2035~> 2D6558
<Alexey'a> pass 41B75A
$GambitLord<~Scribe.141~>099 <~Scribe.142~><~Game.2043~><~Scribe.143~><~Game.2035~><~Scribe.144~> E5B694
$GambitLord<~Controls.281~>099 <~Controls.282~><~Game.2035~><~Controls.283~><~Game.2043~> D7A87C
$GambitLord<~Scribe.141~>105 <~Scribe.142~><~Game.2043~><~Scribe.143~><~Game.2035~><~Scribe.144~> 3E7D9D
$GambitLord<~Scribe.141~>039 038 036 029 028 027 026 025 024 023 022 021 <~Scribe.142~><~Game.1975~><~Scribe.143~><~Game.1966~><~Scribe.144~> F78589
$GambitLord<~Controls.644~>105 <~Controls.645~><~Game.2035~> B59AC1
<Alexey'a> pass 4A3773
$GambitLord<~Scribe.141~>101 <~Scribe.142~><~Game.2043~><~Scribe.143~><~Game.2035~><~Scribe.144~> E6D853
<GambitLord> Attack WLR F7EABA
$Alexey'a<~Scribe.141~>098 267 094 088 <~Scribe.142~><~Game.1954~><~Scribe.143~><~Game.1991~><~Scribe.144~> 53D6BD
$GambitLord<~Scribe.141~>040 035 015 014 013 012 <~Scribe.142~><~Game.1957~><~Scribe.143~><~Game.1954~><~Scribe.144~> EEC3F5
$Alexey'a<~Scribe.141~>256 <~Scribe.142~><~Game.2002~><~Scribe.143~><~Game.2003~><~Scribe.144~> 22C46F
<GambitLord> hmm 35F12A
$GambitLord<~Controls.644~>101 <~Controls.645~><~Game.2035~> FBA4A1
<Alexey'a> pass D7AD89
$GambitLord<~Scribe.141~>103 <~Scribe.142~><~Game.2043~><~Scribe.143~><~Game.2035~><~Scribe.144~> 8A66B6
$GambitLord<~Scribe.141~>039 038 036 029 028 027 026 025 024 023 022 <~Scribe.142~><~Game.1966~><~Scribe.143~><~Game.1957~><~Scribe.144~> 5349CA
$GambitLord<~Controls.819~> 39CCA9
$GambitLord<~Scribe.141~>039 038 036 027 028 029 021 <~Scribe.142~><~Game.1966~><~Scribe.143~><~Game.1957~><~Scribe.144~> BBCC92
$GambitLord<~Scribe.141~>025 024 023 022 <~Scribe.142~><~Game.1966~><~Scribe.143~><~Game.1957~><~Scribe.144~> F4DF34
<GambitLord> thinking 30DDC4
$GambitLord<~Controls.644~>103 <~Controls.645~><~Game.2035~> 4845CD
$Alexey'a<~Scribe.141~>358 <~Scribe.142~><~Game.2042~><~Scribe.143~><~Game.2035~><~Scribe.144~> 9E279F
$Alexey'a<~Scribe.141~>reveal 119 4F040F8C01E360432C0FC23C86C5FEE47B702C17 5 <~Scribe.142~><~Controls.45~><~Scribe.143~><~Game.2029~><~Scribe.144~> 997061
$Alexey'a<~Scribe.141~>258 <~Scribe.142~><~Game.2000~><~Scribe.143~><~Game.2001~><~Scribe.144~> 02FA25
$Alexey'a<~Controls.644~>358 <~Controls.645~><~Game.2035~> 5E7897
$GambitLord<~Scribe.141~>104 <~Scribe.142~><~Game.2043~><~Scribe.143~><~Game.2035~><~Scribe.144~> 303872
$GambitLord<~Scribe.141~>038 039 036 023 024 025 <~Scribe.142~><~Game.1957~><~Scribe.143~><~Game.1954~><~Scribe.144~> 4C50B5
$GambitLord<~Scribe.141~>011 <~Scribe.142~><~Game.1957~><~Scribe.143~><~Game.1954~><~Scribe.144~> DEB7AE
$GambitLord<~Controls.644~>104 <~Controls.645~><~Game.2035~> 309C1F
$Alexey'a<~Scribe.141~>213 <~Scribe.142~><~Game.2042~><~Scribe.143~><~Game.2035~><~Scribe.144~> 0B0C84
$Alexey'a<~Controls.790~>248<~Controls.791~><~Game.2015~><~Controls.792~><~Game.2016~> 30A850
$Alexey'a<~Controls.795~>213<~Controls.796~><~Game.2035~><~Controls.797~><~Game.1997~> 8DE7FA
$GambitLord<~Scribe.141~>102 <~Scribe.142~><~Game.2043~><~Scribe.143~><~Game.2035~><~Scribe.144~> 3102C8
<GambitLord> Attack WLR 51A670
$GambitLord<~Controls.819~> 18932E
$GambitLord<~Scribe.141~>099 <~Scribe.142~><~Game.2043~><~Scribe.143~><~Game.2035~><~Scribe.144~> C9B439
<GambitLord> changing my mind DD3A51
$GambitLord<~Scribe.141~>253 361 <~Scribe.142~><~Game.2040~><~Scribe.143~><~Game.2037~><~Scribe.144~> 123BAE
$GambitLord<~Scribe.141~>253 <~Scribe.142~><~Game.2037~><~Scribe.143~><~Game.1954~><~Scribe.144~> 348993
$GambitLord<~Controls.323~>259 257 FB69EA
$GambitLord<~Controls.644~>099 361 <~Controls.645~><~Game.2035~> 3DF60C
$Alexey'a<~Scribe.141~>212 <~Scribe.142~><~Game.2042~><~Scribe.143~><~Game.2035~><~Scribe.144~> 8665BA
$Alexey'a<~Scribe.141~>260 <~Scribe.142~><~Game.2002~><~Scribe.143~><~Game.2003~><~Scribe.144~> ED776C
$Alexey'a<~Controls.644~>212 <~Controls.645~><~Game.2035~> FD817D
$GambitLord<~Scribe.141~>102 <~Scribe.142~><~Game.2043~><~Scribe.143~><~Game.2035~><~Scribe.144~> 7A9BDF
<GambitLord> Attack WLR C7A8BF
$GambitLord<~Controls.840~>187 CFB625
$Alexey'a<~Controls.840~>122 917CEE
<auto> playchosen 8259B6
<auto><~Controls.3~>reveal 122 B78A2F04CEFBE323A4577918AB31E4C2FC0C1689 7<~Controls.884~><~Controls.45~><~Controls.885~><~Game.2037~> 450323
<auto><~Controls.866~>reveal 187 0AB1908D7631564276AAA8897AE07523BDE33A4A 19<~Controls.867~><~Controls.46~><~Controls.868~><~Game.2036~> 6D2F0A
<auto> playchosen EF29EB
<game> GambitLord<~Controls.1~> 1 4 3 1 1 null
<game> GambitLord<~Controls.1~> 2 1 2 5 4 null
<GambitLord> 1 AE6E24
<GambitLord> 2 D878CA
<game> Alexey'a<~Controls.1~> 2 6 1 null
<game> Alexey'a<~Controls.1~> 3 null
<Alexey'a> 2 C10C65
$GambitLord<~Scribe.141~>012 013 <~Scribe.142~><~Game.1954~><~Scribe.143~><~Game.2036~><~Scribe.144~> C15AA2
$Alexey'a<~Controls.304~>267 <~Controls.305~><~Game.1991~> 30781D
$Alexey'a<~Controls.313~>269 <~Controls.307~><~Controls.314~><~Game.1991~> 2B6DC9
$Alexey'a<~Controls.304~>094 <~Controls.305~><~Game.1991~> 4BEC05
$Alexey'a<~Controls.313~>268 <~Controls.307~><~Controls.314~><~Game.1991~> 687098
<GambitLord> press/draw F4B861
$GambitLord<~Controls.662~>187 012 013 122 <~Controls.663~><~Game.2035~> 00C6D8
$GambitLord<~Controls.509~>185<~Controls.510~><~Game.2007~><~Controls.511~><~Controls.46~> null
$GambitLord<~Controls.304~>036 <~Controls.305~><~Game.1954~> E345B6
$GambitLord<~Controls.313~>012 <~Controls.307~><~Controls.314~><~Game.1954~> EC9F40
$GambitLord<~Controls.840~>185 12AFD3
<auto> playchosen ED154C
<auto><~Controls.866~>reveal 185 6F8FBE9E1C55975952B1734E64E4056E29B56DDE 12<~Controls.867~><~Controls.46~><~Controls.868~><~Game.2036~> E84978
$GambitLord<~Scribe.141~>015 014 <~Scribe.142~><~Game.1954~><~Scribe.143~><~Game.2036~><~Scribe.144~> CE8A76
<game> GambitLord<~Controls.1~> 3 5 4 6 2 null
<GambitLord> 3 CE3BEF
<game> Alexey'a<~Controls.1~> 4 5 3 null
<game> Alexey'a<~Controls.1~> 1 null
<Alexey'a> 1 249119
$GambitLord<~Scribe.141~>025 <~Scribe.142~><~Game.1954~><~Scribe.143~><~Game.2036~><~Scribe.144~> F42B67
$Alexey'a<~Scribe.141~>098 268 269 088 <~Scribe.142~><~Game.1991~><~Scribe.143~><~Game.2037~><~Scribe.144~> 848E18
$GambitLord<~Scribe.141~>423 <~Scribe.142~><~Game.27~><~Scribe.143~><~Game.28~><~Scribe.144~> 042C1C
$GambitLord<~Scribe.141~>423 <~Scribe.142~><~Game.28~><~Scribe.143~><~Game.29~><~Scribe.144~> 1C643A
$GambitLord<~Scribe.141~>418 <~Scribe.142~><~Game.2040~><~Scribe.143~><~Game.1954~><~Scribe.144~> 34F3E3
$GambitLord<~Controls.644~>102 185 025 015 014 098 268 269 088 <~Controls.645~><~Game.2035~> BAC807
$Alexey'a<~Scribe.141~>210 <~Scribe.142~><~Game.2042~><~Scribe.143~><~Game.2035~><~Scribe.144~> EDD186
$Alexey'a<~Controls.790~>248<~Controls.791~><~Game.2016~><~Controls.792~><~Game.2017~> 4F2E7C
$Alexey'a<~Controls.795~>210<~Controls.796~><~Game.2035~><~Controls.797~><~Game.1997~> 439A90
$GambitLord<~Scribe.141~>360 <~Scribe.142~><~Game.2043~><~Scribe.143~><~Game.2035~><~Scribe.144~> 3BFD20
$GambitLord<~Scribe.141~>119 <~Scribe.142~><~Game.2029~><~Scribe.143~><~Game.2036~><~Scribe.144~> 4117C6
$GambitLord<~Controls.296~>179 <~Controls.297~><~Controls.46~> 18A762
$GambitLord<~Controls.296~>171 <~Controls.297~><~Controls.46~> 4D349F
$GambitLord<~Controls.644~>360 119 <~Controls.645~><~Game.2035~> F0EC3F
$GambitLord<~Controls.762~>360 102 099 361 104 103 101 105 100 <~Controls.763~><~Game.2041~><~Controls.764~><~Game.2043~> B9FEBD
$Alexey'a<~Controls.726~>210 213 <~Controls.727~><~Game.1997~><~Controls.728~><~Game.2042~> 049938
<~Game.7~>4 null
$Alexey'a<~Controls.731~>212 358 211 <~Controls.732~><~Game.2039~><~Controls.733~><~Game.2042~> 6B615C
$GambitLord<~Controls.509~>209<~Controls.510~><~Game.2006~><~Controls.511~><~Controls.46~> null
$Alexey'a<~Controls.509~>133<~Controls.510~><~Game.2004~><~Controls.511~><~Controls.45~> null
$Alexey'a<~Controls.509~>140<~Controls.510~><~Game.2005~><~Controls.511~><~Controls.45~> null
$GambitLord<~Controls.509~>195<~Controls.510~><~Game.2007~><~Controls.511~><~Controls.46~> null
<Alexey'a> fok 7CF8CC
$GambitLord<~Scribe.141~>361 <~Scribe.142~><~Game.2043~><~Scribe.143~><~Game.1997~><~Scribe.144~> BD7051
$GambitLord<~Controls.345~>360 102 099 104 103 101 105 100 <~Controls.346~>14 14 15 15 12 11 10 14 null
$GambitLord<~Controls.350~>360 102 099 104 103 101 105 100 null
$Alexey'a<~Controls.345~>212 358 211 210 213 <~Controls.346~>3 0 1 4 1 null
$Alexey'a<~Scribe.141~>211 <~Scribe.142~><~Game.2042~><~Scribe.143~><~Game.2035~><~Scribe.144~> 31B6F6
$Alexey'a<~Controls.790~>248<~Controls.791~><~Game.2017~><~Controls.792~><~Game.2018~> D42E65
$Alexey'a<~Controls.795~>211<~Controls.796~><~Game.2035~><~Controls.797~><~Game.1997~> 3B400A
<game> GambitLord<~Controls.1~> 2 4 4 null
<GambitLord> hmm 933D55
$GambitLord<~Scribe.141~>105 <~Scribe.142~><~Game.2043~><~Scribe.143~><~Game.2035~><~Scribe.144~> B5DCC1
$GambitLord<~Scribe.141~>261 <~Scribe.142~><~Game.2001~><~Scribe.143~><~Game.2002~><~Scribe.144~> A3E18B
$GambitLord<~Controls.644~>105 <~Controls.645~><~Game.2035~> 7E6550
$Alexey'a<~Scribe.141~>213 <~Scribe.142~><~Game.2042~><~Scribe.143~><~Game.2035~><~Scribe.144~> 11BE1A
$Alexey'a<~Controls.790~>248<~Controls.791~><~Game.2018~><~Controls.792~><~Game.2019~> BF51DA
$Alexey'a<~Controls.795~>213<~Controls.796~><~Game.2035~><~Controls.797~><~Game.1997~> 0462A2
<game> GambitLord<~Controls.1~> 2 5 1 null
$GambitLord<~Controls.624~>217<~Controls.625~><~Game.2044~><~Controls.626~><~Game.2037~> null
$Alexey'a<~Scribe.141~>252 <~Scribe.142~><~Game.2014~><~Scribe.143~><~Game.2015~><~Scribe.144~> 94CF87
$Alexey'a<~Scribe.141~>247 <~Scribe.142~><~Game.1911~><~Scribe.143~><~Game.1930~><~Scribe.144~> 848345
$Alexey'a<~Controls.323~>247 1C329A
$GambitLord<~Scribe.141~>217 <~Scribe.142~><~Game.2037~><~Scribe.143~><~Game.2034~><~Scribe.144~> 71F072
<GambitLord> drawing for moria 4F63AF
$GambitLord<~Controls.624~>224<~Controls.625~><~Game.2044~><~Controls.626~><~Game.2037~> null
$GambitLord<~Scribe.141~>217 <~Scribe.142~><~Game.2034~><~Scribe.143~><~Game.2036~><~Scribe.144~> 0ACABC
$Alexey'a<~Scribe.141~>240 <~Scribe.142~><~Game.1999~><~Scribe.143~><~Game.2037~><~Scribe.144~> EC6E93
$Alexey'a<~Scribe.141~>243 <~Scribe.142~><~Game.1998~><~Scribe.143~><~Game.1999~><~Scribe.144~> 99F78B
$Alexey'a<~Controls.644~>217 224 240 <~Controls.645~><~Game.2035~> EAB4CE
$GambitLord<~Scribe.141~>101 <~Scribe.142~><~Game.2043~><~Scribe.143~><~Game.2035~><~Scribe.144~> EEECBD
$GambitLord<~Scribe.141~>261 <~Scribe.142~><~Game.2002~><~Scribe.143~><~Game.2003~><~Scribe.144~> 03A897
$GambitLord<~Controls.644~>101 <~Controls.645~><~Game.2035~> 0B005C
$Alexey'a<~Scribe.141~>358 <~Scribe.142~><~Game.2042~><~Scribe.143~><~Game.2035~><~Scribe.144~> E4FA3F
$Alexey'a<~Scribe.141~>240 <~Scribe.142~><~Game.2039~><~Scribe.143~><~Game.1921~><~Scribe.144~> 172260
$Alexey'a<~Controls.323~>240 DD1ACF
$Alexey'a<~Scribe.141~>359 <~Scribe.142~><~Game.2038~><~Scribe.143~><~Game.2037~><~Scribe.144~> 8BAEDE
$Alexey'a<~Controls.644~>358 359 <~Controls.645~><~Game.2035~> 7EBCA7
$GambitLord<~Scribe.141~>100 <~Scribe.142~><~Game.2043~><~Scribe.143~><~Game.2035~><~Scribe.144~> D5A440
$GambitLord<~Scribe.141~>reveal 195 E754FCAE322DFDE0F414E054C0B2BD543990C299 18 <~Scribe.142~><~Controls.46~><~Scribe.143~><~Game.2037~><~Scribe.144~> 7734C7
$GambitLord<~Scribe.141~>356 357 <~Scribe.142~><~Game.2040~><~Scribe.143~><~Game.1987~><~Scribe.144~> C49611
$GambitLord<~Scribe.141~>354 353 <~Scribe.142~><~Game.2040~><~Scribe.143~><~Game.1986~><~Scribe.144~> 555FD7
$GambitLord<~Scribe.141~>351 350 <~Scribe.142~><~Game.2040~><~Scribe.143~><~Game.1946~><~Scribe.144~> E24AEE
$GambitLord<~Controls.644~>100 195 <~Controls.645~><~Game.2035~> 5266C2
<Alexey'a> pass 884793
$GambitLord<~Scribe.141~>103 <~Scribe.142~><~Game.2043~><~Scribe.143~><~Game.2035~><~Scribe.144~> E206A1
$GambitLord<~Scribe.141~>055 057 351 350 049 048 047 <~Scribe.142~><~Game.1946~><~Scribe.143~><~Game.1932~><~Scribe.144~> 935391
$GambitLord<~Scribe.141~>056 354 353 052 051 050 <~Scribe.142~><~Game.1986~><~Scribe.143~><~Game.1984~><~Scribe.144~> 3676BF
$GambitLord<~Controls.644~>103 <~Controls.645~><~Game.2035~> 06BF78
$Alexey'a<~Scribe.141~>210 <~Scribe.142~><~Game.2042~><~Scribe.143~><~Game.2035~><~Scribe.144~> 1417C5
$Alexey'a<~Scribe.141~>317 059 <~Scribe.142~><~Game.1973~><~Scribe.143~><~Game.1965~><~Scribe.144~> 315EC1
$Alexey'a<~Scribe.141~>067 <~Scribe.142~><~Game.1899~><~Scribe.143~><~Game.1901~><~Scribe.144~> EB8F37
$Alexey'a<~Controls.644~>210 <~Controls.645~><~Game.2035~> 648D5F
$GambitLord<~Scribe.141~>102 <~Scribe.142~><~Game.2043~><~Scribe.143~><~Game.2035~><~Scribe.144~> B8900A
$GambitLord<~Scribe.141~>reveal 189 5A9564FECA1777EE258C02C46F120C1CC4813066 6 <~Scribe.142~><~Controls.46~><~Scribe.143~><~Game.2037~><~Scribe.144~> 9701B0
<GambitLord> DA, leave 1 behind 793983
$Alexey'a<~Scribe.141~>077 076 075 <~Scribe.142~><~Game.1920~><~Scribe.143~><~Game.1995~><~Scribe.144~> 37A42A
$GambitLord<~Scribe.141~>055 057 351 350 049 048 047 043 042 <~Scribe.142~><~Game.1932~><~Scribe.143~><~Game.1920~><~Scribe.144~> 0B5E71
$GambitLord<~Controls.644~>102 189 <~Controls.645~><~Game.2035~> 7163C8
$Alexey'a<~Scribe.141~>212 <~Scribe.142~><~Game.2042~><~Scribe.143~><~Game.2035~><~Scribe.144~> 51050A
$Alexey'a<~Scribe.141~>282 <~Scribe.142~><~Game.2038~><~Scribe.143~><~Game.1931~><~Scribe.144~> 9F91C7
$Alexey'a<~Scribe.141~>272 <~Scribe.142~><~Game.2038~><~Scribe.143~><~Game.1944~><~Scribe.144~> 590520
$Alexey'a<~Controls.644~>212 <~Controls.645~><~Game.2035~> 732097
$Alexey'a<~Controls.644~>212 <~Controls.645~><~Game.2035~> 913357
$Alexey'a<~Controls.644~>212 <~Controls.645~><~Game.2035~> FAF664
$GambitLord<~Scribe.141~>360 <~Scribe.142~><~Game.2043~><~Scribe.143~><~Game.2035~><~Scribe.144~> 0733F2
$GambitLord<~Scribe.141~>reveal 209 40D95A3BF4D2A4663F947715B2697AFDCE55CEFD 2 <~Scribe.142~><~Controls.46~><~Scribe.143~><~Game.2037~><~Scribe.144~> 299D3B
$GambitLord<~Scribe.141~>253 040 039 038 <~Scribe.142~><~Game.1954~><~Scribe.143~><~Game.1920~><~Scribe.144~> 01BE80
$GambitLord<~Scribe.141~>037 <~Scribe.142~><~Game.1969~><~Scribe.143~><~Game.1930~><~Scribe.144~> 8B6996
$GambitLord<~Controls.819~> 510131
$GambitLord<~Controls.819~> 06CC4C
$GambitLord<~Controls.819~> 4E3ABC
$GambitLord<~Scribe.141~>reveal 204 CFB7F7E9DDBA68E711E90F53E32299CC20385EB1 13 <~Scribe.142~><~Controls.46~><~Scribe.143~><~Game.2037~><~Scribe.144~> 1E1E4D
$GambitLord<~Scribe.141~>252 <~Scribe.142~><~Game.2015~><~Scribe.143~><~Game.2016~><~Scribe.144~> 1B456A
$GambitLord<~Scribe.141~>252 <~Scribe.142~><~Game.2016~><~Scribe.143~><~Game.2017~><~Scribe.144~> 663BCB
$GambitLord<~Controls.644~>360 204 <~Controls.645~><~Game.2035~> C4DF95
$Alexey'a<~Controls.726~>213 211 <~Controls.727~><~Game.1997~><~Controls.728~><~Game.2042~> 978A54
$Alexey'a<~Controls.731~>212 210 358 359 <~Controls.732~><~Game.2039~><~Controls.733~><~Game.2042~> 370444
$GambitLord<~Controls.757~>099 104 361 <~Controls.758~><~Game.1997~><~Controls.759~><~Game.2043~> 48B121
<~Game.7~>5 null
$GambitLord<~Controls.762~>360 102 103 100 101 105 <~Controls.763~><~Game.2041~><~Controls.764~><~Game.2043~> B2640F
$GambitLord<~Controls.509~>200<~Controls.510~><~Game.2006~><~Controls.511~><~Controls.46~> null
$Alexey'a<~Controls.509~>117<~Controls.510~><~Game.2004~><~Controls.511~><~Controls.45~> null
$GambitLord<~Controls.509~>180<~Controls.510~><~Game.2007~><~Controls.511~><~Controls.46~> null
$Alexey'a<~Controls.509~>114<~Controls.510~><~Game.2005~><~Controls.511~><~Controls.45~> null
$Alexey'a<~Controls.281~>115 <~Controls.282~><~Controls.45~><~Controls.283~><~Game.2039~> 15EE96
<GambitLord> I hope I don't regret that 98BF05
$Alexey'a<~Controls.281~>149 <~Controls.282~><~Controls.45~><~Controls.283~><~Game.2039~> 3AD1C7
<Alexey'a> fok B0AEDB
$GambitLord<~Scribe.141~>361 <~Scribe.142~><~Game.2043~><~Scribe.143~><~Game.1997~><~Scribe.144~> 6BD14A
$GambitLord<~Controls.345~>360 102 103 100 101 105 099 104 <~Controls.346~>15 14 14 14 13 13 11 12 null
$GambitLord<~Controls.350~>360 102 103 100 101 105 099 104 null
$Alexey'a<~Controls.345~>212 210 358 359 213 211 <~Controls.346~>1 4 0 2 3 1 null
$Alexey'a<~Scribe.141~>358 <~Scribe.142~><~Game.2042~><~Scribe.143~><~Game.2035~><~Scribe.144~> 75CA0D
$Alexey'a<~Controls.323~>247 90E379
$Alexey'a<~Controls.644~>358 <~Controls.645~><~Game.2035~> 0C3B7A
$GambitLord<~Scribe.141~>100 <~Scribe.142~><~Game.2043~><~Scribe.143~><~Game.2035~><~Scribe.144~> 7A148C
$GambitLord<~Controls.509~>176<~Controls.510~><~Game.2007~><~Controls.511~><~Controls.46~> null
$GambitLord<~Controls.644~>100 <~Controls.645~><~Game.2035~> F0E7C7
$Alexey'a<~Scribe.141~>359 <~Scribe.142~><~Game.2042~><~Scribe.143~><~Game.2035~><~Scribe.144~> E4A981
$Alexey'a<~Scribe.141~>reveal 117 1373DC5AA111BB7BACFE76C1671C94BD7BF9EDD2 15 <~Scribe.142~><~Controls.45~><~Scribe.143~><~Game.2029~><~Scribe.144~> 3695B5
$Alexey'a<~Controls.644~>359 <~Controls.645~><~Game.2035~> 678F19
$GambitLord<~Scribe.141~>103 <~Scribe.142~><~Game.2043~><~Scribe.143~><~Game.2035~><~Scribe.144~> 6863E1
$GambitLord<~Scribe.141~>reveal 209 40D95A3BF4D2A4663F947715B2697AFDCE55CEFD 2 <~Scribe.142~><~Controls.46~><~Scribe.143~><~Game.2037~><~Scribe.144~> 06F6C0
$GambitLord<~Scribe.141~>253 038 039 040 <~Scribe.142~><~Game.1954~><~Scribe.143~><~Game.1920~><~Scribe.144~> B65773
$GambitLord<~Scribe.141~>037 <~Scribe.142~><~Game.1969~><~Scribe.143~><~Game.1930~><~Scribe.144~> 182AB8
<GambitLord> Attack DA 356ECF
$GambitLord<~Controls.840~>176 79FF31
<auto> playchosen 7F3582
<auto><~Controls.866~>reveal 176 2AC32FDD4917971236264A4EDB9359F2CB3DB9D7 3<~Controls.867~><~Controls.46~><~Controls.868~><~Game.2036~> 1BCBD5
$GambitLord<~Scribe.141~>209 <~Scribe.142~><~Game.2037~><~Scribe.143~><~Game.2034~><~Scribe.144~> 74C152
<GambitLord> thats no card for you 57C21A
<GambitLord> right? F72D5F
<Alexey'a> + 8CA1E3
<GambitLord> I'm not familiar with that symbol 63E0E2
<GambitLord> that means correct? 2D4E0C
<Alexey'a> yes D3C361
<GambitLord> positive F6BE8F
<GambitLord> kk DB9BB4
$GambitLord<~Scribe.141~>043 042 <~Scribe.142~><~Game.1920~><~Scribe.143~><~Game.2036~><~Scribe.144~> DCB31B
<GambitLord> sacking 2 0487D1
<game> GambitLord<~Controls.1~> 2 2 3 1 5 null
<game> GambitLord<~Controls.1~> 3 5 1 3 null
<GambitLord> 1 C38864
<game> Alexey'a<~Controls.1~> 1 6 4 null
<Alexey'a> 1 3E940C
$GambitLord<~Scribe.141~>047 <~Scribe.142~><~Game.1920~><~Scribe.143~><~Game.2036~><~Scribe.144~> B709AE
$Alexey'a<~Scribe.141~>076 <~Scribe.142~><~Game.1995~><~Scribe.143~><~Game.2037~><~Scribe.144~> 3ECA31
<GambitLord> press/draw B5D78B
$GambitLord<~Controls.304~>055 <~Controls.305~><~Game.1920~> F89007
$GambitLord<~Controls.313~>355 <~Controls.307~><~Controls.314~><~Game.1920~> 509649
$GambitLord<~Controls.662~>176 047 043 042 076 <~Controls.663~><~Game.2035~> 2E60EB
$GambitLord<~Controls.509~>178<~Controls.510~><~Game.2007~><~Controls.511~><~Controls.46~> null
$GambitLord<~Controls.840~>178 F5FF07
<auto> playchosen B1E8B5
<auto><~Controls.866~>reveal 178 C3DA7C5B7C39C864A4A8CE04EC4A3265767C2CB8 10<~Controls.867~><~Controls.46~><~Controls.868~><~Game.2036~> A30678
<game> GambitLord<~Controls.1~> 3 1 2 2 4 null
<game> GambitLord<~Controls.1~> 1 6 2 1 null
<game> Alexey'a<~Controls.1~> 4 2 null
<Alexey'a> 1 DF12D3
<GambitLord> 2 738B84
<GambitLord> barely E98B5A
$Alexey'a<~Scribe.141~>077 075 <~Scribe.142~><~Game.1995~><~Scribe.143~><~Game.2036~><~Scribe.144~> 455764
<GambitLord> lol 115D64
$GambitLord<~Scribe.141~>048 <~Scribe.142~><~Game.1920~><~Scribe.143~><~Game.2036~><~Scribe.144~> 68AAD0
$GambitLord<~Controls.819~> 452455
$GambitLord<~Controls.304~>057 <~Controls.305~><~Game.1920~> 99A6AB
$GambitLord<~Controls.313~>047 <~Controls.307~><~Controls.314~><~Game.1920~> 5614F1
$GambitLord<~Scribe.141~>209 <~Scribe.142~><~Game.2034~><~Scribe.143~><~Game.2037~><~Scribe.144~> DD9C33
$GambitLord<~Controls.644~>103 178 077 075 209 <~Controls.645~><~Game.2035~> 5CFEC5
$Alexey'a<~Scribe.141~>213 <~Scribe.142~><~Game.2042~><~Scribe.143~><~Game.2035~><~Scribe.144~> F01DB4
$GambitLord<~Scribe.141~>417 <~Scribe.142~><~Game.2040~><~Scribe.143~><~Game.1920~><~Scribe.144~> EE0E94
$Alexey'a<~Scribe.141~>279 <~Scribe.142~><~Game.2038~><~Scribe.143~><~Game.1924~><~Scribe.144~> 6D80D2
$GambitLord<~Scribe.141~>423 <~Scribe.142~><~Game.29~><~Scribe.143~><~Game.30~><~Scribe.144~> 31884A
$GambitLord<~Scribe.141~>423 <~Scribe.142~><~Game.30~><~Scribe.143~><~Game.31~><~Scribe.144~> 65D2E5
$Alexey'a<~Scribe.141~>271 <~Scribe.142~><~Game.2038~><~Scribe.143~><~Game.1931~><~Scribe.144~> 7A4552
$Alexey'a<~Controls.644~>213 <~Controls.645~><~Game.2035~> AA3EAE
<GambitLord> hmmm 313A4D
<GambitLord> I'm glad I was able to sneak DA in 406C80
$GambitLord<~Scribe.141~>104 <~Scribe.142~><~Game.2043~><~Scribe.143~><~Game.2035~><~Scribe.144~> EE09F9
$GambitLord<~Controls.281~>104 <~Controls.282~><~Game.2035~><~Controls.283~><~Game.2043~> 3CC36C
$GambitLord<~Scribe.141~>102 <~Scribe.142~><~Game.2043~><~Scribe.143~><~Game.2035~><~Scribe.144~> 9CA24B
$GambitLord<~Controls.509~>162<~Controls.510~><~Game.2006~><~Controls.511~><~Controls.46~> null
$GambitLord<~Controls.644~>102 <~Controls.645~><~Game.2035~> 08C132
<Alexey'a> ;pass C19EE8
$GambitLord<~Scribe.141~>105 <~Scribe.142~><~Game.2043~><~Scribe.143~><~Game.2035~><~Scribe.144~> 97642A
$GambitLord<~Scribe.141~>reveal 162 F5395F319801D87DF7C51052934623EDF76587CE 11 <~Scribe.142~><~Controls.46~><~Scribe.143~><~Game.2037~><~Scribe.144~> 7F0D44
$GambitLord<~Scribe.141~>238 <~Scribe.142~><~Game.2046~><~Scribe.143~><~Game.2037~><~Scribe.144~> CB4BBE
$GambitLord<~Controls.644~>105 162 238 <~Controls.645~><~Game.2035~> BD89CB
$Alexey'a<~Scribe.141~>211 <~Scribe.142~><~Game.2042~><~Scribe.143~><~Game.2035~><~Scribe.144~> B0D592
$Alexey'a<~Controls.790~>248<~Controls.791~><~Game.2014~><~Controls.792~><~Game.2015~> 95A8E6
$Alexey'a<~Controls.795~>211<~Controls.796~><~Game.2035~><~Controls.797~><~Game.1997~> 7D6073
<game> GambitLord<~Controls.1~> 6 5 null
<game> GambitLord<~Controls.1~> 1 null
$GambitLord<~Controls.624~>229<~Controls.625~><~Game.2044~><~Controls.626~><~Game.2037~> null
$Alexey'a<~Scribe.141~>243 <~Scribe.142~><~Game.1999~><~Scribe.143~><~Game.2037~><~Scribe.144~> 041500
$Alexey'a<~Scribe.141~>117 <~Scribe.142~><~Game.2029~><~Scribe.143~><~Game.2036~><~Scribe.144~> A04A29
$Alexey'a<~Scribe.141~>244 <~Scribe.142~><~Game.1998~><~Scribe.143~><~Game.1999~><~Scribe.144~> 5B148C
$Alexey'a<~Controls.644~>117 229 243 <~Controls.645~><~Game.2035~> A34C5D
<GambitLord> I'm suprised you didn't have boromir as guide 6B15BA
<GambitLord> now you can't play axe and bow 3AEE7C
$GambitLord<~Scribe.141~>104 <~Scribe.142~><~Game.2043~><~Scribe.143~><~Game.2035~><~Scribe.144~> C366E3
<Alexey'a> shit happens DC42CD
$GambitLord<~Scribe.141~>356 357 054 053 <~Scribe.142~><~Game.1987~><~Scribe.143~><~Game.1984~><~Scribe.144~> FE089F
<GambitLord> yes it does 31CBE6
<GambitLord> hmm 4ABE51
$GambitLord<~Scribe.141~>034 033 032 031 030 <~Scribe.142~><~Game.1977~><~Scribe.143~><~Game.1969~><~Scribe.144~> 231C3D
$GambitLord<~Controls.819~> A15AAA
<Alexey'a> hm 306A60
<Alexey'a> where my power 20A656
<GambitLord> thinkging 90ECFA
<GambitLord> about 2nd move 2926F7
<Alexey'a> bomabil 187CC9
<GambitLord> I removed it FA23E9
<GambitLord> with a palantir 9AE1E5
<GambitLord> and discarding 2 cards A199CE
<Alexey'a> ok D9ACBB
<GambitLord> i think last turn 7AB116
$GambitLord<~Scribe.141~>022 027 028 029 <~Scribe.142~><~Game.1957~><~Scribe.143~><~Game.1954~><~Scribe.144~> 0E50BF
$GambitLord<~Controls.644~>104 <~Controls.645~><~Game.2035~> 800F8E
$Alexey'a<~Scribe.141~>212 <~Scribe.142~><~Game.2042~><~Scribe.143~><~Game.2035~><~Scribe.144~> B5E988
$Alexey'a<~Controls.790~>248<~Controls.791~><~Game.2015~><~Controls.792~><~Game.2016~> BC1419
$Alexey'a<~Controls.795~>212<~Controls.796~><~Game.2035~><~Controls.797~><~Game.1997~> A2B684
<game> GambitLord<~Controls.1~> 3 1 null
<game> GambitLord<~Controls.1~> 2 null
$GambitLord<~Scribe.141~>099 <~Scribe.142~><~Game.2043~><~Scribe.143~><~Game.2035~><~Scribe.144~> 9EE09F
$GambitLord<~Scribe.141~>056 356 357 054 053 354 353 052 051 050 <~Scribe.142~><~Game.1984~><~Scribe.143~><~Game.1973~><~Scribe.144~> 3017E1
$GambitLord<~Scribe.141~>415 <~Scribe.142~><~Game.2040~><~Scribe.143~><~Game.1973~><~Scribe.144~> 32FB05
$GambitLord<~Scribe.141~>257 <~Scribe.142~><~Game.2000~><~Scribe.143~><~Game.2001~><~Scribe.144~> B9110A
$GambitLord<~Scribe.141~>034 033 032 031 030 <~Scribe.142~><~Game.1977~><~Scribe.143~><~Game.1969~><~Scribe.144~> 2BAD2A
$GambitLord<~Controls.644~>099 <~Controls.645~><~Game.2035~> 7B5CDF
$Alexey'a<~Scribe.141~>210 <~Scribe.142~><~Game.2042~><~Scribe.143~><~Game.2035~><~Scribe.144~> CE57C6
$Alexey'a<~CardBuffet.9~>reveal 114 A6958DC41D036D33EB38FCC5AE26E84F7E60821F 14<~CardBuffet.10~><~Controls.45~><~CardBuffet.11~> ECCA3F
$Alexey'a<~Scribe.141~>270 276 <~Scribe.142~><~Game.2038~><~Scribe.143~><~Game.1944~><~Scribe.144~> 26A86D
$Alexey'a<~Controls.644~>210 114 <~Controls.645~><~Game.2035~> EC20D5
$GambitLord<~Scribe.141~>101 <~Scribe.142~><~Game.2043~><~Scribe.143~><~Game.2035~><~Scribe.144~> 828650
$GambitLord<~Scribe.141~>253 039 040 038 <~Scribe.142~><~Game.1920~><~Scribe.143~><~Game.1973~><~Scribe.144~> D94A97
$GambitLord<~Scribe.141~>037 <~Scribe.142~><~Game.1930~><~Scribe.143~><~Game.1919~><~Scribe.144~> 54CED2
$GambitLord<~Scribe.141~>037 <~Scribe.142~><~Game.1919~><~Scribe.143~><~Game.1954~><~Scribe.144~> 06041B
$GambitLord<~Controls.644~>101 <~Controls.645~><~Game.2035~> 1C53E8
$Alexey'a<~Controls.726~>212 211 <~Controls.727~><~Game.1997~><~Controls.728~><~Game.2042~> 58F767
$Alexey'a<~Controls.731~>210 213 359 358 <~Controls.732~><~Game.2039~><~Controls.733~><~Game.2042~> AE17CA
$Alexey'a<~Controls.509~>116<~Controls.510~><~Game.2004~><~Controls.511~><~Controls.45~> null
$Alexey'a<~Scribe.141~>410 <~Scribe.142~><~Game.2038~><~Scribe.143~><~Game.2027~><~Scribe.144~> 4A676C
$GambitLord<~Controls.757~>360 361 <~Controls.758~><~Game.1997~><~Controls.759~><~Game.2043~> 7E9017
<~Game.7~>6 null
$GambitLord<~Controls.762~>101 099 104 105 102 103 100 <~Controls.763~><~Game.2041~><~Controls.764~><~Game.2043~> DDFB60
$Alexey'a<~Controls.509~>156<~Controls.510~><~Game.2005~><~Controls.511~><~Controls.45~> null
$GambitLord<~Controls.509~>193<~Controls.510~><~Game.2006~><~Controls.511~><~Controls.46~> null
$Alexey'a<~Controls.281~>410 <~Controls.282~><~Game.2027~><~Controls.283~><~Game.2038~> D5B512
$GambitLord<~Controls.509~>197<~Controls.510~><~Game.2007~><~Controls.511~><~Controls.46~> null
<Alexey'a> fok 3F1949
$GambitLord<~Scribe.141~>361 <~Scribe.142~><~Game.2043~><~Scribe.143~><~Game.1997~><~Scribe.144~> A14BDC
$GambitLord<~Controls.345~>101 099 104 105 102 103 100 360 <~Controls.346~>14 13 12 14 12 10 13 12 null
$GambitLord<~Controls.350~>101 099 104 105 102 103 100 360 null
$Alexey'a<~Controls.345~>210 213 359 358 212 211 <~Controls.346~>3 4 0 4 4 1 null
$Alexey'a<~Scribe.141~>359 <~Scribe.142~><~Game.2042~><~Scribe.143~><~Game.2035~><~Scribe.144~> EEAC4B
$Alexey'a<~Controls.790~>248<~Controls.791~><~Game.2016~><~Controls.792~><~Game.2017~> 46A060
$Alexey'a<~Controls.795~>359<~Controls.796~><~Game.2035~><~Controls.797~><~Game.1997~> 6A6E76
<game> GambitLord<~Controls.1~> 5 null
<GambitLord> hmmm 185D06
$GambitLord<~Scribe.141~>100 <~Scribe.142~><~Game.2043~><~Scribe.143~><~Game.2035~><~Scribe.144~> 8F1603
<GambitLord> Attack Erebor 3A7A1D
$Alexey'a<~Scribe.141~>062 312 061 317 059 060 <~Scribe.142~><~Game.1965~><~Scribe.143~><~Game.1988~><~Scribe.144~> BE56C2
$GambitLord<~Scribe.141~>253 039 040 038 056 356 357 054 053 354 353 052 051 050 <~Scribe.142~><~Game.1973~><~Scribe.143~><~Game.1965~><~Scribe.144~> 949524
$Alexey'a<~Scribe.141~>257 <~Scribe.142~><~Game.2001~><~Scribe.143~><~Game.2002~><~Scribe.144~> 5AE883
$GambitLord<~Controls.644~>100 <~Controls.645~><~Game.2035~> F1255A
$Alexey'a<~Scribe.141~>211 <~Scribe.142~><~Game.2042~><~Scribe.143~><~Game.2035~><~Scribe.144~> 34C638
$Alexey'a<~Controls.790~>248<~Controls.791~><~Game.2017~><~Controls.792~><~Game.2018~> 86FC66
$Alexey'a<~Controls.795~>211<~Controls.796~><~Game.2035~><~Controls.797~><~Game.1997~> 699E77
<game> GambitLord<~Controls.1~> 1 null
$GambitLord<~Scribe.141~>103 <~Scribe.142~><~Game.2043~><~Scribe.143~><~Game.2035~><~Scribe.144~> 40DE3F
$GambitLord<~Controls.819~> E555A3
$GambitLord<~Scribe.141~>099 <~Scribe.142~><~Game.2043~><~Scribe.143~><~Game.2035~><~Scribe.144~> ECA705
<GambitLord> Attack erebor 23E258
$Alexey'a<~Scribe.141~>257 <~Scribe.142~><~Game.2002~><~Scribe.143~><~Game.2003~><~Scribe.144~> 1AEC0C
$GambitLord<~Controls.840~>180 C4E34F
$Alexey'a<~Controls.840~>140 445E0E
<auto> playchosen A5E048
<auto><~Controls.3~>reveal 140 DB46A3C80AFCC8D1292D6871107E65F387FC4C59 21<~Controls.884~><~Controls.45~><~Controls.885~><~Game.2037~> 0605E6
<auto><~Controls.866~>reveal 180 3BFC8785542F07F1976958EC450AD677745785C3 5<~Controls.867~><~Controls.46~><~Controls.868~><~Game.2036~> 700117
<auto> playchosen 9763D3
$GambitLord<~Scribe.141~>051 050 <~Scribe.142~><~Game.1965~><~Scribe.143~><~Game.2036~><~Scribe.144~> C812F2
<game> GambitLord<~Controls.1~> 6 4 3 null
<game> GambitLord<~Controls.1~> 2 null
<GambitLord> 2 A13287
<game> Alexey'a<~Controls.1~> 4 3 2 6 5 null
<game> Alexey'a<~Controls.1~> 2 null
<Alexey'a> 2 279CAB
$GambitLord<~Scribe.141~>353 052 <~Scribe.142~><~Game.1965~><~Scribe.143~><~Game.2036~><~Scribe.144~> 59596C
$Alexey'a<~Scribe.141~>061 <~Scribe.142~><~Game.1988~><~Scribe.143~><~Game.2037~><~Scribe.144~> AA0411
<GambitLord> press/draw FEB378
$GambitLord<~Controls.662~>180 353 052 051 050 140 061 <~Controls.663~><~Game.2035~> 0087B6
$GambitLord<~Controls.509~>206<~Controls.510~><~Game.2007~><~Controls.511~><~Controls.46~> null
$GambitLord<~Controls.840~>206 1ECAC6
$Alexey'a<~Controls.304~>056 <~Controls.305~><~Game.1965~> 681E1A
$Alexey'a<~Controls.313~>353 <~Controls.307~><~Controls.314~><~Game.1965~> D539AA
<GambitLord> oh right BC176B
$Alexey'a<~Controls.840~>145 8354C2
<auto> playchosen FECDF9
<auto><~Controls.3~>reveal 145 454B3D2A7216613EFA2B38891D04C47E572E41DE 1<~Controls.884~><~Controls.45~><~Controls.885~><~Game.2037~> E8DD5B
<auto><~Controls.866~>reveal 206 931F0B8E2FEAB7EFE8B7535BF175C62E63CD436F 11<~Controls.867~><~Controls.46~><~Controls.868~><~Game.2036~> 721D3D
<auto> playchosen 69FFD9
<game> GambitLord<~Controls.1~> 6 1 3 6 1 null
<game> GambitLord<~Controls.1~> 4 1 6 null
<GambitLord> 3 56969E
<game> Alexey'a<~Controls.1~> 4 5 4 4 null
<game> Alexey'a<~Controls.1~> 4 null
<Alexey'a> 1 2EF92F
<GambitLord> saved myself 2 hits F3F8BE
$Alexey'a<~Scribe.141~>312 317 <~Scribe.142~><~Game.1988~><~Scribe.143~><~Game.2037~><~Scribe.144~> FA66CD
$GambitLord<~Scribe.141~>354 <~Scribe.142~><~Game.1965~><~Scribe.143~><~Game.2036~><~Scribe.144~> D731A2
<Alexey'a> good rolls 717A89
$GambitLord<~Controls.644~>099 206 354 145 312 317 <~Controls.645~><~Game.2035~> 6C99A6
$Alexey'a<~Scribe.141~>210 <~Scribe.142~><~Game.2042~><~Scribe.143~><~Game.2035~><~Scribe.144~> F9921B
$Alexey'a<~Scribe.141~>258 <~Scribe.142~><~Game.2001~><~Scribe.143~><~Game.2002~><~Scribe.144~> 1F5D3E
$Alexey'a<~Controls.644~>210 <~Controls.645~><~Game.2035~> 0E0E4B
<GambitLord> yeah, i'm on a lucky streak 52B091
$GambitLord<~Scribe.141~>105 <~Scribe.142~><~Game.2043~><~Scribe.143~><~Game.2035~><~Scribe.144~> 2CCC0E
$GambitLord<~Controls.509~>183<~Controls.510~><~Game.2007~><~Controls.511~><~Controls.46~> null
$GambitLord<~Controls.644~>105 <~Controls.645~><~Game.2035~> 94E82C
$Alexey'a<~Scribe.141~>212 <~Scribe.142~><~Game.2042~><~Scribe.143~><~Game.2035~><~Scribe.144~> F21DF7
$Alexey'a<~Scribe.141~>258 <~Scribe.142~><~Game.2002~><~Scribe.143~><~Game.2003~><~Scribe.144~> FC7B20
$Alexey'a<~Controls.644~>212 <~Controls.645~><~Game.2035~> F6CEE8
$GambitLord<~Scribe.141~>102 <~Scribe.142~><~Game.2043~><~Scribe.143~><~Game.2035~><~Scribe.144~> AE391F
<GambitLord> Attack Dale from WLR D6AFDA
<GambitLord> nc F3E052
<Alexey'a> nc 50024E
<game> GambitLord<~Controls.1~> 6 5 6 4 3 null
<game> Alexey'a<~Controls.1~> 6 2 null
<Alexey'a> 1 B2AE12
$Alexey'a<~Scribe.141~>068 066 <~Scribe.142~><~Game.1970~><~Scribe.143~><~Game.2037~><~Scribe.144~> 312608
$GambitLord<~Scribe.141~>024 <~Scribe.142~><~Game.1954~><~Scribe.143~><~Game.2037~><~Scribe.144~> 560D8C
$GambitLord<~Scribe.141~>037 035 028 027 022 <~Scribe.142~><~Game.1954~><~Scribe.143~><~Game.1970~><~Scribe.144~> 5F2B19
$GambitLord<~Scribe.141~>413 <~Scribe.142~><~Game.2040~><~Scribe.143~><~Game.1970~><~Scribe.144~> D77CA2
$GambitLord<~Scribe.141~>423 <~Scribe.142~><~Game.31~><~Scribe.143~><~Game.32~><~Scribe.144~> D8F32D
$Alexey'a<~Controls.644~>102 068 024 066 <~Controls.645~><~Game.2035~> 61DAA2
$Alexey'a<~Scribe.141~>358 <~Scribe.142~><~Game.2042~><~Scribe.143~><~Game.2035~><~Scribe.144~> B4538E
<GambitLord> w8 8144D7
<GambitLord> sthinking 2258DC
$Alexey'a<~Controls.819~> 757BE1
$Alexey'a<~Controls.819~> A4FA69
<GambitLord> on @ of guys to move DAE65A
$GambitLord<~Scribe.141~>022 <~Scribe.142~><~Game.1970~><~Scribe.143~><~Game.1954~><~Scribe.144~> 6605E5
$GambitLord<~Controls.644~>102 068 024 066 <~Controls.645~><~Game.2035~> 52C506
$Alexey'a<~Scribe.141~>213 <~Scribe.142~><~Game.2042~><~Scribe.143~><~Game.2035~><~Scribe.144~> 553DDF
<GambitLord> kk 816727
$Alexey'a<~Scribe.141~>302 <~Scribe.142~><~Game.2038~><~Scribe.143~><~Game.1941~><~Scribe.144~> A4A5FE
$Alexey'a<~Controls.644~>213 <~Controls.645~><~Game.2035~> A92A7E
$GambitLord<~Scribe.141~>360 <~Scribe.142~><~Game.2043~><~Scribe.143~><~Game.2035~><~Scribe.144~> 5EF217
$GambitLord<~Scribe.141~>037 035 028 027 <~Scribe.142~><~Game.1970~><~Scribe.143~><~Game.1965~><~Scribe.144~> 136042
$GambitLord<~Scribe.141~>026 <~Scribe.142~><~Game.1966~><~Scribe.143~><~Game.1970~><~Scribe.144~> 9AAFEA
$GambitLord<~Controls.644~>360 <~Controls.645~><~Game.2035~> BC4D00
$Alexey'a<~Scribe.141~>358 <~Scribe.142~><~Game.2042~><~Scribe.143~><~Game.2035~><~Scribe.144~> 27E5C7
$Alexey'a<~Controls.790~>248<~Controls.791~><~Game.2018~><~Controls.792~><~Game.2019~> 39CB63
$Alexey'a<~Controls.795~>358<~Controls.796~><~Game.2035~><~Controls.797~><~Game.1997~> 5A1937
$Alexey'a<~Scribe.141~>249 <~Scribe.142~><~Game.2008~><~Scribe.143~><~Game.2011~><~Scribe.144~> BA5F4A
<GambitLord> kk ACA9A6
<GambitLord> roling A37B9C
<game> GambitLord<~Controls.1~> 3 null
$GambitLord<~Scribe.141~>101 <~Scribe.142~><~Game.2043~><~Scribe.143~><~Game.2035~><~Scribe.144~> A3AA84
$GambitLord<~Scribe.141~>reveal 177 4658B6E974D43750577007D41247341D240E0C77 21 <~Scribe.142~><~Controls.46~><~Scribe.143~><~Game.2037~><~Scribe.144~> 2CB68F
$GambitLord<~Scribe.141~>247 <~Scribe.142~><~Game.1930~><~Scribe.143~><~Game.1927~><~Scribe.144~> 143A20
$Alexey'a<~Controls.644~>101 177 <~Controls.645~><~Game.2035~> B95888
$GambitLord<~Scribe.141~>104 <~Scribe.142~><~Game.2043~><~Scribe.143~><~Game.2035~><~Scribe.144~> EC4A37
$GambitLord<~Controls.281~>104 <~Controls.282~><~Game.2035~><~Controls.283~><~Game.2043~> 02D000
$GambitLord<~HighlightLabel.81~>103<~HighlightLabel.82~><~Game.2043~><~HighlightLabel.83~><~Game.2035~> 4A0DB3
$GambitLord<~Controls.281~>103 <~Controls.282~><~Game.2035~><~Controls.283~><~Game.2043~> DFE483
<GambitLord> hmm 0516B9
$GambitLord<~Scribe.141~>104 <~Scribe.142~><~Game.2043~><~Scribe.143~><~Game.2035~><~Scribe.144~> 63EB58
<GambitLord> Attack Erebor 816D1B
$GambitLord<~Controls.840~>200 7A0C02
<auto> playchosen 736B21
<auto><~Controls.866~>reveal 200 7CF26D77D231D72D66971F747CA2A7806CA5D36D 14<~Controls.867~><~Controls.46~><~Controls.868~><~Game.2036~> 8850C9
<game> GambitLord<~Controls.1~> 1 4 5 3 2 null
<game> GambitLord<~Controls.1~> 1 1 4 2 null
<game> Alexey'a<~Controls.1~> 2 4 null
<game> Alexey'a<~Controls.1~> 4 null
<Alexey'a> 0 F2618C
<GambitLord> I need to roll 1 more C85748
<game> GambitLord<~Controls.1~> 1 null
<GambitLord> 0 2D14F1
<GambitLord> stop/draw B8B5E2
$GambitLord<~Controls.509~>158<~Controls.510~><~Game.2006~><~Controls.511~><~Controls.46~> null
$GambitLord<~Controls.644~>104 200 <~Controls.645~><~Game.2035~> BD198E
$GambitLord<~Scribe.141~>103 <~Scribe.142~><~Game.2043~><~Scribe.143~><~Game.2035~><~Scribe.144~> 8C4DEB
$GambitLord<~Controls.304~>005 <~Controls.305~><~Game.1919~> DE361C
$GambitLord<~Controls.313~>326 <~Controls.309~><~Controls.314~><~Game.1919~> F78533
$GambitLord<~Controls.304~>004 <~Controls.305~><~Game.1919~> D42AA7
$GambitLord<~Controls.313~>325 <~Controls.309~><~Controls.314~><~Game.1919~> D62ABF
$GambitLord<~Controls.644~>103 <~Controls.645~><~Game.2035~> BEEC59
$GambitLord<~Controls.757~>361 <~Controls.758~><~Game.1997~><~Controls.759~><~Game.2043~> 0133C5
$GambitLord<~Controls.762~>103 104 101 360 102 105 099 100 <~Controls.763~><~Game.2041~><~Controls.764~><~Game.2043~> 2FA071
$Alexey'a<~Controls.726~>358 211 359 <~Controls.727~><~Game.1997~><~Controls.728~><~Game.2042~> 994F5E
<~Game.7~>7 null
$Alexey'a<~Controls.731~>213 212 210 <~Controls.732~><~Game.2039~><~Controls.733~><~Game.2042~> C129AA
$Alexey'a<~Controls.509~>135<~Controls.510~><~Game.2004~><~Controls.511~><~Controls.45~> null
$GambitLord<~Controls.509~>166<~Controls.510~><~Game.2006~><~Controls.511~><~Controls.46~> null
$GambitLord<~Controls.509~>199<~Controls.510~><~Game.2007~><~Controls.511~><~Controls.46~> null
$Alexey'a<~Controls.509~>120<~Controls.510~><~Game.2005~><~Controls.511~><~Controls.45~> null
$GambitLord<~Scribe.141~>361 <~Scribe.142~><~Game.2043~><~Scribe.143~><~Game.1997~><~Scribe.144~> 472728
$Alexey'a<~Scribe.141~>247 <~Scribe.142~><~Game.1927~><~Scribe.143~><~Game.1964~><~Scribe.144~> 718D2E
$Alexey'a<~Scribe.141~>247 <~Scribe.142~><~Game.1964~><~Scribe.143~><~Game.1976~><~Scribe.144~> 6A3719
$Alexey'a<~Scribe.141~>247 <~Scribe.142~><~Game.1976~><~Scribe.143~><~Game.1964~><~Scribe.144~> 3AE018
$Alexey'a<~Scribe.141~>248 <~Scribe.142~><~Game.2019~><~Scribe.143~><~Game.2014~><~Scribe.144~> 8FE86D
<Alexey'a> fok FCBB28
$GambitLord<~Controls.345~>103 104 101 360 102 105 099 100 <~Controls.346~>15 11 11 11 10 11 13 11 null
$GambitLord<~Controls.350~>103 104 101 360 102 105 099 100 null
$Alexey'a<~Controls.345~>213 212 210 358 211 359 <~Controls.346~>1 2 1 1 4 0 null
$Alexey'a<~Scribe.141~>359 <~Scribe.142~><~Game.2042~><~Scribe.143~><~Game.2035~><~Scribe.144~> A29F63
$Alexey'a<~Controls.281~>359 <~Controls.282~><~Game.2035~><~Controls.283~><~Game.2042~> B30EAC
<Alexey'a> pass 5A780E
$GambitLord<~Scribe.141~>100 <~Scribe.142~><~Game.2043~><~Scribe.143~><~Game.2035~><~Scribe.144~> FD0DF3
$GambitLord<~Scribe.141~>020 019 018 016 017 <~Scribe.142~><~Game.1969~><~Scribe.143~><~Game.1964~><~Scribe.144~> 832FF6
$GambitLord<~Scribe.141~>046 045 <~Scribe.142~><~Game.1946~><~Scribe.143~><~Game.1932~><~Scribe.144~> 3E472B
$GambitLord<~Controls.644~>100 <~Controls.645~><~Game.2035~> 4F89BE
$Alexey'a<~Scribe.141~>211 <~Scribe.142~><~Game.2042~><~Scribe.143~><~Game.2035~><~Scribe.144~> BEB935
$Alexey'a<~Scribe.141~>073 072 <~Scribe.142~><~Game.1929~><~Scribe.143~><~Game.1925~><~Scribe.144~> 104D10
$Alexey'a<~Scribe.141~>074 070 069 <~Scribe.142~><~Game.1918~><~Scribe.143~><~Game.1925~><~Scribe.144~> 55E4E2
$Alexey'a<~Controls.644~>211 <~Controls.645~><~Game.2035~> 1CDF24
$GambitLord<~Scribe.141~>105 <~Scribe.142~><~Game.2043~><~Scribe.143~><~Game.2035~><~Scribe.144~> B80622
<GambitLord> Attack erebor 569CE1
$GambitLord<~Controls.840~>199 B6B4F8
<auto> playchosen 9E7CC0
<auto><~Controls.866~>reveal 199 10270143266271F4D469E13332509509D9E4DC6E 17<~Controls.867~><~Controls.46~><~Controls.868~><~Game.2036~> 59E2B4
<game> GambitLord<~Controls.1~> 4 4 2 6 5 null
<game> Alexey'a<~Controls.1~> 5 6 null
<game> Alexey'a<~Controls.1~> 3 1 null
<Alexey'a> 2 41B0A0
$Alexey'a<~Scribe.141~>062 059 060 <~Scribe.142~><~Game.1988~><~Scribe.143~><~Game.2037~><~Scribe.144~> DF800E
$GambitLord<~Scribe.141~>028 027 <~Scribe.142~><~Game.1965~><~Scribe.143~><~Game.2036~><~Scribe.144~> 1FE43F
$GambitLord<~Controls.509~>190<~Controls.510~><~Game.2007~><~Controls.511~><~Controls.46~> null
$GambitLord<~Controls.644~>105 199 028 027 062 059 060 <~Controls.645~><~Game.2035~> 1216BF
$Alexey'a<~Scribe.141~>212 <~Scribe.142~><~Game.2042~><~Scribe.143~><~Game.2035~><~Scribe.144~> 290DDB
$GambitLord<~Scribe.141~>419 <~Scribe.142~><~Game.2040~><~Scribe.143~><~Game.1965~><~Scribe.144~> 2C96D9
$Alexey'a<~CardBuffet.9~>reveal 133 33C44208E8A9B9F724059184D16CACEC01093248 7<~CardBuffet.10~><~Controls.45~><~CardBuffet.11~> D3E712
$GambitLord<~Scribe.141~>423 <~Scribe.142~><~Game.32~><~Scribe.143~><~Game.33~><~Scribe.144~> 1A571D
$GambitLord<~Scribe.141~>423 <~Scribe.142~><~Game.33~><~Scribe.143~><~Game.388~><~Scribe.144~> 1B1948
$Alexey'a<~Controls.281~>233 <~Controls.282~><~Game.2046~><~Controls.283~><~Game.2045~> 2C277E
$Alexey'a<~Controls.644~>212 133 <~Controls.645~><~Game.2035~> ADF750
$GambitLord<~Scribe.141~>102 <~Scribe.142~><~Game.2043~><~Scribe.143~><~Game.2035~><~Scribe.144~> 319851
$GambitLord<~Controls.304~>003 <~Controls.305~><~Game.1919~> 161AD2
$GambitLord<~Controls.313~>324 <~Controls.309~><~Controls.314~><~Game.1919~> AC2772
$GambitLord<~Controls.304~>002 <~Controls.305~><~Game.1919~> F35FB2
$GambitLord<~Controls.313~>323 <~Controls.309~><~Controls.314~><~Game.1919~> E6BBC9
$GambitLord<~Controls.644~>102 <~Controls.645~><~Game.2035~> 3F1869
$Alexey'a<~Scribe.141~>359 <~Scribe.142~><~Game.2042~><~Scribe.143~><~Game.2035~><~Scribe.144~> BCF771
$Alexey'a<~Scribe.141~>301 <~Scribe.142~><~Game.2038~><~Scribe.143~><~Game.1941~><~Scribe.144~> C1941B
$Alexey'a<~Controls.644~>359 <~Controls.645~><~Game.2035~> B2DEB4
$GambitLord<~Scribe.141~>101 <~Scribe.142~><~Game.2043~><~Scribe.143~><~Game.2035~><~Scribe.144~> 6677FD
$GambitLord<~Scribe.141~>025 <~Scribe.142~><~Game.2040~><~Scribe.143~><~Game.1922~><~Scribe.144~> E4AA95
$GambitLord<~Scribe.141~>332 <~Scribe.142~><~Game.2040~><~Scribe.143~><~Game.1919~><~Scribe.144~> 22D251
$GambitLord<~Controls.644~>101 <~Controls.645~><~Game.2035~> F0A027
$Alexey'a<~Scribe.141~>358 <~Scribe.142~><~Game.2042~><~Scribe.143~><~Game.2035~><~Scribe.144~> E26338
$Alexey'a<~CardBuffet.9~>reveal 116 D5353EAC8E9BDD62DB9BBA07DB9E8BB16166449A 17<~CardBuffet.10~><~Controls.45~><~CardBuffet.11~> 9BEB16
$Alexey'a<~Controls.281~>235 <~Controls.282~><~Game.2046~><~Controls.283~><~Game.2045~> 3AB9E4
$Alexey'a<~Controls.644~>358 116 <~Controls.645~><~Game.2035~> AC1A56
$GambitLord<~Scribe.141~>360 <~Scribe.142~><~Game.2043~><~Scribe.143~><~Game.2035~><~Scribe.144~> 8D8A7E
$GambitLord<~Scribe.141~>323 324 325 326 006 332 <~Scribe.142~><~Game.1919~><~Scribe.143~><~Game.1918~><~Scribe.144~> E83455
$GambitLord<~Scribe.141~>000 <~Scribe.142~><~Game.1914~><~Scribe.143~><~Game.1910~><~Scribe.144~> 8FE673
$GambitLord<~Controls.819~> D2A40A
$GambitLord<~Scribe.141~>040 054 053 <~Scribe.142~><~Game.1965~><~Scribe.143~><~Game.1970~><~Scribe.144~> 4CD42A
$GambitLord<~Controls.819~> 61819F
$GambitLord<~Scribe.141~>021 <~Scribe.142~><~Game.1957~><~Scribe.143~><~Game.1970~><~Scribe.144~> B3AF17
$GambitLord<~Controls.644~>360 <~Controls.645~><~Game.2035~> F13CB0
$Alexey'a<~Scribe.141~>210 <~Scribe.142~><~Game.2042~><~Scribe.143~><~Game.2035~><~Scribe.144~> E5EB5A
$Alexey'a<~Scribe.141~>074 073 070 069 072 <~Scribe.142~><~Game.1925~><~Scribe.143~><~Game.1923~><~Scribe.144~> 5C861C
$Alexey'a<~Controls.644~>210 <~Controls.645~><~Game.2035~> 300788
$GambitLord<~Scribe.141~>099 <~Scribe.142~><~Game.2043~><~Scribe.143~><~Game.2035~><~Scribe.144~> AF9A52
$GambitLord<~Scribe.141~>reveal 158 5138C3D17D3844CADBD6B60FD6D565D32E27C56D 18 <~Scribe.142~><~Controls.46~><~Scribe.143~><~Game.2037~><~Scribe.144~> C71210
$GambitLord<~Scribe.141~>158 <~Scribe.142~><~Game.2037~><~Scribe.143~><~Game.2034~><~Scribe.144~> BF9472
$GambitLord<~Controls.624~>220<~Controls.625~><~Game.2044~><~Controls.626~><~Game.2037~> null
$GambitLord<~Scribe.141~>158 <~Scribe.142~><~Game.2034~><~Scribe.143~><~Game.2036~><~Scribe.144~> A61347
$GambitLord<~Controls.644~>099 158 220 <~Controls.645~><~Game.2035~> 4DF2E8
$Alexey'a<~Scribe.141~>213 <~Scribe.142~><~Game.2042~><~Scribe.143~><~Game.2035~><~Scribe.144~> FF8A4A
$Alexey'a<~Controls.790~>248<~Controls.791~><~Game.2014~><~Controls.792~><~Game.2015~> DEFDFD
$Alexey'a<~Controls.795~>213<~Controls.796~><~Game.2035~><~Controls.797~><~Game.1997~> 83CA42
<game> GambitLord<~Controls.1~> 4 2 null
<game> GambitLord<~Controls.1~> 1 null
$GambitLord<~Scribe.141~>104 <~Scribe.142~><~Game.2043~><~Scribe.143~><~Game.2035~><~Scribe.144~> B68A50
$GambitLord<~Scribe.141~>259 <~Scribe.142~><~Game.2000~><~Scribe.143~><~Game.2001~><~Scribe.144~> D3D59B
$Alexey'a<~Scribe.141~>074 073 070 069 072 071 <~Scribe.142~><~Game.1923~><~Scribe.143~><~Game.1993~><~Scribe.144~> 2124B0
<GambitLord> thinking D38DD0
$GambitLord<~Scribe.141~>323 324 325 326 006 332 <~Scribe.142~><~Game.1918~><~Scribe.143~><~Game.1923~><~Scribe.144~> A857DE
<GambitLord> thinking A89A6D
$GambitLord<~Scribe.141~>323 324 325 326 006 332 <~Scribe.142~><~Game.1923~><~Scribe.143~><~Game.1925~><~Scribe.144~> 333A18
$Alexey'a<~Scribe.141~>074 073 070 069 072 071 <~Scribe.142~><~Game.1993~><~Scribe.143~><~Game.1923~><~Scribe.144~> F15002
$GambitLord<~Scribe.141~>412 <~Scribe.142~><~Game.2040~><~Scribe.143~><~Game.1925~><~Scribe.144~> 012747
$GambitLord<~Scribe.141~>020 019 018 016 017 <~Scribe.142~><~Game.1964~><~Scribe.143~><~Game.1959~><~Scribe.144~> 5FFBA2
$GambitLord<~Controls.644~>104 <~Controls.645~><~Game.2035~> 82CB7C
$Alexey'a<~Controls.726~>213 <~Controls.727~><~Game.1997~><~Controls.728~><~Game.2042~> 20EF79
$Alexey'a<~Controls.731~>210 358 359 212 211 <~Controls.732~><~Game.2039~><~Controls.733~><~Game.2042~> 1B0AE5
$GambitLord<~Controls.757~>103 361 <~Controls.758~><~Game.1997~><~Controls.759~><~Game.2043~> 65EB7B
<~Game.7~>8 null
$GambitLord<~Controls.762~>104 099 360 101 102 105 100 <~Controls.763~><~Game.2041~><~Controls.764~><~Game.2043~> A6862D
$Alexey'a<~Controls.509~>125<~Controls.510~><~Game.2004~><~Controls.511~><~Controls.45~> null
$Alexey'a<~Controls.509~>134<~Controls.510~><~Game.2005~><~Controls.511~><~Controls.45~> null
$GambitLord<~Controls.509~>182<~Controls.510~><~Game.2006~><~Controls.511~><~Controls.46~> null
$GambitLord<~Controls.509~>192<~Controls.510~><~Game.2007~><~Controls.511~><~Controls.46~> null
$Alexey'a<~Scribe.141~>247 <~Scribe.142~><~Game.1964~><~Scribe.143~><~Game.524~><~Scribe.144~> 64A411
$Alexey'a<~Controls.281~>239 220 238 233 235 <~Controls.282~><~Game.2045~><~Controls.283~><~Game.2044~> D13819
$Alexey'a<~Scribe.141~>248 <~Scribe.142~><~Game.2015~><~Scribe.143~><~Game.2014~><~Scribe.144~> 756175
$GambitLord<~Controls.296~>182 <~Controls.297~><~Controls.46~> 3CB96B
$GambitLord<~Scribe.141~>361 <~Scribe.142~><~Game.2043~><~Scribe.143~><~Game.1997~><~Scribe.144~> 0F694A
<Alexey'a> fok 7B6BD5
$GambitLord<~Controls.345~>104 099 360 101 102 105 100 103 <~Controls.346~>11 11 11 10 13 11 10 14 null
$GambitLord<~Controls.350~>104 099 360 101 102 105 100 103 null
$Alexey'a<~Controls.345~>210 358 359 212 211 213 <~Controls.346~>4 4 1 4 4 4 null
<GambitLord> whoa 902FE3
$Alexey'a<~Scribe.141~>359 <~Scribe.142~><~Game.2042~><~Scribe.143~><~Game.2035~><~Scribe.144~> 986C96
$Alexey'a<~Controls.790~>247<~Controls.791~><~Game.524~><~Controls.792~><~Game.525~> 56BBEC
$Alexey'a<~Controls.795~>359<~Controls.796~><~Game.2035~><~Controls.797~><~Game.1997~> 4C4062
$GambitLord<~Controls.624~>223<~Controls.625~><~Game.2044~><~Controls.626~><~Game.2037~> null
<Alexey'a> random 631269
$GambitLord<~Controls.637~>245<~Controls.638~><~Game.1998~><~Controls.639~><~Game.2036~> null
$Alexey'a<~Controls.644~>245 223 <~Controls.645~><~Game.2035~> 7D69B2
$GambitLord<~Scribe.141~>223 <~Scribe.142~><~Game.2037~><~Scribe.143~><~Game.524~><~Scribe.144~> 6FB3A6
$GambitLord<~Scribe.141~>360 <~Scribe.142~><~Game.2043~><~Scribe.143~><~Game.2035~><~Scribe.144~> 609AA8
$GambitLord<~Scribe.141~>020 019 018 016 017 <~Scribe.142~><~Game.1959~><~Scribe.143~><~Game.1942~><~Scribe.144~> 30B84E
$GambitLord<~Scribe.141~>000 <~Scribe.142~><~Game.1914~><~Scribe.143~><~Game.1916~><~Scribe.144~> 1AAA86
$GambitLord<~Controls.644~>360 <~Controls.645~><~Game.2035~> 5A6EA7
<Alexey'a> pass 6610E7
$GambitLord<~Scribe.141~>099 <~Scribe.142~><~Game.2043~><~Scribe.143~><~Game.2035~><~Scribe.144~> DA00C9
$GambitLord<~Controls.281~>099 <~Controls.282~><~Game.2035~><~Controls.283~><~Game.2043~> 9AE38E
<GambitLord> hmm 9C2933
$GambitLord<~Scribe.141~>099 <~Scribe.142~><~Game.2043~><~Scribe.143~><~Game.2035~><~Scribe.144~> F952DD
$GambitLord<~Scribe.141~>020 019 018 016 017 <~Scribe.142~><~Game.1942~><~Scribe.143~><~Game.1933~><~Scribe.144~> 3619E5
$GambitLord<~Scribe.141~>411 <~Scribe.142~><~Game.2040~><~Scribe.143~><~Game.1933~><~Scribe.144~> 1F07BE
$GambitLord<~Scribe.141~>000 <~Scribe.142~><~Game.1916~><~Scribe.143~><~Game.1918~><~Scribe.144~> 768329
$Alexey'a<~Scribe.141~>259 <~Scribe.142~><~Game.2001~><~Scribe.143~><~Game.2002~><~Scribe.144~> 415766
$GambitLord<~Controls.644~>099 <~Controls.645~><~Game.2035~> 56BDD1
<Alexey'a> pass FC8437
$GambitLord<~Scribe.141~>102 <~Scribe.142~><~Game.2043~><~Scribe.143~><~Game.2035~><~Scribe.144~> C78BF8
$GambitLord<~Controls.281~>102 <~Controls.282~><~Game.2035~><~Controls.283~><~Game.2043~> 8172B9
$GambitLord<~Scribe.141~>104 <~Scribe.142~><~Game.2043~><~Scribe.143~><~Game.2035~><~Scribe.144~> 8CBAC3
$GambitLord<~Controls.281~>104 <~Controls.282~><~Game.2035~><~Controls.283~><~Game.2043~> 526467
$GambitLord<~Scribe.141~>102 <~Scribe.142~><~Game.2043~><~Scribe.143~><~Game.2035~><~Scribe.144~> 0BC8FB
$GambitLord<~Scribe.141~>253 040 <~Scribe.142~><~Game.1965~><~Scribe.143~><~Game.1925~><~Scribe.144~> EB17E5
$GambitLord<~Scribe.141~>038 039 037 <~Scribe.142~><~Game.1965~><~Scribe.143~><~Game.1933~><~Scribe.144~> 909E1C
$GambitLord<~Scribe.141~>039 <~Scribe.142~><~Game.1933~><~Scribe.143~><~Game.1954~><~Scribe.144~> 437D9D
$GambitLord<~Controls.819~> BFD18B
$GambitLord<~Controls.819~> E98DFC
$GambitLord<~Controls.819~> 3F9DE2
$GambitLord<~Controls.819~> A81ACB
$GambitLord<~Scribe.141~>101 <~Scribe.142~><~Game.2043~><~Scribe.143~><~Game.2035~><~Scribe.144~> 722AD1
$Alexey'a<~Scribe.141~>358 <~Scribe.142~><~Game.2042~><~Scribe.143~><~Game.2035~><~Scribe.144~> 86D40F
$Alexey'a<~Controls.281~>358 <~Controls.282~><~Game.2035~><~Controls.283~><~Game.2042~> 928583
<GambitLord> sry 093795
<GambitLord> undid 04CBC9
$GambitLord<~Scribe.141~>255 362 <~Scribe.142~><~Game.2040~><~Scribe.143~><~Game.2037~><~Scribe.144~> AE00B9
$GambitLord<~Scribe.141~>255 <~Scribe.142~><~Game.2037~><~Scribe.143~><~Game.1956~><~Scribe.144~> D6F70A
$GambitLord<~Controls.644~>101 362 <~Controls.645~><~Game.2035~> 4B04A5
$Alexey'a<~Scribe.141~>358 <~Scribe.142~><~Game.2042~><~Scribe.143~><~Game.2035~><~Scribe.144~> BF0A37
$Alexey'a<~Scribe.141~>299 <~Scribe.142~><~Game.2038~><~Scribe.143~><~Game.1941~><~Scribe.144~> 32D786
$Alexey'a<~Controls.644~>358 <~Controls.645~><~Game.2035~> 92F366
$GambitLord<~Scribe.141~>102 <~Scribe.142~><~Game.2043~><~Scribe.143~><~Game.2035~><~Scribe.144~> 8CD1E5
$GambitLord<~Scribe.141~>255 <~Scribe.142~><~Game.1956~><~Scribe.143~><~Game.1951~><~Scribe.144~> 69C41B
$GambitLord<~Scribe.141~>255 <~Scribe.142~><~Game.1951~><~Scribe.143~><~Game.1937~><~Scribe.144~> 4BD396
$GambitLord<~Scribe.141~>255 <~Scribe.142~><~Game.1937~><~Scribe.143~><~Game.1925~><~Scribe.144~> C57FF0
$GambitLord<~Scribe.141~>253 <~Scribe.142~><~Game.1965~><~Scribe.143~><~Game.1925~><~Scribe.144~> FBF153
$GambitLord<~Scribe.141~>038 039 040 <~Scribe.142~><~Game.1965~><~Scribe.143~><~Game.1954~><~Scribe.144~> 30E147
$GambitLord<~Scribe.141~>037 <~Scribe.142~><~Game.1965~><~Scribe.143~><~Game.1933~><~Scribe.144~> 4D74AE
$GambitLord<~Controls.644~>102 <~Controls.645~><~Game.2035~> E65F51
$Alexey'a<~Scribe.141~>212 <~Scribe.142~><~Game.2042~><~Scribe.143~><~Game.2035~><~Scribe.144~> E8C9CD
$Alexey'a<~Scribe.141~>297 <~Scribe.142~><~Game.2038~><~Scribe.143~><~Game.1941~><~Scribe.144~> 0DFB31
$Alexey'a<~Scribe.141~>277 <~Scribe.142~><~Game.2038~><~Scribe.143~><~Game.1931~><~Scribe.144~> 83F4D1
$Alexey'a<~Controls.644~>212 <~Controls.645~><~Game.2035~> A8BE31
$GambitLord<~Scribe.141~>105 <~Scribe.142~><~Game.2043~><~Scribe.143~><~Game.2035~><~Scribe.144~> 991090
<GambitLord> Attack HD BE52C6
<GambitLord> from WK 763FCC
$Alexey'a<~Scribe.141~>074 073 070 069 072 071 <~Scribe.142~><~Game.1923~><~Scribe.143~><~Game.1993~><~Scribe.144~> 459770
$GambitLord<~Scribe.141~>253 255 323 324 325 326 006 332 <~Scribe.142~><~Game.1925~><~Scribe.143~><~Game.1923~><~Scribe.144~> 277BDC
$Alexey'a<~Scribe.141~>259 <~Scribe.142~><~Game.2002~><~Scribe.143~><~Game.2003~><~Scribe.144~> EB49CE
$GambitLord<~Controls.644~>105 <~Controls.645~><~Game.2035~> 0BBCD4
$Alexey'a<~Scribe.141~>211 <~Scribe.142~><~Game.2042~><~Scribe.143~><~Game.2035~><~Scribe.144~> D334E7
$Alexey'a<~Scribe.141~>296 <~Scribe.142~><~Game.2038~><~Scribe.143~><~Game.1941~><~Scribe.144~> 6C86B1
$Alexey'a<~Scribe.141~>293 <~Scribe.142~><~Game.2038~><~Scribe.143~><~Game.1929~><~Scribe.144~> 646D32
$Alexey'a<~Controls.644~>211 <~Controls.645~><~Game.2035~> 25D0D3
$GambitLord<~Scribe.141~>104 <~Scribe.142~><~Game.2043~><~Scribe.143~><~Game.2035~><~Scribe.144~> 4C935A
<GambitLord> Attack Edoras 080D1F
<GambitLord> nc D61E15
<Alexey'a> nc 8F5507
<game> GambitLord<~Controls.1~> 1 5 2 1 3 null
<game> GambitLord<~Controls.1~> 6 null
<game> Alexey'a<~Controls.1~> 6 null
<Alexey'a> 1 3F224E
$GambitLord<~Scribe.141~>018 <~Scribe.142~><~Game.1933~><~Scribe.143~><~Game.2037~><~Scribe.144~> 3BD0AF
$Alexey'a<~Scribe.141~>293 <~Scribe.142~><~Game.1929~><~Scribe.143~><~Game.2037~><~Scribe.144~> 4C4F20
$GambitLord<~Scribe.141~>037 020 019 016 017 <~Scribe.142~><~Game.1933~><~Scribe.143~><~Game.1929~><~Scribe.144~> 28805A
$GambitLord<~Scribe.141~>420 <~Scribe.142~><~Game.2040~><~Scribe.143~><~Game.1929~><~Scribe.144~> 6184F5
$GambitLord<~Scribe.141~>423 <~Scribe.142~><~Game.388~><~Scribe.143~><~Game.389~><~Scribe.144~> ED5BE9
$GambitLord<~Controls.644~>104 018 293 <~Controls.645~><~Game.2035~> 0ED514
$Alexey'a<~Scribe.141~>210 <~Scribe.142~><~Game.2042~><~Scribe.143~><~Game.2035~><~Scribe.144~> F9D27B
$Alexey'a<~Scribe.141~>242 296 297 298 299 301 302 300 304 065 <~Scribe.142~><~Game.1941~><~Scribe.143~><~Game.1957~><~Scribe.144~> 5EF59B
$Alexey'a<~Scribe.141~>275 080 079 <~Scribe.142~><~Game.1943~><~Scribe.143~><~Game.1931~><~Scribe.144~> 0C4D15
$Alexey'a<~Scribe.141~>080 <~Scribe.142~><~Game.1931~><~Scribe.143~><~Game.1943~><~Scribe.144~> 53497C
$Alexey'a<~Scribe.141~>080 <~Scribe.142~><~Game.1943~><~Scribe.143~><~Game.1931~><~Scribe.144~> FC5EE4
$Alexey'a<~Controls.644~>210 <~Controls.645~><~Game.2035~> 28BB76
$GambitLord<~Scribe.141~>103 <~Scribe.142~><~Game.2043~><~Scribe.143~><~Game.2035~><~Scribe.144~> 7FAE51
$GambitLord<~Scribe.141~>reveal 193 0F4820E3862855D9F5358F963CC88DBEF78A9ABC 22 <~Scribe.142~><~Controls.46~><~Scribe.143~><~Game.2037~><~Scribe.144~> 07B12B
<game> GambitLord<~Controls.1~> 6 6 3 null
<GambitLord> 2 3DA203
$GambitLord<~Scribe.141~>252 <~Scribe.142~><~Game.2017~><~Scribe.143~><~Game.2018~><~Scribe.144~> 088047
$GambitLord<~Scribe.141~>252 <~Scribe.142~><~Game.2018~><~Scribe.143~><~Game.2019~><~Scribe.144~> 33ED34
$GambitLord<~Controls.644~>103 193 <~Controls.645~><~Game.2035~> 061D25
$Alexey'a<~Scribe.141~>213 <~Scribe.142~><~Game.2042~><~Scribe.143~><~Game.2035~><~Scribe.144~> 2756D4
<Alexey'a> dale E80EF7
<Alexey'a> nc 2AD66C
<GambitLord> nc 279737
<game> Alexey'a<~Controls.1~> 3 1 2 4 4 null
<game> Alexey'a<~Controls.1~> 6 5 2 2 null
<Alexey'a> 1 3ADD37
<game> GambitLord<~Controls.1~> 3 2 null
<GambitLord> 0 9FCEAA
<Alexey'a> press E22B02
<GambitLord> retreat 5616CD
$GambitLord<~Scribe.141~>026 <~Scribe.142~><~Game.1970~><~Scribe.143~><~Game.2037~><~Scribe.144~> F2796F
$GambitLord<~Scribe.141~>021 <~Scribe.142~><~Game.1970~><~Scribe.143~><~Game.1962~><~Scribe.144~> 31A9C8
$Alexey'a<~Scribe.141~>242 296 297 298 299 301 302 300 304 065 <~Scribe.142~><~Game.1957~><~Scribe.143~><~Game.1970~><~Scribe.144~> 2BE823
$Alexey'a<~Controls.281~>413 <~Controls.282~><~Game.1970~><~Controls.283~><~Game.2040~> 871341
$Alexey'a<~Controls.644~>213 026 <~Controls.645~><~Game.2035~> D2C6A9
$GambitLord<~Scribe.141~>100 <~Scribe.142~><~Game.2043~><~Scribe.143~><~Game.2035~><~Scribe.144~> AC7B06
$GambitLord<~Scribe.141~>423 <~Scribe.142~><~Game.389~><~Scribe.143~><~Game.388~><~Scribe.144~> 3D7C63
<GambitLord> Attack HD E0309F
$GambitLord<~Controls.840~>183 21FF94
<auto> playchosen 9A0C85
<auto><~Controls.866~>reveal 183 1EF694DA9E99735E297988FB4DEF1522B2C922FA 21<~Controls.867~><~Controls.46~><~Controls.868~><~Game.2036~> F5E262
<game> GambitLord<~Controls.1~> 2 3 3 5 6 null
<game> GambitLord<~Controls.1~> 6 2 3 4 null
<GambitLord> 2 EAEEFB
<game> Alexey'a<~Controls.1~> 2 3 5 1 1 null
<game> Alexey'a<~Controls.1~> 6 null
<Alexey'a> 2 B4795B
$GambitLord<~Scribe.141~>326 <~Scribe.142~><~Game.1923~><~Scribe.143~><~Game.2036~><~Scribe.144~> C528D4
$Alexey'a<~Scribe.141~>073 <~Scribe.142~><~Game.1993~><~Scribe.143~><~Game.2037~><~Scribe.144~> 950D7D
<GambitLord> post 9D2B4B
<game> GambitLord<~Controls.1~> 4 2 5 4 null
<GambitLord> 1 290C17
$Alexey'a<~Scribe.141~>069 <~Scribe.142~><~Game.1993~><~Scribe.143~><~Game.2037~><~Scribe.144~> 9C82E6
<GambitLord> press/draw 1D8CA6
$GambitLord<~Controls.662~>183 326 073 069 <~Controls.663~><~Game.2035~> 7F88D1
$GambitLord<~Controls.509~>184<~Controls.510~><~Game.2007~><~Controls.511~><~Controls.46~> null
$GambitLord<~Controls.304~>323 <~Controls.305~><~Game.1923~> C924A6
$GambitLord<~Controls.313~>002 <~Controls.307~><~Controls.314~><~Game.1923~> 12DAE0
$GambitLord<~Controls.840~>184 8BD6C6
<auto> playchosen DEC375
<auto><~Controls.866~>reveal 184 3D6CCF406134C495740B45D0DA8834DD333940F9 0<~Controls.867~><~Controls.46~><~Controls.868~><~Game.2036~> E5A8C5
<game> GambitLord<~Controls.1~> 6 4 2 6 4 null
<game> GambitLord<~Controls.1~> 6 4 1 null
<GambitLord> 3 4AB9FD
<game> Alexey'a<~Controls.1~> 2 2 6 null
<game> Alexey'a<~Controls.1~> 5 null
<Alexey'a> 2 0184EC
$GambitLord<~Controls.304~>006 <~Controls.305~><~Game.1923~> 4F0161
$GambitLord<~Controls.313~>003 <~Controls.307~><~Controls.314~><~Game.1923~> 02E287
$GambitLord<~Controls.304~>325 <~Controls.305~><~Game.1923~> BF180B
$GambitLord<~Controls.313~>004 <~Controls.307~><~Controls.314~><~Game.1923~> 087FC6
$Alexey'a<~Scribe.141~>074 070 072 071 <~Scribe.142~><~Game.1993~><~Scribe.143~><~Game.2037~><~Scribe.144~> A18FEE
$GambitLord<~Scribe.141~>423 <~Scribe.142~><~Game.388~><~Scribe.143~><~Game.389~><~Scribe.144~> 6A0FC2
$GambitLord<~Scribe.141~>423 <~Scribe.142~><~Game.389~><~Scribe.143~><~Game.391~><~Scribe.144~> 2C48AB
$GambitLord<~Scribe.141~>414 <~Scribe.142~><~Game.2040~><~Scribe.143~><~Game.1923~><~Scribe.144~> 114CCF
$GambitLord<~Controls.644~>100 184 074 070 072 071 <~Controls.645~><~Game.2035~> DB893C
$Alexey'a<~Controls.726~>359 <~Controls.727~><~Game.1997~><~Controls.728~><~Game.2042~> 23D25A
$Alexey'a<~Controls.731~>213 210 211 212 358 <~Controls.732~><~Game.2039~><~Controls.733~><~Game.2042~> FE47FB
$GambitLord<~Controls.757~>361 <~Controls.758~><~Game.1997~><~Controls.759~><~Game.2043~> 07894C
<~Game.7~>9 null
$GambitLord<~Controls.762~>100 103 104 105 102 101 362 099 360 <~Controls.763~><~Game.2041~><~Controls.764~><~Game.2043~> 0008CC
$Alexey'a<~Controls.509~>128<~Controls.510~><~Game.2004~><~Controls.511~><~Controls.45~> null
$Alexey'a<~Controls.509~>146<~Controls.510~><~Game.2005~><~Controls.511~><~Controls.45~> null
$GambitLord<~Controls.509~>208<~Controls.510~><~Game.2006~><~Controls.511~><~Controls.46~> null
$GambitLord<~Controls.509~>175<~Controls.510~><~Game.2007~><~Controls.511~><~Controls.46~> null
$Alexey'a<~Controls.281~>125 <~Controls.282~><~Controls.45~><~Controls.283~><~Game.2039~> 481367
$Alexey'a<~Controls.281~>135 <~Controls.282~><~Controls.45~><~Controls.283~><~Game.2039~> F8D859
<Alexey'a> fok 23F972
$GambitLord<~Scribe.141~>361 <~Scribe.142~><~Game.2043~><~Scribe.143~><~Game.1997~><~Scribe.144~> F043B1
$GambitLord<~Controls.345~>100 103 104 105 102 101 362 099 360 <~Controls.346~>15 10 11 13 12 15 13 11 13 null
$GambitLord<~Controls.350~>100 103 104 105 102 101 362 099 360 null
$Alexey'a<~Controls.345~>213 210 211 212 358 359 <~Controls.346~>1 2 0 4 0 4 null
$Alexey'a<~Scribe.141~>358 <~Scribe.142~><~Game.2042~><~Scribe.143~><~Game.2035~><~Scribe.144~> DC7D9B
$Alexey'a<~Controls.790~>247<~Controls.791~><~Game.525~><~Controls.792~><~Game.528~> 6C9695
$Alexey'a<~Controls.795~>358<~Controls.796~><~Game.2035~><~Controls.797~><~Game.1997~> FF1B23
$GambitLord<~Controls.624~>238<~Controls.625~><~Game.2044~><~Controls.626~><~Game.2037~> null
$Alexey'a<~Scribe.141~>244 <~Scribe.142~><~Game.1999~><~Scribe.143~><~Game.2036~><~Scribe.144~> EF56F8
$Alexey'a<~Scribe.141~>246 <~Scribe.142~><~Game.1998~><~Scribe.143~><~Game.2037~><~Scribe.144~> F39A66
$Alexey'a<~Scribe.141~>364 <~Scribe.142~><~Game.2038~><~Scribe.143~><~Game.1999~><~Scribe.144~> 7E3FDE
$Alexey'a<~Scribe.141~>364 <~Scribe.142~><~Game.1999~><~Scribe.143~><~Game.525~><~Scribe.144~> C64DBD
$Alexey'a<~Controls.644~>244 238 246 <~Controls.645~><~Game.2035~> A636A9
$Alexey'a<~Scribe.141~>364 <~Scribe.142~><~Game.525~><~Scribe.143~><~Game.1999~><~Scribe.144~> 1EA745
$GambitLord<~Scribe.141~>238 <~Scribe.142~><~Game.2037~><~Scribe.143~><~Game.1977~><~Scribe.144~> F8240A
$Alexey'a<~Scribe.141~>247 <~Scribe.142~><~Game.528~><~Scribe.143~><~Game.525~><~Scribe.144~> DB6521
$GambitLord<~Scribe.141~>247 <~Scribe.142~><~Game.528~><~Scribe.143~><~Game.525~><~Scribe.144~> 5CA045
<GambitLord> hmm 4DACD9
<GambitLord> another lucky draw for me 34DDA1
<Alexey'a> 1 gone, 3 keft C451BA
<Alexey'a> dont worry, you will draw another :) 29C142
<GambitLord> =) 30CAFF
$GambitLord<~Scribe.141~>103 <~Scribe.142~><~Game.2043~><~Scribe.143~><~Game.2035~><~Scribe.144~> C7E62C
$GambitLord<~Scribe.141~>reveal 175 56CA04DB4A922CF7581A3D123E71844CE2668E5B 8 <~Scribe.142~><~Controls.46~><~Scribe.143~><~Game.2037~><~Scribe.144~> E31D49
$GambitLord<~Scribe.141~>321 336 036 <~Scribe.142~><~Game.2040~><~Scribe.143~><~Game.1917~><~Scribe.144~> EA2789
$GambitLord<~Controls.644~>103 175 <~Controls.645~><~Game.2035~> C6217F
<Alexey'a> pass 5E1046
$GambitLord<~Scribe.141~>104 <~Scribe.142~><~Game.2043~><~Scribe.143~><~Game.2035~><~Scribe.144~> C4BEC9
$GambitLord<~Scribe.141~>333 <~Scribe.142~><~Game.2040~><~Scribe.143~><~Game.1917~><~Scribe.144~> 4577AC
$GambitLord<~Controls.644~>104 <~Controls.645~><~Game.2035~> CCFF55
$Alexey'a<~Scribe.141~>210 <~Scribe.142~><~Game.2042~><~Scribe.143~><~Game.2035~><~Scribe.144~> DD424E
$Alexey'a<~Scribe.141~>reveal 109 93CC1DEB949DC4DB161CAFC75381F8C613226851 2 <~Scribe.142~><~Controls.45~><~Scribe.143~><~Game.2036~><~Scribe.144~> 820890
$Alexey'a<~Scribe.141~>252 <~Scribe.142~><~Game.2019~><~Scribe.143~><~Game.2018~><~Scribe.144~> 59F846
$Alexey'a<~Scribe.141~>247 <~Scribe.142~><~Game.525~><~Scribe.143~><~Game.528~><~Scribe.144~> 77D702
$GambitLord<~Controls.624~>219<~Controls.625~><~Game.2044~><~Controls.626~><~Game.2037~> null
<GambitLord> 4R 79C48A
$Alexey'a<~Scribe.141~>252 <~Scribe.142~><~Game.2018~><~Scribe.143~><~Game.2022~><~Scribe.144~> 95CEBD
$Alexey'a<~Scribe.141~>219 <~Scribe.142~><~Game.2037~><~Scribe.143~><~Game.525~><~Scribe.144~> AF34A8
$Alexey'a<~Controls.323~>247 214263
$Alexey'a<~Controls.644~>210 109 <~Controls.645~><~Game.2035~> DBDE73
$GambitLord<~Scribe.141~>102 <~Scribe.142~><~Game.2043~><~Scribe.143~><~Game.2035~><~Scribe.144~> 75A566
$GambitLord<~Scribe.141~>321 333 336 036 001 008 007 <~Scribe.142~><~Game.1917~><~Scribe.143~><~Game.1912~><~Scribe.144~> B44A3D
$GambitLord<~Scribe.141~>034 033 032 031 <~Scribe.142~><~Game.1969~><~Scribe.143~><~Game.1964~><~Scribe.144~> A1520A
$GambitLord<~Controls.644~>102 <~Controls.645~><~Game.2035~> 9C4D7F
$Alexey'a<~Scribe.141~>213 <~Scribe.142~><~Game.2042~><~Scribe.143~><~Game.2035~><~Scribe.144~> BC33D0
$Alexey'a<~Controls.323~>247 05D14E
$Alexey'a<~Controls.644~>213 <~Controls.645~><~Game.2035~> 624FD8
$GambitLord<~Scribe.141~>321 333 336 036 001 008 007 <~Scribe.142~><~Game.1912~><~Scribe.143~><~Game.1906~><~Scribe.144~> E49749
$GambitLord<~Scribe.141~>253 255 324 002 004 003 332 <~Scribe.142~><~Game.1923~><~Scribe.143~><~Game.1925~><~Scribe.144~> B25447
$GambitLord<~Controls.644~><~Controls.645~><~Game.2035~> B13FB1
<Alexey'a> done? F1E8FD
<GambitLord> I didn't place the die? 1A9BB3
$GambitLord<~Scribe.141~>099 <~Scribe.142~><~Game.2043~><~Scribe.143~><~Game.2035~><~Scribe.144~> B5D17C
$GambitLord<~Controls.644~>099 <~Controls.645~><~Game.2035~> 4EAD7C
<GambitLord> now done 279545
$Alexey'a<~Scribe.141~>212 <~Scribe.142~><~Game.2042~><~Scribe.143~><~Game.2035~><~Scribe.144~> 6FFE21
$Alexey'a<~CardBuffet.9~>reveal 120 E6B14DB98126A9BB8BF050D41AA576754EE9F796 10<~CardBuffet.10~><~Controls.45~><~CardBuffet.11~> 60D7CE
$Alexey'a<~Scribe.141~>305 303 <~Scribe.142~><~Game.2038~><~Scribe.143~><~Game.1970~><~Scribe.144~> 55B43A
$Alexey'a<~Controls.509~>130<~Controls.510~><~Game.2005~><~Controls.511~><~Controls.45~> null
$Alexey'a<~Controls.644~>212 120 <~Controls.645~><~Game.2035~> C9A925
$GambitLord<~Scribe.141~>362 <~Scribe.142~><~Game.2043~><~Scribe.143~><~Game.2035~><~Scribe.144~> 0EEC1D
$GambitLord<~Scribe.141~>321 333 336 036 001 008 007 <~Scribe.142~><~Game.1906~><~Scribe.143~><~Game.1897~><~Scribe.144~> 5DD8DE
$GambitLord<~Controls.644~>362 <~Controls.645~><~Game.2035~> 880CA6
$Alexey'a<~Scribe.141~>359 <~Scribe.142~><~Game.2042~><~Scribe.143~><~Game.2035~><~Scribe.144~> 10098D
<Alexey'a> erebor F93B3F
$GambitLord<~Scribe.141~>356 <~Scribe.142~><~Game.1965~><~Scribe.143~><~Game.2036~><~Scribe.144~> 906C7D
$GambitLord<~Scribe.141~>035 054 053 353 357 <~Scribe.142~><~Game.1965~><~Scribe.143~><~Game.1988~><~Scribe.144~> 4624FA
$Alexey'a<~Scribe.141~>242 296 297 298 299 301 302 300 305 303 304 065 <~Scribe.142~><~Game.1970~><~Scribe.143~><~Game.1965~><~Scribe.144~> 05F51E
$Alexey'a<~Controls.644~>359 356 <~Controls.645~><~Game.2035~> 0D10A9
$GambitLord<~Scribe.141~>105 <~Scribe.142~><~Game.2043~><~Scribe.143~><~Game.2035~><~Scribe.144~> C14E02
$GambitLord<~Scribe.141~>253 <~Scribe.142~><~Game.1925~><~Scribe.143~><~Game.1897~><~Scribe.144~> 828A69
$GambitLord<~Scribe.141~>321 <~Scribe.142~><~Game.1897~><~Scribe.143~><~Game.1988~><~Scribe.144~> DA4100
$GambitLord<~Scribe.141~>040 039 038 <~Scribe.142~><~Game.1954~><~Scribe.143~><~Game.1988~><~Scribe.144~> 806BD1
$GambitLord<~Scribe.141~>037 <~Scribe.142~><~Game.1929~><~Scribe.143~><~Game.1988~><~Scribe.144~> 4E2DBB
$GambitLord<~Scribe.141~>321 <~Scribe.142~><~Game.1988~><~Scribe.143~><~Game.1954~><~Scribe.144~> 28AA06
$GambitLord<~Scribe.141~>321 <~Scribe.142~><~Game.1954~><~Scribe.143~><~Game.1962~><~Scribe.144~> 0F40F4
$GambitLord<~Scribe.141~>321 <~Scribe.142~><~Game.1962~><~Scribe.143~><~Game.1954~><~Scribe.144~> 7B9163
<GambitLord> hmm C32DA3
$GambitLord<~Scribe.141~>253 <~Scribe.142~><~Game.1897~><~Scribe.143~><~Game.1988~><~Scribe.144~> E2E451
$GambitLord<~Scribe.141~>037 <~Scribe.142~><~Game.1988~><~Scribe.143~><~Game.1897~><~Scribe.144~> E37D7F
$GambitLord<~Scribe.141~>037 <~Scribe.142~><~Game.1897~><~Scribe.143~><~Game.1957~><~Scribe.144~> F739B4
$GambitLord<~Scribe.141~>253 <~Scribe.142~><~Game.1988~><~Scribe.143~><~Game.1897~><~Scribe.144~> 92EBB8
$GambitLord<~Scribe.141~>037 <~Scribe.142~><~Game.1957~><~Scribe.143~><~Game.1988~><~Scribe.144~> 4DEC54
$GambitLord<~Scribe.141~>321 <~Scribe.142~><~Game.1954~><~Scribe.143~><~Game.1988~><~Scribe.144~> CC0124
$GambitLord<~Controls.644~>105 <~Controls.645~><~Game.2035~> 9A9994
$Alexey'a<~Scribe.141~>211 <~Scribe.142~><~Game.2042~><~Scribe.143~><~Game.2035~><~Scribe.144~> AED77C
<Alexey'a> erebor 90BEE2
$Alexey'a<~Controls.840~>156 10084B
<GambitLord> yup 67F322
<GambitLord> good luck E12830
<Alexey'a> thanks 1CDDE4
$GambitLord<~Controls.840~>208 FCAB3F
<auto> playchosen AC4FC0
<auto><~Controls.888~>reveal 208 A942911DF996E03A604FBB6316798CB760EFD5D7 5<~Controls.889~><~Controls.46~><~Controls.890~><~Game.2036~> 959BB2
<auto><~Controls.861~>reveal 156 263A38D01DFFA041B4EC1A0D81E372FC1913E057 20<~Controls.862~><~Controls.45~><~Controls.863~><~Game.2037~> 7FC78A
<auto> playchosen 712137
<game> Alexey'a<~Controls.1~> 1 1 4 2 null
<game> Alexey'a<~Controls.1~> 4 2 2 5 5 null
<game> Alexey'a<~Controls.1~> 4 2 5 5 null
<Alexey'a> 0 6DF997
<game> GambitLord<~Controls.1~> 3 4 6 1 6 null
<game> GambitLord<~Controls.1~> 2 4 3 null
<GambitLord> 2 0A8A57
$Alexey'a<~Scribe.141~>065 304 <~Scribe.142~><~Game.1965~><~Scribe.143~><~Game.2036~><~Scribe.144~> B3B2DD
<Alexey'a> press 765B11
$Alexey'a<~Controls.304~>299 <~Controls.305~><~Game.1965~> 4F8BE2
$Alexey'a<~Controls.313~>066 <~Controls.308~><~Controls.314~><~Game.1965~> 9E1AB8
$Alexey'a<~Controls.662~>208 065 304 156 <~Controls.663~><~Game.2035~> 463207
$Alexey'a<~Controls.840~>134 615B18
<GambitLord> nc E2D3EB
<auto> playchosen 15E958
<auto><~Controls.861~>reveal 134 ADDF4AE2F5BF340E620183F80F28454EA000C3E4 9<~Controls.862~><~Controls.45~><~Controls.863~><~Game.2037~> BBD4E6
<game> Alexey'a<~Controls.1~> 1 5 5 2 null
<game> Alexey'a<~Controls.1~> 5 2 2 5 2 null
<game> Alexey'a<~Controls.1~> 2 1 5 1 null
<Alexey'a> 0 D94CC6
<game> GambitLord<~Controls.1~> 6 4 5 2 5 null
<game> GambitLord<~Controls.1~> 2 3 null
<GambitLord> 3 062608
$Alexey'a<~Scribe.141~>303 305 <~Scribe.142~><~Game.1965~><~Scribe.143~><~Game.2036~><~Scribe.144~> 5E9229
<GambitLord> unlucky for you 23F711
$Alexey'a<~Controls.304~>301 <~Controls.305~><~Game.1965~> C37E1A
$Alexey'a<~Controls.313~>065 <~Controls.308~><~Controls.314~><~Game.1965~> EE5132
$Alexey'a<~Controls.662~>303 305 134 <~Controls.663~><~Game.2035~> 016010
<Alexey'a> press E71909
$Alexey'a<~Controls.304~>300 <~Controls.305~><~Game.1965~> 6B56A2
$Alexey'a<~Controls.313~>303 <~Controls.308~><~Controls.314~><~Game.1965~> 2E08E8
$Alexey'a<~Controls.840~>146 E949DC
<GambitLord> nc 88E404
<auto><~Controls.861~>reveal 146 149F605D37EED5986263D8218D49BBAB2098DD16 23<~Controls.862~><~Controls.45~><~Controls.863~><~Game.2037~> CF5DA5
<game> Alexey'a<~Controls.1~> 2 1 3 5 3 null
<game> Alexey'a<~Controls.1~> 3 2 6 4 null
<Alexey'a> skill issue DC8C98
<Alexey'a> gl 6CF6FD
<~Talker.22~> null
