<auto> silent null
<auto><~Scribe.141~>363 397 398 402 401 400 399 403 404 376 375 374 373 377 378 <~Scribe.142~><~Game.2038~><~Scribe.143~>Spare<~Scribe.144~> null
<auto><~Scribe.141~>365 366 379 380 381 382 383 384 385 386 387 388 389 390 391 392 393 394 395 396 367 368 369 370 371 372 <~Scribe.142~><~Game.2040~><~Scribe.143~>Spare<~Scribe.144~> null
<auto><~Scribe.141~>155 152 <~Scribe.142~><~Game.2004~><~Scribe.143~>Spare<~Scribe.144~> null
<auto><~Scribe.141~>137 151 <~Scribe.142~><~Game.2005~><~Scribe.143~>Spare<~Scribe.144~> null
<auto><~Scribe.141~>161 198 <~Scribe.142~><~Game.2006~><~Scribe.143~>Spare<~Scribe.144~> null
<auto><~Scribe.141~>163 188 <~Scribe.142~><~Game.2007~><~Scribe.143~>Spare<~Scribe.144~> null
<auto> noisy null
<~Game.7~>1 null
<auto> silent null
<auto><~Scribe.141~>363 397 398 402 401 400 399 403 404 376 375 374 373 377 378 <~Scribe.142~><~Game.2038~><~Scribe.143~>Spare<~Scribe.144~> null
<auto><~Scribe.141~>365 366 379 380 381 382 383 384 385 386 387 388 389 390 391 392 393 394 395 396 367 368 369 370 371 372 <~Scribe.142~><~Game.2040~><~Scribe.143~>Spare<~Scribe.144~> null
<auto><~Scribe.141~>155 152 <~Scribe.142~><~Game.2004~><~Scribe.143~>Spare<~Scribe.144~> null
<auto><~Scribe.141~>137 151 <~Scribe.142~><~Game.2005~><~Scribe.143~>Spare<~Scribe.144~> null
<auto><~Scribe.141~>161 198 <~Scribe.142~><~Game.2006~><~Scribe.143~>Spare<~Scribe.144~> null
<auto><~Scribe.141~>163 188 <~Scribe.142~><~Game.2007~><~Scribe.143~>Spare<~Scribe.144~> null
<auto> noisy null
$base silent null
$TEST<~Scribe.141~>312 <~Scribe.142~><~Game.2038~><~Scribe.143~><~Game.1965~><~Scribe.144~> null
$TEST<~Scribe.141~>240 <~Scribe.142~><~Game.1999~><~Scribe.143~><~Game.1998~><~Scribe.144~> null
$base noisy null
$base silent null
<auto><~Controls.281~>363 <~Controls.282~>Spare<~Controls.283~><~Game.2038~> null
<auto><~Controls.281~>366 <~Controls.282~>Spare<~Controls.283~><~Game.2040~> null
<auto><~Controls.281~>365 <~Controls.282~>Spare<~Controls.283~><~Game.2040~> null
$base noisy null
<game> bhilly<~Controls.408~>[WOTR-Gandalf2 wotr expansion2[L]] null
<~Talker.31~> null
<Jaymanen> hi 
<bhilly> hello 
<Jaymanen> 0 tokens highest roll choose side? 
<bhilly> sure 
<Jaymanen> or any other prefs? 
<Jaymanen> ok 
<game> bhilly<~Controls.1~> 4 null
<game> Jaymanen<~Controls.1~> 2 null
<bhilly> illlllllllllllll 
<bhilly> be the hobbits 
$bhilly<~Controls.464~>C1BA2A84006665B4CD321B827CC5AD957749E9E9 1D531AC6CE0486EDF3297A0F18C15BF4 28 32E42A4C873C00FC81363DB5B7D2190352EF5963 3DA8083D1087665E25E0A153FC4D6286 C48C06B52AD9F0ABB4B5D5D1B38502C229979714 8CC2D28E5678AD372C5CE024FAC32F8C B92FE1BC8CD0900D912FE24E542FB264588FBEA3 D3237F1E0DF8A0CCDA45CC1F7ECD5C29 77EE332EBA1EF1BB23FB0D73261DC2910630C003 47599C6587AA4E6E43055303A976C001 8C49E5D274BA33115542508EE719C93D07D37F07 C561A804EB5B238CA25CA09E678B7F2F 5A6DDF11F1342495CCC87EFABF34DD2D94F8D24F 5FB491686C5E65917C3CCBFEBF426BC5 C5B5137B0322E897592D85C517613901791E7C66 16AB6324BD173A60053639CC6DCB4E17 82D10D67848282B8631F3FE6888D7DD538D04224 E9550857C47172C8C32FDC8AAD8DB043 0A52FE7D1CE309B3AD55CCCDCC8F75520321ED6B 0EFA257B8D22E1537140840C593685ED B2BE5F4C5C7A4C19B1A385C4D97A1A28915A08FF 7FC1BEE281FFB8A625D4B90336DF9F35 FE5602015ED3BA85797B26133F1B6EDCF59F3F07 B75E9DB5D7CFA05FB47F32D68AE88BE4 1DA2E2C935858832C4A94BC06C361F14719346EB BDA8016949520D6C552635C2F157323B E93A9815DA398A8141621E5D57F54F17969651E6 6173AC6C0B6A49B18455683870D07504 CC1DE560EB10B508E733BC0D32C3291B96F607E2 C5279AD5F8A69F7428FBCF2DCA770D91 BECA031F44A1D8F65E6CDF65054FC7B8F67236F1 1EE1AF850E9D9744F7D96DBE125D9822 973323DEE11275BFE72F9BD1786E0E23CD5B0A01 BC1197191CBF6C2D19604A02813468A8 75CE5C85D8EA12094D8CCF279D8D76522B0B8303 47F43F6FB9B00B930BC4E19A897C1B59 79E56BAB657EF1C1C2A8E4385944B94CED404D44 4A4D431078433E2EC68B4B8829600CC5 6E1E9656183E361E2A8A9DEDFD2E2CCF7EC9F9A9 F540E02759937DE01FE230F282EA1A28 D9BEED5719CD4470F8F8D8C2F99058C667367813 1E41DBE481F6648D705E0813AB5FAE8A 0A4726487A2F7291746768FB73C47EFE7227530E 89574F782DB4371178225492C0CE3243 90CD9A266286F11EDB30E308D955010AC5948E6C 6850D30BE4B6961C7F7209AF41311590 8DD36FADE9FA334C2D00B4B5586E0D8D1D4C76C1 2489688FECADA205BE2B176498AB91CF 3C8C57BB0284702F70C63F9C593D7C442D76201C 5D67C1AAFE519A01FCBC7290FBC2CCA3 968969E164B8FFD6374EBBFC0F75C4B091FCCE25 2FBCC9393CC1CB2E7C856968749CE97F DC187BE612A982438C57DAE3326599EA1F747A65 B7973BDA6226AB0816BE6E793D995C6B 48ED0085E7B70D4F8B6D6756F3A8ADB65B42DCF8 D550AF433C1F506EA3507C2251E4DA8C DA30421A235C28B0859820553C58D4363F5DBFA3 32C53D855796BE219E419F033FC53C6B 26 564B1669CAC3874FC37F42833D006A874B93BD88 8415B82FFB03775B0790AEE540CCB101 C9341504BD369DF3F8CEF086E74D12428DAFAD6D 1062E8C9584A15B58AAFB5718C2B0353 7F938790CE6D4A78239757D0624A340DD0715C22 704B8351FEA084B6E0008A9CE8D19136 FD69AF6D9C2148D9463B5556C27DED68FF945C49 963BAAA79243C2DE75EC9470831A839E 20C077D992F0284C9B85EC59ACA4ACD51E08F5FA 10BB5A87BED78F2A4B8352440226689A 4B337E8D248066A7CFDD8491D5323A2DCEA46286 8D56277769BE112C1DCA9EF9D930D939 528C26D0AC5363CFF76A72550F2B4CDCCCA0BF9B 9FD85A4228C4647DC712EA86DC7A3F20 FAD1D73C34FC44368FF375821F904AD925A4EA65 C2DB6E20F3E4F928E5070F5A15949DDB FE9EB5A3085898B3209E4BBCAF5CFBC52D4AF76F 9CF8CA481B173EF4B94E0B93D722CFBC 5183A48B1255FEB7B73468AD79F7D1BF458D73F5 861452447B51FFE651E3853D1377B635 9C158163B251175AE8174FA4CD1F1A50158DA0CC 4A9497A2ED405F03E8921C91E97E5F62 1A666C1955A67B6F56D24952597A7D283C2CE4FC 2E77EE95FF6037AA8C38247C82F084F2 9A567FD9D388296B8B0047D72D52680C94C73257 319E206CE76BD95501A01DD91CBD5DD2 8F9101FDAA49BE045AD601BAED5866874A6728F3 94C3BC71B3555214E532DB56662166B1 A84130E267DD6740E3C1513AD86D89682512CCB5 9BE6CDDFC44605DA14D4715C0DE7386D DB6257D0DEEF07ABB451008F925F51075CE4E5B4 942FB7577C49D7784D8DD1BE96ABC2DA C709F240EAE99D9081C13E597A42C2AD8A2DF3F6 18901BC3369F7BC615F3888C6E4062E2 51EA7D66EE45B91C9836282FC45E40CF139AAFA1 90A3684E76F0FB80DB62003F3F782631 0410161E16BA4CB7167A746363EA9C15D81B01AC FA93108861CC967A5C7FA86584F58A43 30126A7F7EBA026B29698555490FF4BDEE69AB65 ED06F75C6F2BC2E8488F69215FCE1A7A 833B9B7A30F8326C0F04AB3B6C9C706AC908272C DA5651E05EE9C6B425A2572BA9197987 6911DD9B7394378D39B7577CB5AA49DC443C36FB 949C7A3A696A45EA749F89734BB9BC76 C91FCC7A29711E992973D1939F6F485A09F88468 114D4033BADF42D811A42FD2CBF50DFA F88AA330ED9DAB12D76E5F212B1D836D24259CF2 726F34091CDF61DFDF51E79F29BF49A9 C5282EF4B2D15B880129D95E51176056F73A9F59 40AFDE64F441E0E2A3F51209ECA65770 04D35F254808694B9331C8A45912A7F3A8E2CEF8 F8CE7574717F1FBD30A7E26C77E71C12 0 0 355B84
<auto> nowait E200DC
$bhilly names 240 Gandalf2 5B4B78
$bhilly names 244 Boromir1 F851C7
$bhilly names 241 Strider1 F62FE0
$bhilly names 242 Legolas1 14F6A9
$bhilly names 245 Merry2 6F7AC7
$bhilly names 243 Gimli2 A66B00
$bhilly names 246 Pippin2 4160D7
$bhilly<~Controls.509~>128<~Controls.510~><~Game.2004~><~Controls.511~><~Controls.45~> null
$bhilly<~Controls.509~>143<~Controls.510~><~Game.2005~><~Controls.511~><~Controls.45~> null
$bhilly<~Scribe.141~>240 <~Scribe.142~><~Game.1998~><~Scribe.143~><~Game.1999~><~Scribe.144~> 3B0A25
$bhilly<~Controls.281~>428 <~Controls.282~><~Game.2038~><~Controls.283~><~Game.2042~> 149939
$Jaymanen<~Controls.479~>F765D2F0A531F392A3111C083C164EFB5AD2B127 9572F1F0B8D1889C84EF353C39795866 28 57C82B083EB30EE91BDBD011F2DE6BE35143049A FE171F970A0AD6B10118896A9ADB1956 5A1EAF1B61FA2BC0C4671B551B8FBB9E2EABB9AA 98E096E4D3337CF5AD27465ED5A2226F 20BF6C3E9F456720FD734096B0C141E7BA36FBF9 EEAEBDF17FB3FBB55307294B54B92B25 ECCB9303B824230AB2AFC8038B906BD4199055E9 5163DB3A894BE419BB5F89614036A022 D9EB059E10D4D4DB09FBB0BD1FA7501A4CE5BB1F DB8BF1B130A6115650F3C85359E05218 DE22E4FD7ED22E2660870CE4C95759C46924AE63 B090FEB56B46BA15036E1BCA098A88EC FBAEE87FD00D009F4DE3AFF2EDB5D07A2950B110 87E090A31914C8C46ECF20F0B59A43D2 B2328DD01537F1344DFF7286AAFAD985D4391C92 68E1C10E7CF7B0A03BD3B9235659AE83 B9E7BF8D74E96DDB1E27CE51DAFCB61111AF661E B7A9E839E83779DCC6FB0FD148CC4632 AD36B693B5439B8063731C7CE8F0536556F71443 70C5D0F2B791F0D80023411B614248C6 03D9CF4FAF667808B79279CDDAF8C732C2E14247 B38B411A7F37D6BD97B5B89D45D9FB19 D94DA09F34D2121933FE942F6C6EC45667545755 83C866EB86329F6253FC3E46F9945AEE B5C8C0EA4D83F49F57583004FC82219DBFEB8FB5 CABE73DA76D65DE1C3176995B5DC002A 07A31AC7385904D43A8AFA7A2495267148C36614 A0C6E50F4C3C00CB18929AF0FD701C63 E741F8F248D694D3DDDFD0030B6F8CDA5CA50F9B CC0B5C2096F8065D50AB73B8F22EFBED 70FE8DFA275DDD4135CC36FC6012FCDC70FDCD71 8A304E6CDD80345D96C39586E534726D 2C6E8F7E5264C82F65D5F1EF5DEADD487F945FD8 8ED843575FF4C822E88759F02C3CBAC5 C68B7A7A007855C3EB90CD39FAD39BD5DD81BE4D 4860CB4F013CE58DFAC4A8F7393CD7FE 3D6A32A0EEFC8DA89E486782ECFF59EFCEEA1700 6A448E0083B5EB275904E899E7AA6E16 3DEA2AE4ACB88501191E47479CB4E4554030D4C0 A6FDC54BF5DD63C2D357FABC17EE508B E8B5ED05C914A1D2A588B1641F65CA4F3F69E8EC BC543C3D69AF49B816F72BC67BD22FF4 E7CC94CE48428A281644577C88E05A6F359AF7A2 B3722E88E9A5087F97937604B11B45B0 F052678936634443F2C30D312D3D67B768915DDD 66311A8EAB9FEDB3B5865C8193814981 BAE425102FC1496FE24DBCDFD76C8EB151D36B47 4170F135820CDAF71D3EC6DFCDAE4D03 FEE7D57805957D7E6400120F7E8D3CC69B9BA7E5 4C71A7F09820B6186F8A1F71AF140CB6 002CA3475E3B836BD192E481063AD22253B4D6D2 6982C8545AFEC69521B4A83C43A863ED 1216FD577B64B0F980281F65618BE56DA69E9D98 D9760C6FB20BE904A47AC925A2DC1821 6BBD953B8E08DAA266F1E290F45DD425D5E63B47 04B5D8B57BE6FD41C46172DA836EFBE7 26 6411858ABE0E46C80D82DA011DE850E9D46B87CD 79DCAEF131ACE05254F17A8C14D56475 3A49CA0B1ECE2C998C1D8498558C5C56539AF6D2 3248D120E8882A3009CBB1660C6CECCA 876994203498E1E6AEA9CC6D9AEFB5B29E4A912D 1DF136A17FC13C09A6BA3D0A01AB6B68 0C3168B8ACFA6658BBC5A4D57DBCB5916E134733 D7747CC515ADA46F59243D69F6FD3D1B 6792C52C4EEB4484BA0E6DD2D715968419D1647B BA441870BA51411E657583EA37134D78 40968EB2CC7BE2B8F17ED1A083EC99C4C3313238 1941F4AF6998D9C2007B2AAE69B23374 39C142E3626FDB83361F440DA7D627D7641A2500 C944EF72364C4D787DC3A7F5DC70CEAE 1E8403E9143BB915231A2AE5E7BB1204EA0E3C4F E464EDC9C3587A1BAE6D746A24D73235 01B2A549D2A1FD5270052034A8BE3F183BE18871 C9E84587F8FB92A8830A5836E7CB7A5B AA158A927237DAAB87110B668FA4B59E14342E45 663ECA0FF2DE38A1F6744D6EF7575B98 749CF9FDFC3005488318F7119A9CCFD9ADEA2299 B96E91683C4A7C982BC4022FA2175B0C 1D01DD16B9BBD4A5E6793931F0A615EF87C66ED0 93D667043CE91D58D2BB635649EDED36 E0D37A3B5DA1FCE0F85343840D4585E8EDA50E28 9E277BBBEFD06445CF5EB0022FC900C2 588969FCA1C47FC6E2C63E7E95CB8A0056CA7FDC A2F5D61AD8BDC1521D8897D3929AD9C9 5F0E4CD6F1F30E6B31AEC67AE4CE60D44CAAC1AA 0354C6C735BD93B1EFADE75EFFBDDC78 5F62765BE9D0D6F9E2554828ADA6E3C5D3D0559E 8D4773C174B5F1DB1733E6CEE27C0AA6 F86D0CB79EFF198AB000187B98A7E106619206B2 74106591E4819F64ABEA7F465C721CA7 E7F1C8AFB6A85C6E5AFA010D74EBAF4BD28B7A4B 95900AF6AF958C2AE5B18B6559E9530D 869BCE9025C66A5E89B35D777FD25297E0663CF2 02528EC1085AA5304B448237E087873B FC3486BF93EC53B96060643B3E466963A93B3E43 BDF105CFA0BB9F010FAE9C77ADDB0FEE 1BC77F55742943A7BE41A9E54EB646083ABAE77B C2F2E6585D9BFE74B8007D88FC9B17FF A41482BB40F56A141B0965C39AA9FBFADADD1750 4A3DC7314D160F16012E9BC9A7B4CD14 638BA3DD5FA2A7062E1A15EE65D6D717F6B3748A 4ECE0F74D8D85DC2002DEA43736E44F8 B9D7D19898948B876A18DC872E79ACD588569FDF 495BAC0235F151328ACDC787A548AA24 408087C8473F9602E02B6621C55C84E862D0B70D 42EE2A841FD57D97D5DD8B3ADC573E94 B8CD42462549A29F22909077034BD5DA45AF930D 09BE6A77C78E0ED85F8631501A3E2BE4 0 0 D076E7
$Jaymanen<~Controls.509~>160<~Controls.510~><~Game.2006~><~Controls.511~><~Controls.46~> null
$Jaymanen<~Controls.509~>449<~Controls.510~><~Game.2007~><~Controls.511~><~Controls.46~> null
$Jaymanen<~Scribe.141~>103 <~Scribe.142~><~Game.2043~><~Scribe.143~><~Game.1997~><~Scribe.144~> 640B7F
<bhilly> huh. well. 271E76
$bhilly<~Scribe.141~>245 <~Scribe.142~><~Game.1998~><~Scribe.143~><~Game.1890~><~Scribe.144~> 725EFB
<bhilly> that ACA16C
$Jaymanen<~Controls.281~>425 <~Controls.282~><~Game.2040~><~Controls.283~><~Game.2043~> D9DBD2
<bhilly> fsp ok 96D273
<Jaymanen> 1e 14F5A8
<Jaymanen> ok glhf 261BC2
<bhilly> gl! 853A3A
$Jaymanen<~Controls.345~>105 104 102 101 100 099 <~Controls.346~>15 15 13 11 13 13 null
$Jaymanen<~Controls.350~>105 104 102 101 100 099 null
$bhilly<~Controls.345~>428 213 212 211 210 <~Controls.346~>1 0 3 3 0 null
<bhilly> oh geeze CBAC94
<bhilly> i mean 6CB2AD
$bhilly<~HighlightLabel.86~>212<~HighlightLabel.87~><~Game.2042~><~HighlightLabel.88~><~Game.2035~> EAC302
$bhilly<~Controls.819~> 0CA533
<Jaymanen> ? 0FAF03
$bhilly<~HighlightLabel.86~>213<~HighlightLabel.87~><~Game.2042~><~HighlightLabel.88~><~Game.2035~> 4D79D6
$bhilly<~Scribe.141~>241 243 <~Scribe.142~><~Game.1998~><~Scribe.143~><~Game.1917~><~Scribe.144~> 8DA153
$bhilly<~Controls.644~>213 <~Controls.645~><~Game.2035~> 74CB4E
<bhilly> here we go 1624E7
<bhilly> lol 859AD5
<Jaymanen> ok E72D29
$Jaymanen<~Scribe.141~>425 <~Scribe.142~><~Game.2043~><~Scribe.143~><~Game.2035~><~Scribe.144~> 369829
$Jaymanen<~Scribe.141~>262 <~Scribe.142~><~Game.2002~><~Scribe.143~><~Game.2003~><~Scribe.144~> 43B96D
$Jaymanen<~Controls.644~>425 <~Controls.645~><~Game.2035~> 88ABB7
$bhilly<~HighlightLabel.86~>212<~HighlightLabel.87~><~Game.2042~><~HighlightLabel.88~><~Game.2035~> 6835B5
$bhilly<~Scribe.141~>251 <~Scribe.142~><~Game.2010~><~Scribe.143~><~Game.2013~><~Scribe.144~> 6C873F
$bhilly<~Controls.323~>251 E0DE45
$bhilly<~Scribe.141~>243 <~Scribe.142~><~Game.1917~><~Scribe.143~><~Game.1949~><~Scribe.144~> AEE585
$bhilly<~Scribe.141~>241 <~Scribe.142~><~Game.1917~><~Scribe.143~><~Game.1937~><~Scribe.144~> 440BFA
$bhilly<~Controls.644~>212 <~Controls.645~><~Game.2035~> F19714
$Jaymanen<~Scribe.141~>099 <~Scribe.142~><~Game.2043~><~Scribe.143~><~Game.2035~><~Scribe.144~> 1BFB99
$Jaymanen<~Scribe.141~>040 035 015 014 013 012 011 <~Scribe.142~><~Game.1956~><~Scribe.143~><~Game.1958~><~Scribe.144~> EEF173
$Jaymanen<~Controls.644~>099 <~Controls.645~><~Game.2035~> C7025E
$bhilly<~HighlightLabel.86~>428<~HighlightLabel.87~><~Game.2042~><~HighlightLabel.88~><~Game.2035~> EDF801
$bhilly<~Scribe.141~>reveal 143 92CAF9B771CB4C093F37F1F54B07479AC98F63CE 16 <~Scribe.142~><~Controls.45~><~Scribe.143~><~Game.2036~><~Scribe.144~> 8E1930
$bhilly<~Scribe.141~>243 <~Scribe.142~><~Game.1949~><~Scribe.143~><~Game.1957~><~Scribe.144~> 50F55C
$bhilly<~Scribe.141~>241 <~Scribe.142~><~Game.1937~><~Scribe.143~><~Game.1944~><~Scribe.144~> 65B48B
$bhilly<~Scribe.141~>258 <~Scribe.142~><~Game.2000~><~Scribe.143~><~Game.2003~><~Scribe.144~> B6A381
$bhilly<~Controls.323~>258 8D8FF3
$bhilly<~Controls.644~>428 143 <~Controls.645~><~Game.2035~> 2CFB5E
$Jaymanen<~Scribe.141~>100 <~Scribe.142~><~Game.2043~><~Scribe.143~><~Game.2035~><~Scribe.144~> 1E3E1F
$Jaymanen<~Scribe.141~>040 035 015 014 013 012 011 <~Scribe.142~><~Game.1958~><~Scribe.143~><~Game.1957~><~Scribe.144~> 1249BD
$Jaymanen<~Controls.644~>100 <~Controls.645~><~Game.2035~> 94FE63
$bhilly<~HighlightLabel.86~>211<~HighlightLabel.87~><~Game.2042~><~HighlightLabel.88~><~Game.2035~> 409BCB
$bhilly<~Scribe.141~>299 <~Scribe.142~><~Game.2038~><~Scribe.143~><~Game.1970~><~Scribe.144~> 273D16
$bhilly<~Controls.644~>211 <~Controls.645~><~Game.2035~> 64B603
$Jaymanen<~Scribe.141~>102 <~Scribe.142~><~Game.2043~><~Scribe.143~><~Game.2035~><~Scribe.144~> 8F8648
<Jaymanen> Dale A25DA7
$Jaymanen<~Controls.840~>449 ED8A42
<bhilly> nc E0CB23
<auto> playchosen F6FEEA
<auto><~Controls.866~>reveal 449 7AFD11D4EDF94166712B7F87A43ACB75ADAF1F8A 4<~Controls.867~><~Controls.46~><~Controls.868~><~Game.2036~> 24348C
<game> Jaymanen<~Controls.1~> 5 3 1 6 5 null
<game> Jaymanen<~Controls.1~> 2 null
<game> bhilly<~Controls.1~> 6 6 null
<game> bhilly<~Controls.1~> 2 null
<bhilly> 2 503419
<Jaymanen> 1 808789
$bhilly<~Controls.304~>299 <~Controls.305~><~Game.1970~> 276BA6
$bhilly<~Controls.313~>308 <~Controls.307~><~Controls.314~><~Game.1970~> 556BB9
$Jaymanen<~Scribe.141~>035 <~Scribe.142~><~Game.1957~><~Scribe.143~><~Game.2037~><~Scribe.144~> D5390D
$Jaymanen<~Scribe.141~>012 013 014 015 <~Scribe.142~><~Game.1957~><~Scribe.143~><~Game.2036~><~Scribe.144~> 36CDC4
$Jaymanen<~Scribe.141~>014 <~Scribe.142~><~Game.2036~><~Scribe.143~><~Game.1957~><~Scribe.144~> EC11C5
<Jaymanen> 3 D9EDC7
<game> Jaymanen<~Controls.1~> 4 5 2 null
<Jaymanen> 2 06BD6D
$bhilly<~Scribe.141~>068 308 066 <~Scribe.142~><~Game.1970~><~Scribe.143~><~Game.2037~><~Scribe.144~> 4C4014
$Jaymanen<~Scribe.141~>040 014 011 <~Scribe.142~><~Game.1957~><~Scribe.143~><~Game.1970~><~Scribe.144~> F71E4D
$Jaymanen<~Scribe.141~>423 <~Scribe.142~><~Game.27~><~Scribe.143~><~Game.28~><~Scribe.144~> C2DFB5
$Jaymanen<~Scribe.141~>420 <~Scribe.142~><~Game.2040~><~Scribe.143~><~Game.1970~><~Scribe.144~> EDF047
$Jaymanen<~Controls.644~>102 449 012 013 015 068 035 308 066 <~Controls.645~><~Game.2035~> 9E7D8D
$bhilly<~HighlightLabel.86~>210<~HighlightLabel.87~><~Game.2042~><~HighlightLabel.88~><~Game.2035~> ED3685
$bhilly<~Controls.323~>241 872D85
$bhilly<~Scribe.141~>358 <~Scribe.142~><~Game.2038~><~Scribe.143~><~Game.2037~><~Scribe.144~> CB9EF1
$bhilly<~Controls.644~>210 358 <~Controls.645~><~Game.2035~> 88700F
$Jaymanen<~Scribe.141~>101 <~Scribe.142~><~Game.2043~><~Scribe.143~><~Game.2035~><~Scribe.144~> 01E097
$Jaymanen<~Scribe.141~>442 441 <~Scribe.142~><~Game.2040~><~Scribe.143~><~Game.2037~><~Scribe.144~> A4CC4F
$Jaymanen<~Scribe.141~>442 <~Scribe.142~><~Game.2037~><~Scribe.143~><~Game.1969~><~Scribe.144~> A3108C
$Jaymanen<~Controls.644~>101 441 <~Controls.645~><~Game.2035~> 6C9261
$bhilly<~Controls.731~>210 358 211 428 212 213 <~Controls.732~><~Game.2039~><~Controls.733~><~Game.2042~> E0BD34
$bhilly<~Controls.757~>105 104 103 <~Controls.758~><~Game.1997~><~Controls.759~><~Game.2043~> 076BA5
<~Game.7~>2 null
$bhilly<~Controls.762~>101 441 102 100 099 <~Controls.763~><~Game.2041~><~Controls.764~><~Game.2043~> 34C300
$Jaymanen<~Controls.731~>210 358 211 428 212 213 <~Controls.732~><~Game.2039~><~Controls.733~><~Game.2042~> AC64C2
$Jaymanen<~Controls.757~>105 104 103 <~Controls.758~><~Game.1997~><~Controls.759~><~Game.2043~> 54EF49
$Jaymanen<~Controls.762~>101 441 102 100 099 <~Controls.763~><~Game.2041~><~Controls.764~><~Game.2043~> 053FFD
$bhilly<~Controls.509~>125<~Controls.510~><~Game.2004~><~Controls.511~><~Controls.45~> null
$bhilly<~Controls.509~>121<~Controls.510~><~Game.2005~><~Controls.511~><~Controls.45~> null
$Jaymanen<~Controls.509~>162<~Controls.510~><~Game.2006~><~Controls.511~><~Controls.46~> null
$Jaymanen<~Controls.509~>175<~Controls.510~><~Game.2007~><~Controls.511~><~Controls.46~> null
$bhilly<~Controls.281~>428 <~Controls.282~><~Game.2042~><~Controls.283~><~Game.2039~> 4F8EBD
<bhilly> fsp ok C15CB4
$Jaymanen<~Scribe.141~>103 <~Scribe.142~><~Game.2043~><~Scribe.143~><~Game.1997~><~Scribe.144~> C83D7C
$Jaymanen<~Controls.345~>101 441 102 100 099 105 104 <~Controls.346~>14 0 11 10 12 12 11 null
$Jaymanen<~Controls.350~>101 441 102 100 099 105 104 null
$bhilly<~Controls.345~>210 358 211 212 213 <~Controls.346~>3 1 4 3 2 null
<bhilly> pass 1F500E
$Jaymanen<~Scribe.141~>100 <~Scribe.142~><~Game.2043~><~Scribe.143~><~Game.2035~><~Scribe.144~> 6A83F3
$Jaymanen<~Scribe.141~>263 <~Scribe.142~><~Game.2002~><~Scribe.143~><~Game.2003~><~Scribe.144~> CEBD16
$Jaymanen<~Controls.644~>100 <~Controls.645~><~Game.2035~> 57DE95
<bhilly> pass ECED76
$Jaymanen<~Scribe.141~>104 <~Scribe.142~><~Game.2043~><~Scribe.143~><~Game.2035~><~Scribe.144~> 63DBDE
$Jaymanen<~Scribe.141~>254 361 <~Scribe.142~><~Game.2040~><~Scribe.143~><~Game.2037~><~Scribe.144~> A1663E
$Jaymanen<~Scribe.141~>254 <~Scribe.142~><~Game.2037~><~Scribe.143~><~Game.1919~><~Scribe.144~> 3414FF
$Jaymanen<~Controls.644~>104 361 <~Controls.645~><~Game.2035~> 89B4A0
$bhilly<~HighlightLabel.86~>358<~HighlightLabel.87~><~Game.2042~><~HighlightLabel.88~><~Game.2035~> E586DE
$bhilly<~Controls.790~>248<~Controls.791~><~Game.2014~><~Controls.792~><~Game.2015~> 924C08
$bhilly<~Controls.795~>358<~Controls.796~><~Game.2035~><~Controls.797~><~Game.1997~> 9901CB
<game> Jaymanen<~Controls.1~> 5 null
$Jaymanen<~Scribe.141~>441 <~Scribe.142~><~Game.2043~><~Scribe.143~><~Game.2035~><~Scribe.144~> F5F789
$Jaymanen<~Scribe.141~>055 049 048 047 <~Scribe.142~><~Game.1968~><~Scribe.143~><~Game.1946~><~Scribe.144~> D0E996
$Jaymanen<~Scribe.141~>056 052 051 050 <~Scribe.142~><~Game.1986~><~Scribe.143~><~Game.1984~><~Scribe.144~> 2B7770
$Jaymanen<~Controls.644~>441 <~Controls.645~><~Game.2035~> 3226CE
<bhilly> pass 72C31B
<bhilly> cant 085FEB
<bhilly> sad EE60F0
$bhilly<~HighlightLabel.86~>210<~HighlightLabel.87~><~Game.2042~><~HighlightLabel.88~><~Game.2035~> B84E84
$bhilly<~Scribe.141~>302 <~Scribe.142~><~Game.2038~><~Scribe.143~><~Game.1941~><~Scribe.144~> FC3D5C
$bhilly<~Controls.644~>210 <~Controls.645~><~Game.2035~> 88A5A6
$Jaymanen<~Scribe.141~>105 <~Scribe.142~><~Game.2043~><~Scribe.143~><~Game.2035~><~Scribe.144~> 51136C
$Jaymanen<~Scribe.141~>056 052 051 050 <~Scribe.142~><~Game.1984~><~Scribe.143~><~Game.1980~><~Scribe.144~> 3A7D2D
$Jaymanen<~Scribe.141~>054 053 <~Scribe.142~><~Game.1987~><~Scribe.143~><~Game.1980~><~Scribe.144~> 998394
$Jaymanen<~Controls.819~> ADE3FD
$Jaymanen<~Scribe.141~>039 036 029 028 027 026 <~Scribe.142~><~Game.1979~><~Scribe.143~><~Game.533~><~Scribe.144~> 5DBAD9
$Jaymanen<~Controls.644~>105 <~Controls.645~><~Game.2035~> 1A9C59
$bhilly<~HighlightLabel.86~>212<~HighlightLabel.87~><~Game.2042~><~HighlightLabel.88~><~Game.2035~> 00BEE8
$bhilly<~Scribe.141~>301 <~Scribe.142~><~Game.2038~><~Scribe.143~><~Game.1941~><~Scribe.144~> BAD626
$bhilly<~Controls.644~>212 <~Controls.645~><~Game.2035~> 60A82D
$Jaymanen<~Scribe.141~>099 <~Scribe.142~><~Game.2043~><~Scribe.143~><~Game.2035~><~Scribe.144~> D3EEA3
$Jaymanen<~Scribe.141~>039 036 029 028 027 026 <~Scribe.142~><~Game.533~><~Scribe.143~><~Game.1974~><~Scribe.144~> F69CC1
$Jaymanen<~Scribe.141~>054 053 <~Scribe.142~><~Game.1987~><~Scribe.143~><~Game.1980~><~Scribe.144~> A55C65
$Jaymanen<~Controls.644~>099 <~Controls.645~><~Game.2035~> 8C7BB0
$bhilly<~HighlightLabel.86~>211<~HighlightLabel.87~><~Game.2042~><~HighlightLabel.88~><~Game.2035~> FE856F
$bhilly<~Scribe.141~>301 302 065 <~Scribe.142~><~Game.1941~><~Scribe.143~><~Game.1957~><~Scribe.144~> BCD86C
$bhilly<~Scribe.141~>059 <~Scribe.142~><~Game.1973~><~Scribe.143~><~Game.1965~><~Scribe.144~> 4B4E96
$bhilly<~Controls.644~>211 <~Controls.645~><~Game.2035~> E8167D
$Jaymanen<~Scribe.141~>102 <~Scribe.142~><~Game.2043~><~Scribe.143~><~Game.2035~><~Scribe.144~> 0B8390
$Jaymanen<~Scribe.141~>261 <~Scribe.142~><~Game.2001~><~Scribe.143~><~Game.2002~><~Scribe.144~> 90AD68
$Jaymanen<~Controls.644~>102 <~Controls.645~><~Game.2035~> 3C8FA3
$bhilly<~HighlightLabel.86~>213<~HighlightLabel.87~><~Game.2042~><~HighlightLabel.88~><~Game.2035~> 8C19C9
$bhilly<~Controls.509~>106<~Controls.510~><~Game.2005~><~Controls.511~><~Controls.45~> null
$bhilly<~Controls.644~>213 <~Controls.645~><~Game.2035~> 69F0D6
$Jaymanen<~Scribe.141~>251 <~Scribe.142~><~Game.2013~><~Scribe.143~><~Game.2035~><~Scribe.144~> 8C1C3C
$Jaymanen<~Scribe.141~>261 <~Scribe.142~><~Game.2002~><~Scribe.143~><~Game.2003~><~Scribe.144~> AC8CA6
$Jaymanen<~Scribe.141~>101 <~Scribe.142~><~Game.2043~><~Scribe.143~><~Game.2037~><~Scribe.144~> 67944F
$Jaymanen<~Controls.644~>251 101 <~Controls.645~><~Game.2035~> 445995
$bhilly<~Controls.726~>358 <~Controls.727~><~Game.1997~><~Controls.728~><~Game.2042~> E1048B
$bhilly<~Controls.731~>213 211 212 210 428 <~Controls.732~><~Game.2039~><~Controls.733~><~Game.2042~> 0A6FF6
$bhilly<~Controls.757~>103 <~Controls.758~><~Game.1997~><~Controls.759~><~Game.2043~> 98F2AF
<~Game.7~>3 null
$bhilly<~Controls.762~>101 102 099 105 441 104 361 100 <~Controls.763~><~Game.2041~><~Controls.764~><~Game.2043~> 08ACBF
$bhilly<~Controls.509~>148<~Controls.510~><~Game.2004~><~Controls.511~><~Controls.45~> null
$bhilly<~Controls.509~>114<~Controls.510~><~Game.2005~><~Controls.511~><~Controls.45~> null
$Jaymanen<~Controls.509~>158<~Controls.510~><~Game.2006~><~Controls.511~><~Controls.46~> null
$Jaymanen<~Controls.509~>171<~Controls.510~><~Game.2007~><~Controls.511~><~Controls.46~> null
<bhilly> fsp ok F3172D
$Jaymanen<~Scribe.141~>103 <~Scribe.142~><~Game.2043~><~Scribe.143~><~Game.1997~><~Scribe.144~> 273DE0
$Jaymanen<~Controls.345~>101 102 099 105 441 104 361 100 <~Controls.346~>11 13 12 14 0 12 14 14 null
$Jaymanen<~Controls.350~>101 102 099 105 441 104 361 100 null
$bhilly<~Controls.345~>213 211 212 210 428 358 <~Controls.346~>4 4 1 1 4 4 null
$bhilly<~HighlightLabel.86~>211<~HighlightLabel.87~><~Game.2042~><~HighlightLabel.88~><~Game.2035~> B538EF
<bhilly> dale 873E3E
$bhilly<~Controls.840~>148 969BA9
<Jaymanen> nc 093613
<auto> playchosen 0493ED
<auto><~Controls.861~>reveal 148 5531419ABD342FC8A4FDF9739F464B4E577A01C3 3<~Controls.862~><~Controls.45~><~Controls.863~><~Game.2037~> 2958A1
<game> bhilly<~Controls.1~> 3 4 3 null
<game> bhilly<~Controls.1~> 1 null
<bhilly> 0 517E5F
<game> Jaymanen<~Controls.1~> 2 null
<game> Jaymanen<~Controls.1~> 2 null
<bhilly> press 29E80F
<Jaymanen> 0 28B1B0
$Jaymanen<~Scribe.141~>040 014 011 <~Scribe.142~><~Game.1970~><~Scribe.143~><~Game.1980~><~Scribe.144~> B06DB4
$bhilly<~Scribe.141~>243 301 302 065 <~Scribe.142~><~Game.1957~><~Scribe.143~><~Game.1970~><~Scribe.144~> 8E82FA
$bhilly<~Scribe.141~>420 <~Scribe.142~><~Game.1970~><~Scribe.143~><~Game.2037~><~Scribe.144~> 2EF261
$bhilly<~Controls.644~>211 148 420 <~Controls.645~><~Game.2035~> 6657DB
$Jaymanen<~Scribe.141~>099 <~Scribe.142~><~Game.2043~><~Scribe.143~><~Game.2035~><~Scribe.144~> 67A35B
<Jaymanen> dale DE8D4D
<Jaymanen> nc 828E7A
<bhilly> nc ADCB35
<game> Jaymanen<~Controls.1~> 2 4 3 1 2 null
<game> Jaymanen<~Controls.1~> 1 null
<game> bhilly<~Controls.1~> 2 2 1 null
<game> bhilly<~Controls.1~> 6 null
<bhilly> 1 41D515
<Jaymanen> 0 CA49A9
<Jaymanen> press 607B5E
$bhilly<~Scribe.141~>243 301 302 065 <~Scribe.142~><~Game.1970~><~Scribe.143~><~Game.1954~><~Scribe.144~> 4044E6
$Jaymanen<~Scribe.141~>052 <~Scribe.142~><~Game.1980~><~Scribe.143~><~Game.2037~><~Scribe.144~> B9FF8A
$Jaymanen<~Scribe.141~>040 056 054 053 051 050 014 011 <~Scribe.142~><~Game.1980~><~Scribe.143~><~Game.1970~><~Scribe.144~> A5A274
$Jaymanen<~Controls.644~>099 052 <~Controls.645~><~Game.2035~> FB20AD
$Jaymanen<~Scribe.141~>420 <~Scribe.142~><~Game.2040~><~Scribe.143~><~Game.1970~><~Scribe.144~> D252C6
<bhilly> pass 8DEA12
<bhilly> brb 068A4A
$Jaymanen<~Scribe.141~>104 <~Scribe.142~><~Game.2043~><~Scribe.143~><~Game.2035~><~Scribe.144~> 0EB378
$Jaymanen<~Scribe.141~>010 009 <~Scribe.142~><~Game.1922~><~Scribe.143~><~Game.1934~><~Scribe.144~> 6022FF
$Jaymanen<~Scribe.141~>039 038 036 029 028 027 026 025 024 023 022 021 <~Scribe.142~><~Game.1974~><~Scribe.143~><~Game.1976~><~Scribe.144~> 3F3766
$Jaymanen<~Controls.644~>104 <~Controls.645~><~Game.2035~> 84CD7C
<Jaymanen> thinking? CC1201
<Jaymanen> hello 72D2F3
<bhilly> baok F1C71C
<bhilly> back 1F3305
<Jaymanen> ok 7DF4D0
<bhilly> pass 8D1B18
$Jaymanen<~Scribe.141~>441 <~Scribe.142~><~Game.2043~><~Scribe.143~><~Game.2035~><~Scribe.144~> 538496
$Jaymanen<~Scribe.141~>010 009 <~Scribe.142~><~Game.1934~><~Scribe.143~><~Game.1941~><~Scribe.144~> CED737
$Jaymanen<~Scribe.141~>419 <~Scribe.142~><~Game.2040~><~Scribe.143~><~Game.1941~><~Scribe.144~> A7EE65
$Jaymanen<~Scribe.141~>039 038 036 029 028 027 026 025 024 023 022 021 <~Scribe.142~><~Game.1976~><~Scribe.143~><~Game.1967~><~Scribe.144~> C37D30
$Jaymanen<~Controls.644~>441 <~Controls.645~><~Game.2035~> 03B25A
$bhilly<~HighlightLabel.86~>428<~HighlightLabel.87~><~Game.2042~><~HighlightLabel.88~><~Game.2035~> 6015E5
$bhilly<~Controls.509~>145<~Controls.510~><~Game.2005~><~Controls.511~><~Controls.45~> null
$bhilly<~Controls.644~>428 <~Controls.645~><~Game.2035~> 1C91E9
$Jaymanen<~Scribe.141~>100 <~Scribe.142~><~Game.2043~><~Scribe.143~><~Game.2035~><~Scribe.144~> E4A516
$Jaymanen<~Controls.509~>196<~Controls.510~><~Game.2007~><~Controls.511~><~Controls.46~> null
$Jaymanen<~Controls.644~>100 <~Controls.645~><~Game.2035~> 436060
$bhilly<~HighlightLabel.86~>358<~HighlightLabel.87~><~Game.2042~><~HighlightLabel.88~><~Game.2035~> B21281
$bhilly<~Scribe.141~>073 072 <~Scribe.142~><~Game.1929~><~Scribe.143~><~Game.1925~><~Scribe.144~> 3B9577
$bhilly<~Scribe.141~>067 <~Scribe.142~><~Game.1899~><~Scribe.143~><~Game.1902~><~Scribe.144~> AB6691
$bhilly<~Controls.644~>358 <~Controls.645~><~Game.2035~> 2C4A44
$Jaymanen<~Scribe.141~>361 <~Scribe.142~><~Game.2043~><~Scribe.143~><~Game.2035~><~Scribe.144~> 2C2D81
$Jaymanen<~Scribe.141~>reveal 196 4DEE2E6FCC2A573A149E055B846D15B15A8802EB 3 <~Scribe.142~><~Controls.46~><~Scribe.143~><~Game.2037~><~Scribe.144~> 56F55F
$Jaymanen<~Scribe.141~>320 012 013 015 344 343 <~Scribe.142~><~Game.2040~><~Scribe.143~><~Game.1969~><~Scribe.144~> 269CD1
$Jaymanen<~Controls.644~>361 196 <~Controls.645~><~Game.2035~> 9118EC
$bhilly<~HighlightLabel.86~>212<~HighlightLabel.87~><~Game.2042~><~HighlightLabel.88~><~Game.2035~> 180636
$bhilly<~Controls.790~>248<~Controls.791~><~Game.2015~><~Controls.792~><~Game.2016~> 7675C8
$bhilly<~Controls.795~>212<~Controls.796~><~Game.2035~><~Controls.797~><~Game.1997~> 341C1A
<game> Jaymanen<~Controls.1~> 1 null
$Jaymanen<~Scribe.141~>102 <~Scribe.142~><~Game.2043~><~Scribe.143~><~Game.2035~><~Scribe.144~> 43110E
$Jaymanen<~Controls.281~>102 <~Controls.282~><~Game.2035~><~Controls.283~><~Game.2043~> 95DC25
$Jaymanen<~Scribe.141~>102 <~Scribe.142~><~Game.2043~><~Scribe.143~><~Game.2035~><~Scribe.144~> 6A1EDD
$Jaymanen<~Scribe.141~>039 038 036 029 028 027 026 025 024 023 022 021 <~Scribe.142~><~Game.1967~><~Scribe.143~><~Game.1948~><~Scribe.144~> A92AD3
$Jaymanen<~Scribe.141~>039 038 036 029 028 027 026 025 024 023 022 021 <~Scribe.142~><~Game.1948~><~Scribe.143~><~Game.1967~><~Scribe.144~> E1951B
<Jaymanen> WLR E905D5
<bhilly> field 18E5BE
$bhilly<~Scribe.141~>256 <~Scribe.142~><~Game.2000~><~Scribe.143~><~Game.2001~><~Scribe.144~> FD1E3B
<Jaymanen> nc 047A23
$bhilly<~Scribe.141~>reveal 121 10EBB6303EE7C493EE4718D914C20AF449343955 11 <~Scribe.142~><~Controls.45~><~Scribe.143~><~Game.2037~><~Scribe.144~> EBFDAA
<game> Jaymanen<~Controls.1~> 2 1 3 2 1 null
<game> Jaymanen<~Controls.1~> 3 null
<game> bhilly<~Controls.1~> 4 5 1 6 5 null
<game> bhilly<~Controls.1~> 5 6 null
<bhilly> lol what 2E937D
<Jaymanen> HAHAHAHA 20DCB8
<bhilly> 5 81438D
<bhilly> silly 562546
<Jaymanen> 1 6 in 25 dice F5FE61
<Jaymanen> doesnt matter what you do then C8EF2D
$Jaymanen<~Scribe.141~>056 054 011 014 <~Scribe.142~><~Game.1970~><~Scribe.143~><~Game.2037~><~Scribe.144~> 090170
$Jaymanen<~Controls.644~>102 121 056 054 011 014 <~Controls.645~><~Game.2035~> DCFD3D
$bhilly<~HighlightLabel.86~>213<~HighlightLabel.87~><~Game.2042~><~HighlightLabel.88~><~Game.2035~> E8EDC1
$bhilly<~Scribe.141~>reveal 145 71A0FCEE5D4CF838AF5698F357E09A8C1012190E 18 <~Scribe.142~><~Controls.45~><~Scribe.143~><~Game.2036~><~Scribe.144~> 313E87
$bhilly<~Scribe.141~>285 286 <~Scribe.142~><~Game.2038~><~Scribe.143~><~Game.1925~><~Scribe.144~> 79FCC5
$bhilly<~Controls.644~>213 145 <~Controls.645~><~Game.2035~> 2E8D98
$Jaymanen<~Scribe.141~>101 <~Scribe.142~><~Game.2043~><~Scribe.143~><~Game.2035~><~Scribe.144~> CE4219
$Jaymanen<~Scribe.141~>039 038 036 029 028 027 026 025 024 023 022 021 <~Scribe.142~><~Game.1967~><~Scribe.143~><~Game.1960~><~Scribe.144~> 48EC15
$Jaymanen<~Scribe.141~>039 038 036 029 028 027 026 025 024 023 022 021 <~Scribe.142~><~Game.1960~><~Scribe.143~><~Game.1948~><~Scribe.144~> C97E81
$Jaymanen<~Scribe.141~>442 320 037 012 013 015 344 343 020 019 018 017 016 <~Scribe.142~><~Game.1969~><~Scribe.143~><~Game.1964~><~Scribe.144~> 39FD45
$Jaymanen<~Controls.644~>101 <~Controls.645~><~Game.2035~> 56C6FD
$bhilly<~HighlightLabel.86~>210<~HighlightLabel.87~><~Game.2042~><~HighlightLabel.88~><~Game.2035~> 03BE28
$bhilly<~Controls.790~>248<~Controls.791~><~Game.2016~><~Controls.792~><~Game.2017~> 841CB9
$bhilly<~Controls.795~>210<~Controls.796~><~Game.2035~><~Controls.797~><~Game.1997~> 8651E8
<game> Jaymanen<~Controls.1~> 4 null
$Jaymanen<~Scribe.141~>105 <~Scribe.142~><~Game.2043~><~Scribe.143~><~Game.2035~><~Scribe.144~> 3CA409
$Jaymanen<~Controls.509~>205<~Controls.510~><~Game.2007~><~Controls.511~><~Controls.46~> null
$Jaymanen<~Controls.644~>105 <~Controls.645~><~Game.2035~> 1C3472
$Jaymanen<~Controls.726~>210 212 <~Controls.727~><~Game.1997~><~Controls.728~><~Game.2042~> 3767FF
$Jaymanen<~Controls.731~>213 358 428 211 <~Controls.732~><~Game.2039~><~Controls.733~><~Game.2042~> 1D22A3
$Jaymanen<~Controls.757~>103 <~Controls.758~><~Game.1997~><~Controls.759~><~Game.2043~> 1FC325
<~Game.7~>4 null
$Jaymanen<~Controls.762~>105 101 102 361 100 441 104 099 <~Controls.763~><~Game.2041~><~Controls.764~><~Game.2043~> 3D5A31
$bhilly<~Controls.726~>210 212 <~Controls.727~><~Game.1997~><~Controls.728~><~Game.2042~> F276BB
$bhilly<~Controls.731~>213 358 428 211 <~Controls.732~><~Game.2039~><~Controls.733~><~Game.2042~> 65E99F
$bhilly<~Controls.757~>103 <~Controls.758~><~Game.1997~><~Controls.759~><~Game.2043~> F16EBC
$bhilly<~Controls.762~>105 101 102 361 100 441 104 099 <~Controls.763~><~Game.2041~><~Controls.764~><~Game.2043~> E8C8AB
$Jaymanen<~Controls.509~>177<~Controls.510~><~Game.2006~><~Controls.511~><~Controls.46~> null
$Jaymanen<~Controls.509~>206<~Controls.510~><~Game.2007~><~Controls.511~><~Controls.46~> null
$bhilly<~Controls.509~>126<~Controls.510~><~Game.2004~><~Controls.511~><~Controls.45~> null
$bhilly<~Controls.509~>140<~Controls.510~><~Game.2005~><~Controls.511~><~Controls.45~> null
<bhilly> fsp ok 5DF52C
$Jaymanen<~Controls.296~>162 <~Controls.297~><~Controls.46~> 75BE01
$Jaymanen<~Controls.296~>177 <~Controls.297~><~Controls.46~> 843EFE
$Jaymanen<~Scribe.141~>103 <~Scribe.142~><~Game.2043~><~Scribe.143~><~Game.1997~><~Scribe.144~> 2E6A18
$Jaymanen<~Controls.345~>105 101 102 361 100 441 104 099 <~Controls.346~>14 12 10 14 13 1 10 11 null
$Jaymanen<~Controls.350~>105 101 102 361 100 441 104 099 null
$bhilly<~Controls.345~>213 358 428 211 210 212 <~Controls.346~>2 0 3 0 0 3 null
$bhilly<~HighlightLabel.86~>211<~HighlightLabel.87~><~Game.2042~><~HighlightLabel.88~><~Game.2035~> F4911F
$bhilly<~Scribe.141~>241 <~Scribe.142~><~Game.1944~><~Scribe.143~><~Game.1929~><~Scribe.144~> 5019C0
$bhilly<~Scribe.141~>243 <~Scribe.142~><~Game.1954~><~Scribe.143~><~Game.1965~><~Scribe.144~> C2B16E
$bhilly<~Controls.323~>259 E4AF91
$bhilly<~Controls.644~>211 <~Controls.645~><~Game.2035~> 9B8B66
$Jaymanen<~Scribe.141~>105 <~Scribe.142~><~Game.2043~><~Scribe.143~><~Game.2035~><~Scribe.144~> 035D85
$Jaymanen<~Scribe.141~>reveal 175 D4D4B0266307B411BB5DAE00B1A3E5473ECA7BCF 5 <~Scribe.142~><~Controls.46~><~Scribe.143~><~Game.2037~><~Scribe.144~> D32F4B
<bhilly> ya CC00E2
$Jaymanen<~Scribe.141~>358 210 <~Scribe.142~><~Game.2042~><~Scribe.143~><~Game.2037~><~Scribe.144~> BE168C
$bhilly<~Scribe.141~>210 358 <~Scribe.142~><~Game.2042~><~Scribe.143~><~Game.2037~><~Scribe.144~> 491DD8
$Jaymanen<~Controls.644~>105 358 210 175 <~Controls.645~><~Game.2035~> 578333
<bhilly> pass 18B48D
$Jaymanen<~Scribe.141~>361 <~Scribe.142~><~Game.2043~><~Scribe.143~><~Game.2035~><~Scribe.144~> 59CA15
$Jaymanen<~Controls.281~>361 <~Controls.282~><~Game.2035~><~Controls.283~><~Game.2043~> A548AE
$Jaymanen<~Scribe.141~>441 <~Scribe.142~><~Game.2043~><~Scribe.143~><~Game.2035~><~Scribe.144~> B5F8AC
$Jaymanen<~Scribe.141~>332 331 330 <~Scribe.142~><~Game.2040~><~Scribe.143~><~Game.1910~><~Scribe.144~> 1DE3B4
$Jaymanen<~Scribe.141~>332 <~Scribe.142~><~Game.1910~><~Scribe.143~><~Game.1914~><~Scribe.144~> A5F9CB
$Jaymanen<~Scribe.141~>331 <~Scribe.142~><~Game.1910~><~Scribe.143~><~Game.1919~><~Scribe.144~> 991311
$Jaymanen<~Controls.644~>441 <~Controls.645~><~Game.2035~> DF78C0
<bhilly> pass 19C07B
$Jaymanen<~Scribe.141~>102 <~Scribe.142~><~Game.2043~><~Scribe.143~><~Game.2035~><~Scribe.144~> 47B1C8
$Jaymanen<~Scribe.141~>327 328 329 <~Scribe.142~><~Game.2040~><~Scribe.143~><~Game.1910~><~Scribe.144~> 7BABA7
$Jaymanen<~Scribe.141~>329 <~Scribe.142~><~Game.1910~><~Scribe.143~><~Game.1914~><~Scribe.144~> DDA1FC
$Jaymanen<~Scribe.141~>327 <~Scribe.142~><~Game.1910~><~Scribe.143~><~Game.1919~><~Scribe.144~> E165C6
$Jaymanen<~Controls.644~>102 <~Controls.645~><~Game.2035~> BE48BE
<bhilly> pass 841624
$Jaymanen<~Scribe.141~>104 <~Scribe.142~><~Game.2043~><~Scribe.143~><~Game.2035~><~Scribe.144~> FA5804
$Jaymanen<~Scribe.141~>322 <~Scribe.142~><~Game.2040~><~Scribe.143~><~Game.1910~><~Scribe.144~> C38D5A
$Jaymanen<~Controls.644~>104 <~Controls.645~><~Game.2035~> 1D71DB
<bhilly> pass 0CE7D3
$Jaymanen<~Scribe.141~>361 <~Scribe.142~><~Game.2043~><~Scribe.143~><~Game.2035~><~Scribe.144~> FC08AF
$Jaymanen<~Scribe.141~>reveal 205 519AA60F694184DFA5E42564237EEC571BDC73BF 2 <~Scribe.142~><~Controls.46~><~Scribe.143~><~Game.2037~><~Scribe.144~> F40978
$Jaymanen<~Scribe.141~>039 038 036 029 028 027 026 025 024 023 022 021 <~Scribe.142~><~Game.1948~><~Scribe.143~><~Game.1951~><~Scribe.144~> 501554
$Jaymanen<~Scribe.141~>329 332 000 <~Scribe.142~><~Game.1914~><~Scribe.143~><~Game.1910~><~Scribe.144~> 30F352
$Jaymanen<~Scribe.141~>010 009 <~Scribe.142~><~Game.1941~><~Scribe.143~><~Game.1957~><~Scribe.144~> B6F565
$Jaymanen<~Scribe.141~>009 <~Scribe.142~><~Game.1957~><~Scribe.143~><~Game.1941~><~Scribe.144~> 623A9C
$Jaymanen<~Scribe.141~>055 057 049 048 047 046 045 <~Scribe.142~><~Game.1946~><~Scribe.143~><~Game.1932~><~Scribe.144~> A52B5B
$Jaymanen<~Controls.644~>361 205 <~Controls.645~><~Game.2035~> 356956
$bhilly<~HighlightLabel.86~>213<~HighlightLabel.87~><~Game.2042~><~HighlightLabel.88~><~Game.2035~> 1CB4F4
$bhilly<~Scribe.141~>reveal 126 6CA93E90A82E835DBEBF8F70C3C7FB1844FE41E9 22 <~Scribe.142~><~Controls.45~><~Scribe.143~><~Game.2029~><~Scribe.144~> D86DA5
$bhilly<~Controls.644~>213 <~Controls.645~><~Game.2035~> 38B35F
$Jaymanen<~Scribe.141~>101 <~Scribe.142~><~Game.2043~><~Scribe.143~><~Game.2035~><~Scribe.144~> 4CA028
$Jaymanen<~Scribe.141~>322 329 332 000 328 330 001 <~Scribe.142~><~Game.1910~><~Scribe.143~><~Game.1917~><~Scribe.144~> DBF1B6
$Jaymanen<~Scribe.141~>322 329 332 000 328 330 001 <~Scribe.142~><~Game.1917~><~Scribe.143~><~Game.1912~><~Scribe.144~> AD6BBA
$Jaymanen<~Scribe.141~>032 031 030 <~Scribe.142~><~Game.1977~><~Scribe.143~><~Game.1969~><~Scribe.144~> 9EA773
$Jaymanen<~Controls.644~>101 <~Controls.645~><~Game.2035~> 092908
$bhilly<~HighlightLabel.86~>428<~HighlightLabel.87~><~Game.2042~><~HighlightLabel.88~><~Game.2035~> 206BAF
$bhilly<~Scribe.141~>256 <~Scribe.142~><~Game.2001~><~Scribe.143~><~Game.2002~><~Scribe.144~> DB845A
$bhilly<~Controls.644~>428 <~Controls.645~><~Game.2035~> D763D0
$Jaymanen<~Scribe.141~>099 <~Scribe.142~><~Game.2043~><~Scribe.143~><~Game.2035~><~Scribe.144~> 90D989
$Jaymanen<~Scribe.141~>322 329 332 000 328 330 001 <~Scribe.142~><~Game.1912~><~Scribe.143~><~Game.1908~><~Scribe.144~> 22AD5D
$Jaymanen<~Scribe.141~>039 038 036 029 028 027 026 025 024 023 022 021 <~Scribe.142~><~Game.1951~><~Scribe.143~><~Game.1930~><~Scribe.144~> DCB3EC
$Jaymanen<~Controls.644~>099 <~Controls.645~><~Game.2035~> 601D1E
$bhilly<~HighlightLabel.86~>212<~HighlightLabel.87~><~Game.2042~><~HighlightLabel.88~><~Game.2035~> 037C60
$bhilly<~Scribe.141~>429 363 <~Scribe.142~><~Game.2038~><~Scribe.143~><~Game.2037~><~Scribe.144~> C0932C
$bhilly<~Scribe.141~>363 <~Scribe.142~><~Game.2037~><~Scribe.143~><~Game.1928~><~Scribe.144~> 68EEB0
$bhilly<~Controls.644~>212 429 <~Controls.645~><~Game.2035~> 037DA1
$Jaymanen<~Scribe.141~>100 <~Scribe.142~><~Game.2043~><~Scribe.143~><~Game.2035~><~Scribe.144~> 792512
<Jaymanen> riv 75AA55
$bhilly<~Scribe.141~>247 096 091 090 <~Scribe.142~><~Game.1911~><~Scribe.143~><~Game.1990~><~Scribe.144~> C6B426
$Jaymanen<~Scribe.141~>322 329 332 000 328 330 001 <~Scribe.142~><~Game.1908~><~Scribe.143~><~Game.1911~><~Scribe.144~> B6E653
$Jaymanen<~Controls.644~>100 <~Controls.645~><~Game.2035~> D1C15F
$bhilly<~Scribe.141~>247 <~Scribe.142~><~Game.1990~><~Scribe.143~><~Game.1911~><~Scribe.144~> DA5C34
$bhilly<~Controls.731~>212 429 428 213 358 210 211 <~Controls.732~><~Game.2039~><~Controls.733~><~Game.2042~> 27C3F8
$Jaymanen<~Controls.731~>212 429 428 213 358 210 211 <~Controls.732~><~Game.2039~><~Controls.733~><~Game.2042~> 8E502B
$Jaymanen<~Controls.757~>103 <~Controls.758~><~Game.1997~><~Controls.759~><~Game.2043~> 48872C
<~Game.7~>5 null
$Jaymanen<~Controls.762~>100 099 101 361 104 102 441 105 <~Controls.763~><~Game.2041~><~Controls.764~><~Game.2043~> B23AF7
$bhilly<~Controls.509~>135<~Controls.510~><~Game.2004~><~Controls.511~><~Controls.45~> null
$bhilly<~Controls.509~>120<~Controls.510~><~Game.2005~><~Controls.511~><~Controls.45~> null
$Jaymanen<~Controls.509~>182<~Controls.510~><~Game.2006~><~Controls.511~><~Controls.46~> null
$Jaymanen<~Controls.509~>199<~Controls.510~><~Game.2007~><~Controls.511~><~Controls.46~> null
$Jaymanen<~Scribe.141~>103 <~Scribe.142~><~Game.2043~><~Scribe.143~><~Game.1997~><~Scribe.144~> 69FE0E
$bhilly<~Controls.281~>135 <~Controls.282~><~Controls.45~><~Controls.283~><~Game.2039~> C6E903
$bhilly<~Controls.281~>428 <~Controls.282~><~Game.2042~><~Controls.283~><~Game.2039~> E6FA82
<bhilly> fsp ok F6526F
<Jaymanen> you didnt move? 37BD1A
<bhilly> nope 297429
<bhilly> you killed all my wills 1242AD
<bhilly> remember D2FE9E
<Jaymanen> ok 6C7E24
$Jaymanen<~Controls.345~>100 099 101 361 104 102 441 105 <~Controls.346~>12 11 14 15 11 11 0 10 null
$Jaymanen<~Controls.350~>100 099 101 361 104 102 441 105 null
$bhilly<~Controls.345~>212 429 213 358 210 211 <~Controls.346~>0 1 0 4 1 0 null
<Jaymanen> they are raining 9C808D
<Jaymanen> 8i in 24 0D06C2
<bhilly> hmmmm FA2978
<bhilly> yeah but 2 of them were lost dice FA8809
<bhilly> so it was actually bad to roll this many D74AED
<bhilly> lots of stuff i could have done last turn 712B4D
<bhilly> alas A1B47F
$bhilly<~HighlightLabel.86~>210<~HighlightLabel.87~><~Game.2042~><~HighlightLabel.88~><~Game.2035~> ACB65C
$bhilly<~Controls.790~>248<~Controls.791~><~Game.2017~><~Controls.792~><~Game.2018~> D496A9
$bhilly<~Controls.795~>210<~Controls.796~><~Game.2035~><~Controls.797~><~Game.1997~> 0AF426
<game> Jaymanen<~Controls.1~> 3 2 null
<game> Jaymanen<~Controls.1~> 4 null
$Jaymanen<~Scribe.141~>100 <~Scribe.142~><~Game.2043~><~Scribe.143~><~Game.2035~><~Scribe.144~> 046416
<Jaymanen> Lorien D0233C
$bhilly<~Scribe.141~>363 097 093 092 087 <~Scribe.142~><~Game.1928~><~Scribe.143~><~Game.1992~><~Scribe.144~> 20AFB3
$Jaymanen<~Scribe.141~>039 038 036 029 028 027 026 025 024 023 022 021 <~Scribe.142~><~Game.1930~><~Scribe.143~><~Game.1928~><~Scribe.144~> 2D94AF
$Jaymanen<~Controls.644~>100 <~Controls.645~><~Game.2035~> FBCC71
$bhilly<~HighlightLabel.86~>429<~HighlightLabel.87~><~Game.2042~><~HighlightLabel.88~><~Game.2035~> 4228E0
$bhilly<~Scribe.141~>267 <~Scribe.142~><~Game.2038~><~Scribe.143~><~Game.1992~><~Scribe.144~> 59FDA9
$bhilly<~Controls.644~>429 <~Controls.645~><~Game.2035~> 25D52E
$Jaymanen<~Scribe.141~>105 <~Scribe.142~><~Game.2043~><~Scribe.143~><~Game.2035~><~Scribe.144~> 15DD5B
$Jaymanen<~Scribe.141~>253 360 <~Scribe.142~><~Game.2040~><~Scribe.143~><~Game.2037~><~Scribe.144~> 44217C
$Jaymanen<~Scribe.141~>253 <~Scribe.142~><~Game.2037~><~Scribe.143~><~Game.1928~><~Scribe.144~> 97B845
$Jaymanen<~Controls.644~>105 360 <~Controls.645~><~Game.2035~> 6CAF3D
$bhilly<~HighlightLabel.86~>358<~HighlightLabel.87~><~Game.2042~><~HighlightLabel.88~><~Game.2035~> 93B2D0
$Jaymanen<~Controls.323~>257 A0A64A
$Jaymanen<~Controls.323~>260 708158
$bhilly<~Scribe.141~>268 <~Scribe.142~><~Game.2038~><~Scribe.143~><~Game.1992~><~Scribe.144~> 74A933
$Jaymanen<~Scribe.141~>256 <~Scribe.142~><~Game.2002~><~Scribe.143~><~Game.2003~><~Scribe.144~> B8E669
$bhilly<~Scribe.141~>297 <~Scribe.142~><~Game.2038~><~Scribe.143~><~Game.1902~><~Scribe.144~> 55B355
$bhilly<~Controls.644~>358 <~Controls.645~><~Game.2035~> CB28AB
$Jaymanen<~Scribe.141~>441 <~Scribe.142~><~Game.2043~><~Scribe.143~><~Game.2035~><~Scribe.144~> 9E6668
<Jaymanen> Lorien FCCBC3
$Jaymanen<~Controls.840~>158 7C01DB
$bhilly<~Controls.840~>125 61ABF9
<auto> playchosen 0A3546
<auto><~Controls.3~>reveal 125 249F8B32BA8359CD8AF8E2A530AF1FE818357F6C 16<~Controls.884~><~Controls.45~><~Controls.885~><~Game.2037~> 6170E3
<auto><~Controls.866~>reveal 158 877CCF3B699B7E820812D92C63B1A1BB6C3CE1EE 23<~Controls.867~><~Controls.46~><~Controls.868~><~Game.2036~> 0A2CC1
<auto> playchosen F548A0
<bhilly> cancel FBDB8D
<game> Jaymanen<~Controls.1~> 2 3 3 1 1 null
<game> Jaymanen<~Controls.1~> 1 2 2 6 null
<game> bhilly<~Controls.1~> 5 5 6 6 6 null
<Jaymanen> WOW 0D9C1D
<bhilly> ok 35E902
<Jaymanen> gg 24D6BA
<bhilly> thats ridiculous 67950B
<Jaymanen> should i give up=? 10D630
$bhilly<~Scribe.141~>087 <~Scribe.142~><~Game.1992~><~Scribe.143~><~Game.2037~><~Scribe.144~> 2ED454
<Jaymanen> isnt a game really 506BD3
<bhilly> all a bit lopsided 390C28
<Jaymanen> +5 against -6 8736FA
<bhilly> i mean forget the distribution 2A3FF4
<bhilly> the timing of it has been dumb 8C7E00
<Jaymanen> also 31294F
<bhilly> those were huge combats 9030A1
$Jaymanen<~Scribe.141~>026 023 024 022 021 <~Scribe.142~><~Game.1928~><~Scribe.143~><~Game.2036~><~Scribe.144~> AA7AFD
$Jaymanen<~Controls.644~>441 158 026 023 024 022 021 125 087 <~Controls.645~><~Game.2035~> 53D953
$Jaymanen<~Controls.509~>200<~Controls.510~><~Game.2006~><~Controls.511~><~Controls.46~> null
$bhilly<~HighlightLabel.86~>211<~HighlightLabel.87~><~Game.2042~><~HighlightLabel.88~><~Game.2035~> 215F4D
$bhilly<~Controls.790~>248<~Controls.791~><~Game.2018~><~Controls.792~><~Game.2019~> B17D3E
$bhilly<~Controls.795~>211<~Controls.796~><~Game.2035~><~Controls.797~><~Game.1997~> D669AF
<game> Jaymanen<~Controls.1~> 3 5 null
<game> Jaymanen<~Controls.1~> 6 null
$Jaymanen<~Controls.624~>228<~Controls.625~><~Game.2044~><~Controls.626~><~Game.2037~> null
$bhilly<~Scribe.141~>240 <~Scribe.142~><~Game.1999~><~Scribe.143~><~Game.2037~><~Scribe.144~> EEA17D
<Jaymanen> HAHAHA 970C04
<Jaymanen> sure 367438
$bhilly<~Scribe.141~>242 <~Scribe.142~><~Game.1998~><~Scribe.143~><~Game.1999~><~Scribe.144~> 5FE8F6
$bhilly<~Scribe.141~>242 <~Scribe.142~><~Game.1999~><~Scribe.143~><~Game.1998~><~Scribe.144~> 34A3D6
$bhilly<~Scribe.141~>244 <~Scribe.142~><~Game.1998~><~Scribe.143~><~Game.1999~><~Scribe.144~> 03D018
$bhilly<~Controls.644~>228 240 <~Controls.645~><~Game.2035~> F7D794
<Jaymanen> 1 side 7825C9
<Jaymanen> ok 33E7D6
<Jaymanen> doesnt really matter what i do B802FB
$Jaymanen<~Scribe.141~>102 <~Scribe.142~><~Game.2043~><~Scribe.143~><~Game.2035~><~Scribe.144~> BF0334
$Jaymanen<~Scribe.141~>055 057 049 048 047 046 045 043 042 041 <~Scribe.142~><~Game.1932~><~Scribe.143~><~Game.1938~><~Scribe.144~> 43D0CA
$Jaymanen<~Scribe.141~>442 320 037 012 013 015 344 343 020 019 018 017 016 <~Scribe.142~><~Game.1964~><~Scribe.143~><~Game.1959~><~Scribe.144~> 2E20B4
$Jaymanen<~Controls.644~>102 <~Controls.645~><~Game.2035~> 7A9B79
<bhilly> pass FB3B90
$Jaymanen<~Scribe.141~>104 <~Scribe.142~><~Game.2043~><~Scribe.143~><~Game.2035~><~Scribe.144~> 6787EE
$Jaymanen<~Scribe.141~>442 320 037 012 013 015 344 343 020 019 018 017 016 <~Scribe.142~><~Game.1959~><~Scribe.143~><~Game.1942~><~Scribe.144~> 839B8F
$Jaymanen<~Scribe.141~>034 033 <~Scribe.142~><~Game.1971~><~Scribe.143~><~Game.1977~><~Scribe.144~> E3F0D6
$Jaymanen<~Controls.644~>104 <~Controls.645~><~Game.2035~> 37DB2D
$bhilly<~HighlightLabel.86~>213<~HighlightLabel.87~><~Game.2042~><~HighlightLabel.88~><~Game.2035~> 24B71E
$bhilly<~Scribe.141~>079 <~Scribe.142~><~Game.1943~><~Scribe.143~><~Game.1944~><~Scribe.144~> 48616E
$bhilly<~Scribe.141~>285 286 073 072 <~Scribe.142~><~Game.1925~><~Scribe.143~><~Game.1919~><~Scribe.144~> F94339
$bhilly<~Scribe.141~>285 286 073 072 <~Scribe.142~><~Game.1919~><~Scribe.143~><~Game.1918~><~Scribe.144~> 3B3B06
$bhilly<~Controls.644~>213 <~Controls.645~><~Game.2035~> C2ED59
$Jaymanen<~Scribe.141~>099 <~Scribe.142~><~Game.2043~><~Scribe.143~><~Game.2035~><~Scribe.144~> 2CAAEF
<Jaymanen> MT BAD360
$bhilly<~Scribe.141~>085 084 079 083 082 081 <~Scribe.142~><~Game.1944~><~Scribe.143~><~Game.1994~><~Scribe.144~> C81695
$bhilly<~Scribe.141~>260 <~Scribe.142~><~Game.2001~><~Scribe.143~><~Game.2002~><~Scribe.144~> 52E7F0
$Jaymanen<~Scribe.141~>442 320 037 012 013 015 344 343 020 019 018 017 016 <~Scribe.142~><~Game.1942~><~Scribe.143~><~Game.1944~><~Scribe.144~> 0FAF7B
$Jaymanen<~Controls.644~>099 <~Controls.645~><~Game.2035~> 01BD76
$bhilly<~HighlightLabel.86~>212<~HighlightLabel.87~><~Game.2042~><~HighlightLabel.88~><~Game.2035~> B12F0F
$bhilly<~Scribe.141~>359 <~Scribe.142~><~Game.2038~><~Scribe.143~><~Game.2037~><~Scribe.144~> 12708A
$bhilly<~Scribe.141~>240 <~Scribe.142~><~Game.2039~><~Scribe.143~><~Game.1921~><~Scribe.144~> 68CDB0
$bhilly<~Controls.323~>240 E488DF
$bhilly<~Controls.644~>212 359 <~Controls.645~><~Game.2035~> 6D055F
$Jaymanen<~Scribe.141~>101 <~Scribe.142~><~Game.2043~><~Scribe.143~><~Game.2035~><~Scribe.144~> 5957B6
$Jaymanen<~Scribe.141~>reveal 171 ECA2DBB7E864DBAF74D7A3D0EAF0CA756FF9D8AD 22 <~Scribe.142~><~Controls.46~><~Scribe.143~><~Game.2030~><~Scribe.144~> 5AD074
$Jaymanen<~Scribe.141~>085 <~Scribe.142~><~Game.1994~><~Scribe.143~><~Game.2030~><~Scribe.144~> 32802A
$Jaymanen<~Controls.644~>101 <~Controls.645~><~Game.2035~> 9D6B78
$Jaymanen<~Controls.726~>211 210 <~Controls.727~><~Game.1997~><~Controls.728~><~Game.2042~> ADC80C
$Jaymanen<~Controls.731~>212 359 213 358 429 428 <~Controls.732~><~Game.2039~><~Controls.733~><~Game.2042~> 51EFFD
$Jaymanen<~Controls.757~>361 103 <~Controls.758~><~Game.1997~><~Controls.759~><~Game.2043~> 74D3B2
<~Game.7~>6 null
$Jaymanen<~Controls.762~>101 099 104 102 441 105 360 100 <~Controls.763~><~Game.2041~><~Controls.764~><~Game.2043~> E3C0B3
$Jaymanen<~Controls.509~>191<~Controls.510~><~Game.2006~><~Controls.511~><~Controls.46~> null
$Jaymanen<~Controls.509~>187<~Controls.510~><~Game.2007~><~Controls.511~><~Controls.46~> null
$bhilly<~Controls.509~>136<~Controls.510~><~Game.2004~><~Controls.511~><~Controls.45~> null
$bhilly<~Controls.509~>134<~Controls.510~><~Game.2005~><~Controls.511~><~Controls.45~> null
$Jaymanen<~Controls.296~>199 <~Controls.297~><~Controls.46~> 76BB06
$Jaymanen<~Scribe.141~>103 <~Scribe.142~><~Game.2043~><~Scribe.143~><~Game.1997~><~Scribe.144~> 41E20A
$bhilly<~Controls.281~>114 <~Controls.282~><~Controls.45~><~Controls.283~><~Game.2039~> 3E32D8
$bhilly<~Controls.281~>428 <~Controls.282~><~Game.2042~><~Controls.283~><~Game.2038~> 10D61C
$bhilly<~Scribe.141~>247 <~Scribe.142~><~Game.1911~><~Scribe.143~><~Game.1953~><~Scribe.144~> 8FE2D5
$bhilly<~Controls.323~>247 751072
$bhilly<~Controls.323~>247 F3CB6C
<bhilly> fsp ok AAE80D
$Jaymanen<~Controls.345~>101 099 104 102 441 105 360 100 361 <~Controls.346~>13 14 15 13 1 12 10 15 10 null
$Jaymanen<~Controls.350~>101 099 104 102 441 105 360 100 361 null
$bhilly<~Controls.345~>212 359 213 358 429 211 210 <~Controls.346~>4 1 1 3 1 1 3 null
$bhilly<~HighlightLabel.86~>213<~HighlightLabel.87~><~Game.2042~><~HighlightLabel.88~><~Game.2035~> BBA5F8
$bhilly<~Controls.790~>248<~Controls.791~><~Game.2014~><~Controls.792~><~Game.2015~> F0CC49
$bhilly<~Controls.795~>213<~Controls.796~><~Game.2035~><~Controls.797~><~Game.1997~> 0A9C96
<game> Jaymanen<~Controls.1~> 2 2 4 null
<game> Jaymanen<~Controls.1~> 3 null
$Jaymanen<~Scribe.141~>102 <~Scribe.142~><~Game.2043~><~Scribe.143~><~Game.2035~><~Scribe.144~> B57B73
$Jaymanen<~Scribe.141~>253 039 <~Scribe.142~><~Game.1928~><~Scribe.143~><~Game.1944~><~Scribe.144~> 737BF7
$Jaymanen<~Scribe.141~>039 <~Scribe.142~><~Game.1944~><~Scribe.143~><~Game.1953~><~Scribe.144~> DA8508
$Jaymanen<~Controls.644~>102 <~Controls.645~><~Game.2035~> 273CF7
$bhilly<~HighlightLabel.86~>211<~HighlightLabel.87~><~Game.2042~><~HighlightLabel.88~><~Game.2035~> 2FF947
$bhilly<~Controls.790~>248<~Controls.791~><~Game.2015~><~Controls.792~><~Game.2016~> 739243
$bhilly<~Controls.795~>211<~Controls.796~><~Game.2035~><~Controls.797~><~Game.1997~> 5D905E
<game> Jaymanen<~Controls.1~> 2 2 5 null
<game> Jaymanen<~Controls.1~> 5 null
$Jaymanen<~Controls.624~>214<~Controls.625~><~Game.2044~><~Controls.626~><~Game.2037~> null
$bhilly<~Scribe.141~>247 <~Scribe.142~><~Game.1953~><~Scribe.143~><~Game.1948~><~Scribe.144~> 8CB79C
$bhilly<~Controls.323~>247 153EA1
$bhilly<~Controls.644~>214 <~Controls.645~><~Game.2035~> 7029D5
$Jaymanen<~Scribe.141~>099 <~Scribe.142~><~Game.2043~><~Scribe.143~><~Game.2035~><~Scribe.144~> 059A30
$Jaymanen<~Scribe.141~>reveal 182 31EB81AE57A6E481528DA55D72ADEAEDF102C332 13 <~Scribe.142~><~Controls.46~><~Scribe.143~><~Game.2037~><~Scribe.144~> 235498
$Jaymanen<~Scribe.141~>252 <~Scribe.142~><~Game.2014~><~Scribe.143~><~Game.2016~><~Scribe.144~> 5B6955
$bhilly<~Scribe.141~>252 <~Scribe.142~><~Game.2014~><~Scribe.143~><~Game.2016~><~Scribe.144~> 091D09
$Jaymanen<~Controls.644~>099 182 <~Controls.645~><~Game.2035~> 14F0A2
$bhilly<~HighlightLabel.86~>359<~HighlightLabel.87~><~Game.2042~><~HighlightLabel.88~><~Game.2035~> C32C8B
$bhilly<~Controls.323~>247 8FF0EA
$bhilly<~Controls.644~>359 <~Controls.645~><~Game.2035~> EDD685
$Jaymanen<~Scribe.141~>105 <~Scribe.142~><~Game.2043~><~Scribe.143~><~Game.2035~><~Scribe.144~> 7BD67D
$Jaymanen<~Controls.281~>105 <~Controls.282~><~Game.2035~><~Controls.283~><~Game.2043~> D72361
$Jaymanen<~Scribe.141~>361 <~Scribe.142~><~Game.2043~><~Scribe.143~><~Game.2035~><~Scribe.144~> 5BE1F6
$Jaymanen<~Controls.304~>012 <~Controls.305~><~Game.1944~> 476EDE
$Jaymanen<~Controls.313~>035 <~Controls.309~><~Controls.314~><~Game.1944~> 76B804
$Jaymanen<~Controls.644~>361 <~Controls.645~><~Game.2035~> 328717
$bhilly<~HighlightLabel.86~>429<~HighlightLabel.87~><~Game.2042~><~HighlightLabel.88~><~Game.2035~> 546EB3
$bhilly<~Scribe.141~>257 <~Scribe.142~><~Game.2000~><~Scribe.143~><~Game.2001~><~Scribe.144~> C808C3
$bhilly<~Controls.644~>429 <~Controls.645~><~Game.2035~> 11E374
$Jaymanen<~Scribe.141~>360 <~Scribe.142~><~Game.2043~><~Scribe.143~><~Game.2035~><~Scribe.144~> A297A0
$Jaymanen<~Controls.304~>019 <~Controls.305~><~Game.1944~> 0E6E80
$Jaymanen<~Controls.313~>336 <~Controls.309~><~Controls.314~><~Game.1944~> 401D5A
$Jaymanen<~Controls.644~>360 <~Controls.645~><~Game.2035~> 026D5E
$bhilly<~HighlightLabel.86~>210<~HighlightLabel.87~><~Game.2042~><~HighlightLabel.88~><~Game.2035~> AFADD0
$bhilly<~Scribe.141~>257 <~Scribe.142~><~Game.2001~><~Scribe.143~><~Game.2002~><~Scribe.144~> 9473D7
$bhilly<~Controls.644~>210 <~Controls.645~><~Game.2035~> 8E0D4A
$Jaymanen<~Scribe.141~>441 <~Scribe.142~><~Game.2043~><~Scribe.143~><~Game.2035~><~Scribe.144~> D038DD
$Jaymanen<~Scribe.141~>326 <~Scribe.142~><~Game.2040~><~Scribe.143~><~Game.1910~><~Scribe.144~> 6A6F87
$Jaymanen<~Controls.644~>441 <~Controls.645~><~Game.2035~> DA1F3C
$bhilly<~HighlightLabel.86~>358<~HighlightLabel.87~><~Game.2042~><~HighlightLabel.88~><~Game.2035~> 8F36FA
$bhilly<~Scribe.141~>257 <~Scribe.142~><~Game.2002~><~Scribe.143~><~Game.2003~><~Scribe.144~> D63EB2
$bhilly<~Controls.644~>358 <~Controls.645~><~Game.2035~> DAEE36
$Jaymanen<~Scribe.141~>101 <~Scribe.142~><~Game.2043~><~Scribe.143~><~Game.2035~><~Scribe.144~> 128A78
$Jaymanen<~Scribe.141~>reveal 160 068643DDAB87382FCB02AD6720B75CA52432FE3D 16 <~Scribe.142~><~Controls.46~><~Scribe.143~><~Game.2034~><~Scribe.144~> CD8893
$Jaymanen<~CardBuffet.3~>160 <~CardBuffet.4~><~Game.2034~><~CardBuffet.5~><~Controls.46~> 8B826B
$Jaymanen<~Controls.281~>101 <~Controls.282~><~Game.2035~><~Controls.283~><~Game.2043~> D46356
$Jaymanen<~Scribe.141~>105 <~Scribe.142~><~Game.2043~><~Scribe.143~><~Game.2035~><~Scribe.144~> 669145
$Jaymanen<~Scribe.141~>034 033 <~Scribe.142~><~Game.1977~><~Scribe.143~><~Game.1969~><~Scribe.144~> CAA264
$Jaymanen<~Scribe.141~>055 057 049 048 047 046 045 043 042 041 <~Scribe.142~><~Game.1938~><~Scribe.143~><~Game.1932~><~Scribe.144~> B4DAA2
$Jaymanen<~Controls.644~>105 <~Controls.645~><~Game.2035~> 93B8BE
$bhilly<~HighlightLabel.86~>212<~HighlightLabel.87~><~Game.2042~><~HighlightLabel.88~><~Game.2035~> 96C76B
$bhilly<~Scribe.141~>reveal 134 6FADBF82794818AB16B5BA9E3D10A235DA02B7AE 12 <~Scribe.142~><~Controls.45~><~Scribe.143~><~Game.2036~><~Scribe.144~> 375EEE
$bhilly<~Scribe.141~>270 276 <~Scribe.142~><~Game.2038~><~Scribe.143~><~Game.1920~><~Scribe.144~> 27D48A
$bhilly<~Controls.644~>212 134 <~Controls.645~><~Game.2035~> 84996B
$Jaymanen<~Scribe.141~>101 <~Scribe.142~><~Game.2043~><~Scribe.143~><~Game.2035~><~Scribe.144~> CEA646
$Jaymanen<~Scribe.141~>reveal 200 4C09D4353DAC08B65D9D6309F3831490C42A3CD8 11 <~Scribe.142~><~Controls.46~><~Scribe.143~><~Game.2037~><~Scribe.144~> 7E7ADA
$Jaymanen<~Controls.281~>238 <~Controls.282~><~Game.2046~><~Controls.283~><~Game.2045~> 00AA82
$Jaymanen<~Controls.644~>101 200 <~Controls.645~><~Game.2035~> 30A10B
$Jaymanen<~Controls.726~>211 213 <~Controls.727~><~Game.1997~><~Controls.728~><~Game.2042~> D396D4
$Jaymanen<~Controls.731~>212 358 210 429 359 <~Controls.732~><~Game.2039~><~Controls.733~><~Game.2042~> C5FA23
$Jaymanen<~Controls.757~>104 100 103 <~Controls.758~><~Game.1997~><~Controls.759~><~Game.2043~> BBB933
<~Game.7~>7 null
$Jaymanen<~Controls.762~>101 105 441 360 361 099 102 <~Controls.763~><~Game.2041~><~Controls.764~><~Game.2043~> 61F249
$Jaymanen<~Controls.509~>166<~Controls.510~><~Game.2006~><~Controls.511~><~Controls.46~> null
$Jaymanen<~Controls.509~>197<~Controls.510~><~Game.2007~><~Controls.511~><~Controls.46~> null
$bhilly<~Controls.509~>117<~Controls.510~><~Game.2004~><~Controls.511~><~Controls.45~> null
$bhilly<~Controls.509~>129<~Controls.510~><~Game.2005~><~Controls.511~><~Controls.45~> null
$bhilly<~Controls.281~>117 <~Controls.282~><~Controls.45~><~Controls.283~><~Game.2039~> 2E4594
<bhilly> fsp ok 18E06F
$Jaymanen<~Scribe.141~>103 <~Scribe.142~><~Game.2043~><~Scribe.143~><~Game.1997~><~Scribe.144~> 0C355C
$Jaymanen<~Controls.345~>101 105 441 360 361 099 102 104 100 <~Controls.346~>10 14 1 11 11 11 10 13 14 null
$Jaymanen<~Controls.350~>101 105 441 360 361 099 102 104 100 null
$bhilly<~Controls.345~>212 358 210 429 359 211 213 <~Controls.346~>1 0 1 1 1 4 2 null
$bhilly<~HighlightLabel.86~>359<~HighlightLabel.87~><~Game.2042~><~HighlightLabel.88~><~Game.2035~> 95E772
$bhilly<~Controls.790~>248<~Controls.791~><~Game.2014~><~Controls.792~><~Game.2015~> 12F692
$bhilly<~Controls.795~>359<~Controls.796~><~Game.2035~><~Controls.797~><~Game.1997~> A5AD51
<game> Jaymanen<~Controls.1~> 1 null
$Jaymanen<~Scribe.141~>100 <~Scribe.142~><~Game.2043~><~Scribe.143~><~Game.2035~><~Scribe.144~> 0CB93A
$Jaymanen<~Scribe.141~>reveal 187 0F770CAFEB233EAFF277A4616D150D578C45867A 6 <~Scribe.142~><~Controls.46~><~Scribe.143~><~Game.2037~><~Scribe.144~> 9C2DEE
$bhilly<~Scribe.141~>270 276 077 076 075 <~Scribe.142~><~Game.1920~><~Scribe.143~><~Game.1995~><~Scribe.144~> 7F35A0
<Jaymanen> all 572465
$bhilly<~Scribe.141~>260 <~Scribe.142~><~Game.2002~><~Scribe.143~><~Game.2003~><~Scribe.144~> 0342DF
$Jaymanen<~Scribe.141~>055 057 049 048 047 046 045 043 042 041 <~Scribe.142~><~Game.1932~><~Scribe.143~><~Game.1920~><~Scribe.144~> 9C5BE8
$Jaymanen<~Controls.644~>100 187 <~Controls.645~><~Game.2035~> 3109CA
$bhilly<~HighlightLabel.86~>210<~HighlightLabel.87~><~Game.2042~><~HighlightLabel.88~><~Game.2035~> 9EF3F3
$bhilly<~Controls.790~>248<~Controls.791~><~Game.2015~><~Controls.792~><~Game.2016~> 09A907
$bhilly<~Controls.795~>210<~Controls.796~><~Game.2035~><~Controls.797~><~Game.1997~> 39BD6F
<game> Jaymanen<~Controls.1~> 3 null
$Jaymanen<~Scribe.141~>105 <~Scribe.142~><~Game.2043~><~Scribe.143~><~Game.2035~><~Scribe.144~> 863432
$Jaymanen<~Scribe.141~>reveal 191 CBA2FCC6FEBFF6E3D68A215204DFE027A2C731D2 21 <~Scribe.142~><~Controls.46~><~Scribe.143~><~Game.2037~><~Scribe.144~> 8B871F
$Jaymanen<~Scribe.141~>247 <~Scribe.142~><~Game.1948~><~Scribe.143~><~Game.1937~><~Scribe.144~> 7C8578
$Jaymanen<~Controls.644~>105 191 <~Controls.645~><~Game.2035~> F78777
$bhilly<~HighlightLabel.86~>212<~HighlightLabel.87~><~Game.2042~><~HighlightLabel.88~><~Game.2035~> 62333A
$bhilly<~Controls.790~>248<~Controls.791~><~Game.2016~><~Controls.792~><~Game.2017~> AF03B1
$bhilly<~Controls.795~>212<~Controls.796~><~Game.2035~><~Controls.797~><~Game.1997~> 876BCC
<game> Jaymanen<~Controls.1~> 1 null
<Jaymanen> yey 0EC3CD
<Jaymanen> -6 on 6 isnt that bad 569C69
<bhilly> could bw orse! could be raining. 2CE376
<Jaymanen> -2 on 5 442A04
<Jaymanen> and -4 on4 D3D441
<Jaymanen> not that bad 80D9E8
<bhilly> +7 on 2s is not great D7DB7B
<bhilly> those rarely help 6FEBDC
<Jaymanen> hehe 4F3FD9
<Jaymanen> nope 696B9D
<bhilly> i mean whats really wild 61A716
<bhilly> is youve rolled more than twice as many dice as me 4A7517
<bhilly> and ive rolled more than twive as many 6s as you 7217D0
<Jaymanen> hahaha 301F6D
<bhilly> thats not a good strategy for you C1E7ED
<Jaymanen> yeah 7A24B7
<bhilly> you should roll more 6s 28F5F5
<bhilly> #1 best strategy EC6C2F
<Jaymanen> i try that now thanks for tip 614CAD
<bhilly> youre welcome 7D235C
<bhilly> its the most pro thing 147B18
<bhilly> roll. 6s. 0166A9
<bhilly> just pick better dice! 616FDD
<bhilly> its THE SECRET 3C1BC4
$Jaymanen<~Scribe.141~>101 <~Scribe.142~><~Game.2043~><~Scribe.143~><~Game.2035~><~Scribe.144~> E88E8B
$Jaymanen<~Scribe.141~>325 <~Scribe.142~><~Game.2040~><~Scribe.143~><~Game.1910~><~Scribe.144~> BD990D
$Jaymanen<~Controls.644~>101 <~Controls.645~><~Game.2035~> 5B303E
$bhilly<~HighlightLabel.86~>358<~HighlightLabel.87~><~Game.2042~><~HighlightLabel.88~><~Game.2035~> 892CDC
$bhilly<~Controls.790~>248<~Controls.791~><~Game.2017~><~Controls.792~><~Game.2018~> 9A0018
$bhilly<~Controls.795~>358<~Controls.796~><~Game.2035~><~Controls.797~><~Game.1997~> A40FBD
<game> Jaymanen<~Controls.1~> 3 null
$Jaymanen<~Controls.624~>218<~Controls.625~><~Game.2044~><~Controls.626~><~Game.2037~> null
<bhilly> i was really expecting that to be smeagol 2D370F
<bhilly> lol CC46C0
<bhilly> with how this game is going 458D05
$bhilly<~Scribe.141~>244 <~Scribe.142~><~Game.1999~><~Scribe.143~><~Game.2037~><~Scribe.144~> 34C8C3
$bhilly<~Scribe.141~>218 244 <~Scribe.142~><~Game.2037~><~Scribe.143~><~Game.2036~><~Scribe.144~> 5990E9
$bhilly<~Scribe.141~>242 <~Scribe.142~><~Game.1998~><~Scribe.143~><~Game.1999~><~Scribe.144~> EB34A8
$bhilly<~Scribe.141~>247 <~Scribe.142~><~Game.1937~><~Scribe.143~><~Game.1974~><~Scribe.144~> 4FC91D
$bhilly<~Controls.323~>247 B876CA
$Jaymanen<~Controls.624~>217<~Controls.625~><~Game.2044~><~Controls.626~><~Game.2037~> null
$bhilly<~Scribe.141~>126 <~Scribe.142~><~Game.2029~><~Scribe.143~><~Game.2037~><~Scribe.144~> 2760A9
$bhilly<~Controls.644~>218 244 126 217 <~Controls.645~><~Game.2035~> 5DAD67
$Jaymanen<~Scribe.141~>102 <~Scribe.142~><~Game.2043~><~Scribe.143~><~Game.2035~><~Scribe.144~> 72ABA1
$Jaymanen<~Scribe.141~>324 <~Scribe.142~><~Game.2040~><~Scribe.143~><~Game.1910~><~Scribe.144~> A9852C
$Jaymanen<~Controls.644~>102 <~Controls.645~><~Game.2035~> B46532
<bhilly> pass 9F3A6C
$Jaymanen<~Scribe.141~>441 <~Scribe.142~><~Game.2043~><~Scribe.143~><~Game.2035~><~Scribe.144~> 79651A
$Jaymanen<~Scribe.141~>323 <~Scribe.142~><~Game.2040~><~Scribe.143~><~Game.1910~><~Scribe.144~> D788C3
$Jaymanen<~Controls.644~>441 <~Controls.645~><~Game.2035~> 57A35B
<bhilly> pass 7D3DB5
$Jaymanen<~Scribe.141~>104 <~Scribe.142~><~Game.2043~><~Scribe.143~><~Game.2035~><~Scribe.144~> 077309
$Jaymanen<~Scribe.141~>reveal 160 068643DDAB87382FCB02AD6720B75CA52432FE3D 16 <~Scribe.142~><~Controls.46~><~Scribe.143~><~Game.2034~><~Scribe.144~> AB8A8F
$Jaymanen<~Controls.840~>197 07CE0C
<auto> playchosen 619E3A
<auto><~Controls.866~>reveal 197 0B49B2320A92AEE90C48B7B3D8AE6CCE5D97A353 15<~Controls.867~><~Controls.46~><~Controls.868~><~Game.2036~> A12C61
<game> Jaymanen<~Controls.1~> 5 2 6 3 4 null
<game> Jaymanen<~Controls.1~> 5 6 4 3 null
<Jaymanen> 2 DA9F75
<game> bhilly<~Controls.1~> 2 6 4 1 3 null
<Jaymanen> post C3CDFB
<bhilly> 1 3A45F7
$bhilly<~Scribe.141~>084 <~Scribe.142~><~Game.1994~><~Scribe.143~><~Game.2037~><~Scribe.144~> A2B9BD
<game> Jaymanen<~Controls.1~> 2 1 null
$Jaymanen<~Scribe.141~>343 <~Scribe.142~><~Game.1944~><~Scribe.143~><~Game.2036~><~Scribe.144~> 35F303
<Jaymanen> draw BE84A7
$Jaymanen<~Scribe.141~>160 <~Scribe.142~><~Game.2034~><~Scribe.143~><~Game.2033~><~Scribe.144~> AB428E
$Jaymanen<~Controls.662~>197 343 084 <~Controls.663~><~Game.2035~> 1B12B8
$Jaymanen<~Controls.509~>189<~Controls.510~><~Game.2007~><~Controls.511~><~Controls.46~> null
<Jaymanen> nc FC8FE7
<bhilly> i cant paly 1C759B
<bhilly> denethor 424BF8
<game> Jaymanen<~Controls.1~> 5 3 1 5 4 null
<game> Jaymanen<~Controls.1~> 4 4 2 3 6 null
<game> bhilly<~Controls.1~> 4 1 5 2 null
<bhilly> 1 36A38F
<Jaymanen> 1 A951AB
$bhilly<~Scribe.141~>081 <~Scribe.142~><~Game.1994~><~Scribe.143~><~Game.2037~><~Scribe.144~> 0F7B5F
<Jaymanen> nc D4D1A6
$Jaymanen<~Scribe.141~>160 <~Scribe.142~><~Game.2033~><~Scribe.143~><~Game.2032~><~Scribe.144~> 702CFC
$Jaymanen<~Scribe.141~>344 <~Scribe.142~><~Game.1944~><~Scribe.143~><~Game.2036~><~Scribe.144~> 1ADBC5
$Jaymanen<~Controls.662~>344 081 <~Controls.663~><~Game.2035~> D55E05
$bhilly<~Controls.662~>344 081 <~Controls.663~><~Game.2035~> 88B636
<game> bhilly<~Controls.1~> 3 6 3 null
<game> Jaymanen<~Controls.1~> 3 1 1 6 2 null
<bhilly> 1 9BD16F
<game> Jaymanen<~Controls.1~> 6 3 2 5 null
<Jaymanen> 2 7DCAA2
$bhilly<~Scribe.141~>079 083 <~Scribe.142~><~Game.1994~><~Scribe.143~><~Game.2037~><~Scribe.144~> C388E3
$Jaymanen<~Scribe.141~>160 <~Scribe.142~><~Game.2032~><~Scribe.143~><~Game.2036~><~Scribe.144~> 78AE4E
$Jaymanen<~Controls.304~>336 <~Controls.305~><~Game.1944~> D34070
$Jaymanen<~Controls.313~>344 <~Controls.307~><~Controls.314~><~Game.1944~> 7BB39A
<Jaymanen> nc A40247
$Jaymanen<~Controls.662~>160 079 083 <~Controls.663~><~Game.2035~> C6BEA5
<bhilly> did you take hit? 0A4EC2
$Jaymanen<~Scribe.141~>015 <~Scribe.142~><~Game.1944~><~Scribe.143~><~Game.2037~><~Scribe.144~> CBEBA8
$Jaymanen<~Controls.662~>015 <~Controls.663~><~Game.2035~> 593F39
<bhilly> kk 473684
<game> Jaymanen<~Controls.1~> 3 5 1 4 5 null
<game> Jaymanen<~Controls.1~> 2 3 2 1 2 null
<game> bhilly<~Controls.1~> 5 null
<bhilly> 1 208181
<Jaymanen> ahhahaa 47A8E4
<Jaymanen> sure 3BA6B6
<Jaymanen> fair 4F4236
<Jaymanen> press nc 50AF44
$Jaymanen<~Controls.304~>035 <~Controls.305~><~Game.1944~> A29620
$Jaymanen<~Controls.313~>015 <~Controls.307~><~Controls.314~><~Game.1944~> D6A7D3
$Jaymanen<~Scribe.141~>017 <~Scribe.142~><~Game.1944~><~Scribe.143~><~Game.2037~><~Scribe.144~> BE1230
$Jaymanen<~Controls.662~>017 <~Controls.663~><~Game.2035~> 6A160E
<game> Jaymanen<~Controls.1~> 6 4 5 5 3 null
<game> bhilly<~Controls.1~> 4 null
$bhilly<~Scribe.141~>082 <~Scribe.142~><~Game.1994~><~Scribe.143~><~Game.2037~><~Scribe.144~> E67044
<Jaymanen> only -7 7C3D03
$Jaymanen<~Controls.644~>104 082 <~Controls.645~><~Game.2035~> 282AC3
$Jaymanen<~Scribe.141~>413 <~Scribe.142~><~Game.2040~><~Scribe.143~><~Game.1944~><~Scribe.144~> 6AAE4B
$bhilly<~HighlightLabel.86~>429<~HighlightLabel.87~><~Game.2042~><~HighlightLabel.88~><~Game.2035~> 3CEA15
$bhilly<~Scribe.141~>313 <~Scribe.142~><~Game.2038~><~Scribe.143~><~Game.1965~><~Scribe.144~> 0946ED
$bhilly<~Controls.644~>429 <~Controls.645~><~Game.2035~> FEEDB3
<Jaymanen> 98 / 9 vs 38 / 10 00513C
$Jaymanen<~Scribe.141~>423 <~Scribe.142~><~Game.28~><~Scribe.143~><~Game.30~><~Scribe.144~> 455A73
$Jaymanen<~Scribe.141~>099 <~Scribe.142~><~Game.2043~><~Scribe.143~><~Game.2035~><~Scribe.144~> AE2430
$bhilly<~Scribe.141~>171 085 <~Scribe.142~><~Game.2030~><~Scribe.143~><~Game.2036~><~Scribe.144~> D80918
$bhilly<~Controls.662~>171 085 <~Controls.663~><~Game.2035~> 163DA9
$Jaymanen<~Scribe.141~>253 442 320 037 015 344 013 020 018 <~Scribe.142~><~Game.1944~><~Scribe.143~><~Game.1935~><~Scribe.144~> A65BDB
$Jaymanen<~Scribe.141~>018 <~Scribe.142~><~Game.1935~><~Scribe.143~><~Game.1944~><~Scribe.144~> C190D2
$Jaymanen<~Scribe.141~>044 <~Scribe.142~><~Game.1946~><~Scribe.143~><~Game.1932~><~Scribe.144~> 8AAF17
$Jaymanen<~Controls.644~>099 <~Controls.645~><~Game.2035~> 2EB022
$Jaymanen<~Scribe.141~>414 <~Scribe.142~><~Game.2040~><~Scribe.143~><~Game.1935~><~Scribe.144~> FC4282
$bhilly<~HighlightLabel.86~>213<~HighlightLabel.87~><~Game.2042~><~HighlightLabel.88~><~Game.2035~> 9087B7
$bhilly<~Scribe.141~>reveal 128 E73848974568385AD7D6F61E72FEE87FC5B68F4C 23 <~Scribe.142~><~Controls.45~><~Scribe.143~><~Game.2036~><~Scribe.144~> 3957EA
<game> bhilly<~Controls.1~> 4 2 3 null
$bhilly<~Controls.644~>213 128 <~Controls.645~><~Game.2035~> 45E9BA
$Jaymanen<~Scribe.141~>361 <~Scribe.142~><~Game.2043~><~Scribe.143~><~Game.2035~><~Scribe.144~> 785203
<Jaymanen> pels B86A9B
$Jaymanen<~Controls.840~>189 9A2B94
<bhilly> nc 3485B5
<auto> playchosen C80FEE
<auto><~Controls.866~>reveal 189 FE7DE2C00441B64A534547B42E9AC7A44378C557 13<~Controls.867~><~Controls.46~><~Controls.868~><~Game.2036~> 7608CE
<game> bhilly<~Controls.1~> 3 null
<game> Jaymanen<~Controls.1~> 5 3 2 1 null
$bhilly<~Scribe.141~>078 <~Scribe.142~><~Game.1931~><~Scribe.143~><~Game.2037~><~Scribe.144~> 818CE8
$Jaymanen<~Scribe.141~>013 344 <~Scribe.142~><~Game.1935~><~Scribe.143~><~Game.1931~><~Scribe.144~> CECCD5
$Jaymanen<~Scribe.141~>412 <~Scribe.142~><~Game.2040~><~Scribe.143~><~Game.1931~><~Scribe.144~> 210437
$Jaymanen<~Controls.509~>184<~Controls.510~><~Game.2007~><~Controls.511~><~Controls.46~> null
$Jaymanen<~Controls.644~>361 189 078 <~Controls.645~><~Game.2035~> E39192
$bhilly<~HighlightLabel.86~>211<~HighlightLabel.87~><~Game.2042~><~HighlightLabel.88~><~Game.2035~> F9D5F2
$bhilly<~Scribe.141~>278 <~Scribe.142~><~Game.2038~><~Scribe.143~><~Game.1924~><~Scribe.144~> D1D517
$bhilly<~Scribe.141~>311 <~Scribe.142~><~Game.2038~><~Scribe.143~><~Game.1965~><~Scribe.144~> 6C0D98
$bhilly<~Controls.644~>211 <~Controls.645~><~Game.2035~> 527D47
$Jaymanen<~Scribe.141~>360 <~Scribe.142~><~Game.2043~><~Scribe.143~><~Game.2035~><~Scribe.144~> 0E9BEA
$Jaymanen<~Scribe.141~>034 033 032 031 <~Scribe.142~><~Game.1969~><~Scribe.143~><~Game.1964~><~Scribe.144~> E618AE
$Jaymanen<~Controls.819~> 1AB4EC
$Jaymanen<~Scribe.141~>reveal 184 082DCC55655250A36D2B1C59D2CADED4F028BA4C 21 <~Scribe.142~><~Controls.46~><~Scribe.143~><~Game.2037~><~Scribe.144~> 6228B5
$Jaymanen<~Controls.819~> 10B0AE
$Jaymanen<~Scribe.141~>034 033 032 031 <~Scribe.142~><~Game.1969~><~Scribe.143~><~Game.1964~><~Scribe.144~> 34EEA5
$Jaymanen<~Scribe.141~>016 <~Scribe.142~><~Game.1944~><~Scribe.143~><~Game.1942~><~Scribe.144~> 3F5F57
$Jaymanen<~Controls.644~>360 <~Controls.645~><~Game.2035~> BD92AD
$bhilly<~Controls.726~>358 212 210 359 <~Controls.727~><~Game.1997~><~Controls.728~><~Game.2042~> B1CAEB
$bhilly<~Controls.731~>211 213 429 <~Controls.732~><~Game.2039~><~Controls.733~><~Game.2042~> 85B189
$bhilly<~Controls.757~>103 <~Controls.758~><~Game.1997~><~Controls.759~><~Game.2043~> 464366
<~Game.7~>8 null
$bhilly<~Controls.762~>360 361 099 104 441 102 101 105 100 <~Controls.763~><~Game.2041~><~Controls.764~><~Game.2043~> 1CECEE
$bhilly<~Controls.509~>144<~Controls.510~><~Game.2004~><~Controls.511~><~Controls.45~> null
$bhilly<~Controls.509~>111<~Controls.510~><~Game.2005~><~Controls.511~><~Controls.45~> null
$Jaymanen<~Controls.509~>174<~Controls.510~><~Game.2006~><~Controls.511~><~Controls.46~> null
$Jaymanen<~Controls.509~>192<~Controls.510~><~Game.2007~><~Controls.511~><~Controls.46~> null
$bhilly<~Controls.281~>106 <~Controls.282~><~Controls.45~><~Controls.283~><~Game.2039~> D93ABE
$Jaymanen<~Scribe.141~>103 <~Scribe.142~><~Game.2043~><~Scribe.143~><~Game.1997~><~Scribe.144~> 012175
$Jaymanen<~Controls.281~>238 <~Controls.282~><~Game.2045~><~Controls.283~><~Game.2044~> 000244
$bhilly<~Scribe.141~>247 <~Scribe.142~><~Game.1974~><~Scribe.143~><~Game.524~><~Scribe.144~> DB63CC
<bhilly> fsp ok 7FA0B8
$Jaymanen<~Scribe.141~>100 <~Scribe.142~><~Game.2043~><~Scribe.143~><~Game.2035~><~Scribe.144~> B95645
$Jaymanen<~Controls.281~>100 <~Controls.282~><~Game.2035~><~Controls.283~><~Game.2043~> F8DDDF
$Jaymanen<~Controls.345~>100 360 361 099 104 441 102 101 105 <~Controls.346~>12 11 12 12 10 3 10 10 11 null
$Jaymanen<~Controls.350~>100 360 361 099 104 441 102 101 105 null
$Jaymanen<~Scribe.141~>441 <~Scribe.142~><~Game.2043~><~Scribe.143~><~Game.1997~><~Scribe.144~> 3B3956
<bhilly> oh wait 103AF0
<bhilly> we messed up BEB19D
<bhilly> you were supposed to have lost that gothmog die 4 turns ago E88FC2
<bhilly> when you brought witch king in B74BF0
$Jaymanen<~Controls.281~>441 <~Controls.282~><~Game.1997~><~Controls.283~><~Game.2041~> 697401
$Jaymanen<~Controls.281~>441 <~Controls.282~><~Game.2041~><~Controls.283~><~Game.2040~> 24FDE4
$bhilly<~Controls.345~>211 213 429 358 212 210 359 <~Controls.346~>0 1 2 3 3 1 4 null
<Jaymanen> oh my 17080E
<Jaymanen> had like 14 muster to get balrog thou:P ECB0D2
<bhilly> ya 9B6C81
<Jaymanen> how to resolve? F922F1
<bhilly> uhhhhhh i have no idea 5300F4
<bhilly> i dont think we really can 321F87
<Jaymanen> just play on? 173521
<bhilly> maybe you can muster balrog but not get die? 0D1215
<Jaymanen> isure 070FAB
<bhilly> since youve had 4 extra turns of minion die AECF50
<bhilly> thats maybe best we can do C721D4
$Jaymanen<~Scribe.141~>102 <~Scribe.142~><~Game.2043~><~Scribe.143~><~Game.2035~><~Scribe.144~> A318E2
$Jaymanen<~Controls.644~>102 <~Controls.645~><~Game.2035~> B922C5
$Jaymanen<~Scribe.141~>366 440 <~Scribe.142~><~Game.2040~><~Scribe.143~><~Game.2037~><~Scribe.144~> FFBFA6
$Jaymanen<~Controls.281~>440 <~Controls.282~><~Game.2037~><~Controls.283~><~Game.2041~> 5AD169
$Jaymanen<~Scribe.141~>366 <~Scribe.142~><~Game.2037~><~Scribe.143~><~Game.1917~><~Scribe.144~> DFBBBC
<Jaymanen> ok? A09056
<bhilly> sure A981DE
<Jaymanen> cool E35BEA
<bhilly> ok what do now A578AB
<bhilly> i think B26C92
<bhilly> this is pretty fun 478FA3
$bhilly<~HighlightLabel.86~>429<~HighlightLabel.87~><~Game.2042~><~HighlightLabel.88~><~Game.2035~> 4362FE
$bhilly<~Scribe.141~>reveal 144 5059A61732789758B66AD8F15C4BAC6AA1DE7BBC 19 <~Scribe.142~><~Controls.45~><~Scribe.143~><~Game.2036~><~Scribe.144~> B8404A
<bhilly> HERE WE GOOOO 3B0D28
<game> bhilly<~Controls.1~> 3 null
$bhilly<~Scribe.141~>013 344 <~Scribe.142~><~Game.1931~><~Scribe.143~><~Game.2037~><~Scribe.144~> F2DD49
$Jaymanen<~Scribe.141~>013 344 <~Scribe.142~><~Game.1931~><~Scribe.143~><~Game.2037~><~Scribe.144~> FB35CC
$bhilly<~Scribe.141~>241 <~Scribe.142~><~Game.1929~><~Scribe.143~><~Game.1931~><~Scribe.144~> 3BCF90
$bhilly<~Scribe.141~>280 279 277 <~Scribe.142~><~Game.2038~><~Scribe.143~><~Game.1931~><~Scribe.144~> 57E777
$bhilly<~Scribe.141~>412 <~Scribe.142~><~Game.1931~><~Scribe.143~><~Game.2037~><~Scribe.144~> 441475
$bhilly<~Controls.644~>429 144 013 344 412 <~Controls.645~><~Game.2035~> 9DE003
$Jaymanen<~Scribe.141~>099 <~Scribe.142~><~Game.2043~><~Scribe.143~><~Game.2035~><~Scribe.144~> 397802
$Jaymanen<~Scribe.141~>253 442 320 037 015 020 <~Scribe.142~><~Game.1935~><~Scribe.143~><~Game.1944~><~Scribe.144~> 88CF5D
$Jaymanen<~Scribe.141~>034 033 032 031 <~Scribe.142~><~Game.1964~><~Scribe.143~><~Game.1955~><~Scribe.144~> CD7DF7
$Jaymanen<~Scribe.141~>034 033 032 031 <~Scribe.142~><~Game.1955~><~Scribe.143~><~Game.1964~><~Scribe.144~> CCE859
$Jaymanen<~Scribe.141~>323 324 325 326 <~Scribe.142~><~Game.1910~><~Scribe.143~><~Game.1917~><~Scribe.144~> 433A6E
$Jaymanen<~Controls.644~>099 <~Controls.645~><~Game.2035~> 046262
$bhilly<~HighlightLabel.86~>358<~HighlightLabel.87~><~Game.2042~><~HighlightLabel.88~><~Game.2035~> ABBD39
$bhilly<~Scribe.141~>275 <~Scribe.142~><~Game.2038~><~Scribe.143~><~Game.1931~><~Scribe.144~> 972C4E
$bhilly<~Controls.644~>358 <~Controls.645~><~Game.2035~> 957281
$Jaymanen<~Scribe.141~>361 <~Scribe.142~><~Game.2043~><~Scribe.143~><~Game.2035~><~Scribe.144~> E161A1
$Jaymanen<~Controls.281~>361 <~Controls.282~><~Game.2035~><~Controls.283~><~Game.2043~> 007C92
$Jaymanen<~Scribe.141~>101 <~Scribe.142~><~Game.2043~><~Scribe.143~><~Game.2035~><~Scribe.144~> 0C5BC4
$Jaymanen<~Scribe.141~>255 362 <~Scribe.142~><~Game.2040~><~Scribe.143~><~Game.2037~><~Scribe.144~> 7B70D2
$Jaymanen<~Scribe.141~>255 <~Scribe.142~><~Game.2037~><~Scribe.143~><~Game.1969~><~Scribe.144~> 2E72F0
$Jaymanen<~Scribe.141~>255 <~Scribe.142~><~Game.1969~><~Scribe.143~><~Game.1917~><~Scribe.144~> 33279B
$Jaymanen<~Controls.644~>101 362 <~Controls.645~><~Game.2035~> DE566C
$bhilly<~HighlightLabel.86~>212<~HighlightLabel.87~><~Game.2042~><~HighlightLabel.88~><~Game.2035~> A40EF9
$bhilly<~Scribe.141~>274 <~Scribe.142~><~Game.2038~><~Scribe.143~><~Game.1931~><~Scribe.144~> EEDAAA
$bhilly<~Controls.644~>212 <~Controls.645~><~Game.2035~> FED18F
$Jaymanen<~Scribe.141~>100 <~Scribe.142~><~Game.2043~><~Scribe.143~><~Game.2035~><~Scribe.144~> 632EEC
$Jaymanen<~Scribe.141~>255 323 324 325 326 008 007 <~Scribe.142~><~Game.1917~><~Scribe.143~><~Game.1927~><~Scribe.144~> BA7992
$bhilly<~Scribe.141~>423 <~Scribe.142~><~Game.30~><~Scribe.143~><~Game.29~><~Scribe.144~> 2896A6
$Jaymanen<~Controls.819~> 9FC9C2
$Jaymanen<~Controls.819~> CFC5E1
<Jaymanen> dol aosg 87F3C8
<Jaymanen> osgh 872969
<Jaymanen> from ni 947F1B
<Jaymanen> nc 3B3C4D
<bhilly> kk CCB152
<bhilly> nc 236D1C
<game> bhilly<~Controls.1~> 4 null
<game> Jaymanen<~Controls.1~> 1 4 1 3 null
<Jaymanen> press 1EB83B
$bhilly<~Scribe.141~>080 <~Scribe.142~><~Game.1943~><~Scribe.143~><~Game.1931~><~Scribe.144~> 71DB53
$Jaymanen<~Scribe.141~>034 033 032 031 <~Scribe.142~><~Game.1964~><~Scribe.143~><~Game.1943~><~Scribe.144~> B8F9CA
$Jaymanen<~Controls.644~>100 <~Controls.645~><~Game.2035~> E58A97
$bhilly<~HighlightLabel.86~>213<~HighlightLabel.87~><~Game.2042~><~HighlightLabel.88~><~Game.2035~> ED7B23
$bhilly<~Controls.323~>247 3F2DDD
$bhilly<~Controls.644~>213 <~Controls.645~><~Game.2035~> 4D1F59
$Jaymanen<~Scribe.141~>361 <~Scribe.142~><~Game.2043~><~Scribe.143~><~Game.2035~><~Scribe.144~> EEF26A
$Jaymanen<~Scribe.141~>255 326 325 324 323 008 007 <~Scribe.142~><~Game.1917~><~Scribe.143~><~Game.1927~><~Scribe.144~> D90E65
$Jaymanen<~Controls.819~> 26360F
$Jaymanen<~Controls.819~> 642A2A
$Jaymanen<~Scribe.141~>104 <~Scribe.142~><~Game.2043~><~Scribe.143~><~Game.2035~><~Scribe.144~> BB8296
$Jaymanen<~Controls.304~>015 <~Controls.305~><~Game.1944~> 394959
$Jaymanen<~Controls.313~>035 <~Controls.309~><~Controls.314~><~Game.1944~> 10E1AD
$Jaymanen<~Controls.819~> 316036
$Jaymanen<~Controls.819~> 76F133
$Jaymanen<~Controls.323~>255 08E63F
$Jaymanen<~Scribe.141~>reveal 184 082DCC55655250A36D2B1C59D2CADED4F028BA4C 21 <~Scribe.142~><~Controls.46~><~Scribe.143~><~Game.2037~><~Scribe.144~> 0966DE
$Jaymanen<~Controls.819~> 749CF9
$Jaymanen<~Controls.819~> 54F434
$Jaymanen<~Controls.819~> E451B3
$Jaymanen<~Scribe.141~>361 <~Scribe.142~><~Game.2043~><~Scribe.143~><~Game.2035~><~Scribe.144~> 7794EF
<Jaymanen> Dol 852C21
$Jaymanen<~Controls.840~>192 ABFF57
$bhilly<~Controls.840~>120 99C00C
<auto> playchosen 035DDD
<auto><~Controls.3~>reveal 120 AB8302734D0B6BA3CB8F5BFAE51E993E2943CB20 6<~Controls.884~><~Controls.45~><~Controls.885~><~Game.2037~> 8B864A
<auto><~Controls.866~>reveal 192 0A3CB0D6AA6AC60048DE72D0023CA14789FB8C1D 24<~Controls.867~><~Controls.46~><~Controls.868~><~Game.2036~> ABD06F
<auto> playchosen 84382B
<game> Jaymanen<~Controls.1~> 5 1 6 null
<game> bhilly<~Controls.1~> 2 3 5 1 null
<game> Jaymanen<~Controls.1~> 3 null
<game> bhilly<~Controls.1~> 2 null
<Jaymanen> 2 8F94E2
<Jaymanen> +1 6743B1
<bhilly> 1 275A98
<Jaymanen> press 24FA41
$bhilly<~Scribe.141~>276 077 <~Scribe.142~><~Game.1995~><~Scribe.143~><~Game.2037~><~Scribe.144~> 78DF93
$Jaymanen<~Scribe.141~>041 <~Scribe.142~><~Game.1920~><~Scribe.143~><~Game.2036~><~Scribe.144~> 68E260
$Jaymanen<~Controls.304~>057 <~Controls.305~><~Game.1920~> 706FF8
$Jaymanen<~Controls.313~>054 <~Controls.307~><~Controls.314~><~Game.1920~> D81414
$Jaymanen<~Controls.662~>192 041 120 276 077 <~Controls.663~><~Game.2035~> 84BDDE
<Jaymanen> nc 375592
<bhilly> nc 479BF9
<game> Jaymanen<~Controls.1~> 1 6 5 4 5 null
<game> bhilly<~Controls.1~> 4 2 null
<Jaymanen> 1 5B0AA7
<game> bhilly<~Controls.1~> 6 null
<bhilly> 1 BF4363
<Jaymanen> press BDDE94
$bhilly<~Scribe.141~>075 <~Scribe.142~><~Game.1995~><~Scribe.143~><~Game.2037~><~Scribe.144~> AE3B0A
$Jaymanen<~Scribe.141~>042 <~Scribe.142~><~Game.1920~><~Scribe.143~><~Game.2037~><~Scribe.144~> BE488C
$Jaymanen<~Controls.304~>055 <~Controls.305~><~Game.1920~> 665928
$Jaymanen<~Controls.313~>041 <~Controls.307~><~Controls.314~><~Game.1920~> 8195BD
$Jaymanen<~Controls.662~>042 075 <~Controls.663~><~Game.2035~> B87A4E
<Jaymanen> nc 50F926
<bhilly> nc 6EF678
<game> bhilly<~Controls.1~> 1 null
<game> Jaymanen<~Controls.1~> 1 5 6 5 3 null
<game> bhilly<~Controls.1~> 4 null
$bhilly<~Scribe.141~>270 076 <~Scribe.142~><~Game.1995~><~Scribe.143~><~Game.2037~><~Scribe.144~> C81967
$Jaymanen<~Scribe.141~>423 <~Scribe.142~><~Game.30~><~Scribe.143~><~Game.32~><~Scribe.144~> 87C9B9
$Jaymanen<~Controls.644~>361 270 076 <~Controls.645~><~Game.2035~> FB5122
$bhilly<~Scribe.141~>423 <~Scribe.142~><~Game.32~><~Scribe.143~><~Game.31~><~Scribe.144~> 04F471
$Jaymanen<~Scribe.141~>416 <~Scribe.142~><~Game.2040~><~Scribe.143~><~Game.1920~><~Scribe.144~> DE05D6
$Jaymanen<~Scribe.141~>416 <~Scribe.142~><~Game.2040~><~Scribe.143~><~Game.1920~><~Scribe.144~> C7DE23
$bhilly<~HighlightLabel.86~>210<~HighlightLabel.87~><~Game.2042~><~HighlightLabel.88~><~Game.2035~> 854CC9
$bhilly<~Controls.819~> F5E8C4
$bhilly<~HighlightLabel.86~>211<~HighlightLabel.87~><~Game.2042~><~HighlightLabel.88~><~Game.2035~> 570427
$bhilly<~Controls.790~>247<~Controls.791~><~Game.524~><~Controls.792~><~Game.525~> EC40AF
$bhilly<~Controls.795~>211<~Controls.796~><~Game.2035~><~Controls.797~><~Game.1997~> A89BB2
$Jaymanen<~Controls.624~>231<~Controls.625~><~Game.2044~><~Controls.626~><~Game.2037~> null
$bhilly<~Scribe.141~>242 <~Scribe.142~><~Game.1999~><~Scribe.143~><~Game.1998~><~Scribe.144~> 5C6F38
$bhilly<~Scribe.141~>364 <~Scribe.142~><~Game.2038~><~Scribe.143~><~Game.1999~><~Scribe.144~> 55EBE3
$bhilly<~Controls.644~>231 <~Controls.645~><~Game.2035~> 8DF755
$Jaymanen<~Scribe.141~>360 <~Scribe.142~><~Game.2043~><~Scribe.143~><~Game.2035~><~Scribe.144~> B4169C
$Jaymanen<~Scribe.141~>reveal 206 0A302344D4F9386264B12A5E0BA37F882FFFFF6C 9 <~Scribe.142~><~Controls.46~><~Scribe.143~><~Game.2037~><~Scribe.144~> 719667
$Jaymanen<~Scribe.141~>255 326 325 324 323 008 <~Scribe.142~><~Game.1917~><~Scribe.143~><~Game.1928~><~Scribe.144~> 57B882
$Jaymanen<~Controls.644~>360 206 <~Controls.645~><~Game.2035~> E158B4
$bhilly<~HighlightLabel.86~>359<~HighlightLabel.87~><~Game.2042~><~HighlightLabel.88~><~Game.2035~> 945F99
$bhilly<~Scribe.141~>266 <~Scribe.142~><~Game.2038~><~Scribe.143~><~Game.1992~><~Scribe.144~> BECF88
$bhilly<~Controls.644~>359 <~Controls.645~><~Game.2035~> 98477D
$Jaymanen<~Scribe.141~>105 <~Scribe.142~><~Game.2043~><~Scribe.143~><~Game.2035~><~Scribe.144~> F98985
<Jaymanen> lor F997E2
$Jaymanen<~Controls.840~>184 2EFD6B
$bhilly<~Controls.840~>111 376575
<auto> playchosen 1AEAFA
<auto><~Controls.3~>reveal 111 3A8CBEC4BB1B836318BD0C8A63F10034B457F241 13<~Controls.884~><~Controls.45~><~Controls.885~><~Game.2037~> DCFCD6
<auto><~Controls.866~>reveal 184 082DCC55655250A36D2B1C59D2CADED4F028BA4C 21<~Controls.867~><~Controls.46~><~Controls.868~><~Game.2036~> 835208
<auto> playchosen 7343FD
<game> Jaymanen<~Controls.1~> 6 4 1 5 5 null
<game> Jaymanen<~Controls.1~> 5 1 1 1 null
<game> bhilly<~Controls.1~> 5 5 6 5 6 null
<Jaymanen> 1 4CADF0
<bhilly> wtf 1A806D
<Jaymanen> hahaha C48F2E
<Jaymanen> i give up 0BD838
<Jaymanen> wp 44D4CC
<Jaymanen> see ya 1DF513
<bhilly> thats 2 combats in lorien where i jst roll 5 hits 8E20E3
<bhilly> insane 5CE3F3
<bhilly> sorry man 5B31BB
<Jaymanen> 4th time 5 out of 5 roll 7DCA56
<bhilly> not a fair match at all 827002
$Jaymanen<~Controls.644~>105 184 111 <~Controls.645~><~Game.2035~> A66719
<Jaymanen> no but wp 4B9E5D
<Jaymanen> see ya another da 849B89
<Jaymanen> y 412F6A
<~Talker.22~> null
