<auto> silent null
<auto><~Scribe.141~>363 397 398 402 401 400 399 403 404 376 375 374 373 377 378 <~Scribe.142~><~Game.2038~><~Scribe.143~>Spare<~Scribe.144~> null
<auto><~Scribe.141~>365 366 379 380 381 382 383 384 385 386 387 388 389 390 391 392 393 394 395 396 367 368 369 370 371 372 <~Scribe.142~><~Game.2040~><~Scribe.143~>Spare<~Scribe.144~> null
<auto><~Scribe.141~>230 231 <~Scribe.142~><~Game.2044~><~Scribe.143~>Spare<~Scribe.144~> null
<auto><~Scribe.141~>155 152 <~Scribe.142~><~Game.2004~><~Scribe.143~>Spare<~Scribe.144~> null
<auto><~Scribe.141~>137 151 <~Scribe.142~><~Game.2005~><~Scribe.143~>Spare<~Scribe.144~> null
<auto><~Scribe.141~>161 198 <~Scribe.142~><~Game.2006~><~Scribe.143~>Spare<~Scribe.144~> null
<auto><~Scribe.141~>163 188 <~Scribe.142~><~Game.2007~><~Scribe.143~>Spare<~Scribe.144~> null
<auto><~Controls.323~>364 null
<auto> noisy null
<auto> silent null
<auto><~Scribe.141~>312 <~Scribe.142~><~Game.2038~><~Scribe.143~><~Game.1965~><~Scribe.144~> null
<auto> noisy null
<~Game.7~>1 null
<auto> silent null
<auto><~Scribe.141~>363 397 398 402 401 400 399 403 404 376 375 374 373 377 378 <~Scribe.142~><~Game.2038~><~Scribe.143~>Spare<~Scribe.144~> null
<auto><~Scribe.141~>365 366 379 380 381 382 383 384 385 386 387 388 389 390 391 392 393 394 395 396 367 368 369 370 371 372 <~Scribe.142~><~Game.2040~><~Scribe.143~>Spare<~Scribe.144~> null
<auto><~Scribe.141~>230 231 <~Scribe.142~><~Game.2044~><~Scribe.143~>Spare<~Scribe.144~> null
<auto><~Scribe.141~>155 152 <~Scribe.142~><~Game.2004~><~Scribe.143~>Spare<~Scribe.144~> null
<auto><~Scribe.141~>137 151 <~Scribe.142~><~Game.2005~><~Scribe.143~>Spare<~Scribe.144~> null
<auto><~Scribe.141~>161 198 <~Scribe.142~><~Game.2006~><~Scribe.143~>Spare<~Scribe.144~> null
<auto><~Scribe.141~>163 188 <~Scribe.142~><~Game.2007~><~Scribe.143~>Spare<~Scribe.144~> null
<auto><~Controls.323~>364 null
<auto> noisy null
$base silent null
$TEST<~Scribe.141~>312 <~Scribe.142~><~Game.2038~><~Scribe.143~><~Game.1965~><~Scribe.144~> null
$base noisy null
<game> webbely<~Controls.408~>[WOTR-Gandalf2 wotr base2] null
<game> Error trying to connect. There probably wasn't anyone listening at that address/port. null
<game> Error trying to connect. There probably wasn't anyone listening at that address/port. null
<game> Error trying to connect. There probably wasn't anyone listening at that address/port. null
<~Talker.31~> null
<Alexey'a> hello 
<webbely> hi! 
<Alexey'a> dwarf league 
<Alexey'a> 2 t for SP 
<webbely> that's it 
<webbely> fine with me 
<Alexey'a> who higher sp 
<game> Alexey'a<~Controls.1~> 6 null
<game> webbely<~Controls.1~> 2 null
<Alexey'a> gk 
<webbely> gl hf 
<Alexey'a> gl 
$Alexey'a<~Controls.479~>0AE1221CB85CE3CD2D990AEA7DBBDF188D9FE8B6 BA00159A7787874C88C26E057CB5959F 24 22B2003B1BF8E8EEB637A1630626DD748AD4C7FB 83C66213666CEC6C6AFDE28A9DD4217B B16FC7C32C0A0BE098F9F18044CE296BCB667D43 FF99F9D592CAD49B966B692D7BC45137 05904FE3C532596F96EE37D4B4170874A50BC037 10B4181CCE991AF7E7B5BA08F1EF2DE0 CAE612EAFF91E33DAAF5E7DD5C636B77989256AD 346BC3BCF5CE3D9AD0C4BF2557D26D02 E574E3F485A6749B7A90E22576695E5F744F6F5A 09099B371EDDA8AD7D7BC1BAD0FD1C9F D69854822321E3B343346163898C6CC479394AA1 13F441630E961F373881360BDFB259B9 2618764A17633EF37EDD69E7E7C73E7B65C29C42 BD312118EE1D57960EBD59BB40DDAC53 FACF86E85F855647AE5CEA64C4E9C07E582C5681 9D8475073DE66CBDB2673AB1F58924EA 365D71A39EAF6492D278A055D0B4E7C34C0A5E09 FCAA19B107E4DDA5A0D7A00C9E2A57F7 306C3CD9DBB0A406F13B87DF026B442FF401D839 9481D7DD5675FE4E856B31570D3A079E D61E4E58C0CBFDB38B5D164DC9F1A18955EC6F16 9B0E62F0E9A9067EDD36E970191684BC C3B4A4EEC0E3E6D67983D15B1C2B105BF017C992 00B9B6D023E3CD38DD54A670B2225E23 E448ED6EFCE20820916DB96D38D3A8DCCDDAD3A4 F42FC4BC46FF8B769405285F368AD163 A0956D7ECF81110C67ACF374C8ECFB273C2B0CB9 ABC6193AE083A5244CF9106B022FAC3C A72599795F4AD64BBB0B41F08366B5170D560C8A 63484A17857BEB73366E38A84AA2A87B 1DF5F2C54C21FB4512B2C5CB19D99A3C817F13B4 A588D97CBDFA0E7445043D322D3481AE 1A01ACAFFA9A02702AA45B5155C8ED3D0E041BAE CA333C9D4080938A596B165C03719B07 4EEA00E18B265C36F2139FA182430F8F14BDF13D C0A3E58560A48AFFA04F9192F99F5DC7 D4DF61AB302B761B25611E8B43D3AB7C6F3F085D 0DBDD7D0C6CB161039287380E0164582 EC15035030898C6A64532A33A513C5BE44561D38 1418E5AA60D1590C19CCB97E4177ED05 232C9D9BAF6A37B215C4B3344137C9759A613811 97FA157F99DB4F8732F14434B428A609 5D336A8C9552DB6D0699A7FF455657A613ACD455 7DE5A40FCBD0658AD1F975AC71A43473 C70F0DC5F15D94F52D9A0CC7F3A4D7304B1978BB D4BA0F51F11E9EC747B434EE276637CB F0B1C4483CE986293755B6683E91F54773E1966B 18C006B8A1CA0D93CBF08DF20C96869F 24 86782A407E44EF01D203BCFB140C36C98DB0F614 B500D31738F9A6DA9F110B9E35C02C72 FC3BF15847864230D079946C553AE82B5A06BB53 CAD461B0566AE5B070F92F50272D6372 B80A1E7162CC27011E7E09B7945FB61FE8A34134 2F90BBA98D94444F02FC7E9BADAFA26F 5FC5FA4C242C75F54CD0F7EE690E737AF3041018 B99D87425459AEAF0CB5388CEBFB9226 896EE0A30745904654B006E2B46A50A211DF95D3 BC8AA03841848C2B60E90777B3DBAF71 7C6732173FF7DCC425FB0ACF66EE6F50ADA56F2F D0C6DE01778916934ED627E916D41CDD 92743D1F62DB6EF27A479D38DEAC2BBF79C83202 D81B69E05C37183B4A9395F33E109543 1F59DE6BDB9AB0FA13713B3C66122230007BE63E 402246958F4F05DACC69C3807BA5EE2A 0B2B7083BB752FAF8D8A85BAD2325F0D35832E94 8535DACD193BF93177474FAA9B84859E 86505661F49DCE7B0458CB0C692416A2228D9F5A F9ACB189E14D81637DAEAB787DAC53E6 86BD16076766409CDD58BCF7E830DB73AB77C099 C85CAFC5654D030041C8BC1BE871C127 3C66D5F5F5AF19DB98CC7AA22051DDEA00A10740 35A3B324A72E79213D7E616798F09142 DEF46121F3E885A252F31BC1435E84DCDC37F4B0 29865004643F56BB25BDFA3B9AF9FCF5 05DF8C88646E61CF9BDE763D88050F20B1821C55 EEA463228B2EF9444C4681EFD91249F9 67CB0A89565140DF067B85B25F6F5CB13B162ADE 3702B766ECA751BC47B3DCD9F75B4D7D 71E56454E777C22FFEA8C0DDD81D1562D2DFCD34 63EA5586307797B6CF8F34CD616C6CDA 8FA7B2B66E9629C6CAA19A1BD847737144DCF10A 027A538D09665CE0EBAD1E9B9D7E16AE 07A16DE1310AA37308BCE025A3BAECC08453AB8C 9788942BA949217D4E181C50E57CF29C E60B7511AD5C5C1CE63A155BB91ED8527497021B 9FFB063277F3296CFD4608AAF9C2B268 4499C85CF952A8EB2A6B790AF1E8B40630DEE089 D2C5CC8B00F9D22B347A348231A99333 4C04E6AE6AEA4172BE7FDEB82F5D1ACBDB4C7321 A816813A2B8767B18A5F239BD12CCF24 F2AC54EB2F496F134B9807823EAFB7BF1235F30B 1E7E224AB1B4A4905365770AA049323A E6362B4023B10F77DCD5D799052BB80589404DE2 B9089528CB07FB6E4560E883BBD8B5D0 02D35316DF05B7C1DA138A8AC7F185003018C48D CB975B6A2C2376A25D673B30A608C649 0 0 9D8F10
$Alexey'a<~Controls.509~>174<~Controls.510~><~Game.2006~><~Controls.511~><~Controls.46~> null
$Alexey'a<~Controls.509~>185<~Controls.510~><~Game.2007~><~Controls.511~><~Controls.46~> null
$webbely<~Controls.464~>6FA1DD56C2FFE60E245C2DC8E31B0001BB5C2E0B FE406E14DC5C953659634BA74AEEDB5F 24 D307DA74803E9B41B9CF80EBC4509560789E44B9 F123A84B86EF5F3F64DA93B74B5AAE29 25E16E07C377147AD7DD26CD4377A8A189B26F16 EB926BFB5E0AA2ECED124309C99EA736 01748139487DCD32046643CF9B3E5D9C0899A003 792A013A0ED70CFEF65168D36D00BE65 5CDA82398B28CDDDD417B51666419B1AEC0D1448 4ACB63EA7D7AA8893D10F271A71F9D44 F9A9AEA976037426304A26C694E1413B0A9F4832 F0D3F72140C56D219A5396BF4EE01338 E4340C2E013DD2A251A37CDBCE0BBA9077C3C4FB E7B2D5F14FF7E59AACBA9C206CB6C08D B89F7C794EACA893672416649CEE6A406764620D D5149D65FB8A56E9B41ECB70526C7559 AB6CD043FE2047245D2AB624C9F91A6EDFD8593D 1333565D1F3BEA28C0EF5F6FF1B5C886 80E1F025813453FE9EFB6A7E686EC802E14B2962 6C063B7C95B8A7D20BAF13656C25DD67 C5E9C03FE1A35361A4927977EA580CCBCC8A9E60 23629A83ECC219D9A32BCD3BE854CADA CEB91F8E6AA2F450C2C689237BB6F1BD9080FDCC 3A3BA323579893DB4C654A9CA6598E88 1ACFE786A210A9D0ABD5268F933BBDA133E71BB6 F19F0624E7F0379DA439BA8D54D43AC0 1C7AA81AFE8E367849B62ED6064EEC146C187455 8C234318FCF897DC873F61949F327298 FFCFD81F00E34F56D2CE405867B0EB2456911BDF 59C254F7F9FE229CB47426190CF67EB5 B331950D1E5162B17027A0F17FE946E8383562BF F181B08036C8F6E9B0A18A92081498CC 48CE6953DD508687343C8729BD4796EBF43D148A BD5123793AC12B7AEA9757323DC3828A BD24EEB11F38D1B2C779413BE4FCBB470420791D BCEF9F5D297DB7A01FAE82E0264AF345 9B9725A6BF1BCABA18794DFA0856BB67A1960D1D 82D57F187B38B3CAFF1E90CDE5A21312 995C065BC68439A9535A3797C695A36D38931B5B 837177BBEE527BD9112E7B8B5408B0A4 DF2B2B1085191A09423CE107C193E406D7BC1778 9130BEEDBDF4F73FD336012E59C0F6B2 9EA0FCF34741BD8F23170F6F31BF70AE2E5D84F0 A31BEF161253AE7A240A6CA07DB7B918 69BFBF9A71A1B81EFCED9F32726F344E22EEC44E D70D2FCCB8473D21E63DDAF9BFC1F555 E55D8E9CA4C7BAF3CA5E248615EFBF89BF0854D6 B9C671621430DF0ADF52CAD7A6944CC6 4FE5E567B27E3364EBD700ACF2C978B384FAB04E C55C87065547B6AADFD4978395CE5BDB 24 4EB1C0E0125ED2DD00AD77BF34B76CB4A6160150 2AD42F5EEAEF473328D9E720629FAC96 5EFDA71E7D5FD78BB5BCF86392885AFDCD81033E D0DD0A8534A0DE3D097FF43A28E69C57 666B307C7065B4615040B51E681245F364D731E4 9C0216817D66D199CC567D835CD85BB6 081DAAC86849EDC7733DEA735FC7E985472D49AD F2BECBDC27382BB4D1D21C621E8621D4 4D462226732CE8BABF02D388FE938A89AEE953D1 7B521A8528801B59FA26215CD1CF6913 5F5C9E562F574A92343D3AA56B5965A36D380903 274891EFB5A03CB94A3A0956EDA07036 9AD013AA13EA215A85035AD283414CB528262C1B 75FA90C53D5C54E4C88EAC0E1384B627 7A54C213948F4D68D572DBBE7254639588AE1150 F197373C9859FDCCA9431FF361E4313D C3ADC26EAFFF4386D445E158ECA4178EB42BE7EB FE6B7B028037E853AD95D1E70790423C B02A655FB0735CEC98B9CD3AAAB3ABEA43D0E07D D56F9A6F3FE35571C8817CE11A50C237 08394994E51119D874F9F65529551B0D027D64F6 CD6703C8AA2654EF056E630DA8A9E61B 00150150AC0B465F9CF4F08F7A554FD663B3142E DC105DF64DA16012A7FC8CDE0B1C553A 62612B65D2DD42BA9F1E4AB39EBC3E5FF6F4E78F 5D2294ADE7A0A547916D130B82700CDD 0FEB0DF06CB360C57E5DB92D46BB4857F189E2D8 13282148188D476BE731CF6BFDEEDA15 D833806869B8A5DB489B6E63CC73CD7984DBBCB0 6D7843DC58DA705DF495A4BF378C4203 EBD26402FDD8E8764B663E17D2DB7C23CF32C515 0BCBFE642BB835854DA5E7A40A652948 823A14B39A06C9A1BD3774FD29F054650D5EB782 80337DD092EE471C37ADD72CFE1AC6BA 36E7402F4BF160AE499AF5AFE873787403BC88FF 59844F86C49E06F14501666122E61C6E B12542A57CB7F804280FDB295F3CB70D87038D81 5E5E22171EDBFCEC45E691F21F705B59 EF7545305223BBFBA30F372754D23BF4F672F16D 17701E54574A9D875CC7DD3089CCAE7E 2EFEE427C6C99575937BE5338C5FB3326986D34F 91A98EDAF749383F7019000C782210A1 5CDF4C31FEC70AB4D1E473A4D0C6506B352A3195 6268CF0809440DD0C590343257DB393B 092EC566C211DB487BA9DB05C0A5B5A130A8EC2C E9DF35700F2C2FB2EA8CB8BBFB6AC07A FF2B4A0BD349D967FA1279E88B45B53206AE598E DA41CFCC3557FF25D6DE4741F70467CE 0 0 DBACEE
$webbely<~Controls.281~>427 426 <~Controls.282~><~Game.2038~><~Controls.283~><~Game.2042~> 331280
$webbely<~Controls.509~>108<~Controls.510~><~Game.2004~><~Controls.511~><~Controls.45~> null
$webbely<~Controls.509~>156<~Controls.510~><~Game.2005~><~Controls.511~><~Controls.45~> null
<webbely> fsp ok A35632
<Alexey'a> 0e BBAD32
$Alexey'a<~Controls.345~>105 104 103 102 101 100 099 <~Controls.346~>12 13 11 12 14 14 15 null
$Alexey'a<~Controls.350~>105 104 103 102 101 100 099 null
$webbely<~Controls.345~>213 212 211 210 <~Controls.346~>4 0 0 1 null
<webbely> pass 2F1214
$Alexey'a<~HighlightLabel.81~>101<~HighlightLabel.82~><~Game.2043~><~HighlightLabel.83~><~Game.2035~> 515F26
$Alexey'a<~Controls.509~>187<~Controls.510~><~Game.2007~><~Controls.511~><~Controls.46~> null
$Alexey'a<~Controls.644~>101 <~Controls.645~><~Game.2035~> 406ACF
<webbely> pass 4E7D9C
$Alexey'a<~Scribe.141~>100 <~Scribe.142~><~Game.2043~><~Scribe.143~><~Game.2035~><~Scribe.144~> AE08D4
$Alexey'a<~Controls.509~>197<~Controls.510~><~Game.2007~><~Controls.511~><~Controls.46~> null
$Alexey'a<~Controls.644~>100 <~Controls.645~><~Game.2035~> 187445
$webbely<~HighlightLabel.86~>210<~HighlightLabel.87~><~Game.2042~><~HighlightLabel.88~><~Game.2035~> EE6B9F
$webbely<~Controls.790~>248<~Controls.791~><~Game.2014~><~Controls.792~><~Game.2015~> 651392
$webbely<~Controls.795~>210<~Controls.796~><~Game.2035~><~Controls.797~><~Game.1997~> CFD231
<game> Alexey'a<~Controls.1~> 5 null
$Alexey'a<~Scribe.141~>102 <~Scribe.142~><~Game.2043~><~Scribe.143~><~Game.2035~><~Scribe.144~> F0A1DC
$Alexey'a<~Controls.281~>102 <~Controls.282~><~Game.2035~><~Controls.283~><~Game.2043~> 17834F
$webbely<~HighlightLabel.86~>211<~HighlightLabel.87~><~Game.2042~><~HighlightLabel.88~><~Game.2035~> 6E8663
$webbely<~Controls.790~>248<~Controls.791~><~Game.2015~><~Controls.792~><~Game.2016~> F61BA9
$webbely<~Controls.795~>211<~Controls.796~><~Game.2035~><~Controls.797~><~Game.1997~> 604BF8
<game> Alexey'a<~Controls.1~> 1 null
$Alexey'a<~Scribe.141~>103 <~Scribe.142~><~Game.2043~><~Scribe.143~><~Game.2035~><~Scribe.144~> 9BCA46
$Alexey'a<~Scribe.141~>263 <~Scribe.142~><~Game.2002~><~Scribe.143~><~Game.2003~><~Scribe.144~> FE6A94
$Alexey'a<~Controls.644~>103 <~Controls.645~><~Game.2035~> 785DB2
$Alexey'a<~Scribe.141~>105 <~Scribe.142~><~Game.2043~><~Scribe.143~><~Game.2035~><~Scribe.144~> BE2B3B
$Alexey'a<~Scribe.141~>001 <~Scribe.142~><~Game.1910~><~Scribe.143~><~Game.1917~><~Scribe.144~> 1D6E45
$Alexey'a<~Scribe.141~>039 036 029 028 027 026 <~Scribe.142~><~Game.1979~><~Scribe.143~><~Game.533~><~Scribe.144~> 409C0C
$Alexey'a<~Controls.644~>105 <~Controls.645~><~Game.2035~> CC86F9
$webbely<~HighlightLabel.86~>212<~HighlightLabel.87~><~Game.2042~><~HighlightLabel.88~><~Game.2035~> 32D87C
$webbely<~Controls.790~>248<~Controls.791~><~Game.2016~><~Controls.792~><~Game.2017~> 0F51D8
$webbely<~Controls.795~>212<~Controls.796~><~Game.2035~><~Controls.797~><~Game.1997~> 4F3527
<game> Alexey'a<~Controls.1~> 4 null
$Alexey'a<~Controls.624~>215<~Controls.625~><~Game.2044~><~Controls.626~><~Game.2037~> null
$webbely<~Scribe.141~>247 <~Scribe.142~><~Game.1911~><~Scribe.143~><~Game.1915~><~Scribe.144~> 56C27F
$webbely<~Scribe.141~>247 <~Scribe.142~><~Game.1915~><~Scribe.143~><~Game.1912~><~Scribe.144~> B660D3
$webbely<~Scribe.141~>247 <~Scribe.142~><~Game.1912~><~Scribe.143~><~Game.1917~><~Scribe.144~> 0386AF
$webbely<~Controls.323~>247 5A5BAD
$Alexey'a<~Controls.624~>225<~Controls.625~><~Game.2044~><~Controls.626~><~Game.2036~> null
$webbely<~Scribe.141~>240 <~Scribe.142~><~Game.1999~><~Scribe.143~><~Game.2036~><~Scribe.144~> FCC874
$webbely<~Scribe.141~>241 <~Scribe.142~><~Game.1998~><~Scribe.143~><~Game.1999~><~Scribe.144~> 9E8795
$webbely<~Controls.644~>225 240 215 <~Controls.645~><~Game.2035~> B11D43
$Alexey'a<~Scribe.141~>102 <~Scribe.142~><~Game.2043~><~Scribe.143~><~Game.2035~><~Scribe.144~> 141817
$Alexey'a<~Scribe.141~>040 035 015 014 013 012 011 <~Scribe.142~><~Game.1956~><~Scribe.143~><~Game.1961~><~Scribe.144~> 1353A8
$Alexey'a<~Scribe.141~>039 036 029 028 027 026 <~Scribe.142~><~Game.533~><~Scribe.143~><~Game.1974~><~Scribe.144~> BC600E
$Alexey'a<~Controls.644~>102 <~Controls.645~><~Game.2035~> 2EE5FA
$webbely<~HighlightLabel.86~>213<~HighlightLabel.87~><~Game.2042~><~HighlightLabel.88~><~Game.2035~> F05E70
$webbely<~Controls.323~>247 751BE8
$webbely<~Controls.644~>213 <~Controls.645~><~Game.2035~> 194B70
$Alexey'a<~Scribe.141~>104 <~Scribe.142~><~Game.2043~><~Scribe.143~><~Game.2035~><~Scribe.144~> E13004
$Alexey'a<~Scribe.141~>reveal 174 9B06CFA9A79246BF90E402FB26964BF972528B90 23 <~Scribe.142~><~Controls.46~><~Scribe.143~><~Game.2029~><~Scribe.144~> 392379
$Alexey'a<~Controls.644~>104 <~Controls.645~><~Game.2035~> BC8736
$Alexey'a<~Controls.757~>099 <~Controls.758~><~Game.1997~><~Controls.759~><~Game.2043~> 183DEE
$Alexey'a<~Controls.762~>104 102 105 103 100 101 <~Controls.763~><~Game.2041~><~Controls.764~><~Game.2043~> 2B96D2
$Alexey'a<~Controls.509~>201<~Controls.510~><~Game.2006~><~Controls.511~><~Controls.46~> null
$Alexey'a<~Controls.509~>178<~Controls.510~><~Game.2007~><~Controls.511~><~Controls.46~> null
$webbely<~Controls.726~>212 211 210 <~Controls.727~><~Game.1997~><~Controls.728~><~Game.2042~> 8D808A
<~Game.7~>2 null
$webbely<~Controls.731~>213 <~Controls.732~><~Game.2039~><~Controls.733~><~Game.2042~> 376CAF
$webbely<~Controls.509~>109<~Controls.510~><~Game.2004~><~Controls.511~><~Controls.45~> null
$webbely<~Controls.509~>150<~Controls.510~><~Game.2005~><~Controls.511~><~Controls.45~> null
<webbely> fsp ok 125B2C
$Alexey'a<~Controls.372~>104 A3EDA7
$Alexey'a<~Controls.345~>102 105 103 100 101 099 <~Controls.346~>14 14 13 10 15 13 null
$Alexey'a<~Controls.350~>102 105 103 100 101 099 null
$webbely<~Controls.345~>213 212 211 210 <~Controls.346~>1 4 2 4 null
$webbely<~HighlightLabel.86~>213<~HighlightLabel.87~><~Game.2042~><~HighlightLabel.88~><~Game.2035~> BB7936
$webbely<~Controls.790~>248<~Controls.791~><~Game.2014~><~Controls.792~><~Game.2015~> DC8107
$webbely<~Controls.795~>213<~Controls.796~><~Game.2035~><~Controls.797~><~Game.1997~> 201D95
<game> Alexey'a<~Controls.1~> 4 6 null
<game> Alexey'a<~Controls.1~> 1 null
$Alexey'a<~Controls.624~>214<~Controls.625~><~Game.2044~><~Controls.626~><~Game.2037~> null
$webbely<~Scribe.141~>247 <~Scribe.142~><~Game.1917~><~Scribe.143~><~Game.1927~><~Scribe.144~> FDF004
$webbely<~Controls.323~>247 F5774D
<Alexey'a> moria D89B37
$Alexey'a<~Controls.624~>223<~Controls.625~><~Game.2044~><~Controls.626~><~Game.2036~> null
$webbely<~Scribe.141~>252 <~Scribe.142~><~Game.2014~><~Scribe.143~><~Game.2015~><~Scribe.144~> 88101D
$Alexey'a<~Controls.644~>223 214 <~Controls.645~><~Game.2035~> 5BC9BD
$Alexey'a<~Scribe.141~>100 <~Scribe.142~><~Game.2043~><~Scribe.143~><~Game.2035~><~Scribe.144~> 9E4091
$Alexey'a<~Scribe.141~>254 <~Scribe.142~><~Game.2040~><~Scribe.143~><~Game.1919~><~Scribe.144~> B6F7AA
$Alexey'a<~Scribe.141~>361 <~Scribe.142~><~Game.2040~><~Scribe.143~><~Game.2037~><~Scribe.144~> 23F4BB
$Alexey'a<~Controls.644~>100 361 <~Controls.645~><~Game.2035~> 8FB9CC
$webbely<~HighlightLabel.86~>211<~HighlightLabel.87~><~Game.2042~><~HighlightLabel.88~><~Game.2035~> C97AE1
<webbely> hmm 55240C
$webbely<~Controls.323~>247 DEFCD8
$webbely<~Controls.644~>211 <~Controls.645~><~Game.2035~> 404060
$Alexey'a<~Scribe.141~>102 <~Scribe.142~><~Game.2043~><~Scribe.143~><~Game.2035~><~Scribe.144~> B178F9
$Alexey'a<~CardBuffet.14~>reveal 178 FB6E5C9AAA8B429302D166F309D9E87E82FC2008 8<~CardBuffet.15~><~Controls.46~><~CardBuffet.16~> AC6750
$Alexey'a<~Scribe.141~>320 335 336 <~Scribe.142~><~Game.2040~><~Scribe.143~><~Game.1917~><~Scribe.144~> BD867D
$Alexey'a<~Controls.644~>102 178 <~Controls.645~><~Game.2035~> BB7DA0
<webbely> pass 9C7B0B
$Alexey'a<~Scribe.141~>103 <~Scribe.142~><~Game.2043~><~Scribe.143~><~Game.2035~><~Scribe.144~> 1C96F1
$Alexey'a<~Scribe.141~>320 335 336 001 008 007 <~Scribe.142~><~Game.1917~><~Scribe.143~><~Game.1927~><~Scribe.144~> 2A3A31
$Alexey'a<~Controls.644~>103 <~Controls.645~><~Game.2035~> 188733
$webbely<~HighlightLabel.86~>210<~HighlightLabel.87~><~Game.2042~><~HighlightLabel.88~><~Game.2035~> 98D72D
$webbely<~Scribe.141~>065 <~Scribe.142~><~Game.1941~><~Scribe.143~><~Game.1957~><~Scribe.144~> 0EAFC5
$webbely<~Scribe.141~>073 072 <~Scribe.142~><~Game.1929~><~Scribe.143~><~Game.1925~><~Scribe.144~> E6AC29
$webbely<~Controls.644~>210 <~Controls.645~><~Game.2035~> E1F0B0
$Alexey'a<~HighlightLabel.81~>099<~HighlightLabel.82~><~Game.2043~><~HighlightLabel.83~><~Game.2035~> 690C51
$Alexey'a<~Controls.281~>099 <~Controls.282~><~Game.2035~><~Controls.283~><~Game.2043~> BDC112
$Alexey'a<~HighlightLabel.81~>105<~HighlightLabel.82~><~Game.2043~><~HighlightLabel.83~><~Game.2035~> 76D1F6
$Alexey'a<~Scribe.141~>reveal 201 58008F5BBD935D7F9F9A4112B0AFAB771A185429 1 <~Scribe.142~><~Controls.46~><~Scribe.143~><~Game.2030~><~Scribe.144~> 0BA076
$Alexey'a<~Controls.644~>105 <~Controls.645~><~Game.2035~> 1AD19E
$webbely<~HighlightLabel.86~>212<~HighlightLabel.87~><~Game.2042~><~HighlightLabel.88~><~Game.2035~> E835BA
$webbely<~Scribe.141~>059 <~Scribe.142~><~Game.1973~><~Scribe.143~><~Game.1965~><~Scribe.144~> C11C68
$webbely<~Scribe.141~>073 072 <~Scribe.142~><~Game.1925~><~Scribe.143~><~Game.1923~><~Scribe.144~> B797ED
$webbely<~Controls.644~>212 <~Controls.645~><~Game.2035~> BD2DE7
$Alexey'a<~Scribe.141~>099 <~Scribe.142~><~Game.2043~><~Scribe.143~><~Game.2035~><~Scribe.144~> F638C4
$Alexey'a<~Scribe.141~>039 038 036 029 028 027 026 025 024 023 022 021 <~Scribe.142~><~Game.1974~><~Scribe.143~><~Game.1976~><~Scribe.144~> EEC938
$Alexey'a<~Controls.644~>099 <~Controls.645~><~Game.2035~> B4B3BC
$Alexey'a<~Controls.757~>101 104 <~Controls.758~><~Game.1997~><~Controls.759~><~Game.2043~> 209F0C
$Alexey'a<~Controls.762~>099 105 103 102 100 361 <~Controls.763~><~Game.2041~><~Controls.764~><~Game.2043~> BD5F5E
$webbely<~Controls.726~>213 <~Controls.727~><~Game.1997~><~Controls.728~><~Game.2042~> F77255
<~Game.7~>3 null
$webbely<~Controls.731~>212 210 211 <~Controls.732~><~Game.2039~><~Controls.733~><~Game.2042~> CBF2D3
$Alexey'a<~Controls.509~>194<~Controls.510~><~Game.2006~><~Controls.511~><~Controls.46~> null
$webbely<~Controls.509~>133<~Controls.510~><~Game.2004~><~Controls.511~><~Controls.45~> null
$webbely<~Controls.509~>145<~Controls.510~><~Game.2005~><~Controls.511~><~Controls.45~> null
<webbely> fsp ok A238F4
$Alexey'a<~Controls.509~>192<~Controls.510~><~Game.2007~><~Controls.511~><~Controls.46~> null
$Alexey'a<~Controls.372~>099 BB362C
$Alexey'a<~Controls.345~>105 103 102 100 361 101 104 <~Controls.346~>12 13 11 11 13 11 11 null
$Alexey'a<~Controls.350~>105 103 102 100 361 101 104 null
$webbely<~Controls.345~>212 210 211 213 <~Controls.346~>0 3 0 4 null
<webbely> pass A0751E
$Alexey'a<~Scribe.141~>102 <~Scribe.142~><~Game.2043~><~Scribe.143~><~Game.2035~><~Scribe.144~> 22F05E
$Alexey'a<~Scribe.141~>262 <~Scribe.142~><~Game.2002~><~Scribe.143~><~Game.2003~><~Scribe.144~> 7227E9
$Alexey'a<~Controls.644~>102 <~Controls.645~><~Game.2035~> DD168B
<webbely> pass 3B3C97
$Alexey'a<~Scribe.141~>101 <~Scribe.142~><~Game.2043~><~Scribe.143~><~Game.2035~><~Scribe.144~> 8386B4
$Alexey'a<~Controls.281~>101 <~Controls.282~><~Game.2035~><~Controls.283~><~Game.2043~> 34D4D3
$Alexey'a<~HighlightLabel.81~>361<~HighlightLabel.82~><~Game.2043~><~HighlightLabel.83~><~Game.2035~> 782C0E
<Alexey'a> old road E86E0C
<Alexey'a> nc D92764
$Alexey'a<~Scribe.141~>258 <~Scribe.142~><~Game.2000~><~Scribe.143~><~Game.2001~><~Scribe.144~> 170AC1
$Alexey'a<~Controls.323~>258 49B0A2
$webbely<~Controls.840~>145 F89C15
<auto><~Controls.861~>reveal 145 7453E9B4311A6FAB8C8958B16D2045877308AB40 7<~Controls.862~><~Controls.45~><~Controls.863~><~Game.2037~> 4F6588
<game> Alexey'a<~Controls.1~> 2 3 5 5 3 null
<game> Alexey'a<~Controls.1~> 2 null
<game> webbely<~Controls.1~> 6 null
<Alexey'a> 0 702D8F
<webbely> 1 4C9E31
$Alexey'a<~Scribe.141~>015 <~Scribe.142~><~Game.1961~><~Scribe.143~><~Game.2037~><~Scribe.144~> 6F501C
<Alexey'a> stop 638714
$Alexey'a<~Controls.644~>361 145 015 <~Controls.645~><~Game.2035~> 8FA81C
<webbely> pass 9F72CE
$Alexey'a<~Scribe.141~>103 <~Scribe.142~><~Game.2043~><~Scribe.143~><~Game.2035~><~Scribe.144~> 3E8693
<Alexey'a> old road 6A5691
<Alexey'a> nc 3524B6
<webbely> nc 0DAEC2
$Alexey'a<~Scribe.141~>258 <~Scribe.142~><~Game.2001~><~Scribe.143~><~Game.2002~><~Scribe.144~> 4D8B80
<game> Alexey'a<~Controls.1~> 5 2 3 3 5 null
<game> Alexey'a<~Controls.1~> 6 null
<Alexey'a> 3 8A337B
<game> webbely<~Controls.1~> 5 null
<webbely> 1 138049
$webbely<~Controls.296~>065 <~Controls.297~><~Game.1957~> 5978D7
$Alexey'a<~Controls.304~>035 <~Controls.305~><~Game.1961~> 15F026
$Alexey'a<~Controls.313~>015 <~Controls.307~><~Controls.314~><~Game.1961~> 9DC32C
$Alexey'a<~Scribe.141~>040 015 014 013 012 011 <~Scribe.142~><~Game.1961~><~Scribe.143~><~Game.1957~><~Scribe.144~> A3ADF5
$Alexey'a<~Controls.644~>103 <~Controls.645~><~Game.2035~> 4B66B3
$webbely<~HighlightLabel.86~>211<~HighlightLabel.87~><~Game.2042~><~HighlightLabel.88~><~Game.2035~> 92C2FE
$webbely<~Scribe.141~>358 <~Scribe.142~><~Game.2038~><~Scribe.143~><~Game.2037~><~Scribe.144~> 92152F
$webbely<~Scribe.141~>240 <~Scribe.142~><~Game.2039~><~Scribe.143~><~Game.1921~><~Scribe.144~> 4A7ED2
$webbely<~Controls.323~>240 CC0B72
$webbely<~Controls.644~>211 358 <~Controls.645~><~Game.2035~> 3066AF
$Alexey'a<~Scribe.141~>105 <~Scribe.142~><~Game.2043~><~Scribe.143~><~Game.2035~><~Scribe.144~> 766A48
$Alexey'a<~Scribe.141~>039 038 036 029 028 027 026 025 024 023 022 021 <~Scribe.142~><~Game.1976~><~Scribe.143~><~Game.1972~><~Scribe.144~> C6F7F1
$Alexey'a<~Scribe.141~>056 052 051 050 <~Scribe.142~><~Game.1986~><~Scribe.143~><~Game.1984~><~Scribe.144~> 1F158E
$Alexey'a<~Controls.644~>105 <~Controls.645~><~Game.2035~> 1DFCB0
$webbely<~HighlightLabel.86~>212<~HighlightLabel.87~><~Game.2042~><~HighlightLabel.88~><~Game.2035~> C5196F
$webbely<~Controls.790~>248<~Controls.791~><~Game.2014~><~Controls.792~><~Game.2015~> 90CCC7
$webbely<~Controls.795~>212<~Controls.796~><~Game.2035~><~Controls.797~><~Game.1997~> A7D04B
<game> Alexey'a<~Controls.1~> 4 null
<game> Alexey'a<~Controls.1~> 5 null
$Alexey'a<~Scribe.141~>100 <~Scribe.142~><~Game.2043~><~Scribe.143~><~Game.2035~><~Scribe.144~> AE92BD
$Alexey'a<~Scribe.141~>039 038 036 029 028 027 026 025 024 023 022 021 <~Scribe.142~><~Game.1972~><~Scribe.143~><~Game.1975~><~Scribe.144~> B109BC
$Alexey'a<~Scribe.141~>055 049 048 047 <~Scribe.142~><~Game.1968~><~Scribe.143~><~Game.1946~><~Scribe.144~> B3E7DD
$Alexey'a<~Controls.644~>100 <~Controls.645~><~Game.2035~> 90DB2D
$webbely<~HighlightLabel.86~>210<~HighlightLabel.87~><~Game.2042~><~HighlightLabel.88~><~Game.2035~> D31A36
$webbely<~Scribe.141~>256 <~Scribe.142~><~Game.2000~><~Scribe.143~><~Game.2001~><~Scribe.144~> 605F1B
$webbely<~Controls.644~>210 <~Controls.645~><~Game.2035~> 5470C4
$Alexey'a<~Scribe.141~>104 <~Scribe.142~><~Game.2043~><~Scribe.143~><~Game.2035~><~Scribe.144~> B2FC0C
<Alexey'a> dale A8851D
<Alexey'a> nc 7B0331
$Alexey'a<~Scribe.141~>258 <~Scribe.142~><~Game.2002~><~Scribe.143~><~Game.2003~><~Scribe.144~> 39048E
$webbely<~Controls.840~>108 AED4F4
<auto> playchosen 5C498E
<auto><~Controls.861~>reveal 108 F63B390936AA08D4170DA86B0DBF9DECE1E9E634 11<~Controls.862~><~Controls.45~><~Controls.863~><~Game.2037~> D928B8
<game> Alexey'a<~Controls.1~> 3 2 2 3 5 null
<game> Alexey'a<~Controls.1~> 6 null
<Alexey'a> 1 676DAD
<game> webbely<~Controls.1~> 2 null
<game> webbely<~Controls.1~> 6 null
<webbely> 1 C5F3EB
$Alexey'a<~Scribe.141~>015 <~Scribe.142~><~Game.1957~><~Scribe.143~><~Game.2037~><~Scribe.144~> AB2CEA
$webbely<~Scribe.141~>068 <~Scribe.142~><~Game.1970~><~Scribe.143~><~Game.2037~><~Scribe.144~> 4A1236
<Alexey'a> press 2FB297
$webbely<~Scribe.141~>066 <~Scribe.142~><~Game.1970~><~Scribe.143~><~Game.1954~><~Scribe.144~> EC9069
$Alexey'a<~Scribe.141~>040 014 013 012 011 <~Scribe.142~><~Game.1957~><~Scribe.143~><~Game.1970~><~Scribe.144~> 9D557F
$Alexey'a<~Controls.644~>104 108 068 015 <~Controls.645~><~Game.2035~> 1684ED
$webbely<~HighlightLabel.86~>213<~HighlightLabel.87~><~Game.2042~><~HighlightLabel.88~><~Game.2035~> D17EF5
$webbely<~Scribe.141~>reveal 150 B7EBC324517DE4677FA41B10463443542AA547B4 23 <~Scribe.142~><~Controls.45~><~Scribe.143~><~Game.2037~><~Scribe.144~> 91A0B1
$webbely<~Scribe.141~>150 <~Scribe.142~><~Game.2037~><~Scribe.143~><~Game.2031~><~Scribe.144~> 1825D2
$webbely<~Scribe.141~>256 <~Scribe.142~><~Game.2001~><~Scribe.143~><~Game.2002~><~Scribe.144~> B50C73
$webbely<~Controls.644~>213 <~Controls.645~><~Game.2035~> 8EA822
$Alexey'a<~Scribe.141~>101 <~Scribe.142~><~Game.2043~><~Scribe.143~><~Game.2035~><~Scribe.144~> 8BE0B3
$Alexey'a<~Controls.281~>192 <~Controls.282~><~Controls.46~><~Controls.283~><~Game.2041~> 3AE07D
$Alexey'a<~Controls.281~>194 <~Controls.282~><~Controls.46~><~Controls.283~><~Game.2041~> 55D142
$Alexey'a<~Scribe.141~>150 <~Scribe.142~><~Game.2031~><~Scribe.143~><~Game.2036~><~Scribe.144~> AD12BD
$Alexey'a<~Controls.644~>101 150 <~Controls.645~><~Game.2035~> E6D6F1
$Alexey'a<~Controls.757~>099 <~Controls.758~><~Game.1997~><~Controls.759~><~Game.2043~> 44F8EC
$Alexey'a<~Controls.762~>101 104 100 105 103 361 102 <~Controls.763~><~Game.2041~><~Controls.764~><~Game.2043~> A3C774
$webbely<~Scribe.141~>426 <~Scribe.142~><~Game.2042~><~Scribe.143~><~Game.2035~><~Scribe.144~> 29A7EC
$webbely<~Scribe.141~>256 <~Scribe.142~><~Game.2002~><~Scribe.143~><~Game.2003~><~Scribe.144~> 953E1B
$webbely<~Controls.644~>426 <~Controls.645~><~Game.2035~> 401747
$Alexey'a<~Controls.509~>177<~Controls.510~><~Game.2006~><~Controls.511~><~Controls.46~> null
$Alexey'a<~Controls.509~>189<~Controls.510~><~Game.2007~><~Controls.511~><~Controls.46~> null
$webbely<~Controls.726~>212 <~Controls.727~><~Game.1997~><~Controls.728~><~Game.2042~> AA6460
<~Game.7~>4 null
$webbely<~Controls.731~>213 210 211 358 <~Controls.732~><~Game.2039~><~Controls.733~><~Game.2042~> 676916
$webbely<~Controls.509~>123<~Controls.510~><~Game.2004~><~Controls.511~><~Controls.45~> null
$webbely<~Controls.509~>130<~Controls.510~><~Game.2005~><~Controls.511~><~Controls.45~> null
$webbely<~Scribe.141~>247 <~Scribe.142~><~Game.1927~><~Scribe.143~><~Game.1930~><~Scribe.144~> E4D323
$webbely<~Controls.323~>247 B3B2DE
$webbely<~Controls.323~>247 A2140B
$Alexey'a<~Controls.372~>101 230B57
$Alexey'a<~Controls.345~>104 100 105 103 361 102 099 <~Controls.346~>12 13 14 12 14 14 15 null
$Alexey'a<~Controls.350~>104 100 105 103 361 102 099 null
<webbely> fsp ok 934019
$webbely<~Controls.345~>213 210 211 358 212 <~Controls.346~>4 4 4 2 1 null
$webbely<~HighlightLabel.86~>211<~HighlightLabel.87~><~Game.2042~><~HighlightLabel.88~><~Game.2035~> F372F2
$webbely<~Scribe.141~>267 <~Scribe.142~><~Game.2038~><~Scribe.143~><~Game.1954~><~Scribe.144~> 582083
$webbely<~Controls.644~>211 <~Controls.645~><~Game.2035~> 3CA07A
$Alexey'a<~Scribe.141~>104 <~Scribe.142~><~Game.2043~><~Scribe.143~><~Game.2035~><~Scribe.144~> 2D73C9
<Alexey'a> lorien AC47B5
$Alexey'a<~Controls.281~>104 <~Controls.282~><~Game.2035~><~Controls.283~><~Game.2043~> B68FC1
$webbely<~Scribe.141~>097 093 092 087 <~Scribe.142~><~Game.1928~><~Scribe.143~><~Game.1992~><~Scribe.144~> F6C84F
$Alexey'a<~Scribe.141~>100 <~Scribe.142~><~Game.2043~><~Scribe.143~><~Game.2035~><~Scribe.144~> 6B7DFF
$Alexey'a<~Scribe.141~>320 335 336 001 008 007 <~Scribe.142~><~Game.1927~><~Scribe.143~><~Game.1928~><~Scribe.144~> D32C77
$Alexey'a<~Controls.644~>100 <~Controls.645~><~Game.2035~> 4479AF
$webbely<~HighlightLabel.86~>212<~HighlightLabel.87~><~Game.2042~><~HighlightLabel.88~><~Game.2035~> 653AC6
$webbely<~Controls.790~>248<~Controls.791~><~Game.2014~><~Controls.792~><~Game.2015~> 3B59EA
$webbely<~Controls.795~>212<~Controls.796~><~Game.2035~><~Controls.797~><~Game.1997~> CC723B
<game> Alexey'a<~Controls.1~> 5 4 null
$Alexey'a<~Scribe.141~>103 <~Scribe.142~><~Game.2043~><~Scribe.143~><~Game.2035~><~Scribe.144~> 0E9C62
$Alexey'a<~Scribe.141~>039 038 036 029 028 027 026 025 024 023 022 021 <~Scribe.142~><~Game.1975~><~Scribe.143~><~Game.1966~><~Scribe.144~> 5EAE70
$Alexey'a<~Scribe.141~>040 014 013 012 011 <~Scribe.142~><~Game.1970~><~Scribe.143~><~Game.1973~><~Scribe.144~> 25B733
$Alexey'a<~Scribe.141~>257 <~Scribe.142~><~Game.2000~><~Scribe.143~><~Game.2001~><~Scribe.144~> 68B4C5
$Alexey'a<~Controls.323~>257 6B6D32
$Alexey'a<~Controls.644~>103 <~Controls.645~><~Game.2035~> 63D133
$webbely<~HighlightLabel.86~>210<~HighlightLabel.87~><~Game.2042~><~HighlightLabel.88~><~Game.2035~> BF85C6
$webbely<~Scribe.141~>088 <~Scribe.142~><~Game.1954~><~Scribe.143~><~Game.1970~><~Scribe.144~> 43FE38
$webbely<~Scribe.141~>067 <~Scribe.142~><~Game.1899~><~Scribe.143~><~Game.1901~><~Scribe.144~> 9B0DCD
$webbely<~Controls.644~>210 <~Controls.645~><~Game.2035~> 21B749
$Alexey'a<~Scribe.141~>104 <~Scribe.142~><~Game.2043~><~Scribe.143~><~Game.2035~><~Scribe.144~> F46BEB
<Alexey'a> dale 84E022
<Alexey'a> 9 1 2 D671B4
<Alexey'a> nc 572299
$webbely<~Controls.840~>130 D5D5E9
<auto><~Controls.861~>reveal 130 F5C971D4BAB353D06D1245C1B8A2F0DCF1125056 15<~Controls.862~><~Controls.45~><~Controls.863~><~Game.2037~> B63AE8
$webbely<~Scribe.141~>088 <~Scribe.142~><~Game.1970~><~Scribe.143~><~Game.1965~><~Scribe.144~> F3BD76
$Alexey'a<~Scribe.141~>039 038 036 029 028 027 026 025 024 023 022 021 <~Scribe.142~><~Game.1966~><~Scribe.143~><~Game.1970~><~Scribe.144~> 0817AC
$Alexey'a<~Controls.644~>104 130 <~Controls.645~><~Game.2035~> 375221
$webbely<~HighlightLabel.86~>213<~HighlightLabel.87~><~Game.2042~><~HighlightLabel.88~><~Game.2035~> CCBBE1
$webbely<~Scribe.141~>265 <~Scribe.142~><~Game.2038~><~Scribe.143~><~Game.1954~><~Scribe.144~> 2A3534
$webbely<~Controls.644~>213 <~Controls.645~><~Game.2035~> 0C2A46
$Alexey'a<~Scribe.141~>361 <~Scribe.142~><~Game.2043~><~Scribe.143~><~Game.2035~><~Scribe.144~> 9A5F9E
$Alexey'a<~CardBuffet.14~>reveal 177 476AFD0A7F0416AB2678C52F989A05D296028B8E 17<~CardBuffet.15~><~Controls.46~><~CardBuffet.16~> AF9432
$Alexey'a<~Controls.281~>239 <~Controls.282~><~Game.2046~><~Controls.283~><~Game.2045~> 1EEAF7
$Alexey'a<~Controls.644~>361 177 <~Controls.645~><~Game.2035~> A578D9
<webbely> pass D2C5F3
$Alexey'a<~HighlightLabel.81~>105<~HighlightLabel.82~><~Game.2043~><~HighlightLabel.83~><~Game.2035~> 4B6E9A
$Alexey'a<~Controls.509~>181<~Controls.510~><~Game.2006~><~Controls.511~><~Controls.46~> null
$Alexey'a<~Controls.644~>105 <~Controls.645~><~Game.2035~> BAA179
$webbely<~HighlightLabel.86~>358<~HighlightLabel.87~><~Game.2042~><~HighlightLabel.88~><~Game.2035~> 72F486
$webbely<~Scribe.141~>reveal 109 BCBFC8A12B4725D5CCD6C166A682CF623EF01A3D 15 <~Scribe.142~><~Controls.45~><~Scribe.143~><~Game.2037~><~Scribe.144~> 81D296
$webbely<~Scribe.141~>109 <~Scribe.142~><~Game.2037~><~Scribe.143~><~Game.2031~><~Scribe.144~> 310C9B
$webbely<~Controls.644~>358 <~Controls.645~><~Game.2035~> B71AA0
$Alexey'a<~Scribe.141~>102 <~Scribe.142~><~Game.2043~><~Scribe.143~><~Game.2035~><~Scribe.144~> 32F311
$Alexey'a<~CardBuffet.14~>reveal 181 42AD6946DA8878E05B411642050FAF29B3CE052D 11<~CardBuffet.15~><~Controls.46~><~CardBuffet.16~> 6BB86C
$Alexey'a<~Controls.281~>238 <~Controls.282~><~Game.2046~><~Controls.283~><~Game.2045~> 9657C7
$Alexey'a<~Controls.644~>102 181 <~Controls.645~><~Game.2035~> E39CE4
$Alexey'a<~Controls.757~>099 101 <~Controls.758~><~Game.1997~><~Controls.759~><~Game.2043~> 877570
$Alexey'a<~Controls.762~>102 105 361 104 103 100 <~Controls.763~><~Game.2041~><~Controls.764~><~Game.2043~> CE0922
$webbely<~Controls.726~>212 <~Controls.727~><~Game.1997~><~Controls.728~><~Game.2042~> 2ABC04
<~Game.7~>5 null
$webbely<~Controls.731~>358 213 210 211 <~Controls.732~><~Game.2039~><~Controls.733~><~Game.2042~> 8F1D36
$Alexey'a<~Controls.509~>204<~Controls.510~><~Game.2006~><~Controls.511~><~Controls.46~> null
$Alexey'a<~Controls.509~>195<~Controls.510~><~Game.2007~><~Controls.511~><~Controls.46~> null
$webbely<~Controls.509~>136<~Controls.510~><~Game.2004~><~Controls.511~><~Controls.45~> null
$webbely<~Controls.509~>122<~Controls.510~><~Game.2005~><~Controls.511~><~Controls.45~> null
<webbely> fsp ok 8BC0AE
$Alexey'a<~Controls.372~>102 8F34E6
$Alexey'a<~Controls.345~>105 361 104 103 100 099 101 <~Controls.346~>14 14 11 14 11 11 13 null
$Alexey'a<~Controls.350~>105 361 104 103 100 099 101 null
$webbely<~Controls.345~>358 213 210 211 212 <~Controls.346~>4 1 1 4 3 null
$webbely<~HighlightLabel.86~>210<~HighlightLabel.87~><~Game.2042~><~HighlightLabel.88~><~Game.2035~> 6B9B66
$webbely<~Controls.790~>248<~Controls.791~><~Game.2015~><~Controls.792~><~Game.2016~> 63E748
$webbely<~Controls.795~>210<~Controls.796~><~Game.2035~><~Controls.797~><~Game.1997~> 9722C6
<game> Alexey'a<~Controls.1~> 3 null
$Alexey'a<~Scribe.141~>100 <~Scribe.142~><~Game.2043~><~Scribe.143~><~Game.2035~><~Scribe.144~> A10596
$Alexey'a<~Scribe.141~>261 <~Scribe.142~><~Game.2001~><~Scribe.143~><~Game.2002~><~Scribe.144~> 798D03
$Alexey'a<~Controls.644~>100 <~Controls.645~><~Game.2035~> 19F86B
$webbely<~HighlightLabel.86~>213<~HighlightLabel.87~><~Game.2042~><~HighlightLabel.88~><~Game.2035~> 4BA4C4
$webbely<~Controls.790~>248<~Controls.791~><~Game.2016~><~Controls.792~><~Game.2017~> 23AD3D
$webbely<~Controls.795~>213<~Controls.796~><~Game.2035~><~Controls.797~><~Game.1997~> 2CF393
<game> Alexey'a<~Controls.1~> 5 null
$Alexey'a<~Controls.624~>221<~Controls.625~><~Game.2044~><~Controls.626~><~Game.2037~> null
$webbely<~Scribe.141~>247 <~Scribe.142~><~Game.1930~><~Scribe.143~><~Game.1937~><~Scribe.144~> 99397A
$webbely<~Scribe.141~>247 <~Scribe.142~><~Game.1937~><~Scribe.143~><~Game.1948~><~Scribe.144~> 64CC07
$webbely<~Scribe.141~>247 <~Scribe.142~><~Game.1948~><~Scribe.143~><~Game.1967~><~Scribe.144~> B948A2
$webbely<~Scribe.141~>252 <~Scribe.142~><~Game.2015~><~Scribe.143~><~Game.2016~><~Scribe.144~> 04AA15
$webbely<~Controls.323~>247 4F2695
$webbely<~Controls.644~>221 <~Controls.645~><~Game.2035~> 807BDE
$Alexey'a<~Scribe.141~>099 <~Scribe.142~><~Game.2043~><~Scribe.143~><~Game.2035~><~Scribe.144~> 631793
$Alexey'a<~Scribe.141~>261 <~Scribe.142~><~Game.2002~><~Scribe.143~><~Game.2003~><~Scribe.144~> 37BC80
$Alexey'a<~Controls.644~>099 <~Controls.645~><~Game.2035~> A16C6C
$webbely<~HighlightLabel.86~>212<~HighlightLabel.87~><~Game.2042~><~HighlightLabel.88~><~Game.2035~> 26DCDA
$webbely<~Controls.323~>247 A30D91
$webbely<~Controls.644~>212 <~Controls.645~><~Game.2035~> F5F348
$Alexey'a<~Scribe.141~>104 <~Scribe.142~><~Game.2043~><~Scribe.143~><~Game.2035~><~Scribe.144~> 328787
$Alexey'a<~Scribe.141~>253 <~Scribe.142~><~Game.2040~><~Scribe.143~><~Game.1970~><~Scribe.144~> 20A88E
$Alexey'a<~Scribe.141~>362 <~Scribe.142~><~Game.2040~><~Scribe.143~><~Game.2037~><~Scribe.144~> 2CE0D9
$Alexey'a<~Scribe.141~>253 <~Scribe.142~><~Game.1970~><~Scribe.143~><~Game.1928~><~Scribe.144~> 640D71
$Alexey'a<~Controls.644~>104 362 <~Controls.645~><~Game.2035~> 584850
$webbely<~Controls.323~>260 123F29
<webbely> pass E1E566
$Alexey'a<~Scribe.141~>101 <~Scribe.142~><~Game.2043~><~Scribe.143~><~Game.2035~><~Scribe.144~> 06C598
<Alexey'a> wlr 729696
$webbely<~Scribe.141~>098 265 267 094 066 <~Scribe.142~><~Game.1954~><~Scribe.143~><~Game.1991~><~Scribe.144~> 008EAE
$Alexey'a<~Scribe.141~>039 038 036 029 028 027 026 025 024 023 022 021 <~Scribe.142~><~Game.1970~><~Scribe.143~><~Game.1954~><~Scribe.144~> 3803CA
$Alexey'a<~Scribe.141~>420 <~Scribe.142~><~Game.2040~><~Scribe.143~><~Game.1970~><~Scribe.144~> B75341
$Alexey'a<~Scribe.141~>025 <~Scribe.142~><~Game.1954~><~Scribe.143~><~Game.1970~><~Scribe.144~> DF8BD1
$Alexey'a<~Controls.644~>101 <~Controls.645~><~Game.2035~> C0C9BD
<webbely> pass F41CC9
$Alexey'a<~Scribe.141~>361 <~Scribe.142~><~Game.2043~><~Scribe.143~><~Game.2035~><~Scribe.144~> 6A899C
$Alexey'a<~CardBuffet.14~>reveal 204 F5323AA0D62CD31F13C437B6FA0398A8F0D52308 10<~CardBuffet.15~><~Controls.46~><~CardBuffet.16~> 6EBE58
$Alexey'a<~Controls.624~>222<~Controls.625~><~Game.2044~><~Controls.626~><~Game.2037~> null
$Alexey'a<~Controls.644~>361 204 222 <~Controls.645~><~Game.2035~> 541886
$webbely<~HighlightLabel.86~>211<~HighlightLabel.87~><~Game.2042~><~HighlightLabel.88~><~Game.2035~> 6AEA71
$webbely<~Scribe.141~>260 <~Scribe.142~><~Game.2001~><~Scribe.143~><~Game.2002~><~Scribe.144~> 98C4EC
$webbely<~Controls.644~>211 <~Controls.645~><~Game.2035~> F71AEE
$Alexey'a<~Scribe.141~>103 <~Scribe.142~><~Game.2043~><~Scribe.143~><~Game.2035~><~Scribe.144~> F21E51
$Alexey'a<~Controls.509~>202<~Controls.510~><~Game.2006~><~Controls.511~><~Controls.46~> null
$Alexey'a<~Controls.644~>103 <~Controls.645~><~Game.2035~> BFF4EF
$webbely<~HighlightLabel.86~>358<~HighlightLabel.87~><~Game.2042~><~HighlightLabel.88~><~Game.2035~> CBAF7D
$webbely<~Scribe.141~>260 <~Scribe.142~><~Game.2002~><~Scribe.143~><~Game.2003~><~Scribe.144~> C7CD52
$webbely<~Controls.644~>358 <~Controls.645~><~Game.2035~> 2B719C
$Alexey'a<~Scribe.141~>105 <~Scribe.142~><~Game.2043~><~Scribe.143~><~Game.2035~><~Scribe.144~> 33CA8A
$Alexey'a<~CardBuffet.14~>reveal 189 8569DC0C929881D18CD9688A96688FA530D8777B 6<~CardBuffet.15~><~Controls.46~><~CardBuffet.16~> D7B413
<Alexey'a> DA all 58C171
<webbely> ooh 4C4BAC
<game> webbely<~Controls.397~> 
<~Talker.31~> null
$webbely sendTokens FREE_PEOPLE.6FA1DD56C2FFE60E245C2DC8E31B0001BB5C2E0B FE406E14DC5C953659634BA74AEEDB5F 24 D307DA74803E9B41B9CF80EBC4509560789E44B9 F123A84B86EF5F3F64DA93B74B5AAE29 25E16E07C377147AD7DD26CD4377A8A189B26F16 EB926BFB5E0AA2ECED124309C99EA736 01748139487DCD32046643CF9B3E5D9C0899A003 792A013A0ED70CFEF65168D36D00BE65 5CDA82398B28CDDDD417B51666419B1AEC0D1448 4ACB63EA7D7AA8893D10F271A71F9D44 F9A9AEA976037426304A26C694E1413B0A9F4832 F0D3F72140C56D219A5396BF4EE01338 E4340C2E013DD2A251A37CDBCE0BBA9077C3C4FB E7B2D5F14FF7E59AACBA9C206CB6C08D B89F7C794EACA893672416649CEE6A406764620D D5149D65FB8A56E9B41ECB70526C7559 AB6CD043FE2047245D2AB624C9F91A6EDFD8593D 1333565D1F3BEA28C0EF5F6FF1B5C886 80E1F025813453FE9EFB6A7E686EC802E14B2962 6C063B7C95B8A7D20BAF13656C25DD67 C5E9C03FE1A35361A4927977EA580CCBCC8A9E60 23629A83ECC219D9A32BCD3BE854CADA CEB91F8E6AA2F450C2C689237BB6F1BD9080FDCC 3A3BA323579893DB4C654A9CA6598E88 1ACFE786A210A9D0ABD5268F933BBDA133E71BB6 F19F0624E7F0379DA439BA8D54D43AC0 1C7AA81AFE8E367849B62ED6064EEC146C187455 8C234318FCF897DC873F61949F327298 FFCFD81F00E34F56D2CE405867B0EB2456911BDF 59C254F7F9FE229CB47426190CF67EB5 B331950D1E5162B17027A0F17FE946E8383562BF F181B08036C8F6E9B0A18A92081498CC 48CE6953DD508687343C8729BD4796EBF43D148A BD5123793AC12B7AEA9757323DC3828A BD24EEB11F38D1B2C779413BE4FCBB470420791D BCEF9F5D297DB7A01FAE82E0264AF345 9B9725A6BF1BCABA18794DFA0856BB67A1960D1D 82D57F187B38B3CAFF1E90CDE5A21312 995C065BC68439A9535A3797C695A36D38931B5B 837177BBEE527BD9112E7B8B5408B0A4 DF2B2B1085191A09423CE107C193E406D7BC1778 9130BEEDBDF4F73FD336012E59C0F6B2 9EA0FCF34741BD8F23170F6F31BF70AE2E5D84F0 A31BEF161253AE7A240A6CA07DB7B918 69BFBF9A71A1B81EFCED9F32726F344E22EEC44E D70D2FCCB8473D21E63DDAF9BFC1F555 E55D8E9CA4C7BAF3CA5E248615EFBF89BF0854D6 B9C671621430DF0ADF52CAD7A6944CC6 4FE5E567B27E3364EBD700ACF2C978B384FAB04E C55C87065547B6AADFD4978395CE5BDB 24 4EB1C0E0125ED2DD00AD77BF34B76CB4A6160150 2AD42F5EEAEF473328D9E720629FAC96 5EFDA71E7D5FD78BB5BCF86392885AFDCD81033E D0DD0A8534A0DE3D097FF43A28E69C57 666B307C7065B4615040B51E681245F364D731E4 9C0216817D66D199CC567D835CD85BB6 081DAAC86849EDC7733DEA735FC7E985472D49AD F2BECBDC27382BB4D1D21C621E8621D4 4D462226732CE8BABF02D388FE938A89AEE953D1 7B521A8528801B59FA26215CD1CF6913 5F5C9E562F574A92343D3AA56B5965A36D380903 274891EFB5A03CB94A3A0956EDA07036 9AD013AA13EA215A85035AD283414CB528262C1B 75FA90C53D5C54E4C88EAC0E1384B627 7A54C213948F4D68D572DBBE7254639588AE1150 F197373C9859FDCCA9431FF361E4313D C3ADC26EAFFF4386D445E158ECA4178EB42BE7EB FE6B7B028037E853AD95D1E70790423C B02A655FB0735CEC98B9CD3AAAB3ABEA43D0E07D D56F9A6F3FE35571C8817CE11A50C237 08394994E51119D874F9F65529551B0D027D64F6 CD6703C8AA2654EF056E630DA8A9E61B 00150150AC0B465F9CF4F08F7A554FD663B3142E DC105DF64DA16012A7FC8CDE0B1C553A 62612B65D2DD42BA9F1E4AB39EBC3E5FF6F4E78F 5D2294ADE7A0A547916D130B82700CDD 0FEB0DF06CB360C57E5DB92D46BB4857F189E2D8 13282148188D476BE731CF6BFDEEDA15 D833806869B8A5DB489B6E63CC73CD7984DBBCB0 6D7843DC58DA705DF495A4BF378C4203 EBD26402FDD8E8764B663E17D2DB7C23CF32C515 0BCBFE642BB835854DA5E7A40A652948 823A14B39A06C9A1BD3774FD29F054650D5EB782 80337DD092EE471C37ADD72CFE1AC6BA 36E7402F4BF160AE499AF5AFE873787403BC88FF 59844F86C49E06F14501666122E61C6E B12542A57CB7F804280FDB295F3CB70D87038D81 5E5E22171EDBFCEC45E691F21F705B59 EF7545305223BBFBA30F372754D23BF4F672F16D 17701E54574A9D875CC7DD3089CCAE7E 2EFEE427C6C99575937BE5338C5FB3326986D34F 91A98EDAF749383F7019000C782210A1 5CDF4C31FEC70AB4D1E473A4D0C6506B352A3195 6268CF0809440DD0C590343257DB393B 092EC566C211DB487BA9DB05C0A5B5A130A8EC2C E9DF35700F2C2FB2EA8CB8BBFB6AC07A FF2B4A0BD349D967FA1279E88B45B53206AE598E DA41CFCC3557FF25D6DE4741F70467CE 0 0 
$webbely sendTokens SHADOW.0AE1221CB85CE3CD2D990AEA7DBBDF188D9FE8B6 BA00159A7787874C88C26E057CB5959F 24 22B2003B1BF8E8EEB637A1630626DD748AD4C7FB 83C66213666CEC6C6AFDE28A9DD4217B B16FC7C32C0A0BE098F9F18044CE296BCB667D43 FF99F9D592CAD49B966B692D7BC45137 05904FE3C532596F96EE37D4B4170874A50BC037 10B4181CCE991AF7E7B5BA08F1EF2DE0 CAE612EAFF91E33DAAF5E7DD5C636B77989256AD 346BC3BCF5CE3D9AD0C4BF2557D26D02 E574E3F485A6749B7A90E22576695E5F744F6F5A 09099B371EDDA8AD7D7BC1BAD0FD1C9F D69854822321E3B343346163898C6CC479394AA1 13F441630E961F373881360BDFB259B9 2618764A17633EF37EDD69E7E7C73E7B65C29C42 BD312118EE1D57960EBD59BB40DDAC53 FACF86E85F855647AE5CEA64C4E9C07E582C5681 9D8475073DE66CBDB2673AB1F58924EA 365D71A39EAF6492D278A055D0B4E7C34C0A5E09 FCAA19B107E4DDA5A0D7A00C9E2A57F7 306C3CD9DBB0A406F13B87DF026B442FF401D839 9481D7DD5675FE4E856B31570D3A079E D61E4E58C0CBFDB38B5D164DC9F1A18955EC6F16 9B0E62F0E9A9067EDD36E970191684BC C3B4A4EEC0E3E6D67983D15B1C2B105BF017C992 00B9B6D023E3CD38DD54A670B2225E23 E448ED6EFCE20820916DB96D38D3A8DCCDDAD3A4 F42FC4BC46FF8B769405285F368AD163 A0956D7ECF81110C67ACF374C8ECFB273C2B0CB9 ABC6193AE083A5244CF9106B022FAC3C A72599795F4AD64BBB0B41F08366B5170D560C8A 63484A17857BEB73366E38A84AA2A87B 1DF5F2C54C21FB4512B2C5CB19D99A3C817F13B4 A588D97CBDFA0E7445043D322D3481AE 1A01ACAFFA9A02702AA45B5155C8ED3D0E041BAE CA333C9D4080938A596B165C03719B07 4EEA00E18B265C36F2139FA182430F8F14BDF13D C0A3E58560A48AFFA04F9192F99F5DC7 D4DF61AB302B761B25611E8B43D3AB7C6F3F085D 0DBDD7D0C6CB161039287380E0164582 EC15035030898C6A64532A33A513C5BE44561D38 1418E5AA60D1590C19CCB97E4177ED05 232C9D9BAF6A37B215C4B3344137C9759A613811 97FA157F99DB4F8732F14434B428A609 5D336A8C9552DB6D0699A7FF455657A613ACD455 7DE5A40FCBD0658AD1F975AC71A43473 C70F0DC5F15D94F52D9A0CC7F3A4D7304B1978BB D4BA0F51F11E9EC747B434EE276637CB F0B1C4483CE986293755B6683E91F54773E1966B 18C006B8A1CA0D93CBF08DF20C96869F 24 86782A407E44EF01D203BCFB140C36C98DB0F614 B500D31738F9A6DA9F110B9E35C02C72 FC3BF15847864230D079946C553AE82B5A06BB53 CAD461B0566AE5B070F92F50272D6372 B80A1E7162CC27011E7E09B7945FB61FE8A34134 2F90BBA98D94444F02FC7E9BADAFA26F 5FC5FA4C242C75F54CD0F7EE690E737AF3041018 B99D87425459AEAF0CB5388CEBFB9226 896EE0A30745904654B006E2B46A50A211DF95D3 BC8AA03841848C2B60E90777B3DBAF71 7C6732173FF7DCC425FB0ACF66EE6F50ADA56F2F D0C6DE01778916934ED627E916D41CDD 92743D1F62DB6EF27A479D38DEAC2BBF79C83202 D81B69E05C37183B4A9395F33E109543 1F59DE6BDB9AB0FA13713B3C66122230007BE63E 402246958F4F05DACC69C3807BA5EE2A 0B2B7083BB752FAF8D8A85BAD2325F0D35832E94 8535DACD193BF93177474FAA9B84859E 86505661F49DCE7B0458CB0C692416A2228D9F5A F9ACB189E14D81637DAEAB787DAC53E6 86BD16076766409CDD58BCF7E830DB73AB77C099 C85CAFC5654D030041C8BC1BE871C127 3C66D5F5F5AF19DB98CC7AA22051DDEA00A10740 35A3B324A72E79213D7E616798F09142 DEF46121F3E885A252F31BC1435E84DCDC37F4B0 29865004643F56BB25BDFA3B9AF9FCF5 05DF8C88646E61CF9BDE763D88050F20B1821C55 EEA463228B2EF9444C4681EFD91249F9 67CB0A89565140DF067B85B25F6F5CB13B162ADE 3702B766ECA751BC47B3DCD9F75B4D7D 71E56454E777C22FFEA8C0DDD81D1562D2DFCD34 63EA5586307797B6CF8F34CD616C6CDA 8FA7B2B66E9629C6CAA19A1BD847737144DCF10A 027A538D09665CE0EBAD1E9B9D7E16AE 07A16DE1310AA37308BCE025A3BAECC08453AB8C 9788942BA949217D4E181C50E57CF29C E60B7511AD5C5C1CE63A155BB91ED8527497021B 9FFB063277F3296CFD4608AAF9C2B268 4499C85CF952A8EB2A6B790AF1E8B40630DEE089 D2C5CC8B00F9D22B347A348231A99333 4C04E6AE6AEA4172BE7FDEB82F5D1ACBDB4C7321 A816813A2B8767B18A5F239BD12CCF24 F2AC54EB2F496F134B9807823EAFB7BF1235F30B 1E7E224AB1B4A4905365770AA049323A E6362B4023B10F77DCD5D799052BB80589404DE2 B9089528CB07FB6E4560E883BBD8B5D0 02D35316DF05B7C1DA138A8AC7F185003018C48D CB975B6A2C2376A25D673B30A608C649 0 0 
$webbely<~Controls.464~>6FA1DD56C2FFE60E245C2DC8E31B0001BB5C2E0B FE406E14DC5C953659634BA74AEEDB5F 24 D307DA74803E9B41B9CF80EBC4509560789E44B9 F123A84B86EF5F3F64DA93B74B5AAE29 25E16E07C377147AD7DD26CD4377A8A189B26F16 EB926BFB5E0AA2ECED124309C99EA736 01748139487DCD32046643CF9B3E5D9C0899A003 792A013A0ED70CFEF65168D36D00BE65 5CDA82398B28CDDDD417B51666419B1AEC0D1448 4ACB63EA7D7AA8893D10F271A71F9D44 F9A9AEA976037426304A26C694E1413B0A9F4832 F0D3F72140C56D219A5396BF4EE01338 E4340C2E013DD2A251A37CDBCE0BBA9077C3C4FB E7B2D5F14FF7E59AACBA9C206CB6C08D B89F7C794EACA893672416649CEE6A406764620D D5149D65FB8A56E9B41ECB70526C7559 AB6CD043FE2047245D2AB624C9F91A6EDFD8593D 1333565D1F3BEA28C0EF5F6FF1B5C886 80E1F025813453FE9EFB6A7E686EC802E14B2962 6C063B7C95B8A7D20BAF13656C25DD67 C5E9C03FE1A35361A4927977EA580CCBCC8A9E60 23629A83ECC219D9A32BCD3BE854CADA CEB91F8E6AA2F450C2C689237BB6F1BD9080FDCC 3A3BA323579893DB4C654A9CA6598E88 1ACFE786A210A9D0ABD5268F933BBDA133E71BB6 F19F0624E7F0379DA439BA8D54D43AC0 1C7AA81AFE8E367849B62ED6064EEC146C187455 8C234318FCF897DC873F61949F327298 FFCFD81F00E34F56D2CE405867B0EB2456911BDF 59C254F7F9FE229CB47426190CF67EB5 B331950D1E5162B17027A0F17FE946E8383562BF F181B08036C8F6E9B0A18A92081498CC 48CE6953DD508687343C8729BD4796EBF43D148A BD5123793AC12B7AEA9757323DC3828A BD24EEB11F38D1B2C779413BE4FCBB470420791D BCEF9F5D297DB7A01FAE82E0264AF345 9B9725A6BF1BCABA18794DFA0856BB67A1960D1D 82D57F187B38B3CAFF1E90CDE5A21312 995C065BC68439A9535A3797C695A36D38931B5B 837177BBEE527BD9112E7B8B5408B0A4 DF2B2B1085191A09423CE107C193E406D7BC1778 9130BEEDBDF4F73FD336012E59C0F6B2 9EA0FCF34741BD8F23170F6F31BF70AE2E5D84F0 A31BEF161253AE7A240A6CA07DB7B918 69BFBF9A71A1B81EFCED9F32726F344E22EEC44E D70D2FCCB8473D21E63DDAF9BFC1F555 E55D8E9CA4C7BAF3CA5E248615EFBF89BF0854D6 B9C671621430DF0ADF52CAD7A6944CC6 4FE5E567B27E3364EBD700ACF2C978B384FAB04E C55C87065547B6AADFD4978395CE5BDB 24 4EB1C0E0125ED2DD00AD77BF34B76CB4A6160150 2AD42F5EEAEF473328D9E720629FAC96 5EFDA71E7D5FD78BB5BCF86392885AFDCD81033E D0DD0A8534A0DE3D097FF43A28E69C57 666B307C7065B4615040B51E681245F364D731E4 9C0216817D66D199CC567D835CD85BB6 081DAAC86849EDC7733DEA735FC7E985472D49AD F2BECBDC27382BB4D1D21C621E8621D4 4D462226732CE8BABF02D388FE938A89AEE953D1 7B521A8528801B59FA26215CD1CF6913 5F5C9E562F574A92343D3AA56B5965A36D380903 274891EFB5A03CB94A3A0956EDA07036 9AD013AA13EA215A85035AD283414CB528262C1B 75FA90C53D5C54E4C88EAC0E1384B627 7A54C213948F4D68D572DBBE7254639588AE1150 F197373C9859FDCCA9431FF361E4313D C3ADC26EAFFF4386D445E158ECA4178EB42BE7EB FE6B7B028037E853AD95D1E70790423C B02A655FB0735CEC98B9CD3AAAB3ABEA43D0E07D D56F9A6F3FE35571C8817CE11A50C237 08394994E51119D874F9F65529551B0D027D64F6 CD6703C8AA2654EF056E630DA8A9E61B 00150150AC0B465F9CF4F08F7A554FD663B3142E DC105DF64DA16012A7FC8CDE0B1C553A 62612B65D2DD42BA9F1E4AB39EBC3E5FF6F4E78F 5D2294ADE7A0A547916D130B82700CDD 0FEB0DF06CB360C57E5DB92D46BB4857F189E2D8 13282148188D476BE731CF6BFDEEDA15 D833806869B8A5DB489B6E63CC73CD7984DBBCB0 6D7843DC58DA705DF495A4BF378C4203 EBD26402FDD8E8764B663E17D2DB7C23CF32C515 0BCBFE642BB835854DA5E7A40A652948 823A14B39A06C9A1BD3774FD29F054650D5EB782 80337DD092EE471C37ADD72CFE1AC6BA 36E7402F4BF160AE499AF5AFE873787403BC88FF 59844F86C49E06F14501666122E61C6E B12542A57CB7F804280FDB295F3CB70D87038D81 5E5E22171EDBFCEC45E691F21F705B59 EF7545305223BBFBA30F372754D23BF4F672F16D 17701E54574A9D875CC7DD3089CCAE7E 2EFEE427C6C99575937BE5338C5FB3326986D34F 91A98EDAF749383F7019000C782210A1 5CDF4C31FEC70AB4D1E473A4D0C6506B352A3195 6268CF0809440DD0C590343257DB393B 092EC566C211DB487BA9DB05C0A5B5A130A8EC2C E9DF35700F2C2FB2EA8CB8BBFB6AC07A FF2B4A0BD349D967FA1279E88B45B53206AE598E DA41CFCC3557FF25D6DE4741F70467CE 0 0 3C8CB8
$Alexey'a<~Controls.479~>0AE1221CB85CE3CD2D990AEA7DBBDF188D9FE8B6 BA00159A7787874C88C26E057CB5959F 24 22B2003B1BF8E8EEB637A1630626DD748AD4C7FB 83C66213666CEC6C6AFDE28A9DD4217B B16FC7C32C0A0BE098F9F18044CE296BCB667D43 FF99F9D592CAD49B966B692D7BC45137 05904FE3C532596F96EE37D4B4170874A50BC037 10B4181CCE991AF7E7B5BA08F1EF2DE0 CAE612EAFF91E33DAAF5E7DD5C636B77989256AD 346BC3BCF5CE3D9AD0C4BF2557D26D02 E574E3F485A6749B7A90E22576695E5F744F6F5A 09099B371EDDA8AD7D7BC1BAD0FD1C9F D69854822321E3B343346163898C6CC479394AA1 13F441630E961F373881360BDFB259B9 2618764A17633EF37EDD69E7E7C73E7B65C29C42 BD312118EE1D57960EBD59BB40DDAC53 FACF86E85F855647AE5CEA64C4E9C07E582C5681 9D8475073DE66CBDB2673AB1F58924EA 365D71A39EAF6492D278A055D0B4E7C34C0A5E09 FCAA19B107E4DDA5A0D7A00C9E2A57F7 306C3CD9DBB0A406F13B87DF026B442FF401D839 9481D7DD5675FE4E856B31570D3A079E D61E4E58C0CBFDB38B5D164DC9F1A18955EC6F16 9B0E62F0E9A9067EDD36E970191684BC C3B4A4EEC0E3E6D67983D15B1C2B105BF017C992 00B9B6D023E3CD38DD54A670B2225E23 E448ED6EFCE20820916DB96D38D3A8DCCDDAD3A4 F42FC4BC46FF8B769405285F368AD163 A0956D7ECF81110C67ACF374C8ECFB273C2B0CB9 ABC6193AE083A5244CF9106B022FAC3C A72599795F4AD64BBB0B41F08366B5170D560C8A 63484A17857BEB73366E38A84AA2A87B 1DF5F2C54C21FB4512B2C5CB19D99A3C817F13B4 A588D97CBDFA0E7445043D322D3481AE 1A01ACAFFA9A02702AA45B5155C8ED3D0E041BAE CA333C9D4080938A596B165C03719B07 4EEA00E18B265C36F2139FA182430F8F14BDF13D C0A3E58560A48AFFA04F9192F99F5DC7 D4DF61AB302B761B25611E8B43D3AB7C6F3F085D 0DBDD7D0C6CB161039287380E0164582 EC15035030898C6A64532A33A513C5BE44561D38 1418E5AA60D1590C19CCB97E4177ED05 232C9D9BAF6A37B215C4B3344137C9759A613811 97FA157F99DB4F8732F14434B428A609 5D336A8C9552DB6D0699A7FF455657A613ACD455 7DE5A40FCBD0658AD1F975AC71A43473 C70F0DC5F15D94F52D9A0CC7F3A4D7304B1978BB D4BA0F51F11E9EC747B434EE276637CB F0B1C4483CE986293755B6683E91F54773E1966B 18C006B8A1CA0D93CBF08DF20C96869F 24 86782A407E44EF01D203BCFB140C36C98DB0F614 B500D31738F9A6DA9F110B9E35C02C72 FC3BF15847864230D079946C553AE82B5A06BB53 CAD461B0566AE5B070F92F50272D6372 B80A1E7162CC27011E7E09B7945FB61FE8A34134 2F90BBA98D94444F02FC7E9BADAFA26F 5FC5FA4C242C75F54CD0F7EE690E737AF3041018 B99D87425459AEAF0CB5388CEBFB9226 896EE0A30745904654B006E2B46A50A211DF95D3 BC8AA03841848C2B60E90777B3DBAF71 7C6732173FF7DCC425FB0ACF66EE6F50ADA56F2F D0C6DE01778916934ED627E916D41CDD 92743D1F62DB6EF27A479D38DEAC2BBF79C83202 D81B69E05C37183B4A9395F33E109543 1F59DE6BDB9AB0FA13713B3C66122230007BE63E 402246958F4F05DACC69C3807BA5EE2A 0B2B7083BB752FAF8D8A85BAD2325F0D35832E94 8535DACD193BF93177474FAA9B84859E 86505661F49DCE7B0458CB0C692416A2228D9F5A F9ACB189E14D81637DAEAB787DAC53E6 86BD16076766409CDD58BCF7E830DB73AB77C099 C85CAFC5654D030041C8BC1BE871C127 3C66D5F5F5AF19DB98CC7AA22051DDEA00A10740 35A3B324A72E79213D7E616798F09142 DEF46121F3E885A252F31BC1435E84DCDC37F4B0 29865004643F56BB25BDFA3B9AF9FCF5 05DF8C88646E61CF9BDE763D88050F20B1821C55 EEA463228B2EF9444C4681EFD91249F9 67CB0A89565140DF067B85B25F6F5CB13B162ADE 3702B766ECA751BC47B3DCD9F75B4D7D 71E56454E777C22FFEA8C0DDD81D1562D2DFCD34 63EA5586307797B6CF8F34CD616C6CDA 8FA7B2B66E9629C6CAA19A1BD847737144DCF10A 027A538D09665CE0EBAD1E9B9D7E16AE 07A16DE1310AA37308BCE025A3BAECC08453AB8C 9788942BA949217D4E181C50E57CF29C E60B7511AD5C5C1CE63A155BB91ED8527497021B 9FFB063277F3296CFD4608AAF9C2B268 4499C85CF952A8EB2A6B790AF1E8B40630DEE089 D2C5CC8B00F9D22B347A348231A99333 4C04E6AE6AEA4172BE7FDEB82F5D1ACBDB4C7321 A816813A2B8767B18A5F239BD12CCF24 F2AC54EB2F496F134B9807823EAFB7BF1235F30B 1E7E224AB1B4A4905365770AA049323A E6362B4023B10F77DCD5D799052BB80589404DE2 B9089528CB07FB6E4560E883BBD8B5D0 02D35316DF05B7C1DA138A8AC7F185003018C48D CB975B6A2C2376A25D673B30A608C649 0 0 733754
<webbely> cards look good C9319D
<Alexey'a> da all E1DDF3
<webbely> fight BD6463
<Alexey'a> nc 34F3A0
$webbely<~Scribe.141~>189 <~Scribe.142~><~Game.2036~><~Scribe.143~><~Game.2034~><~Scribe.144~> 263613
$webbely<~Controls.840~>122 38A836
<auto><~Controls.861~>reveal 122 97FF9B2A778F54A398AF51F52BF3E49C834FB718 11<~Controls.862~><~Controls.45~><~Controls.863~><~Game.2037~> 95C444
<game> Alexey'a<~Controls.1~> 4 1 2 null
<game> webbely<~Controls.1~> 3 5 1 null
<webbely> 1 106F4A
$Alexey'a<~Scribe.141~>041 <~Scribe.142~><~Game.1932~><~Scribe.143~><~Game.2036~><~Scribe.144~> 164B39
<Alexey'a> pressnc 82E843
$Alexey'a<~Controls.662~>041 122 <~Controls.663~><~Game.2035~> 31D4FF
<webbely> nc 2D96AF
<game> Alexey'a<~Controls.1~> 3 4 null
<game> webbely<~Controls.1~> 4 4 3 null
<Alexey'a> nc 681BE9
<webbely> nc B4F579
<game> Alexey'a<~Controls.1~> 4 5 null
<game> webbely<~Controls.1~> 6 3 4 null
<webbely> 1 9BDAD5
$webbely<~Controls.296~>075 <~Controls.297~><~Game.1920~> D1515B
$Alexey'a<~Scribe.141~>042 <~Scribe.142~><~Game.1932~><~Scribe.143~><~Game.2036~><~Scribe.144~> A45D9D
<Alexey'a> nc 7859EE
$Alexey'a<~Controls.662~>042 <~Controls.663~><~Game.2035~> 266CEF
<webbely> nc D3164B
<game> Alexey'a<~Controls.1~> 6 null
<game> webbely<~Controls.1~> 4 4 null
$webbely<~Controls.296~>076 <~Controls.297~><~Game.1920~> D85692
<Alexey'a> nc 0E880E
<webbely> nc 545EF1
<game> Alexey'a<~Controls.1~> 6 null
<game> webbely<~Controls.1~> 3 null
<webbely> :O D79B4B
$webbely<~Controls.296~>077 <~Controls.297~><~Game.1920~> E74E2D
$Alexey'a<~Scribe.141~>043 <~Scribe.142~><~Game.1932~><~Scribe.143~><~Game.1920~><~Scribe.144~> BFCE11
$Alexey'a<~Scribe.141~>189 <~Scribe.142~><~Game.2034~><~Scribe.143~><~Game.2036~><~Scribe.144~> 613B8A
$Alexey'a<~Controls.644~>105 189 <~Controls.645~><~Game.2035~> 2324E0
$Alexey'a<~Controls.757~>102 <~Controls.758~><~Game.1997~><~Controls.759~><~Game.2043~> 64DBC6
$Alexey'a<~Controls.762~>105 103 361 101 104 362 099 100 <~Controls.763~><~Game.2041~><~Controls.764~><~Game.2043~> EDE081
$Alexey'a<~Controls.509~>182<~Controls.510~><~Game.2006~><~Controls.511~><~Controls.46~> null
$Alexey'a<~Controls.509~>164<~Controls.510~><~Game.2007~><~Controls.511~><~Controls.46~> null
$webbely<~Controls.726~>213 210 <~Controls.727~><~Game.1997~><~Controls.728~><~Game.2042~> 0BCCAE
<~Game.7~>6 null
$webbely<~Controls.731~>358 211 212 <~Controls.732~><~Game.2039~><~Controls.733~><~Game.2042~> A41F49
$webbely<~Controls.509~>144<~Controls.510~><~Game.2004~><~Controls.511~><~Controls.45~> null
$webbely<~Controls.509~>153<~Controls.510~><~Game.2005~><~Controls.511~><~Controls.45~> null
$Alexey'a<~Controls.281~>164 <~Controls.282~><~Controls.46~><~Controls.283~><~Game.2041~> 3CF640
<Alexey'a> 1e E022E1
$Alexey'a<~Controls.372~>105 C0178A
$Alexey'a<~Controls.345~>103 361 101 104 362 099 100 102 <~Controls.346~>13 12 13 10 13 15 10 10 null
$Alexey'a<~Controls.350~>103 361 101 104 362 099 100 102 null
$webbely<~Controls.345~>358 211 212 213 210 <~Controls.346~>1 2 4 3 1 null
$Alexey'a<~Scribe.141~>418 <~Scribe.142~><~Game.2040~><~Scribe.143~><~Game.1920~><~Scribe.144~> 44A989
$Alexey'a<~Scribe.141~>423 <~Scribe.142~><~Game.27~><~Scribe.143~><~Game.29~><~Scribe.144~> 779B89
$webbely<~Scribe.141~>423 <~Scribe.142~><~Game.29~><~Scribe.143~><~Game.30~><~Scribe.144~> 916E54
$webbely<~HighlightLabel.86~>210<~HighlightLabel.87~><~Game.2042~><~HighlightLabel.88~><~Game.2035~> 466BEE
$webbely<~Controls.790~>248<~Controls.791~><~Game.2014~><~Controls.792~><~Game.2015~> 06DEAD
$webbely<~Controls.795~>210<~Controls.796~><~Game.2035~><~Controls.797~><~Game.1997~> 15B571
<game> Alexey'a<~Controls.1~> 4 3 null
$Alexey'a<~Scribe.141~>104 <~Scribe.142~><~Game.2043~><~Scribe.143~><~Game.2035~><~Scribe.144~> 18F563
$Alexey'a<~Scribe.141~>346 <~Scribe.142~><~Game.2040~><~Scribe.143~><~Game.1946~><~Scribe.144~> A1E48C
$Alexey'a<~Controls.644~>104 <~Controls.645~><~Game.2035~> 358B5D
$webbely<~HighlightLabel.86~>358<~HighlightLabel.87~><~Game.2042~><~HighlightLabel.88~><~Game.2035~> DC2BC8
$webbely<~Controls.790~>248<~Controls.791~><~Game.2015~><~Controls.792~><~Game.2016~> DD1FB3
$webbely<~Controls.795~>358<~Controls.796~><~Game.2035~><~Controls.797~><~Game.1997~> D858D4
<game> Alexey'a<~Controls.1~> 3 2 null
$Alexey'a<~Scribe.141~>100 <~Scribe.142~><~Game.2043~><~Scribe.143~><~Game.2035~><~Scribe.144~> B4E55F
$Alexey'a<~Scribe.141~>345 <~Scribe.142~><~Game.2040~><~Scribe.143~><~Game.1946~><~Scribe.144~> 3539BB
$Alexey'a<~Controls.644~>100 <~Controls.645~><~Game.2035~> E23AD3
<webbely> pass 356AC5
$Alexey'a<~Scribe.141~>101 <~Scribe.142~><~Game.2043~><~Scribe.143~><~Game.2035~><~Scribe.144~> DF3FF2
<Alexey'a> lprien 66EE02
$Alexey'a<~Controls.840~>197 58B5FD
$webbely<~Controls.840~>144 F878D9
<auto> playchosen 74FBE8
<auto><~Controls.3~>reveal 144 1AEB49F04ED7B969EE6CF963B93B0FC7D5F26A93 6<~Controls.884~><~Controls.45~><~Controls.885~><~Game.2037~> A7E7AC
<auto><~Controls.866~>reveal 197 88F726E1545708DA34F459F602D8E983B9BBE48B 0<~Controls.867~><~Controls.46~><~Controls.868~><~Game.2036~> 7F43B3
<auto> playchosen 7574E3
<game> Alexey'a<~Controls.1~> 5 2 2 4 4 null
<game> Alexey'a<~Controls.1~> 5 2 3 null
<Alexey'a> 1 B373B6
<game> webbely<~Controls.1~> 1 5 3 null
<game> webbely<~Controls.1~> 3 null
<webbely> 1 E8997A
$webbely<~Scribe.141~>097 <~Scribe.142~><~Game.1992~><~Scribe.143~><~Game.2037~><~Scribe.144~> E07B93
$Alexey'a<~Scribe.141~>008 <~Scribe.142~><~Game.1928~><~Scribe.143~><~Game.2036~><~Scribe.144~> 1B92EA
<Alexey'a> press 745B20
$Alexey'a<~Controls.304~>336 <~Controls.305~><~Game.1928~> 2D751C
$Alexey'a<~Controls.313~>015 <~Controls.307~><~Controls.314~><~Game.1928~> 59E84F
$Alexey'a<~Controls.509~>172<~Controls.510~><~Game.2007~><~Controls.511~><~Controls.46~> null
$Alexey'a<~Controls.662~>197 008 144 097 <~Controls.663~><~Game.2035~> 363C3D
$Alexey'a<~Controls.840~>195 CB9394
<webbely> nc 727920
<auto><~Controls.866~>reveal 195 DB99490C7CB7EFF2B200C8DBE4541B793DAD89DB 17<~Controls.867~><~Controls.46~><~Controls.868~><~Game.2036~> 4116F1
<game> Alexey'a<~Controls.1~> 2 1 2 1 null
<game> Alexey'a<~Controls.1~> 6 2 3 null
<Alexey'a> 1 EB564B
<game> webbely<~Controls.1~> 1 4 3 null
<webbely> 1 1ED27A
$Alexey'a<~Scribe.141~>001 <~Scribe.142~><~Game.1928~><~Scribe.143~><~Game.2036~><~Scribe.144~> CB47B4
<Alexey'a> press 521B74
$webbely<~Controls.304~>093 <~Controls.305~><~Game.1992~> 74061D
$webbely<~Controls.313~>269 <~Controls.307~><~Controls.314~><~Game.1992~> B31CAD
$Alexey'a<~Controls.304~>335 <~Controls.305~><~Game.1928~> AD2906
$Alexey'a<~Controls.313~>008 <~Controls.307~><~Controls.314~><~Game.1928~> 9E3CC2
$Alexey'a<~Controls.662~>195 001 <~Controls.663~><~Game.2035~> 95A541
$Alexey'a<~Controls.840~>174 2E79DE
<webbely> nc E45312
<auto><~Controls.866~>reveal 174 9B06CFA9A79246BF90E402FB26964BF972528B90 23<~Controls.867~><~Game.2029~><~Controls.868~><~Game.2036~> D90313
<game> Alexey'a<~Controls.1~> 4 6 4 null
<Alexey'a> 3 F200FA
$webbely<~Controls.296~>092 269 <~Controls.297~><~Game.1992~> AABFB5
<game> Alexey'a<~Controls.1~> 6 3 5 null
<game> Alexey'a<~Controls.1~> 6 6 null
<Alexey'a> 3 C7ECC1
<game> webbely<~Controls.1~> 4 null
$webbely<~Controls.296~>087 <~Controls.297~><~Game.1992~> 25D6F9
$Alexey'a<~Scribe.141~>415 <~Scribe.142~><~Game.2040~><~Scribe.143~><~Game.1928~><~Scribe.144~> A1F8D5
$Alexey'a<~Scribe.141~>423 <~Scribe.142~><~Game.30~><~Scribe.143~><~Game.32~><~Scribe.144~> 5B7715
$Alexey'a<~Controls.644~>101 174 <~Controls.645~><~Game.2035~> 77C782
<webbely> pass 41F233
$Alexey'a<~Scribe.141~>201 <~Scribe.142~><~Game.2030~><~Scribe.143~><~Game.2029~><~Scribe.144~> 6B9162
$Alexey'a<~Scribe.141~>109 <~Scribe.142~><~Game.2031~><~Scribe.143~><~Game.2030~><~Scribe.144~> 22DA76
$Alexey'a<~Scribe.141~>102 <~Scribe.142~><~Game.2043~><~Scribe.143~><~Game.2035~><~Scribe.144~> A93143
$Alexey'a<~Scribe.141~>347 <~Scribe.142~><~Game.2040~><~Scribe.143~><~Game.1987~><~Scribe.144~> 7E32B2
$Alexey'a<~Controls.644~>102 <~Controls.645~><~Game.2035~> 10BEB9
$webbely<~Scribe.141~>427 <~Scribe.142~><~Game.2042~><~Scribe.143~><~Game.2035~><~Scribe.144~> 028ABE
$webbely<~Controls.509~>143<~Controls.510~><~Game.2005~><~Controls.511~><~Controls.45~> null
$webbely<~Controls.644~>427 <~Controls.645~><~Game.2035~> 4C1E28
$Alexey'a<~Scribe.141~>362 <~Scribe.142~><~Game.2043~><~Scribe.143~><~Game.2035~><~Scribe.144~> 440A94
<Alexey'a> wlr 26D6B8
$Alexey'a<~Controls.840~>187 9C70BD
<webbely> nc CCC75C
$Alexey'a<~Scribe.141~>022 023 <~Scribe.142~><~Game.1954~><~Scribe.143~><~Game.2036~><~Scribe.144~> 810B3C
<auto><~Controls.866~>reveal 187 A8BC76590C93DFDE609E0733C306B007A1001BD5 3<~Controls.867~><~Controls.46~><~Controls.868~><~Game.2036~> 6C2F16
<game> Alexey'a<~Controls.1~> 4 3 4 5 3 null
<game> Alexey'a<~Controls.1~> 3 4 null
<Alexey'a> 3 5DA376
<game> webbely<~Controls.1~> 3 3 6 1 null
<game> webbely<~Controls.1~> 1 null
<webbely> 1 5D111F
$Alexey'a<~Scribe.141~>021 <~Scribe.142~><~Game.1954~><~Scribe.143~><~Game.2036~><~Scribe.144~> C5BE9F
$webbely<~Controls.304~>094 267 265 <~Controls.305~><~Game.1991~> 6705A7
$webbely<~Controls.313~>268 269 087 <~Controls.309~>(1)/casualties(2)<~Controls.314~><~Game.1991~> 5B20C6
<Alexey'a> press 1DF929
$Alexey'a<~Controls.304~>036 <~Controls.305~><~Game.1954~> 175B0E
$Alexey'a<~Controls.313~>344 <~Controls.307~><~Controls.314~><~Game.1954~> 9F5129
$Alexey'a<~Controls.662~>187 021 022 023 <~Controls.663~><~Game.2035~> 018362
$Alexey'a<~Controls.840~>185 BD3E86
$Alexey'a<~Controls.819~> 491DC0
$Alexey'a<~Controls.819~> E40BAB
<webbely> nc 03415C
<Alexey'a> nono 67067C
<Alexey'a> I forgot 317C8D
$Alexey'a<~Controls.819~> 0A6354
$Alexey'a<~Controls.644~>362 187 023 022 021 <~Controls.645~><~Game.2035~> 98BDD2
$Alexey'a<~Controls.179~> 497F05
<webbely> ah, okay 6C2A6E
$webbely<~HighlightLabel.86~>211<~HighlightLabel.87~><~Game.2042~><~HighlightLabel.88~><~Game.2035~> 23A00A
$webbely<~CardBuffet.9~>reveal 156 3B487091CBE2CBAEFF2A379D03952026CC540230 2<~CardBuffet.10~><~Controls.45~><~CardBuffet.11~> BAD614
$webbely<~Scribe.141~>266 <~Scribe.142~><~Game.2038~><~Scribe.143~><~Game.1991~><~Scribe.144~> 9F0A53
$webbely<~Controls.509~>129<~Controls.510~><~Game.2005~><~Controls.511~><~Controls.45~> null
$webbely<~Controls.644~>211 156 <~Controls.645~><~Game.2035~> D384F5
$Alexey'a<~Scribe.141~>361 <~Scribe.142~><~Game.2043~><~Scribe.143~><~Game.2035~><~Scribe.144~> 738940
$Alexey'a<~Scribe.141~>345 346 055 057 049 048 047 046 045 044 <~Scribe.142~><~Game.1946~><~Scribe.143~><~Game.1952~><~Scribe.144~> AF37E6
$Alexey'a<~Scribe.141~>347 054 053 <~Scribe.142~><~Game.1987~><~Scribe.143~><~Game.1980~><~Scribe.144~> 152793
$Alexey'a<~Controls.644~>361 <~Controls.645~><~Game.2035~> 9E8FD6
$webbely<~HighlightLabel.86~>213<~HighlightLabel.87~><~Game.2042~><~HighlightLabel.88~><~Game.2035~> 69403E
$webbely<~Scribe.141~>276 <~Scribe.142~><~Game.2038~><~Scribe.143~><~Game.1924~><~Scribe.144~> EE8375
$webbely<~Controls.644~>213 <~Controls.645~><~Game.2035~> 2A8863
$Alexey'a<~Scribe.141~>103 <~Scribe.142~><~Game.2043~><~Scribe.143~><~Game.2035~><~Scribe.144~> AB3E6C
$Alexey'a<~Scribe.141~>320 <~Scribe.142~><~Game.1928~><~Scribe.143~><~Game.1920~><~Scribe.144~> 4341BE
$Alexey'a<~Scribe.141~>253 <~Scribe.142~><~Game.1928~><~Scribe.143~><~Game.1954~><~Scribe.144~> 654DD6
$Alexey'a<~Scribe.141~>037 <~Scribe.142~><~Game.1969~><~Scribe.143~><~Game.1954~><~Scribe.144~> 4CC468
$Alexey'a<~Scribe.141~>040 <~Scribe.142~><~Game.1973~><~Scribe.143~><~Game.1954~><~Scribe.144~> 27F01B
$Alexey'a<~Controls.644~>103 <~Controls.645~><~Game.2035~> FD8EA6
$webbely<~Controls.271~>212<~Controls.272~><~Game.2042~><~Controls.273~><~Game.2035~> C8AC44
$Alexey'a<~Scribe.141~>253 040 037 039 038 036 029 028 027 026 024 <~Scribe.142~><~Game.1954~><~Scribe.143~><~Game.1938~><~Scribe.144~> 1B5A48
$Alexey'a<~Scribe.141~>253 040 037 039 038 036 029 028 027 026 024 <~Scribe.142~><~Game.1938~><~Scribe.143~><~Game.1954~><~Scribe.144~> 67FAAD
$Alexey'a<~Scribe.141~>345 346 055 057 049 048 047 046 045 044 <~Scribe.142~><~Game.1952~><~Scribe.143~><~Game.1938~><~Scribe.144~> 0FE0C4
$webbely<~Scribe.141~>282 <~Scribe.142~><~Game.2038~><~Scribe.143~><~Game.1924~><~Scribe.144~> 540A11
$webbely<~Scribe.141~>272 <~Scribe.142~><~Game.2038~><~Scribe.143~><~Game.1944~><~Scribe.144~> F5082C
$webbely<~Controls.644~>212 <~Controls.645~><~Game.2035~> E6F9F4
$Alexey'a<~Controls.757~>099 105 <~Controls.758~><~Game.1997~><~Controls.759~><~Game.2043~> 59638F
$Alexey'a<~Controls.762~>103 361 362 102 101 100 104 <~Controls.763~><~Game.2041~><~Controls.764~><~Game.2043~> CC9167
$webbely<~Controls.726~>358 210 <~Controls.727~><~Game.1997~><~Controls.728~><~Game.2042~> 7A7D33
<~Game.7~>7 null
$webbely<~Controls.731~>212 213 211 <~Controls.732~><~Game.2039~><~Controls.733~><~Game.2042~> 40434C
$webbely<~Controls.509~>128<~Controls.510~><~Game.2004~><~Controls.511~><~Controls.45~> null
$Alexey'a<~Controls.509~>158<~Controls.510~><~Game.2006~><~Controls.511~><~Controls.46~> null
$webbely<~Controls.509~>114<~Controls.510~><~Game.2005~><~Controls.511~><~Controls.45~> null
$Alexey'a<~Controls.509~>199<~Controls.510~><~Game.2007~><~Controls.511~><~Controls.46~> null
$webbely<~Controls.296~>128 <~Controls.297~><~Controls.45~> DF18A8
$webbely<~Controls.296~>123 <~Controls.297~><~Controls.45~> 1D0450
$webbely<~Scribe.141~>247 <~Scribe.142~><~Game.1967~><~Scribe.143~><~Game.1974~><~Scribe.144~> 8D5D99
$webbely<~Scribe.141~>247 <~Scribe.142~><~Game.1974~><~Scribe.143~><~Game.524~><~Scribe.144~> 09F6F9
$webbely<~Controls.323~>247 D8B859
$webbely<~Controls.323~>247 566C88
$webbely<~Controls.281~>222 221 239 238 <~Controls.282~><~Game.2045~><~Controls.283~><~Game.2044~> 8A6FA1
<webbely> fsp ok 1EE57D
$Alexey'a<~Controls.372~>103 D03778
$Alexey'a<~Controls.345~>361 362 102 101 100 104 099 105 <~Controls.346~>10 10 14 13 15 10 14 10 null
$Alexey'a<~Controls.350~>361 362 102 101 100 104 099 105 null
$webbely<~Controls.345~>212 213 211 358 210 <~Controls.346~>2 3 2 0 1 null
$webbely<~HighlightLabel.86~>358<~HighlightLabel.87~><~Game.2042~><~HighlightLabel.88~><~Game.2035~> DA63F2
$webbely<~Controls.790~>247<~Controls.791~><~Game.524~><~Controls.792~><~Game.525~> 06AFFA
$webbely<~Controls.795~>358<~Controls.796~><~Game.2035~><~Controls.797~><~Game.1997~> 4FC90F
$Alexey'a<~Controls.624~>227<~Controls.625~><~Game.2044~><~Controls.626~><~Game.2037~> null
$webbely<~Scribe.141~>109 <~Scribe.142~><~Game.2030~><~Scribe.143~><~Game.2037~><~Scribe.144~> 1E5C7F
<webbely> random E87F8A
$Alexey'a<~Controls.637~>243<~Controls.638~><~Game.1998~><~Controls.639~><~Game.2036~> null
$webbely<~Controls.644~>243 109 227 <~Controls.645~><~Game.2035~> C02916
$Alexey'a<~Scribe.141~>361 <~Scribe.142~><~Game.2043~><~Scribe.143~><~Game.2035~><~Scribe.144~> 8F880D
$Alexey'a<~Scribe.141~>255 <~Scribe.142~><~Game.2040~><~Scribe.143~><~Game.1969~><~Scribe.144~> 0B392D
$Alexey'a<~Scribe.141~>360 <~Scribe.142~><~Game.2040~><~Scribe.143~><~Game.2037~><~Scribe.144~> 6A5D5C
$Alexey'a<~Controls.644~>361 360 <~Controls.645~><~Game.2035~> 3FDAB1
$webbely<~HighlightLabel.86~>213<~HighlightLabel.87~><~Game.2042~><~HighlightLabel.88~><~Game.2035~> F0C862
$webbely<~Scribe.141~>271 <~Scribe.142~><~Game.2038~><~Scribe.143~><~Game.1924~><~Scribe.144~> BD116B
$webbely<~Scribe.141~>278 <~Scribe.142~><~Game.2038~><~Scribe.143~><~Game.1931~><~Scribe.144~> 22A2CF
$webbely<~Controls.644~>213 <~Controls.645~><~Game.2035~> 8A9FBA
$Alexey'a<~Scribe.141~>099 <~Scribe.142~><~Game.2043~><~Scribe.143~><~Game.2035~><~Scribe.144~> AC0A78
$Alexey'a<~CardBuffet.14~>reveal 199 31D73F27FACD235A4871FB9698FF60ECE512CB89 1<~CardBuffet.15~><~Controls.46~><~CardBuffet.16~> 6678D2
$Alexey'a<~Scribe.141~>347 054 053 <~Scribe.142~><~Game.1980~><~Scribe.143~><~Game.1954~><~Scribe.144~> 995BB6
$Alexey'a<~Scribe.141~>056 052 051 050 <~Scribe.142~><~Game.1984~><~Scribe.143~><~Game.1973~><~Scribe.144~> 059A30
$Alexey'a<~Controls.644~>099 199 <~Controls.645~><~Game.2035~> 65F29E
$Alexey'a<~Controls.819~> 4EF965
$Alexey'a<~Controls.819~> 1A5BFD
$Alexey'a<~Scribe.141~>255 016 <~Scribe.142~><~Game.1969~><~Scribe.143~><~Game.1938~><~Scribe.144~> 5354DC
$Alexey'a<~Scribe.141~>044 <~Scribe.142~><~Game.1938~><~Scribe.143~><~Game.2037~><~Scribe.144~> 3FA22F
$Alexey'a<~Controls.644~>099 199 044 <~Controls.645~><~Game.2035~> 337B57
<webbely> pass 1B1BB7
$Alexey'a<~Scribe.141~>104 <~Scribe.142~><~Game.2043~><~Scribe.143~><~Game.2035~><~Scribe.144~> A860A9
$Alexey'a<~Controls.323~>255 28863E
<Alexey'a> pel 51CC80
<Alexey'a> nc 1E4F37
$webbely<~Controls.840~>153 345343
<auto><~Controls.861~>reveal 153 E4DA23BFC39CB4A338A6B70D78B260A320AF91CC 4<~Controls.862~><~Controls.45~><~Controls.863~><~Game.2037~> CDDCA3
$webbely<~Scribe.141~>278 078 <~Scribe.142~><~Game.1931~><~Scribe.143~><~Game.1924~><~Scribe.144~> 22BD23
$Alexey'a<~Scribe.141~>255 345 346 055 057 049 048 047 046 045 016 <~Scribe.142~><~Game.1938~><~Scribe.143~><~Game.1931~><~Scribe.144~> 2900DA
$Alexey'a<~Controls.644~>104 153 <~Controls.645~><~Game.2035~> 66D3E8
$Alexey'a<~Controls.644~><~Controls.645~><~Game.2035~> CBCF0B
$webbely<~HighlightLabel.86~>210<~HighlightLabel.87~><~Game.2042~><~HighlightLabel.88~><~Game.2035~> 3572D9
<webbely> DA 552F87
$Alexey'a<~Scribe.141~>320 043 <~Scribe.142~><~Game.1920~><~Scribe.143~><~Game.1995~><~Scribe.144~> 868398
$webbely<~Scribe.141~>271 276 278 078 282 <~Scribe.142~><~Game.1924~><~Scribe.143~><~Game.1920~><~Scribe.144~> E4F864
$webbely<~Controls.644~>210 <~Controls.645~><~Game.2035~> 010389
$Alexey'a<~Scribe.141~>101 <~Scribe.142~><~Game.2043~><~Scribe.143~><~Game.2035~><~Scribe.144~> EA8A21
<Alexey'a> WLR C02026
$Alexey'a<~Controls.840~>185 A558EB
<webbely> nc D6EA9E
<auto><~Controls.866~>reveal 185 461E639A5BD61BBA2CBBC7D22A3A3E885329A43A 12<~Controls.867~><~Controls.46~><~Controls.868~><~Game.2036~> D90DAA
$Alexey'a<~Scribe.141~>027 028 <~Scribe.142~><~Game.1954~><~Scribe.143~><~Game.2036~><~Scribe.144~> CE5F27
<game> Alexey'a<~Controls.1~> 4 4 3 4 3 null
<game> Alexey'a<~Controls.1~> 6 6 null
<Alexey'a> 5 E57E05
<webbely> nice 01FFBB
<game> webbely<~Controls.1~> 4 6 2 5 4 null
<game> webbely<~Controls.1~> 4 null
<webbely> 2 705D0B
$Alexey'a<~Scribe.141~>024 026 <~Scribe.142~><~Game.1954~><~Scribe.143~><~Game.2036~><~Scribe.144~> 39B45F
<Alexey'a> press E5B86D
$webbely<~Controls.296~>266 268 269 087 <~Controls.297~><~Game.1991~> 97E974
$Alexey'a<~Controls.304~>036 <~Controls.305~><~Game.1954~> A06259
$Alexey'a<~Controls.313~>023 <~Controls.307~><~Controls.314~><~Game.1954~> 27B3E1
$Alexey'a<~Controls.509~>206<~Controls.510~><~Game.2007~><~Controls.511~><~Controls.46~> null
$Alexey'a<~Controls.662~>185 024 026 027 028 <~Controls.663~><~Game.2035~> DE3D5A
<Alexey'a>  nc EDFEE0
<webbely> nc 5EA7BB
<game> Alexey'a<~Controls.1~> 1 5 5 6 5 null
<game> Alexey'a<~Controls.1~> 3 5 3 5 null
<game> webbely<~Controls.1~> 1 null
<game> webbely<~Controls.1~> 4 null
<Alexey'a> 1 5523A0
$webbely<~Controls.296~>098 066 <~Controls.297~><~Game.1991~> E0E7DB
$Alexey'a<~Scribe.141~>413 <~Scribe.142~><~Game.2040~><~Scribe.143~><~Game.1954~><~Scribe.144~> 9042F9
$Alexey'a<~Controls.644~>101 <~Controls.645~><~Game.2035~> 7B75B1
<webbely> pass CC19E9
$Alexey'a<~Scribe.141~>105 <~Scribe.142~><~Game.2043~><~Scribe.143~><~Game.2035~><~Scribe.144~> 0A78E0
$Alexey'a<~Scribe.141~>423 <~Scribe.142~><~Game.32~><~Scribe.143~><~Game.33~><~Scribe.144~> 957612
$webbely<~Scribe.141~>423 <~Scribe.142~><~Game.33~><~Scribe.143~><~Game.389~><~Scribe.144~> 819E67
$Alexey'a<~Scribe.141~>335 <~Scribe.142~><~Game.2040~><~Scribe.143~><~Game.1969~><~Scribe.144~> 1ADF29
$Alexey'a<~Controls.644~>105 <~Controls.645~><~Game.2035~> 1C5022
$webbely<~HighlightLabel.86~>211<~HighlightLabel.87~><~Game.2042~><~HighlightLabel.88~><~Game.2035~> A6B934
$webbely<~CardBuffet.9~>reveal 143 5D385F3757509BDE5B7A117256CCDCE1DA2F239F 12<~CardBuffet.10~><~Controls.45~><~CardBuffet.11~> 11186E
$webbely<~Scribe.141~>270 275 <~Scribe.142~><~Game.2038~><~Scribe.143~><~Game.1920~><~Scribe.144~> 7C97C7
$webbely<~Controls.644~>211 143 <~Controls.645~><~Game.2035~> 8DCAEF
$Alexey'a<~Scribe.141~>362 <~Scribe.142~><~Game.2043~><~Scribe.143~><~Game.2035~><~Scribe.144~> 3FF3F0
$Alexey'a<~Scribe.141~>035 <~Scribe.142~><~Game.2040~><~Scribe.143~><~Game.1969~><~Scribe.144~> 091C31
$Alexey'a<~Controls.644~>362 <~Controls.645~><~Game.2035~> E4A86E
$webbely<~Controls.271~>212<~Controls.272~><~Game.2042~><~Controls.273~><~Game.2035~> 9795C7
<webbely> hmm 04183F
$webbely<~Controls.366~>251<~Controls.367~><~Game.2010~><~Controls.368~><~Game.2011~> 1C5FF5
$webbely<~Controls.790~>247<~Controls.791~><~Game.525~><~Controls.792~><~Game.528~> 84CE80
$webbely<~Controls.795~>212<~Controls.796~><~Game.2035~><~Controls.797~><~Game.1997~> 12A1C4
$Alexey'a<~Controls.624~>222<~Controls.625~><~Game.2044~><~Controls.626~><~Game.2037~> null
<webbely> random 3CBAEF
$Alexey'a<~Controls.637~>242<~Controls.638~><~Game.1998~><~Controls.639~><~Game.2036~> null
$webbely<~Scribe.141~>252 <~Scribe.142~><~Game.2016~><~Scribe.143~><~Game.2017~><~Scribe.144~> DE1961
$webbely<~Controls.323~>247 EA92B1
$webbely<~Controls.644~>242 222 <~Controls.645~><~Game.2035~> 7DC44A
$Alexey'a<~Scribe.141~>102 <~Scribe.142~><~Game.2043~><~Scribe.143~><~Game.2035~><~Scribe.144~> 74709F
$Alexey'a<~Scribe.141~>251 <~Scribe.142~><~Game.2011~><~Scribe.143~><~Game.2037~><~Scribe.144~> D7A4D8
$Alexey'a<~Scribe.141~>255 345 346 055 057 049 048 047 046 045 016 <~Scribe.142~><~Game.1931~><~Scribe.143~><~Game.1924~><~Scribe.144~> 7B31DB
$Alexey'a<~Scribe.141~>032 031 030 <~Scribe.142~><~Game.1977~><~Scribe.143~><~Game.1969~><~Scribe.144~> B632D3
$Alexey'a<~Controls.644~>102 251 <~Controls.645~><~Game.2035~> F4B482
$Alexey'a<~Controls.757~>100 103 <~Controls.758~><~Game.1997~><~Controls.759~><~Game.2043~> 6975AA
$Alexey'a<~Controls.762~>102 362 105 101 104 099 361 360 <~Controls.763~><~Game.2041~><~Controls.764~><~Game.2043~> F9383F
$webbely<~Controls.726~>212 358 <~Controls.727~><~Game.1997~><~Controls.728~><~Game.2042~> 0FDF10
<~Game.7~>8 null
$webbely<~Controls.731~>211 210 213 <~Controls.732~><~Game.2039~><~Controls.733~><~Game.2042~> A4729F
$Alexey'a<~Controls.509~>208<~Controls.510~><~Game.2006~><~Controls.511~><~Controls.46~> null
$webbely<~Controls.509~>148<~Controls.510~><~Game.2004~><~Controls.511~><~Controls.45~> null
$Alexey'a<~Controls.509~>190<~Controls.510~><~Game.2007~><~Controls.511~><~Controls.46~> null
$webbely<~Controls.509~>111<~Controls.510~><~Game.2005~><~Controls.511~><~Controls.45~> null
<webbely> fsp ok D4A2F6
$Alexey'a<~Controls.281~>202 <~Controls.282~><~Controls.46~><~Controls.283~><~Game.2041~> 676CA5
$Alexey'a<~Controls.372~>102 C75EF7
$Alexey'a<~Controls.345~>362 105 101 104 099 361 360 100 103 <~Controls.346~>12 15 13 15 11 14 11 12 10 null
$Alexey'a<~Controls.350~>362 105 101 104 099 361 360 100 103 null
$webbely<~Controls.345~>211 210 213 212 358 <~Controls.346~>2 1 0 0 1 null
$Alexey'a<~Scribe.141~>419 <~Scribe.142~><~Game.2040~><~Scribe.143~><~Game.1931~><~Scribe.144~> 68195B
$webbely<~HighlightLabel.86~>212<~HighlightLabel.87~><~Game.2042~><~HighlightLabel.88~><~Game.2035~> 36F210
<webbely> DA 7B6241
<webbely> nc D8F5FC
<Alexey'a> nc 2953AD
<game> webbely<~Controls.1~> 1 2 5 1 6 null
<webbely> 1 295410
<game> Alexey'a<~Controls.1~> 3 4 null
$Alexey'a<~Scribe.141~>320 043 <~Scribe.142~><~Game.1995~><~Scribe.143~><~Game.2036~><~Scribe.144~> E34A5B
$webbely<~Scribe.141~>423 <~Scribe.142~><~Game.389~><~Scribe.143~><~Game.33~><~Scribe.144~> 5976E6
$webbely<~Controls.644~>212 320 043 <~Controls.645~><~Game.2035~> 3208FB
$Alexey'a<~HighlightLabel.81~>361<~HighlightLabel.82~><~Game.2043~><~HighlightLabel.83~><~Game.2035~> AB1E29
$Alexey'a<~CardBuffet.14~>reveal 206 0D19CC0E24A802D4E594E283F2DEAD76D31B6CFE 5<~CardBuffet.15~><~Controls.46~><~CardBuffet.16~> 652DA9
$webbely<~Controls.281~>418 <~Controls.282~><~Game.1920~><~Controls.283~><~Game.2040~> D24F89
$Alexey'a<~Scribe.141~>213 <~Scribe.142~><~Game.2042~><~Scribe.143~><~Game.2036~><~Scribe.144~> 7F967D
$Alexey'a<~Controls.644~>361 213 206 <~Controls.645~><~Game.2035~> FE4324
$webbely<~HighlightLabel.86~>211<~HighlightLabel.87~><~Game.2042~><~HighlightLabel.88~><~Game.2035~> 10FFA8
$webbely<~Controls.323~>247 BC5D22
$webbely<~Controls.644~>211 <~Controls.645~><~Game.2035~> 4E76AB
$Alexey'a<~Scribe.141~>362 <~Scribe.142~><~Game.2043~><~Scribe.143~><~Game.2035~><~Scribe.144~> B73EF9
<Alexey'a> DA A0F5DB
$webbely<~Scribe.141~>270 271 275 276 278 078 282 <~Scribe.142~><~Game.1920~><~Scribe.143~><~Game.1995~><~Scribe.144~> 457511
$Alexey'a<~Scribe.141~>255 345 346 055 057 049 048 047 046 045 016 <~Scribe.142~><~Game.1924~><~Scribe.143~><~Game.1920~><~Scribe.144~> B6AA56
$Alexey'a<~Controls.644~>362 <~Controls.645~><~Game.2035~> A71233
$Alexey'a<~Scribe.141~>418 <~Scribe.142~><~Game.2040~><~Scribe.143~><~Game.1924~><~Scribe.144~> 701804
$webbely<~HighlightLabel.86~>358<~HighlightLabel.87~><~Game.2042~><~HighlightLabel.88~><~Game.2035~> F48B37
$webbely<~Controls.790~>247<~Controls.791~><~Game.528~><~Controls.792~><~Game.529~> E25F9F
$webbely<~Controls.795~>358<~Controls.796~><~Game.2035~><~Controls.797~><~Game.1997~> 066033
$Alexey'a<~Controls.624~>217<~Controls.625~><~Game.2044~><~Controls.626~><~Game.2037~> null
$webbely<~Scribe.141~>252 <~Scribe.142~><~Game.2017~><~Scribe.143~><~Game.2018~><~Scribe.144~> A63F56
$webbely<~Controls.323~>247 D8F468
$webbely<~Controls.644~>217 <~Controls.645~><~Game.2035~> 0B850D
$Alexey'a<~Scribe.141~>101 <~Scribe.142~><~Game.2043~><~Scribe.143~><~Game.2035~><~Scribe.144~> 591101
$Alexey'a<~Scribe.141~>253 040 <~Scribe.142~><~Game.1954~><~Scribe.143~><~Game.1920~><~Scribe.144~> FDED12
$Alexey'a<~Scribe.141~>038 039 037 <~Scribe.142~><~Game.1954~><~Scribe.143~><~Game.1920~><~Scribe.144~> 2A2D3E
$Alexey'a<~Controls.644~>101 <~Controls.645~><~Game.2035~> 37C12E
<webbely> pass 90A954
$Alexey'a<~Scribe.141~>100 <~Scribe.142~><~Game.2043~><~Scribe.143~><~Game.2035~><~Scribe.144~> 04B65D
<Alexey'a> DA 958DCF
$Alexey'a<~Controls.840~>190 725E53
$webbely<~Controls.840~>111 E963D3
<auto> playchosen 80DD97
<auto><~Controls.3~>reveal 111 F8B001A9C543D92C363369D4CBE2C7F38B3D93CB 17<~Controls.884~><~Controls.45~><~Controls.885~><~Game.2037~> 466851
<auto><~Controls.866~>reveal 190 19AE9AFC465105CFC37F817A3C2BD31FF24046EA 9<~Controls.867~><~Controls.46~><~Controls.868~><~Game.2036~> 152D6B
<auto> playchosen ED4384
<game> Alexey'a<~Controls.1~> 2 6 5 2 4 null
<game> Alexey'a<~Controls.1~> 2 3 2 null
<Alexey'a> 2 BEF397
<game> webbely<~Controls.1~> 6 1 5 2 4 null
<game> webbely<~Controls.1~> 2 5 null
<webbely> 3 FFC031
$Alexey'a<~Scribe.141~>049 045 016 <~Scribe.142~><~Game.1920~><~Scribe.143~><~Game.2036~><~Scribe.144~> 91206E
$webbely<~Controls.304~>275 <~Controls.305~><~Game.1995~> 1BFA3E
$webbely<~Controls.313~>077 <~Controls.308~><~Controls.314~><~Game.1995~> 6DB409
<Alexey'a> stop DFAE5C
$Alexey'a<~Controls.509~>176<~Controls.510~><~Game.2007~><~Controls.511~><~Controls.46~> null
$Alexey'a<~Controls.644~>100 190 049 045 016 111 <~Controls.645~><~Game.2035~> 3282C3
$Alexey'a<~Controls.276~>103<~Controls.277~><~Game.2043~><~Controls.278~><~Game.2035~> 034C1C
<webbely> pass B04AA5
$Alexey'a<~Controls.281~>103 <~Controls.282~><~Game.2035~><~Controls.283~><~Game.2043~> 3D5DEB
$Alexey'a<~Scribe.141~>103 <~Scribe.142~><~Game.2043~><~Scribe.143~><~Game.2035~><~Scribe.144~> 55E241
$Alexey'a<~Controls.323~>253 6FC50C
$Alexey'a<~Controls.323~>255 056E32
<Alexey'a> DA 498EAD
$Alexey'a<~Controls.840~>176 8E6D5C
$webbely<~Controls.840~>136 C2BA7A
<auto> playchosen 48A983
<auto><~Controls.3~>reveal 136 4AEAD19436F2EEFDB29A277C974CD6CC79AB8B2D 2<~Controls.884~><~Controls.45~><~Controls.885~><~Game.2037~> 11C9BF
<auto><~Controls.866~>reveal 176 3F9A8CC7B535ACE12C5EFCBE216C04D9BCDE8B3C 13<~Controls.867~><~Controls.46~><~Controls.868~><~Game.2036~> 94DF4E
<auto> playchosen 4083F5
<game> Alexey'a<~Controls.1~> 1 2 6 5 2 null
<game> Alexey'a<~Controls.1~> 1 5 3 null
<Alexey'a> 3 DD36F4
<game> webbely<~Controls.1~> 2 1 4 4 1 null
<game> webbely<~Controls.1~> 3 5 null
<webbely> 3 9F1A70
$Alexey'a<~Scribe.141~>057 047 <~Scribe.142~><~Game.1920~><~Scribe.143~><~Game.2036~><~Scribe.144~> 85DE9E
$webbely<~Scribe.141~>271 276 <~Scribe.142~><~Game.1995~><~Scribe.143~><~Game.2037~><~Scribe.144~> 49009E
<Alexey'a> stop B6D14E
$Alexey'a<~Controls.509~>170<~Controls.510~><~Game.2007~><~Controls.511~><~Controls.46~> null
$Alexey'a<~Controls.644~>103 176 057 047 136 271 276 <~Controls.645~><~Game.2035~> 8700CF
$webbely<~Controls.271~>210<~Controls.272~><~Game.2042~><~Controls.273~><~Game.2035~> DADACC
$webbely<~Controls.366~>250<~Controls.367~><~Game.2009~><~Controls.368~><~Game.2011~> 61CDE3
$webbely<~Controls.819~> DB074E
$webbely<~Controls.819~> 827013
<webbely> pass 37FCCA
$Alexey'a<~Scribe.141~>099 <~Scribe.142~><~Game.2043~><~Scribe.143~><~Game.2035~><~Scribe.144~> 2328BA
<Alexey'a> DA 2977BE
$Alexey'a<~Controls.840~>172 CF9588
<webbely> nc 287DA1
<auto><~Controls.866~>reveal 172 899742C724C5F8D721E55F1D476655916FBD5FC2 4<~Controls.867~><~Controls.46~><~Controls.868~><~Game.2036~> B77C52
<game> Alexey'a<~Controls.1~> 6 6 1 2 4 null
<game> Alexey'a<~Controls.1~> 1 1 1 null
<Alexey'a> 2 94A7A7
<game> webbely<~Controls.1~> 6 1 6 3 null
<game> webbely<~Controls.1~> 6 null
<webbely> 3 4BDB32
$Alexey'a<~Scribe.141~>055 <~Scribe.142~><~Game.1920~><~Scribe.143~><~Game.2036~><~Scribe.144~> 9BB134
$webbely<~Controls.296~>278 282 <~Controls.297~><~Game.1995~> 7B3B33
$Alexey'a<~Controls.304~>346 <~Controls.305~><~Game.1920~> 8F2B01
$Alexey'a<~Controls.313~>047 <~Controls.307~><~Controls.314~><~Game.1920~> 547786
$Alexey'a<~Scribe.141~>345 048 046 <~Scribe.142~><~Game.1920~><~Scribe.143~><~Game.2036~><~Scribe.144~> E8D7B1
<game> Alexey'a<~Controls.1~> 1 1 4 1 null
<Alexey'a> gg FDD0B8
$webbely<~Controls.296~>078 <~Controls.297~><~Game.1995~> 0ADBBF
$Alexey'a<~Controls.644~>099 172 345 055 048 046 <~Controls.645~><~Game.2035~> AF6D7A
<Alexey'a> thans for thegame C51891
<~Talker.22~> null
