<auto> silent null
<auto><~Scribe.141~>363 397 398 402 401 400 399 403 404 376 375 374 373 377 378 <~Scribe.142~><~Game.2038~><~Scribe.143~>Spare<~Scribe.144~> null
<auto><~Scribe.141~>365 366 379 380 381 382 383 384 385 386 387 388 389 390 391 392 393 394 395 396 367 368 369 370 371 372 <~Scribe.142~><~Game.2040~><~Scribe.143~>Spare<~Scribe.144~> null
<auto><~Scribe.141~>230 231 <~Scribe.142~><~Game.2044~><~Scribe.143~>Spare<~Scribe.144~> null
<auto><~Scribe.141~>155 152 <~Scribe.142~><~Game.2004~><~Scribe.143~>Spare<~Scribe.144~> null
<auto><~Scribe.141~>137 151 <~Scribe.142~><~Game.2005~><~Scribe.143~>Spare<~Scribe.144~> null
<auto><~Scribe.141~>161 198 <~Scribe.142~><~Game.2006~><~Scribe.143~>Spare<~Scribe.144~> null
<auto><~Scribe.141~>163 188 <~Scribe.142~><~Game.2007~><~Scribe.143~>Spare<~Scribe.144~> null
<auto><~Controls.323~>364 null
<auto> noisy null
<auto> silent null
<auto><~Scribe.141~>312 <~Scribe.142~><~Game.2038~><~Scribe.143~><~Game.1965~><~Scribe.144~> null
<auto> noisy null
<~Game.7~>1 null
<auto> silent null
<auto><~Scribe.141~>363 397 398 402 401 400 399 403 404 376 375 374 373 377 378 <~Scribe.142~><~Game.2038~><~Scribe.143~>Spare<~Scribe.144~> null
<auto><~Scribe.141~>365 366 379 380 381 382 383 384 385 386 387 388 389 390 391 392 393 394 395 396 367 368 369 370 371 372 <~Scribe.142~><~Game.2040~><~Scribe.143~>Spare<~Scribe.144~> null
<auto><~Scribe.141~>230 231 <~Scribe.142~><~Game.2044~><~Scribe.143~>Spare<~Scribe.144~> null
<auto><~Scribe.141~>155 152 <~Scribe.142~><~Game.2004~><~Scribe.143~>Spare<~Scribe.144~> null
<auto><~Scribe.141~>137 151 <~Scribe.142~><~Game.2005~><~Scribe.143~>Spare<~Scribe.144~> null
<auto><~Scribe.141~>161 198 <~Scribe.142~><~Game.2006~><~Scribe.143~>Spare<~Scribe.144~> null
<auto><~Scribe.141~>163 188 <~Scribe.142~><~Game.2007~><~Scribe.143~>Spare<~Scribe.144~> null
<auto><~Controls.323~>364 null
<auto> noisy null
$base silent null
$TEST<~Scribe.141~>312 <~Scribe.142~><~Game.2038~><~Scribe.143~><~Game.1965~><~Scribe.144~> null
$base noisy null
<game> Saktan<~Controls.408~>[WOTR-Gandalf2 wotr base2] null
<~Talker.31~> null
<GandalfTheFly> hi 
<Saktan> hello! 
<GandalfTheFly> League game for reccording 
<Saktan> yup 
<GandalfTheFly> How do you want to do sides? 
<Saktan> i'm partial to 2 tokens for FP and then rolling. Highest gets SP first go around? thoughts? 
<GandalfTheFly> I can do that, 1 muster / card draw right? 
<Saktan> yep 
<GandalfTheFly> ok 
<game> GandalfTheFly<~Controls.1~> 3 null
<game> Saktan<~Controls.1~> 1 null
<Saktan> glhf! 
<GandalfTheFly> you too 
$Saktan<~Controls.464~>0934C31DFD7EE93EC680780BA6F2709E405B7686 41F4F20979C7014C2B7E610CE6B84830 24 2E5D7D9BA3A84998D321557D81822EA1BBA201AC FAE43601789A33A2BCF8192F2C2E4A80 32342D88F76F1C8094B5C19CA5296578CE88938C 0BC42E060F64BB36AA5EF3F62C18822F 470812D91F99B864A34D9E106B039EBEF1B5D890 8F49F8D655755E14F1BDE2D7991BD731 2E5933BE27F79CFCA9775F42D4C29645E1CFB41D 18882165A8C76E2DF7E7328874A0CB71 1534082A5BACC9374DBB8E6C8C17C4BFFC26F2ED E3D47F79CE92DA5ADDB63B3CD2CE3FA7 FC143DCFFB88F44586B26C15B0DA54E68D3ACF43 4C7F906A5DA11C9F18D4B796E213D024 E18D48724FC0B5E732661C0DCB4214D2631C8633 830BE9905D07B3C43FD497602E732847 0A074468BC4F3D6ABB8B800DC1B41EBB6B5F9522 80E4636B2B1FF89125BCCA6921286558 F8E7DBD4B079D8EC67D2EBA1B1E0795C21AF567F 34B9119E9FF093332A43610BC95B1DA4 7A3982CD912C61FD03C9A848A90AFFCF81BEA90B 00F9C6A271667AD9CE66F253DCF23C1F 8206C9969184B999A4096AFAC6E1AAF7B81F03CE 6A23A053D8F5CC2286237D7600B89EA5 1A26247DC44ECF22327996CAB000617043E48F8A 0EDF4E96739C3C11D3666C3B4666A826 E384756217937F5E669F2AE4F89D954247228ED3 D20BADB56C58F32E8F8E1FE0F7573EAE 9F2EA524007B9F03E12030A8F00CAB740426C625 5D443235DA7EDA188909AB8493DD7C90 E0B75191BE39F6412140F07D9D4FD39B55CC823F C882BBA26794851C54EDA956168101E9 D61BB2EC19911FFAA3E5C3E067C9D1A7B58DBC71 96DCDB95328C5F535C95327C7DB96E6A 68F8F5F2A40E55DFA485B00C9033720F372915D9 E189E853F6903206399F8D1888D2783C CEBBCFB05891B301CE2F30DC0AC7969E8A974348 D6AB61946BBC00FB47D86FEEC00C7376 E254D3BD906382B207AA4FCB159BEB98048EDEB0 63867C75EC60A60D76F06C46BB3940FE 31EC9189873FD4D0D00D3E8DF6A2723AE59578EA 2E21AB9B59C924705D0662159D58FA17 4A9AA19FB46732628484FE5016304E042CCE2F4D C88348B43E93FEA39560F472E2F6D865 E083DA7112DD4E202041D353FA18CD0580F73BCC 220150923407FD8844E831655B591622 64EAB165420898A5B27A1BA4244B753B9A6BBCC3 3F4679FF87134841F73826D176B10FEA 41870AE8F08F5EC6DF651C1B14E63AC4CD1CB722 2B207A3B19CD308DB559100AC2E2DCF2 24 A3041DA36AD7F425DD86AF942CC4EC50E2F44D1E 2B2DCA49859AA82C5073125FB19C6028 4F52047B0057C50E83C09C506F0B994A881CFF89 35ED535B866D5DB7FE17F61A9ECC99C0 78AD93D8173CA9CD9AB6D8676C34A4CF64C87A07 A2E541489AAE15C927F0347011AC0BB2 9B6D3FB608D8BCB3F8828C8B5B247DE1AC00C83A 21CCCD95E2BE6CCC80E01E9E42EFA13D 88FB7001F85AE5A00260056516D98368500DC3F2 EFECE2874C34BBB457FDF367DBD7CA1E CE32002EEB1EEA7295A25857E76AE8E901C910E7 4440C44DF333049730DF597D0230D9BF 8F486ED27B0DDBB9975286BAF198F351139D311E 10E3F936C58E73EB912CF94996715C11 4323835D240599D930FE1F6FA51BCFE4034252CA E6E6D0C165848EDB1A6D8971B79D3DE9 511A1E23195974864624C6BED4203786CD15FAFF 38ADF3295350F306D8795E038C88536E C6C02370326CD80AA0D42862D43C595ED6E43007 C54150434AE5A1A7D91EECBD3F9D0967 E0AAF089C7D4757FC7B55B91D6671B70DE4E624C 4E68E5F6E97A8AA903C2E9F44C5EE0E1 E8D6F214821B6421FCA23AE956E3866333E3A59D 8F5166AB95D1C4B52123094DFB253FBD 9C537AF7AEA6B749B9E39F87DD2A22DFA605D296 6D2B307E9D509D1A3E89D0532AEB82F5 D9D141A298826DF3A16F411B4C4C4C24A7732B3A 6B000C219E62D3FC36F15962500EAE3C 21E91F78F623DB43A2B0E2533F623DD93DDDAAB9 629AEAD928B4361E8911BE6BBE72D962 3B444AED42F65C8B931D89F69E2FCF1DB7737F53 715C6FDAA138876872470B9D2668C731 B5C01A4EE5446AFB8D5F4ADEC99D484FE4B72721 3148FA786919561B38C115AA6128FD04 E42FACAFF4470120557A51D98B673471030B2996 2DA230C33EF3E326C3796F796CEDCF12 784EECE31714EC46D0A46D138253EBAE302AC894 91E9061EE205DBB671D9AB9FB3E31EC6 0BFBE0CFAD0943F9CD9B6F16CAEE95CB372A19DA 201746D8FA398AEC2A10FCD7927C43F4 B79AC7B673F12468C0200359697EB6D6E8E3DF9B 6B57B19539213023B17C6ED318E5552B 9A71B292DF3E6E35EAED32B436A8BEFFEAA4AC87 3FB49099BD5433103DB5EC510DA57BD2 C400CF00177408FF2B5E24CBF53B5BB8FCB91D40 5E61B83AB8D517874705B95536AAD2AC D2462EA912283FCA2C6194D87ACF687CC23A64A0 72A06B285354D763A574E54CD643EB4F 0 0 BF8D43
$Saktan<~Controls.281~>427 426 <~Controls.282~><~Game.2038~><~Controls.283~><~Game.2042~> 646AD3
$GandalfTheFly<~Controls.479~>CB7BF72CDB2FDFF96C59827C18BC8811A79D5BD8 B6C12AB74D707DE7D1F736BB8C5B9C70 24 15B78116EA836FCF0314A2F2AD2BDDB7477D1669 4B64647A84FB3873DB8F06E2F76D5689 5453FA3565B20BD5EF6623A62B49F6F63CB1D30D 64A1A5272CB854FA2FD09568147CC5E2 3C84D3AE6A880C1CE4ACCDC4A7790B8D7938FDA3 9F9267CCE9A269798BD4F98A6FED7279 4753B1407B348D886BA4958373843BFD987411E9 9798ADB4F62C76B549DADC5FC30D4B55 322C80A12A18548EB93EE5357DD1EDBD4662759B AEE2CDB59E22EA5DC3978B13891AFFF2 C3A8A5A0EB1BBAA3CB1512AE2156B4CAA6B3D6AB 0B2FD401F004E641F2257648D11502C8 AF833AFCC7A3D80EDFD52BE39E2B35C5BFEC4A67 E60602B3B2CAA9725860A3BA5572FFA0 17B3EA264EA2498173D491E8C2D2BB3F7EBD9EB7 02FB5F9D953C7A3C1FDF1F62CBEC07D1 2D41D48E6B27940411BD03C830AD42DE81C50287 7BA487E1AA6003D082EF5FA57A26A25E 392D809B8172F33CED5D2BDB9A47D78D223673C0 C16D06E014A9B16B6C2E1E3A10D5B188 DA3342D9E6FF2094666A563A19AB9EE32E9B0ABD E4673574FFD9E2E55EA9B67FB29B0129 B8B8D802A45CDB3E4A6FF3F838261EB657FF106E 11B06238D0DA6AF195A998F353E16802 20467D63093719B6DE8BBD66A4BC9768063A46BE 5C29ED379DE6F7146B8D67CD483848DE 5BBCB14192F19D8EB103999081D5399992A5C511 BF8EBB16DFCFA486FD5305671C2BAC45 ADEF18C1B126D69A02B6AC5F47730DE2C206E470 622184D4664BBF560DBF474BA1820F77 D1756006ADCD47626C0DA8C12AE7E367F0726746 1C77EAED8C76B32A2A2FC3364759B327 811F805AE86F66770B0AC9903ABAE553B0E80A89 392DCD79AD0C6D4A0E9E24FFB08F1468 279AC46799C42D3A19941B161521CD8F74498091 7D8375C6D6FF91B2465B46D983766B3B 25AFAF3505DBD12ABB150AEED36E3E37053EF69B 6823F7F4BC6801F4186FC15A7FC19BC3 B77749F587475CF5D6798CF1E9743F3C2918CCC0 BC972EB1EE013DD0A0C77783D317C84A 8DB9230DBF2439886579511F2F7BB47602D21988 3C38B1BE4EA2121A3C94B124ADD51D83 8E57AECECFCA242FCE453B6E58D20F0A5E450781 B58DE9FEBD6A3E7D29732AD011D3A271 47D32E94E50D3178D1B9B3DD00B4CCF709082148 4172C76E159B15766E5511B0EB43181B 2EB0BFB78059831C0002C87C764FF32456F7490A CA711B835C42D52EF83CC8FB6605A3FF 24 0B551F28037FDDF9EA8022DE2FCF968760695DA2 CD2E2926353E2FDA06395F4A7EEC1A1C 97F08C5109C0F04EE1B037303C870D372CC6EFC5 60CF744F993D63DDC644988DD4E9E7BB 1AD57FEA8833E698FBA784FB37828E54C52F0D9B 75B68BECC7BAD80640ECF7ACC0166D2D 1011EFB77B8D6D562A186B264C5D9436D2868ADD 600DC94679200AB473DB4052ACFF6E02 A0BC1C175DC40947A40C5366F01A5BAF67BA2E55 96E11AB3578EE029BDBBF6AD9FBFE31E A4E4671856DC12170354FAAE5774F1CAFD7CEBE2 B7DAD49DB0F0A2307F03679D18C17078 C97389875F3B0399BDD47FB26793ED271ADF9A7B CDCCE9A9675F92E7009C7C621D38C328 76B0FC48F3573089B5E31CEBBB09C5525D9C727B D6AAB5E02BF8789792818DE292A92DC2 B6E8CBCB7A48A1828072AF7A465CE858533F47E7 7F9D15DAEAA70F5EF2C19F62CE13C6B1 E76685C05CC2EB1BB2FD2E4370B866B61EADBF0E 3242245C879772E1F47C95D76B8CE5B9 5227F562501BF5337BBA4AE17EADF8CE64F2281E 5256CC82C92F23CA5FCB85E55D67A31C C83C5E5E89A1E677C69737423565D8D32DC1E087 C552C4D997E891B615B0827D453BF324 5B2E6E35DFCE73D8C2FCDF01261693074BB38CA3 B2BBA98B6257195477776AFA0757AE2F 064EAD2DEF412371358A4C59EEB47F7DEE0F84AC 8B281B77E130F7990729659E997C46C9 70B0120A6948665DFD66B824EC0850ED3DA9069E 4D481C7B043267124EEF94391EF568A2 D09C9F7A2C3F919A9EBFF2415B79CC0635E692F7 0666FFFE2124CF27FF998A893252B612 C3EADEE2C0079085C7D9A303B0D02C9B879037B3 9731C4C374702A7F5B9E7DE68770243E E3DEA64A9FE1A1FDDAAC860C72B33825F2398D26 BBD09395C6F6D628D7395919B08FE52C 10828998B1BE996A2374DE52EC2653A4A9765BE1 477CFEE76A1BCC74FD9AA6A23D9308C8 606EACA954F7EBCEC4584C080DB36C20347C93AE B32D1FB77040604A8F34765807C1B393 1A2955B5517593A4A3146F50D07E7B23679B71E7 D8200EE7151E5045F19EE87ECC901C9C 1B6A23F4754D0DF4B9957D9318B139F6352A200F FB2D538278AEFE7CC8AB196EFD6074A1 52A2FA7039D0D412D3CF396D83F009994C70EC63 094095A393A01BA7DD8F366FD6242B7A 5F0E12BEA993DA3FD3D9F2A9E7891AC7F67384B3 246BD406688649574747B2D3AF5F668F 0 0 946E38
$Saktan<~Controls.509~>144<~Controls.510~><~Game.2004~><~Controls.511~><~Controls.45~> null
$Saktan<~Controls.509~>129<~Controls.510~><~Game.2005~><~Controls.511~><~Controls.45~> null
$GandalfTheFly<~Controls.509~>165<~Controls.510~><~Game.2006~><~Controls.511~><~Controls.46~> null
$GandalfTheFly<~Controls.509~>178<~Controls.510~><~Game.2007~><~Controls.511~><~Controls.46~> null
<Saktan> fsp ok 465A57
<GandalfTheFly> 0e A41428
$GandalfTheFly<~Controls.345~>105 104 103 102 101 100 099 <~Controls.346~>12 14 13 11 10 10 10 null
$GandalfTheFly<~Controls.350~>105 104 103 102 101 100 099 null
$Saktan<~Controls.345~>213 212 211 210 <~Controls.346~>2 4 3 1 null
<Saktan> ah dang, would liked more movement haha 1042FA
<GandalfTheFly> yep A2E1CB
<Saktan> pass 7296F8
$GandalfTheFly<~Scribe.141~>104 <~Scribe.142~><~Game.2043~><~Scribe.143~><~Game.2035~><~Scribe.144~> 7E62F0
$GandalfTheFly<~Controls.509~>176<~Controls.510~><~Game.2007~><~Controls.511~><~Controls.46~> null
$GandalfTheFly<~Controls.644~>104 <~Controls.645~><~Game.2035~> B07126
<Saktan> pass 5C1407
$GandalfTheFly<~Scribe.141~>100 <~Scribe.142~><~Game.2043~><~Scribe.143~><~Game.2035~><~Scribe.144~> 6161C6
$GandalfTheFly<~Scribe.141~>263 <~Scribe.142~><~Game.2002~><~Scribe.143~><~Game.2003~><~Scribe.144~> B507FC
$GandalfTheFly<~Controls.644~>100 <~Controls.645~><~Game.2035~> 05606F
<Saktan> pass C68004
$GandalfTheFly<~Scribe.141~>099 <~Scribe.142~><~Game.2043~><~Scribe.143~><~Game.2035~><~Scribe.144~> B5EF66
$GandalfTheFly<~Scribe.141~>262 <~Scribe.142~><~Game.2002~><~Scribe.143~><~Game.2003~><~Scribe.144~> 061CD4
$GandalfTheFly<~Controls.644~>099 <~Controls.645~><~Game.2035~> FE9142
$Saktan<~HighlightLabel.86~>210<~HighlightLabel.87~><~Game.2042~><~HighlightLabel.88~><~Game.2035~> 562C55
$Saktan<~Controls.790~>248<~Controls.791~><~Game.2014~><~Controls.792~><~Game.2015~> 98635B
$Saktan<~Controls.795~>210<~Controls.796~><~Game.2035~><~Controls.797~><~Game.1997~> B65F30
$GandalfTheFly<~Scribe.141~>103 <~Scribe.142~><~Game.2043~><~Scribe.143~><~Game.2035~><~Scribe.144~> F53A6D
$GandalfTheFly<~Controls.281~>103 <~Controls.282~><~Game.2035~><~Controls.283~><~Game.2043~> A772E6
$GandalfTheFly<~Scribe.141~>101 <~Scribe.142~><~Game.2043~><~Scribe.143~><~Game.2035~><~Scribe.144~> 07C7AC
$GandalfTheFly<~Scribe.141~>254 360 <~Scribe.142~><~Game.2040~><~Scribe.143~><~Game.2037~><~Scribe.144~> 6A9B4E
$GandalfTheFly<~Scribe.141~>254 <~Scribe.142~><~Game.2037~><~Scribe.143~><~Game.1919~><~Scribe.144~> B88FA7
$GandalfTheFly<~Controls.644~>101 360 <~Controls.645~><~Game.2035~> 18A5A1
$Saktan<~HighlightLabel.86~>213<~HighlightLabel.87~><~Game.2042~><~HighlightLabel.88~><~Game.2035~> 826771
$Saktan<~CardBuffet.9~>reveal 129 77EAAAB0DDF6F61506E1679E995498DA135A6B73 14<~CardBuffet.10~><~Controls.45~><~CardBuffet.11~> CBE8DA
$Saktan<~Scribe.141~>270 276 <~Scribe.142~><~Game.2038~><~Scribe.143~><~Game.1944~><~Scribe.144~> 6F21F4
$Saktan<~Controls.509~>134<~Controls.510~><~Game.2005~><~Controls.511~><~Controls.45~> null
$Saktan<~Controls.644~>213 129 <~Controls.645~><~Game.2035~> BD7D6A
$GandalfTheFly<~Scribe.141~>103 <~Scribe.142~><~Game.2043~><~Scribe.143~><~Game.2035~><~Scribe.144~> 6D6606
$GandalfTheFly<~Scribe.141~>039 036 029 028 027 026 <~Scribe.142~><~Game.1979~><~Scribe.143~><~Game.1977~><~Scribe.144~> 0716E2
$GandalfTheFly<~Controls.644~>103 <~Controls.645~><~Game.2035~> 658908
$Saktan<~HighlightLabel.86~>212<~HighlightLabel.87~><~Game.2042~><~HighlightLabel.88~><~Game.2035~> 964AA5
$Saktan<~Scribe.141~>073 072 <~Scribe.142~><~Game.1929~><~Scribe.143~><~Game.1925~><~Scribe.144~> A2EEAF
$Saktan<~Scribe.141~>065 <~Scribe.142~><~Game.1941~><~Scribe.143~><~Game.1957~><~Scribe.144~> 06E961
$Saktan<~Controls.644~>212 <~Controls.645~><~Game.2035~> 3D128C
$GandalfTheFly<~Scribe.141~>105 <~Scribe.142~><~Game.2043~><~Scribe.143~><~Game.2035~><~Scribe.144~> C9F64E
$GandalfTheFly<~Scribe.141~>055 049 048 047 <~Scribe.142~><~Game.1968~><~Scribe.143~><~Game.1946~><~Scribe.144~> 4930D6
$GandalfTheFly<~Scribe.141~>039 036 029 028 027 026 <~Scribe.142~><~Game.1977~><~Scribe.143~><~Game.1969~><~Scribe.144~> 174695
$GandalfTheFly<~Controls.644~>105 <~Controls.645~><~Game.2035~> 46990D
$Saktan<~HighlightLabel.86~>211<~HighlightLabel.87~><~Game.2042~><~HighlightLabel.88~><~Game.2035~> C36BC9
<Saktan> 0e is just too tempting D9496F
$Saktan<~Scribe.141~>249 <~Scribe.142~><~Game.2008~><~Scribe.143~><~Game.2011~><~Scribe.144~> 1D63FB
<GandalfTheFly> yep 8A0DB9
$Saktan<~Controls.790~>248<~Controls.791~><~Game.2015~><~Controls.792~><~Game.2016~> FBC534
$Saktan<~Controls.795~>211<~Controls.796~><~Game.2035~><~Controls.797~><~Game.1997~> FD9A69
<GandalfTheFly> makes sense 4ADBEF
$GandalfTheFly<~Scribe.141~>102 <~Scribe.142~><~Game.2043~><~Scribe.143~><~Game.2035~><~Scribe.144~> 462D9C
<GandalfTheFly> hmm A81697
<GandalfTheFly> just thinking D01FEC
<Saktan> tyt 86D197
$GandalfTheFly<~Scribe.141~>001 <~Scribe.142~><~Game.1910~><~Scribe.143~><~Game.1917~><~Scribe.144~> F3D520
$GandalfTheFly<~Scribe.141~>001 <~Scribe.142~><~Game.1917~><~Scribe.143~><~Game.1910~><~Scribe.144~> 059BBB
$GandalfTheFly<~Scribe.141~>039 037 036 029 028 027 026 020 019 018 017 016 <~Scribe.142~><~Game.1969~><~Scribe.143~><~Game.1964~><~Scribe.144~> 62BB3E
$GandalfTheFly<~Scribe.141~>055 057 049 048 047 046 045 <~Scribe.142~><~Game.1946~><~Scribe.143~><~Game.1932~><~Scribe.144~> FFBBA6
$GandalfTheFly<~Controls.644~>102 <~Controls.645~><~Game.2035~> E3358A
<GandalfTheFly> nt D2BCBA
$Saktan<~Controls.726~>211 210 <~Controls.727~><~Game.1997~><~Controls.728~><~Game.2042~> 84EF48
$Saktan<~Controls.731~>212 213 <~Controls.732~><~Game.2039~><~Controls.733~><~Game.2042~> C2C74E
$GandalfTheFly<~Controls.762~>102 105 103 101 360 099 100 104 <~Controls.763~><~Game.2041~><~Controls.764~><~Game.2043~> 7B7FB7
<~Game.7~>2 null
$Saktan<~Controls.509~>149<~Controls.510~><~Game.2004~><~Controls.511~><~Controls.45~> null
$Saktan<~Controls.509~>138<~Controls.510~><~Game.2005~><~Controls.511~><~Controls.45~> null
$GandalfTheFly<~Controls.509~>204<~Controls.510~><~Game.2006~><~Controls.511~><~Controls.46~> null
$GandalfTheFly<~Controls.509~>184<~Controls.510~><~Game.2007~><~Controls.511~><~Controls.46~> null
<Saktan> fsp ok! 5216F9
$GandalfTheFly<~Controls.372~>102 C0A2E7
<GandalfTheFly> 1e BF1CDA
$GandalfTheFly<~Controls.345~>105 103 101 360 099 100 104 <~Controls.346~>12 15 15 13 12 13 11 null
$GandalfTheFly<~Controls.350~>105 103 101 360 099 100 104 null
$Saktan<~Controls.345~>212 213 211 210 <~Controls.346~>1 3 4 3 null
<Saktan> pass B8D45A
<GandalfTheFly> hmm 16B006
$GandalfTheFly<~Scribe.141~>099 <~Scribe.142~><~Game.2043~><~Scribe.143~><~Game.2035~><~Scribe.144~> 8F07A1
$GandalfTheFly<~Scribe.141~>034 033 <~Scribe.142~><~Game.1971~><~Scribe.143~><~Game.1977~><~Scribe.144~> 401FE4
$GandalfTheFly<~Scribe.141~>040 035 015 014 013 012 011 <~Scribe.142~><~Game.1956~><~Scribe.143~><~Game.1953~><~Scribe.144~> EF239C
$GandalfTheFly<~Scribe.141~>040 035 015 014 013 012 011 <~Scribe.142~><~Game.1953~><~Scribe.143~><~Game.1956~><~Scribe.144~> 23A187
$GandalfTheFly<~Scribe.141~>039 037 036 029 028 027 026 020 019 018 017 016 <~Scribe.142~><~Game.1964~><~Scribe.143~><~Game.1959~><~Scribe.144~> 188495
$GandalfTheFly<~Controls.644~>099 <~Controls.645~><~Game.2035~> F5D580
<Saktan> hmm FD7530
$Saktan<~HighlightLabel.86~>211<~HighlightLabel.87~><~Game.2042~><~HighlightLabel.88~><~Game.2035~> DB3F70
$Saktan<~Scribe.141~>079 <~Scribe.142~><~Game.1943~><~Scribe.143~><~Game.1942~><~Scribe.144~> 8AD9C1
$Saktan<~Scribe.141~>073 072 <~Scribe.142~><~Game.1925~><~Scribe.143~><~Game.1923~><~Scribe.144~> E5D1CC
$Saktan<~Controls.644~>211 <~Controls.645~><~Game.2035~> A10611
<GandalfTheFly> ahh the sneaky drudian block D910E6
$GandalfTheFly<~Scribe.141~>105 <~Scribe.142~><~Game.2043~><~Scribe.143~><~Game.2035~><~Scribe.144~> F37BED
<Saktan> haha 'sneaky' 4DF68C
$GandalfTheFly<~Scribe.141~>039 037 036 029 028 027 026 020 019 018 017 016 <~Scribe.142~><~Game.1959~><~Scribe.143~><~Game.1948~><~Scribe.144~> 5A4EF5
$GandalfTheFly<~Scribe.141~>034 033 032 031 030 <~Scribe.142~><~Game.1977~><~Scribe.143~><~Game.1974~><~Scribe.144~> 21E001
$GandalfTheFly<~Controls.644~>105 <~Controls.645~><~Game.2035~> 678DE5
$Saktan<~HighlightLabel.86~>213<~HighlightLabel.87~><~Game.2042~><~HighlightLabel.88~><~Game.2035~> F2FBA7
$Saktan<~HighlightLabel.91~>256<~HighlightLabel.92~><~Game.2000~><~HighlightLabel.93~><~Game.2001~> 0F8CC3
$Saktan<~Controls.644~>213 <~Controls.645~><~Game.2035~> C22F3F
$GandalfTheFly<~Scribe.141~>100 <~Scribe.142~><~Game.2043~><~Scribe.143~><~Game.2035~><~Scribe.144~> 43999F
$GandalfTheFly<~Scribe.141~>reveal 204 A3D434CDE1A2EB2D37DF7169C9A384DEE58FEBAA 1 <~Scribe.142~><~Controls.46~><~Scribe.143~><~Game.2037~><~Scribe.144~> 18996E
$GandalfTheFly<~Scribe.141~>204 <~Scribe.142~><~Game.2037~><~Scribe.143~><~Game.2029~><~Scribe.144~> 2B4FF4
<Saktan> ooh very nice 4A398D
$GandalfTheFly<~Controls.644~>100 <~Controls.645~><~Game.2035~> F0FCEA
<GandalfTheFly> yep EC3D1E
<GandalfTheFly> now or never basically E113D7
<Saktan> true 0A737A
$Saktan<~HighlightLabel.86~>212<~HighlightLabel.87~><~Game.2042~><~HighlightLabel.88~><~Game.2035~> E812C3
$Saktan<~Controls.790~>248<~Controls.791~><~Game.2016~><~Controls.792~><~Game.2017~> 450B3E
$Saktan<~Controls.795~>212<~Controls.796~><~Game.2035~><~Controls.797~><~Game.1997~> F9499D
<game> GandalfTheFly<~Controls.1~> 3 5 6 null
<GandalfTheFly> 1 6D1593
$GandalfTheFly<~Controls.624~>217<~Controls.625~><~Game.2044~><~Controls.626~><~Game.2037~> null
<GandalfTheFly> ouch E9C748
<Saktan> ah yikes E4D370
<GandalfTheFly> yeah like the worst one 526AB9
<Saktan> true 1997E1
<Saktan> thinking C9FDF8
$Saktan<~Scribe.141~>252 <~Scribe.142~><~Game.2014~><~Scribe.143~><~Game.2015~><~Scribe.144~> E1DA33
<Saktan> hmm 0C90D0
<GandalfTheFly> yeah this is the daring or safe road lol FF2C42
<Saktan> haha could be game defining choice 299343
$Saktan<~Scribe.141~>252 <~Scribe.142~><~Game.2015~><~Scribe.143~><~Game.2014~><~Scribe.144~> 00BE65
<Saktan> i will random actually... 07903F
<Saktan> lets see where that takes us haha 2DDD16
<GandalfTheFly> do you want me to draw? 4A3E20
<Saktan> you draw 85D65D
<GandalfTheFly> and yeah we will see C6A570
$GandalfTheFly<~Controls.637~>243<~Controls.638~><~Game.1998~><~Controls.639~><~Game.2036~> null
<GandalfTheFly> just gimli 230024
<Saktan> ok not bad 2A5121
$Saktan<~Scribe.141~>247 <~Scribe.142~><~Game.1911~><~Scribe.143~><~Game.1936~><~Scribe.144~> C8C02E
$Saktan<~Controls.323~>247 D78212
$Saktan<~Controls.644~>243 217 <~Controls.645~><~Game.2035~> 3E9239
<GandalfTheFly> aight 43C4B5
<Saktan> srry 4BB1B5
<Saktan> can i change guide 9D6FC3
<Saktan> since composition changed 08CDB3
<GandalfTheFly> im not sure 3F7B73
<GandalfTheFly> i think maybe only when the guide himself dies? 0B23EC
<Saktan> may i check? 365500
<GandalfTheFly> yes please 0A37F2
<Saktan> ok brb F63481
<GandalfTheFly> i just honestly don't know E0EB9A
<Saktan> so this is from Discord, Vanalu 04AB0D
<Saktan> Vanali F3AF18
<Saktan> Yes. Whenever the Fellowship's composition changes (including when Companions are separated), you may change the Guide. DC5DB5
<GandalfTheFly> ok, so yeah D250E0
<Saktan> also sent on discord 736935
<GandalfTheFly> i just didn't know 2D9FE2
<Saktan> yeah, i have never done it myself 6319FB
<Saktan> but i have seen it done i think 3A7A30
$Saktan<~Scribe.141~>240 <~Scribe.142~><~Game.1999~><~Scribe.143~><~Game.1998~><~Scribe.144~> 3BD742
$Saktan<~Scribe.141~>241 <~Scribe.142~><~Game.1998~><~Scribe.143~><~Game.1999~><~Scribe.144~> 92C8FC
<GandalfTheFly> but yeah hide with strider makes sense 510896
<Saktan> ok 7EE8CD
<Saktan> thanks! 6CC541
<Saktan> your go 190D21
$GandalfTheFly<~Scribe.141~>104 <~Scribe.142~><~Game.2043~><~Scribe.143~><~Game.2035~><~Scribe.144~> 9F1CE7
$GandalfTheFly<~Scribe.141~>261 <~Scribe.142~><~Game.2001~><~Scribe.143~><~Game.2002~><~Scribe.144~> 184AFE
$GandalfTheFly<~Controls.644~>104 <~Controls.645~><~Game.2035~> 411E07
$Saktan<~HighlightLabel.86~>210<~HighlightLabel.87~><~Game.2042~><~HighlightLabel.88~><~Game.2035~> 286256
$Saktan<~Controls.323~>247 D2FD32
$Saktan<~Controls.644~>210 <~Controls.645~><~Game.2035~> 1C5C44
$GandalfTheFly<~Scribe.141~>360 <~Scribe.142~><~Game.2043~><~Scribe.143~><~Game.2035~><~Scribe.144~> 325253
$GandalfTheFly<~Scribe.141~>039 037 036 029 028 027 026 020 019 018 017 016 <~Scribe.142~><~Game.1948~><~Scribe.143~><~Game.1937~><~Scribe.144~> F5CC81
$GandalfTheFly<~Controls.644~>360 <~Controls.645~><~Game.2035~> 78AB5C
<GandalfTheFly> nt D28053
$Saktan<~Controls.726~>212 <~Controls.727~><~Game.1997~><~Controls.728~><~Game.2042~> DA2DB5
$Saktan<~Controls.731~>210 213 211 <~Controls.732~><~Game.2039~><~Controls.733~><~Game.2042~> 987292
$GandalfTheFly<~Controls.757~>103 101 102 <~Controls.758~><~Game.1997~><~Controls.759~><~Game.2043~> 6C414E
<~Game.7~>3 null
$GandalfTheFly<~Controls.762~>360 104 100 105 099 <~Controls.763~><~Game.2041~><~Controls.764~><~Game.2043~> A58020
$Saktan<~Controls.509~>115<~Controls.510~><~Game.2004~><~Controls.511~><~Controls.45~> null
$Saktan<~Controls.509~>119<~Controls.510~><~Game.2005~><~Controls.511~><~Controls.45~> null
$GandalfTheFly<~Controls.509~>160<~Controls.510~><~Game.2006~><~Controls.511~><~Controls.46~> null
$GandalfTheFly<~Controls.509~>170<~Controls.510~><~Game.2007~><~Controls.511~><~Controls.46~> null
<Saktan> fsp change guide lol E5EB26
$Saktan<~Scribe.141~>240 <~Scribe.142~><~Game.1998~><~Scribe.143~><~Game.1999~><~Scribe.144~> 5CDFE2
<GandalfTheFly> yep 0FE3F9
$Saktan<~Scribe.141~>241 <~Scribe.142~><~Game.1999~><~Scribe.143~><~Game.1998~><~Scribe.144~> DE71C2
$GandalfTheFly<~Controls.372~>360 EB503D
<GandalfTheFly> 1e 8ADA77
<Saktan> ok 69F1FB
$GandalfTheFly<~Controls.345~>104 100 105 099 103 101 102 <~Controls.346~>15 11 12 11 14 11 12 null
$GandalfTheFly<~Controls.350~>104 100 105 099 103 101 102 null
$Saktan<~Controls.345~>210 213 211 212 <~Controls.346~>4 1 1 1 null
<GandalfTheFly> well 4098E9
<Saktan> haha C61CA4
$Saktan<~HighlightLabel.86~>213<~HighlightLabel.87~><~Game.2042~><~HighlightLabel.88~><~Game.2035~> ECB55B
$Saktan<~Controls.790~>248<~Controls.791~><~Game.2014~><~Controls.792~><~Game.2015~> 1238DE
$Saktan<~Controls.795~>213<~Controls.796~><~Game.2035~><~Controls.797~><~Game.1997~> B807CE
<game> GandalfTheFly<~Controls.1~> 3 1 null
<GandalfTheFly> safe EA8ADC
$GandalfTheFly<~Scribe.141~>105 <~Scribe.142~><~Game.2043~><~Scribe.143~><~Game.2035~><~Scribe.144~> A9F5E1
$GandalfTheFly<~Scribe.141~>039 037 036 029 028 027 026 020 019 018 017 <~Scribe.142~><~Game.1937~><~Scribe.143~><~Game.1925~><~Scribe.144~> 83F2C3
$Saktan<~HighlightLabel.91~>259<~HighlightLabel.92~><~Game.2000~><~HighlightLabel.93~><~Game.2001~> 38BDBC
<GandalfTheFly> hmm 37AE98
<GandalfTheFly> one sec 8197D9
$Saktan<~Scribe.141~>259 <~Scribe.142~><~Game.2001~><~Scribe.143~><~Game.2000~><~Scribe.144~> 9F3CAE
$GandalfTheFly<~Scribe.141~>016 <~Scribe.142~><~Game.1937~><~Scribe.143~><~Game.1925~><~Scribe.144~> CAD4FB
<Saktan> tyt E1871B
<GandalfTheFly> just move all those guys F39008
$Saktan<~HighlightLabel.91~>259<~HighlightLabel.92~><~Game.2000~><~HighlightLabel.93~><~Game.2001~> CA8AE0
$GandalfTheFly<~Scribe.141~>040 035 015 014 013 012 011 <~Scribe.142~><~Game.1956~><~Scribe.143~><~Game.1953~><~Scribe.144~> 129360
$GandalfTheFly<~Controls.644~>105 <~Controls.645~><~Game.2035~> CACC28
<GandalfTheFly> 2nd army move 9D364F
<Saktan> ok F4B043
$Saktan<~HighlightLabel.86~>210<~HighlightLabel.87~><~Game.2042~><~HighlightLabel.88~><~Game.2035~> E0A22D
$Saktan<~Scribe.141~>074 070 069 <~Scribe.142~><~Game.1918~><~Scribe.143~><~Game.1923~><~Scribe.144~> 5B4E0D
$Saktan<~Scribe.141~>059 <~Scribe.142~><~Game.1973~><~Scribe.143~><~Game.1965~><~Scribe.144~> F44D40
$Saktan<~Controls.644~>210 <~Controls.645~><~Game.2035~> 2A2226
$GandalfTheFly<~Scribe.141~>102 <~Scribe.142~><~Game.2043~><~Scribe.143~><~Game.2035~><~Scribe.144~> FD69E9
$GandalfTheFly<~Scribe.141~>018 017 <~Scribe.142~><~Game.1925~><~Scribe.143~><~Game.1933~><~Scribe.144~> 088DD0
$GandalfTheFly<~Scribe.141~>017 <~Scribe.142~><~Game.1933~><~Scribe.143~><~Game.1929~><~Scribe.144~> 09D19F
$Saktan<~HighlightLabel.96~>259<~HighlightLabel.97~><~Game.2001~><~HighlightLabel.98~><~Game.2002~> 7E000F
$GandalfTheFly<~Scribe.141~>423 <~Scribe.142~><~Game.27~><~Scribe.143~><~Game.28~><~Scribe.144~> 634BBA
$GandalfTheFly<~Scribe.141~>418 419 420 <~Scribe.142~><~Game.2040~><~Scribe.143~><~Game.1925~><~Scribe.144~> C4562E
$GandalfTheFly<~Scribe.141~>418 420 <~Scribe.142~><~Game.1925~><~Scribe.143~><~Game.1929~><~Scribe.144~> 68974B
$GandalfTheFly<~Scribe.141~>418 <~Scribe.142~><~Game.1929~><~Scribe.143~><~Game.1933~><~Scribe.144~> 5FAEB5
$GandalfTheFly<~Controls.644~>102 <~Controls.645~><~Game.2035~> E83381
<GandalfTheFly> oh did you take your move already or still thinking? F86D4B
<GandalfTheFly> that was my army, just those 2 guys BB7E49
<Saktan> still thinking CC7FBA
<Saktan> i will pass 4A81DA
$GandalfTheFly<~Scribe.141~>101 <~Scribe.142~><~Game.2043~><~Scribe.143~><~Game.2035~><~Scribe.144~> 87FB03
<GandalfTheFly> attck HD 065EEA
$Saktan<~Scribe.141~>074 073 070 069 072 071 <~Scribe.142~><~Game.1923~><~Scribe.143~><~Game.1993~><~Scribe.144~> E896EA
$Saktan<~Controls.323~>259 49267C
$Saktan<~HighlightLabel.101~>259<~HighlightLabel.102~><~Game.2002~><~HighlightLabel.103~><~Game.2003~> 2894C5
$GandalfTheFly<~Scribe.141~>039 037 036 016 029 028 027 026 020 019 <~Scribe.142~><~Game.1925~><~Scribe.143~><~Game.1923~><~Scribe.144~> CF2221
$GandalfTheFly<~Controls.644~>101 <~Controls.645~><~Game.2035~> 960644
$Saktan<~HighlightLabel.86~>212<~HighlightLabel.87~><~Game.2042~><~HighlightLabel.88~><~Game.2035~> 0C8E40
$Saktan<~Controls.790~>248<~Controls.791~><~Game.2015~><~Controls.792~><~Game.2016~> 227A86
$Saktan<~Controls.795~>212<~Controls.796~><~Game.2035~><~Controls.797~><~Game.1997~> C0ACB5
<game> GandalfTheFly<~Controls.1~> 4 3 null
<GandalfTheFly> safe 9084E4
$GandalfTheFly<~Scribe.141~>099 <~Scribe.142~><~Game.2043~><~Scribe.143~><~Game.2035~><~Scribe.144~> 28CC79
$GandalfTheFly<~Scribe.141~>204 <~Scribe.142~><~Game.2029~><~Scribe.143~><~Game.2036~><~Scribe.144~> 8CC0EA
<GandalfTheFly> discarded, sorry 8BCE80
<Saktan> yup 9F0EAD
<GandalfTheFly> forgot AE842E
$GandalfTheFly<~Scribe.141~>253 361 <~Scribe.142~><~Game.2040~><~Scribe.143~><~Game.1923~><~Scribe.144~> C4C746
$GandalfTheFly<~Scribe.141~>361 <~Scribe.142~><~Game.1923~><~Scribe.143~><~Game.2037~><~Scribe.144~> 8AEA07
$Saktan<~Controls.323~>258 257 24A8BD
$GandalfTheFly<~Controls.644~>099 204 361 <~Controls.645~><~Game.2035~> 303F27
$Saktan<~Controls.323~>260 73C4E4
<Saktan> hmm 695374
<Saktan> pass 316D74
$GandalfTheFly<~Scribe.141~>103 <~Scribe.142~><~Game.2043~><~Scribe.143~><~Game.2035~><~Scribe.144~> 134BFE
$GandalfTheFly<~Scribe.141~>reveal 160 A443C7DF0EF98AD57D5CE58575EA397CEE5AC42D 8 <~Scribe.142~><~Controls.46~><~Scribe.143~><~Game.2037~><~Scribe.144~> B37740
<Saktan> nice C2207F
$GandalfTheFly<~Scribe.141~>318 319 <~Scribe.142~><~Game.2040~><~Scribe.143~><~Game.1923~><~Scribe.144~> 1752D9
<GandalfTheFly> yep 255CFD
<GandalfTheFly> combat BF6D33
$GandalfTheFly<~Controls.296~>160 <~Controls.297~><~Game.2037~> 7917C2
$GandalfTheFly<~Controls.840~>165 401A01
$Saktan<~Controls.840~>138 BD3E1D
<auto> playchosen 746ECE
<auto><~Controls.3~>reveal 138 83E702CAD9F4B95637CF7A0CEE936D0F1E4300D8 1<~Controls.884~><~Controls.45~><~Controls.885~><~Game.2037~> 202C2D
<auto><~Controls.866~>reveal 165 37A7856A2267DB365DF75682717D4AA785FA4B4C 16<~Controls.867~><~Controls.46~><~Controls.868~><~Game.2036~> 5F6E66
<auto> playchosen AFCC25
<GandalfTheFly> so forfit 4 CC3CC0
<Saktan> ok F4A2F2
<game> GandalfTheFly<~Controls.1~> 2 6 5 3 2 null
<game> GandalfTheFly<~Controls.1~> 3 5 null
<GandalfTheFly> 1 22AAED
<game> Saktan<~Controls.1~> 5 null
<Saktan> 1 5273EF
$Saktan<~Controls.304~>073 <~Controls.305~><~Game.1993~> 8B1C78
$Saktan<~Controls.313~>295 <~Controls.307~><~Controls.314~><~Game.1993~> 7B1E6B
$GandalfTheFly<~Controls.296~>020 <~Controls.297~><~Game.1923~> 7FFDF2
<GandalfTheFly> draw and press BF1B50
$GandalfTheFly<~Controls.304~>036 <~Controls.305~><~Game.1923~> 3D1329
$GandalfTheFly<~Controls.313~>020 <~Controls.307~><~Controls.314~><~Game.1923~> 3C0771
$GandalfTheFly<~Controls.509~>191<~Controls.510~><~Game.2006~><~Controls.511~><~Controls.46~> null
$GandalfTheFly<~Controls.296~>165 <~Controls.297~><~Game.2036~> EDCEDC
$Saktan<~Controls.281~>138 <~Controls.282~><~Game.2037~><~Controls.283~><~Game.2039~> 81088C
<GandalfTheFly> nc 0A5772
<Saktan> nc FB224E
<game> GandalfTheFly<~Controls.1~> 4 2 3 2 5 null
<game> GandalfTheFly<~Controls.1~> 1 6 2 6 1 null
<game> Saktan<~Controls.1~> 5 2 2 6 4 null
<game> Saktan<~Controls.1~> 5 null
<Saktan> 3 A98BED
<GandalfTheFly> 2 F6B5CD
$Saktan<~Controls.281~>069 070 <~Controls.282~><~Game.1993~><~Controls.283~><~Game.2039~> 165195
$GandalfTheFly<~Controls.296~>029 <~Controls.297~><~Game.1923~> C9E9AC
$GandalfTheFly<~Controls.296~>028 <~Controls.297~><~Game.1923~> AA7B39
$GandalfTheFly<~Controls.296~>027 <~Controls.297~><~Game.1923~> 181DDF
$GandalfTheFly<~Controls.644~>103 <~Controls.645~><~Game.2035~> 40DB3D
<GandalfTheFly> stop 67DFFF
$Saktan<~HighlightLabel.86~>211<~HighlightLabel.87~><~Game.2042~><~HighlightLabel.88~><~Game.2035~> 2B8170
$Saktan<~Controls.790~>248<~Controls.791~><~Game.2016~><~Controls.792~><~Game.2017~> 4E1B12
$Saktan<~Controls.795~>211<~Controls.796~><~Game.2035~><~Controls.797~><~Game.1997~> 52372B
<game> GandalfTheFly<~Controls.1~> 5 1 null
<GandalfTheFly> 1 AC8076
$GandalfTheFly<~Controls.624~>216<~Controls.625~><~Game.2044~><~Controls.626~><~Game.2037~> null
<Saktan> lol EDB51E
<Saktan> these 1r 65E749
<GandalfTheFly> wow C8CD19
<GandalfTheFly> yeah DF339F
<Saktan> i think i must 047C6A
$Saktan<~Scribe.141~>240 <~Scribe.142~><~Game.1999~><~Scribe.143~><~Game.2037~><~Scribe.144~> 5085FF
$Saktan<~Scribe.141~>241 <~Scribe.142~><~Game.1998~><~Scribe.143~><~Game.1999~><~Scribe.144~> EA8CA4
$Saktan<~Scribe.141~>247 <~Scribe.142~><~Game.1936~><~Scribe.143~><~Game.1957~><~Scribe.144~> 60F1A4
$Saktan<~Controls.323~>247 351135
$Saktan<~Controls.644~>216 240 <~Controls.645~><~Game.2035~> D7499C
$GandalfTheFly<~Scribe.141~>100 <~Scribe.142~><~Game.2043~><~Scribe.143~><~Game.2035~><~Scribe.144~> C2299D
$GandalfTheFly<~Scribe.141~>reveal 170 612DE3C40D9910CF405CCB50941E80B572BBBDA4 23 <~Scribe.142~><~Controls.46~><~Scribe.143~><~Game.2037~><~Scribe.144~> 8E5363
$GandalfTheFly<~Scribe.141~>323 322 329 330 331 332 <~Scribe.142~><~Game.2040~><~Scribe.143~><~Game.1919~><~Scribe.144~> E4C32E
$GandalfTheFly<~Scribe.141~>329 330 331 332 <~Scribe.142~><~Game.1919~><~Scribe.143~><~Game.1914~><~Scribe.144~> 806D02
$GandalfTheFly<~Scribe.141~>329 330 <~Scribe.142~><~Game.1914~><~Scribe.143~><~Game.1910~><~Scribe.144~> 74FE05
$GandalfTheFly<~Controls.644~>100 170 <~Controls.645~><~Game.2035~> DA8988
$Saktan<~Controls.726~>211 212 213 <~Controls.727~><~Game.1997~><~Controls.728~><~Game.2042~> 5E9B6D
$Saktan<~Controls.731~>210 <~Controls.732~><~Game.2039~><~Controls.733~><~Game.2042~> 240D0E
<GandalfTheFly> nt CE8F38
$Saktan<~Controls.509~>139<~Controls.510~><~Game.2004~><~Controls.511~><~Controls.45~> null
$GandalfTheFly<~Controls.757~>104 360 <~Controls.758~><~Game.1997~><~Controls.759~><~Game.2043~> 5C93E1
<~Game.7~>4 null
$GandalfTheFly<~Controls.762~>100 103 099 361 101 102 105 <~Controls.763~><~Game.2041~><~Controls.764~><~Game.2043~> 1CEA85
$Saktan<~Controls.509~>110<~Controls.510~><~Game.2005~><~Controls.511~><~Controls.45~> null
$Saktan<~Controls.281~>144 <~Controls.282~><~Controls.45~><~Controls.283~><~Game.2039~> 1A1AB3
$GandalfTheFly<~Controls.509~>209<~Controls.510~><~Game.2006~><~Controls.511~><~Controls.46~> null
$GandalfTheFly<~Controls.509~>186<~Controls.510~><~Game.2007~><~Controls.511~><~Controls.46~> null
<Saktan>  fsp ok B238E8
$GandalfTheFly<~Controls.372~>100 6FAEAE
<GandalfTheFly> 1e 74994D
$GandalfTheFly<~Controls.345~>103 099 361 101 102 105 104 360 <~Controls.346~>10 11 13 13 11 13 12 10 null
$GandalfTheFly<~Controls.350~>103 099 361 101 102 105 104 360 null
$Saktan<~Controls.345~>210 211 212 213 <~Controls.346~>1 2 2 1 null
<Saktan> sad 216206
$Saktan<~HighlightLabel.86~>212<~HighlightLabel.87~><~Game.2042~><~HighlightLabel.88~><~Game.2035~> 598D2E
<GandalfTheFly> yeah that sucks] 945A6A
$Saktan<~Controls.323~>247 065 8C1F86
$Saktan<~Controls.644~>212 <~Controls.645~><~Game.2035~> CCD979
$GandalfTheFly<~Scribe.141~>360 <~Scribe.142~><~Game.2043~><~Scribe.143~><~Game.2035~><~Scribe.144~> E72655
$GandalfTheFly<~Scribe.141~>261 <~Scribe.142~><~Game.2002~><~Scribe.143~><~Game.2003~><~Scribe.144~> 5D4683
$GandalfTheFly<~Controls.644~>360 <~Controls.645~><~Game.2035~> AFD2D1
$Saktan<~HighlightLabel.86~>213<~HighlightLabel.87~><~Game.2042~><~HighlightLabel.88~><~Game.2035~> 756F36
$Saktan<~Controls.790~>248<~Controls.791~><~Game.2014~><~Controls.792~><~Game.2015~> 3653CD
$Saktan<~Controls.795~>213<~Controls.796~><~Game.2035~><~Controls.797~><~Game.1997~> 1AE869
<game> GandalfTheFly<~Controls.1~> 2 null
<GandalfTheFly> safe 4120F0
$GandalfTheFly<~Scribe.141~>103 <~Scribe.142~><~Game.2043~><~Scribe.143~><~Game.2035~><~Scribe.144~> A8EFC2
$GandalfTheFly<~Scribe.141~>reveal 186 E6820EC83388FADD79077A09115EA9F6A74F6F37 12 <~Scribe.142~><~Controls.46~><~Scribe.143~><~Game.2037~><~Scribe.144~> 677C94
<GandalfTheFly> just thinking where i place them 8C96C8
<Saktan> np 1212A0
$GandalfTheFly<~Scribe.141~>328 327 <~Scribe.142~><~Game.2040~><~Scribe.143~><~Game.1916~><~Scribe.144~> C31171
$GandalfTheFly<~Scribe.141~>331 332 000 <~Scribe.142~><~Game.1914~><~Scribe.143~><~Game.1916~><~Scribe.144~> FBF5EC
$GandalfTheFly<~Scribe.141~>001 <~Scribe.142~><~Game.1910~><~Scribe.143~><~Game.1916~><~Scribe.144~> 1BD1CE
$GandalfTheFly<~Controls.644~>103 186 <~Controls.645~><~Game.2035~> 98CCA9
$Saktan<~HighlightLabel.86~>210<~HighlightLabel.87~><~Game.2042~><~HighlightLabel.88~><~Game.2035~> 7D2820
$Saktan<~Controls.790~>248<~Controls.791~><~Game.2015~><~Controls.792~><~Game.2016~> 24B4A5
$Saktan<~Controls.795~>210<~Controls.796~><~Game.2035~><~Controls.797~><~Game.1997~> E82747
<game> GandalfTheFly<~Controls.1~> 4 null
<GandalfTheFly> safe 9171EB
$GandalfTheFly<~Scribe.141~>104 <~Scribe.142~><~Game.2043~><~Scribe.143~><~Game.2035~><~Scribe.144~> 29A14F
$GandalfTheFly<~Scribe.141~>323 322 006 <~Scribe.142~><~Game.1919~><~Scribe.143~><~Game.1918~><~Scribe.144~> FA5BAF
$GandalfTheFly<~Scribe.141~>001 331 332 000 328 327 <~Scribe.142~><~Game.1916~><~Scribe.143~><~Game.1918~><~Scribe.144~> 75A777
$GandalfTheFly<~Scribe.141~>001 331 332 000 328 327 <~Scribe.142~><~Game.1918~><~Scribe.143~><~Game.1916~><~Scribe.144~> AD2D69
$GandalfTheFly<~Scribe.141~>329 330 <~Scribe.142~><~Game.1910~><~Scribe.143~><~Game.1917~><~Scribe.144~> 01FA62
$GandalfTheFly<~Controls.644~>104 <~Controls.645~><~Game.2035~> 443240
<Saktan> pass 05F918
$GandalfTheFly<~Scribe.141~>102 <~Scribe.142~><~Game.2043~><~Scribe.143~><~Game.2035~><~Scribe.144~> 855D4A
$GandalfTheFly<~Controls.281~>102 <~Controls.282~><~Game.2035~><~Controls.283~><~Game.2043~> F16370
$GandalfTheFly<~Scribe.141~>102 <~Scribe.142~><~Game.2043~><~Scribe.143~><~Game.2035~><~Scribe.144~> 0F20E8
$GandalfTheFly<~Scribe.141~>001 331 332 000 328 327 <~Scribe.142~><~Game.1916~><~Scribe.143~><~Game.1918~><~Scribe.144~> 1E285A
$GandalfTheFly<~Scribe.141~>329 330 008 007 <~Scribe.142~><~Game.1917~><~Scribe.143~><~Game.1927~><~Scribe.144~> 0F1495
$GandalfTheFly<~Controls.644~>102 <~Controls.645~><~Game.2035~> 3507E5
<Saktan> pass 29DB12
$GandalfTheFly<~Scribe.141~>105 <~Scribe.142~><~Game.2043~><~Scribe.143~><~Game.2035~><~Scribe.144~> 235355
$GandalfTheFly<~Controls.281~>105 <~Controls.282~><~Game.2035~><~Controls.283~><~Game.2043~> 9C9780
$GandalfTheFly<~Scribe.141~>099 <~Scribe.142~><~Game.2043~><~Scribe.143~><~Game.2035~><~Scribe.144~> 51CF5F
$GandalfTheFly<~Scribe.141~>040 035 015 014 013 012 011 <~Scribe.142~><~Game.1953~><~Scribe.143~><~Game.1927~><~Scribe.144~> E64447
$GandalfTheFly<~Scribe.141~>323 322 006 001 331 332 <~Scribe.142~><~Game.1918~><~Scribe.143~><~Game.1923~><~Scribe.144~> F0D52E
$GandalfTheFly<~Controls.644~>099 <~Controls.645~><~Game.2035~> 5476BA
<Saktan> pass D5BD29
$GandalfTheFly<~Scribe.141~>101 <~Scribe.142~><~Game.2043~><~Scribe.143~><~Game.2035~><~Scribe.144~> 646F0E
<GandalfTheFly> attack hd 631F17
$GandalfTheFly<~Controls.840~>209 454E60
$Saktan<~Controls.840~>110 5E0451
<auto> playchosen 9728EA
<auto><~Controls.3~>reveal 110 AD926EF89D1694203898955F6C8CCA2FDE9BB079 0<~Controls.884~><~Controls.45~><~Controls.885~><~Game.2037~> 19F3F6
<auto><~Controls.866~>reveal 209 3E9AD1FFA1A0ABC0190FDAFDCD3A4D85AFCCB40E 4<~Controls.867~><~Controls.46~><~Controls.868~><~Game.2036~> FC919E
<auto> playchosen EB24A0
<GandalfTheFly> forfit 2, full leader 62FC5A
<game> GandalfTheFly<~Controls.1~> 2 5 6 4 2 null
<game> GandalfTheFly<~Controls.1~> 2 3 1 null
<GandalfTheFly> 2 68BBEC
<game> Saktan<~Controls.1~> 4 1 6 null
<game> Saktan<~Controls.1~> 6 null
<Saktan> 2 74054F
$Saktan<~Controls.281~>072 071 <~Controls.282~><~Game.1993~><~Controls.283~><~Game.2039~> 6D0F36
$GandalfTheFly<~Controls.296~>020 <~Controls.297~><~Game.1923~> E4464D
$GandalfTheFly<~Controls.296~>016 <~Controls.297~><~Game.1923~> 18DA68
<GandalfTheFly> press draw 5A6A56
$GandalfTheFly<~Controls.304~>323 <~Controls.305~><~Game.1923~> E725E3
$GandalfTheFly<~Controls.509~>168<~Controls.510~><~Game.2006~><~Controls.511~><~Controls.46~> null
$GandalfTheFly<~Controls.296~>209 <~Controls.297~><~Game.2036~> 681109
$Saktan<~Controls.281~>110 <~Controls.282~><~Game.2037~><~Controls.283~><~Game.2039~> 7464AC
<GandalfTheFly> nc 1DF7EF
<Saktan> nc D4B938
<game> GandalfTheFly<~Controls.1~> 1 3 3 3 6 null
<game> Saktan<~Controls.1~> 6 null
<GandalfTheFly> 1 1B55B2
$Saktan<~Controls.281~>074 295 <~Controls.282~><~Game.1993~><~Controls.283~><~Game.2039~> A17230
$GandalfTheFly<~Controls.296~>026 <~Controls.297~><~Game.1923~> EC3A67
$GandalfTheFly<~Controls.644~>101 <~Controls.645~><~Game.2035~> 7B3C84
$GandalfTheFly<~Scribe.141~>417 <~Scribe.142~><~Game.2040~><~Scribe.143~><~Game.1923~><~Scribe.144~> E4647C
<Saktan> pass E54BE2
$GandalfTheFly<~Scribe.141~>423 <~Scribe.142~><~Game.28~><~Scribe.143~><~Game.30~><~Scribe.144~> B7B4D9
$GandalfTheFly<~Scribe.141~>361 <~Scribe.142~><~Game.2043~><~Scribe.143~><~Game.2035~><~Scribe.144~> 515CAF
$GandalfTheFly<~Scribe.141~>reveal 191 EF06D99D4F8F4B0810518C3060AC5DB539E6FA2F 2 <~Scribe.142~><~Controls.46~><~Scribe.143~><~Game.2037~><~Scribe.144~> 138EC3
<Saktan> good nazgul movement cards! D7F68B
<GandalfTheFly> yeah, both witch king cards too 7AEC68
<GandalfTheFly> very aggro deck draws 16B6B3
$GandalfTheFly<~Scribe.141~>253 039 319 318 037 <~Scribe.142~><~Game.1923~><~Scribe.143~><~Game.1927~><~Scribe.144~> 81C58A
<Saktan> very 5BB87D
$GandalfTheFly<~Scribe.141~>038 <~Scribe.142~><~Game.1974~><~Scribe.143~><~Game.1932~><~Scribe.144~> 59A4CC
<GandalfTheFly> attack lorien 37854A
$Saktan<~Scribe.141~>097 093 092 087 <~Scribe.142~><~Game.1928~><~Scribe.143~><~Game.1992~><~Scribe.144~> 68CE4E
$GandalfTheFly<~Scribe.141~>253 039 319 318 037 040 035 329 330 015 014 013 012 011 008 007 <~Scribe.142~><~Game.1927~><~Scribe.143~><~Game.1928~><~Scribe.144~> 3C8212
$Saktan<~HighlightLabel.96~>256<~HighlightLabel.97~><~Game.2001~><~HighlightLabel.98~><~Game.2002~> C0662D
$GandalfTheFly<~Controls.644~>361 191 <~Controls.645~><~Game.2035~> 64C1F6
$Saktan<~HighlightLabel.86~>211<~HighlightLabel.87~><~Game.2042~><~HighlightLabel.88~><~Game.2035~> 05EF05
$Saktan<~CardBuffet.9~>reveal 134 A9C36FEE37390EB0018F765A648C42E2BF353E22 21<~CardBuffet.10~><~Controls.45~><~CardBuffet.11~> 5E523E
$Saktan<~Scribe.141~>267 <~Scribe.142~><~Game.2038~><~Scribe.143~><~Game.1992~><~Scribe.144~> 4AD220
$Saktan<~Controls.509~>122<~Controls.510~><~Game.2005~><~Controls.511~><~Controls.45~> null
$Saktan<~Controls.644~>211 134 <~Controls.645~><~Game.2035~> AD28EF
<GandalfTheFly> ahh 5B9DC8
<GandalfTheFly> nice 03570A
$GandalfTheFly<~Scribe.141~>105 <~Scribe.142~><~Game.2043~><~Scribe.143~><~Game.2035~><~Scribe.144~> 6D6544
<Saktan> great timing for it 80267B
$GandalfTheFly<~Scribe.141~>reveal 168 AE09AE08D6EFDF96458DDCB6B1B1F3EEF2631D84 17 <~Scribe.142~><~Controls.46~><~Scribe.143~><~Game.2037~><~Scribe.144~> 8AD636
$GandalfTheFly<~Controls.281~>239 <~Controls.282~><~Game.2046~><~Controls.283~><~Game.2045~> C414FA
$GandalfTheFly<~Controls.644~>105 168 <~Controls.645~><~Game.2035~> 036CA2
$Saktan<~Controls.726~>210 213 <~Controls.727~><~Game.1997~><~Controls.728~><~Game.2042~> 1305AB
$Saktan<~Controls.731~>211 212 <~Controls.732~><~Game.2039~><~Controls.733~><~Game.2042~> 40031B
$GandalfTheFly<~Controls.757~>100 <~Controls.758~><~Game.1997~><~Controls.759~><~Game.2043~> 7C60B8
<~Game.7~>5 null
$GandalfTheFly<~Controls.762~>105 361 101 099 102 104 103 360 <~Controls.763~><~Game.2041~><~Controls.764~><~Game.2043~> BC00F4
$Saktan<~Controls.509~>132<~Controls.510~><~Game.2004~><~Controls.511~><~Controls.45~> null
$Saktan<~Controls.509~>153<~Controls.510~><~Game.2005~><~Controls.511~><~Controls.45~> null
$GandalfTheFly<~Controls.509~>208<~Controls.510~><~Game.2006~><~Controls.511~><~Controls.46~> null
$GandalfTheFly<~Controls.509~>195<~Controls.510~><~Game.2007~><~Controls.511~><~Controls.46~> null
$Saktan<~Controls.281~>149 <~Controls.282~><~Controls.45~><~Controls.283~><~Game.2039~> E299B3
<Saktan> fsp declare 62C926
$Saktan<~Scribe.141~>247 <~Scribe.142~><~Game.1957~><~Scribe.143~><~Game.1975~><~Scribe.144~> C47A92
$Saktan<~Controls.323~>247 7E3C0C
$Saktan<~Controls.323~>247 29B21A
<Saktan> ok D5DDE1
<GandalfTheFly> yep 8A6F75
$GandalfTheFly<~Controls.372~>105 1555C0
<GandalfTheFly> 1e 839331
$GandalfTheFly<~Controls.345~>361 101 099 102 104 103 360 100 <~Controls.346~>13 10 11 12 12 15 14 13 null
$GandalfTheFly<~Controls.350~>361 101 099 102 104 103 360 100 null
$Saktan<~Controls.345~>211 212 210 213 <~Controls.346~>4 4 4 0 null
<Saktan> wtf lol EB784B
<Saktan> haha 6E0761
<GandalfTheFly> wow 7A24D1
<Saktan> well i guess gandy comes in 6C3D6F
$Saktan<~HighlightLabel.86~>213<~HighlightLabel.87~><~Game.2042~><~HighlightLabel.88~><~Game.2035~> FAEDC2
$Saktan<~Scribe.141~>240 <~Scribe.142~><~Game.2039~><~Scribe.143~><~Game.1921~><~Scribe.144~> 7482FC
$Saktan<~Controls.323~>240 8F5A23
<Saktan> actuslly 93CB08
<GandalfTheFly> oh? 8AEDDB
<GandalfTheFly> does he show up in elven? E5A4B6
$Saktan<~Scribe.141~>240 <~Scribe.142~><~Game.1921~><~Scribe.143~><~Game.1887~><~Scribe.144~> A004B5
<Saktan> he does! haha 1DC75D
$Saktan<~Controls.644~>213 <~Controls.645~><~Game.2035~> 3B2466
<GandalfTheFly> lol AE485D
<GandalfTheFly> nice AB5420
<GandalfTheFly> i wonder why... E9E073
$Saktan<~Controls.281~>358 <~Controls.282~><~Game.2038~><~Controls.283~><~Game.2039~> 5FB985
<Saktan> hehe 8E87F4
$GandalfTheFly<~Scribe.141~>360 <~Scribe.142~><~Game.2043~><~Scribe.143~><~Game.2035~><~Scribe.144~> DF1CE0
$GandalfTheFly<~Controls.509~>199<~Controls.510~><~Game.2007~><~Controls.511~><~Controls.46~> null
$GandalfTheFly<~Controls.644~>360 <~Controls.645~><~Game.2035~> E8612C
<Saktan> pass 3834A6
<Saktan> actually 2D1FB0
<Saktan> no BD5C8E
<GandalfTheFly> no problem 5B5BA0
$Saktan<~Scribe.141~>426 <~Scribe.142~><~Game.2042~><~Scribe.143~><~Game.2035~><~Scribe.144~> 8A90C2
$Saktan<~HighlightLabel.96~>260<~HighlightLabel.97~><~Game.2001~><~HighlightLabel.98~><~Game.2002~> B40498
$Saktan<~Controls.644~>426 <~Controls.645~><~Game.2035~> C93586
$GandalfTheFly<~Scribe.141~>100 <~Scribe.142~><~Game.2043~><~Scribe.143~><~Game.2035~><~Scribe.144~> D3ADE3
$GandalfTheFly<~Scribe.141~>038 055 057 049 048 047 046 045 043 042 041 <~Scribe.142~><~Game.1932~><~Scribe.143~><~Game.1938~><~Scribe.144~> EA8FD1
$GandalfTheFly<~Controls.644~>100 <~Controls.645~><~Game.2035~> DABD8D
$Saktan<~HighlightLabel.86~>210<~HighlightLabel.87~><~Game.2042~><~HighlightLabel.88~><~Game.2035~> 973162
$Saktan<~Controls.819~> 1C067B
<Saktan> pass C5A8EA
$GandalfTheFly<~Scribe.141~>102 <~Scribe.142~><~Game.2043~><~Scribe.143~><~Game.2035~><~Scribe.144~> 6B4A37
<GandalfTheFly> attack lorien A27B02
$GandalfTheFly<~Controls.840~>195 EA82E0
$Saktan<~Controls.840~>153 46755B
<auto> playchosen 7C0AA0
<auto><~Controls.3~>reveal 153 15C2F91B105C552108671DFC1A83DCC52CB2843C 18<~Controls.884~><~Controls.45~><~Controls.885~><~Game.2037~> B2A413
<auto><~Controls.866~>reveal 195 361A5CF2A83187AA046AF5742C907F3CBB775418 3<~Controls.867~><~Controls.46~><~Controls.868~><~Game.2036~> AEC49D
<auto> playchosen F28BC7
$GandalfTheFly<~Scribe.141~>015 <~Scribe.142~><~Game.1928~><~Scribe.143~><~Game.2036~><~Scribe.144~> 70BF28
$GandalfTheFly<~Scribe.141~>014 <~Scribe.142~><~Game.1928~><~Scribe.143~><~Game.2036~><~Scribe.144~> 5F9673
<GandalfTheFly> 2 hits 517C93
<game> GandalfTheFly<~Controls.1~> 1 5 4 3 3 null
<game> GandalfTheFly<~Controls.1~> 1 2 5 null
<GandalfTheFly> 2 02ADBF
<game> Saktan<~Controls.1~> 6 2 4 4 null
<game> Saktan<~Controls.1~> 6 null
<Saktan> 4 C84CF7
$GandalfTheFly<~Controls.296~>329 <~Controls.297~><~Game.1928~> 7F28C9
$GandalfTheFly<~Controls.296~>330 <~Controls.297~><~Game.1928~> 86AD28
$GandalfTheFly<~Controls.296~>013 <~Controls.297~><~Game.1928~> 24D50C
$GandalfTheFly<~Controls.296~>012 <~Controls.297~><~Game.1928~> 4FA529
$Saktan<~Controls.281~>092 <~Controls.282~><~Game.1992~><~Controls.283~><~Game.2039~> 62AF15
<GandalfTheFly> stop and draw 46B812
$GandalfTheFly<~Controls.509~>190<~Controls.510~><~Game.2007~><~Controls.511~><~Controls.46~> null
$GandalfTheFly<~Controls.644~>102 195 014 015 153 <~Controls.645~><~Game.2035~> FE4A6F
<Saktan> pass 810386
$Saktan<~HighlightLabel.101~>256<~HighlightLabel.102~><~Game.2002~><~HighlightLabel.103~><~Game.2003~> FC12C2
<Saktan> elves from attack 5BC228
<GandalfTheFly> yeah BA14FA
<Saktan> ok still pass 74D299
$GandalfTheFly<~Scribe.141~>101 <~Scribe.142~><~Game.2043~><~Scribe.143~><~Game.2035~><~Scribe.144~> 070047
$GandalfTheFly<~Scribe.141~>reveal 199 45D82CA010A269FE8169C67A917CC337C5F83BAA 14 <~Scribe.142~><~Controls.46~><~Scribe.143~><~Game.2037~><~Scribe.144~> DB565E
$GandalfTheFly<~Scribe.141~>016 026 013 012 015 014 <~Scribe.142~><~Game.2040~><~Scribe.143~><~Game.1956~><~Scribe.144~> D45C4A
$GandalfTheFly<~Scribe.141~>012 015 014 <~Scribe.142~><~Game.1956~><~Scribe.143~><~Game.1922~><~Scribe.144~> 126951
$GandalfTheFly<~Controls.644~>101 199 <~Controls.645~><~Game.2035~> A739EF
$Saktan<~HighlightLabel.86~>212<~HighlightLabel.87~><~Game.2042~><~HighlightLabel.88~><~Game.2035~> EB4562
$Saktan<~CardBuffet.9~>reveal 122 F7015E3BB2167A67C65036BC2100440D4EA6E01F 16<~CardBuffet.10~><~Controls.45~><~CardBuffet.11~> B7B3AA
<GandalfTheFly> ahh 92A3F8
$Saktan<~Scribe.141~>240 <~Scribe.142~><~Game.1887~><~Scribe.143~><~Game.1890~><~Scribe.144~> 463577
<GandalfTheFly> there it is 45BD40
$Saktan<~Scribe.141~>258 <~Scribe.142~><~Game.2000~><~Scribe.143~><~Game.2003~><~Scribe.144~> A2BF26
$Saktan<~Controls.644~>212 122 <~Controls.645~><~Game.2035~> A9942A
<Saktan> yup 4CB6FC
$GandalfTheFly<~Scribe.141~>361 <~Scribe.142~><~Game.2043~><~Scribe.143~><~Game.2035~><~Scribe.144~> 286BEA
$GandalfTheFly<~Scribe.141~>reveal 208 DD346172F2A650D3FAB27A48861A4517E79FF6F1 0 <~Scribe.142~><~Controls.46~><~Scribe.143~><~Game.2037~><~Scribe.144~> 0203F1
<Saktan> nice 286128
$GandalfTheFly<~Scribe.141~>208 <~Scribe.142~><~Game.2037~><~Scribe.143~><~Game.2029~><~Scribe.144~> 8A5F24
$GandalfTheFly<~Controls.644~>361 <~Controls.645~><~Game.2035~> 5B42B2
$Saktan<~HighlightLabel.86~>211<~HighlightLabel.87~><~Game.2042~><~HighlightLabel.88~><~Game.2035~> 076EA2
$Saktan<~CardBuffet.9~>reveal 119 8C3BC2DDAEC76AFC27179EE1C11956AC61B3A9B3 17<~CardBuffet.10~><~Controls.45~><~CardBuffet.11~> A22D87
$Saktan<~Scribe.141~>271 274 <~Scribe.142~><~Game.2038~><~Scribe.143~><~Game.1943~><~Scribe.144~> 6BD692
$Saktan<~Controls.644~>211 119 <~Controls.645~><~Game.2035~> FB7D7D
<GandalfTheFly> ahh but no harondor EA958A
<Saktan> yep, no hits unfortunately 54CAAE
$GandalfTheFly<~Scribe.141~>104 <~Scribe.142~><~Game.2043~><~Scribe.143~><~Game.2035~><~Scribe.144~> EC6038
$GandalfTheFly<~Scribe.141~>006 322 332 331 001 <~Scribe.142~><~Game.1923~><~Scribe.143~><~Game.1925~><~Scribe.144~> 4BC187
$GandalfTheFly<~Scribe.141~>044 <~Scribe.142~><~Game.1946~><~Scribe.143~><~Game.1932~><~Scribe.144~> DEC5C2
$GandalfTheFly<~Controls.644~>104 <~Controls.645~><~Game.2035~> C4E5D8
$Saktan<~HighlightLabel.86~>210<~HighlightLabel.87~><~Game.2042~><~HighlightLabel.88~><~Game.2035~> B7A003
$Saktan<~Scribe.141~>271 274 <~Scribe.142~><~Game.1943~><~Scribe.143~><~Game.1931~><~Scribe.144~> C0A450
$Saktan<~Scribe.141~>067 <~Scribe.142~><~Game.1899~><~Scribe.143~><~Game.1901~><~Scribe.144~> 9B24C3
$Saktan<~Controls.644~>210 <~Controls.645~><~Game.2035~> F65DAD
$GandalfTheFly<~Scribe.141~>099 <~Scribe.142~><~Game.2043~><~Scribe.143~><~Game.2035~><~Scribe.144~> 2D277F
$GandalfTheFly<~Scribe.141~>006 322 332 331 <~Scribe.142~><~Game.1925~><~Scribe.143~><~Game.1921~><~Scribe.144~> 883EE3
$GandalfTheFly<~Scribe.141~>328 000 <~Scribe.142~><~Game.1918~><~Scribe.143~><~Game.1919~><~Scribe.144~> 0573CA
$GandalfTheFly<~Controls.644~>099 <~Controls.645~><~Game.2035~> 41F1A3
$Saktan<~Controls.731~>210 211 212 358 213 <~Controls.732~><~Game.2039~><~Controls.733~><~Game.2042~> 154BA2
<GandalfTheFly> nt 2AA9F9
$GandalfTheFly<~Controls.757~>103 105 <~Controls.758~><~Game.1997~><~Controls.759~><~Game.2043~> 1ACAD5
<~Game.7~>6 null
$GandalfTheFly<~Controls.762~>099 104 361 101 102 100 360 <~Controls.763~><~Game.2041~><~Controls.764~><~Game.2043~> A7E975
$Saktan<~Controls.509~>116<~Controls.510~><~Game.2004~><~Controls.511~><~Controls.45~> null
$Saktan<~Controls.509~>121<~Controls.510~><~Game.2005~><~Controls.511~><~Controls.45~> null
$GandalfTheFly<~Controls.509~>181<~Controls.510~><~Game.2006~><~Controls.511~><~Controls.46~> null
$GandalfTheFly<~Controls.509~>187<~Controls.510~><~Game.2007~><~Controls.511~><~Controls.46~> null
<Saktan> fsp ok 01A9C8
$GandalfTheFly<~Controls.372~>099 30B7D7
<GandalfTheFly> 1e 698F77
$GandalfTheFly<~Controls.345~>104 361 101 102 100 360 103 105 <~Controls.346~>12 10 14 10 11 10 15 12 null
$GandalfTheFly<~Controls.350~>104 361 101 102 100 360 103 105 null
$Saktan<~Controls.345~>210 211 212 358 213 <~Controls.346~>3 1 2 3 3 null
$Saktan<~HighlightLabel.86~>212<~HighlightLabel.87~><~Game.2042~><~HighlightLabel.88~><~Game.2035~> 0BC293
$Saktan<~CardBuffet.9~>reveal 116 1B9D3F8A37710376570E617CE7F6B7F2FF13B24A 22<~CardBuffet.10~><~Controls.45~><~CardBuffet.11~> F80562
$Saktan<~Scribe.141~>116 <~Scribe.142~><~Game.2037~><~Scribe.143~><~Game.2030~><~Scribe.144~> FA10C3
$Saktan<~Controls.644~>212 <~Controls.645~><~Game.2035~> 07E273
$GandalfTheFly<~Scribe.141~>105 <~Scribe.142~><~Game.2043~><~Scribe.143~><~Game.2035~><~Scribe.144~> 3C2978
$GandalfTheFly<~Scribe.141~>006 322 332 331 <~Scribe.142~><~Game.1921~><~Scribe.143~><~Game.1930~><~Scribe.144~> 27D638
$GandalfTheFly<~Scribe.141~>034 033 032 031 030 025 024 023 022 <~Scribe.142~><~Game.1974~><~Scribe.143~><~Game.1976~><~Scribe.144~> B179ED
$GandalfTheFly<~Scribe.141~>034 033 032 031 030 025 024 023 022 <~Scribe.142~><~Game.1976~><~Scribe.143~><~Game.1974~><~Scribe.144~> 1CF6F3
$GandalfTheFly<~Scribe.141~>021 022 023 034 033 032 031 030 025 024 <~Scribe.142~><~Game.1974~><~Scribe.143~><~Game.1976~><~Scribe.144~> 53B425
$GandalfTheFly<~Controls.644~>105 <~Controls.645~><~Game.2035~> 0B8D10
$Saktan<~HighlightLabel.86~>211<~HighlightLabel.87~><~Game.2042~><~HighlightLabel.88~><~Game.2035~> 3E032C
$Saktan<~Controls.790~>248<~Controls.791~><~Game.2014~><~Controls.792~><~Game.2015~> 1632CB
$Saktan<~Controls.795~>211<~Controls.796~><~Game.2035~><~Controls.797~><~Game.1997~> 2866A4
<game> GandalfTheFly<~Controls.1~> 2 2 null
<GandalfTheFly> safe 5CF0BC
$GandalfTheFly<~Scribe.141~>104 <~Scribe.142~><~Game.2043~><~Scribe.143~><~Game.2035~><~Scribe.144~> 09A0C6
$GandalfTheFly<~Scribe.141~>021 022 023 034 033 032 031 030 025 024 <~Scribe.142~><~Game.1976~><~Scribe.143~><~Game.1964~><~Scribe.144~> 2CFB5B
$GandalfTheFly<~Scribe.141~>006 322 332 331 <~Scribe.142~><~Game.1930~><~Scribe.143~><~Game.1928~><~Scribe.144~> 092C13
$GandalfTheFly<~Controls.644~>104 <~Controls.645~><~Game.2035~> 44F641
<Saktan> pass D5DF79
$GandalfTheFly<~Scribe.141~>100 <~Scribe.142~><~Game.2043~><~Scribe.143~><~Game.2035~><~Scribe.144~> E06398
<GandalfTheFly> attck lorien 521F21
$GandalfTheFly<~Controls.840~>187 12385A
$Saktan<~Controls.840~>121 5C5637
<auto> playchosen D9C1C7
<auto><~Controls.3~>reveal 121 4FAB7A8443DD2DA8E7F9833DEB5564D0AFCF535A 11<~Controls.884~><~Controls.45~><~Controls.885~><~Game.2037~> 4A63B9
<auto><~Controls.866~>reveal 187 A93E218158410EC27729719C161E857F6E8419FE 0<~Controls.867~><~Controls.46~><~Controls.868~><~Game.2036~> B88256
<auto> playchosen 1E5516
<GandalfTheFly> so no advantage for me 246CA0
<Saktan> yep E1BF6D
<game> GandalfTheFly<~Controls.1~> 3 3 5 1 1 null
<game> GandalfTheFly<~Controls.1~> 5 6 2 5 4 null
<GandalfTheFly> 1 E21094
<game> Saktan<~Controls.1~> 2 3 3 null
<game> Saktan<~Controls.1~> 5 null
<Saktan> 1 388374
$GandalfTheFly<~Controls.296~>332 <~Controls.297~><~Game.1928~> 8E6B1B
$Saktan<~Controls.304~>093 <~Controls.305~><~Game.1992~> 2965C6
$Saktan<~Controls.313~>269 <~Controls.307~><~Controls.314~><~Game.1992~> CEFAA9
<GandalfTheFly> press draw A8592A
$GandalfTheFly<~Controls.304~>035 <~Controls.305~><~Game.1928~> 36933A
$GandalfTheFly<~Controls.313~>020 <~Controls.307~><~Controls.314~><~Game.1928~> A8E96A
$GandalfTheFly<~Controls.509~>175<~Controls.510~><~Game.2007~><~Controls.511~><~Controls.46~> null
$GandalfTheFly<~Controls.296~>187 <~Controls.297~><~Game.2036~> 422B00
$Saktan<~Controls.281~>121 <~Controls.282~><~Game.2037~><~Controls.283~><~Game.2039~> ACC186
$GandalfTheFly<~Controls.840~>175 DEB27F
<Saktan> nc 405561
<auto><~Controls.866~>reveal 175 D2CC960AA09953C35894FD41DC331D39BD4515D7 16<~Controls.867~><~Controls.46~><~Controls.868~><~Game.2036~> 03F420
<game> GandalfTheFly<~Controls.1~> 3 5 5 4 6 null
<game> GandalfTheFly<~Controls.1~> 5 5 null
<game> Saktan<~Controls.1~> 2 4 2 null
<game> Saktan<~Controls.1~> 3 null
<Saktan> 1 C9D8EA
$Saktan<~Controls.281~>097 267 269 087 <~Controls.282~><~Game.1992~><~Controls.283~><~Game.2039~> 54B55D
<GandalfTheFly> so all dead right? 13FE83
$GandalfTheFly<~Controls.296~>331 <~Controls.297~><~Game.1928~> 9D84A6
<Saktan> yes, all dead and buried haha 86F879
<GandalfTheFly> wow sauron had it out for the elves 4FD3D9
$GandalfTheFly<~Scribe.141~>412 <~Scribe.142~><~Game.2040~><~Scribe.143~><~Game.1928~><~Scribe.144~> A9EC51
<Saktan> terrible roll! i hit on 4s and only hit 1! D97EC2
$GandalfTheFly<~Scribe.141~>423 <~Scribe.142~><~Game.30~><~Scribe.143~><~Game.32~><~Scribe.144~> CCEC45
<GandalfTheFly> yeah that was abysmal 8E23A9
<GandalfTheFly> that was statistically low 2EA094
$GandalfTheFly<~Controls.644~>100 175 <~Controls.645~><~Game.2035~> 29ED23
<Saktan> pass 48EAD7
<GandalfTheFly> i had a game where my opponent deadly strifed me and i played the ent card that scores you extra hits, literally 0 hits on 7 or 8 dice 633CE9
<GandalfTheFly> I think that was the worst ive ever rolled BC9EAA
<Saktan> oh man, thats terrible luck for suert 0A543C
<Saktan> topped off with the unsuccessful ents too A90CC6
<GandalfTheFly> yeah 230AD6
$GandalfTheFly<~Scribe.141~>102 <~Scribe.142~><~Game.2043~><~Scribe.143~><~Game.2035~><~Scribe.144~> 0F982E
$GandalfTheFly<~Controls.366~>249<~Controls.367~><~Game.2011~><~Controls.368~><~Game.2041~> 4089BC
<GandalfTheFly> using ring to army 7CD7C8
<Saktan> ok CD885A
$GandalfTheFly<~Scribe.141~>038 055 057 049 048 047 046 045 043 042 <~Scribe.142~><~Game.1938~><~Scribe.143~><~Game.1955~><~Scribe.144~> 994F05
$GandalfTheFly<~Scribe.141~>038 055 057 049 048 047 046 045 043 042 <~Scribe.142~><~Game.1955~><~Scribe.143~><~Game.1938~><~Scribe.144~> 2FB624
<GandalfTheFly> actually 7B8E12
<GandalfTheFly> ill do it as a chracter instea A8916A
<Saktan> ok 3A197C
$GandalfTheFly<~Scribe.141~>253 037 318 319 039 <~Scribe.142~><~Game.1928~><~Scribe.143~><~Game.1938~><~Scribe.144~> 5BA67F
$GandalfTheFly<~Scribe.141~>040 <~Scribe.142~><~Game.1928~><~Scribe.143~><~Game.1964~><~Scribe.144~> F533C6
$GandalfTheFly<~Controls.644~>102 <~Controls.645~><~Game.2035~> F254CD
$Saktan<~HighlightLabel.86~>213<~HighlightLabel.87~><~Game.2042~><~HighlightLabel.88~><~Game.2035~> 3CC71E
$Saktan<~HighlightLabel.101~>260<~HighlightLabel.102~><~Game.2002~><~HighlightLabel.103~><~Game.2003~> 476812
$Saktan<~Controls.644~>213 <~Controls.645~><~Game.2035~> B3B957
$GandalfTheFly<~Scribe.141~>360 <~Scribe.142~><~Game.2043~><~Scribe.143~><~Game.2035~><~Scribe.144~> 969949
$GandalfTheFly<~Scribe.141~>333 <~Scribe.142~><~Game.2040~><~Scribe.143~><~Game.1969~><~Scribe.144~> 4B5AB0
$GandalfTheFly<~Controls.644~>360 <~Controls.645~><~Game.2035~> 6A11F0
$Saktan<~HighlightLabel.86~>358<~HighlightLabel.87~><~Game.2042~><~HighlightLabel.88~><~Game.2035~> 381BC0
$Saktan<~Scribe.141~>281 <~Scribe.142~><~Game.2038~><~Scribe.143~><~Game.1931~><~Scribe.144~> 7D6C4F
$Saktan<~Scribe.141~>272 <~Scribe.142~><~Game.2038~><~Scribe.143~><~Game.1920~><~Scribe.144~> 5D5BD8
$Saktan<~Controls.644~>358 <~Controls.645~><~Game.2035~> 96A40E
$GandalfTheFly<~Scribe.141~>101 <~Scribe.142~><~Game.2043~><~Scribe.143~><~Game.2035~><~Scribe.144~> 9E9F98
$GandalfTheFly<~Scribe.141~>reveal 184 F70C6E984503D837DD33F95C41FE583064AEED28 9 <~Scribe.142~><~Controls.46~><~Scribe.143~><~Game.2037~><~Scribe.144~> 63058F
$GandalfTheFly<~Scribe.141~>006 322 008 011 020 <~Scribe.142~><~Game.1928~><~Scribe.143~><~Game.1930~><~Scribe.144~> 7F8FF4
$GandalfTheFly<~Scribe.141~>006 322 008 011 020 <~Scribe.142~><~Game.1930~><~Scribe.143~><~Game.1937~><~Scribe.144~> 8FE7D5
$GandalfTheFly<~Scribe.141~>006 322 008 011 020 <~Scribe.142~><~Game.1937~><~Scribe.143~><~Game.1933~><~Scribe.144~> A8FD63
$GandalfTheFly<~Controls.644~>101 184 <~Controls.645~><~Game.2035~> E2AD60
$Saktan<~HighlightLabel.86~>210<~HighlightLabel.87~><~Game.2042~><~HighlightLabel.88~><~Game.2035~> 531C86
$Saktan<~Scribe.141~>275 <~Scribe.142~><~Game.2038~><~Scribe.143~><~Game.1920~><~Scribe.144~> 138075
$Saktan<~Controls.644~>210 <~Controls.645~><~Game.2035~> AE987D
$GandalfTheFly<~Scribe.141~>361 <~Scribe.142~><~Game.2043~><~Scribe.143~><~Game.2035~><~Scribe.144~> 96F5EC
$GandalfTheFly<~Scribe.141~>028 027 <~Scribe.142~><~Game.2040~><~Scribe.143~><~Game.1969~><~Scribe.144~> 77E946
$GandalfTheFly<~Scribe.141~>027 <~Scribe.142~><~Game.1969~><~Scribe.143~><~Game.1917~><~Scribe.144~> 5BB5E3
$GandalfTheFly<~Controls.644~>361 <~Controls.645~><~Game.2035~> E4EE40
$Saktan<~Controls.726~>211 <~Controls.727~><~Game.1997~><~Controls.728~><~Game.2042~> 3308FE
$Saktan<~Controls.731~>210 358 213 212 <~Controls.732~><~Game.2039~><~Controls.733~><~Game.2042~> A0106F
<GandalfTheFly> nt 278375
$GandalfTheFly<~Controls.757~>103 099 <~Controls.758~><~Game.1997~><~Controls.759~><~Game.2043~> F7DC20
<~Game.7~>7 null
$GandalfTheFly<~Controls.762~>361 101 360 102 100 104 105 <~Controls.763~><~Game.2041~><~Controls.764~><~Game.2043~> C40E2B
$Saktan<~Controls.509~>127<~Controls.510~><~Game.2004~><~Controls.511~><~Controls.45~> null
$Saktan<~Controls.509~>147<~Controls.510~><~Game.2005~><~Controls.511~><~Controls.45~> null
$GandalfTheFly<~Controls.509~>182<~Controls.510~><~Game.2006~><~Controls.511~><~Controls.46~> null
$GandalfTheFly<~Controls.509~>197<~Controls.510~><~Game.2007~><~Controls.511~><~Controls.46~> null
<Saktan> fsp declare 8991BC
$Saktan<~Scribe.141~>247 <~Scribe.142~><~Game.1975~><~Scribe.143~><~Game.1972~><~Scribe.144~> 7B0C05
$Saktan<~Controls.323~>247 3BD8D0
$Saktan<~Controls.323~>247 1F6998
<Saktan> ok 969BF7
<GandalfTheFly> 1e 0BDD98
$GandalfTheFly<~Controls.372~>361 AFD927
$GandalfTheFly<~Controls.345~>101 360 102 100 104 105 103 099 <~Controls.346~>12 13 13 15 15 15 15 11 null
$GandalfTheFly<~Controls.350~>101 360 102 100 104 105 103 099 null
$Saktan<~Controls.345~>210 358 213 212 211 <~Controls.346~>2 0 0 1 1 null
<GandalfTheFly> wow DDE9E2
<Saktan> hah DC121A
<GandalfTheFly> ok AC52ED
$Saktan<~HighlightLabel.86~>213<~HighlightLabel.87~><~Game.2042~><~HighlightLabel.88~><~Game.2035~> AE4CDC
$Saktan<~CardBuffet.9~>reveal 127 D605C341ADF09297076EEAB8C386D0768D1ABFF5 9<~CardBuffet.10~><~Controls.45~><~CardBuffet.11~> 3D30F5
$Saktan<~Controls.281~>232 <~Controls.282~><~Game.2046~><~Controls.283~><~Game.2045~> CA5513
$Saktan<~Controls.644~>213 127 <~Controls.645~><~Game.2035~> AE9035
$GandalfTheFly<~Scribe.141~>102 <~Scribe.142~><~Game.2043~><~Scribe.143~><~Game.2035~><~Scribe.144~> DF1470
<GandalfTheFly> attack pel from west 194750
$GandalfTheFly<~Controls.840~>190 82C021
$Saktan<~Controls.840~>147 54B74E
<auto> playchosen FB9A28
<auto><~Controls.3~>reveal 147 A1F72D17DA1B15444A077F03C9A7B85AB0259DA4 3<~Controls.884~><~Controls.45~><~Controls.885~><~Game.2037~> DDAD2D
<auto><~Controls.866~>reveal 190 24EAAB784A08B42986A362796347EA1D8DC9F9F7 11<~Controls.867~><~Controls.46~><~Controls.868~><~Game.2036~> 9005D1
<auto> playchosen 2DBDC0
<Saktan> nice 3362DB
<GandalfTheFly> yep D7F476
<game> GandalfTheFly<~Controls.1~> 2 1 2 6 3 null
<game> GandalfTheFly<~Controls.1~> 6 6 3 6 null
<game> Saktan<~Controls.1~> 1 1 2 null
<GandalfTheFly> wo4 79D26B
<game> Saktan<~Controls.1~> 6 null
<Saktan> 1 815828
<Saktan> damn EF84B6
$GandalfTheFly<~Controls.296~>049 <~Controls.297~><~Game.1938~> 6DE1F8
$Saktan<~Scribe.141~>271 274 281 078 <~Scribe.142~><~Game.1931~><~Scribe.143~><~Game.2037~><~Scribe.144~> E3DFB7
$GandalfTheFly<~Scribe.141~>253 037 318 319 039 038 055 057 048 047 046 045 043 042 041 <~Scribe.142~><~Game.1938~><~Scribe.143~><~Game.1931~><~Scribe.144~> 70C8E3
<Saktan> just like that huh CEEF81
<GandalfTheFly> no patientce for faramir either i guess B2E3B6
$GandalfTheFly<~Controls.644~>102 190 147 271 274 281 078 <~Controls.645~><~Game.2035~> 24291B
<Saktan> haha i guess not! B93D85
$Saktan<~HighlightLabel.86~>358<~HighlightLabel.87~><~Game.2042~><~HighlightLabel.88~><~Game.2035~> B60C6E
$GandalfTheFly<~Scribe.141~>416 <~Scribe.142~><~Game.2040~><~Scribe.143~><~Game.1931~><~Scribe.144~> 8154BA
$Saktan<~Scribe.141~>273 <~Scribe.142~><~Game.2038~><~Scribe.143~><~Game.1920~><~Scribe.144~> DC622E
$Saktan<~Controls.644~>358 <~Controls.645~><~Game.2035~> 1ABF7B
$GandalfTheFly<~Scribe.141~>423 <~Scribe.142~><~Game.32~><~Scribe.143~><~Game.33~><~Scribe.144~> FDB4A3
$GandalfTheFly<~Scribe.141~>101 <~Scribe.142~><~Game.2043~><~Scribe.143~><~Game.2035~><~Scribe.144~> 85F070
$GandalfTheFly<~Scribe.141~>042 <~Scribe.142~><~Game.1931~><~Scribe.143~><~Game.1935~><~Scribe.144~> FA749B
$GandalfTheFly<~Scribe.141~>253 037 318 319 039 038 055 057 048 047 046 045 043 041 <~Scribe.142~><~Game.1931~><~Scribe.143~><~Game.1924~><~Scribe.144~> DBCEB6
$GandalfTheFly<~Scribe.141~>414 415 <~Scribe.142~><~Game.2040~><~Scribe.143~><~Game.1924~><~Scribe.144~> E84CDF
$GandalfTheFly<~Scribe.141~>415 <~Scribe.142~><~Game.1924~><~Scribe.143~><~Game.1935~><~Scribe.144~> 551F3B
$GandalfTheFly<~Controls.644~>101 <~Controls.645~><~Game.2035~> 581929
$Saktan<~HighlightLabel.86~>211<~HighlightLabel.87~><~Game.2042~><~HighlightLabel.88~><~Game.2035~> 8C6B2B
$Saktan<~Controls.790~>248<~Controls.791~><~Game.2014~><~Controls.792~><~Game.2015~> EE1699
$Saktan<~Controls.795~>211<~Controls.796~><~Game.2035~><~Controls.797~><~Game.1997~> 2CBA05
<game> GandalfTheFly<~Controls.1~> 6 2 3 3 1 null
<GandalfTheFly> 1 1E6638
$GandalfTheFly<~Controls.624~>228<~Controls.625~><~Game.2044~><~Controls.626~><~Game.2037~> null
$Saktan<~Scribe.141~>116 <~Scribe.142~><~Game.2030~><~Scribe.143~><~Game.2036~><~Scribe.144~> F04456
<Saktan> random D8A645
$GandalfTheFly<~Controls.637~>241<~Controls.638~><~Game.1999~><~Controls.639~><~Game.2037~> null
<Saktan> lovely haha A25BFE
<GandalfTheFly> ouch 4BFB43
<Saktan> should have kept axe and bow AF71EA
<GandalfTheFly> so worn trigger? 2A87DC
<Saktan> yes 186202
$GandalfTheFly<~Controls.452~>132<~Controls.453~><~Controls.45~><~Controls.454~><~Game.2039~> null
$Saktan<~Controls.644~>116 228 241 <~Controls.645~><~Game.2035~> 23AC2C
$Saktan<~Scribe.141~>242 <~Scribe.142~><~Game.1998~><~Scribe.143~><~Game.1999~><~Scribe.144~> CE8C74
$GandalfTheFly<~Scribe.141~>360 <~Scribe.142~><~Game.2043~><~Scribe.143~><~Game.2035~><~Scribe.144~> 900DF5
<GandalfTheFly> da 94F26C
$Saktan<~Scribe.141~>272 273 275 077 076 075 <~Scribe.142~><~Game.1920~><~Scribe.143~><~Game.1995~><~Scribe.144~> 10091E
$GandalfTheFly<~Scribe.141~>253 037 318 319 039 038 055 057 048 047 046 045 043 041 <~Scribe.142~><~Game.1924~><~Scribe.143~><~Game.1920~><~Scribe.144~> 739122
$GandalfTheFly<~Controls.644~>360 <~Controls.645~><~Game.2035~> 7D730D
$Saktan<~HighlightLabel.86~>212<~HighlightLabel.87~><~Game.2042~><~HighlightLabel.88~><~Game.2035~> F7F89D
$Saktan<~Controls.790~>248<~Controls.791~><~Game.2015~><~Controls.792~><~Game.2016~> 41CEB6
$Saktan<~Controls.795~>212<~Controls.796~><~Game.2035~><~Controls.797~><~Game.1997~> 08CCF2
<game> GandalfTheFly<~Controls.1~> 1 2 1 2 1 null
<Saktan> wow EDA813
<GandalfTheFly> lol 1EDC48
<GandalfTheFly> safe 8B723C
<Saktan> safe on that one lol 18903A
<Saktan> but not the first haha 108810
<Saktan> its just so it can say the rolls were balanced haha 5BE804
<GandalfTheFly> yeah that is absoulty karma E340F7
$GandalfTheFly<~Scribe.141~>099 <~Scribe.142~><~Game.2043~><~Scribe.143~><~Game.2035~><~Scribe.144~> 5C778E
<GandalfTheFly> attack da 48C451
$GandalfTheFly<~Controls.840~>181 DB0B7C
<Saktan> nc A471D4
<auto> playchosen F18985
<auto><~Controls.866~>reveal 181 4FFDC0CF38E22F441B207A6DADB9E6C69644E41B 10<~Controls.867~><~Controls.46~><~Controls.868~><~Game.2036~> 54E153
<GandalfTheFly> so still 5 leader 1E1B02
<GandalfTheFly> forfit E8A5A6
<Saktan> yup C16CDB
<game> GandalfTheFly<~Controls.1~> 5 3 1 2 4 null
<game> GandalfTheFly<~Controls.1~> 2 4 3 2 null
<GandalfTheFly> 1 028F49
<game> Saktan<~Controls.1~> 2 3 2 2 6 null
<game> Saktan<~Controls.1~> 4 null
<Saktan> 1 07186C
$GandalfTheFly<~Controls.296~>048 <~Controls.297~><~Game.1920~> 8647EE
$Saktan<~Controls.304~>275 <~Controls.305~><~Game.1995~> 632A02
$Saktan<~Controls.313~>281 <~Controls.308~><~Controls.314~><~Game.1995~> 9942AD
<GandalfTheFly> press and draw 63FFFC
$GandalfTheFly<~Controls.509~>174<~Controls.510~><~Game.2006~><~Controls.511~><~Controls.46~> null
$GandalfTheFly<~Controls.296~>181 <~Controls.297~><~Game.2036~> 1397F1
$GandalfTheFly<~Controls.840~>178 75668B
<GandalfTheFly> card BE27C1
<Saktan> nc BA5F30
<auto> playchosen ADBFB1
<auto><~Controls.866~>reveal 178 1D4B501D7BA3F9A50441F69C0D1813DCA199AFD2 1<~Controls.867~><~Controls.46~><~Controls.868~><~Game.2036~> 5C697C
$GandalfTheFly<~Controls.304~>055 <~Controls.305~><~Game.1920~> 354D8F
$GandalfTheFly<~Controls.313~>048 <~Controls.307~><~Controls.314~><~Game.1920~> D088E0
<GandalfTheFly> sorry forgot press E5ED9F
<Saktan> ah nw C570D7
<GandalfTheFly> that was the press E2CB21
<Saktan> ok 3F5D81
<game> GandalfTheFly<~Controls.1~> 3 5 4 1 2 null
<game> GandalfTheFly<~Controls.1~> 1 3 5 2 null
<GandalfTheFly> 1 C5E904
<game> Saktan<~Controls.1~> 6 1 6 5 6 null
<game> Saktan<~Controls.1~> 6 null
<Saktan> 5 01D7AD
<GandalfTheFly> ow E16B59
$GandalfTheFly<~Controls.296~>057 <~Controls.297~><~Game.1920~> DC8CE9
$GandalfTheFly<~Controls.296~>048 <~Controls.297~><~Game.1920~> 681787
<Saktan> its the 'balance' lol 57DEE1
$GandalfTheFly<~Controls.296~>047 <~Controls.297~><~Game.1920~> B3550A
$GandalfTheFly<~Controls.296~>046 <~Controls.297~><~Game.1920~> 3805E0
$GandalfTheFly<~Controls.296~>045 <~Controls.297~><~Game.1920~> 393E9B
<GandalfTheFly> no press C3A698
<GandalfTheFly> only 1 hit 663E52
$GandalfTheFly<~Controls.644~>099 178 <~Controls.645~><~Game.2035~> 5DDB77
<Saktan> one sec 94DBFF
<Saktan> did you take 6 HP/ BBF69C
<GandalfTheFly> oh wait yeah 3FB05D
<Saktan> i only hit 5 B694F3
<GandalfTheFly> sorry E56B9B
$GandalfTheFly<~Controls.819~> E786D9
<Saktan> np 2F896F
$GandalfTheFly<~Controls.819~> 1D31CF
$GandalfTheFly<~Controls.819~> C0280D
$GandalfTheFly<~Controls.819~> EEB5CB
$GandalfTheFly<~Controls.819~> B3AE90
$GandalfTheFly<~Controls.819~> F09154
$GandalfTheFly<~Controls.296~>057 <~Controls.297~><~Game.1920~> 897259
$GandalfTheFly<~Controls.296~>048 <~Controls.297~><~Game.1920~> 00E424
$GandalfTheFly<~Controls.296~>047 <~Controls.297~><~Game.1920~> A4B47F
$GandalfTheFly<~Controls.296~>046 <~Controls.297~><~Game.1920~> BD6B50
$Saktan<~Controls.304~>273 <~Controls.305~><~Game.1995~> 957D11
$Saktan<~Controls.313~>078 <~Controls.308~><~Controls.314~><~Game.1995~> 79F525
<GandalfTheFly> theres the 5 5A7252
<Saktan> ok DEA1A3
<Saktan> perfect 8E4D8C
$GandalfTheFly<~Controls.644~>099 178 <~Controls.645~><~Game.2035~> 74850B
<GandalfTheFly> aight 20464C
<GandalfTheFly> reinforcements are needed i guess 633D99
$Saktan<~Scribe.141~>427 <~Scribe.142~><~Game.2042~><~Scribe.143~><~Game.2035~><~Scribe.144~> EB00FF
$Saktan<~Controls.509~>157<~Controls.510~><~Game.2004~><~Controls.511~><~Controls.45~> null
$Saktan<~Controls.644~>427 <~Controls.645~><~Game.2035~> 88268C
$Saktan<~Controls.271~>210<~Controls.272~><~Game.2042~><~Controls.273~><~Game.2035~> 3D4522
<Saktan> used token and now dice 262E68
<GandalfTheFly> yep 9FA342
$Saktan<~CardBuffet.9~>reveal 115 93F91D721283235200575093CEB99A4ACA36F5EB 1<~CardBuffet.10~><~Controls.45~><~CardBuffet.11~> AFED88
<GandalfTheFly> ahh BF485E
<GandalfTheFly> boromir? or maybe lego since he served his purpose? F4F1D0
<Saktan> yes, probably boro CE98F4
<Saktan> and thinking on someone else too 64BE53
$Saktan<~Scribe.141~>244 <~Scribe.142~><~Game.1998~><~Scribe.143~><~Game.1995~><~Scribe.144~> 505420
<Saktan> just boro AA7343
$Saktan<~Controls.644~>210 115 <~Controls.645~><~Game.2035~> 486ECA
<Saktan> ok AD662E
<GandalfTheFly> yeah that da siege definitly swung the luck F33332
<GandalfTheFly> nt E9796A
$Saktan<~Controls.726~>212 211 <~Controls.727~><~Game.1997~><~Controls.728~><~Game.2042~> F807C4
$Saktan<~Controls.731~>210 358 213 <~Controls.732~><~Game.2039~><~Controls.733~><~Game.2042~> 1F326B
$Saktan<~Controls.509~>112<~Controls.510~><~Game.2004~><~Controls.511~><~Controls.45~> null
$Saktan<~Controls.509~>111<~Controls.510~><~Game.2005~><~Controls.511~><~Controls.45~> null
$GandalfTheFly<~Controls.757~>100 104 105 103 361 <~Controls.758~><~Game.1997~><~Controls.759~><~Game.2043~> D56F16
<~Game.7~>8 null
$GandalfTheFly<~Controls.762~>099 360 101 102 <~Controls.763~><~Game.2041~><~Controls.764~><~Game.2043~> 82DA35
<Saktan> fsp mordor E450B0
$Saktan<~Scribe.141~>247 <~Scribe.142~><~Game.1972~><~Scribe.143~><~Game.524~><~Scribe.144~> 9BDE3B
$GandalfTheFly<~Controls.509~>166<~Controls.510~><~Game.2006~><~Controls.511~><~Controls.46~> null
$Saktan<~Controls.323~>247 B3BC0B
$GandalfTheFly<~Controls.509~>180<~Controls.510~><~Game.2007~><~Controls.511~><~Controls.46~> null
$Saktan<~Controls.323~>247 B32442
<GandalfTheFly> yep 06BBB7
$Saktan<~Controls.281~>239 232 228 <~Controls.282~><~Game.2045~><~Controls.283~><~Game.2044~> BDBC8F
<GandalfTheFly> 1e 4AF52D
$GandalfTheFly<~Controls.372~>099 5458EF
<GandalfTheFly> or 5E07DA
<GandalfTheFly> wait 94B82C
<Saktan> hunt pool scary haha 81376E
<GandalfTheFly> yeah just 1 eye 3844EF
<Saktan> ok EC6FDF
$GandalfTheFly<~Controls.345~>360 101 102 100 104 105 103 361 <~Controls.346~>11 11 14 14 11 10 15 11 null
$GandalfTheFly<~Controls.350~>360 101 102 100 104 105 103 361 null
$Saktan<~Controls.345~>210 358 213 212 211 <~Controls.346~>1 3 0 3 1 null
<Saktan> hmm A7F602
$Saktan<~HighlightLabel.86~>211<~HighlightLabel.87~><~Game.2042~><~HighlightLabel.88~><~Game.2035~> C4D083
$Saktan<~Controls.819~> 1F4A11
$Saktan<~HighlightLabel.86~>213<~HighlightLabel.87~><~Game.2042~><~HighlightLabel.88~><~Game.2035~> 551972
<Saktan> Sortie, DA 546FD2
$Saktan<~Controls.840~>157 F5777C
<GandalfTheFly> nc 4C21A4
<auto><~Controls.861~>reveal 157 A839B1629B5036D66DEE0DAB428DD0F216F09AEC 20<~Controls.862~><~Controls.45~><~Controls.863~><~Game.2037~> A55DEA
<Saktan> pre 6F9AD7
<game> Saktan<~Controls.1~> 5 1 null
<Saktan> 1 66C249
$GandalfTheFly<~Controls.296~>045 <~Controls.297~><~Game.1920~> 1065D2
<GandalfTheFly> yep 0FB3B4
<Saktan> combat 0F017F
<game> Saktan<~Controls.1~> 2 6 2 5 3 null
<Saktan> 2 2387F0
<GandalfTheFly> yeah FA5AF9
<game> GandalfTheFly<~Controls.1~> 6 3 null
<game> GandalfTheFly<~Controls.1~> 2 null
<GandalfTheFly> 1 5AB706
$Saktan<~Scribe.141~>078 <~Scribe.142~><~Game.1995~><~Scribe.143~><~Game.2037~><~Scribe.144~> E1FA38
$GandalfTheFly<~Controls.296~>253 037 318 319 039 038 043 041 <~Controls.297~><~Game.1920~> 0C69DE
$Saktan<~Scribe.141~>244 272 281 077 076 075 <~Scribe.142~><~Game.1995~><~Scribe.143~><~Game.1920~><~Scribe.144~> FDB68B
<Saktan> Boromir was given a chance to prove his quality 434987
$Saktan<~Controls.644~>213 157 078 <~Controls.645~><~Game.2035~> 390450
<GandalfTheFly> yeah that was a great boromir A9E31E
<Saktan> made Denethor proud and avenged faramir 6C7A71
$GandalfTheFly<~Scribe.141~>105 <~Scribe.142~><~Game.2043~><~Scribe.143~><~Game.2035~><~Scribe.144~> 2F14FC
$GandalfTheFly<~Scribe.141~>255 362 <~Scribe.142~><~Game.2040~><~Scribe.143~><~Game.2037~><~Scribe.144~> FB1F1D
$GandalfTheFly<~Scribe.141~>255 <~Scribe.142~><~Game.2037~><~Scribe.143~><~Game.1969~><~Scribe.144~> ED7C9C
$GandalfTheFly<~Controls.644~>105 362 <~Controls.645~><~Game.2035~> B8F7DB
<Saktan> kill dice for WK so we dont forget! 115CD7
<GandalfTheFly> no yeah 2F5DCE
$GandalfTheFly<~Controls.281~>105 <~Controls.282~><~Game.2041~><~Controls.283~><~Game.2040~> 2C0D0C
<Saktan> many games have turned friendlies because of this haha FC1E0B
<GandalfTheFly> got it 1C7F76
$Saktan<~HighlightLabel.86~>210<~HighlightLabel.87~><~Game.2042~><~HighlightLabel.88~><~Game.2035~> C2A17C
$Saktan<~CardBuffet.9~>reveal 112 010B5C436A854805790B0A2F895331FA11470F35 18<~CardBuffet.10~><~Controls.45~><~CardBuffet.11~> B9E6FF
$Saktan<~Controls.281~>234 <~Controls.282~><~Game.2046~><~Controls.283~><~Game.2044~> B1BAF0
$Saktan<~Controls.644~>210 112 <~Controls.645~><~Game.2035~> 5CAC68
$GandalfTheFly<~Scribe.141~>100 <~Scribe.142~><~Game.2043~><~Scribe.143~><~Game.2035~><~Scribe.144~> 4F42A4
$GandalfTheFly<~Scribe.141~>reveal 174 60D76895E069E15CC43452635C5B82AD0B55712B 11 <~Scribe.142~><~Controls.46~><~Scribe.143~><~Game.2037~><~Scribe.144~> 4A8F37
$GandalfTheFly<~Controls.281~>238 <~Controls.282~><~Game.2046~><~Controls.283~><~Game.2045~> D4EF7B
$GandalfTheFly<~Controls.281~>238 <~Controls.282~><~Game.2045~><~Controls.283~><~Game.2044~> 4CEA63
$GandalfTheFly<~Controls.644~>100 174 <~Controls.645~><~Game.2035~> AC55F9
$Saktan<~HighlightLabel.86~>211<~HighlightLabel.87~><~Game.2042~><~HighlightLabel.88~><~Game.2035~> 49B247
$Saktan<~Controls.790~>247<~Controls.791~><~Game.524~><~Controls.792~><~Game.525~> 961D6C
$Saktan<~Controls.795~>211<~Controls.796~><~Game.2035~><~Controls.797~><~Game.1997~> 2E9486
$GandalfTheFly<~Controls.624~>226<~Controls.625~><~Game.2044~><~Controls.626~><~Game.2037~> null
$Saktan<~Scribe.141~>242 <~Scribe.142~><~Game.1999~><~Scribe.143~><~Game.2037~><~Scribe.144~> A07BD9
$Saktan<~Scribe.141~>246 <~Scribe.142~><~Game.1998~><~Scribe.143~><~Game.1999~><~Scribe.144~> 0C5791
<Saktan> 66F957
<Saktan> ok 88530B
$Saktan<~Controls.644~>226 242 <~Controls.645~><~Game.2035~> 569010
$GandalfTheFly<~Scribe.141~>104 <~Scribe.142~><~Game.2043~><~Scribe.143~><~Game.2035~><~Scribe.144~> 1662ED
<Saktan> WWSAT/ 7AF4EA
<Saktan> ?* E3CA4B
$GandalfTheFly<~Controls.281~>104 <~Controls.282~><~Game.2035~><~Controls.283~><~Game.2043~> 3F6973
<GandalfTheFly> oh right 1ECF1E
<GandalfTheFly> yes 6B407B
$GandalfTheFly<~Controls.452~>139<~Controls.453~><~Controls.45~><~Controls.454~><~Game.2039~> null
$GandalfTheFly<~Scribe.141~>361 <~Scribe.142~><~Game.2043~><~Scribe.143~><~Game.2035~><~Scribe.144~> 65A2ED
<GandalfTheFly> attack osg 9DDE4D
<GandalfTheFly> from north 041723
<Saktan> ok C13AA9
<GandalfTheFly> nc C01894
<Saktan> nc 8C5A41
<game> GandalfTheFly<~Controls.1~> 4 3 2 3 2 null
<game> GandalfTheFly<~Controls.1~> 2 null
<GandalfTheFly> 0 827829
<game> Saktan<~Controls.1~> 2 null
<Saktan> 0 3956C7
<GandalfTheFly> press 9790D5
$Saktan<~Scribe.141~>080 <~Scribe.142~><~Game.1943~><~Scribe.143~><~Game.1944~><~Scribe.144~> B8BD71
$GandalfTheFly<~Scribe.141~>040 021 022 023 034 033 032 031 030 025 024 <~Scribe.142~><~Game.1964~><~Scribe.143~><~Game.1943~><~Scribe.144~> 2215A8
$GandalfTheFly<~Controls.644~>361 <~Controls.645~><~Game.2035~> CD0200
$Saktan<~HighlightLabel.86~>212<~HighlightLabel.87~><~Game.2042~><~HighlightLabel.88~><~Game.2035~> D05440
$Saktan<~Scribe.141~>282 <~Scribe.142~><~Game.2038~><~Scribe.143~><~Game.1944~><~Scribe.144~> BD2B6D
<Saktan> hmm 106B90
$Saktan<~Controls.819~> A9F588
$Saktan<~Scribe.141~>282 <~Scribe.142~><~Game.2038~><~Scribe.143~><~Game.1944~><~Scribe.144~> 686F23
<Saktan> sure why not B8227F
$Saktan<~Scribe.141~>280 <~Scribe.142~><~Game.2038~><~Scribe.143~><~Game.1920~><~Scribe.144~> CED558
$Saktan<~Controls.644~>212 <~Controls.645~><~Game.2035~> A1E3F0
$GandalfTheFly<~Scribe.141~>101 <~Scribe.142~><~Game.2043~><~Scribe.143~><~Game.2035~><~Scribe.144~> 7C8ED2
<GandalfTheFly> attack minas from osg 0FE8FA
<Saktan> field 56E360
<GandalfTheFly> aight E9F8C5
<GandalfTheFly> nc 05C2B7
$Saktan<~Controls.840~>111 70BAC6
<auto><~Controls.861~>reveal 111 450D2817EB2825D02CE2D5A3A711F2814EC0169B 7<~Controls.862~><~Controls.45~><~Controls.863~><~Game.2037~> 04BEE8
<GandalfTheFly> ah 2C71E9
<game> GandalfTheFly<~Controls.1~> 6 1 5 1 6 null
<game> GandalfTheFly<~Controls.1~> 1 null
<Saktan> lol 08DDBD
<GandalfTheFly> 2 A70B33
<game> Saktan<~Controls.1~> 1 2 1 3 3 null
<game> Saktan<~Controls.1~> 4 6 null
<Saktan> 1 8E4105
$GandalfTheFly<~Controls.296~>024 <~Controls.297~><~Game.1943~> 393BCE
$Saktan<~Scribe.141~>083 081 <~Scribe.142~><~Game.1944~><~Scribe.143~><~Game.2037~><~Scribe.144~> D2AE3D
<GandalfTheFly> press 7435F8
$Saktan<~Scribe.141~>270 085 276 084 282 080 082 <~Scribe.142~><~Game.1944~><~Scribe.143~><~Game.1994~><~Scribe.144~> 4AD279
$GandalfTheFly<~Scribe.141~>040 021 022 023 034 033 032 031 030 <~Scribe.142~><~Game.1943~><~Scribe.143~><~Game.1944~><~Scribe.144~> DD78BB
$GandalfTheFly<~Controls.644~>101 111 083 081 <~Controls.645~><~Game.2035~> A85F19
<Saktan> pass 432240
$GandalfTheFly<~Scribe.141~>360 <~Scribe.142~><~Game.2043~><~Scribe.143~><~Game.2035~><~Scribe.144~> ACD851
<GandalfTheFly> attack druidan F6F58D
<GandalfTheFly> from the fold 68C59D
<Saktan> ok E68019
<GandalfTheFly> nc 24847F
<Saktan> nc B2BF0F
<game> GandalfTheFly<~Controls.1~> 5 2 5 4 6 null
<game> Saktan<~Controls.1~> 6 null
<Saktan> 1 53092E
$GandalfTheFly<~Controls.296~>008 <~Controls.297~><~Game.1933~> 3B9C86
$Saktan<~Controls.281~>079 <~Controls.282~><~Game.1942~><~Controls.283~><~Game.2039~> 663BC7
$GandalfTheFly<~Scribe.141~>006 322 011 020 018 <~Scribe.142~><~Game.1933~><~Scribe.143~><~Game.1942~><~Scribe.144~> 8B8CE4
$GandalfTheFly<~Controls.644~>360 <~Controls.645~><~Game.2035~> F56E61
<Saktan> pass 9FE18E
<Saktan> an H dice would have done me good this round haha F6349A
<GandalfTheFly> yeah it would 21042C
$GandalfTheFly<~Scribe.141~>104 <~Scribe.142~><~Game.2043~><~Scribe.143~><~Game.2035~><~Scribe.144~> B9D596
$GandalfTheFly<~Scribe.141~>255 333 028 <~Scribe.142~><~Game.1969~><~Scribe.143~><~Game.1964~><~Scribe.144~> E2E72F
$GandalfTheFly<~Scribe.141~>006 322 <~Scribe.142~><~Game.1942~><~Scribe.143~><~Game.1944~><~Scribe.144~> BC7C82
$GandalfTheFly<~Controls.644~>104 <~Controls.645~><~Game.2035~> C10D2D
$Saktan<~HighlightLabel.86~>358<~HighlightLabel.87~><~Game.2042~><~HighlightLabel.88~><~Game.2035~> 5E2442
$Saktan<~Scribe.141~>250 <~Scribe.142~><~Game.2009~><~Scribe.143~><~Game.2011~><~Scribe.144~> 36E3C7
$Saktan<~Controls.790~>247<~Controls.791~><~Game.525~><~Controls.792~><~Game.528~> EFFB76
$Saktan<~Controls.795~>358<~Controls.796~><~Game.2035~><~Controls.797~><~Game.1997~> 515AA6
$GandalfTheFly<~Controls.624~>214<~Controls.625~><~Game.2044~><~Controls.626~><~Game.2037~> null
<Saktan> ah E68584
<Saktan> not that one! CD3D3B
$Saktan<~Controls.323~>247 54CA6E
$Saktan<~Controls.644~>214 <~Controls.645~><~Game.2035~> AC5FF9
<GandalfTheFly> yeah thats the bad one 6BE8FC
$GandalfTheFly<~Scribe.141~>102 <~Scribe.142~><~Game.2043~><~Scribe.143~><~Game.2035~><~Scribe.144~> BC2882
$GandalfTheFly<~Scribe.141~>reveal 197 F655D30C74B50175A17DD342638BE172A5929D2C 22 <~Scribe.142~><~Controls.46~><~Scribe.143~><~Game.2037~><~Scribe.144~> 081E72
<Saktan> nice E36C5F
$GandalfTheFly<~Scribe.141~>197 <~Scribe.142~><~Game.2037~><~Scribe.143~><~Game.2030~><~Scribe.144~> 6EF5A8
$Saktan<~Scribe.141~>085 <~Scribe.142~><~Game.1994~><~Scribe.143~><~Game.2030~><~Scribe.144~> DE685D
$GandalfTheFly<~Controls.644~>102 <~Controls.645~><~Game.2035~> 4F9D55
<GandalfTheFly> nt 8C2C70
$Saktan<~Controls.726~>358 211 <~Controls.727~><~Game.1997~><~Controls.728~><~Game.2042~> EBFC08
$Saktan<~Controls.731~>212 210 213 <~Controls.732~><~Game.2039~><~Controls.733~><~Game.2042~> E8F187
$GandalfTheFly<~Controls.757~>103 099 <~Controls.758~><~Game.1997~><~Controls.759~><~Game.2043~> E47523
<~Game.7~>9 null
$GandalfTheFly<~Controls.762~>102 104 360 101 361 100 362 <~Controls.763~><~Game.2041~><~Controls.764~><~Game.2043~> 13DF1A
$Saktan<~Controls.509~>133<~Controls.510~><~Game.2004~><~Controls.511~><~Controls.45~> null
$Saktan<~Controls.509~>140<~Controls.510~><~Game.2005~><~Controls.511~><~Controls.45~> null
$GandalfTheFly<~Controls.509~>179<~Controls.510~><~Game.2006~><~Controls.511~><~Controls.46~> null
$GandalfTheFly<~Controls.509~>192<~Controls.510~><~Game.2007~><~Controls.511~><~Controls.46~> null
<Saktan> fsp ok 496198
$GandalfTheFly<~Controls.372~>102 8B6FDA
<GandalfTheFly> 1e 0606C7
$GandalfTheFly<~Controls.345~>104 360 101 361 100 362 103 099 <~Controls.346~>15 10 10 12 12 10 14 15 null
$GandalfTheFly<~Controls.350~>104 360 101 361 100 362 103 099 null
$Saktan<~Controls.345~>212 210 213 358 211 <~Controls.346~>1 0 1 1 0 null
<Saktan> welp 6921F7
<Saktan> i guess they want a dunk 0CF96C
$Saktan<~HighlightLabel.86~>211<~HighlightLabel.87~><~Game.2042~><~HighlightLabel.88~><~Game.2035~> 41F642
$Saktan<~Controls.323~>247 33AC19
$Saktan<~Controls.644~>211 <~Controls.645~><~Game.2035~> 908A16
$GandalfTheFly<~Scribe.141~>103 <~Scribe.142~><~Game.2043~><~Scribe.143~><~Game.2035~><~Scribe.144~> B0A400
$GandalfTheFly<~Scribe.141~>reveal 176 D42711E4A5FA2047363EE1CFCF4D0E084743666E 5 <~Scribe.142~><~Controls.46~><~Scribe.143~><~Game.2037~><~Scribe.144~> 8B4234
<GandalfTheFly> all i can try E3F16A
<Saktan> lovely! 090C99
$Saktan<~Scribe.141~>210 <~Scribe.142~><~Game.2042~><~Scribe.143~><~Game.2037~><~Scribe.144~> 31FF5C
<Saktan> srry B1C051
<GandalfTheFly> ive had that card since either turn 2 or 1, tried waiting it out, don't think its worked for me 4F4C2C
$GandalfTheFly<~Controls.644~>103 210 176 <~Controls.645~><~Game.2035~> 6C0D45
<GandalfTheFly> no your good 7C7A11
<Saktan> oh man! thats a long time to hold it 623EB0
$Saktan<~HighlightLabel.86~>358<~HighlightLabel.87~><~Game.2042~><~HighlightLabel.88~><~Game.2035~> 6CC598
$Saktan<~Controls.790~>247<~Controls.791~><~Game.528~><~Controls.792~><~Game.529~> 80BF8D
$Saktan<~Controls.795~>358<~Controls.796~><~Game.2035~><~Controls.797~><~Game.1997~> 58DD35
$GandalfTheFly<~Controls.624~>223<~Controls.625~><~Game.2044~><~Controls.626~><~Game.2037~> null
$Saktan<~Scribe.141~>246 <~Scribe.142~><~Game.1999~><~Scribe.143~><~Game.2037~><~Scribe.144~> 278588
$Saktan<~Scribe.141~>245 <~Scribe.142~><~Game.1998~><~Scribe.143~><~Game.1999~><~Scribe.144~> 13062E
<Saktan> i'll take it 9599C2
<GandalfTheFly> no worn though 8FD489
<Saktan> no worn 3A369A
<Saktan> nasty hobbitses BBB201
$Saktan<~Controls.644~>223 246 <~Controls.645~><~Game.2035~> CC674F
$GandalfTheFly<~Scribe.141~>101 <~Scribe.142~><~Game.2043~><~Scribe.143~><~Game.2035~><~Scribe.144~> 38BB15
$GandalfTheFly<~Controls.366~>250<~Controls.367~><~Game.2011~><~Controls.368~><~Game.2041~> 6B22B6
<GandalfTheFly> use ring F5394F
<Saktan> ok 4FC188
$GandalfTheFly<~Scribe.141~>reveal 179 F0B00BC7B85491D014182E6DADDB3F14C98B1C18 9 <~Scribe.142~><~Controls.46~><~Scribe.143~><~Game.2037~><~Scribe.144~> E672F6
<Saktan> very nice BAA2A8
$GandalfTheFly<~Controls.281~>237 <~Controls.282~><~Game.2046~><~Controls.283~><~Game.2044~> 296583
$GandalfTheFly<~Controls.644~>101 179 <~Controls.645~><~Game.2035~> B116BE
$Saktan<~HighlightLabel.86~>213<~HighlightLabel.87~><~Game.2042~><~HighlightLabel.88~><~Game.2035~> E385B3
$Saktan<~Controls.790~>247<~Controls.791~><~Game.529~><~Controls.792~><~Game.532~> BD8B0F
$Saktan<~Controls.795~>213<~Controls.796~><~Game.2035~><~Controls.797~><~Game.1997~> DE4743
$GandalfTheFly<~Controls.624~>228<~Controls.625~><~Game.2044~><~Controls.626~><~Game.2037~> null
<GandalfTheFly> sigh 03A8C7
$Saktan<~Scribe.141~>245 <~Scribe.142~><~Game.1999~><~Scribe.143~><~Game.2037~><~Scribe.144~> F2F592
<GandalfTheFly> welp 607919
$Saktan<~Scribe.141~>364 <~Scribe.142~><~Game.2038~><~Scribe.143~><~Game.1999~><~Scribe.144~> 6B9256
$Saktan<~Scribe.141~>252 <~Scribe.142~><~Game.2014~><~Scribe.143~><~Game.2016~><~Scribe.144~> 7AE2ED
$Saktan<~Controls.644~>228 245 <~Controls.645~><~Game.2035~> 0D4669
<Saktan> that was highly unlikely DDC93A
$GandalfTheFly<~Scribe.141~>362 <~Scribe.142~><~Game.2043~><~Scribe.143~><~Game.2035~><~Scribe.144~> 25E54E
<Saktan> to not be a reveal 02BB0A
<Saktan> eye* 383743
<GandalfTheFly> attack minas DF85F2
$GandalfTheFly<~Controls.323~>255 41A599
$GandalfTheFly<~Controls.840~>166 BCCD07
<auto> playchosen 370D1B
<auto><~Controls.866~>reveal 166 378652EEABA3457B5DFA54FEA280BAC916D913E2 20<~Controls.867~><~Controls.46~><~Controls.868~><~Game.2036~> A95699
<game> GandalfTheFly<~Controls.1~> 3 3 2 4 5 null
<game> GandalfTheFly<~Controls.1~> 3 6 5 null
<GandalfTheFly> 2 90D61D
<game> Saktan<~Controls.1~> 4 3 4 4 1 null
<game> Saktan<~Controls.1~> 5 null
<Saktan> 1 AF10BB
$Saktan<~Controls.304~>084 <~Controls.305~><~Game.1994~> AB9295
$Saktan<~Controls.313~>079 <~Controls.308~><~Controls.314~><~Game.1994~> 74F1FC
$GandalfTheFly<~Controls.296~>021 <~Controls.297~><~Game.1944~> 1F97D6
$Saktan<~Controls.304~>276 <~Controls.305~><~Game.1994~> 3E3547
$Saktan<~Controls.313~>083 <~Controls.308~><~Controls.314~><~Game.1994~> 43BCD0
<GandalfTheFly> press 01A478
$GandalfTheFly<~Controls.304~>006 <~Controls.305~><~Game.1944~> 9E776A
$GandalfTheFly<~Controls.313~>331 <~Controls.307~><~Controls.314~><~Game.1944~> B195DF
$GandalfTheFly<~Controls.296~>166 <~Controls.297~><~Game.2036~> 627808
$GandalfTheFly<~Controls.840~>192 C4FDAD
<auto> playchosen 3244FE
<auto><~Controls.866~>reveal 192 68F521EF6E5050D62CE7635FE8333A86F98B7479 13<~Controls.867~><~Controls.46~><~Controls.868~><~Game.2036~> 46AB69
<game> GandalfTheFly<~Controls.1~> 1 2 1 6 4 null
<game> GandalfTheFly<~Controls.1~> 5 2 null
<GandalfTheFly> 2 4AF7E5
<game> Saktan<~Controls.1~> 2 3 1 4 4 null
<game> Saktan<~Controls.1~> 6 null
<Saktan> 3 D0456C
$GandalfTheFly<~Controls.296~>331 <~Controls.297~><~Game.1944~> 9EDF49
$GandalfTheFly<~Controls.296~>022 <~Controls.297~><~Game.1944~> CE4458
$GandalfTheFly<~Controls.296~>023 <~Controls.297~><~Game.1944~> C7D564
$Saktan<~Controls.281~>082 080 <~Controls.282~><~Game.1994~><~Controls.283~><~Game.2039~> 6D3287
<GandalfTheFly> press CC950A
$GandalfTheFly<~Controls.304~>322 <~Controls.305~><~Game.1944~> D37D15
$GandalfTheFly<~Controls.313~>331 <~Controls.307~><~Controls.314~><~Game.1944~> 240B7C
<GandalfTheFly> nc 3079A9
$GandalfTheFly<~Controls.296~>192 <~Controls.297~><~Game.2036~> C3F438
<Saktan> nc B6BB9E
<game> GandalfTheFly<~Controls.1~> 4 2 3 2 5 null
<game> GandalfTheFly<~Controls.1~> 1 null
<GandalfTheFly> 0 D3149E
<game> Saktan<~Controls.1~> 6 5 1 null
<game> Saktan<~Controls.1~> 3 null
<Saktan> 2 3F610C
$GandalfTheFly<~Controls.296~>331 <~Controls.297~><~Game.1944~> A9A938
<Saktan> man D21478
$GandalfTheFly<~Controls.296~>034 <~Controls.297~><~Game.1944~> FF66FB
<GandalfTheFly> stop 84D552
$GandalfTheFly<~Controls.644~>362 <~Controls.645~><~Game.2035~> A59A71
<Saktan> the rolls have not been in your favor 350550
$Saktan<~Controls.271~>212<~Controls.272~><~Game.2042~><~Controls.273~><~Game.2035~> A4C427
<GandalfTheFly> no they were C4AEB9
<GandalfTheFly> just not with gondorians DB2CB4
<Saktan> not the second half true A9F18C
<Saktan> elves and rohan just keeled over 436C84
<GandalfTheFly> yeah they just died 41C3F5
<Saktan> actually F7602E
<Saktan> HD held for a bit longer 52A4C5
<Saktan> but then didnt 5E8038
<GandalfTheFly> we'll see if i draw a red E020C8
<GandalfTheFly> only thing that saves me 29E945
<Saktan> lets see! 05C1D1
$Saktan<~Controls.790~>247<~Controls.791~><~Game.532~><~Controls.792~><~Game.533~> 9BD8BE
$Saktan<~Controls.795~>212<~Controls.796~><~Game.2035~><~Controls.797~><~Game.1997~> 97D3FB
$GandalfTheFly<~Controls.624~>225<~Controls.625~><~Game.2044~><~Controls.626~><~Game.2037~> null
<Saktan> gg 46FCAA
<GandalfTheFly> nope 25BE7A
$Saktan<~Scribe.141~>252 <~Scribe.142~><~Game.2016~><~Scribe.143~><~Game.2017~><~Scribe.144~> A17B5C
$Saktan<~Controls.323~>247 232F7D
<GandalfTheFly> darn 1FF4B7
<GandalfTheFly> yeah not a single eye that game 87B142
<Saktan> man, that was a weird one 5C8B4E
<GandalfTheFly> like literally 0 D17D75
<Saktan> highest draw was a 3 CF4B00
<Saktan> and that was technically a 2 with axe and bow haha 6B42F7
<Saktan> but still sniped strider 0DAD4B
<GandalfTheFly> yeah lol AD332E
<GandalfTheFly> you good for round 2? 22FCD8
<Saktan> hmm 156E86
<Saktan> yeah i could do it! give me a sec though 871F54
<GandalfTheFly> gotcha 52AA57
<Saktan> okay, i'll brb in like 5-10 9E224A
<Saktan> i'll dm on Discord 8A02B3
<GandalfTheFly> no problem, you can document this game right? B73921
<Saktan> yes will do it now F9F476
<Saktan> brb B7F9AB
$GandalfTheFly<~Controls.644~>225 <~Controls.645~><~Game.2035~> 58D4C3
<~Talker.26~> null
<game> NewPlayer<~Controls.397~> 
