<auto> silent null
<auto><~Scribe.141~>363 397 398 402 401 400 399 403 404 376 375 374 373 377 378 <~Scribe.142~><~Game.2038~><~Scribe.143~>Spare<~Scribe.144~> null
<auto><~Scribe.141~>365 366 379 380 381 382 383 384 385 386 387 388 389 390 391 392 393 394 395 396 367 368 369 370 371 372 <~Scribe.142~><~Game.2040~><~Scribe.143~>Spare<~Scribe.144~> null
<auto><~Scribe.141~>230 231 <~Scribe.142~><~Game.2044~><~Scribe.143~>Spare<~Scribe.144~> null
<auto><~Scribe.141~>155 152 <~Scribe.142~><~Game.2004~><~Scribe.143~>Spare<~Scribe.144~> null
<auto><~Scribe.141~>137 151 <~Scribe.142~><~Game.2005~><~Scribe.143~>Spare<~Scribe.144~> null
<auto><~Scribe.141~>161 198 <~Scribe.142~><~Game.2006~><~Scribe.143~>Spare<~Scribe.144~> null
<auto><~Scribe.141~>163 188 <~Scribe.142~><~Game.2007~><~Scribe.143~>Spare<~Scribe.144~> null
<auto><~Controls.323~>364 null
<auto> noisy null
<auto> silent null
<auto><~Scribe.141~>312 <~Scribe.142~><~Game.2038~><~Scribe.143~><~Game.1965~><~Scribe.144~> null
<auto> noisy null
<~Game.7~>1 null
<auto> silent null
<auto><~Scribe.141~>363 397 398 402 401 400 399 403 404 376 375 374 373 377 378 <~Scribe.142~><~Game.2038~><~Scribe.143~>Spare<~Scribe.144~> null
<auto><~Scribe.141~>365 366 379 380 381 382 383 384 385 386 387 388 389 390 391 392 393 394 395 396 367 368 369 370 371 372 <~Scribe.142~><~Game.2040~><~Scribe.143~>Spare<~Scribe.144~> null
<auto><~Scribe.141~>230 231 <~Scribe.142~><~Game.2044~><~Scribe.143~>Spare<~Scribe.144~> null
<auto><~Scribe.141~>155 152 <~Scribe.142~><~Game.2004~><~Scribe.143~>Spare<~Scribe.144~> null
<auto><~Scribe.141~>137 151 <~Scribe.142~><~Game.2005~><~Scribe.143~>Spare<~Scribe.144~> null
<auto><~Scribe.141~>161 198 <~Scribe.142~><~Game.2006~><~Scribe.143~>Spare<~Scribe.144~> null
<auto><~Scribe.141~>163 188 <~Scribe.142~><~Game.2007~><~Scribe.143~>Spare<~Scribe.144~> null
<auto><~Controls.323~>364 null
<auto> noisy null
$base silent null
$TEST<~Scribe.141~>312 <~Scribe.142~><~Game.2038~><~Scribe.143~><~Game.1965~><~Scribe.144~> null
$base noisy null
<game> Alexey'a<~Controls.408~>[WOTR-Gandalf2 wotr base2] null
<~Talker.31~> null
<Wey> Hey 
<Alexey'a> hello 
<game> Alexey'a<~Controls.1~> 5 null
<game> Wey<~Controls.1~> 1 null
<Wey> muster points ,yeah? 
<Alexey'a> ye 
<Alexey'a> 2,0 
<Wey> cool cool 
<Wey> accept 
<Alexey'a> gl 
<Wey> that is a lot lol 
$Wey<~Scribe.141~>305 <~Scribe.142~><~Game.2038~><~Scribe.143~><~Game.1941~><~Scribe.144~> 
$Wey<~Scribe.141~>306 <~Scribe.142~><~Game.2038~><~Scribe.143~><~Game.1970~><~Scribe.144~> 
$Wey<~Scribe.141~>276 <~Scribe.142~><~Game.2038~><~Scribe.143~><~Game.1920~><~Scribe.144~> 
<Wey> all good 
$Wey<~Controls.464~>8C77639161522818CB2E3369968ADEBACF462925 203E3E1FE27E3204FDBF11DDA85B68B2 24 6443A2A57FC1F231F8DE696278D91212F14B51CF 35044506B80C622D5D1E261AFB911FE6 BE436CFCAE3DAD18F8BC4C82A5F73F7AC1358610 21E1AFDC8A32160293E06FF977B580ED 27E8BD1473719BA1ED3AFB8B9795B48EACB19E71 3D6C904134B1EA07AD04B1320DF0B99D 04F2D5DB75A1488DF63DC0A6FE11FC64C0F55805 53DCA129909FA1B1E67910C9DDA9C648 B0FE1DE807FCADAFAD99AF87D18482DF409A6368 A922CA5D2C83119A4C5D9CEA10B38E09 5D6A854CDBC6B2E3B50960714E1A19E3360BA2F0 3E32634B3DC00FB4A3DCA0C4E4B6ED1E 044ED03A92756EE48F1128ED9C031E557B644D96 53F73AE6D4947D2289E3CFD6074C56CE 7559D6CC0DA038D2EA99C99F49A7AA6F1EB844DA 2CC31C8E4F134DBBDAF653B0293625CE EF4ECEBD5C823A37D306C5D983DBACEEE93E8889 17309FED11D0B68B55E2AAAECCACEE4B B84E747987F2F1B785A05FA0C0630648F2D46C83 ADC11D3A753630127F1CCBE45DBB58BD D396FF02C666D0A91ABDEEFD78C4E8B9BCABBC27 57C5753DFFB83D87C704E17B880EB397 3A5FFDA02E578A709BFBAE838C4633FCCF3625AE 14379205D4503B28EA5F1FC4C8C2AD2C ABEAF3B62AC25761053472B9143D0503B46CCA56 78AE4AE46C00E96998B6F08D3C089676 55DA783EF04A1E6AC8BDE6FF2A389774FCF1889E F797D5BF854D309B577A8DE8C1AF98DD EE7F5474033770833759CE9B1B0B886B0C919783 633E4E415AE6725EA814D5D43CF5F78E 4E78807F6EF1C6821A157517AB162FE59FD72E07 B268D3A714E6017867448608371B2310 72A968BA8C56DF5AA01365B2E0AD064D0EED308C 0590CB63806C6076776DD558AFAB734F 07FAD4AB6A250C2429A28FDE716BDAE2D1B66293 E5F127DB037DEB539EBE25822B723DAC 59BC8351D008A3D1FE6E6650614B3C5CAFA99870 CF025015CA58AC3CAC51949F10831BB5 FE3411A3CCA8A6C0269B1BA752A2B504701A9FB6 F204F38F45C8B96DE3A952FE33E435AF 3B44723E0281FA5C56C20E4AD60BC59C073CBCC8 36C7952DD507E0B09234C0F0B0AAE030 F771BF1C67491BFE3EC97641E1FE1C684A373A46 80D08E57C34B8E3E02B008A2F9A1AE1E F7A6010E48E99A91CCE02CDE146D2EDA403D4005 347B83DF740F84FC969C079731D01E69 267FC8D39758CF66BC07CA9B0E8CCCD1396BF7C8 FBC49C7CDAA3A7C02D1C8FD2BA6BADD3 24 FF37C1EE430D96255C21DCEAC8DF02B23DC2930C C5D6D2862EB112C8CAE3326C0C168679 9203CD468D540D71BE2412FE8027EE44563FC41F 11891AABDB9FF83977239EA7C86F9E69 388170FD5DCE8A676225D4C013E4AF7331AB860A 6B68301EBD1CD6CF658885390C5ADDA0 072D9DE2197F785AA50EDCBCF593451271E714B8 36FE70758A2C988758BDB4C40979647E AE4F9350C47DC2F4130F2943CC9263BFB2A6F381 AB61E6ED90825C3C410DC9B7D1CB5601 94C0A9D37DF94998E6FCAE2F54D2F53DC03E682D 2155AFF5A00E54BE2C0C2179756DD039 D129E1D59C304DAC70A1576794D4E462442665FD 8E7364334AF66B4D5C6AA3444FD37035 CBE4F8AD30A3414DF070DD0812A2477E85DA164C 4D3264BE496DF073B4557DB49B1C1AC4 10FC1F3D3FF9D26A0E57E2B18CAAFEE7A01556B0 21BB367A4021A019570D1BB54C479D00 178AFE88ABE20482A7AE844C0F400AAA7A685AA8 79E2C68AA72CDE2B938BA3931D5E34EC FEF241D92EA6423C74040B5EE038364D8DF20AB1 F5BD3D1FFFC41B80FA696A07E5F32850 F701F914DF7E58F46999D2610B84DDB007009A43 289F22A24D187231D16359082F8016C0 820E2607354FBA430071F06649640D4F34C16FBE 9F7639FFC50DF8ECAE1A851809711D16 65477550BDAC3A3CFDD37314756772E4E62C59EA 22E3B5AEC4DDE6A05C0137641C065542 93AE6B287146482DB57BD97BF5EFA0FA67E75BC1 3971F9A103B55B3C0191F0EBFC481745 697DDD2E18927EDBEA0FE0A152D4B1E78D5274B6 F1CE77DC09D7B37F832C8A5DC1B6A3B9 C48A50F2CCA5A89A01713CD344865874013D0055 DFF7C34BE1F363DB2656D286D66E4A59 825CAA297BA560C543220C71D9D7799B0FC46866 659D75700DA5028C791B387B10FB1A50 1D95169DA95A130981632D7A072E1417150004A4 344FC63EBA45494172DB55D902052F68 0C8F8A47B80B48EA3A9147C183986F9C0D286166 1128BAAD349A4DDAD8CADFB28F8C5AD9 F465F99FEEC867FEE115B9C61E0966CFDEE28936 DA02A01E9BFA69FEE1DACBB3C07390A5 60B8B375CEC3D1263810D4C6C7AF5865B90DB9B7 CB7BF1C8D7F4706F1BE6BE6AD673E39F 6CFA1E8AAC20C4ECBFC5018FD648B969A710F250 FD415BD8C89924EA8E47254FA3CFF8A9 2FE2CA30230C2A5739BC1F196297DDB23FC423EF 307D3AE0C2E9B8C422401BFF1557430B 0 0 BEF3B3
<Wey> good luck! F001A4
$Alexey'a<~Controls.509~>204<~Controls.510~><~Game.2006~><~Controls.511~><~Controls.46~> null
$Alexey'a<~Controls.509~>164<~Controls.510~><~Game.2007~><~Controls.511~><~Controls.46~> null
$Wey<~Controls.509~>109<~Controls.510~><~Game.2004~><~Controls.511~><~Controls.45~> null
$Wey<~Controls.509~>130<~Controls.510~><~Game.2005~><~Controls.511~><~Controls.45~> null
$Alexey'a<~Controls.479~>6F8A4A382E559513A19B472426FAB5EA89095F90 58D390C83C95BD85CDF3709405BFDB8B 24 FB617AA02006A4099259E93B5C52E5F1DB847711 78C323EB530B294C9D576FC2C8D661E3 62B3C791956C88D012244C163DA66D9936BD65D4 A30B0AF5199A66020CD3855E1697F367 0D60BDEEB773798A8BD29BEF7F7E2D4D23F583FC 1A9924C2AD2CA547BFD42BF96137D2E3 F607DCE58A58E0DEAD6C77DBB958E32824140227 CEBBCFFE09738EF082FEE694E3130206 CA9B34842CF66D648868F7AFEF356D26D94666B7 DD3C92C02F10BE9169897C5EF5A87AB8 5B09683434A52B744B4B190E316322F66EA26DE2 5CD9C8DDA2F7C0083848922EA06F0AE6 E4E1869A978DBA8C645A09F6566AFCFB6458EEE7 5625489817AEA85404EC72CA746FC3E2 E4ED3988AB868F654346A432601BDCC4730508F6 151B0BE66C61C5671A6FBF0E9899BE41 74F6AF2EF5B4FE6DCC06E263B38428F2DBCDFE09 9FDAA447D90BD5AD1ECA11F722415179 D6FCF3F44DB2CA42FA0D50B74329F9F234EA8749 835D9082651625AC7757335FA844B15C 7CEFA74B31FB4CE664829F3565D9842E53FFBA61 D522E1959A2E07F7EA88CB9717BDB90C 02CE61665BB6E339353BEAD30CB1E0864CF0B85D 761784F67B43D14085D3918FC2454B8A 55011C63625BDA6CB5D88DFC0F11A6AA2E59FF09 983E702DB6DDAB3DBDF5579DBE31E0D8 6EEA72BFF23C7131FDC2CA8CBB39BAC1637327FB 80DE1ABA1547F1ABDAFBEF846C429E80 B588B76D1F7CC5FFA68D582FCDB53744AFAFE86E 8E357B063A3513E692A6436356B3B4F1 315DF36198B84E2472589054B7F1EAA67FAC229F 7AFB25F48BEB23D0F41729EB3EAF6E98 24FB16687579AAAA8AE24BE823B549A379522BA7 DF32C9436A087BC387EADA0E74824F77 545F36BF45063BEA6145C0393A3BEC9D234122CB FD0ED5C5A971BDCDB316B887681E0F8C 5A2CA4A6234356B03F8564332786EB409CD88CC3 BAF1A6DC3D1413615E4A52F97FC2A2A2 DC1D1A8C893BBD2C74EA24AA34E4FE2945037956 EAC5579A306BCC98D99617E429DEE61F 938335EF200588219739969424924561F86B49FA CF399F6EDC0165D3FD984E9933803CA9 5CB200A55B0CB46579C18995F69A59C5FE8A8061 E39D51705565EF67917FEAA359E7BDE0 C897E7CF76F0B7BF71ACACA745389E6F9668D8D0 D46B165A2739CA2CEE932E021F08D30B BCF22BFA1CC3FD5A6671141EB436CB7B3CF95394 CFB9511F416345D7E5286F61E01B28CD 24 65EE62AF9970B2421EAA8A201014551BFF12DA11 011E1BDD2F83D99AE013B8B9278D95E0 50337C1F28E4C0CFAA0B34F18FAB43AA45B6787A 5AC6C0EF8F2803FA4714FFF83CD5A950 8DE7344E41A39248FE6BC8CB7DF86FC314DE75D5 93C8FD37BD7CF64524CD0A57021F7B0F 801F1D39267564FB62D0AAA2D22CB24C1667DC08 72EEF677D053779C09359DC200C36F70 529D5A2E1F43AF70A7B93D2D4772391151F13757 4C828107CAD86C4731A0FA17BCF00944 761F765B38B0203E0530E131C8D251D007894709 CBDF6B950A4987A7E4C8D4564F19B46A 7F45930EA12D4399497FD0CFEC60A1137EE65A4B F1CCB7E80573C16D207A335C36EF508D 2569BD509AF4A3AB8F58357995E4B76A3B3BFB4D 5CDF328535ECEEED75C06A22650F2B53 5D9450CB2BF2CA13ACB0C9F2F4444C6FFC362720 CB71D92A5032231230C5C8BFA1A70D42 AAD8296565FC5AE860126E4E0FCBA434B960107E E0ED3493BD2BCDAABBB7A33A0FAE1068 DA9EEF9A233D7A6BD645B67A43E98AA54F4511F5 276EAECB43BB25F543691261077E38C4 248CCE80127FA55112853E5F9F7F378C02004996 56FCDA93035B47A09B7E209A2DEEB1F4 16CBF31ED99B35B28EE7A8538460BF923A1874BB D6EF563BA8F22FF4605CF9B7C233712C F96A1FA80A688EF057714B942FD188F33C0ECE3D 82301A60DC5C4D145C31932C37278B97 C51B3F4A0063E452042A8454DD61CF9D6AB453A7 AE61876CFD4F486C2FC3154703BE05BB A2E9071C14DA9566F020F8D2E581BD8A96C6DBD8 6A3914D8109EC8E02CE1CED5B5CD55AB 77E6209A24A2AD3ED04F67890F29CFE271C98C93 06888986F5FF284A80A140594C6C8D29 FD1AA8815FD01A7CFE926A1D8BE5240639823C76 D9B3BD84DCDFBF6B99CCF3EEC6819F63 BF415F817D92E08E47CCB0A24D4AB158ADCCF8A9 3EAD9426F7D6C51AC41A7BF0F65E529D DE7A626E56609A8AAC45E2C12DB925298A93C74E DF9E3CCD71D239A31828BA8A9A6DC4E6 7AC59C1501546304FDD199380D56C62819AEEF85 35DE4E7E9E13AEEA92424D05AC4D0308 DAC4D9C97ECCE6EA8058171F9076B8E3FE1F3B22 4EE0F0D8727FE80781761D30F8F36650 AE6E4E545DAB1645EA5453D1EAA2A89D406B6061 D13689C537F1F365247DFE37EE9D6739 D5F42806ECD6E3CB85F46A7EC75743FB5D02FECF 3FD958A37A84E7689071EAA0B9AEBE10 0 0 511AF0
<Wey> fp ok 3646D6
$Alexey'a<~Controls.345~>105 104 103 102 101 100 099 <~Controls.346~>12 12 11 13 12 11 12 null
$Alexey'a<~Controls.350~>105 104 103 102 101 100 099 null
$Wey<~Controls.345~>213 212 211 210 <~Controls.346~>4 4 3 0 null
<Wey> pass 182BB0
$Alexey'a<~Scribe.141~>100 <~Scribe.142~><~Game.2043~><~Scribe.143~><~Game.2035~><~Scribe.144~> 66A5BE
$Alexey'a<~Scribe.141~>263 <~Scribe.142~><~Game.2002~><~Scribe.143~><~Game.2003~><~Scribe.144~> 2AE873
$Alexey'a<~Controls.644~>100 <~Controls.645~><~Game.2035~> A22369
$Wey<~HighlightLabel.86~>210<~HighlightLabel.87~><~Game.2042~><~HighlightLabel.88~><~Game.2035~> ACC48D
$Wey<~Controls.790~>248<~Controls.791~><~Game.2014~><~Controls.792~><~Game.2015~> 6B2D9F
$Wey<~Controls.795~>210<~Controls.796~><~Game.2035~><~Controls.797~><~Game.1997~> 12444D
$Alexey'a<~Scribe.141~>103 <~Scribe.142~><~Game.2043~><~Scribe.143~><~Game.2035~><~Scribe.144~> A1F325
$Alexey'a<~Scribe.141~>254 <~Scribe.142~><~Game.2040~><~Scribe.143~><~Game.1919~><~Scribe.144~> AABFBE
$Alexey'a<~Scribe.141~>361 <~Scribe.142~><~Game.2040~><~Scribe.143~><~Game.2037~><~Scribe.144~> CA58E8
$Alexey'a<~Controls.644~>103 361 <~Controls.645~><~Game.2035~> 835922
<Wey> pass 0A5D59
$Alexey'a<~Scribe.141~>099 <~Scribe.142~><~Game.2043~><~Scribe.143~><~Game.2035~><~Scribe.144~> 63DF49
$Alexey'a<~Scribe.141~>055 049 048 047 <~Scribe.142~><~Game.1968~><~Scribe.143~><~Game.1946~><~Scribe.144~> CFA7DA
$Alexey'a<~Scribe.141~>039 036 029 028 027 026 <~Scribe.142~><~Game.1979~><~Scribe.143~><~Game.533~><~Scribe.144~> B6E544
$Alexey'a<~Controls.644~>099 <~Controls.645~><~Game.2035~> 4A2210
$Wey<~HighlightLabel.86~>211<~HighlightLabel.87~><~Game.2042~><~HighlightLabel.88~><~Game.2035~> B313C2
$Wey<~Controls.281~>211 <~Controls.282~><~Game.2035~><~Controls.283~><~Game.2042~> 7F3BFA
<Wey> pass C135C5
$Alexey'a<~Scribe.141~>101 <~Scribe.142~><~Game.2043~><~Scribe.143~><~Game.2035~><~Scribe.144~> 99D29C
$Alexey'a<~Scribe.141~>055 057 049 048 047 046 045 <~Scribe.142~><~Game.1946~><~Scribe.143~><~Game.1932~><~Scribe.144~> BD9C40
$Alexey'a<~Scribe.141~>039 036 029 028 027 026 <~Scribe.142~><~Game.533~><~Scribe.143~><~Game.1969~><~Scribe.144~> 1D0CDF
$Alexey'a<~Controls.644~>101 <~Controls.645~><~Game.2035~> A869BB
$Wey<~HighlightLabel.86~>211<~HighlightLabel.87~><~Game.2042~><~HighlightLabel.88~><~Game.2035~> 7C918A
$Wey<~Scribe.141~>256 <~Scribe.142~><~Game.2000~><~Scribe.143~><~Game.2001~><~Scribe.144~> FBAF84
$Wey<~Controls.644~>211 <~Controls.645~><~Game.2035~> C4E1A3
$Alexey'a<~Scribe.141~>104 <~Scribe.142~><~Game.2043~><~Scribe.143~><~Game.2035~><~Scribe.144~> E1711D
$Alexey'a<~Scribe.141~>039 037 036 029 028 027 026 020 019 018 017 016 <~Scribe.142~><~Game.1969~><~Scribe.143~><~Game.1964~><~Scribe.144~> 2BD42B
$Alexey'a<~Scribe.141~>032 031 030 <~Scribe.142~><~Game.1977~><~Scribe.143~><~Game.1974~><~Scribe.144~> 894890
$Alexey'a<~Controls.644~>104 <~Controls.645~><~Game.2035~> 59D1AC
$Wey<~HighlightLabel.86~>212<~HighlightLabel.87~><~Game.2042~><~HighlightLabel.88~><~Game.2035~> 53B3FE
$Wey<~Scribe.141~>260 <~Scribe.142~><~Game.2001~><~Scribe.143~><~Game.2002~><~Scribe.144~> DB4966
$Wey<~Controls.644~>212 <~Controls.645~><~Game.2035~> 015004
$Alexey'a<~Scribe.141~>105 <~Scribe.142~><~Game.2043~><~Scribe.143~><~Game.2035~><~Scribe.144~> A53A97
$Alexey'a<~Scribe.141~>038 032 031 030 025 024 023 022 021 <~Scribe.142~><~Game.1974~><~Scribe.143~><~Game.1976~><~Scribe.144~> 9447B5
$Alexey'a<~Scribe.141~>039 037 036 029 028 027 026 020 019 018 017 016 <~Scribe.142~><~Game.1964~><~Scribe.143~><~Game.1959~><~Scribe.144~> CEC66C
$Alexey'a<~Controls.644~>105 <~Controls.645~><~Game.2035~> ED67AF
$Wey<~HighlightLabel.86~>213<~HighlightLabel.87~><~Game.2042~><~HighlightLabel.88~><~Game.2035~> 3E6856
$Wey<~Scribe.141~>079 <~Scribe.142~><~Game.1943~><~Scribe.143~><~Game.1942~><~Scribe.144~> E52A42
$Wey<~Scribe.141~>305 065 <~Scribe.142~><~Game.1941~><~Scribe.143~><~Game.1957~><~Scribe.144~> F434F6
$Wey<~Controls.644~>213 <~Controls.645~><~Game.2035~> 073942
$Alexey'a<~Scribe.141~>102 <~Scribe.142~><~Game.2043~><~Scribe.143~><~Game.2035~><~Scribe.144~> 404218
$Alexey'a<~Scribe.141~>038 032 031 030 025 024 023 022 021 <~Scribe.142~><~Game.1976~><~Scribe.143~><~Game.1972~><~Scribe.144~> 4BA512
$Alexey'a<~Controls.644~>102 <~Controls.645~><~Game.2035~> C44224
$Alexey'a<~Controls.762~>102 105 104 101 099 103 361 100 <~Controls.763~><~Game.2041~><~Controls.764~><~Game.2043~> 45B99D
$Alexey'a<~Controls.509~>158<~Controls.510~><~Game.2006~><~Controls.511~><~Controls.46~> null
$Alexey'a<~Controls.509~>183<~Controls.510~><~Game.2007~><~Controls.511~><~Controls.46~> null
$Wey<~Controls.726~>210 <~Controls.727~><~Game.1997~><~Controls.728~><~Game.2042~> 69A699
<~Game.7~>2 null
$Wey<~Controls.731~>213 212 211 <~Controls.732~><~Game.2039~><~Controls.733~><~Game.2042~> 92757D
$Wey<~Controls.509~>115<~Controls.510~><~Game.2004~><~Controls.511~><~Controls.45~> null
$Wey<~Controls.509~>153<~Controls.510~><~Game.2005~><~Controls.511~><~Controls.45~> null
<Wey> fp ok 6268D2
<Alexey'a> 1e EB88F8
$Alexey'a<~Controls.372~>102 22E0D1
$Alexey'a<~Controls.345~>105 104 101 099 103 361 100 <~Controls.346~>15 12 12 15 10 10 12 null
$Alexey'a<~Controls.350~>105 104 101 099 103 361 100 null
$Wey<~Controls.345~>213 212 211 210 <~Controls.346~>3 3 1 0 null
<Wey> pass A0242D
$Alexey'a<~Scribe.141~>361 <~Scribe.142~><~Game.2043~><~Scribe.143~><~Game.2035~><~Scribe.144~> A27E08
$Alexey'a<~Scribe.141~>262 <~Scribe.142~><~Game.2002~><~Scribe.143~><~Game.2003~><~Scribe.144~> 9F61FA
$Alexey'a<~Controls.644~>361 <~Controls.645~><~Game.2035~> 44EA32
$Wey<~HighlightLabel.86~>211<~HighlightLabel.87~><~Game.2042~><~HighlightLabel.88~><~Game.2035~> CD1A34
$Wey<~Controls.790~>248<~Controls.791~><~Game.2015~><~Controls.792~><~Game.2016~> 6A60AC
$Wey<~Controls.795~>211<~Controls.796~><~Game.2035~><~Controls.797~><~Game.1997~> 33B576
<game> Alexey'a<~Controls.1~> 2 3 6 null
$Alexey'a<~Controls.624~>220<~Controls.625~><~Game.2044~><~Controls.626~><~Game.2037~> null
$Wey<~Scribe.141~>240 <~Scribe.142~><~Game.1999~><~Scribe.143~><~Game.2037~><~Scribe.144~> D7F646
$Wey<~Controls.644~>220 240 <~Controls.645~><~Game.2035~> F4C74D
$Wey<~Scribe.141~>241 <~Scribe.142~><~Game.1998~><~Scribe.143~><~Game.1999~><~Scribe.144~> C3157C
$Wey<~Scribe.141~>247 <~Scribe.142~><~Game.1911~><~Scribe.143~><~Game.1912~><~Scribe.144~> 8791B0
$Wey<~Controls.323~>247 16BD22
$Wey<~Controls.323~>247 7466F4
$Wey<~Controls.323~>247 0F10F1
$Alexey'a<~Scribe.141~>100 <~Scribe.142~><~Game.2043~><~Scribe.143~><~Game.2035~><~Scribe.144~> 6094C7
$Alexey'a<~Scribe.141~>038 032 031 030 025 024 023 022 021 <~Scribe.142~><~Game.1972~><~Scribe.143~><~Game.1975~><~Scribe.144~> 8D3DA8
$Alexey'a<~Scribe.141~>040 035 015 014 013 012 011 <~Scribe.142~><~Game.1956~><~Scribe.143~><~Game.1953~><~Scribe.144~> FE368B
$Alexey'a<~Controls.644~>100 <~Controls.645~><~Game.2035~> 52C435
$Wey<~HighlightLabel.86~>210<~HighlightLabel.87~><~Game.2042~><~HighlightLabel.88~><~Game.2035~> B9ED87
$Wey<~Controls.281~>210 <~Controls.282~><~Game.2035~><~Controls.283~><~Game.2042~> B5BB2C
$Wey<~HighlightLabel.86~>210<~HighlightLabel.87~><~Game.2042~><~HighlightLabel.88~><~Game.2035~> 0CD3F9
$Wey<~Scribe.141~>240 <~Scribe.142~><~Game.2039~><~Scribe.143~><~Game.1921~><~Scribe.144~> BDA5C1
$Wey<~Scribe.141~>358 <~Scribe.142~><~Game.2038~><~Scribe.143~><~Game.2037~><~Scribe.144~> 87DD19
$Wey<~Controls.323~>240 6574DC
$Wey<~Controls.644~>210 358 <~Controls.645~><~Game.2035~> D79371
$Alexey'a<~Scribe.141~>104 <~Scribe.142~><~Game.2043~><~Scribe.143~><~Game.2035~><~Scribe.144~> D50834
$Alexey'a<~Scribe.141~>001 <~Scribe.142~><~Game.1910~><~Scribe.143~><~Game.1917~><~Scribe.144~> 68514C
$Alexey'a<~Scribe.141~>038 032 031 030 025 024 023 022 021 <~Scribe.142~><~Game.1975~><~Scribe.143~><~Game.1966~><~Scribe.144~> 598132
$Alexey'a<~Controls.644~>104 <~Controls.645~><~Game.2035~> 0DDF99
$Wey<~HighlightLabel.86~>212<~HighlightLabel.87~><~Game.2042~><~HighlightLabel.88~><~Game.2035~> 82E823
$Wey<~Scribe.141~>258 <~Scribe.142~><~Game.2000~><~Scribe.143~><~Game.2001~><~Scribe.144~> 32C529
$Wey<~Controls.644~>212 <~Controls.645~><~Game.2035~> F1B340
$Alexey'a<~Scribe.141~>101 <~Scribe.142~><~Game.2043~><~Scribe.143~><~Game.2035~><~Scribe.144~> F091B6
<Alexey'a> dale 94C275
<Alexey'a> nc 32A361
$Wey<~Controls.840~>153 CE20B5
$Alexey'a<~Scribe.141~>258 <~Scribe.142~><~Game.2001~><~Scribe.143~><~Game.2003~><~Scribe.144~> 99F6B3
<auto><~Controls.861~>reveal 153 EA666FFBF748FE956D2BDED17CBA4D019158FC8D 1<~Controls.862~><~Controls.45~><~Controls.863~><~Game.2037~> 875DAF
$Alexey'a<~Controls.323~>258 1CC012
<game> Alexey'a<~Controls.1~> 1 5 3 5 1 null
<game> Alexey'a<~Controls.1~> 2 null
<Alexey'a> 0 8266EC
<game> Wey<~Controls.1~> 5 3 null
<game> Wey<~Controls.1~> 2 null
<Wey> 1+2 5BFA8C
<Alexey'a> press 6DFC57
$Wey<~Scribe.141~>068 306 066 <~Scribe.142~><~Game.1970~><~Scribe.143~><~Game.1954~><~Scribe.144~> 2D88B2
$Alexey'a<~Scribe.141~>021 022 032 <~Scribe.142~><~Game.1966~><~Scribe.143~><~Game.2037~><~Scribe.144~> 5615D2
$Alexey'a<~Scribe.141~>038 031 030 025 024 023 <~Scribe.142~><~Game.1966~><~Scribe.143~><~Game.1970~><~Scribe.144~> 00EE6C
$Alexey'a<~Controls.644~>101 153 021 022 032 <~Controls.645~><~Game.2035~> CAF6C9
$Wey<~HighlightLabel.86~>213<~HighlightLabel.87~><~Game.2042~><~HighlightLabel.88~><~Game.2035~> F9114C
$Wey<~Scribe.141~>256 <~Scribe.142~><~Game.2001~><~Scribe.143~><~Game.2002~><~Scribe.144~> 4AF18E
$Wey<~Scribe.141~>256 <~Scribe.142~><~Game.2002~><~Scribe.143~><~Game.2001~><~Scribe.144~> CAB442
$Wey<~Controls.323~>247 16059A
$Wey<~Controls.644~>213 <~Controls.645~><~Game.2035~> 3C1CAF
$Alexey'a<~Scribe.141~>103 <~Scribe.142~><~Game.2043~><~Scribe.143~><~Game.2035~><~Scribe.144~> DE476C
$Alexey'a<~Scribe.141~>253 <~Scribe.142~><~Game.2040~><~Scribe.143~><~Game.1970~><~Scribe.144~> 997E30
$Alexey'a<~Scribe.141~>360 <~Scribe.142~><~Game.2040~><~Scribe.143~><~Game.2037~><~Scribe.144~> 384516
$Alexey'a<~Controls.644~>103 360 <~Controls.645~><~Game.2035~> 79917C
$Alexey'a<~Controls.323~>259 257 7B8AA9
$Alexey'a<~Controls.323~>260 753151
$Alexey'a<~Controls.757~>105 099 102 <~Controls.758~><~Game.1997~><~Controls.759~><~Game.2043~> EAACB6
$Alexey'a<~Controls.762~>103 360 101 104 100 361 <~Controls.763~><~Game.2041~><~Controls.764~><~Game.2043~> 35256F
$Alexey'a<~Controls.509~>166<~Controls.510~><~Game.2006~><~Controls.511~><~Controls.46~> null
$Alexey'a<~Controls.509~>186<~Controls.510~><~Game.2007~><~Controls.511~><~Controls.46~> null
$Wey<~Controls.509~>112<~Controls.510~><~Game.2004~><~Controls.511~><~Controls.45~> null
$Wey<~Controls.509~>122<~Controls.510~><~Game.2005~><~Controls.511~><~Controls.45~> null
$Wey<~Controls.726~>211 <~Controls.727~><~Game.1997~><~Controls.728~><~Game.2042~> 8B90C1
<~Game.7~>3 null
$Wey<~Controls.731~>213 212 210 358 <~Controls.732~><~Game.2039~><~Controls.733~><~Game.2042~> 00D263
<Wey> fp ok F61F90
$Alexey'a<~Controls.372~>103 A1CF84
$Alexey'a<~Controls.345~>360 101 104 100 361 105 099 102 <~Controls.346~>11 14 14 12 15 11 13 15 null
$Alexey'a<~Controls.350~>360 101 104 100 361 105 099 102 null
$Wey<~Controls.345~>213 212 210 358 211 <~Controls.346~>1 1 0 1 2 null
$Wey<~HighlightLabel.86~>358<~HighlightLabel.87~><~Game.2042~><~HighlightLabel.88~><~Game.2035~> 39FCF5
$Wey<~Controls.790~>248<~Controls.791~><~Game.2014~><~Controls.792~><~Game.2015~> EF7D8B
$Wey<~Controls.795~>358<~Controls.796~><~Game.2035~><~Controls.797~><~Game.1997~> 8649C1
<game> Alexey'a<~Controls.1~> 4 4 2 null
$Alexey'a<~Scribe.141~>104 <~Scribe.142~><~Game.2043~><~Scribe.143~><~Game.2035~><~Scribe.144~> 53F384
$Alexey'a<~CardBuffet.14~>reveal 166 B3782680A3922B839AE0534A2D3045C94677E036 2<~CardBuffet.15~><~Controls.46~><~CardBuffet.16~> 38E2E2
$Alexey'a<~Scribe.141~>037 <~Scribe.142~><~Game.1959~><~Scribe.143~><~Game.1912~><~Scribe.144~> 6CA118
$Alexey'a<~Scribe.141~>039 <~Scribe.142~><~Game.1959~><~Scribe.143~><~Game.1970~><~Scribe.144~> AB9B23
<Alexey'a> erebor A7EB82
$Wey<~Scribe.141~>062 312 061 060 <~Scribe.142~><~Game.1965~><~Scribe.143~><~Game.1988~><~Scribe.144~> 562631
$Alexey'a<~Scribe.141~>253 039 038 031 030 025 024 023 <~Scribe.142~><~Game.1970~><~Scribe.143~><~Game.1965~><~Scribe.144~> D77CDC
$Alexey'a<~Scribe.141~>420 <~Scribe.142~><~Game.2040~><~Scribe.143~><~Game.1970~><~Scribe.144~> 4CB353
$Alexey'a<~Scribe.141~>257 <~Scribe.142~><~Game.2000~><~Scribe.143~><~Game.2001~><~Scribe.144~> 8DC4C9
$Alexey'a<~Controls.644~>104 166 <~Controls.645~><~Game.2035~> 99726A
$Alexey'a<~Scribe.141~>040 <~Scribe.142~><~Game.1953~><~Scribe.143~><~Game.1986~><~Scribe.144~> 20991D
$Wey<~HighlightLabel.86~>212<~HighlightLabel.87~><~Game.2042~><~HighlightLabel.88~><~Game.2035~> 5FF79A
$Wey<~Controls.790~>248<~Controls.791~><~Game.2015~><~Controls.792~><~Game.2016~> B57B9F
$Wey<~Controls.795~>212<~Controls.796~><~Game.2035~><~Controls.797~><~Game.1997~> 7838CB
<game> Alexey'a<~Controls.1~> 5 2 3 null
<game> Alexey'a<~Controls.1~> 2 null
$Alexey'a<~Controls.624~>223<~Controls.625~><~Game.2044~><~Controls.626~><~Game.2037~> null
$Wey<~Scribe.141~>252 <~Scribe.142~><~Game.2014~><~Scribe.143~><~Game.2015~><~Scribe.144~> B3B65B
$Wey<~Controls.644~>223 <~Controls.645~><~Game.2035~> 85B626
$Alexey'a<~Scribe.141~>105 <~Scribe.142~><~Game.2043~><~Scribe.143~><~Game.2035~><~Scribe.144~> E6E87A
$Alexey'a<~Scribe.141~>261 <~Scribe.142~><~Game.2001~><~Scribe.143~><~Game.2002~><~Scribe.144~> 5D3484
$Alexey'a<~Controls.644~>105 <~Controls.645~><~Game.2035~> 66ACD1
$Alexey'a<~Scribe.141~>423 <~Scribe.142~><~Game.27~><~Scribe.143~><~Game.28~><~Scribe.144~> 13AD97
<Wey> thinking D32BA0
$Wey<~HighlightLabel.86~>213<~HighlightLabel.87~><~Game.2042~><~HighlightLabel.88~><~Game.2035~> F3A042
$Wey<~Controls.790~>248<~Controls.791~><~Game.2016~><~Controls.792~><~Game.2017~> 698CE4
$Wey<~Controls.795~>213<~Controls.796~><~Game.2035~><~Controls.797~><~Game.1997~> 019BFF
<game> Alexey'a<~Controls.1~> 2 4 5 null
<game> Alexey'a<~Controls.1~> 1 null
$Alexey'a<~Controls.624~>227<~Controls.625~><~Game.2044~><~Controls.626~><~Game.2037~> null
<Wey> random 76580C
$Alexey'a<~Controls.637~>243<~Controls.638~><~Game.1998~><~Controls.639~><~Game.2036~> null
$Wey<~Scribe.141~>252 <~Scribe.142~><~Game.2015~><~Scribe.143~><~Game.2016~><~Scribe.144~> 22C9FE
$Wey<~Controls.644~>243 227 <~Controls.645~><~Game.2035~> C8ED8E
$Alexey'a<~Scribe.141~>360 <~Scribe.142~><~Game.2043~><~Scribe.143~><~Game.2035~><~Scribe.144~> 7793FC
$Alexey'a<~Scribe.141~>261 <~Scribe.142~><~Game.2002~><~Scribe.143~><~Game.2003~><~Scribe.144~> 0BFF43
$Alexey'a<~Controls.644~>360 <~Controls.645~><~Game.2035~> 0BD703
<Wey> pass 302966
$Alexey'a<~Scribe.141~>100 <~Scribe.142~><~Game.2043~><~Scribe.143~><~Game.2035~><~Scribe.144~> 38C5A2
$Alexey'a<~Scribe.141~>040 056 052 051 050 <~Scribe.142~><~Game.1986~><~Scribe.143~><~Game.1984~><~Scribe.144~> 86B25E
$Alexey'a<~Scribe.141~>054 053 <~Scribe.142~><~Game.1987~><~Scribe.143~><~Game.1984~><~Scribe.144~> BC0D70
$Alexey'a<~Controls.644~>100 <~Controls.645~><~Game.2035~> 89ABDE
$Wey<~HighlightLabel.86~>211<~HighlightLabel.87~><~Game.2042~><~HighlightLabel.88~><~Game.2035~> A39660
$Wey<~CardBuffet.9~>reveal 115 5B538ABBD074CBC1BDD6F3A0DBFBC24AC9C710DE 3<~CardBuffet.10~><~Controls.45~><~CardBuffet.11~> 51DCCD
$Wey<~Scribe.141~>241 <~Scribe.142~><~Game.1999~><~Scribe.143~><~Game.1910~><~Scribe.144~> D4833F
$Wey<~Scribe.141~>241 <~Scribe.142~><~Game.1910~><~Scribe.143~><~Game.1914~><~Scribe.144~> 058750
$Wey<~Scribe.141~>241 <~Scribe.142~><~Game.1914~><~Scribe.143~><~Game.1916~><~Scribe.144~> FF20A9
$Wey<~Scribe.141~>241 <~Scribe.142~><~Game.1916~><~Scribe.143~><~Game.1905~><~Scribe.144~> 6FC77C
$Wey<~Scribe.141~>241 <~Scribe.142~><~Game.1905~><~Scribe.143~><~Game.1907~><~Scribe.144~> E65049
$Wey<~Scribe.141~>241 <~Scribe.142~><~Game.1907~><~Scribe.143~><~Game.1909~><~Scribe.144~> 0C4656
$Wey<~Scribe.141~>241 <~Scribe.142~><~Game.1909~><~Scribe.143~><~Game.1920~><~Scribe.144~> 555120
$Wey<~Controls.644~>211 115 <~Controls.645~><~Game.2035~> 8EDB75
$Alexey'a<~Scribe.141~>101 <~Scribe.142~><~Game.2043~><~Scribe.143~><~Game.2035~><~Scribe.144~> BC1014
$Alexey'a<~CardBuffet.14~>reveal 183 3D16BBADB6DB8AD289FA218FFA177859F6FEF42E 5<~CardBuffet.15~><~Controls.46~><~CardBuffet.16~> 34DDAE
$Wey<~Scribe.141~>242 <~Scribe.142~><~Game.1998~><~Scribe.143~><~Game.1999~><~Scribe.144~> FB3757
$Alexey'a<~Scribe.141~>210 <~Scribe.142~><~Game.2042~><~Scribe.143~><~Game.2036~><~Scribe.144~> 5BB21A
<Wey> nice A86A25
$Alexey'a<~Controls.644~>101 210 183 <~Controls.645~><~Game.2035~> 07FDBA
<Wey> didn't think you had it D7729F
$Alexey'a<~Scribe.141~>099 <~Scribe.142~><~Game.2043~><~Scribe.143~><~Game.2035~><~Scribe.144~> 0C1EFD
<Alexey'a> iron hills 9F94D0
<Alexey'a> 5 1 1 F89DBB
<Alexey'a> nc 5748A9
$Alexey'a<~Scribe.141~>257 <~Scribe.142~><~Game.2001~><~Scribe.143~><~Game.2002~><~Scribe.144~> F6FC4C
<Wey> nc 5AD9DA
<game> Alexey'a<~Controls.1~> 1 6 5 3 3 null
<game> Alexey'a<~Controls.1~> 6 null
<Alexey'a> 3 7B2E97
<game> Wey<~Controls.1~> 3 null
$Wey<~Controls.296~>059 <~Controls.297~><~Game.1973~> D49742
$Alexey'a<~Scribe.141~>040 056 054 053 052 051 050 <~Scribe.142~><~Game.1984~><~Scribe.143~><~Game.1973~><~Scribe.144~> 5734F6
$Wey<~Scribe.141~>257 <~Scribe.142~><~Game.2002~><~Scribe.143~><~Game.2003~><~Scribe.144~> 54674D
$Alexey'a<~Scribe.141~>257 <~Scribe.142~><~Game.2002~><~Scribe.143~><~Game.2003~><~Scribe.144~> 500628
$Alexey'a<~Controls.644~>099 <~Controls.645~><~Game.2035~> B90DF8
$Alexey'a<~Controls.757~>361 102 103 <~Controls.758~><~Game.1997~><~Controls.759~><~Game.2043~> E22EA4
$Alexey'a<~Controls.762~>099 101 100 360 105 104 <~Controls.763~><~Game.2041~><~Controls.764~><~Game.2043~> 3739C9
$Alexey'a<~Controls.509~>181<~Controls.510~><~Game.2006~><~Controls.511~><~Controls.46~> null
$Alexey'a<~Controls.509~>185<~Controls.510~><~Game.2007~><~Controls.511~><~Controls.46~> null
$Wey<~Controls.726~>213 212 358 <~Controls.727~><~Game.1997~><~Controls.728~><~Game.2042~> 1D7133
<~Game.7~>4 null
$Wey<~Controls.731~>210 211 <~Controls.732~><~Game.2039~><~Controls.733~><~Game.2042~> 8236A6
$Wey<~Controls.509~>141<~Controls.510~><~Game.2004~><~Controls.511~><~Controls.45~> null
$Wey<~Controls.509~>121<~Controls.510~><~Game.2005~><~Controls.511~><~Controls.45~> null
$Wey<~Scribe.141~>247 <~Scribe.142~><~Game.1912~><~Scribe.143~><~Game.1928~><~Scribe.144~> 388920
$Wey<~Controls.323~>247 2CE265
$Wey<~Controls.323~>247 E77CCF
$Wey<~Scribe.141~>252 <~Scribe.142~><~Game.2016~><~Scribe.143~><~Game.2015~><~Scribe.144~> 912A81
<Wey> fp ok 70C79C
$Alexey'a<~Controls.372~>099 BA4698
$Alexey'a<~Controls.345~>101 100 360 105 104 361 102 103 <~Controls.346~>13 15 11 14 12 14 13 11 null
$Alexey'a<~Controls.350~>101 100 360 105 104 361 102 103 null
$Wey<~Controls.345~>210 211 213 212 358 <~Controls.346~>1 0 1 1 3 null
$Wey<~HighlightLabel.86~>211<~HighlightLabel.87~><~Game.2042~><~HighlightLabel.88~><~Game.2035~> AAD170
$Wey<~Controls.323~>241 DEFBB3
$Wey<~Scribe.141~>359 <~Scribe.142~><~Game.2038~><~Scribe.143~><~Game.2037~><~Scribe.144~> 9BA5C8
$Wey<~Controls.644~>211 359 <~Controls.645~><~Game.2035~> EF8B92
$Alexey'a<~Scribe.141~>361 <~Scribe.142~><~Game.2043~><~Scribe.143~><~Game.2035~><~Scribe.144~> 451BF7
$Alexey'a<~Scribe.141~>reveal 164 AD2A2ED8FED856C0896A54C1A2B14DCBF9904737 6 <~Scribe.142~><~Controls.46~><~Scribe.143~><~Game.2034~><~Scribe.144~> FDD175
<Alexey'a> DA all 8964B4
$Wey<~Scribe.141~>241 276 077 076 075 <~Scribe.142~><~Game.1920~><~Scribe.143~><~Game.1995~><~Scribe.144~> 34DE42
$Alexey'a<~Scribe.141~>055 057 049 048 047 046 045 043 042 041 <~Scribe.142~><~Game.1932~><~Scribe.143~><~Game.1920~><~Scribe.144~> 09C002
$Alexey'a<~Scribe.141~>164 <~Scribe.142~><~Game.2034~><~Scribe.143~><~Game.2036~><~Scribe.144~> FF10F6
$Alexey'a<~Controls.644~>361 164 <~Controls.645~><~Game.2035~> 4B6992
$Wey<~Scribe.141~>260 <~Scribe.142~><~Game.2002~><~Scribe.143~><~Game.2003~><~Scribe.144~> F9286A
$Wey<~HighlightLabel.86~>213<~HighlightLabel.87~><~Game.2042~><~HighlightLabel.88~><~Game.2035~> 43253D
$Wey<~Controls.281~>213 <~Controls.282~><~Game.2035~><~Controls.283~><~Game.2042~> F1DFA4
<Wey> pass 491842
$Alexey'a<~Scribe.141~>104 <~Scribe.142~><~Game.2043~><~Scribe.143~><~Game.2035~><~Scribe.144~> 9AFCFE
$Alexey'a<~Scribe.141~>040 056 054 052 051 050 <~Scribe.142~><~Game.1973~><~Scribe.143~><~Game.1965~><~Scribe.144~> 89D9A1
$Alexey'a<~Scribe.141~>035 015 014 013 012 011 <~Scribe.142~><~Game.1953~><~Scribe.143~><~Game.1927~><~Scribe.144~> 7002B0
$Alexey'a<~Controls.644~>104 <~Controls.645~><~Game.2035~> FECC1B
$Wey<~HighlightLabel.86~>213<~HighlightLabel.87~><~Game.2042~><~HighlightLabel.88~><~Game.2035~> C9085A
$Wey<~Controls.790~>248<~Controls.791~><~Game.2014~><~Controls.792~><~Game.2015~> FA636B
$Wey<~Controls.795~>213<~Controls.796~><~Game.2035~><~Controls.797~><~Game.1997~> C01CFF
<game> Alexey'a<~Controls.1~> 3 4 null
$Alexey'a<~Scribe.141~>102 <~Scribe.142~><~Game.2043~><~Scribe.143~><~Game.2035~><~Scribe.144~> 5C9E7F
<Alexey'a> erebor 09EFE0
$Alexey'a<~Controls.840~>185 834182
$Wey<~Controls.840~>122 B4E3F5
<auto> playchosen 75D43D
<auto><~Controls.3~>reveal 122 94489291DBC0D4EF6D3A55E38C551E375C9FCCE1 5<~Controls.884~><~Controls.45~><~Controls.885~><~Game.2037~> CA0DDE
<auto><~Controls.866~>reveal 185 8AAD3C29BE589CA7A5433DABEF0A419676BC4E56 12<~Controls.867~><~Controls.46~><~Controls.868~><~Game.2036~> 8D9A27
<auto> playchosen 03AAE9
$Alexey'a<~Scribe.141~>024 025 <~Scribe.142~><~Game.1965~><~Scribe.143~><~Game.2036~><~Scribe.144~> 690F07
<game> Alexey'a<~Controls.1~> 3 6 4 5 2 null
<game> Alexey'a<~Controls.1~> 5 2 3 null
<Alexey'a> 2 F4F2AB
<game> Wey<~Controls.1~> 4 3 1 null
<game> Wey<~Controls.1~> 2 null
$Wey<~Controls.304~>061 <~Controls.305~><~Game.1988~> 2BA7A2
$Wey<~Controls.313~>059 <~Controls.308~><~Controls.314~><~Game.1988~> 158423
$Wey<~Controls.304~>312 <~Controls.305~><~Game.1988~> E90B2F
$Wey<~Controls.313~>317 <~Controls.307~><~Controls.314~><~Game.1988~> 9F0B98
<Alexey'a> stop 07C432
$Alexey'a<~Controls.509~>197<~Controls.510~><~Game.2007~><~Controls.511~><~Controls.46~> null
$Alexey'a<~Controls.644~>102 185 024 025 122 <~Controls.645~><~Game.2035~> 648321
$Wey<~HighlightLabel.86~>212<~HighlightLabel.87~><~Game.2042~><~HighlightLabel.88~><~Game.2035~> 6EF0F3
$Wey<~Controls.790~>248<~Controls.791~><~Game.2015~><~Controls.792~><~Game.2016~> 9EB053
$Wey<~Controls.795~>212<~Controls.796~><~Game.2035~><~Controls.797~><~Game.1997~> CE699F
<game> Alexey'a<~Controls.1~> 2 3 null
$Alexey'a<~Scribe.141~>360 <~Scribe.142~><~Game.2043~><~Scribe.143~><~Game.2035~><~Scribe.144~> 029751
<Alexey'a> erebor 12D11E
$Alexey'a<~Controls.840~>197 D4CDEB
<Wey> nc 5FC8B0
<auto><~Controls.866~>reveal 197 01140DD6CC429AB90B99566D7D4FD2F18128C173 9<~Controls.867~><~Controls.46~><~Controls.868~><~Game.2036~> 0DB228
<game> Alexey'a<~Controls.1~> 6 4 4 1 1 null
<game> Alexey'a<~Controls.1~> 3 6 4 2 null
<Alexey'a> 2 66D5A2
<game> Wey<~Controls.1~> 6 3 3 null
<game> Wey<~Controls.1~> 6 null
<Wey> 2 1CBB00
$Alexey'a<~Scribe.141~>030 031 <~Scribe.142~><~Game.1965~><~Scribe.143~><~Game.2036~><~Scribe.144~> 92A282
<Alexey'a> press 805B55
$Wey<~Controls.296~>060 059 <~Controls.297~><~Game.1988~> DD7DF3
$Alexey'a<~Controls.304~>056 <~Controls.305~><~Game.1965~> 24A327
$Alexey'a<~Controls.313~>357 <~Controls.307~><~Controls.314~><~Game.1965~> D15410
$Alexey'a<~Controls.509~>176<~Controls.510~><~Game.2007~><~Controls.511~><~Controls.46~> null
$Alexey'a<~Controls.662~>197 030 031 <~Controls.663~><~Game.2035~> AFC4C5
<Alexey'a> nc 6CD887
<Wey> nc 15A5AC
<game> Alexey'a<~Controls.1~> 5 6 6 6 4 null
<game> Alexey'a<~Controls.1~> 3 6 null
<Alexey'a> 4 D1D2D2
<game> Wey<~Controls.1~> 2 null
<game> Wey<~Controls.1~> 6 null
<Wey> 1 375769
$Wey<~Controls.296~>062 317 <~Controls.297~><~Game.1988~> 41DFA3
$Alexey'a<~Scribe.141~>023 <~Scribe.142~><~Game.1965~><~Scribe.143~><~Game.2037~><~Scribe.144~> 69D80B
$Alexey'a<~Scribe.141~>416 <~Scribe.142~><~Game.2040~><~Scribe.143~><~Game.1965~><~Scribe.144~> 26BB5F
$Alexey'a<~Scribe.141~>423 <~Scribe.142~><~Game.28~><~Scribe.143~><~Game.30~><~Scribe.144~> 360DE0
$Alexey'a<~Controls.644~>360 023 <~Controls.645~><~Game.2035~> 4F8546
<Wey> pass 94B5FE
$Alexey'a<~Scribe.141~>101 <~Scribe.142~><~Game.2043~><~Scribe.143~><~Game.2035~><~Scribe.144~> EEA393
$Alexey'a<~Scribe.141~>253 038 039 040 <~Scribe.142~><~Game.1965~><~Scribe.143~><~Game.1920~><~Scribe.144~> C0D6B0
$Alexey'a<~Scribe.141~>037 <~Scribe.142~><~Game.1912~><~Scribe.143~><~Game.1920~><~Scribe.144~> 515F62
$Alexey'a<~Controls.644~>101 <~Controls.645~><~Game.2035~> D73D1D
$Wey<~HighlightLabel.86~>358<~HighlightLabel.87~><~Game.2042~><~HighlightLabel.88~><~Game.2035~> 3D5FE6
$Wey<~Scribe.141~>256 <~Scribe.142~><~Game.2001~><~Scribe.143~><~Game.2002~><~Scribe.144~> 50A9B3
$Wey<~Controls.644~>358 <~Controls.645~><~Game.2035~> 402CB7
$Alexey'a<~Scribe.141~>103 <~Scribe.142~><~Game.2043~><~Scribe.143~><~Game.2035~><~Scribe.144~> CD3BAC
$Alexey'a<~Controls.281~>103 <~Controls.282~><~Game.2035~><~Controls.283~><~Game.2043~> 265830
$Alexey'a<~Scribe.141~>105 <~Scribe.142~><~Game.2043~><~Scribe.143~><~Game.2035~><~Scribe.144~> A1BFA1
$Alexey'a<~Controls.509~>209<~Controls.510~><~Game.2006~><~Controls.511~><~Controls.46~> null
$Alexey'a<~Controls.644~>105 <~Controls.645~><~Game.2035~> 4D3FD3
$Wey<~HighlightLabel.86~>210<~HighlightLabel.87~><~Game.2042~><~HighlightLabel.88~><~Game.2035~> 41E51F
$Wey<~Controls.790~>248<~Controls.791~><~Game.2016~><~Controls.792~><~Game.2017~> 073693
$Wey<~Controls.795~>210<~Controls.796~><~Game.2035~><~Controls.797~><~Game.1997~> 41D366
<game> Alexey'a<~Controls.1~> 1 4 null
$Alexey'a<~Controls.624~>216<~Controls.625~><~Game.2044~><~Controls.626~><~Game.2037~> null
$Wey<~Scribe.141~>252 <~Scribe.142~><~Game.2015~><~Scribe.143~><~Game.2016~><~Scribe.144~> 4EAE78
$Wey<~Scribe.141~>252 <~Scribe.142~><~Game.2016~><~Scribe.143~><~Game.2015~><~Scribe.144~> 25B14A
<Wey> random 5B22F7
$Alexey'a<~Controls.637~>244<~Controls.638~><~Game.1998~><~Controls.639~><~Game.2036~> null
$Wey<~Scribe.141~>247 <~Scribe.142~><~Game.1928~><~Scribe.143~><~Game.1960~><~Scribe.144~> 90C85E
$Wey<~Controls.323~>247 1C7D36
$Wey<~Controls.644~>244 216 <~Controls.645~><~Game.2035~> AF1E28
$Alexey'a<~Scribe.141~>103 <~Scribe.142~><~Game.2043~><~Scribe.143~><~Game.2035~><~Scribe.144~> 308713
<Alexey'a> da 6C7C8A
$Alexey'a<~Controls.840~>181 840548
$Wey<~Controls.840~>121 3572F9
<auto> playchosen 6C85D9
<auto><~Controls.3~>reveal 121 537BB14D6F69FE66F615E1000957CEB5FF0B3070 18<~Controls.884~><~Controls.45~><~Controls.885~><~Game.2037~> 479FAC
<auto><~Controls.866~>reveal 181 6CB327F9CC1F964178CE31691FAF6BDD5FB0DBD5 18<~Controls.867~><~Controls.46~><~Controls.868~><~Game.2036~> 0B889F
<auto> playchosen 12D4EF
<game> Alexey'a<~Controls.1~> 6 2 4 6 2 null
<game> Alexey'a<~Controls.1~> 2 4 6 null
<Alexey'a> 3 60AC49
<game> Wey<~Controls.1~> 5 5 6 4 3 null
<game> Wey<~Controls.1~> 5 null
<Wey> 5 00FDE6
$Wey<~Controls.296~>276 077 <~Controls.297~><~Game.1995~> B0A711
$Alexey'a<~Scribe.141~>055 046 047 048 <~Scribe.142~><~Game.1920~><~Scribe.143~><~Game.2036~><~Scribe.144~> 8E1EFD
<Alexey'a> press 293773
$Alexey'a<~Controls.304~>057 <~Controls.305~><~Game.1920~> 073C61
$Alexey'a<~Controls.313~>356 <~Controls.307~><~Controls.314~><~Game.1920~> 8AA589
$Alexey'a<~Controls.509~>167<~Controls.510~><~Game.2006~><~Controls.511~><~Controls.46~> null
$Alexey'a<~Controls.662~>181 055 046 047 048 121 <~Controls.663~><~Game.2035~> 9C6581
$Alexey'a<~Controls.840~>176 6C69DC
$Wey<~Controls.840~>109 020F0B
<auto> playchosen B04785
<auto><~Controls.3~>reveal 109 9938D57CCAB2ABF969375D66091CC35C65FCE662 11<~Controls.884~><~Controls.45~><~Controls.885~><~Game.2037~> 2AC62B
<auto><~Controls.866~>reveal 176 5819D23F25D6118382F7F089A64BDB6FC6115E27 19<~Controls.867~><~Controls.46~><~Controls.868~><~Game.2036~> 15802B
<auto> playchosen D9E385
<game> Alexey'a<~Controls.1~> 2 6 1 1 6 null
<game> Alexey'a<~Controls.1~> 2 4 3 null
<Alexey'a> 3 A2A526
<game> Wey<~Controls.1~> 2 6 2 null
<game> Wey<~Controls.1~> 2 5 null
<Wey> 2 F523E9
$Alexey'a<~Scribe.141~>041 042 <~Scribe.142~><~Game.1920~><~Scribe.143~><~Game.2036~><~Scribe.144~> ACE2B1
$Wey<~Scribe.141~>241 <~Scribe.142~><~Game.1995~><~Scribe.143~><~Game.2037~><~Scribe.144~> 362797
$Alexey'a<~Controls.644~>103 176 041 042 109 241 <~Controls.645~><~Game.2035~> 7F0247
$Alexey'a<~Controls.757~>100 099 <~Controls.758~><~Game.1997~><~Controls.759~><~Game.2043~> 9D38E9
$Alexey'a<~Controls.762~>103 105 101 360 102 104 361 <~Controls.763~><~Game.2041~><~Controls.764~><~Game.2043~> 1ACB46
$Alexey'a<~Controls.509~>201<~Controls.510~><~Game.2006~><~Controls.511~><~Controls.46~> null
$Alexey'a<~Controls.509~>196<~Controls.510~><~Game.2007~><~Controls.511~><~Controls.46~> null
$Wey<~Controls.726~>210 212 213 <~Controls.727~><~Game.1997~><~Controls.728~><~Game.2042~> B2CE51
<~Game.7~>5 null
$Wey<~Controls.731~>358 211 359 <~Controls.732~><~Game.2039~><~Controls.733~><~Game.2042~> E69E4D
$Wey<~Controls.281~>211 <~Controls.282~><~Game.2042~><~Controls.283~><~Game.2038~> EEF52E
$Wey<~Controls.509~>154<~Controls.510~><~Game.2004~><~Controls.511~><~Controls.45~> null
$Wey<~Controls.509~>140<~Controls.510~><~Game.2005~><~Controls.511~><~Controls.45~> null
<Wey> fp ok 825391
$Alexey'a<~Controls.281~>186 <~Controls.282~><~Controls.46~><~Controls.283~><~Game.2041~> 9B89DB
$Alexey'a<~Controls.372~>103 68C0E0
$Alexey'a<~Controls.345~>105 101 360 102 104 361 100 099 <~Controls.346~>12 14 13 11 15 10 11 11 null
$Alexey'a<~Controls.350~>105 101 360 102 104 361 100 099 null
$Wey<~Controls.345~>358 359 210 212 213 <~Controls.346~>0 4 4 1 4 null
$Wey<~HighlightLabel.86~>210<~HighlightLabel.87~><~Game.2042~><~HighlightLabel.88~><~Game.2035~> 92FD26
$Wey<~Scribe.141~>256 <~Scribe.142~><~Game.2002~><~Scribe.143~><~Game.2003~><~Scribe.144~> C1EA7C
$Wey<~Controls.644~>210 <~Controls.645~><~Game.2035~> 28A7FD
$Alexey'a<~HighlightLabel.81~>105<~HighlightLabel.82~><~Game.2043~><~HighlightLabel.83~><~Game.2035~> 83843D
<Alexey'a> DA D56EE1
$Alexey'a<~Controls.840~>201 C14ABD
$Wey<~Controls.840~>140 59E5AC
<auto> playchosen F77F23
<auto><~Controls.3~>reveal 140 434A49A6A2A350540D6C3142E9F734EAEEAD7E38 10<~Controls.884~><~Controls.45~><~Controls.885~><~Game.2037~> 66CC80
<auto><~Controls.866~>reveal 201 79DF7428CE066C57DD6660F7CD42C29903823053 10<~Controls.867~><~Controls.46~><~Controls.868~><~Game.2036~> ED6F6D
<auto> playchosen 1226AA
<game> Alexey'a<~Controls.1~> 6 4 1 3 3 null
<game> Alexey'a<~Controls.1~> 1 3 5 null
<Alexey'a> 1 09BD36
<game> Wey<~Controls.1~> 6 2 null
<Wey> 1 E9D162
$Alexey'a<~Scribe.141~>043 <~Scribe.142~><~Game.1920~><~Scribe.143~><~Game.2036~><~Scribe.144~> 66A2F1
$Wey<~Controls.296~>075 <~Controls.297~><~Game.1995~> 484B74
$Alexey'a<~Controls.509~>168<~Controls.510~><~Game.2006~><~Controls.511~><~Controls.46~> null
$Alexey'a<~Controls.644~>105 201 043 140 <~Controls.645~><~Game.2035~> 483AF0
$Wey<~HighlightLabel.86~>213<~HighlightLabel.87~><~Game.2042~><~HighlightLabel.88~><~Game.2035~> 66A2FC
$Wey<~CardBuffet.9~>reveal 130 A902435150089BC94953D92D3475134DDD7220F5 20<~CardBuffet.10~><~Controls.45~><~CardBuffet.11~> ECDB29
$Wey<~Scribe.141~>267 266 <~Scribe.142~><~Game.2038~><~Scribe.143~><~Game.1995~><~Scribe.144~> 75B306
$Wey<~Controls.644~>213 130 <~Controls.645~><~Game.2035~> 3D740D
$Alexey'a<~Scribe.141~>100 <~Scribe.142~><~Game.2043~><~Scribe.143~><~Game.2035~><~Scribe.144~> AB9ADB
<Alexey'a> lorien 9895B6
$Wey<~Scribe.141~>097 093 092 087 <~Scribe.142~><~Game.1928~><~Scribe.143~><~Game.1992~><~Scribe.144~> 510521
$Alexey'a<~Scribe.141~>035 015 014 013 012 011 <~Scribe.142~><~Game.1927~><~Scribe.143~><~Game.1928~><~Scribe.144~> E1321C
$Alexey'a<~Controls.644~>100 <~Controls.645~><~Game.2035~> 7A1F3D
<Wey> pass F50CDE
$Alexey'a<~Scribe.141~>102 <~Scribe.142~><~Game.2043~><~Scribe.143~><~Game.2035~><~Scribe.144~> 68F122
$Alexey'a<~Scribe.141~>001 008 007 <~Scribe.142~><~Game.1917~><~Scribe.143~><~Game.1927~><~Scribe.144~> 7F1BF9
$Alexey'a<~Scribe.141~>053 <~Scribe.142~><~Game.1973~><~Scribe.143~><~Game.1970~><~Scribe.144~> AB6EF3
$Alexey'a<~Controls.644~>102 <~Controls.645~><~Game.2035~> 172C89
$Alexey'a<~Scribe.141~>419 <~Scribe.142~><~Game.2040~><~Scribe.143~><~Game.1973~><~Scribe.144~> 7D26B8
<Wey> pass 95072B
$Alexey'a<~Scribe.141~>099 <~Scribe.142~><~Game.2043~><~Scribe.143~><~Game.2035~><~Scribe.144~> 917C78
$Alexey'a<~Scribe.141~>001 008 007 <~Scribe.142~><~Game.1927~><~Scribe.143~><~Game.1928~><~Scribe.144~> 770E54
$Alexey'a<~Scribe.141~>044 <~Scribe.142~><~Game.1946~><~Scribe.143~><~Game.1932~><~Scribe.144~> 67A6F6
$Alexey'a<~Controls.644~>099 <~Controls.645~><~Game.2035~> 2B3D39
$Wey<~HighlightLabel.86~>212<~HighlightLabel.87~><~Game.2042~><~HighlightLabel.88~><~Game.2035~> 78E7A4
$Wey<~Controls.323~>247 10734B
$Wey<~Controls.644~>212 <~Controls.645~><~Game.2035~> B4E18D
$Alexey'a<~Scribe.141~>101 <~Scribe.142~><~Game.2043~><~Scribe.143~><~Game.2035~><~Scribe.144~> D0E3BD
$Alexey'a<~Scribe.141~>reveal 209 47225562246D4946AD0BFF947EFF18E718027196 8 <~Scribe.142~><~Controls.46~><~Scribe.143~><~Game.2036~><~Scribe.144~> 1B327D
$Alexey'a<~Scribe.141~>253 039 038 037 <~Scribe.142~><~Game.1920~><~Scribe.143~><~Game.1928~><~Scribe.144~> B33102
$Alexey'a<~Scribe.141~>040 <~Scribe.142~><~Game.1920~><~Scribe.143~><~Game.1960~><~Scribe.144~> D2EBB2
<Alexey'a> lorien 9F2BEE
$Alexey'a<~Controls.662~>209 <~Controls.663~><~Game.2035~> 5E193F
$Alexey'a<~Controls.840~>204 AD1679
<Wey> nc 8A5329
<auto><~Controls.866~>reveal 204 7A405424008CD0B03A9DED3BF7CCCC2D70B77450 23<~Controls.867~><~Controls.46~><~Controls.868~><~Game.2036~> 1C9E8D
<game> Alexey'a<~Controls.1~> 2 4 1 null
<Alexey'a> 1 4F516F
$Wey<~Controls.304~>093 <~Controls.305~><~Game.1992~> E7865B
$Wey<~Controls.313~>269 <~Controls.307~><~Controls.314~><~Game.1992~> D0A609
<game> Alexey'a<~Controls.1~> 3 5 1 2 5 null
<game> Alexey'a<~Controls.1~> 6 3 3 6 2 null
<Alexey'a> 2 B7FFDB
<game> Wey<~Controls.1~> 6 4 2 null
<game> Wey<~Controls.1~> 4 null
<Wey> 1 6F10BD
$Wey<~Controls.296~>092 <~Controls.297~><~Game.1992~> 39F475
$Alexey'a<~Scribe.141~>014 <~Scribe.142~><~Game.1928~><~Scribe.143~><~Game.2036~><~Scribe.144~> 373746
<Alexey'a> press 8E448D
$Alexey'a<~Controls.304~>035 <~Controls.305~><~Game.1928~> F2BE63
$Alexey'a<~Controls.313~>023 <~Controls.307~><~Controls.314~><~Game.1928~> CC5C17
$Alexey'a<~Controls.509~>194<~Controls.510~><~Game.2006~><~Controls.511~><~Controls.46~> null
$Alexey'a<~Controls.662~>204 014 <~Controls.663~><~Game.2035~> 87650F
$Alexey'a<~Controls.840~>167 3AFA14
<Wey> nc 670D8F
<auto><~Controls.866~>reveal 167 DAA12F917D5D0033077EA8C9C8D3D6D8B0169897 15<~Controls.867~><~Controls.46~><~Controls.868~><~Game.2036~> 64D6F2
<game> Alexey'a<~Controls.1~> 5 2 2 1 5 null
<game> Alexey'a<~Controls.1~> 5 4 5 null
<Alexey'a> 2 4180A9
<game> Wey<~Controls.1~> 2 3 null
<game> Wey<~Controls.1~> 3 null
$Wey<~Controls.296~>097 269 087 <~Controls.297~><~Game.1992~> 30FF2B
$Alexey'a<~Scribe.141~>417 <~Scribe.142~><~Game.2040~><~Scribe.143~><~Game.1928~><~Scribe.144~> 250776
$Alexey'a<~Scribe.141~>423 <~Scribe.142~><~Game.30~><~Scribe.143~><~Game.32~><~Scribe.144~> DEE775
$Alexey'a<~Controls.644~>101 167 <~Controls.645~><~Game.2035~> 6A3057
$Wey<~HighlightLabel.86~>358<~HighlightLabel.87~><~Game.2042~><~HighlightLabel.88~><~Game.2035~> 9B9E9E
$Wey<~Controls.790~>248<~Controls.791~><~Game.2014~><~Controls.792~><~Game.2015~> E9F8D4
$Wey<~Controls.795~>358<~Controls.796~><~Game.2035~><~Controls.797~><~Game.1997~> 80E26C
<game> Alexey'a<~Controls.1~> 3 5 null
<game> Alexey'a<~Controls.1~> 6 null
$Alexey'a<~Controls.624~>219<~Controls.625~><~Game.2044~><~Controls.626~><~Game.2037~> null
<Wey> random 6AFA52
$Alexey'a<~Controls.637~>242<~Controls.638~><~Game.1999~><~Controls.639~><~Game.2036~> null
$Wey<~Scribe.141~>246 <~Scribe.142~><~Game.1998~><~Scribe.143~><~Game.1999~><~Scribe.144~> 8DA095
$Wey<~Scribe.141~>247 <~Scribe.142~><~Game.1960~><~Scribe.143~><~Game.1972~><~Scribe.144~> 50E2DF
$Wey<~Controls.323~>247 A3348F
$Alexey'a<~Scribe.141~>361 <~Scribe.142~><~Game.2043~><~Scribe.143~><~Game.2035~><~Scribe.144~> 068235
$Wey<~Scribe.141~>247 <~Scribe.142~><~Game.1972~><~Scribe.143~><~Game.1967~><~Scribe.144~> C797D6
$Wey<~Controls.296~>219 <~Controls.297~><~Game.2037~> 4DAF26
$Wey<~Controls.296~>242 <~Controls.297~><~Game.2036~> 021BA0
$Alexey'a<~Scribe.141~>055 <~Scribe.142~><~Game.2040~><~Scribe.143~><~Game.1932~><~Scribe.144~> 3CD77A
<game> Alexey'a<~Controls.397~> 
<~Talker.31~> null
$Alexey'a sendTokens FREE_PEOPLE.8C77639161522818CB2E3369968ADEBACF462925 203E3E1FE27E3204FDBF11DDA85B68B2 24 6443A2A57FC1F231F8DE696278D91212F14B51CF 35044506B80C622D5D1E261AFB911FE6 BE436CFCAE3DAD18F8BC4C82A5F73F7AC1358610 21E1AFDC8A32160293E06FF977B580ED 27E8BD1473719BA1ED3AFB8B9795B48EACB19E71 3D6C904134B1EA07AD04B1320DF0B99D 04F2D5DB75A1488DF63DC0A6FE11FC64C0F55805 53DCA129909FA1B1E67910C9DDA9C648 B0FE1DE807FCADAFAD99AF87D18482DF409A6368 A922CA5D2C83119A4C5D9CEA10B38E09 5D6A854CDBC6B2E3B50960714E1A19E3360BA2F0 3E32634B3DC00FB4A3DCA0C4E4B6ED1E 044ED03A92756EE48F1128ED9C031E557B644D96 53F73AE6D4947D2289E3CFD6074C56CE 7559D6CC0DA038D2EA99C99F49A7AA6F1EB844DA 2CC31C8E4F134DBBDAF653B0293625CE EF4ECEBD5C823A37D306C5D983DBACEEE93E8889 17309FED11D0B68B55E2AAAECCACEE4B B84E747987F2F1B785A05FA0C0630648F2D46C83 ADC11D3A753630127F1CCBE45DBB58BD D396FF02C666D0A91ABDEEFD78C4E8B9BCABBC27 57C5753DFFB83D87C704E17B880EB397 3A5FFDA02E578A709BFBAE838C4633FCCF3625AE 14379205D4503B28EA5F1FC4C8C2AD2C ABEAF3B62AC25761053472B9143D0503B46CCA56 78AE4AE46C00E96998B6F08D3C089676 55DA783EF04A1E6AC8BDE6FF2A389774FCF1889E F797D5BF854D309B577A8DE8C1AF98DD EE7F5474033770833759CE9B1B0B886B0C919783 633E4E415AE6725EA814D5D43CF5F78E 4E78807F6EF1C6821A157517AB162FE59FD72E07 B268D3A714E6017867448608371B2310 72A968BA8C56DF5AA01365B2E0AD064D0EED308C 0590CB63806C6076776DD558AFAB734F 07FAD4AB6A250C2429A28FDE716BDAE2D1B66293 E5F127DB037DEB539EBE25822B723DAC 59BC8351D008A3D1FE6E6650614B3C5CAFA99870 CF025015CA58AC3CAC51949F10831BB5 FE3411A3CCA8A6C0269B1BA752A2B504701A9FB6 F204F38F45C8B96DE3A952FE33E435AF 3B44723E0281FA5C56C20E4AD60BC59C073CBCC8 36C7952DD507E0B09234C0F0B0AAE030 F771BF1C67491BFE3EC97641E1FE1C684A373A46 80D08E57C34B8E3E02B008A2F9A1AE1E F7A6010E48E99A91CCE02CDE146D2EDA403D4005 347B83DF740F84FC969C079731D01E69 267FC8D39758CF66BC07CA9B0E8CCCD1396BF7C8 FBC49C7CDAA3A7C02D1C8FD2BA6BADD3 24 FF37C1EE430D96255C21DCEAC8DF02B23DC2930C C5D6D2862EB112C8CAE3326C0C168679 9203CD468D540D71BE2412FE8027EE44563FC41F 11891AABDB9FF83977239EA7C86F9E69 388170FD5DCE8A676225D4C013E4AF7331AB860A 6B68301EBD1CD6CF658885390C5ADDA0 072D9DE2197F785AA50EDCBCF593451271E714B8 36FE70758A2C988758BDB4C40979647E AE4F9350C47DC2F4130F2943CC9263BFB2A6F381 AB61E6ED90825C3C410DC9B7D1CB5601 94C0A9D37DF94998E6FCAE2F54D2F53DC03E682D 2155AFF5A00E54BE2C0C2179756DD039 D129E1D59C304DAC70A1576794D4E462442665FD 8E7364334AF66B4D5C6AA3444FD37035 CBE4F8AD30A3414DF070DD0812A2477E85DA164C 4D3264BE496DF073B4557DB49B1C1AC4 10FC1F3D3FF9D26A0E57E2B18CAAFEE7A01556B0 21BB367A4021A019570D1BB54C479D00 178AFE88ABE20482A7AE844C0F400AAA7A685AA8 79E2C68AA72CDE2B938BA3931D5E34EC FEF241D92EA6423C74040B5EE038364D8DF20AB1 F5BD3D1FFFC41B80FA696A07E5F32850 F701F914DF7E58F46999D2610B84DDB007009A43 289F22A24D187231D16359082F8016C0 820E2607354FBA430071F06649640D4F34C16FBE 9F7639FFC50DF8ECAE1A851809711D16 65477550BDAC3A3CFDD37314756772E4E62C59EA 22E3B5AEC4DDE6A05C0137641C065542 93AE6B287146482DB57BD97BF5EFA0FA67E75BC1 3971F9A103B55B3C0191F0EBFC481745 697DDD2E18927EDBEA0FE0A152D4B1E78D5274B6 F1CE77DC09D7B37F832C8A5DC1B6A3B9 C48A50F2CCA5A89A01713CD344865874013D0055 DFF7C34BE1F363DB2656D286D66E4A59 825CAA297BA560C543220C71D9D7799B0FC46866 659D75700DA5028C791B387B10FB1A50 1D95169DA95A130981632D7A072E1417150004A4 344FC63EBA45494172DB55D902052F68 0C8F8A47B80B48EA3A9147C183986F9C0D286166 1128BAAD349A4DDAD8CADFB28F8C5AD9 F465F99FEEC867FEE115B9C61E0966CFDEE28936 DA02A01E9BFA69FEE1DACBB3C07390A5 60B8B375CEC3D1263810D4C6C7AF5865B90DB9B7 CB7BF1C8D7F4706F1BE6BE6AD673E39F 6CFA1E8AAC20C4ECBFC5018FD648B969A710F250 FD415BD8C89924EA8E47254FA3CFF8A9 2FE2CA30230C2A5739BC1F196297DDB23FC423EF 307D3AE0C2E9B8C422401BFF1557430B 0 0 
$Alexey'a sendTokens SHADOW.6F8A4A382E559513A19B472426FAB5EA89095F90 58D390C83C95BD85CDF3709405BFDB8B 24 FB617AA02006A4099259E93B5C52E5F1DB847711 78C323EB530B294C9D576FC2C8D661E3 62B3C791956C88D012244C163DA66D9936BD65D4 A30B0AF5199A66020CD3855E1697F367 0D60BDEEB773798A8BD29BEF7F7E2D4D23F583FC 1A9924C2AD2CA547BFD42BF96137D2E3 F607DCE58A58E0DEAD6C77DBB958E32824140227 CEBBCFFE09738EF082FEE694E3130206 CA9B34842CF66D648868F7AFEF356D26D94666B7 DD3C92C02F10BE9169897C5EF5A87AB8 5B09683434A52B744B4B190E316322F66EA26DE2 5CD9C8DDA2F7C0083848922EA06F0AE6 E4E1869A978DBA8C645A09F6566AFCFB6458EEE7 5625489817AEA85404EC72CA746FC3E2 E4ED3988AB868F654346A432601BDCC4730508F6 151B0BE66C61C5671A6FBF0E9899BE41 74F6AF2EF5B4FE6DCC06E263B38428F2DBCDFE09 9FDAA447D90BD5AD1ECA11F722415179 D6FCF3F44DB2CA42FA0D50B74329F9F234EA8749 835D9082651625AC7757335FA844B15C 7CEFA74B31FB4CE664829F3565D9842E53FFBA61 D522E1959A2E07F7EA88CB9717BDB90C 02CE61665BB6E339353BEAD30CB1E0864CF0B85D 761784F67B43D14085D3918FC2454B8A 55011C63625BDA6CB5D88DFC0F11A6AA2E59FF09 983E702DB6DDAB3DBDF5579DBE31E0D8 6EEA72BFF23C7131FDC2CA8CBB39BAC1637327FB 80DE1ABA1547F1ABDAFBEF846C429E80 B588B76D1F7CC5FFA68D582FCDB53744AFAFE86E 8E357B063A3513E692A6436356B3B4F1 315DF36198B84E2472589054B7F1EAA67FAC229F 7AFB25F48BEB23D0F41729EB3EAF6E98 24FB16687579AAAA8AE24BE823B549A379522BA7 DF32C9436A087BC387EADA0E74824F77 545F36BF45063BEA6145C0393A3BEC9D234122CB FD0ED5C5A971BDCDB316B887681E0F8C 5A2CA4A6234356B03F8564332786EB409CD88CC3 BAF1A6DC3D1413615E4A52F97FC2A2A2 DC1D1A8C893BBD2C74EA24AA34E4FE2945037956 EAC5579A306BCC98D99617E429DEE61F 938335EF200588219739969424924561F86B49FA CF399F6EDC0165D3FD984E9933803CA9 5CB200A55B0CB46579C18995F69A59C5FE8A8061 E39D51705565EF67917FEAA359E7BDE0 C897E7CF76F0B7BF71ACACA745389E6F9668D8D0 D46B165A2739CA2CEE932E021F08D30B BCF22BFA1CC3FD5A6671141EB436CB7B3CF95394 CFB9511F416345D7E5286F61E01B28CD 24 65EE62AF9970B2421EAA8A201014551BFF12DA11 011E1BDD2F83D99AE013B8B9278D95E0 50337C1F28E4C0CFAA0B34F18FAB43AA45B6787A 5AC6C0EF8F2803FA4714FFF83CD5A950 8DE7344E41A39248FE6BC8CB7DF86FC314DE75D5 93C8FD37BD7CF64524CD0A57021F7B0F 801F1D39267564FB62D0AAA2D22CB24C1667DC08 72EEF677D053779C09359DC200C36F70 529D5A2E1F43AF70A7B93D2D4772391151F13757 4C828107CAD86C4731A0FA17BCF00944 761F765B38B0203E0530E131C8D251D007894709 CBDF6B950A4987A7E4C8D4564F19B46A 7F45930EA12D4399497FD0CFEC60A1137EE65A4B F1CCB7E80573C16D207A335C36EF508D 2569BD509AF4A3AB8F58357995E4B76A3B3BFB4D 5CDF328535ECEEED75C06A22650F2B53 5D9450CB2BF2CA13ACB0C9F2F4444C6FFC362720 CB71D92A5032231230C5C8BFA1A70D42 AAD8296565FC5AE860126E4E0FCBA434B960107E E0ED3493BD2BCDAABBB7A33A0FAE1068 DA9EEF9A233D7A6BD645B67A43E98AA54F4511F5 276EAECB43BB25F543691261077E38C4 248CCE80127FA55112853E5F9F7F378C02004996 56FCDA93035B47A09B7E209A2DEEB1F4 16CBF31ED99B35B28EE7A8538460BF923A1874BB D6EF563BA8F22FF4605CF9B7C233712C F96A1FA80A688EF057714B942FD188F33C0ECE3D 82301A60DC5C4D145C31932C37278B97 C51B3F4A0063E452042A8454DD61CF9D6AB453A7 AE61876CFD4F486C2FC3154703BE05BB A2E9071C14DA9566F020F8D2E581BD8A96C6DBD8 6A3914D8109EC8E02CE1CED5B5CD55AB 77E6209A24A2AD3ED04F67890F29CFE271C98C93 06888986F5FF284A80A140594C6C8D29 FD1AA8815FD01A7CFE926A1D8BE5240639823C76 D9B3BD84DCDFBF6B99CCF3EEC6819F63 BF415F817D92E08E47CCB0A24D4AB158ADCCF8A9 3EAD9426F7D6C51AC41A7BF0F65E529D DE7A626E56609A8AAC45E2C12DB925298A93C74E DF9E3CCD71D239A31828BA8A9A6DC4E6 7AC59C1501546304FDD199380D56C62819AEEF85 35DE4E7E9E13AEEA92424D05AC4D0308 DAC4D9C97ECCE6EA8058171F9076B8E3FE1F3B22 4EE0F0D8727FE80781761D30F8F36650 AE6E4E545DAB1645EA5453D1EAA2A89D406B6061 D13689C537F1F365247DFE37EE9D6739 D5F42806ECD6E3CB85F46A7EC75743FB5D02FECF 3FD958A37A84E7689071EAA0B9AEBE10 0 0 
$Wey<~Controls.464~>8C77639161522818CB2E3369968ADEBACF462925 203E3E1FE27E3204FDBF11DDA85B68B2 24 6443A2A57FC1F231F8DE696278D91212F14B51CF 35044506B80C622D5D1E261AFB911FE6 BE436CFCAE3DAD18F8BC4C82A5F73F7AC1358610 21E1AFDC8A32160293E06FF977B580ED 27E8BD1473719BA1ED3AFB8B9795B48EACB19E71 3D6C904134B1EA07AD04B1320DF0B99D 04F2D5DB75A1488DF63DC0A6FE11FC64C0F55805 53DCA129909FA1B1E67910C9DDA9C648 B0FE1DE807FCADAFAD99AF87D18482DF409A6368 A922CA5D2C83119A4C5D9CEA10B38E09 5D6A854CDBC6B2E3B50960714E1A19E3360BA2F0 3E32634B3DC00FB4A3DCA0C4E4B6ED1E 044ED03A92756EE48F1128ED9C031E557B644D96 53F73AE6D4947D2289E3CFD6074C56CE 7559D6CC0DA038D2EA99C99F49A7AA6F1EB844DA 2CC31C8E4F134DBBDAF653B0293625CE EF4ECEBD5C823A37D306C5D983DBACEEE93E8889 17309FED11D0B68B55E2AAAECCACEE4B B84E747987F2F1B785A05FA0C0630648F2D46C83 ADC11D3A753630127F1CCBE45DBB58BD D396FF02C666D0A91ABDEEFD78C4E8B9BCABBC27 57C5753DFFB83D87C704E17B880EB397 3A5FFDA02E578A709BFBAE838C4633FCCF3625AE 14379205D4503B28EA5F1FC4C8C2AD2C ABEAF3B62AC25761053472B9143D0503B46CCA56 78AE4AE46C00E96998B6F08D3C089676 55DA783EF04A1E6AC8BDE6FF2A389774FCF1889E F797D5BF854D309B577A8DE8C1AF98DD EE7F5474033770833759CE9B1B0B886B0C919783 633E4E415AE6725EA814D5D43CF5F78E 4E78807F6EF1C6821A157517AB162FE59FD72E07 B268D3A714E6017867448608371B2310 72A968BA8C56DF5AA01365B2E0AD064D0EED308C 0590CB63806C6076776DD558AFAB734F 07FAD4AB6A250C2429A28FDE716BDAE2D1B66293 E5F127DB037DEB539EBE25822B723DAC 59BC8351D008A3D1FE6E6650614B3C5CAFA99870 CF025015CA58AC3CAC51949F10831BB5 FE3411A3CCA8A6C0269B1BA752A2B504701A9FB6 F204F38F45C8B96DE3A952FE33E435AF 3B44723E0281FA5C56C20E4AD60BC59C073CBCC8 36C7952DD507E0B09234C0F0B0AAE030 F771BF1C67491BFE3EC97641E1FE1C684A373A46 80D08E57C34B8E3E02B008A2F9A1AE1E F7A6010E48E99A91CCE02CDE146D2EDA403D4005 347B83DF740F84FC969C079731D01E69 267FC8D39758CF66BC07CA9B0E8CCCD1396BF7C8 FBC49C7CDAA3A7C02D1C8FD2BA6BADD3 24 FF37C1EE430D96255C21DCEAC8DF02B23DC2930C C5D6D2862EB112C8CAE3326C0C168679 9203CD468D540D71BE2412FE8027EE44563FC41F 11891AABDB9FF83977239EA7C86F9E69 388170FD5DCE8A676225D4C013E4AF7331AB860A 6B68301EBD1CD6CF658885390C5ADDA0 072D9DE2197F785AA50EDCBCF593451271E714B8 36FE70758A2C988758BDB4C40979647E AE4F9350C47DC2F4130F2943CC9263BFB2A6F381 AB61E6ED90825C3C410DC9B7D1CB5601 94C0A9D37DF94998E6FCAE2F54D2F53DC03E682D 2155AFF5A00E54BE2C0C2179756DD039 D129E1D59C304DAC70A1576794D4E462442665FD 8E7364334AF66B4D5C6AA3444FD37035 CBE4F8AD30A3414DF070DD0812A2477E85DA164C 4D3264BE496DF073B4557DB49B1C1AC4 10FC1F3D3FF9D26A0E57E2B18CAAFEE7A01556B0 21BB367A4021A019570D1BB54C479D00 178AFE88ABE20482A7AE844C0F400AAA7A685AA8 79E2C68AA72CDE2B938BA3931D5E34EC FEF241D92EA6423C74040B5EE038364D8DF20AB1 F5BD3D1FFFC41B80FA696A07E5F32850 F701F914DF7E58F46999D2610B84DDB007009A43 289F22A24D187231D16359082F8016C0 820E2607354FBA430071F06649640D4F34C16FBE 9F7639FFC50DF8ECAE1A851809711D16 65477550BDAC3A3CFDD37314756772E4E62C59EA 22E3B5AEC4DDE6A05C0137641C065542 93AE6B287146482DB57BD97BF5EFA0FA67E75BC1 3971F9A103B55B3C0191F0EBFC481745 697DDD2E18927EDBEA0FE0A152D4B1E78D5274B6 F1CE77DC09D7B37F832C8A5DC1B6A3B9 C48A50F2CCA5A89A01713CD344865874013D0055 DFF7C34BE1F363DB2656D286D66E4A59 825CAA297BA560C543220C71D9D7799B0FC46866 659D75700DA5028C791B387B10FB1A50 1D95169DA95A130981632D7A072E1417150004A4 344FC63EBA45494172DB55D902052F68 0C8F8A47B80B48EA3A9147C183986F9C0D286166 1128BAAD349A4DDAD8CADFB28F8C5AD9 F465F99FEEC867FEE115B9C61E0966CFDEE28936 DA02A01E9BFA69FEE1DACBB3C07390A5 60B8B375CEC3D1263810D4C6C7AF5865B90DB9B7 CB7BF1C8D7F4706F1BE6BE6AD673E39F 6CFA1E8AAC20C4ECBFC5018FD648B969A710F250 FD415BD8C89924EA8E47254FA3CFF8A9 2FE2CA30230C2A5739BC1F196297DDB23FC423EF 307D3AE0C2E9B8C422401BFF1557430B 0 0 8B637F
$Alexey'a<~Controls.479~>6F8A4A382E559513A19B472426FAB5EA89095F90 58D390C83C95BD85CDF3709405BFDB8B 24 FB617AA02006A4099259E93B5C52E5F1DB847711 78C323EB530B294C9D576FC2C8D661E3 62B3C791956C88D012244C163DA66D9936BD65D4 A30B0AF5199A66020CD3855E1697F367 0D60BDEEB773798A8BD29BEF7F7E2D4D23F583FC 1A9924C2AD2CA547BFD42BF96137D2E3 F607DCE58A58E0DEAD6C77DBB958E32824140227 CEBBCFFE09738EF082FEE694E3130206 CA9B34842CF66D648868F7AFEF356D26D94666B7 DD3C92C02F10BE9169897C5EF5A87AB8 5B09683434A52B744B4B190E316322F66EA26DE2 5CD9C8DDA2F7C0083848922EA06F0AE6 E4E1869A978DBA8C645A09F6566AFCFB6458EEE7 5625489817AEA85404EC72CA746FC3E2 E4ED3988AB868F654346A432601BDCC4730508F6 151B0BE66C61C5671A6FBF0E9899BE41 74F6AF2EF5B4FE6DCC06E263B38428F2DBCDFE09 9FDAA447D90BD5AD1ECA11F722415179 D6FCF3F44DB2CA42FA0D50B74329F9F234EA8749 835D9082651625AC7757335FA844B15C 7CEFA74B31FB4CE664829F3565D9842E53FFBA61 D522E1959A2E07F7EA88CB9717BDB90C 02CE61665BB6E339353BEAD30CB1E0864CF0B85D 761784F67B43D14085D3918FC2454B8A 55011C63625BDA6CB5D88DFC0F11A6AA2E59FF09 983E702DB6DDAB3DBDF5579DBE31E0D8 6EEA72BFF23C7131FDC2CA8CBB39BAC1637327FB 80DE1ABA1547F1ABDAFBEF846C429E80 B588B76D1F7CC5FFA68D582FCDB53744AFAFE86E 8E357B063A3513E692A6436356B3B4F1 315DF36198B84E2472589054B7F1EAA67FAC229F 7AFB25F48BEB23D0F41729EB3EAF6E98 24FB16687579AAAA8AE24BE823B549A379522BA7 DF32C9436A087BC387EADA0E74824F77 545F36BF45063BEA6145C0393A3BEC9D234122CB FD0ED5C5A971BDCDB316B887681E0F8C 5A2CA4A6234356B03F8564332786EB409CD88CC3 BAF1A6DC3D1413615E4A52F97FC2A2A2 DC1D1A8C893BBD2C74EA24AA34E4FE2945037956 EAC5579A306BCC98D99617E429DEE61F 938335EF200588219739969424924561F86B49FA CF399F6EDC0165D3FD984E9933803CA9 5CB200A55B0CB46579C18995F69A59C5FE8A8061 E39D51705565EF67917FEAA359E7BDE0 C897E7CF76F0B7BF71ACACA745389E6F9668D8D0 D46B165A2739CA2CEE932E021F08D30B BCF22BFA1CC3FD5A6671141EB436CB7B3CF95394 CFB9511F416345D7E5286F61E01B28CD 24 65EE62AF9970B2421EAA8A201014551BFF12DA11 011E1BDD2F83D99AE013B8B9278D95E0 50337C1F28E4C0CFAA0B34F18FAB43AA45B6787A 5AC6C0EF8F2803FA4714FFF83CD5A950 8DE7344E41A39248FE6BC8CB7DF86FC314DE75D5 93C8FD37BD7CF64524CD0A57021F7B0F 801F1D39267564FB62D0AAA2D22CB24C1667DC08 72EEF677D053779C09359DC200C36F70 529D5A2E1F43AF70A7B93D2D4772391151F13757 4C828107CAD86C4731A0FA17BCF00944 761F765B38B0203E0530E131C8D251D007894709 CBDF6B950A4987A7E4C8D4564F19B46A 7F45930EA12D4399497FD0CFEC60A1137EE65A4B F1CCB7E80573C16D207A335C36EF508D 2569BD509AF4A3AB8F58357995E4B76A3B3BFB4D 5CDF328535ECEEED75C06A22650F2B53 5D9450CB2BF2CA13ACB0C9F2F4444C6FFC362720 CB71D92A5032231230C5C8BFA1A70D42 AAD8296565FC5AE860126E4E0FCBA434B960107E E0ED3493BD2BCDAABBB7A33A0FAE1068 DA9EEF9A233D7A6BD645B67A43E98AA54F4511F5 276EAECB43BB25F543691261077E38C4 248CCE80127FA55112853E5F9F7F378C02004996 56FCDA93035B47A09B7E209A2DEEB1F4 16CBF31ED99B35B28EE7A8538460BF923A1874BB D6EF563BA8F22FF4605CF9B7C233712C F96A1FA80A688EF057714B942FD188F33C0ECE3D 82301A60DC5C4D145C31932C37278B97 C51B3F4A0063E452042A8454DD61CF9D6AB453A7 AE61876CFD4F486C2FC3154703BE05BB A2E9071C14DA9566F020F8D2E581BD8A96C6DBD8 6A3914D8109EC8E02CE1CED5B5CD55AB 77E6209A24A2AD3ED04F67890F29CFE271C98C93 06888986F5FF284A80A140594C6C8D29 FD1AA8815FD01A7CFE926A1D8BE5240639823C76 D9B3BD84DCDFBF6B99CCF3EEC6819F63 BF415F817D92E08E47CCB0A24D4AB158ADCCF8A9 3EAD9426F7D6C51AC41A7BF0F65E529D DE7A626E56609A8AAC45E2C12DB925298A93C74E DF9E3CCD71D239A31828BA8A9A6DC4E6 7AC59C1501546304FDD199380D56C62819AEEF85 35DE4E7E9E13AEEA92424D05AC4D0308 DAC4D9C97ECCE6EA8058171F9076B8E3FE1F3B22 4EE0F0D8727FE80781761D30F8F36650 AE6E4E545DAB1645EA5453D1EAA2A89D406B6061 D13689C537F1F365247DFE37EE9D6739 D5F42806ECD6E3CB85F46A7EC75743FB5D02FECF 3FD958A37A84E7689071EAA0B9AEBE10 0 0 8A0618
$Alexey'a<~Controls.644~>361 <~Controls.645~><~Game.2035~> 0C3301
<Wey> looks good F86446
$Wey<~HighlightLabel.86~>359<~HighlightLabel.87~><~Game.2042~><~HighlightLabel.88~><~Game.2035~> AB128F
$Wey<~Scribe.141~>305 <~Scribe.142~><~Game.1957~><~Scribe.143~><~Game.1958~><~Scribe.144~> 2A36AB
$Wey<~Scribe.141~>080 <~Scribe.142~><~Game.1943~><~Scribe.143~><~Game.1955~><~Scribe.144~> B2B305
$Wey<~Controls.644~>359 <~Controls.645~><~Game.2035~> F1A09A
$Alexey'a<~Scribe.141~>360 <~Scribe.142~><~Game.2043~><~Scribe.143~><~Game.2035~><~Scribe.144~> 5A1295
$Alexey'a<~Scribe.141~>253 039 038 037 023 008 007 015 013 012 011 <~Scribe.142~><~Game.1928~><~Scribe.143~><~Game.1930~><~Scribe.144~> FA86ED
$Alexey'a<~Controls.644~>360 <~Controls.645~><~Game.2035~> 503A53
$Alexey'a<~Controls.757~>104 103 <~Controls.758~><~Game.1997~><~Controls.759~><~Game.2043~> F8F1DA
$Alexey'a<~Controls.762~>360 361 101 099 102 100 105 <~Controls.763~><~Game.2041~><~Controls.764~><~Game.2043~> 371B29
$Alexey'a<~Controls.509~>182<~Controls.510~><~Game.2006~><~Controls.511~><~Controls.46~> null
$Alexey'a<~Controls.509~>178<~Controls.510~><~Game.2007~><~Controls.511~><~Controls.46~> null
$Wey<~Controls.726~>358 <~Controls.727~><~Game.1997~><~Controls.728~><~Game.2042~> 983187
<~Game.7~>6 null
$Wey<~Controls.731~>359 212 213 210 <~Controls.732~><~Game.2039~><~Controls.733~><~Game.2042~> B8C556
$Wey<~Controls.509~>142<~Controls.510~><~Game.2004~><~Controls.511~><~Controls.45~> null
$Wey<~Controls.509~>146<~Controls.510~><~Game.2005~><~Controls.511~><~Controls.45~> null
<Wey> fp ok 6DCAC8
$Alexey'a<~Controls.372~>360 DF44E0
$Alexey'a<~Controls.345~>361 101 099 102 100 105 104 103 <~Controls.346~>15 13 14 14 12 15 13 13 null
$Alexey'a<~Controls.350~>361 101 099 102 100 105 104 103 null
$Wey<~Controls.345~>359 212 213 210 358 <~Controls.346~>2 3 4 0 3 null
$Wey<~HighlightLabel.86~>213<~HighlightLabel.87~><~Game.2042~><~HighlightLabel.88~><~Game.2035~> 46212F
$Wey<~Scribe.141~>080 <~Scribe.142~><~Game.1955~><~Scribe.143~><~Game.1969~><~Scribe.144~> AFAA31
$Wey<~Scribe.141~>305 <~Scribe.142~><~Game.1958~><~Scribe.143~><~Game.1956~><~Scribe.144~> FC540A
$Wey<~Scribe.141~>422 <~Scribe.142~><~Game.27~><~Scribe.143~><~Game.31~><~Scribe.144~> B1C146
$Wey<~Controls.644~>213 <~Controls.645~><~Game.2035~> B801AD
$Alexey'a<~Scribe.141~>100 <~Scribe.142~><~Game.2043~><~Scribe.143~><~Game.2035~><~Scribe.144~> BB1682
$Alexey'a<~Scribe.141~>253 039 038 037 023 008 007 012 011 <~Scribe.142~><~Game.1930~><~Scribe.143~><~Game.1951~><~Scribe.144~> 31D9D9
$Alexey'a<~Scribe.141~>055 044 <~Scribe.142~><~Game.1932~><~Scribe.143~><~Game.1938~><~Scribe.144~> F94DC8
$Alexey'a<~Controls.644~>100 <~Controls.645~><~Game.2035~> 0052E5
$Alexey'a<~Controls.819~> 8A887F
$Alexey'a<~Controls.819~> D42497
$Alexey'a<~Scribe.141~>034 033 <~Scribe.142~><~Game.1971~><~Scribe.143~><~Game.1977~><~Scribe.144~> DF7BCE
$Alexey'a<~Controls.644~>100 <~Controls.645~><~Game.2035~> 48F375
<Wey> good call DB0F77
<Wey> pass A612F9
$Alexey'a<~Scribe.141~>104 <~Scribe.142~><~Game.2043~><~Scribe.143~><~Game.2035~><~Scribe.144~> B29638
<Alexey'a> fg B9B703
<Alexey'a> dg 26CD6F
$Wey<~Scribe.141~>305 <~Scribe.142~><~Game.1956~><~Scribe.143~><~Game.21~><~Scribe.144~> 87AF2A
$Alexey'a<~Scribe.141~>253 039 038 037 023 008 007 012 011 <~Scribe.142~><~Game.1951~><~Scribe.143~><~Game.1956~><~Scribe.144~> 07E4A3
$Alexey'a<~Controls.644~>104 <~Controls.645~><~Game.2035~> A5DCEB
$Wey<~HighlightLabel.86~>358<~HighlightLabel.87~><~Game.2042~><~HighlightLabel.88~><~Game.2035~> 2895AF
$Wey<~Scribe.141~>275 <~Scribe.142~><~Game.2038~><~Scribe.143~><~Game.1931~><~Scribe.144~> 328E25
$Wey<~Controls.644~>358 <~Controls.645~><~Game.2035~> 8F58F1
$Alexey'a<~Scribe.141~>103 <~Scribe.142~><~Game.2043~><~Scribe.143~><~Game.2035~><~Scribe.144~> CB48F2
<Alexey'a> dg CFEFF8
$Alexey'a<~Controls.840~>178 24A931
<Wey> nc 5B7AB5
<auto><~Controls.866~>reveal 178 3444191AE2D0264C342277ACC0F3CC3AD8320FA4 23<~Controls.867~><~Controls.46~><~Controls.868~><~Game.2036~> 0A9A4F
<game> Alexey'a<~Controls.1~> 1 1 2 5 1 null
<game> Alexey'a<~Controls.1~> 5 1 6 4 5 null
<Alexey'a> 1 851CE1
<game> Wey<~Controls.1~> 3 null
$Wey<~Controls.296~>305 <~Controls.297~><~Game.21~> BEEDE0
$Alexey'a<~Controls.509~>171<~Controls.510~><~Game.2007~><~Controls.511~><~Controls.46~> null
$Alexey'a<~Controls.644~>103 178 <~Controls.645~><~Game.2035~> B1BA11
$Alexey'a<~Scribe.141~>422 <~Scribe.142~><~Game.31~><~Scribe.143~><~Game.29~><~Scribe.144~> 29BC29
$Wey<~HighlightLabel.86~>212<~HighlightLabel.87~><~Game.2042~><~HighlightLabel.88~><~Game.2035~> D0F33A
$Wey<~Scribe.141~>264 <~Scribe.142~><~Game.2038~><~Scribe.143~><~Game.1954~><~Scribe.144~> 516BB2
$Wey<~Controls.644~>212 <~Controls.645~><~Game.2035~> D5FDC0
$Alexey'a<~Scribe.141~>099 <~Scribe.142~><~Game.2043~><~Scribe.143~><~Game.2035~><~Scribe.144~> 6E976B
$Alexey'a<~CardBuffet.14~>reveal 182 F06CBBDFF12E9312428E40EE76EE783279E00893 9<~CardBuffet.15~><~Controls.46~><~CardBuffet.16~> 65CC70
$Alexey'a<~Scribe.141~>237 <~Scribe.142~><~Game.2046~><~Scribe.143~><~Game.2036~><~Scribe.144~> 635A70
$Alexey'a<~Controls.644~>099 182 237 <~Controls.645~><~Game.2035~> 6E028A
$Wey<~HighlightLabel.86~>210<~HighlightLabel.87~><~Game.2042~><~HighlightLabel.88~><~Game.2035~> FD6D9D
$Wey<~Controls.323~>247 D68CE5
$Wey<~Controls.644~>210 <~Controls.645~><~Game.2035~> 414CD9
$Alexey'a<~Scribe.141~>101 <~Scribe.142~><~Game.2043~><~Scribe.143~><~Game.2035~><~Scribe.144~> AE4371
$Alexey'a<~CardBuffet.14~>reveal 168 170EEA6E06FD3A65B5E16F2F4B8B36CCFF645102 17<~CardBuffet.15~><~Controls.46~><~CardBuffet.16~> 1F4B5F
$Alexey'a<~Controls.281~>239 <~Controls.282~><~Game.2046~><~Controls.283~><~Game.2045~> 7C6073
$Alexey'a<~Controls.644~>101 168 <~Controls.645~><~Game.2035~> AA880A
$Wey<~HighlightLabel.86~>359<~HighlightLabel.87~><~Game.2042~><~HighlightLabel.88~><~Game.2035~> D2DEBE
$Wey<~Controls.509~>135<~Controls.510~><~Game.2004~><~Controls.511~><~Controls.45~> null
$Wey<~Controls.644~>359 <~Controls.645~><~Game.2035~> EEAE8C
$Alexey'a<~Scribe.141~>102 <~Scribe.142~><~Game.2043~><~Scribe.143~><~Game.2035~><~Scribe.144~> BAC2CF
$Alexey'a<~CardBuffet.14~>reveal 196 6BF0DE4DD16437CD401B5C5AA1624562C3D1083D 21<~CardBuffet.15~><~Controls.46~><~CardBuffet.16~> 97C760
$Alexey'a<~Scribe.141~>326 <~Scribe.142~><~Game.2040~><~Scribe.143~><~Game.1920~><~Scribe.144~> 069D1B
$Alexey'a<~Controls.644~>102 196 <~Controls.645~><~Game.2035~> 3786BF
$Alexey'a<~Controls.757~>361 105 360 <~Controls.758~><~Game.1997~><~Controls.759~><~Game.2043~> D34C96
$Alexey'a<~Controls.762~>102 101 099 103 104 100 <~Controls.763~><~Game.2041~><~Controls.764~><~Game.2043~> E5FC0A
$Alexey'a<~Controls.509~>179<~Controls.510~><~Game.2006~><~Controls.511~><~Controls.46~> null
$Alexey'a<~Controls.509~>199<~Controls.510~><~Game.2007~><~Controls.511~><~Controls.46~> null
$Wey<~Controls.731~>359 210 212 358 213 <~Controls.732~><~Game.2039~><~Controls.733~><~Game.2042~> 2D7E7A
<~Game.7~>7 null
$Wey<~Controls.509~>126<~Controls.510~><~Game.2004~><~Controls.511~><~Controls.45~> null
$Wey<~Controls.509~>156<~Controls.510~><~Game.2005~><~Controls.511~><~Controls.45~> null
$Wey<~Controls.296~>154 <~Controls.297~><~Controls.45~> BA0151
$Wey<~Controls.296~>156 <~Controls.297~><~Controls.45~> 58719C
<Alexey'a> 1e 8B15F4
<Wey> fp ok 51CDDF
$Alexey'a<~Controls.372~>102 452CCE
$Alexey'a<~Controls.345~>101 099 103 104 100 361 105 360 <~Controls.346~>11 10 13 13 12 11 14 10 null
$Alexey'a<~Controls.350~>101 099 103 104 100 361 105 360 null
$Wey<~Controls.345~>359 210 212 358 213 <~Controls.346~>3 0 1 1 1 null
$Wey<~HighlightLabel.86~>212<~HighlightLabel.87~><~Game.2042~><~HighlightLabel.88~><~Game.2035~> A3C4ED
$Wey<~Controls.790~>248<~Controls.791~><~Game.2014~><~Controls.792~><~Game.2015~> BBC95E
$Wey<~Controls.795~>212<~Controls.796~><~Game.2035~><~Controls.797~><~Game.1997~> F22F87
<game> Alexey'a<~Controls.1~> 3 null
$Alexey'a<~Scribe.141~>360 <~Scribe.142~><~Game.2043~><~Scribe.143~><~Game.2035~><~Scribe.144~> 7C3756
$Alexey'a<~Scribe.141~>056 <~Scribe.142~><~Game.2040~><~Scribe.143~><~Game.1932~><~Scribe.144~> 09937B
$Alexey'a<~Controls.644~>360 <~Controls.645~><~Game.2035~> 6A8198
$Wey<~HighlightLabel.86~>213<~HighlightLabel.87~><~Game.2042~><~HighlightLabel.88~><~Game.2035~> 62AE0C
$Wey<~Controls.790~>248<~Controls.791~><~Game.2015~><~Controls.792~><~Game.2016~> 047FE6
$Wey<~Controls.795~>213<~Controls.796~><~Game.2035~><~Controls.797~><~Game.1997~> D1D4A2
<game> Alexey'a<~Controls.1~> 1 null
$Alexey'a<~Scribe.141~>099 <~Scribe.142~><~Game.2043~><~Scribe.143~><~Game.2035~><~Scribe.144~> A086C6
$Alexey'a<~CardBuffet.14~>reveal 171 709524DE3AE7CA94385D41116AA3AB385E1F2FBB 14<~CardBuffet.15~><~Controls.46~><~CardBuffet.16~> 70B3D8
$Alexey'a<~Scribe.141~>025 341 340 <~Scribe.142~><~Game.2040~><~Scribe.143~><~Game.1956~><~Scribe.144~> C84620
$Alexey'a<~Scribe.141~>030 342 339 <~Scribe.142~><~Game.2040~><~Scribe.143~><~Game.1922~><~Scribe.144~> 07B53F
$Alexey'a<~Controls.644~>099 171 <~Controls.645~><~Game.2035~> E01BEE
$Wey<~HighlightLabel.86~>358<~HighlightLabel.87~><~Game.2042~><~HighlightLabel.88~><~Game.2035~> 61E8F7
$Wey<~Controls.790~>248<~Controls.791~><~Game.2016~><~Controls.792~><~Game.2017~> 7DE92A
$Wey<~Controls.795~>358<~Controls.796~><~Game.2035~><~Controls.797~><~Game.1997~> 62593F
<game> Alexey'a<~Controls.1~> 1 null
$Alexey'a<~Scribe.141~>100 <~Scribe.142~><~Game.2043~><~Scribe.143~><~Game.2035~><~Scribe.144~> 59B90F
$Alexey'a<~Scribe.141~>056 055 044 <~Scribe.142~><~Game.1932~><~Scribe.143~><~Game.1938~><~Scribe.144~> B0846A
$Alexey'a<~Scribe.141~>253 039 038 037 025 341 340 023 008 007 012 011 <~Scribe.142~><~Game.1956~><~Scribe.143~><~Game.1961~><~Scribe.144~> 6D3E6D
$Alexey'a<~Controls.644~>100 <~Controls.645~><~Game.2035~> 3BC427
$Wey<~HighlightLabel.86~>359<~HighlightLabel.87~><~Game.2042~><~HighlightLabel.88~><~Game.2035~> 95A504
$Wey<~Scribe.141~>282 <~Scribe.142~><~Game.2038~><~Scribe.143~><~Game.1931~><~Scribe.144~> 2EAAC7
$Wey<~Scribe.141~>280 <~Scribe.142~><~Game.2038~><~Scribe.143~><~Game.1924~><~Scribe.144~> 498508
$Wey<~Controls.644~>359 <~Controls.645~><~Game.2035~> 0472F7
$Alexey'a<~Scribe.141~>361 <~Scribe.142~><~Game.2043~><~Scribe.143~><~Game.2035~><~Scribe.144~> AF9543
<Alexey'a> pel E15952
<Alexey'a> nc 8B33AA
<Wey> nc 6355D8
<game> Alexey'a<~Controls.1~> 2 6 2 null
<Alexey'a> 1 7BE1F7
<game> Wey<~Controls.1~> 2 4 2 null
<Wey> 0 23E6BA
<Alexey'a> press E81D45
$Wey<~Controls.304~>275 <~Controls.305~><~Game.1931~> 530D1E
$Wey<~Controls.313~>075 <~Controls.308~><~Controls.314~><~Game.1931~> BE98D4
$Wey<~Scribe.141~>075 282 078 <~Scribe.142~><~Game.1931~><~Scribe.143~><~Game.1924~><~Scribe.144~> 50B7ED
$Alexey'a<~Scribe.141~>056 055 044 <~Scribe.142~><~Game.1938~><~Scribe.143~><~Game.1931~><~Scribe.144~> E652F5
$Alexey'a<~Controls.644~>361 <~Controls.645~><~Game.2035~> 5B64D6
$Alexey'a<~Scribe.141~>423 <~Scribe.142~><~Game.32~><~Scribe.143~><~Game.33~><~Scribe.144~> 38A7DC
$Wey<~HighlightLabel.86~>210<~HighlightLabel.87~><~Game.2042~><~HighlightLabel.88~><~Game.2035~> B0C0C6
<Wey> DA from pel 9F804A
<Wey> nc 478B17
<Alexey'a> nc 0B466A
<game> Wey<~Controls.1~> 3 1 3 3 null
<game> Alexey'a<~Controls.1~> 1 1 1 6 null
<game> Alexey'a<~Controls.1~> 5 null
<Alexey'a> 2 C2C186
<Wey> press BD4619
<Alexey'a> stay AF4159
$Wey<~Controls.296~>078 282 <~Controls.297~><~Game.1924~> 3BC100
<Wey> nc A6EE7B
<Alexey'a> nc 79F209
<game> Wey<~Controls.1~> 1 5 null
<Wey> 1 1A4DFC
<game> Alexey'a<~Controls.1~> 4 1 6 1 null
<game> Alexey'a<~Controls.1~> 1 null
<Alexey'a> 1 CC0710
$Wey<~Controls.296~>280 <~Controls.297~><~Game.1924~> 24DA1D
<Wey> press 18A818
$Alexey'a<~Controls.304~>326 <~Controls.305~><~Game.1920~> 7A060F
$Alexey'a<~Controls.313~>332 <~Controls.307~><~Controls.314~><~Game.1920~> F3C1E6
<Alexey'a> nc 0C9535
<Wey> nc E7EA19
<game> Wey<~Controls.1~> 5 null
<game> Alexey'a<~Controls.1~> 6 5 6 1 null
<Wey> 1 B3AC88
<Alexey'a> 3 1C47A6
$Wey<~Controls.296~>075 <~Controls.297~><~Game.1924~> 88E0B6
$Alexey'a<~Scribe.141~>332 <~Scribe.142~><~Game.1920~><~Scribe.143~><~Game.2037~><~Scribe.144~> C0DDAA
$Alexey'a<~Controls.644~>210 332 <~Controls.645~><~Game.2035~> 80CF2B
$Alexey'a<~Scribe.141~>101 <~Scribe.142~><~Game.2043~><~Scribe.143~><~Game.2035~><~Scribe.144~> F81C76
$Alexey'a<~Scribe.141~>056 055 044 <~Scribe.142~><~Game.1931~><~Scribe.143~><~Game.1924~><~Scribe.144~> D2445D
$Alexey'a<~Scribe.141~>036 029 028 027 026 020 019 018 017 016 <~Scribe.142~><~Game.1959~><~Scribe.143~><~Game.1943~><~Scribe.144~> 30C6F3
$Alexey'a<~Scribe.141~>418 <~Scribe.142~><~Game.2040~><~Scribe.143~><~Game.1931~><~Scribe.144~> 1900F6
$Alexey'a<~Controls.644~>101 <~Controls.645~><~Game.2035~> 5FC052
$Alexey'a<~Scribe.141~>104 <~Scribe.142~><~Game.2043~><~Scribe.143~><~Game.2035~><~Scribe.144~> 6C835D
<Alexey'a> old road 0986C2
<Alexey'a> nc AD1EE1
<Wey> nc C2D221
<game> Alexey'a<~Controls.1~> 2 6 6 1 6 null
<game> Alexey'a<~Controls.1~> 2 5 null
<game> Wey<~Controls.1~> 1 null
$Wey<~Controls.296~>065 <~Controls.297~><~Game.1957~> A28494
$Alexey'a<~Scribe.141~>253 039 038 037 025 341 340 023 008 007 012 011 <~Scribe.142~><~Game.1961~><~Scribe.143~><~Game.1957~><~Scribe.144~> 2DAB73
$Alexey'a<~Controls.644~>104 <~Controls.645~><~Game.2035~> 9A0010
$Alexey'a<~Scribe.141~>103 <~Scribe.142~><~Game.2043~><~Scribe.143~><~Game.2035~><~Scribe.144~> BE19AD
<Alexey'a> wlr 780F7A
$Wey<~Scribe.141~>098 068 264 094 088 306 066 <~Scribe.142~><~Game.1954~><~Scribe.143~><~Game.1991~><~Scribe.144~> 137D30
$Alexey'a<~Scribe.141~>253 039 038 037 025 341 340 023 008 007 012 011 <~Scribe.142~><~Game.1957~><~Scribe.143~><~Game.1954~><~Scribe.144~> 078958
$Alexey'a<~Controls.644~>103 <~Controls.645~><~Game.2035~> 8C7F75
$Alexey'a<~Scribe.141~>105 <~Scribe.142~><~Game.2043~><~Scribe.143~><~Game.2035~><~Scribe.144~> BA6725
$Alexey'a<~CardBuffet.14~>reveal 199 1F58A314A4899BB1B432C53AFF3B1FDD030FD7D3 20<~CardBuffet.15~><~Controls.46~><~CardBuffet.16~> EC07B5
$Alexey'a<~Controls.304~>341 <~Controls.305~><~Game.1954~> E65DF1
$Alexey'a<~Controls.313~>035 <~Controls.309~><~Controls.314~><~Game.1954~> EF76C9
$Alexey'a<~Controls.304~>025 <~Controls.305~><~Game.1954~> 97CC1B
$Alexey'a<~Controls.313~>336 <~Controls.309~><~Controls.314~><~Game.1954~> DC4FF3
$Alexey'a<~Controls.644~>105 199 <~Controls.645~><~Game.2035~> 356B02
$Alexey'a<~Controls.757~>102 <~Controls.758~><~Game.1997~><~Controls.759~><~Game.2043~> 8DB643
$Alexey'a<~Controls.762~>105 103 104 101 361 100 099 360 <~Controls.763~><~Game.2041~><~Controls.764~><~Game.2043~> 6B48E1
$Alexey'a<~Controls.509~>208<~Controls.510~><~Game.2006~><~Controls.511~><~Controls.46~> null
$Alexey'a<~Controls.509~>190<~Controls.510~><~Game.2007~><~Controls.511~><~Controls.46~> null
$Wey<~Controls.726~>358 213 212 <~Controls.727~><~Game.1997~><~Controls.728~><~Game.2042~> 03DE46
<~Game.7~>8 null
$Wey<~Controls.731~>210 359 <~Controls.732~><~Game.2039~><~Controls.733~><~Game.2042~> 0F8752
$Wey<~Controls.509~>139<~Controls.510~><~Game.2004~><~Controls.511~><~Controls.45~> null
$Wey<~Controls.509~>129<~Controls.510~><~Game.2005~><~Controls.511~><~Controls.45~> null
$Wey<~Controls.296~>139 <~Controls.297~><~Controls.45~> 2659D3
$Wey<~Controls.296~>129 <~Controls.297~><~Controls.45~> 50345C
$Wey<~Scribe.141~>247 <~Scribe.142~><~Game.1967~><~Scribe.143~><~Game.524~><~Scribe.144~> B18AEF
$Wey<~Controls.323~>247 7F845B
$Wey<~Controls.323~>247 F8A7F9
$Wey<~Controls.281~>220 219 239 237 <~Controls.282~><~Game.2045~><~Controls.283~><~Game.2044~> 0B3ACE
$Alexey'a<~Controls.281~>220 <~Controls.282~><~Game.2045~><~Controls.283~><~Game.2044~> 1267F4
$Alexey'a<~Controls.372~>105 A38F04
$Alexey'a<~Controls.345~>103 104 101 361 100 099 360 102 <~Controls.346~>12 11 12 14 15 11 14 11 null
$Alexey'a<~Controls.350~>103 104 101 361 100 099 360 102 null
$Wey<~Controls.345~>210 359 358 213 212 <~Controls.346~>1 2 2 0 3 null
$Wey<~HighlightLabel.86~>212<~HighlightLabel.87~><~Game.2042~><~HighlightLabel.88~><~Game.2035~> 6B8098
$Wey<~Scribe.141~>273 <~Scribe.142~><~Game.2038~><~Scribe.143~><~Game.1944~><~Scribe.144~> 9D2B98
$Wey<~Controls.644~>212 <~Controls.645~><~Game.2035~> 7B97C2
$Alexey'a<~Scribe.141~>099 <~Scribe.142~><~Game.2043~><~Scribe.143~><~Game.2035~><~Scribe.144~> B61416
$Alexey'a<~Scribe.141~>056 055 044 <~Scribe.142~><~Game.1924~><~Scribe.143~><~Game.1920~><~Scribe.144~> 56CDF3
$Alexey'a<~Scribe.141~>017 <~Scribe.142~><~Game.1943~><~Scribe.143~><~Game.1935~><~Scribe.144~> EE31CC
$Alexey'a<~Scribe.141~>415 <~Scribe.142~><~Game.2040~><~Scribe.143~><~Game.1924~><~Scribe.144~> 6F1A2C
$Alexey'a<~Controls.644~>099 <~Controls.645~><~Game.2035~> 78E623
$Wey<~HighlightLabel.86~>210<~HighlightLabel.87~><~Game.2042~><~HighlightLabel.88~><~Game.2035~> 1B68C6
$Wey<~Controls.790~>247<~Controls.791~><~Game.524~><~Controls.792~><~Game.525~> 30D518
$Wey<~Controls.795~>210<~Controls.796~><~Game.2035~><~Controls.797~><~Game.1997~> 15CCDC
$Alexey'a<~Controls.624~>225<~Controls.625~><~Game.2044~><~Controls.626~><~Game.2037~> null
$Wey<~Controls.296~>246 <~Controls.297~><~Game.1999~> 0C5337
$Wey<~Controls.296~>245 <~Controls.297~><~Game.1998~> 4457DC
$Wey<~Scribe.141~>364 <~Scribe.142~><~Game.2038~><~Scribe.143~><~Game.1999~><~Scribe.144~> 99285C
$Wey<~Controls.644~>225 <~Controls.645~><~Game.2035~> C45279
$Alexey'a<~Controls.644~><~Controls.645~><~Game.2035~> 76FF58
$Alexey'a<~Scribe.141~>101 <~Scribe.142~><~Game.2043~><~Scribe.143~><~Game.2035~><~Scribe.144~> C1B1FA
<Alexey'a> wlr C0DC41
$Alexey'a<~Controls.840~>179 21287B
<Wey> nc 629AF2
<auto><~Controls.866~>reveal 179 5D99166ABEE89929287DFE345199F24AAD4A7932 5<~Controls.867~><~Controls.46~><~Controls.868~><~Game.2036~> 24802A
<game> Alexey'a<~Controls.1~> 6 6 3 5 5 null
<game> Alexey'a<~Controls.1~> 2 5 1 null
<Alexey'a> 2 86256C
<game> Wey<~Controls.1~> 6 3 6 1 1 null
<game> Wey<~Controls.1~> 6 4 null
<Wey> 3 ECBD43
$Alexey'a<~Scribe.141~>012 007 008 <~Scribe.142~><~Game.1954~><~Scribe.143~><~Game.2036~><~Scribe.144~> E99118
$Wey<~Controls.296~>264 <~Controls.297~><~Game.1991~> FD2386
<Alexey'a> press 130FD6
$Alexey'a<~Controls.304~>336 <~Controls.305~><~Game.1954~> 499B1A
$Alexey'a<~Controls.313~>025 <~Controls.307~><~Controls.314~><~Game.1954~> 9258B5
$Alexey'a<~Controls.509~>191<~Controls.510~><~Game.2006~><~Controls.511~><~Controls.46~> null
$Alexey'a<~Controls.662~>179 012 007 008 <~Controls.663~><~Game.2035~> 34F853
$Alexey'a<~Controls.840~>191 F0BD4C
<Wey> nc AB0D7C
<auto><~Controls.866~>reveal 191 8FE9DFBD524DCC9FB5EB8EE7C52477FF1A454A12 13<~Controls.867~><~Controls.46~><~Controls.868~><~Game.2036~> 0F9036
<game> Alexey'a<~Controls.1~> 4 4 2 1 3 null
<game> Alexey'a<~Controls.1~> 4 6 5 3 3 null
<Alexey'a> 1 + leader 1032F0
<game> Wey<~Controls.1~> 3 6 1 6 null
<game> Wey<~Controls.1~> 3 4 null
<Wey> 2 8A5697
$Alexey'a<~Scribe.141~>035 <~Scribe.142~><~Game.1954~><~Scribe.143~><~Game.2036~><~Scribe.144~> ED8989
$Alexey'a<~Scribe.141~>035 <~Scribe.142~><~Game.2036~><~Scribe.143~><~Game.1954~><~Scribe.144~> 832D50
$Wey<~Controls.304~>094 <~Controls.305~><~Game.1991~> 582FE9
$Wey<~Controls.313~>269 <~Controls.308~><~Controls.314~><~Game.1991~> A59DDA
$Wey<~Controls.296~>098 <~Controls.297~><~Game.1991~> 6B746A
$Alexey'a<~Scribe.141~>023 011 <~Scribe.142~><~Game.1954~><~Scribe.143~><~Game.2036~><~Scribe.144~> ACC541
$Alexey'a<~Controls.644~>101 191 023 011 <~Controls.645~><~Game.2035~> F458AC
<Wey> pass A67B6A
$Alexey'a<~Scribe.141~>103 <~Scribe.142~><~Game.2043~><~Scribe.143~><~Game.2035~><~Scribe.144~> 638CA0
$Alexey'a<~Scribe.141~>030 342 339 010 009 <~Scribe.142~><~Game.1922~><~Scribe.143~><~Game.1934~><~Scribe.144~> CA840C
$Alexey'a<~Scribe.141~>357 054 052 051 050 <~Scribe.142~><~Game.1965~><~Scribe.143~><~Game.1970~><~Scribe.144~> 28ED03
$Alexey'a<~Controls.644~>103 <~Controls.645~><~Game.2035~> 30F021
<Wey> pass 2D2A1E
$Alexey'a<~Scribe.141~>102 <~Scribe.142~><~Game.2043~><~Scribe.143~><~Game.2035~><~Scribe.144~> 857970
$Alexey'a<~Scribe.141~>030 342 339 010 009 <~Scribe.142~><~Game.1934~><~Scribe.143~><~Game.1941~><~Scribe.144~> 65D879
$Alexey'a<~Scribe.141~>357 054 052 051 050 053 <~Scribe.142~><~Game.1970~><~Scribe.143~><~Game.1954~><~Scribe.144~> 96B0F2
$Alexey'a<~Controls.644~>102 <~Controls.645~><~Game.2035~> 957E9A
$Wey<~HighlightLabel.86~>358<~HighlightLabel.87~><~Game.2042~><~HighlightLabel.88~><~Game.2035~> D5EB7A
$Wey<~Scribe.141~>reveal 141 0CD13B5E74F53848849323EEE65017ABCAE7D9CC 10 <~Scribe.142~><~Controls.45~><~Scribe.143~><~Game.2029~><~Scribe.144~> 4EF5C6
$Wey<~Controls.644~>358 <~Controls.645~><~Game.2035~> 32013C
$Alexey'a<~Scribe.141~>104 <~Scribe.142~><~Game.2043~><~Scribe.143~><~Game.2035~><~Scribe.144~> D3F1AC
<Alexey'a> WLR C65BBE
<Wey> forgot about it lol E042A3
$Alexey'a<~Controls.840~>190 617CA6
$Wey<~Controls.840~>146 DE7B32
<auto> playchosen 7F2D19
<auto><~Controls.3~>reveal 146 F2CA9897F1C6BF2CD20F79D92A07E149F2274D61 21<~Controls.884~><~Controls.45~><~Controls.885~><~Game.2037~> 829122
<auto><~Controls.866~>reveal 190 AE45538FD5D22971C0190C810FA07D14BE452A1D 4<~Controls.867~><~Controls.46~><~Controls.868~><~Game.2036~> 1D5DB6
<auto> playchosen 9C4292
<game> Alexey'a<~Controls.1~> 3 2 1 null
<game> Alexey'a<~Controls.1~> 2 1 4 null
<Alexey'a> 0 B7D909
<game> Wey<~Controls.1~> 3 4 6 3 null
<game> Wey<~Controls.1~> 4 null
<Wey> 1 EA80A5
$Alexey'a<~Scribe.141~>051 053 050 340 025 <~Scribe.142~><~Game.1954~><~Scribe.143~><~Game.2036~><~Scribe.144~> 97A11B
<game> Alexey'a<~Controls.1~> 3 3 3 1 null
<Wey> ouch EB8733
<Alexey'a> press 42F79C
$Alexey'a<~Controls.304~>035 <~Controls.305~><~Game.1954~> FAA29B
$Alexey'a<~Controls.313~>023 <~Controls.307~><~Controls.314~><~Game.1954~> 2FD4D9
$Alexey'a<~Controls.509~>187<~Controls.510~><~Game.2007~><~Controls.511~><~Controls.46~> null
$Alexey'a<~Controls.662~>190 051 053 050 340 025 146 <~Controls.663~><~Game.2035~> E3CE93
$Alexey'a<~Controls.840~>158 84F946
<Wey> nc 89494F
<auto><~Controls.866~>reveal 158 9AC5FB86F2B8B21E4F13036D855894BDC1DA9E0C 21<~Controls.867~><~Controls.46~><~Controls.868~><~Game.2036~> 3CF555
<game> Alexey'a<~Controls.1~> 3 5 2 4 null
<game> Alexey'a<~Controls.1~> 5 3 1 null
<Alexey'a> 1 FF4314
<game> Wey<~Controls.1~> 3 2 1 4 null
<game> Wey<~Controls.1~> 2 null
$Wey<~Controls.296~>088 <~Controls.297~><~Game.1991~> 1C9EDD
$Alexey'a<~Controls.644~>104 158 <~Controls.645~><~Game.2035~> 9D61A5
$Wey<~HighlightLabel.86~>213<~HighlightLabel.87~><~Game.2042~><~HighlightLabel.88~><~Game.2035~> 6E5664
$Wey<~Controls.790~>247<~Controls.791~><~Game.525~><~Controls.792~><~Game.528~> 18ACBB
$Wey<~Controls.795~>213<~Controls.796~><~Game.2035~><~Controls.797~><~Game.1997~> 6EE218
$Alexey'a<~Controls.624~>214<~Controls.625~><~Game.2044~><~Controls.626~><~Game.2037~> null
$Alexey'a<~Controls.644~>214 <~Controls.645~><~Game.2035~> 9B2C81
$Alexey'a<~Scribe.141~>360 <~Scribe.142~><~Game.2043~><~Scribe.143~><~Game.2035~><~Scribe.144~> B958DA
$Alexey'a<~CardBuffet.14~>reveal 187 323A7B3DDDB6D0802AF7538D1B8B3AB1536B178D 1<~CardBuffet.15~><~Controls.46~><~CardBuffet.16~> 6BEE1E
$Alexey'a<~Scribe.141~>030 342 339 010 009 <~Scribe.142~><~Game.1941~><~Scribe.143~><~Game.1954~><~Scribe.144~> 5AC717
$Alexey'a<~Scribe.141~>000 <~Scribe.142~><~Game.1914~><~Scribe.143~><~Game.1919~><~Scribe.144~> 8B5B91
$Alexey'a<~Controls.644~>360 187 <~Controls.645~><~Game.2035~> 1B4132
$Alexey'a<~Scribe.141~>017 <~Scribe.142~><~Game.1935~><~Scribe.143~><~Game.1943~><~Scribe.144~> 7FE754
$Alexey'a<~Scribe.141~>414 <~Scribe.142~><~Game.2040~><~Scribe.143~><~Game.1935~><~Scribe.144~> D51209
$Alexey'a<~Controls.819~> B1EFF6
$Alexey'a<~Controls.819~> D801AD
<Wey> all good? 418481
<Alexey'a> yes 789A8C
$Wey<~HighlightLabel.86~>359<~HighlightLabel.87~><~Game.2042~><~HighlightLabel.88~><~Game.2035~> 44423D
$Wey<~Controls.366~>251<~Controls.367~><~Game.2010~><~Controls.368~><~Game.2011~> 94B553
$Wey<~Controls.790~>247<~Controls.791~><~Game.528~><~Controls.792~><~Game.529~> 2DB0F7
$Wey<~Controls.795~>359<~Controls.796~><~Game.2035~><~Controls.797~><~Game.1997~> 9150E8
$Alexey'a<~Controls.624~>222<~Controls.625~><~Game.2044~><~Controls.626~><~Game.2037~> null
$Wey<~Scribe.141~>252 <~Scribe.142~><~Game.2015~><~Scribe.143~><~Game.2019~><~Scribe.144~> 070EC8
$Wey<~Controls.323~>247 211EA4
$Wey<~Controls.644~>222 <~Controls.645~><~Game.2035~> 767C3A
$Alexey'a<~Scribe.141~>361 <~Scribe.142~><~Game.2043~><~Scribe.143~><~Game.2035~><~Scribe.144~> 571A8A
$Alexey'a<~Scribe.141~>reveal 194 10115B02D277B2DAB4555EF1E6B1EC880E930A64 16 <~Scribe.142~><~Controls.46~><~Scribe.143~><~Game.2032~><~Scribe.144~> 98CAF2
$Alexey'a<~Controls.840~>208 D94B9B
<auto><~Controls.866~>reveal 208 9BE8F46DA84F870E4C571AD422F283B72D624EC5 0<~Controls.867~><~Controls.46~><~Controls.868~><~Game.2036~> 4E6F12
<game> Alexey'a<~Controls.1~> 1 1 3 3 6 null
<game> Alexey'a<~Controls.1~> 1 4 1 3 null
<Alexey'a> 1 9E7D5D
<game> Wey<~Controls.1~> 3 5 2 null
<game> Wey<~Controls.1~> 3 null
<Wey> 1 66B29F
$Wey<~Controls.296~>269 <~Controls.297~><~Game.1991~> 62578F
$Alexey'a<~Scribe.141~>010 <~Scribe.142~><~Game.1954~><~Scribe.143~><~Game.2037~><~Scribe.144~> 9CD852
$Alexey'a<~Scribe.141~>194 <~Scribe.142~><~Game.2032~><~Scribe.143~><~Game.2033~><~Scribe.144~> 7F0839
$Alexey'a<~Controls.509~>177<~Controls.510~><~Game.2006~><~Controls.511~><~Controls.46~> null
$Alexey'a<~Controls.662~>208 010 <~Controls.663~><~Game.2035~> FD946D
<Alexey'a> nc 249BE1
<Wey> nc BF0B58
<game> Alexey'a<~Controls.1~> 3 4 3 2 3 null
<game> Alexey'a<~Controls.1~> 2 4 6 4 4 null
<Alexey'a> 1 C530D9
<game> Wey<~Controls.1~> 3 5 null
<game> Wey<~Controls.1~> 4 null
<Wey> 1 97D72C
$Alexey'a<~Scribe.141~>339 <~Scribe.142~><~Game.1954~><~Scribe.143~><~Game.2036~><~Scribe.144~> 8E63CB
$Wey<~Controls.296~>066 <~Controls.297~><~Game.1991~> 3A608B
$Alexey'a<~Scribe.141~>194 <~Scribe.142~><~Game.2033~><~Scribe.143~><~Game.2034~><~Scribe.144~> 32F187
<Alexey'a> nc AF92EA
$Alexey'a<~Controls.662~>339 <~Controls.663~><~Game.2035~> E16C9D
<Wey> nc 0F714F
<game> Alexey'a<~Controls.1~> 3 6 4 3 1 null
<game> Alexey'a<~Controls.1~> 5 5 4 2 null
<Alexey'a> 1 2AB9C7
<game> Wey<~Controls.1~> 6 null
<Wey> 1 7A87BD
$Wey<~Controls.296~>068 306 <~Controls.297~><~Game.1991~> 40FE93
$Alexey'a<~Scribe.141~>009 <~Scribe.142~><~Game.1954~><~Scribe.143~><~Game.2036~><~Scribe.144~> 19DAC4
$Alexey'a<~Scribe.141~>194 <~Scribe.142~><~Game.2034~><~Scribe.143~><~Game.2037~><~Scribe.144~> 9BB517
$Alexey'a<~Controls.644~>361 009 194 <~Controls.645~><~Game.2035~> B9CBE0
$Wey<~Scribe.141~>411 <~Scribe.142~><~Game.2040~><~Scribe.143~><~Game.1941~><~Scribe.144~> AD3749
$Alexey'a<~Controls.757~>100 105 <~Controls.758~><~Game.1997~><~Controls.759~><~Game.2043~> EAB881
$Alexey'a<~Controls.762~>361 360 104 102 103 101 099 <~Controls.763~><~Game.2041~><~Controls.764~><~Game.2043~> 14D292
$Alexey'a<~Controls.509~>173<~Controls.510~><~Game.2006~><~Controls.511~><~Controls.46~> null
$Alexey'a<~Controls.509~>172<~Controls.510~><~Game.2007~><~Controls.511~><~Controls.46~> null
$Wey<~Controls.509~>157<~Controls.510~><~Game.2004~><~Controls.511~><~Controls.45~> null
$Wey<~Controls.509~>119<~Controls.510~><~Game.2005~><~Controls.511~><~Controls.45~> null
$Alexey'a<~Scribe.141~>423 <~Scribe.142~><~Game.33~><~Scribe.143~><~Game.389~><~Scribe.144~> D35FB2
$Wey<~Controls.726~>359 213 210 <~Controls.727~><~Game.1997~><~Controls.728~><~Game.2042~> CBFABC
<~Game.7~>9 null
$Wey<~Controls.731~>358 212 <~Controls.732~><~Game.2039~><~Controls.733~><~Game.2042~> 4C6788
$Alexey'a<~Scribe.141~>413 <~Scribe.142~><~Game.2040~><~Scribe.143~><~Game.1954~><~Scribe.144~> 022AB0
<Wey> fp ok D032AB
$Alexey'a<~Controls.372~>361 C8B983
$Alexey'a<~Controls.345~>360 104 102 103 101 099 100 105 <~Controls.346~>10 14 14 13 14 10 11 11 null
$Alexey'a<~Controls.350~>360 104 102 103 101 099 100 105 null
$Wey<~Controls.345~>358 212 359 213 210 <~Controls.346~>1 1 1 1 1 null
<Wey> lol 390117
$Wey<~HighlightLabel.86~>212<~HighlightLabel.87~><~Game.2042~><~HighlightLabel.88~><~Game.2035~> FBFEAA
$Wey<~Controls.323~>247 0FF664
$Wey<~Controls.644~>212 <~Controls.645~><~Game.2035~> 492D16
$Alexey'a<~Scribe.141~>102 <~Scribe.142~><~Game.2043~><~Scribe.143~><~Game.2035~><~Scribe.144~> 021992
<Wey> guess i'm moving F00C7D
$Alexey'a<~CardBuffet.14~>reveal 177 2F0F3053CB8550B376C4D3F7EED48DDCB879B4C8 3<~CardBuffet.15~><~Controls.46~><~CardBuffet.16~> CF2813
$Alexey'a<~Controls.281~>236 <~Controls.282~><~Game.2046~><~Controls.283~><~Game.2044~> C2B345
<Alexey'a> guess you win 2EDBE4
$Alexey'a<~Controls.644~>102 177 <~Controls.645~><~Game.2035~> 88EAA8
$Wey<~HighlightLabel.86~>210<~HighlightLabel.87~><~Game.2042~><~HighlightLabel.88~><~Game.2035~> DD45BF
$Wey<~Controls.790~>247<~Controls.791~><~Game.529~><~Controls.792~><~Game.532~> 48B8FA
$Wey<~Controls.795~>210<~Controls.796~><~Game.2035~><~Controls.797~><~Game.1997~> 7CDC19
$Alexey'a<~Controls.624~>224<~Controls.625~><~Game.2044~><~Controls.626~><~Game.2037~> null
$Wey<~Scribe.141~>252 <~Scribe.142~><~Game.2019~><~Scribe.143~><~Game.2020~><~Scribe.144~> 6365AC
$Wey<~Controls.644~>224 <~Controls.645~><~Game.2035~> 57D828
$Alexey'a<~Scribe.141~>101 <~Scribe.142~><~Game.2043~><~Scribe.143~><~Game.2035~><~Scribe.144~> 1F9D2C
$Alexey'a<~Controls.509~>202<~Controls.510~><~Game.2006~><~Controls.511~><~Controls.46~> null
$Alexey'a<~Controls.644~>101 <~Controls.645~><~Game.2035~> 841488
$Wey<~HighlightLabel.86~>213<~HighlightLabel.87~><~Game.2042~><~HighlightLabel.88~><~Game.2035~> EEB1D3
$Wey<~Controls.790~>247<~Controls.791~><~Game.532~><~Controls.792~><~Game.533~> 6B623A
$Wey<~Controls.795~>213<~Controls.796~><~Game.2035~><~Controls.797~><~Game.1997~> 7919EB
$Alexey'a<~Controls.624~>239<~Controls.625~><~Game.2044~><~Controls.626~><~Game.2037~> null
$Wey<~Scribe.141~>141 <~Scribe.142~><~Game.2029~><~Scribe.143~><~Game.2036~><~Scribe.144~> 1C0A3D
$Wey<~Scribe.141~>239 <~Scribe.142~><~Game.2037~><~Scribe.143~><~Game.2034~><~Scribe.144~> DB28A8
$Alexey'a<~Controls.624~>215<~Controls.625~><~Game.2044~><~Controls.626~><~Game.2037~> null
<Alexey'a> gg 4A26C8
<Wey> gg 3CAC9A
<Wey> you prob would have won if you didn't have to recapture dg 8E2420
<Alexey'a> ye 9D17F2
<~Talker.22~> null
