<auto> silent null
<auto><~Scribe.141~>363 397 398 402 401 400 399 403 404 376 375 374 373 377 378 <~Scribe.142~><~Game.2038~><~Scribe.143~>Spare<~Scribe.144~> null
<auto><~Scribe.141~>365 366 379 380 381 382 383 384 385 386 387 388 389 390 391 392 393 394 395 396 367 368 369 370 371 372 <~Scribe.142~><~Game.2040~><~Scribe.143~>Spare<~Scribe.144~> null
<auto><~Scribe.141~>230 231 <~Scribe.142~><~Game.2044~><~Scribe.143~>Spare<~Scribe.144~> null
<auto><~Scribe.141~>155 152 <~Scribe.142~><~Game.2004~><~Scribe.143~>Spare<~Scribe.144~> null
<auto><~Scribe.141~>137 151 <~Scribe.142~><~Game.2005~><~Scribe.143~>Spare<~Scribe.144~> null
<auto><~Scribe.141~>161 198 <~Scribe.142~><~Game.2006~><~Scribe.143~>Spare<~Scribe.144~> null
<auto><~Scribe.141~>163 188 <~Scribe.142~><~Game.2007~><~Scribe.143~>Spare<~Scribe.144~> null
<auto><~Controls.323~>364 null
<auto> noisy null
<auto> silent null
<auto><~Scribe.141~>312 <~Scribe.142~><~Game.2038~><~Scribe.143~><~Game.1965~><~Scribe.144~> null
<auto> noisy null
<~Game.7~>1 null
<auto> silent null
<auto><~Scribe.141~>363 397 398 402 401 400 399 403 404 376 375 374 373 377 378 <~Scribe.142~><~Game.2038~><~Scribe.143~>Spare<~Scribe.144~> null
<auto><~Scribe.141~>365 366 379 380 381 382 383 384 385 386 387 388 389 390 391 392 393 394 395 396 367 368 369 370 371 372 <~Scribe.142~><~Game.2040~><~Scribe.143~>Spare<~Scribe.144~> null
<auto><~Scribe.141~>230 231 <~Scribe.142~><~Game.2044~><~Scribe.143~>Spare<~Scribe.144~> null
<auto><~Scribe.141~>155 152 <~Scribe.142~><~Game.2004~><~Scribe.143~>Spare<~Scribe.144~> null
<auto><~Scribe.141~>137 151 <~Scribe.142~><~Game.2005~><~Scribe.143~>Spare<~Scribe.144~> null
<auto><~Scribe.141~>161 198 <~Scribe.142~><~Game.2006~><~Scribe.143~>Spare<~Scribe.144~> null
<auto><~Scribe.141~>163 188 <~Scribe.142~><~Game.2007~><~Scribe.143~>Spare<~Scribe.144~> null
<auto><~Controls.323~>364 null
<auto> noisy null
$base silent null
$TEST<~Scribe.141~>312 <~Scribe.142~><~Game.2038~><~Scribe.143~><~Game.1965~><~Scribe.144~> null
$base noisy null
<game> Alexey'a<~Controls.408~>[WOTR-Gandalf2 wotr base2] null
<~Talker.31~> null
<kapcerz> hi! 
<Alexey'a> hi 
<kapcerz> wanna do 2 tokens 1 ring? 
<Alexey'a> 3 tokens for fp 
<Alexey'a> only like that 
<kapcerz> ok, it works 
<Alexey'a> who higher sp 
<game> Alexey'a<~Controls.1~> 4 null
<game> kapcerz<~Controls.1~> 6 null
<Alexey'a> gl 
$Alexey'a<~Controls.464~>81C32AFFE2FF5C060A605BA22BD3BD96A7A71650 1FEDD98FECB44EA8AE1E295A5D2A0974 24 0A36EA90FAEA0F624C3486E87E621C09FFC064C5 4B711943EC9450C916B3958B77C87C15 5C0E22C958B3AE2A57D5FA74CC4D52B81A68E3BE 499FBC9D8B9C7A2FF2B4CD85299F6DA9 40B18719BD84BDD94D8CB17C6B087D4D7F04BAE7 5489CCD58344EA129D6C31A23CE97CFE 5F5A89663E78A239A85A5C3A060FB59266C789E1 D2FBA71CE40BCCF41B392897C5E36C2A FC901992CF5BFB783FD03D7F24D9EC37FA944E41 DB8BD075493E652939AC4CD67421616D DA071D305B5B568344840D1AA6C9AA9C1034B0CD FC899BED4C6937E0F2C4FBBD293F8086 9D1E8E52117EBB92CF181BB801A28541AF47136A 37DDB8BA3B35E1F213ECB28FCCCD232A F282F2A73256565E1C7BFF983E15EA42FC2BD03C 4E0A1E040B9567FD22973E555D853C5F 9C8AFA1D03211C4498EB851B51A3CEF46E283943 40EB03198C81CDCD7CB5756249155EF5 DF59FCBDFC660C033D4152BCD2F8321C72F03BEB 13DB8936DEB38F74BC4B5CFE00264798 C27F058F39F37EA2F02176B998AC047DDD9A6D0E D45979D62313FD3E63E149A7C35FEFA5 303A23CCB36889F1CE10D4706FCA9F8DC04314BA DC6CD19075C9BBAEB5A456F0C28A6E52 1873E574AC9210D72AF1D5BD81E5EC30E8EC385E 543F71F61A345652E1681CDD651CAD9E 877A3CDC47D120FD1751BA2A69BB56C1A93FAF12 FAC6AD5AF622AAE864E20602E9C5FF94 89E8E5945D7E467FC7CEF12872ADF7432167F0CD 2471162C401BC8D7AEC5404D2FD8D456 6A3F6876D16234E5D6E79C2DE9B4015B8477DA54 051C696E7891770E04AC01DDD090B311 77040DD65B270A3AFBC0D19754DC6E5DED9D7E20 2EE0F5D0984E7071A8E2DA7574A43A8D 8583C1B58407D7215D76370043823B2B47E57BA5 576EB7318974A8F93888DF34649ACCE0 7E4D2EA94F4205F0DBF3AAA2721900558FDEE6D2 60056D96D8D5195B539C66D05CCD6D03 E3AA63CD5B4CC2AC6E829912004CD715DF8910DF 92444F7EA994581282E5EBD4A525416C 3985407892B4AA747C0F7143596655F28712665F 295EC928EB3C80EE54D17EA463E04D4B 41F379FD899B33F7DF9AD72BF93762E116786D3C 166E340CCDCD9BE3CAB27CD42BF80902 B3A95BD97032840BE66A1860C647363CFC728C44 00F92A436F66002BF50246B9D802CA46 05488331CA114DFFCF522F21EAF3A40736BA1F5D 8CD7E67BDC89596ADD8774489F98F0AE 24 A2CB6656B7C60439FB66B059EF45C47A45E1BC4C DD117CC3382EA1F2A58512E25F98C476 CBABFA2A961F730CC6B7CC2EBB265C3DE4C30D27 5E6FE7F2350B2DC5EC5DB1563DDD7614 ACD22E1FAA1EBD2717E53F62FF90CF933B1FD44B BEBE0F26CBDB9D41754140957039551B D7D626F90D46328032D1AF08995D01D5E1A3EEF3 3C1A45592887147309D869A659CAB1E5 E7E8BD79BAA62223F00DAAD3269239AF33D4BF65 24ACB970E464DC609B024AF6D6F9E274 6BBDEBC7E3D6C8B98B867381617D797532B8912E 98B723AB7810F97DAD1BBBC6D6C03198 D9A0A36FB7848AFF8CF2A1259D50ABB3DB0E865D 93E970FDF07FF9F6F3598CFE30FFD02A 17D5DDBBD6BE2C6AB506C2D499E8ABE74CB42DDE 2B366F7DE05159C53539E94AB0FC519F B3694303D4FFC82DBBD151EA3E87AD6FD73225F6 15C6CFC49486D4E6790D54BA7367B7F9 7D696AC7D615DAD13F5DBE224AA40AF063864D10 6EB82CC98A18A11C6024140A74638939 6D27B9DEBFB3BFC0DBDC3BEBC8BAB47193F5F251 B8BC02C12428C51DD0181AE2667F6250 A79B1CF7D96C7130D5ABA54B59145D373B975E42 22C91B4D99AEF717D33C6326C3A29670 916D427C7A102B35FCCF5C884F9B6006F8EB5D30 0B71F8C12CECE4CEBE3D0F7224491270 09D041E9E30641C2C2DE79FB9E5B47A933FA8B13 C89F9959A1058F319566E93DD39EA16E D08A0C6EA6988574D8C8B0C01035BF3CBEC01CFE A5BBE493EB84161CAD2459449E52B4F9 7E85C8BAF019DD5837DA008229D466765E527F56 2A75F8A629B1BD6893B2C36DED30ACB3 23D2CFAC7C5DED84D53BDDCDD223CB23C6AE6D3F 9EC668A9D3F1B4D82C0DA31C17DC118F D13D625DA2079F56C2CF579FE78B95B4ACBE824D D0E7BCEA30B16D9B1D97349EF035EC07 9FF25BDCBC411921A576BEFDA3EF272F323FA942 143AF2920B7214E56C0EE405A64E2C54 D2F2F1D67DC74E7328CDF9D9E96DE77891557396 8C70733CA50CAAA167B8BDE4CDECE840 9A834F82D17B24C5F7C7DB8E84A3C4F86E946524 A878236DED463F9DC4E77C5DB70242AA 4C127580B6E98EFDE9CC1A5358563EC67F9CAE8B EFE60FFFEE3B55A209417AA709A57510 9815FBC489AE50E9C1B61C5EEF5EBA2546BA19BE FEEB5618884698F82E610F698A563573 F754BF36E19ABD7BEB44A58F937D994935E2B229 D11509F06263522F80CA3B933EBDE31D 0 0 8934AD
<kapcerz> gl hf 
$Alexey'a<~Controls.509~>128<~Controls.510~><~Game.2004~><~Controls.511~><~Controls.45~> null
$Alexey'a<~Controls.509~>130<~Controls.510~><~Game.2005~><~Controls.511~><~Controls.45~> null
$kapcerz<~Controls.479~>6BA02B1826FC5BFF609B725D31984DFC1627192B 869593DD852033F6B1699CAD317C73A9 24 DF94C9033883723C2932B1D7C92175F7BE8F8F57 67D1206F7D036B24EED84994E71EE66B 93B9CE335211BB35BCB3BE5B14A8BD081265CA14 A347B66F3CDD9F5B6EE0A630F7F9BF8D 8D5D8B9DFBD8BE08122E4BC7D8BC47F64DBBB307 BEA885262B5B775119916358F7C6A65B 2503BA935F006B3F9CA40D1DBB4F34F6F9871457 BE72B4FCCFE3C124F2474E91273C3983 61E984E4D20A31AEAB30195AF0C97764D3267A99 EA60A6C53B454606772DB9590A22EA3E 9D0F3B833EC19F45385ECF436BD19C3770D01323 D493187DC556F5EB4DC7AD0238AEFE0D 22689CCB5FC7C7E8A2A5EA1161BE30A43F34E448 9AB578B7FC8149171C80959472379778 F9625A0B0E8CE46EF5F3024783B9A6205A02E2D0 689ED345D966616BB84908E0F796868E 94F03BFBD9DE7B19FF8402A622C2818CA3E50681 403D6B4A330FA46C80BDE0E315CB2D07 1C76482B0BF61F50496F5963C59B97C3DF617E7B FDC8BB557865B0ED0B5FC71902AFD69D AE6D6380CFB0DA602D72F32C5FD221FA9B4C6F32 947DB48999E2407B00E55CE9ECDB6102 2C5A4DB66BBFC86D6D796D2FFF297D2947985BB1 9D69682246A7C75544AC45824D07C956 9E9747D39CED1E5AB8920B25506665067DADAA99 1110C0D45B7416735BB9D61C84723828 6B5CD3CA304856E0458EFCFAE90FA4019E9839C6 55E2FCEC9936A98F07EC4632A13F9763 560825F6E158F7AAFF3AEDD58B6F33FA8C4F4AE1 77D66BF4991961AD35494D9680BF7F4A 6E0FDD70FDBCE4E337C7E93C67C5F8D76D736584 B69DB467FC55E997197F3F97180D2694 FF0B84B7CC18EF084D475E75956AF1F9B03850BF 473F07F2E72EDEB4970752E5148ABCEE DC99C33E6BDE39E22049FD16AF567FADEADBEA69 561B42FDAED261CAE48CCD1FA310CB16 55CEBA866B2643808C48864678053428C8E913DF 4A9A46C0CE1252B96D74238E8CEEE6DB 6B667784D90A8694FA934340210084823EA94FFB 4D0C535B21270DD4F7B305E584FD862A FFA12FA8AE82D267A93ACBB93AA6AA10DAA53840 0B7D9CDA4CF0E25E07554493C36C90A2 F07EC8008D9AC5536EEB3A8B25AC1CD2410E10A8 B97FCBF97B6D3377834A7521D40FEE46 BBA878131E4E6AB151B59161018471FE0B0545A6 5837AB5B505912A1987C91C8AC464D65 EA993D9FF91D5A515736C57BF08929F6E028F4A9 3A1F8A381822534CDE2EFCC0FED23843 24 D28494B795361803EEBB464965AD014835012575 C557C0AF3FB15FF0BA24188BCD2E7B48 0A7BF9DB246D178167D043AD235294B7FF5D9300 767BC75505B66FCD0428E0D6423837FB B7D8025D9E6B085E6856FAD9C53EDBFA7953238C 28408CF47267DDC8E9D52EDFBF46BFF9 0F331B218D1F9DD36076B906A9903E11A79786A7 966862EF87F1AF4411D6BB5133FD1F4E B81EDE4C00EA3C8EC086A335BD6334048C0F4056 1ECA874BB50143BF03E092E4B06DD5B0 14ED7028087C5A817223803A42BD464F0C01AB2B C76AABF9932676AAC8322BD73A627618 06E0D47FED3654FD769749C7F4D849A66C6AA548 85FBB9E0CAF64569CE628C06E0DE8AE4 6A20F580044A69815DBF0832E73FECA1DC386E8A BB32811653335C1A0FA2574B103180F7 A8EA027F04D49CF5906BAF5A2716B11AB24CF5E9 00CBCF2BE458439572E65A4C2720FEAF 0B5AF6CA862395B0F1A66B723872F723CF917DB9 252AD0FFA754BD497192C52A4813063A D4C9904E33ABA07D5C860EE37298D1BC1D95048C 77F4B7FD2D5084FCFB836CB46E407E8D D4FA049E084F2A10D93CB775F3069A796CA276AF 4110C748A1C8B7559BAD0587C338585F 34C2887AD737FE78100DEEF78D9677479EAE7B31 94DD34414065A7FAD89D21933166A39D F87D9CC367E7D9EE1F742E2FEA2BFFB6C0B040C6 49A652110841D051DF982B29394ED1EA 4B075FDC5D8BA608FF899A9D072876B4EEAE91EA 468A16F1AF9BF8DB5F281F8404AE7A2A 5834992B0B7A8EBAD64782EB726F84718FCD6A18 016CB267D625A13BB4452C17B7C3511F 6946C6342616E74785751B206A991ADD874E19D1 42A10EAB7E5CC2034782719B0B59DF77 E0DAD0991A4A26B091A584629E09848562561464 2C6C38FCBAA73F5B33D2857B1B636D6B D91EB840EC8DACB40962C5D11A3391F1604AD87B 7D805072A630E1822CDD012A804B5B3B FFFA297CDD345ACB5376B9E9AFECB130330F0435 1419867B97A240A39CF9D2B89A3645EC 01614A802BB236C9B76DA9FDDC398A69070A20C5 B3616FA9934B24B60E36209730DB2847 6FA2BD2A11816B777F94D7B62FF1778B09CF8600 0639D85B03508756CF142C453BBF4772 E510B0666C663D531C2F6929AB10087CA195221E E48E2C07A7E5442BD2DD2387FEED2F0D 52639DEA251DF11ACDFDB82DABB9598A493D0F95 D3E2332AC9C94715D4AA77C35A7B51E0 0 0 30D3BD
$kapcerz<~Controls.509~>204<~Controls.510~><~Game.2006~><~Controls.511~><~Controls.46~> null
$Alexey'a<~Controls.281~>427 426 <~Controls.282~><~Game.2038~><~Controls.283~><~Game.2042~> 48F4C7
$kapcerz<~Controls.509~>164<~Controls.510~><~Game.2007~><~Controls.511~><~Controls.46~> null
$Alexey'a<~Controls.281~>425 <~Controls.282~><~Game.2040~><~Controls.283~><~Game.2042~> 449744
<Alexey'a> fok 3689A4
<kapcerz> 0e 1463AA
$kapcerz<~Controls.345~>105 104 103 102 101 100 099 <~Controls.346~>12 11 10 13 13 11 12 null
$kapcerz<~Controls.350~>105 104 103 102 101 100 099 null
$Alexey'a<~Controls.345~>213 212 211 210 <~Controls.346~>3 2 0 1 null
<Alexey'a> pass 69B9CB
$kapcerz<~HighlightLabel.81~>101<~HighlightLabel.82~><~Game.2043~><~HighlightLabel.83~><~Game.2035~> 33FE41
$kapcerz<~Scribe.141~>039 036 029 028 027 026 <~Scribe.142~><~Game.1979~><~Scribe.143~><~Game.533~><~Scribe.144~> 4AB9D7
$kapcerz<~Controls.644~>101 <~Controls.645~><~Game.2035~> 9DC0F1
<Alexey'a> pass 3E5D24
$kapcerz<~HighlightLabel.81~>102<~HighlightLabel.82~><~Game.2043~><~HighlightLabel.83~><~Game.2035~> 1F1F44
$kapcerz<~Scribe.141~>039 036 029 028 027 026 <~Scribe.142~><~Game.533~><~Scribe.143~><~Game.1974~><~Scribe.144~> 4D43AD
$kapcerz<~Controls.644~>102 <~Controls.645~><~Game.2035~> 82834A
<Alexey'a> pass DDC74F
$kapcerz<~HighlightLabel.81~>103<~HighlightLabel.82~><~Game.2043~><~HighlightLabel.83~><~Game.2035~> 851BC3
$kapcerz<~Scribe.141~>263 <~Scribe.142~><~Game.2002~><~Scribe.143~><~Game.2003~><~Scribe.144~> 263FBF
$kapcerz<~Controls.644~>103 <~Controls.645~><~Game.2035~> 593A1C
$Alexey'a<~Scribe.141~>210 <~Scribe.142~><~Game.2042~><~Scribe.143~><~Game.2035~><~Scribe.144~> 02BFB4
$Alexey'a<~Controls.790~>248<~Controls.791~><~Game.2014~><~Controls.792~><~Game.2015~> C41083
$Alexey'a<~Controls.795~>210<~Controls.796~><~Game.2035~><~Controls.797~><~Game.1997~> F0CC4E
$kapcerz<~HighlightLabel.81~>100<~HighlightLabel.82~><~Game.2043~><~HighlightLabel.83~><~Game.2035~> 79AB34
$kapcerz<~Scribe.141~>039 038 036 029 028 027 026 025 024 023 022 021 <~Scribe.142~><~Game.1974~><~Scribe.143~><~Game.1976~><~Scribe.144~> 7FADEA
$kapcerz<~Scribe.141~>040 035 015 014 013 012 011 <~Scribe.142~><~Game.1956~><~Scribe.143~><~Game.1953~><~Scribe.144~> 47B6E9
$kapcerz<~Controls.644~>100 <~Controls.645~><~Game.2035~> 0A779A
$Alexey'a<~Scribe.141~>213 <~Scribe.142~><~Game.2042~><~Scribe.143~><~Game.2035~><~Scribe.144~> CB6B20
$Alexey'a<~Controls.281~>213 <~Controls.282~><~Game.2035~><~Controls.283~><~Game.2042~> 045D8A
$Alexey'a<~HighlightLabel.86~>212<~HighlightLabel.87~><~Game.2042~><~HighlightLabel.88~><~Game.2035~> E6C91F
$Alexey'a<~Controls.281~>212 <~Controls.282~><~Game.2035~><~Controls.283~><~Game.2042~> 8B9592
$Alexey'a<~Scribe.141~>211 <~Scribe.142~><~Game.2042~><~Scribe.143~><~Game.2035~><~Scribe.144~> 1F1F9C
$Alexey'a<~Controls.790~>248<~Controls.791~><~Game.2015~><~Controls.792~><~Game.2016~> 35E07C
$Alexey'a<~Controls.795~>211<~Controls.796~><~Game.2035~><~Controls.797~><~Game.1997~> C4548A
$kapcerz<~HighlightLabel.81~>104<~HighlightLabel.82~><~Game.2043~><~HighlightLabel.83~><~Game.2035~> 84A415
$kapcerz<~Scribe.141~>254 <~Scribe.142~><~Game.2040~><~Scribe.143~><~Game.1919~><~Scribe.144~> F6A70F
$kapcerz<~Scribe.141~>360 <~Scribe.142~><~Game.2040~><~Scribe.143~><~Game.2037~><~Scribe.144~> 5CD5FC
$kapcerz<~Controls.644~>104 360 <~Controls.645~><~Game.2035~> 90DAB8
$Alexey'a<~Scribe.141~>212 <~Scribe.142~><~Game.2042~><~Scribe.143~><~Game.2035~><~Scribe.144~> 1B121D
$Alexey'a<~CardBuffet.9~>reveal 130 5CA4F7981BA4176C8D57113A4F2675F37D866E5D 10<~CardBuffet.10~><~Controls.45~><~CardBuffet.11~> EA1E13
$Alexey'a<~Scribe.141~>305 304 <~Scribe.142~><~Game.2038~><~Scribe.143~><~Game.1973~><~Scribe.144~> B35E6F
$Alexey'a<~Scribe.141~>305 304 <~Scribe.142~><~Game.1973~><~Scribe.143~><~Game.1957~><~Scribe.144~> 7B67B4
$Alexey'a<~Scribe.141~>305 304 <~Scribe.142~><~Game.1957~><~Scribe.143~><~Game.1970~><~Scribe.144~> 5AB296
$Alexey'a<~Controls.509~>124<~Controls.510~><~Game.2005~><~Controls.511~><~Controls.45~> null
$Alexey'a<~Controls.509~>143<~Controls.510~><~Game.2005~><~Controls.511~><~Controls.45~> null
$Alexey'a<~Controls.644~>212 130 <~Controls.645~><~Game.2035~> 037760
$kapcerz<~HighlightLabel.81~>099<~HighlightLabel.82~><~Game.2043~><~HighlightLabel.83~><~Game.2035~> 57A3D9
$kapcerz<~Scribe.141~>039 038 036 029 028 027 026 025 024 023 022 021 <~Scribe.142~><~Game.1976~><~Scribe.143~><~Game.1972~><~Scribe.144~> A45916
$kapcerz<~Scribe.141~>040 035 015 014 013 012 011 <~Scribe.142~><~Game.1953~><~Scribe.143~><~Game.1927~><~Scribe.144~> 05BC4E
$kapcerz<~Controls.644~>099 <~Controls.645~><~Game.2035~> 4B4AE2
$Alexey'a<~Scribe.141~>213 <~Scribe.142~><~Game.2042~><~Scribe.143~><~Game.2035~><~Scribe.144~> E99FA9
$Alexey'a<~CardBuffet.9~>reveal 124 8330B26E855353752EEB1F5D074781AC7773D0A5 15<~CardBuffet.10~><~Controls.45~><~CardBuffet.11~> 603DFB
$Alexey'a<~Scribe.141~>296 302 <~Scribe.142~><~Game.2038~><~Scribe.143~><~Game.1941~><~Scribe.144~> 6A9B28
$Alexey'a<~Controls.644~>213 124 <~Controls.645~><~Game.2035~> BF26E2
$kapcerz<~Controls.276~>105<~Controls.277~><~Game.2043~><~Controls.278~><~Game.2035~> AF5FD4
$kapcerz<~Scribe.141~>039 038 036 029 028 027 026 025 024 023 022 021 <~Scribe.142~><~Game.1972~><~Scribe.143~><~Game.1975~><~Scribe.144~> 1360AC
$kapcerz<~Scribe.141~>001 <~Scribe.142~><~Game.1910~><~Scribe.143~><~Game.1917~><~Scribe.144~> B104FB
$kapcerz<~Controls.644~>105 <~Controls.645~><~Game.2035~> 832449
$Alexey'a<~Controls.726~>211 210 <~Controls.727~><~Game.1997~><~Controls.728~><~Game.2042~> D9C7A6
$Alexey'a<~Controls.731~>213 212 <~Controls.732~><~Game.2039~><~Controls.733~><~Game.2042~> D595CC
$kapcerz<~Controls.762~>105 099 104 360 100 103 102 101 <~Controls.763~><~Game.2041~><~Controls.764~><~Game.2043~> 4AE201
<~Game.7~>2 null
$Alexey'a<~Controls.509~>142<~Controls.510~><~Game.2004~><~Controls.511~><~Controls.45~> null
$Alexey'a<~Scribe.141~>410 <~Scribe.142~><~Game.2038~><~Scribe.143~><~Game.2027~><~Scribe.144~> 585E20
$Alexey'a<~Controls.509~>156<~Controls.510~><~Game.2005~><~Controls.511~><~Controls.45~> null
$kapcerz<~Controls.509~>202<~Controls.510~><~Game.2006~><~Controls.511~><~Controls.46~> null
$kapcerz<~Controls.509~>186<~Controls.510~><~Game.2007~><~Controls.511~><~Controls.46~> null
$Alexey'a<~Controls.281~>410 <~Controls.282~><~Game.2027~><~Controls.283~><~Game.2038~> 26798F
<Alexey'a> fok 03B578
$kapcerz<~Controls.372~>105 22A4BA
$kapcerz<~Controls.345~>099 104 360 100 103 102 101 <~Controls.346~>15 11 11 14 13 10 15 null
$kapcerz<~Controls.350~>099 104 360 100 103 102 101 null
$Alexey'a<~Controls.345~>213 212 211 210 <~Controls.346~>4 1 0 4 null
<Alexey'a> pass 0DE3B9
$kapcerz<~HighlightLabel.81~>102<~HighlightLabel.82~><~Game.2043~><~HighlightLabel.83~><~Game.2035~> FC0370
$kapcerz<~Scribe.141~>262 <~Scribe.142~><~Game.2002~><~Scribe.143~><~Game.2003~><~Scribe.144~> CA2C6B
$kapcerz<~Controls.644~>102 <~Controls.645~><~Game.2035~> FBE669
<Alexey'a> pass A889A9
$Alexey'a<~Scribe.141~>212 <~Scribe.142~><~Game.2042~><~Scribe.143~><~Game.2035~><~Scribe.144~> F489DE
$Alexey'a<~Controls.790~>248<~Controls.791~><~Game.2016~><~Controls.792~><~Game.2017~> 8505EC
$Alexey'a<~Controls.795~>212<~Controls.796~><~Game.2035~><~Controls.797~><~Game.1997~> 4FB271
<game> kapcerz<~Controls.1~> 2 3 4 null
$kapcerz<~HighlightLabel.81~>360<~HighlightLabel.82~><~Game.2043~><~HighlightLabel.83~><~Game.2035~> 3F31E0
$kapcerz<~Scribe.141~>039 038 036 029 028 027 026 025 024 023 022 021 <~Scribe.142~><~Game.1975~><~Scribe.143~><~Game.1966~><~Scribe.144~> D22E74
$kapcerz<~Scribe.141~>001 008 007 <~Scribe.142~><~Game.1917~><~Scribe.143~><~Game.1927~><~Scribe.144~> D8A972
$kapcerz<~Controls.644~>360 <~Controls.645~><~Game.2035~> 05DF6E
$Alexey'a<~Scribe.141~>210 <~Scribe.142~><~Game.2042~><~Scribe.143~><~Game.2035~><~Scribe.144~> E7A931
$Alexey'a<~Scribe.141~>296 302 065 <~Scribe.142~><~Game.1941~><~Scribe.143~><~Game.1957~><~Scribe.144~> BAEBF5
$Alexey'a<~Scribe.141~>059 <~Scribe.142~><~Game.1973~><~Scribe.143~><~Game.1965~><~Scribe.144~> E5C3AE
$Alexey'a<~Controls.644~>210 <~Controls.645~><~Game.2035~> 1CB450
$kapcerz<~HighlightLabel.81~>103<~HighlightLabel.82~><~Game.2043~><~HighlightLabel.83~><~Game.2035~> 0381C6
<kapcerz> ofr, nc F5164E
$Alexey'a<~Controls.840~>156 651775
<auto><~Controls.861~>reveal 156 BE8C96E7CC1D132D5A2B9481DC302A5FDB9874AC 4<~Controls.862~><~Controls.45~><~Controls.863~><~Game.2037~> E7A951
$Alexey'a<~Scribe.141~>296 302 065 <~Scribe.142~><~Game.1957~><~Scribe.143~><~Game.1954~><~Scribe.144~> F66EA8
$kapcerz<~Scribe.141~>039 038 036 029 028 027 026 025 024 023 022 021 <~Scribe.142~><~Game.1966~><~Scribe.143~><~Game.1957~><~Scribe.144~> 3C4D1B
$Alexey'a<~Scribe.141~>258 <~Scribe.142~><~Game.2000~><~Scribe.143~><~Game.2001~><~Scribe.144~> 964FD3
$kapcerz<~Controls.644~>103 156 <~Controls.645~><~Game.2035~> 6B8F00
$Alexey'a<~Controls.323~>258 10E304
$Alexey'a<~Scribe.141~>213 <~Scribe.142~><~Game.2042~><~Scribe.143~><~Game.2035~><~Scribe.144~> 9A4E62
$Alexey'a<~Controls.790~>248<~Controls.791~><~Game.2017~><~Controls.792~><~Game.2018~> 939890
$Alexey'a<~Controls.795~>213<~Controls.796~><~Game.2035~><~Controls.797~><~Game.1997~> 8A285F
$Alexey'a<~Scribe.141~>249 <~Scribe.142~><~Game.2008~><~Scribe.143~><~Game.2011~><~Scribe.144~> EA209D
<game> kapcerz<~Controls.1~> 6 1 5 null
$kapcerz<~Controls.624~>217<~Controls.625~><~Game.2044~><~Controls.626~><~Game.2037~> null
$Alexey'a<~Scribe.141~>240 <~Scribe.142~><~Game.1999~><~Scribe.143~><~Game.2037~><~Scribe.144~> 390BF7
$Alexey'a<~Scribe.141~>247 <~Scribe.142~><~Game.1911~><~Scribe.143~><~Game.1927~><~Scribe.144~> FC1FB2
$Alexey'a<~Controls.323~>247 E3DEA5
$Alexey'a<~Scribe.141~>241 <~Scribe.142~><~Game.1998~><~Scribe.143~><~Game.1999~><~Scribe.144~> 58F9F9
$Alexey'a<~Scribe.141~>217 240 <~Scribe.142~><~Game.2037~><~Scribe.143~><~Game.2036~><~Scribe.144~> A253B7
<kapcerz> moria BE9C85
$kapcerz<~Controls.624~>222<~Controls.625~><~Game.2044~><~Controls.626~><~Game.2037~> null
$Alexey'a<~Controls.644~>217 240 222 <~Controls.645~><~Game.2035~> 05E4BE
$kapcerz<~HighlightLabel.81~>104<~HighlightLabel.82~><~Game.2043~><~HighlightLabel.83~><~Game.2035~> 75F904
<kapcerz> Dale 264158
$kapcerz<~Controls.840~>186 3DD96F
<auto> playchosen 603B0D
<auto><~Controls.866~>reveal 186 A88F08FE79FBCA4AAC204E679867F8DB7AAEB061 10<~Controls.867~><~Controls.46~><~Controls.868~><~Game.2036~> B946DB
<game> kapcerz<~Controls.1~> 6 1 3 1 3 null
<game> kapcerz<~Controls.1~> 6 4 null
$Alexey'a<~Scribe.141~>258 <~Scribe.142~><~Game.2001~><~Scribe.143~><~Game.2002~><~Scribe.144~> 657B8D
<kapcerz> 3 F6EDFA
<game> Alexey'a<~Controls.1~> 6 5 1 null
<game> Alexey'a<~Controls.1~> 5 null
<Alexey'a> 3 37F8C8
$Alexey'a<~Scribe.141~>068 305 304 066 <~Scribe.142~><~Game.1970~><~Scribe.143~><~Game.2037~><~Scribe.144~> E0C393
$kapcerz<~Scribe.141~>023 022 021 <~Scribe.142~><~Game.1957~><~Scribe.143~><~Game.2037~><~Scribe.144~> 846CD5
$kapcerz<~Scribe.141~>039 038 036 029 028 027 026 025 024 <~Scribe.142~><~Game.1957~><~Scribe.143~><~Game.1970~><~Scribe.144~> D5FEEB
$Alexey'a<~Scribe.141~>258 <~Scribe.142~><~Game.2002~><~Scribe.143~><~Game.2003~><~Scribe.144~> 75019C
$kapcerz<~Controls.644~>104 186 068 023 022 021 305 304 066 <~Controls.645~><~Game.2035~> 6FE93F
$Alexey'a<~Scribe.141~>211 <~Scribe.142~><~Game.2042~><~Scribe.143~><~Game.2035~><~Scribe.144~> 4C8D81
$Alexey'a<~Scribe.141~>240 <~Scribe.142~><~Game.2039~><~Scribe.143~><~Game.1921~><~Scribe.144~> C7FF1C
$Alexey'a<~Controls.323~>240 C8E26A
$Alexey'a<~Scribe.141~>359 <~Scribe.142~><~Game.2038~><~Scribe.143~><~Game.2037~><~Scribe.144~> 16C622
$Alexey'a<~Controls.644~>211 359 <~Controls.645~><~Game.2035~> EF9EF7
$Alexey'a<~Controls.644~><~Controls.645~><~Game.2035~> 59FC45
$kapcerz<~Controls.276~>100<~Controls.277~><~Game.2043~><~Controls.278~><~Game.2035~> B9B5B7
$kapcerz<~Scribe.141~>249 <~Scribe.142~><~Game.2011~><~Scribe.143~><~Game.2037~><~Scribe.144~> 7B6F1F
$kapcerz<~Scribe.141~>253 <~Scribe.142~><~Game.2040~><~Scribe.143~><~Game.1927~><~Scribe.144~> DFA6D0
$Alexey'a<~Controls.323~>259 257 256 19E80B
$kapcerz<~Scribe.141~>361 <~Scribe.142~><~Game.2040~><~Scribe.143~><~Game.2037~><~Scribe.144~> C40CA7
$Alexey'a<~Controls.323~>260 261 314796
$kapcerz<~Controls.644~>100 361 249 <~Controls.645~><~Game.2035~> 53EED5
$Alexey'a<~Controls.726~>213 212 <~Controls.727~><~Game.1997~><~Controls.728~><~Game.2042~> 5023FA
$Alexey'a<~Controls.731~>211 359 210 <~Controls.732~><~Game.2039~><~Controls.733~><~Game.2042~> 3E2D83
$Alexey'a<~Controls.509~>154<~Controls.510~><~Game.2004~><~Controls.511~><~Controls.45~> null
$kapcerz<~Controls.757~>099 101 105 <~Controls.758~><~Game.1997~><~Controls.759~><~Game.2043~> B850B8
<~Game.7~>3 null
$kapcerz<~Controls.762~>100 361 104 103 360 102 <~Controls.763~><~Game.2041~><~Controls.764~><~Game.2043~> 62D808
$Alexey'a<~Controls.509~>147<~Controls.510~><~Game.2005~><~Controls.511~><~Controls.45~> null
$kapcerz<~Controls.509~>200<~Controls.510~><~Game.2006~><~Controls.511~><~Controls.46~> null
$kapcerz<~Controls.509~>184<~Controls.510~><~Game.2007~><~Controls.511~><~Controls.46~> null
<Alexey'a> fok 4E7C5A
$kapcerz<~Controls.372~>100 FF4278
$kapcerz<~Controls.345~>361 104 103 360 102 099 101 105 <~Controls.346~>14 11 11 12 13 15 14 11 null
$kapcerz<~Controls.350~>361 104 103 360 102 099 101 105 null
$Alexey'a<~Controls.345~>211 359 210 213 212 <~Controls.346~>3 3 1 1 0 null
$Alexey'a<~Scribe.141~>213 <~Scribe.142~><~Game.2042~><~Scribe.143~><~Game.2035~><~Scribe.144~> C21F54
$Alexey'a<~Controls.323~>247 53854A
$Alexey'a<~Controls.644~>213 <~Controls.645~><~Game.2035~> 9DF420
<kapcerz> need  a sec E12A32
$kapcerz<~HighlightLabel.81~>105<~HighlightLabel.82~><~Game.2043~><~HighlightLabel.83~><~Game.2035~> 3C5390
$kapcerz<~Scribe.141~>336 <~Scribe.142~><~Game.2040~><~Scribe.143~><~Game.1922~><~Scribe.144~> 2B3ED6
$kapcerz<~Controls.819~> 6ED2A6
$kapcerz<~Scribe.141~>010 009 <~Scribe.142~><~Game.1922~><~Scribe.143~><~Game.1934~><~Scribe.144~> 18B279
$kapcerz<~Scribe.141~>055 049 048 047 <~Scribe.142~><~Game.1968~><~Scribe.143~><~Game.1946~><~Scribe.144~> 11792F
$kapcerz<~Controls.644~>105 <~Controls.645~><~Game.2035~> 17C055
$Alexey'a<~Scribe.141~>212 <~Scribe.142~><~Game.2042~><~Scribe.143~><~Game.2035~><~Scribe.144~> FDB3DE
$Alexey'a<~Controls.790~>248<~Controls.791~><~Game.2014~><~Controls.792~><~Game.2015~> E428E8
$Alexey'a<~Controls.795~>212<~Controls.796~><~Game.2035~><~Controls.797~><~Game.1997~> D4C000
<game> kapcerz<~Controls.1~> 1 3 null
<game> kapcerz<~Controls.1~> 6 6 null
$kapcerz<~Controls.624~>225<~Controls.625~><~Game.2044~><~Controls.626~><~Game.2037~> null
<Alexey'a> random 1B08C1
$kapcerz<~Controls.637~>246<~Controls.638~><~Game.1998~><~Controls.639~><~Game.2036~> null
$Alexey'a<~Scribe.141~>246 <~Scribe.142~><~Game.2036~><~Scribe.143~><~Game.1928~><~Scribe.144~> 57113A
$Alexey'a<~Scribe.141~>252 <~Scribe.142~><~Game.2014~><~Scribe.143~><~Game.2015~><~Scribe.144~> B0DCAF
$Alexey'a<~Controls.644~>225 <~Controls.645~><~Game.2035~> C65FD3
$kapcerz<~HighlightLabel.81~>360<~HighlightLabel.82~><~Game.2043~><~HighlightLabel.83~><~Game.2035~> 11C641
$kapcerz<~Scribe.141~>010 009 <~Scribe.142~><~Game.1934~><~Scribe.143~><~Game.1941~><~Scribe.144~> 83BC04
$kapcerz<~Scribe.141~>055 057 049 048 047 046 045 <~Scribe.142~><~Game.1946~><~Scribe.143~><~Game.1932~><~Scribe.144~> E14274
$kapcerz<~Controls.644~>360 <~Controls.645~><~Game.2035~> E0190B
<Alexey'a> pass 3EB717
$kapcerz<~HighlightLabel.81~>101<~HighlightLabel.82~><~Game.2043~><~HighlightLabel.83~><~Game.2035~> 8125AE
$kapcerz<~CardBuffet.14~>reveal 202 223C57AAB0B757D8E375431F874A7C4C6220483A 4<~CardBuffet.15~><~Controls.46~><~CardBuffet.16~> 8B31C3
$kapcerz<~Scribe.141~>202 <~Scribe.142~><~Game.2036~><~Scribe.143~><~Game.2029~><~Scribe.144~> F8C3D4
$kapcerz<~Controls.644~>101 <~Controls.645~><~Game.2035~> 3CC193
<Alexey'a> pass 11B344
$kapcerz<~HighlightLabel.81~>104<~HighlightLabel.82~><~Game.2043~><~HighlightLabel.83~><~Game.2035~> 94CC7D
$kapcerz<~Scribe.141~>039 038 036 029 028 027 026 025 024 <~Scribe.142~><~Game.1970~><~Scribe.143~><~Game.1957~><~Scribe.144~> 3AEDD3
$kapcerz<~Scribe.141~>010 009 <~Scribe.142~><~Game.1941~><~Scribe.143~><~Game.1957~><~Scribe.144~> D46436
$kapcerz<~Scribe.141~>420 <~Scribe.142~><~Game.2040~><~Scribe.143~><~Game.1941~><~Scribe.144~> 3E066A
$kapcerz<~Scribe.141~>419 <~Scribe.142~><~Game.2040~><~Scribe.143~><~Game.1970~><~Scribe.144~> 719F17
$kapcerz<~Controls.644~>104 <~Controls.645~><~Game.2035~> F9158A
$Alexey'a<~Scribe.141~>210 <~Scribe.142~><~Game.2042~><~Scribe.143~><~Game.2035~><~Scribe.144~> D9417F
$Alexey'a<~Controls.790~>248<~Controls.791~><~Game.2015~><~Controls.792~><~Game.2016~> 475E21
$Alexey'a<~Controls.795~>210<~Controls.796~><~Game.2035~><~Controls.797~><~Game.1997~> 822003
<game> kapcerz<~Controls.1~> 1 3 null
<game> kapcerz<~Controls.1~> 2 1 null
$kapcerz<~HighlightLabel.81~>102<~HighlightLabel.82~><~Game.2043~><~HighlightLabel.83~><~Game.2035~> 0FB4E8
<kapcerz> WLR 21977B
$Alexey'a<~Scribe.141~>098 296 094 302 088 065 <~Scribe.142~><~Game.1954~><~Scribe.143~><~Game.1991~><~Scribe.144~> 5046DB
$kapcerz<~Scribe.141~>039 038 036 010 009 029 028 027 026 025 024 <~Scribe.142~><~Game.1957~><~Scribe.143~><~Game.1954~><~Scribe.144~> 426FBD
$Alexey'a<~Scribe.141~>256 <~Scribe.142~><~Game.2000~><~Scribe.143~><~Game.2001~><~Scribe.144~> CABDCE
$kapcerz<~Controls.644~>102 <~Controls.645~><~Game.2035~> 44A415
$Alexey'a<~Scribe.141~>359 <~Scribe.142~><~Game.2042~><~Scribe.143~><~Game.2035~><~Scribe.144~> 7E8AC6
$Alexey'a<~CardBuffet.9~>reveal 143 098716ADC245AD98EFAFFA4FAD3B9250E99B0A22 2<~CardBuffet.10~><~Controls.45~><~CardBuffet.11~> 54BB8B
$Alexey'a<~Scribe.141~>266 <~Scribe.142~><~Game.2038~><~Scribe.143~><~Game.1991~><~Scribe.144~> 814E8E
$Alexey'a<~Controls.509~>120<~Controls.510~><~Game.2005~><~Controls.511~><~Controls.45~> null
$Alexey'a<~Controls.644~>359 143 <~Controls.645~><~Game.2035~> B7D28F
$kapcerz<~HighlightLabel.81~>361<~HighlightLabel.82~><~Game.2043~><~HighlightLabel.83~><~Game.2035~> 647D04
$kapcerz<~CardBuffet.14~>reveal 204 E819428FB308AEDD5B275303258C7A236C66CFBE 8<~CardBuffet.15~><~Controls.46~><~CardBuffet.16~> 073067
$kapcerz<~Scribe.141~>319 318 <~Scribe.142~><~Game.2040~><~Scribe.143~><~Game.1927~><~Scribe.144~> 52230F
<kapcerz> Lorien 1A0700
$Alexey'a<~Scribe.141~>246 097 093 092 087 <~Scribe.142~><~Game.1928~><~Scribe.143~><~Game.1992~><~Scribe.144~> 882089
$kapcerz<~Scribe.141~>253 319 318 040 035 001 008 007 015 014 013 012 011 <~Scribe.142~><~Game.1927~><~Scribe.143~><~Game.1928~><~Scribe.144~> 6E1A31
$Alexey'a<~Scribe.141~>256 <~Scribe.142~><~Game.2001~><~Scribe.143~><~Game.2002~><~Scribe.144~> 99B8FD
$kapcerz<~Controls.509~>170<~Controls.510~><~Game.2007~><~Controls.511~><~Controls.46~> null
$kapcerz<~Controls.644~>361 204 <~Controls.645~><~Game.2035~> CE3344
$Alexey'a<~Scribe.141~>211 <~Scribe.142~><~Game.2042~><~Scribe.143~><~Game.2035~><~Scribe.144~> FF48F9
$Alexey'a<~CardBuffet.9~>reveal 147 7BCD55ED8554A6757E9FDE10E437171DDF460825 21<~CardBuffet.10~><~Controls.45~><~CardBuffet.11~> 362627
$Alexey'a<~Scribe.141~>265 <~Scribe.142~><~Game.2038~><~Scribe.143~><~Game.1992~><~Scribe.144~> 8AC66E
$Alexey'a<~Controls.509~>145<~Controls.510~><~Game.2005~><~Controls.511~><~Controls.45~> null
$Alexey'a<~Controls.644~>211 147 <~Controls.645~><~Game.2035~> 1A09DA
$kapcerz<~Controls.276~>103<~Controls.277~><~Game.2043~><~Controls.278~><~Game.2035~> C17A49
<kapcerz> Lorien 8AB3CE
$Alexey'a<~Scribe.141~>256 <~Scribe.142~><~Game.2002~><~Scribe.143~><~Game.2003~><~Scribe.144~> 3DD1C3
$kapcerz<~Controls.840~>200 98BCAD
$Alexey'a<~Controls.840~>128 CC8332
<auto> playchosen 5B8BC4
<auto><~Controls.3~>reveal 128 0C064D9B2C426F56CB7B663F5DAF743E3D206386 1<~Controls.884~><~Controls.45~><~Controls.885~><~Game.2037~> F10826
<auto><~Controls.866~>reveal 200 9407D4538DD0D928B22DDB5A647A0CD6A673FB5D 23<~Controls.867~><~Controls.46~><~Controls.868~><~Game.2036~> E032D5
<auto> playchosen 3E642F
<game> kapcerz<~Controls.1~> 4 5 4 4 5 null
<game> kapcerz<~Controls.1~> 3 1 2 4 3 null
<game> Alexey'a<~Controls.1~> 1 5 5 3 null
<game> Alexey'a<~Controls.1~> 6 2 null
<Alexey'a> 3 562AA9
$kapcerz<~Scribe.141~>013 012 011 <~Scribe.142~><~Game.1928~><~Scribe.143~><~Game.2036~><~Scribe.144~> AAF687
<kapcerz> stop 8E06A7
$kapcerz<~Controls.509~>209<~Controls.510~><~Game.2006~><~Controls.511~><~Controls.46~> null
$kapcerz<~Controls.644~>103 200 013 012 011 128 <~Controls.645~><~Game.2035~> 154142
$Alexey'a<~Controls.726~>210 212 <~Controls.727~><~Game.1997~><~Controls.728~><~Game.2042~> 6D00A4
$Alexey'a<~Controls.731~>211 359 213 <~Controls.732~><~Game.2039~><~Controls.733~><~Game.2042~> 37A976
$Alexey'a<~Controls.509~>117<~Controls.510~><~Game.2004~><~Controls.511~><~Controls.45~> null
$Alexey'a<~Controls.509~>138<~Controls.510~><~Game.2005~><~Controls.511~><~Controls.45~> null
$kapcerz<~Controls.509~>208<~Controls.510~><~Game.2006~><~Controls.511~><~Controls.46~> null
$kapcerz<~Controls.509~>207<~Controls.510~><~Game.2007~><~Controls.511~><~Controls.46~> null
$Alexey'a<~Scribe.141~>247 <~Scribe.142~><~Game.1927~><~Scribe.143~><~Game.1951~><~Scribe.144~> D41B71
$Alexey'a<~Scribe.141~>248 <~Scribe.142~><~Game.2016~><~Scribe.143~><~Game.2014~><~Scribe.144~> 7C8432
<Alexey'a> fok DDF500
$kapcerz<~Controls.757~>099 100 <~Controls.758~><~Game.1997~><~Controls.759~><~Game.2043~> 04E6BA
<~Game.7~>4 null
$kapcerz<~Controls.762~>103 361 102 104 101 360 105 <~Controls.763~><~Game.2041~><~Controls.764~><~Game.2043~> B234B5
$kapcerz<~Controls.372~>103 F0C7A2
$kapcerz<~Controls.345~>361 102 104 101 360 105 099 100 <~Controls.346~>15 14 14 14 14 14 14 10 null
$kapcerz<~Controls.350~>361 102 104 101 360 105 099 100 null
$Alexey'a<~Controls.345~>211 359 213 210 212 <~Controls.346~>2 4 2 2 1 null
$Alexey'a<~Scribe.141~>213 <~Scribe.142~><~Game.2042~><~Scribe.143~><~Game.2035~><~Scribe.144~> D07924
$Alexey'a<~Scribe.141~>250 <~Scribe.142~><~Game.2009~><~Scribe.143~><~Game.2012~><~Scribe.144~> 715FC7
$Alexey'a<~Scribe.141~>202 <~Scribe.142~><~Game.2029~><~Scribe.143~><~Game.2036~><~Scribe.144~> FDBDB9
$Alexey'a<~Controls.644~>213 202 <~Controls.645~><~Game.2035~> 11A523
<kapcerz> this is ridiculous F8C8FA
$kapcerz<~HighlightLabel.81~>100<~HighlightLabel.82~><~Game.2043~><~HighlightLabel.83~><~Game.2035~> 321A05
$kapcerz<~Scribe.141~>261 <~Scribe.142~><~Game.2001~><~Scribe.143~><~Game.2002~><~Scribe.144~> 6C2C3C
$kapcerz<~Controls.644~>100 <~Controls.645~><~Game.2035~> AB06FD
<Alexey'a> pass 448A77
$kapcerz<~HighlightLabel.81~>099<~HighlightLabel.82~><~Game.2043~><~HighlightLabel.83~><~Game.2035~> EDCCD1
$kapcerz<~CardBuffet.14~>reveal 170 80EE1B7BE64FA16BBCFA6D885E1090D64A9008D4 15<~CardBuffet.15~><~Controls.46~><~CardBuffet.16~> 42F2BC
$kapcerz<~Scribe.141~>334 <~Scribe.142~><~Game.2040~><~Scribe.143~><~Game.1928~><~Scribe.144~> 7F12C9
$kapcerz<~Controls.644~>099 170 <~Controls.645~><~Game.2035~> 92A5BC
<Alexey'a> pass B42249
$kapcerz<~HighlightLabel.81~>105<~HighlightLabel.82~><~Game.2043~><~HighlightLabel.83~><~Game.2035~> 072887
$kapcerz<~CardBuffet.14~>reveal 208 642D10A10C6DCE67375800BBF03AA200AEEAB106 17<~CardBuffet.15~><~Controls.46~><~CardBuffet.16~> 2793D5
$kapcerz<~Controls.281~>239 <~Controls.282~><~Game.2046~><~Controls.283~><~Game.2045~> 69957D
$kapcerz<~Controls.644~>105 208 <~Controls.645~><~Game.2035~> 1F609E
$Alexey'a<~Scribe.141~>210 <~Scribe.142~><~Game.2042~><~Scribe.143~><~Game.2035~><~Scribe.144~> BC3360
$Alexey'a<~Scribe.141~>reveal 117 D52EBE4F0EFC58755F50150354AC5321B6829DF9 22 <~Scribe.142~><~Controls.45~><~Scribe.143~><~Game.2029~><~Scribe.144~> FCF0D7
$Alexey'a<~Controls.644~>210 <~Controls.645~><~Game.2035~> 7546D8
$Alexey'a<~Controls.644~><~Controls.645~><~Game.2035~> D8CF06
$kapcerz<~HighlightLabel.81~>360<~HighlightLabel.82~><~Game.2043~><~HighlightLabel.83~><~Game.2035~> 28967D
$kapcerz<~Controls.509~>183<~Controls.510~><~Game.2007~><~Controls.511~><~Controls.46~> null
$kapcerz<~Controls.644~>360 <~Controls.645~><~Game.2035~> AA9478
$Alexey'a<~Scribe.141~>211 <~Scribe.142~><~Game.2042~><~Scribe.143~><~Game.2035~><~Scribe.144~> D8A34D
$Alexey'a<~CardBuffet.9~>reveal 138 039075BF6E42F3F52B6A959ED82EF2C9940FA853 17<~CardBuffet.10~><~Controls.45~><~CardBuffet.11~> 4B36F5
$Alexey'a<~Scribe.141~>270 274 <~Scribe.142~><~Game.2038~><~Scribe.143~><~Game.1943~><~Scribe.144~> 9AE27C
$Alexey'a<~Controls.644~>211 138 <~Controls.645~><~Game.2035~> AAE596
$kapcerz<~HighlightLabel.81~>101<~HighlightLabel.82~><~Game.2043~><~HighlightLabel.83~><~Game.2035~> 7372A0
$kapcerz<~Controls.509~>175<~Controls.510~><~Game.2007~><~Controls.511~><~Controls.46~> null
$kapcerz<~Controls.644~>101 <~Controls.645~><~Game.2035~> 557B6E
$Alexey'a<~Scribe.141~>359 <~Scribe.142~><~Game.2042~><~Scribe.143~><~Game.2035~><~Scribe.144~> 397410
$Alexey'a<~Scribe.141~>067 <~Scribe.142~><~Game.1899~><~Scribe.143~><~Game.1901~><~Scribe.144~> 8DE6CF
$Alexey'a<~Scribe.141~>064 <~Scribe.142~><~Game.1902~><~Scribe.143~><~Game.1906~><~Scribe.144~> AFCBA6
$Alexey'a<~Scribe.141~>064 <~Scribe.142~><~Game.1906~><~Scribe.143~><~Game.1902~><~Scribe.144~> 740A57
$Alexey'a<~Scribe.141~>073 072 <~Scribe.142~><~Game.1929~><~Scribe.143~><~Game.1925~><~Scribe.144~> B869F6
$Alexey'a<~Controls.644~>359 <~Controls.645~><~Game.2035~> EA99F4
$kapcerz<~HighlightLabel.81~>104<~HighlightLabel.82~><~Game.2043~><~HighlightLabel.83~><~Game.2035~> B37AB1
$kapcerz<~Scribe.141~>038 <~Scribe.142~><~Game.1954~><~Scribe.143~><~Game.1951~><~Scribe.144~> 2022C6
$kapcerz<~CardBuffet.14~>reveal 209 31E1BA8D4FE9B9B579BC14B864E65C92F670967B 2<~CardBuffet.15~><~Controls.46~><~CardBuffet.16~> 64CFAE
$kapcerz<~Scribe.141~>037 <~Scribe.142~><~Game.1969~><~Scribe.143~><~Game.1928~><~Scribe.144~> 53B5D6
<kapcerz> Lorien B5E6BB
$kapcerz<~Controls.840~>207 CB05BA
$Alexey'a<~Controls.840~>120 A274B1
<auto> playchosen 7B0707
<auto><~Controls.3~>reveal 120 17B8919D6D738D519FCA6977B5EA146ED6F44E38 7<~Controls.884~><~Controls.45~><~Controls.885~><~Game.2037~> 9864C2
<auto><~Controls.866~>reveal 207 CAED2E78AEB18CAAEA0B9189A75E6CEA2FC74FA0 22<~Controls.867~><~Controls.46~><~Controls.868~><~Game.2036~> BBF3A2
<auto> playchosen AFCDB1
$Alexey'a<~Scribe.141~>209 <~Scribe.142~><~Game.2036~><~Scribe.143~><~Game.2034~><~Scribe.144~> D53CC7
<game> kapcerz<~Controls.1~> 3 3 5 3 4 null
<game> kapcerz<~Controls.1~> 4 2 4 5 2 null
<game> Alexey'a<~Controls.1~> 3 4 5 4 null
<game> Alexey'a<~Controls.1~> 4 2 null
<Alexey'a> 1 CFEFAE
$kapcerz<~Scribe.141~>014 <~Scribe.142~><~Game.1928~><~Scribe.143~><~Game.2037~><~Scribe.144~> 5E9F08
$kapcerz<~Controls.509~>189<~Controls.510~><~Game.2007~><~Controls.511~><~Controls.46~> null
$kapcerz<~Scribe.141~>209 <~Scribe.142~><~Game.2034~><~Scribe.143~><~Game.2036~><~Scribe.144~> EEDDBA
$kapcerz<~Controls.644~>104 209 207 120 014 <~Controls.645~><~Game.2035~> 668A95
$Alexey'a<~Scribe.141~>212 <~Scribe.142~><~Game.2042~><~Scribe.143~><~Game.2035~><~Scribe.144~> 6C65B5
$Alexey'a<~Controls.790~>248<~Controls.791~><~Game.2014~><~Controls.792~><~Game.2015~> D87EE1
$Alexey'a<~Controls.795~>212<~Controls.796~><~Game.2035~><~Controls.797~><~Game.1997~> CDBE77
<game> kapcerz<~Controls.1~> 4 5 null
<game> kapcerz<~Controls.1~> 4 null
$kapcerz<~Controls.276~>102<~Controls.277~><~Game.2043~><~Controls.278~><~Game.2035~> 9005D1
$kapcerz<~CardBuffet.14~>reveal 189 4CD95EA7D97EF8BD9ACF7BDB465DC20265E2C12C 21<~CardBuffet.15~><~Controls.46~><~CardBuffet.16~> 4CA684
$kapcerz<~Scribe.141~>326 <~Scribe.142~><~Game.2040~><~Scribe.143~><~Game.1928~><~Scribe.144~> 764EB2
$kapcerz<~Controls.644~>102 189 <~Controls.645~><~Game.2035~> 9DAEE7
$Alexey'a<~Controls.726~>212 <~Controls.727~><~Game.1997~><~Controls.728~><~Game.2042~> DB3D5A
$Alexey'a<~Controls.731~>359 211 210 213 <~Controls.732~><~Game.2039~><~Controls.733~><~Game.2042~> 3A8AD7
$Alexey'a<~Controls.509~>126<~Controls.510~><~Game.2004~><~Controls.511~><~Controls.45~> null
$kapcerz<~Controls.757~>361 103 <~Controls.758~><~Game.1997~><~Controls.759~><~Game.2043~> 1A91F4
<~Game.7~>5 null
$kapcerz<~Controls.762~>102 104 101 360 105 099 100 <~Controls.763~><~Game.2041~><~Controls.764~><~Game.2043~> 52945D
$Alexey'a<~Controls.509~>113<~Controls.510~><~Game.2005~><~Controls.511~><~Controls.45~> null
$kapcerz<~Controls.509~>165<~Controls.510~><~Game.2006~><~Controls.511~><~Controls.46~> null
$kapcerz<~Controls.509~>176<~Controls.510~><~Game.2007~><~Controls.511~><~Controls.46~> null
$kapcerz<~Controls.372~>102 8D1639
$Alexey'a<~Scribe.141~>247 <~Scribe.142~><~Game.1951~><~Scribe.143~><~Game.1948~><~Scribe.144~> A26DF6
$kapcerz<~Controls.345~>104 101 360 105 099 100 361 103 <~Controls.346~>13 10 11 11 15 11 11 14 null
$kapcerz<~Controls.350~>104 101 360 105 099 100 361 103 null
$Alexey'a<~Scribe.141~>248 <~Scribe.142~><~Game.2015~><~Scribe.143~><~Game.2014~><~Scribe.144~> 23B766
$Alexey'a<~Controls.345~>359 211 210 213 212 <~Controls.346~>0 0 4 2 1 null
$Alexey'a<~Scribe.141~>211 <~Scribe.142~><~Game.2042~><~Scribe.143~><~Game.2035~><~Scribe.144~> DFFAE7
$Alexey'a<~Controls.790~>248<~Controls.791~><~Game.2014~><~Controls.792~><~Game.2015~> BFF41F
$Alexey'a<~Controls.795~>211<~Controls.796~><~Game.2035~><~Controls.797~><~Game.1997~> C09988
<game> kapcerz<~Controls.1~> 6 3 null
$kapcerz<~Controls.624~>223<~Controls.625~><~Game.2044~><~Controls.626~><~Game.2037~> null
$Alexey'a<~Scribe.141~>117 <~Scribe.142~><~Game.2029~><~Scribe.143~><~Game.2037~><~Scribe.144~> 1431F8
$Alexey'a<~Controls.644~>117 223 <~Controls.645~><~Game.2035~> F71C30
$kapcerz<~HighlightLabel.81~>101<~HighlightLabel.82~><~Game.2043~><~HighlightLabel.83~><~Game.2035~> 06F605
$kapcerz<~Scribe.141~>261 <~Scribe.142~><~Game.2002~><~Scribe.143~><~Game.2003~><~Scribe.144~> 2BA039
$kapcerz<~Controls.644~>101 <~Controls.645~><~Game.2035~> 51CB86
$Alexey'a<~Scribe.141~>359 <~Scribe.142~><~Game.2042~><~Scribe.143~><~Game.2035~><~Scribe.144~> 1D0EDE
$Alexey'a<~Controls.790~>248<~Controls.791~><~Game.2015~><~Controls.792~><~Game.2016~> A67F66
$Alexey'a<~Controls.795~>359<~Controls.796~><~Game.2035~><~Controls.797~><~Game.1997~> 54BC4D
<game> kapcerz<~Controls.1~> 6 4 null
$kapcerz<~Controls.624~>229<~Controls.625~><~Game.2044~><~Controls.626~><~Game.2037~> null
<Alexey'a> random 1A636B
$kapcerz<~Controls.637~>241<~Controls.638~><~Game.1999~><~Controls.639~><~Game.2036~> null
$Alexey'a<~Scribe.141~>242 <~Scribe.142~><~Game.1998~><~Scribe.143~><~Game.1999~><~Scribe.144~> 460FB5
$Alexey'a<~Controls.644~>241 229 <~Controls.645~><~Game.2035~> 1B5D3E
$kapcerz<~HighlightLabel.81~>103<~HighlightLabel.82~><~Game.2043~><~HighlightLabel.83~><~Game.2035~> 6D2686
$kapcerz<~CardBuffet.14~>reveal 165 35603088342A413BE193B9DAF269E362AB3767AA 12<~CardBuffet.15~><~Controls.46~><~CardBuffet.16~> B5B0B6
$kapcerz<~Scribe.141~>038 <~Scribe.142~><~Game.1951~><~Scribe.143~><~Game.1948~><~Scribe.144~> 940961
$kapcerz<~Scribe.141~>039 <~Scribe.142~><~Game.1954~><~Scribe.143~><~Game.1964~><~Scribe.144~> 93456D
$kapcerz<~Scribe.141~>040 <~Scribe.142~><~Game.1928~><~Scribe.143~><~Game.1976~><~Scribe.144~> D2865D
$Alexey'a<~Scribe.141~>247 <~Scribe.142~><~Game.1948~><~Scribe.143~><~Game.1976~><~Scribe.144~> 277FE5
$Alexey'a<~Controls.323~>247 6D87B3
$kapcerz<~Controls.644~>103 165 <~Controls.645~><~Game.2035~> 73DCF8
<Alexey'a> pass 716E63
$kapcerz<~HighlightLabel.81~>361<~HighlightLabel.82~><~Game.2043~><~HighlightLabel.83~><~Game.2035~> D2C1B4
<kapcerz> Lorien 14D6F3
$kapcerz<~Controls.840~>175 CF9B99
$Alexey'a<~Controls.840~>142 21DFF0
<auto> playchosen 9EAD69
<auto><~Controls.3~>reveal 142 5C800B9C12BA6EF53648DDB8EA42564CEE2B80A6 10<~Controls.884~><~Controls.45~><~Controls.885~><~Game.2037~> 83E69B
<auto><~Controls.866~>reveal 175 4D045EE61CB05548C92BAFDCD6B1361BA74BDDC5 17<~Controls.867~><~Controls.46~><~Controls.868~><~Game.2036~> 63770C
<auto> playchosen CAF35E
<game> kapcerz<~Controls.1~> 5 1 5 4 3 null
<game> kapcerz<~Controls.1~> 2 6 2 null
<game> Alexey'a<~Controls.1~> 5 3 2 3 null
<game> Alexey'a<~Controls.1~> 6 4 null
<kapcerz> 3 C27B5B
<Alexey'a> 3 + wk 85AB83
$Alexey'a<~Scribe.141~>265 <~Scribe.142~><~Game.1992~><~Scribe.143~><~Game.2037~><~Scribe.144~> BE9760
$Alexey'a<~Controls.304~>093 <~Controls.305~><~Game.1992~> 47D324
$Alexey'a<~Controls.313~>269 <~Controls.307~><~Controls.314~><~Game.1992~> 046006
<kapcerz> 2 + wk 7CC5C0
$kapcerz<~Scribe.141~>253 <~Scribe.142~><~Game.1928~><~Scribe.143~><~Game.2037~><~Scribe.144~> 01CD87
<Alexey'a> 2 than 6DEE49
<kapcerz> press 40B484
$kapcerz<~Controls.304~>035 <~Controls.305~><~Game.1928~> 761D2D
$kapcerz<~Controls.313~>014 <~Controls.307~><~Controls.314~><~Game.1928~> 7BB44A
$kapcerz<~Controls.662~>175 253 142 265 <~Controls.663~><~Game.2035~> 0B7559
<kapcerz> nc E13EEC
<Alexey'a> nc 6A712E
<game> kapcerz<~Controls.1~> 5 6 1 1 2 null
<game> kapcerz<~Controls.1~> 4 6 3 3 null
<kapcerz> 2 B7CA10
<game> Alexey'a<~Controls.1~> 4 5 2 null
<game> Alexey'a<~Controls.1~> 4 5 null
<Alexey'a> 2 8C52E4
$kapcerz<~Scribe.141~>007 015 <~Scribe.142~><~Game.1928~><~Scribe.143~><~Game.2037~><~Scribe.144~> 0E55E1
$Alexey'a<~Scribe.141~>092 <~Scribe.142~><~Game.1992~><~Scribe.143~><~Game.2036~><~Scribe.144~> B91E20
<kapcerz> press 197226
$kapcerz<~Controls.304~>334 <~Controls.305~><~Game.1928~> 5F9C9F
$kapcerz<~Controls.313~>013 <~Controls.307~><~Controls.314~><~Game.1928~> 571CCB
$Alexey'a<~Controls.662~>092 007 015 <~Controls.663~><~Game.2035~> C3A7D2
<kapcerz> nc BB84CA
<kapcerz> nc D199C9
<Alexey'a> nc 2C7947
<game> kapcerz<~Controls.1~> 1 1 3 6 3 null
<game> kapcerz<~Controls.1~> 6 5 5 1 null
<game> Alexey'a<~Controls.1~> 3 1 null
<game> Alexey'a<~Controls.1~> 4 1 null
$Alexey'a<~Scribe.141~>246 097 269 087 <~Scribe.142~><~Game.1992~><~Scribe.143~><~Game.2036~><~Scribe.144~> 25F9EA
$Alexey'a<~Scribe.141~>423 <~Scribe.142~><~Game.27~><~Scribe.143~><~Game.29~><~Scribe.144~> 7B093A
$kapcerz<~Controls.644~>361 246 097 269 087 <~Controls.645~><~Game.2035~> 1F08E0
<Alexey'a> pass CB7365
$Alexey'a<~Scribe.141~>414 <~Scribe.142~><~Game.2040~><~Scribe.143~><~Game.1928~><~Scribe.144~> 5AE7AB
$kapcerz<~HighlightLabel.81~>100<~HighlightLabel.82~><~Game.2043~><~HighlightLabel.83~><~Game.2035~> 69335C
$kapcerz<~CardBuffet.14~>reveal 176 0BC370BB8EBBB7966374CD791BCA9A3E0364700A 23<~CardBuffet.15~><~Controls.46~><~CardBuffet.16~> 6A904C
$kapcerz<~Scribe.141~>328 327 <~Scribe.142~><~Game.2040~><~Scribe.143~><~Game.1910~><~Scribe.144~> A25A70
$kapcerz<~Scribe.141~>330 329 <~Scribe.142~><~Game.2040~><~Scribe.143~><~Game.1914~><~Scribe.144~> 7A3FD4
$kapcerz<~Scribe.141~>324 323 <~Scribe.142~><~Game.2040~><~Scribe.143~><~Game.1919~><~Scribe.144~> 92FD93
$kapcerz<~Controls.644~>100 176 <~Controls.645~><~Game.2035~> 79B895
$Alexey'a<~Scribe.141~>213 <~Scribe.142~><~Game.2042~><~Scribe.143~><~Game.2035~><~Scribe.144~> EC59D1
$Alexey'a<~Controls.281~>213 <~Controls.282~><~Game.2035~><~Controls.283~><~Game.2042~> 87076C
$Alexey'a<~Scribe.141~>212 <~Scribe.142~><~Game.2042~><~Scribe.143~><~Game.2035~><~Scribe.144~> 7F9BB0
$Alexey'a<~Controls.323~>247 71EF1E
$Alexey'a<~Controls.644~>212 <~Controls.645~><~Game.2035~> BE861A
$kapcerz<~HighlightLabel.81~>105<~HighlightLabel.82~><~Game.2043~><~HighlightLabel.83~><~Game.2035~> F61C5A
$kapcerz<~Scribe.141~>037 319 318 326 001 013 014 <~Scribe.142~><~Game.1928~><~Scribe.143~><~Game.1930~><~Scribe.144~> 340798
$kapcerz<~Scribe.141~>056 052 051 050 <~Scribe.142~><~Game.1986~><~Scribe.143~><~Game.1984~><~Scribe.144~> 9AEE3A
$kapcerz<~Controls.644~>105 <~Controls.645~><~Game.2035~> 0521E3
$Alexey'a<~Scribe.141~>210 <~Scribe.142~><~Game.2042~><~Scribe.143~><~Game.2035~><~Scribe.144~> 027199
$Alexey'a<~Scribe.141~>073 072 <~Scribe.142~><~Game.1925~><~Scribe.143~><~Game.1923~><~Scribe.144~> 163A58
$Alexey'a<~Scribe.141~>074 070 069 <~Scribe.142~><~Game.1918~><~Scribe.143~><~Game.1923~><~Scribe.144~> 65AEA9
$Alexey'a<~Controls.644~>210 <~Controls.645~><~Game.2035~> 692558
$kapcerz<~HighlightLabel.81~>360<~HighlightLabel.82~><~Game.2043~><~HighlightLabel.83~><~Game.2035~> E47592
$kapcerz<~Scribe.141~>056 052 051 050 <~Scribe.142~><~Game.1984~><~Scribe.143~><~Game.1980~><~Scribe.144~> 803434
$kapcerz<~Scribe.141~>324 323 006 005 004 <~Scribe.142~><~Game.1919~><~Scribe.143~><~Game.1918~><~Scribe.144~> D4EC79
$kapcerz<~Scribe.141~>324 323 006 005 004 <~Scribe.142~><~Game.1918~><~Scribe.143~><~Game.1919~><~Scribe.144~> 2B1310
$kapcerz<~Scribe.141~>056 052 051 050 <~Scribe.142~><~Game.1980~><~Scribe.143~><~Game.1984~><~Scribe.144~> 702EAE
$kapcerz<~Controls.304~>005 004 <~Controls.305~><~Game.1919~> F7F3FF
$kapcerz<~Controls.313~>322 325 <~Controls.309~><~Controls.314~><~Game.1919~> E1AA83
$kapcerz<~Controls.644~>360 <~Controls.645~><~Game.2035~> E1E440
$Alexey'a<~Scribe.141~>213 <~Scribe.142~><~Game.2042~><~Scribe.143~><~Game.2035~><~Scribe.144~> 8CFC6D
$Alexey'a<~Controls.790~>248<~Controls.791~><~Game.2014~><~Controls.792~><~Game.2015~> 8D4DC5
$Alexey'a<~Controls.795~>213<~Controls.796~><~Game.2035~><~Controls.797~><~Game.1997~> CFAB63
$Alexey'a<~Scribe.141~>251 <~Scribe.142~><~Game.2010~><~Scribe.143~><~Game.2013~><~Scribe.144~> AD9AC7
<game> kapcerz<~Controls.1~> 2 5 null
<game> kapcerz<~Controls.1~> 4 null
$kapcerz<~Controls.624~>224<~Controls.625~><~Game.2044~><~Controls.626~><~Game.2037~> null
<Alexey'a> random D97311
$kapcerz<~Controls.637~>244<~Controls.638~><~Game.1998~><~Controls.639~><~Game.2036~> null
$Alexey'a<~Controls.644~>244 224 <~Controls.645~><~Game.2035~> A7676D
$kapcerz<~Controls.276~>104<~Controls.277~><~Game.2043~><~Controls.278~><~Game.2035~> 38EDDF
$kapcerz<~Scribe.141~>037 319 318 <~Scribe.142~><~Game.1930~><~Scribe.143~><~Game.1954~><~Scribe.144~> 164524
$kapcerz<~Scribe.141~>038 <~Scribe.142~><~Game.1948~><~Scribe.143~><~Game.1954~><~Scribe.144~> 831DF4
$kapcerz<~Scribe.141~>039 <~Scribe.142~><~Game.1964~><~Scribe.143~><~Game.1954~><~Scribe.144~> E2759F
$kapcerz<~Scribe.141~>040 <~Scribe.142~><~Game.1976~><~Scribe.143~><~Game.1930~><~Scribe.144~> 2DD765
$kapcerz<~Controls.644~>104 <~Controls.645~><~Game.2035~> 60B626
$Alexey'a<~Scribe.141~>247 <~Scribe.142~><~Game.1976~><~Scribe.143~><~Game.524~><~Scribe.144~> 3EB6BC
$kapcerz<~Controls.757~>099 102 <~Controls.758~><~Game.1997~><~Controls.759~><~Game.2043~> 463BDA
$kapcerz<~Controls.762~>104 360 105 100 361 103 101 <~Controls.763~><~Game.2041~><~Controls.764~><~Game.2043~> A36463
$kapcerz<~Controls.509~>173<~Controls.510~><~Game.2006~><~Controls.511~><~Controls.46~> null
$kapcerz<~Controls.509~>171<~Controls.510~><~Game.2007~><~Controls.511~><~Controls.46~> null
$Alexey'a<~Controls.281~>222 239 <~Controls.282~><~Game.2045~><~Controls.283~><~Game.2044~> 42D906
$kapcerz<~Controls.281~>101 <~Controls.282~><~Game.2043~><~Controls.283~><~Game.2040~> AC11DF
$Alexey'a<~Controls.726~>213 359 211 <~Controls.727~><~Game.1997~><~Controls.728~><~Game.2042~> 2E02F2
<~Game.7~>6 null
$Alexey'a<~Controls.731~>210 212 <~Controls.732~><~Game.2039~><~Controls.733~><~Game.2042~> E21AD2
$Alexey'a<~Controls.509~>107<~Controls.510~><~Game.2004~><~Controls.511~><~Controls.45~> null
$Alexey'a<~Controls.509~>150<~Controls.510~><~Game.2005~><~Controls.511~><~Controls.45~> null
<Alexey'a> fok 16B4DE
$kapcerz<~Controls.372~>104 BE349B
$kapcerz<~Controls.345~>360 105 100 361 103 099 102 <~Controls.346~>15 13 13 11 15 10 13 null
$kapcerz<~Controls.350~>360 105 100 361 103 099 102 null
$Alexey'a<~Scribe.141~>248 <~Scribe.142~><~Game.2015~><~Scribe.143~><~Game.2014~><~Scribe.144~> 069FA6
$Alexey'a<~Controls.345~>210 212 213 359 211 <~Controls.346~>1 0 4 1 2 null
$Alexey'a<~Scribe.141~>212 <~Scribe.142~><~Game.2042~><~Scribe.143~><~Game.2035~><~Scribe.144~> C578F2
$Alexey'a<~CardBuffet.9~>reveal 126 E980EDAF67D279264A32C2064DE0838690B97117 7<~CardBuffet.10~><~Controls.45~><~CardBuffet.11~> 40027F
$Alexey'a<~Controls.281~>233 <~Controls.282~><~Game.2046~><~Controls.283~><~Game.2044~> 26C3E4
$Alexey'a<~Controls.644~>212 126 <~Controls.645~><~Game.2035~> 6E4298
$kapcerz<~HighlightLabel.81~>099<~HighlightLabel.82~><~Game.2043~><~HighlightLabel.83~><~Game.2035~> 709A1D
$kapcerz<~Scribe.141~>255 <~Scribe.142~><~Game.2040~><~Scribe.143~><~Game.1956~><~Scribe.144~> C82CEB
$kapcerz<~Scribe.141~>362 <~Scribe.142~><~Game.2040~><~Scribe.143~><~Game.2037~><~Scribe.144~> 85921A
$kapcerz<~Controls.644~>099 362 <~Controls.645~><~Game.2035~> 880685
$Alexey'a<~Scribe.141~>359 <~Scribe.142~><~Game.2042~><~Scribe.143~><~Game.2035~><~Scribe.144~> 1201D5
$Alexey'a<~Controls.790~>247<~Controls.791~><~Game.524~><~Controls.792~><~Game.525~> 65F90E
$Alexey'a<~Controls.795~>359<~Controls.796~><~Game.2035~><~Controls.797~><~Game.1997~> 632D09
$kapcerz<~Controls.624~>216<~Controls.625~><~Game.2044~><~Controls.626~><~Game.2037~> null
$Alexey'a<~Scribe.141~>252 <~Scribe.142~><~Game.2015~><~Scribe.143~><~Game.2016~><~Scribe.144~> 1F1ECA
$Alexey'a<~Controls.323~>247 C3EE6B
$Alexey'a<~Controls.644~>216 <~Controls.645~><~Game.2035~> C71569
$kapcerz<~HighlightLabel.81~>102<~HighlightLabel.82~><~Game.2043~><~HighlightLabel.83~><~Game.2035~> 2E74DF
<kapcerz> WLR CAE0D9
$kapcerz<~Controls.840~>171 74EC1D
$Alexey'a<~Controls.840~>145 9AE360
<auto> playchosen 848419
<auto><~Controls.3~>reveal 145 BAFA876C0836D7FCB175A2C675C56003C3A6FF0B 5<~Controls.884~><~Controls.45~><~Controls.885~><~Game.2037~> A1990D
<auto><~Controls.866~>reveal 171 7CF4203675DD3C7BFE9B94C778E4F1F66357A65E 19<~Controls.867~><~Controls.46~><~Controls.868~><~Game.2036~> EA9E91
<auto> playchosen 68EB3E
<game> kapcerz<~Controls.1~> 2 3 1 1 4 null
<game> kapcerz<~Controls.1~> 6 4 3 4 4 null
<kapcerz> 4 164CE2
<game> Alexey'a<~Controls.1~> 1 1 1 6 2 null
<game> Alexey'a<~Controls.1~> 1 3 null
<Alexey'a> 2 B13F34
$kapcerz<~Scribe.141~>025 024 <~Scribe.142~><~Game.1954~><~Scribe.143~><~Game.2037~><~Scribe.144~> 1180D3
$Alexey'a<~Scribe.141~>094 <~Scribe.142~><~Game.1991~><~Scribe.143~><~Game.2037~><~Scribe.144~> 5B6321
$Alexey'a<~Controls.304~>266 <~Controls.305~><~Game.1991~> 15B3DC
$Alexey'a<~Controls.313~>269 <~Controls.308~><~Controls.314~><~Game.1991~> F94D16
$Alexey'a<~Controls.304~>302 <~Controls.305~><~Game.1991~> 44A3CF
$Alexey'a<~Controls.313~>305 <~Controls.308~><~Controls.314~><~Game.1991~> D006D6
<kapcerz> hmm B6C3AF
<kapcerz> press 13E5B1
$kapcerz<~Controls.304~>036 <~Controls.305~><~Game.1954~> 36B2BD
$kapcerz<~Controls.313~>007 <~Controls.307~><~Controls.314~><~Game.1954~> C51E44
$kapcerz<~Controls.662~>171 145 094 025 024 <~Controls.663~><~Game.2035~> DF1108
$kapcerz<~Controls.840~>184 E602CE
$Alexey'a<~Controls.840~>150 50D39A
<auto> playchosen C71630
<auto><~Controls.3~>reveal 150 3149F05755FBFC00D9754E3FDC6204AF190223E5 23<~Controls.884~><~Controls.45~><~Controls.885~><~Game.2037~> 01B971
<auto><~Controls.866~>reveal 184 D38816C5EB9329C82405EB9801BE636E2817AFCE 12<~Controls.867~><~Controls.46~><~Controls.868~><~Game.2036~> BC9DA4
<auto> playchosen 9F4590
$kapcerz<~Scribe.141~>027 026 <~Scribe.142~><~Game.1954~><~Scribe.143~><~Game.2036~><~Scribe.144~> 6A4C0E
<game> kapcerz<~Controls.1~> 6 4 2 3 3 null
<game> kapcerz<~Controls.1~> 1 1 3 null
<game> Alexey'a<~Controls.1~> 3 4 5 3 null
<kapcerz> 2 501292
<game> Alexey'a<~Controls.1~> 2 4 null
<Alexey'a> 2 FE41EC
$kapcerz<~Scribe.141~>007 010 <~Scribe.142~><~Game.1954~><~Scribe.143~><~Game.2037~><~Scribe.144~> 63F886
$Alexey'a<~Scribe.141~>269 088 <~Scribe.142~><~Game.1991~><~Scribe.143~><~Game.2037~><~Scribe.144~> 60195B
$kapcerz<~Controls.644~>102 184 027 026 150 007 010 269 088 <~Controls.645~><~Game.2035~> E6B89C
$Alexey'a<~Scribe.141~>210 <~Scribe.142~><~Game.2042~><~Scribe.143~><~Game.2035~><~Scribe.144~> ED53A6
$Alexey'a<~Controls.323~>247 566322
$Alexey'a<~Controls.644~>210 <~Controls.645~><~Game.2035~> FE8592
$kapcerz<~HighlightLabel.81~>361<~HighlightLabel.82~><~Game.2043~><~HighlightLabel.83~><~Game.2035~> 869152
$kapcerz<~Scribe.141~>322 325 324 323 <~Scribe.142~><~Game.1919~><~Scribe.143~><~Game.1918~><~Scribe.144~> 865CCE
$kapcerz<~Scribe.141~>056 052 051 050 <~Scribe.142~><~Game.1984~><~Scribe.143~><~Game.1980~><~Scribe.144~> D36807
$kapcerz<~Controls.644~>361 <~Controls.645~><~Game.2035~> 8F0783
$Alexey'a<~Scribe.141~>425 <~Scribe.142~><~Game.2042~><~Scribe.143~><~Game.2035~><~Scribe.144~> 3D717B
$Alexey'a<~Scribe.141~>257 <~Scribe.142~><~Game.2000~><~Scribe.143~><~Game.2001~><~Scribe.144~> 64A18C
$Alexey'a<~Controls.644~>425 <~Controls.645~><~Game.2035~> 69451C
$kapcerz<~HighlightLabel.81~>100<~HighlightLabel.82~><~Game.2043~><~HighlightLabel.83~><~Game.2035~> A85A50
$kapcerz<~CardBuffet.14~>reveal 183 E3583014C1B9F3B608656A2A9FEBB91C7C5C86ED 1<~CardBuffet.15~><~Controls.46~><~CardBuffet.16~> 608129
$kapcerz<~Scribe.141~>250 <~Scribe.142~><~Game.2012~><~Scribe.143~><~Game.2037~><~Scribe.144~> 1B43CC
$kapcerz<~Scribe.141~>040 326 001 013 014 <~Scribe.142~><~Game.1930~><~Scribe.143~><~Game.1921~><~Scribe.144~> 4DF36C
$kapcerz<~Scribe.141~>040 326 001 013 014 <~Scribe.142~><~Game.1921~><~Scribe.143~><~Game.1918~><~Scribe.144~> FE922C
$kapcerz<~Scribe.141~>056 052 051 050 <~Scribe.142~><~Game.1980~><~Scribe.143~><~Game.1970~><~Scribe.144~> CC9A79
$kapcerz<~Scribe.141~>056 052 051 050 <~Scribe.142~><~Game.1970~><~Scribe.143~><~Game.1954~><~Scribe.144~> 66D29C
$kapcerz<~Controls.644~>100 183 250 <~Controls.645~><~Game.2035~> B27024
$Alexey'a<~Scribe.141~>213 <~Scribe.142~><~Game.2042~><~Scribe.143~><~Game.2035~><~Scribe.144~> DC3ADB
$Alexey'a<~CardBuffet.9~>reveal 113 D8E0C1FED9E782B21067A12BBCF09BFC01C10355 12<~CardBuffet.10~><~Controls.45~><~CardBuffet.11~> DAD038
$Alexey'a<~Scribe.141~>272 275 <~Scribe.142~><~Game.2038~><~Scribe.143~><~Game.1920~><~Scribe.144~> 9757FF
$Alexey'a<~Controls.644~>213 113 <~Controls.645~><~Game.2035~> E14D46
$Alexey'a<~Scribe.141~>423 <~Scribe.142~><~Game.29~><~Scribe.143~><~Game.31~><~Scribe.144~> 045F5D
$kapcerz<~Controls.276~>105<~Controls.277~><~Game.2043~><~Controls.278~><~Game.2035~> 2630EC
<kapcerz> WLR 0F3DEF
$kapcerz<~Controls.840~>173 E24D78
<auto> playchosen 314A44
<auto><~Controls.866~>reveal 173 47F65FEFB25FA0C533CB09EE1DD4C34AD8BD2A36 19<~Controls.867~><~Controls.46~><~Controls.868~><~Game.2036~> C5031F
<kapcerz> ff1 8854AC
<game> kapcerz<~Controls.1~> 2 1 4 6 2 null
<game> kapcerz<~Controls.1~> 6 3 1 6 null
<game> Alexey'a<~Controls.1~> 3 1 null
<game> Alexey'a<~Controls.1~> 2 6 null
<Alexey'a> 1 A8B5DD
$Alexey'a<~Scribe.141~>098 296 305 065 <~Scribe.142~><~Game.1991~><~Scribe.143~><~Game.2037~><~Scribe.144~> 3F4380
$kapcerz<~Scribe.141~>028 <~Scribe.142~><~Game.1954~><~Scribe.143~><~Game.2037~><~Scribe.144~> 9046FE
$kapcerz<~Controls.644~>105 173 098 296 028 305 065 <~Controls.645~><~Game.2035~> FB8681
$Alexey'a<~Scribe.141~>211 <~Scribe.142~><~Game.2042~><~Scribe.143~><~Game.2035~><~Scribe.144~> E2512C
$Alexey'a<~Controls.509~>108<~Controls.510~><~Game.2004~><~Controls.511~><~Controls.45~> null
$Alexey'a<~Controls.644~>211 <~Controls.645~><~Game.2035~> DB731D
$Alexey'a<~Controls.726~>359 <~Controls.727~><~Game.1997~><~Controls.728~><~Game.2042~> D9D4F9
$Alexey'a<~Controls.731~>211 213 210 212 <~Controls.732~><~Game.2039~><~Controls.733~><~Game.2042~> 76F43A
$Alexey'a<~Controls.509~>125<~Controls.510~><~Game.2004~><~Controls.511~><~Controls.45~> null
$Alexey'a<~Controls.509~>146<~Controls.510~><~Game.2005~><~Controls.511~><~Controls.45~> null
<Alexey'a> fok 7AEEF2
$kapcerz<~Controls.757~>360 103 104 <~Controls.758~><~Game.1997~><~Controls.759~><~Game.2043~> 8F80DA
<~Game.7~>7 null
$kapcerz<~Controls.762~>105 100 361 102 099 362 <~Controls.763~><~Game.2041~><~Controls.764~><~Game.2043~> A2F78C
$kapcerz<~Controls.509~>194<~Controls.510~><~Game.2006~><~Controls.511~><~Controls.46~> null
$kapcerz<~Controls.509~>205<~Controls.510~><~Game.2007~><~Controls.511~><~Controls.46~> null
$kapcerz<~Controls.372~>105 C34672
$kapcerz<~Controls.345~>100 361 102 099 362 360 103 104 <~Controls.346~>10 12 15 13 14 14 11 12 null
$kapcerz<~Controls.350~>100 361 102 099 362 360 103 104 null
$Alexey'a<~Controls.345~>211 213 210 212 359 <~Controls.346~>4 4 1 0 3 null
$Alexey'a<~Scribe.141~>212 <~Scribe.142~><~Game.2042~><~Scribe.143~><~Game.2035~><~Scribe.144~> BE0152
$Alexey'a<~Controls.790~>247<~Controls.791~><~Game.525~><~Controls.792~><~Game.528~> 68C904
$Alexey'a<~Controls.795~>212<~Controls.796~><~Game.2035~><~Controls.797~><~Game.1997~> B96127
$kapcerz<~Controls.624~>214<~Controls.625~><~Game.2044~><~Controls.626~><~Game.2037~> null
$Alexey'a<~Controls.323~>247 40A1D2
$Alexey'a<~Controls.644~>214 <~Controls.645~><~Game.2035~> 4D5468
$Alexey'a<~Scribe.141~>423 <~Scribe.142~><~Game.31~><~Scribe.143~><~Game.32~><~Scribe.144~> 6BFF58
$Alexey'a<~Scribe.141~>413 <~Scribe.142~><~Game.2040~><~Scribe.143~><~Game.1954~><~Scribe.144~> 687DA8
$kapcerz<~HighlightLabel.81~>100<~HighlightLabel.82~><~Game.2043~><~HighlightLabel.83~><~Game.2035~> 80C1EA
$kapcerz<~Scribe.141~>345 <~Scribe.142~><~Game.2040~><~Scribe.143~><~Game.1987~><~Scribe.144~> CD59A5
$kapcerz<~Controls.644~>100 <~Controls.645~><~Game.2035~> 287072
$Alexey'a<~HighlightLabel.86~>359<~HighlightLabel.87~><~Game.2042~><~HighlightLabel.88~><~Game.2035~> DE3364
$Alexey'a<~CardBuffet.9~>reveal 146 C0DDFC20F993DA8C61B5D721506F2A4692D91ADB 18<~CardBuffet.10~><~Controls.45~><~CardBuffet.11~> 8C5C50
$Alexey'a<~Scribe.141~>283 289 <~Scribe.142~><~Game.2038~><~Scribe.143~><~Game.1923~><~Scribe.144~> 5FBF94
$Alexey'a<~Controls.644~>359 146 <~Controls.645~><~Game.2035~> F8502F
$kapcerz<~HighlightLabel.81~>103<~HighlightLabel.82~><~Game.2043~><~HighlightLabel.83~><~Game.2035~> 7E5A3D
$kapcerz<~Scribe.141~>346 <~Scribe.142~><~Game.2040~><~Scribe.143~><~Game.1987~><~Scribe.144~> 67853B
$kapcerz<~Controls.644~>103 <~Controls.645~><~Game.2035~> 1FA6C2
<Alexey'a> pass 7F00A8
$kapcerz<~HighlightLabel.81~>104<~HighlightLabel.82~><~Game.2043~><~HighlightLabel.83~><~Game.2035~> BC1A78
$kapcerz<~Scribe.141~>346 345 054 053 <~Scribe.142~><~Game.1987~><~Scribe.143~><~Game.1980~><~Scribe.144~> 83AEF4
$kapcerz<~Scribe.141~>039 038 037 319 318 056 052 051 050 009 029 <~Scribe.142~><~Game.1954~><~Scribe.143~><~Game.1970~><~Scribe.144~> 82C4E0
$kapcerz<~Scribe.141~>029 <~Scribe.142~><~Game.1970~><~Scribe.143~><~Game.1954~><~Scribe.144~> 3B9838
$kapcerz<~Controls.644~>104 <~Controls.645~><~Game.2035~> 0FC518
<Alexey'a> pass CC732F
$kapcerz<~HighlightLabel.81~>361<~HighlightLabel.82~><~Game.2043~><~HighlightLabel.83~><~Game.2035~> F96072
$kapcerz<~Scribe.141~>346 345 054 053 <~Scribe.142~><~Game.1980~><~Scribe.143~><~Game.1973~><~Scribe.144~> BC3240
$kapcerz<~Scribe.141~>039 038 037 319 318 056 052 051 050 009 <~Scribe.142~><~Game.1970~><~Scribe.143~><~Game.1973~><~Scribe.144~> 438107
$Alexey'a<~Scribe.141~>257 <~Scribe.142~><~Game.2001~><~Scribe.143~><~Game.2002~><~Scribe.144~> C4F87C
$kapcerz<~Controls.644~>361 <~Controls.645~><~Game.2035~> 7B08CC
$Alexey'a<~Scribe.141~>213 <~Scribe.142~><~Game.2042~><~Scribe.143~><~Game.2035~><~Scribe.144~> 6E9653
$Alexey'a<~Scribe.141~>067 <~Scribe.142~><~Game.1901~><~Scribe.143~><~Game.1903~><~Scribe.144~> 39DE8C
$Alexey'a<~Scribe.141~>064 <~Scribe.142~><~Game.1902~><~Scribe.143~><~Game.1906~><~Scribe.144~> A770BC
$Alexey'a<~Controls.644~>213 <~Controls.645~><~Game.2035~> 4ECD6C
$kapcerz<~HighlightLabel.81~>099<~HighlightLabel.82~><~Game.2043~><~HighlightLabel.83~><~Game.2035~> 5781F8
<kapcerz> Erebor 3F5835
$Alexey'a<~Scribe.141~>062 312 061 059 060 <~Scribe.142~><~Game.1965~><~Scribe.143~><~Game.1988~><~Scribe.144~> FE30AD
$kapcerz<~Scribe.141~>039 038 037 319 318 056 346 345 052 051 050 054 053 009 <~Scribe.142~><~Game.1973~><~Scribe.143~><~Game.1965~><~Scribe.144~> 1F3E8A
$kapcerz<~Scribe.141~>418 <~Scribe.142~><~Game.2040~><~Scribe.143~><~Game.1973~><~Scribe.144~> 9801A7
$kapcerz<~Controls.644~>099 <~Controls.645~><~Game.2035~> F3F8BE
$Alexey'a<~Scribe.141~>211 <~Scribe.142~><~Game.2042~><~Scribe.143~><~Game.2035~><~Scribe.144~> 2E76E7
$Alexey'a<~Scribe.141~>067 <~Scribe.142~><~Game.1903~><~Scribe.143~><~Game.1922~><~Scribe.144~> 1D9B10
$kapcerz<~Scribe.141~>257 <~Scribe.142~><~Game.2002~><~Scribe.143~><~Game.2003~><~Scribe.144~> 069158
$Alexey'a<~Scribe.141~>078 <~Scribe.142~><~Game.1931~><~Scribe.143~><~Game.1924~><~Scribe.144~> 1A7696
$Alexey'a<~Controls.644~>211 <~Controls.645~><~Game.2035~> B6F986
$Alexey'a<~Controls.819~> 8958AF
$Alexey'a<~Controls.819~> 42F019
$Alexey'a<~Scribe.141~>064 <~Scribe.142~><~Game.1906~><~Scribe.143~><~Game.1912~><~Scribe.144~> 39E1D8
$Alexey'a<~Controls.644~>211 <~Controls.645~><~Game.2035~> BF8345
$Alexey'a<~Scribe.141~>407 <~Scribe.142~><~Game.2038~><~Scribe.143~><~Game.1922~><~Scribe.144~> ED0AA4
$Alexey'a<~Scribe.141~>422 <~Scribe.142~><~Game.27~><~Scribe.143~><~Game.29~><~Scribe.144~> 05A4C1
$kapcerz<~HighlightLabel.81~>360<~HighlightLabel.82~><~Game.2043~><~HighlightLabel.83~><~Game.2035~> E87DD6
$kapcerz<~Controls.509~>178<~Controls.510~><~Game.2007~><~Controls.511~><~Controls.46~> null
$kapcerz<~Controls.644~>360 <~Controls.645~><~Game.2035~> 500BC8
$Alexey'a<~Scribe.141~>210 <~Scribe.142~><~Game.2042~><~Scribe.143~><~Game.2035~><~Scribe.144~> 75E69D
$Alexey'a<~Controls.323~>247 6EC3F5
$Alexey'a<~Controls.644~>210 <~Controls.645~><~Game.2035~> 5CFCE8
$kapcerz<~Controls.276~>362<~Controls.277~><~Game.2043~><~Controls.278~><~Game.2035~> A325EE
$kapcerz<~Scribe.141~>251 <~Scribe.142~><~Game.2013~><~Scribe.143~><~Game.2037~><~Scribe.144~> AAAD22
$kapcerz<~Scribe.141~>055 057 049 048 047 046 045 043 042 041 <~Scribe.142~><~Game.1932~><~Scribe.143~><~Game.1938~><~Scribe.144~> 3EF941
$kapcerz<~Scribe.141~>006 003 <~Scribe.142~><~Game.1919~><~Scribe.143~><~Game.1918~><~Scribe.144~> D6DF92
$kapcerz<~Controls.644~>362 251 <~Controls.645~><~Game.2035~> 4D85A7
$Alexey'a<~Controls.726~>212 <~Controls.727~><~Game.1997~><~Controls.728~><~Game.2042~> 2704FD
$Alexey'a<~Controls.731~>210 211 213 359 <~Controls.732~><~Game.2039~><~Controls.733~><~Game.2042~> CDABB8
$Alexey'a<~Controls.509~>136<~Controls.510~><~Game.2004~><~Controls.511~><~Controls.45~> null
$kapcerz<~Controls.757~>102 105 <~Controls.758~><~Game.1997~><~Controls.759~><~Game.2043~> 7930F3
<~Game.7~>8 null
$kapcerz<~Controls.762~>362 360 099 361 104 103 100 <~Controls.763~><~Game.2041~><~Controls.764~><~Game.2043~> E5517C
$Alexey'a<~Controls.509~>118<~Controls.510~><~Game.2005~><~Controls.511~><~Controls.45~> null
$kapcerz<~Controls.509~>174<~Controls.510~><~Game.2006~><~Controls.511~><~Controls.46~> null
$kapcerz<~Controls.509~>172<~Controls.510~><~Game.2007~><~Controls.511~><~Controls.46~> null
<Alexey'a> fok 2C5A5D
$kapcerz<~Controls.372~>362 58DF2C
$kapcerz<~Controls.345~>360 099 361 104 103 100 102 105 <~Controls.346~>11 15 10 14 10 10 11 14 null
$kapcerz<~Controls.350~>360 099 361 104 103 100 102 105 null
$Alexey'a<~Controls.345~>210 211 213 359 212 <~Controls.346~>1 1 3 1 4 null
$Alexey'a<~Scribe.141~>212 <~Scribe.142~><~Game.2042~><~Scribe.143~><~Game.2035~><~Scribe.144~> 37AA21
$Alexey'a<~Scribe.141~>064 <~Scribe.142~><~Game.1912~><~Scribe.143~><~Game.1917~><~Scribe.144~> 46B874
$Alexey'a<~Scribe.141~>071 <~Scribe.142~><~Game.1923~><~Scribe.143~><~Game.1925~><~Scribe.144~> 28F36C
$Alexey'a<~Controls.644~>212 <~Controls.645~><~Game.2035~> 1A0D4B
$Alexey'a<~Scribe.141~>408 <~Scribe.142~><~Game.2038~><~Scribe.143~><~Game.1917~><~Scribe.144~> A8F7C9
$Alexey'a<~Scribe.141~>422 <~Scribe.142~><~Game.29~><~Scribe.143~><~Game.31~><~Scribe.144~> 67A737
$kapcerz<~HighlightLabel.81~>105<~HighlightLabel.82~><~Game.2043~><~HighlightLabel.83~><~Game.2035~> 71255F
$kapcerz<~Controls.509~>196<~Controls.510~><~Game.2007~><~Controls.511~><~Controls.46~> null
$kapcerz<~Controls.644~>105 <~Controls.645~><~Game.2035~> 4046E5
<kapcerz> gg 17300F
<kapcerz> bye 613E04
<Alexey'a> bye 7CE685
<~Talker.22~> null
