<auto> silent null
<auto><~Scribe.141~>363 397 398 402 401 400 399 403 404 376 375 374 373 377 378 <~Scribe.142~><~Game.2038~><~Scribe.143~>Spare<~Scribe.144~> null
<auto><~Scribe.141~>365 366 379 380 381 382 383 384 385 386 387 388 389 390 391 392 393 394 395 396 367 368 369 370 371 372 <~Scribe.142~><~Game.2040~><~Scribe.143~>Spare<~Scribe.144~> null
<auto><~Scribe.141~>230 231 <~Scribe.142~><~Game.2044~><~Scribe.143~>Spare<~Scribe.144~> null
<auto><~Scribe.141~>155 152 <~Scribe.142~><~Game.2004~><~Scribe.143~>Spare<~Scribe.144~> null
<auto><~Scribe.141~>137 151 <~Scribe.142~><~Game.2005~><~Scribe.143~>Spare<~Scribe.144~> null
<auto><~Scribe.141~>161 198 <~Scribe.142~><~Game.2006~><~Scribe.143~>Spare<~Scribe.144~> null
<auto><~Scribe.141~>163 188 <~Scribe.142~><~Game.2007~><~Scribe.143~>Spare<~Scribe.144~> null
<auto><~Controls.323~>364 null
<auto> noisy null
<auto> silent null
<auto><~Scribe.141~>312 <~Scribe.142~><~Game.2038~><~Scribe.143~><~Game.1965~><~Scribe.144~> null
<auto> noisy null
<~Game.7~>1 null
<auto> silent null
<auto><~Scribe.141~>363 397 398 402 401 400 399 403 404 376 375 374 373 377 378 <~Scribe.142~><~Game.2038~><~Scribe.143~>Spare<~Scribe.144~> null
<auto><~Scribe.141~>365 366 379 380 381 382 383 384 385 386 387 388 389 390 391 392 393 394 395 396 367 368 369 370 371 372 <~Scribe.142~><~Game.2040~><~Scribe.143~>Spare<~Scribe.144~> null
<auto><~Scribe.141~>230 231 <~Scribe.142~><~Game.2044~><~Scribe.143~>Spare<~Scribe.144~> null
<auto><~Scribe.141~>155 152 <~Scribe.142~><~Game.2004~><~Scribe.143~>Spare<~Scribe.144~> null
<auto><~Scribe.141~>137 151 <~Scribe.142~><~Game.2005~><~Scribe.143~>Spare<~Scribe.144~> null
<auto><~Scribe.141~>161 198 <~Scribe.142~><~Game.2006~><~Scribe.143~>Spare<~Scribe.144~> null
<auto><~Scribe.141~>163 188 <~Scribe.142~><~Game.2007~><~Scribe.143~>Spare<~Scribe.144~> null
<auto><~Controls.323~>364 null
<auto> noisy null
$base silent null
$TEST<~Scribe.141~>312 <~Scribe.142~><~Game.2038~><~Scribe.143~><~Game.1965~><~Scribe.144~> null
$base noisy null
<game> Xirivia<~Controls.408~>[WOTR-Gandalf2 wotr base2] null
<~Talker.31~> null
<lavillorar> buenas! 
<Xirivia> HOLA 
<lavillorar> otra vez por aqu√≠, a ver c√≥mo se da la cosa 
<Xirivia> vamos a ver quÈ tal se me defender el touchdown 
<lavillorar> por frodo!! 
<lavillorar> jejeje 
$Xirivia<~Controls.479~>B2BFE5ED6799069ABB7FAB4580E5AB1EEC2B8B77 1B53B755FCD78A8EEDE4C8FB978A9027 24 FB0CF9B16AC6E7AC837E0916C499E7AB573500A0 443BA240CADC197CF6B7E4CC8B3420F7 35D05E368D65F96622E555B6F434DADC2387ECDD FCC3F2CE4F27F668D39393A75E4D317E 503F31D2511A0D5A69A490960C95172B013CAF5B C783E6675719BFF0D0DC4A10767BA89A C2975496981092C3BC38EC4939346D193EF47C24 E526FCA959775C38F23BA3435564ADE4 B04BC3F5AA8F85B54D4306B3C724C4A77865D4AB D7A63004A3A39FD2178C1F16E7FC9B84 5590E7915EB22C51CB83B162B2508F1D33E8F996 22F65981D7D8E01C5CF592201A0B4ACF 4CEAA86BB144D5AB8AE1969F75EB649C7E279F05 52249A90951711B6BEDA42C8B4AC2A83 F7FA829E536DE85547486C365284F8A86760AFBB 413E121C79BB1095037E877460F722BF 6B633B27523C2D37300275AB9225EA1C6BAB9C4C 996EAC9348EBA5ABDA7D78E20906801D BDED36D6E2593B211320F6A13236D06FCE2655D1 9622499965586DA1419260206A07B023 4E852B3F94CCE099A6CB05F6D065073C6A703D63 1037139E8901D368262B8610E52165A7 81ABD24044CF7F7B10DD7D4B9617F49319523563 B8717B2AB2ECC79651D58C0B9440E22C A9D975BABE1E89C3224464DFC1511A5B3D304AFB A1CA9B6B5C0CC50780898D209E1D9F35 D2F7D9E6B07ACD0BB571960FD759F9241A74285F 024AC76DEEC3FA78D34942B2CB1D722B 24E3F448E82B90DC51258091A8CDFD6A16F63C9F 397E139D77BF8F066AB1839F59D14310 967CBE0447F329970B1059438591273A09F56E8B 13CEF4759912C99E4C5A1D780F2E3976 250794F1C5977273015CCADCBF1038B9AF96FF6C 4A2BD701C5D220498A3DE84F93D67EED 97ED33B619910DA2610081CCEB93C4E13B6FC6E1 4EE930D2A8A0EFEEA37168CFF802B10C FE0597A5DCB19D856F673BF5050875F499D39078 48BC25B0E4D4A0242AEB1D0D9BDE8054 8C42D0BD4852C0CD90B8D92481EE78840AEEEF74 5B24AC730344B03DA6238E4B2E6FF157 BBBA18DFC9A00D41A5011E324B4122C6B7EB8078 2CC9873BA8CD2BE6B8CA06D815599305 F6F135407CD004507A577B722E39ED1324AA84AB A4898F23062B623183E57743F014C87C B8A229FEC4A6C3E358C70B813425F67D6A306BE1 F443DE3096B00BDA4700C6FB786A8A29 80A2697AB86C0B6648FAB911A83C527290F3F7F8 D999F95704F7D09B4F56DBBE8E44C3AA 24 6DAD2D216F0DE62E7A9E1D35BB2627BED4BBCD45 2135EA9F699FDE930D14C97391320F58 17434936AF1D514B2E7B6358AF38DD71DF34A219 6D50F59ABFA674658217B807EF2A4AB5 0B2B2DA6FD83C029A2AB1445A6E58F2244000494 37885FE291FC521BE3D27AFEFE627C39 309C1000D136C6942B2A60CF9EAABE0A1A210169 16389D62F250CCFE7935885F0C501C0D 35DEE1320A4DBBE1815DD1045994746E8829A92D 40E8D400AF4D63ACC8BE4192B42547A6 4D60C5CF8CF37A5A101E2C9D16147E29F9E7A271 508FDC2DC7AE65CBF31FE5057365D2E1 248C6272EF980CDE8D9C5F82AB9810D4ECB1C78C 4AAC220E1BEE3BED5E0FAC3C7A532EAB 7AD25D275F20C2D3D0E81CCD49045CEF9225A220 DB7C80F561765B219532A3F4C5643ACC B252046A766B04AC29806E4933B2AB42965B9105 E4D302925E9134D76C42EBCD6BFAA9C6 7AC9A5A24209E0014326FFD6C0840345ADEDE7B5 39548B855485544766CDA57338FEA8E3 300073C9DB11833BFF916E93BF6D33163FA5D2E2 A51304A4B89587135A3C011578345509 9CBAA606ADF34BFCC638008E5E573CB8AFCE85A8 31EAFB1E28DB4D5253FDEDEC15579A89 9FE8E176FEE83283149F724CB67B68DEE4A73E02 A5F121A89B26B137B8F840DBE44D4C80 55CA1FE8C88A361F76544BC945E39D013E1F4595 4FF97AD6D963B9E3ACB4A5373B183C88 5CFBCFBD537E63ADF58DD245ADEB40957918A5AB 02F293B62E2FA020B7CA0440C63BB975 AB1281C863F7DF1CC4C5690762CEA368B497906C 6196A0805A92BB8FA59329E79ACCBA59 A75B51255984D505BFBFD01C943CCD59CD657475 5DD3A598CB1C23A7AE2DBC8F8A6208A1 497D4698937EBA2DD3805553EB5CC4F16911153B FBB4C3A00DCB9122D6405309B98F6C8F FF3DAC0B868BCFCC0D59771DCAA984ADF9B39D6B 5ADBAAEC81713A0B9625B33370AC7F55 5D901D10CE1B577FD33B30B920469D10151C6340 F4BB85BB4C9E6B13BC518625320C3359 431A33A63306A913A64CB490FA3AF6212ECB4AA5 24335E7392263BBF8F2F35E20CF0311B C6B22E2B94E19E065274C9F8FC9EB0583D499B0E E7298CA2E4D2403236C3413C30CAAE1E 563E5F97C33CA65C15F51558155E1DD9E5081B05 E65342C1F6DEEAAE59C2EDC8C4A688E3 07F8D6C6468C75A82D9260193B82A481E07EDF1B B3491ACB95406E05080238FDF7CD1DF5 0 0 27C19F
<lavillorar> mucha suerte 
<Xirivia> igualmente 9AF717
$lavillorar<~Controls.464~>E95A5B385480CE178742389B727F043232BB840F A182F10360BE0F46C6A5CFC9E13349BE 24 4EFAB0CC64C6553D5169EB995EAB9DECF86CBA49 FCE755532A3E499900643A6262447567 0E73F929B2F60C853DDE9C8C3463A48A79E3A8EA DB6D3CF8CB414C5A183DB2BD0B86873B 361E0F32E5CD31506DD17B3D1F0AB827E41BBD72 A9FE65F46C6EF8961B0571C495CD81B5 D917F2E318E3BC323187ACA0CA932320729B47D3 FF91E0B18CC61CC4BBB1663602A1F03B FD4EE56E39EEFA915E7BB7ECFED685B1ABD30743 226B16B537E0CF5977266B8DF57AB796 AC11292EA03229721D1297BC2B9F0D5CACC295D5 D03BB43277CA586EF81E7E4F3D6F0D2D D19FD00A5401C187F04F2F81B8F5D741D50A1A70 3B2F88800B56BCC8BEDB3002B204C7F9 11A3EF84FC7F83220C05F1B5C31289EC5E6A5365 5521181A56B509B5FB74EB7344588328 7A934FC300160BA667F9629557DCD42F6A8DD254 4E86CDC89AA7BC76BFF7798E50DD1F99 F6E094B128390FE6FFD4EA6273D170B3CEF2C772 5AC679C065A33AE854B16B6E354F37A9 441A1751E5490A08F25CA288FF488B53448A65CC B711DE834BB4D3BCEB4C91BE27A8A502 36CA14D7610E9BB469D9F53323143EC54E93BF06 EEF00DC6D4FF06FC77A78CEC42315443 452828267C41011AB98B284FD9731F20556E68D1 5815345DB82556E4D87D2F6DE2FF2DEB 487DE85E2DDABA21F2C62FDD1947E39509FDF24E E32DB59D49EFF1203C59941331744E7A 880EB1A0B1F9E712CE6660BEA4A331182D56394D 16C4240230023E83C25DAF36018D8040 0B9EF908F9064B5BCB5018A394C9F9B245BE53A3 52653C095B8AD0965FDFCAACDB243F59 603925C06AF6460FD6BDA72DE2E90CB1A319B7CB 599C455F360F6EF705E13D4D576CD349 7F61A479535782E73293CFEAB4337A047A1F27D1 147F6B3018E8D04B01E2E8DCAD3530E3 93C6AD292417B1ABA46781CDD17A83DF0663577D 90D4705DFF030FE1A49DE7DB8CE5FD6B 41DA35020783BE6BEAAECFDAFA14A196A4A2C733 491794F880F867C025A1AC502A1D34CA 3A6F37B76707860A24302254D40893F1B95E1E69 ABD73A2DF88B7097C5DBA5409B71DBD3 D8A0E318F6B985565F7327576E89F370AE5BC40C D5429286072F3038348DD74666C4621D 17E7B0EBED3DC905218A5618D0E4CA056FD39301 9FD1EA773F1918D73336CD875511995E 41850D03842C42B8BEB79BB35766BDD5C47E92FD DE63716117FD02777A6F16E68DC515C7 24 7189BCAD54FB41E5FD6713072C54ECA75CC311FC E64B48DD2587E752DBCA7FBDDDF3E694 71DB38FC740B8E3DBEC745C0AE74E64799394549 500E27808C1CD728A62296DB5AFAFDC5 C60343C24B41AC678C941ABB87B644EC2BCBD18F FCD9CFFDB28C85654FFB04DC2B6D4873 7F84ABBF41B887837F5386F71D41A40E7FF34D57 59FC15A936AA2D9A4EDB4655A05AEC04 FE8626BE7C47D1556DD9751107DC43A2794FEA8C E3D520F121FF71DB46BD2858893CFC06 A44BEE5AC10E4236BEA5811F899BF452C08AD374 ED124BEE5A10189669001009C52A6896 F283A936C0D0DDEFBCB6B2AFCD6BB06EBFD2429A A02CB6705FE46FB11A7B048F1823379C 7D5C3AF3E40F70D70A09646CF470CE790BB2312D 4376A6BD32C12016D3937620427A6CE2 30AC6DEA263BAA90E41DDBAFE6630794113EC85B BC3A3C2F90552FAE4884D3A24CCAAA57 318BD43A4760A23F3D1A49E338136693A7BA126C 55AE62F068C1A0EFCC2A788E24F2E605 91D620E1AE698F8373F41E49D1FA3229342EFE8E C3B815CD8B3161F1F40DB5A66CFA929A 925AE839602AF0E425C42D406BA5ECE8D85F00D6 64DBAB819F024CD179769C8B8EF3D13C 64E2366C8224DD3618C3FDE0FE9D8C5B93581264 C8B7E19A599F9EED62C37D531321C37D F75319BCBFE099E4053C5CE38DF2D02B8BC0512E 73FA3818EA8DFEB2625C7FB2350604B1 80CAF4E7E852F22DAC89F5E935D99A8C96D06E0F DFAD14E3B960CEC57EE6FAE1B2276E05 89802FFD571A3BB2F9A41458B66AE2CD6CF3D612 C739195B537E1451F29E557DE2960E71 B93A0A0F2455BB1FA179250B1858ED6CFCA0C025 A292F6C39FF4F1B1550049110B9AA26C E84E126659BACE2BBE30B7971B0E3EDFEA720457 6D5D271E56CBD66BFB152EB3F405C6A3 402DC87ADFBED5723F24175754D0E116B9C9B47B AD0B98BBB18984E29A2120D2B71CB50C C2A1AEE84CDE563B60D2F0C70F1EFB0F62B3E7ED B433D5CE63E3C64A2F77F1A9DB054D46 5F13526D54AAA842A9E3C9903ECB0CE5767CD887 22A990E7C9C0D55422B3378AA23313F2 A8183C737055EA050B7B5F5D530F48D12EFAA269 AE19412E5F16D372A8AE62209E49BDE3 680F7263EC17E1AF11C468B48FA26ED345780D62 263298A2763F0A2E68D623658A583825 3D2AA1A852A93A17BE683BF36D478C768CA023AE B48FC75123D0BD9560C7A1D95683C7BE 0 0 93D3E3
$lavillorar<~Controls.509~>135<~Controls.510~><~Game.2004~><~Controls.511~><~Controls.45~> null
$lavillorar<~Controls.509~>150<~Controls.510~><~Game.2005~><~Controls.511~><~Controls.45~> null
$Xirivia<~Controls.509~>167<~Controls.510~><~Game.2006~><~Controls.511~><~Controls.46~> null
$Xirivia<~Controls.509~>186<~Controls.510~><~Game.2007~><~Controls.511~><~Controls.46~> null
$lavillorar<~CardBuffet.3~>150 <~CardBuffet.4~><~Controls.45~><~CardBuffet.5~><~Controls.45~> 3BEA5D
<lavillorar> fsp ok 3404BB
$Xirivia<~Controls.372~>105 D91882
$Xirivia<~Controls.345~>104 103 102 101 100 099 <~Controls.346~>14 11 14 13 12 10 null
$Xirivia<~Controls.350~>104 103 102 101 100 099 null
$lavillorar<~Controls.345~>213 212 211 210 <~Controls.346~>1 2 1 3 null
$lavillorar<~Scribe.141~>211 <~Scribe.142~><~Game.2042~><~Scribe.143~><~Game.2035~><~Scribe.144~> FBEBC3
$lavillorar<~Controls.790~>248<~Controls.791~><~Game.2014~><~Controls.792~><~Game.2015~> 747FA1
$lavillorar<~Controls.795~>211<~Controls.796~><~Game.2035~><~Controls.797~><~Game.1997~> D6484D
<lavillorar> a ver c√≥mo est√° la cosa C871D2
<game> Xirivia<~Controls.1~> 2 null
<Xirivia> agua 859841
$Xirivia<~HighlightLabel.81~>100<~HighlightLabel.82~><~Game.2043~><~HighlightLabel.83~><~Game.2035~> 2EF13E
$Xirivia<~Scribe.141~>039 036 029 028 027 026 <~Scribe.142~><~Game.1979~><~Scribe.143~><~Game.533~><~Scribe.144~> A9F381
$Xirivia<~Controls.819~> CFC164
$Xirivia<~Scribe.141~>039 036 029 028 027 026 <~Scribe.142~><~Game.1979~><~Scribe.143~><~Game.1977~><~Scribe.144~> E703F8
$Xirivia<~Scribe.141~>034 033 <~Scribe.142~><~Game.1971~><~Scribe.143~><~Game.1977~><~Scribe.144~> 3D2AD3
$Xirivia<~Controls.644~>100 <~Controls.645~><~Game.2035~> B58F7C
$lavillorar<~Scribe.141~>213 <~Scribe.142~><~Game.2042~><~Scribe.143~><~Game.2035~><~Scribe.144~> 8396ED
$lavillorar<~Controls.790~>248<~Controls.791~><~Game.2015~><~Controls.792~><~Game.2016~> 8330F7
$lavillorar<~Controls.795~>213<~Controls.796~><~Game.2035~><~Controls.797~><~Game.1997~> 8FB48B
<game> Xirivia<~Controls.1~> 4 null
<Xirivia> agua 5C329A
$Xirivia<~HighlightLabel.81~>103<~HighlightLabel.82~><~Game.2043~><~HighlightLabel.83~><~Game.2035~> DAA7E5
$Xirivia<~Scribe.141~>039 036 034 033 029 028 <~Scribe.142~><~Game.1977~><~Scribe.143~><~Game.1969~><~Scribe.144~> BAAF36
$Xirivia<~Scribe.141~>027 026 032 031 030 <~Scribe.142~><~Game.1977~><~Scribe.143~><~Game.1974~><~Scribe.144~> 267552
$Xirivia<~Controls.644~>103 <~Controls.645~><~Game.2035~> E4D290
<lavillorar> paso! 818A89
$Xirivia<~HighlightLabel.81~>102<~HighlightLabel.82~><~Game.2043~><~HighlightLabel.83~><~Game.2035~> 0BF9F5
$Xirivia<~Controls.509~>166<~Controls.510~><~Game.2006~><~Controls.511~><~Controls.46~> null
$Xirivia<~Controls.644~>102 <~Controls.645~><~Game.2035~> 7D827F
<lavillorar> paso 586A70
$Xirivia<~HighlightLabel.81~>099<~HighlightLabel.82~><~Game.2043~><~HighlightLabel.83~><~Game.2035~> 9A0FCC
$Xirivia<~Scribe.141~>262 <~Scribe.142~><~Game.2002~><~Scribe.143~><~Game.2003~><~Scribe.144~> 7ECF95
$Xirivia<~Controls.819~> B7035C
$Xirivia<~Scribe.141~>263 <~Scribe.142~><~Game.2002~><~Scribe.143~><~Game.2003~><~Scribe.144~> 146DB2
$Xirivia<~Controls.644~>099 <~Controls.645~><~Game.2035~> 9B97FD
<Xirivia> quÈ mal 5EC136
<Xirivia> xD 5376BC
<lavillorar> :-) 1217D0
$lavillorar<~Scribe.141~>212 <~Scribe.142~><~Game.2042~><~Scribe.143~><~Game.2035~><~Scribe.144~> 1FB6CE
<Xirivia> mi hija est· enseÒ·ndome una tarea y me he descontado de dados B9CC46
$lavillorar<~Scribe.141~>reveal 150 55E3E5837B959404A874B393F602135F48E74119 23 <~Scribe.142~><~Controls.45~><~Scribe.143~><~Game.2029~><~Scribe.144~> ABA967
<Xirivia> no se puede estar a dos cosas 2AE54E
$lavillorar<~Scribe.141~>256 <~Scribe.142~><~Game.2000~><~Scribe.143~><~Game.2001~><~Scribe.144~> 3955A9
$lavillorar<~Controls.509~>153<~Controls.510~><~Game.2005~><~Controls.511~><~Controls.45~> null
$lavillorar<~Controls.644~>212 <~Controls.645~><~Game.2035~> F18AA7
$Xirivia<~HighlightLabel.81~>104<~HighlightLabel.82~><~Game.2043~><~HighlightLabel.83~><~Game.2035~> 620547
$Xirivia<~CardBuffet.14~>reveal 166 2243C82712F36874E45FEF26EE0C4F302EBA0328 0<~CardBuffet.15~><~Controls.46~><~CardBuffet.16~> E5B7C6
$Xirivia<~Scribe.141~>166 <~Scribe.142~><~Game.2036~><~Scribe.143~><~Game.2030~><~Scribe.144~> F8CE69
$Xirivia<~Controls.644~>104 <~Controls.645~><~Game.2035~> A64882
<lavillorar> nooooo 408AA2
$lavillorar<~Scribe.141~>210 <~Scribe.142~><~Game.2042~><~Scribe.143~><~Game.2035~><~Scribe.144~> 9E77CC
$lavillorar<~Scribe.141~>256 <~Scribe.142~><~Game.2001~><~Scribe.143~><~Game.2002~><~Scribe.144~> CDB593
$lavillorar<~Controls.644~>210 <~Controls.645~><~Game.2035~> 305820
$Xirivia<~Controls.276~>101<~Controls.277~><~Game.2043~><~Controls.278~><~Game.2035~> 0390D7
$Xirivia<~Scribe.141~>039 037 036 034 033 029 028 020 019 018 017 016 <~Scribe.142~><~Game.1969~><~Scribe.143~><~Game.1955~><~Scribe.144~> B84E3C
$Xirivia<~Controls.644~>101 <~Controls.645~><~Game.2035~> 6B367A
$Xirivia<~Controls.757~>105 <~Controls.758~><~Game.1997~><~Controls.759~><~Game.2043~> 6FE91E
$Xirivia<~Controls.762~>101 104 099 102 103 100 <~Controls.763~><~Game.2041~><~Controls.764~><~Game.2043~> B34820
$lavillorar<~Controls.726~>213 211 <~Controls.727~><~Game.1997~><~Controls.728~><~Game.2042~> 34E32F
<~Game.7~>2 null
$lavillorar<~Controls.731~>210 212 <~Controls.732~><~Game.2039~><~Controls.733~><~Game.2042~> B0C093
$lavillorar<~Controls.509~>142<~Controls.510~><~Game.2004~><~Controls.511~><~Controls.45~> null
$lavillorar<~Controls.509~>146<~Controls.510~><~Game.2005~><~Controls.511~><~Controls.45~> null
$Xirivia<~Controls.509~>182<~Controls.510~><~Game.2006~><~Controls.511~><~Controls.46~> null
$Xirivia<~Controls.509~>207<~Controls.510~><~Game.2007~><~Controls.511~><~Controls.46~> null
<lavillorar> fsp ok 8C056C
$Xirivia<~Controls.372~>101 74B4EB
$Xirivia<~Controls.345~>104 099 102 103 100 105 <~Controls.346~>13 10 14 14 10 10 null
$Xirivia<~Controls.350~>104 099 102 103 100 105 null
<Xirivia> precioso C0ACE8
$lavillorar<~Controls.345~>210 212 213 211 <~Controls.346~>2 1 0 2 null
$lavillorar<~Scribe.141~>211 <~Scribe.142~><~Game.2042~><~Scribe.143~><~Game.2035~><~Scribe.144~> 9E4DEE
$lavillorar<~Scribe.141~>reveal 142 5DDA75C56B76AF12EF9FDBAD2FDC8BF8E3825D0B 0 <~Scribe.142~><~Controls.45~><~Scribe.143~><~Game.2031~><~Scribe.144~> D8096C
$lavillorar<~Controls.644~>211 <~Controls.645~><~Game.2035~> 8C5F58
<Xirivia> roba 863E9A
$lavillorar<~Controls.509~>109<~Controls.510~><~Game.2004~><~Controls.511~><~Controls.45~> null
<lavillorar> cierto, gracias DAC2C4
<Xirivia> que luego vendr·s llorando BB2EDD
<Xirivia> tevillorar FCE93E
<lavillorar> jajajaja 1A3564
<Xirivia> xD B5ADD3
<lavillorar> si no se llora en este juego, para qu√© jugamos? C482AA
$Xirivia<~HighlightLabel.81~>100<~HighlightLabel.82~><~Game.2043~><~HighlightLabel.83~><~Game.2035~> 2DE2A2
$Xirivia<~Scribe.141~>262 <~Scribe.142~><~Game.2002~><~Scribe.143~><~Game.2003~><~Scribe.144~> 791CCC
$Xirivia<~Controls.644~>100 <~Controls.645~><~Game.2035~> BAC0C7
$lavillorar<~Scribe.141~>212 <~Scribe.142~><~Game.2042~><~Scribe.143~><~Game.2035~><~Scribe.144~> BCCE6F
$lavillorar<~Controls.790~>248<~Controls.791~><~Game.2016~><~Controls.792~><~Game.2017~> A9A1F6
$lavillorar<~Controls.795~>212<~Controls.796~><~Game.2035~><~Controls.797~><~Game.1997~> 50C81A
<game> Xirivia<~Controls.1~> 3 null
$Xirivia<~HighlightLabel.81~>105<~HighlightLabel.82~><~Game.2043~><~HighlightLabel.83~><~Game.2035~> 9F58B6
$Xirivia<~Scribe.141~>254 360 <~Scribe.142~><~Game.2040~><~Scribe.143~><~Game.2037~><~Scribe.144~> 3FAA21
$Xirivia<~Scribe.141~>254 <~Scribe.142~><~Game.2037~><~Scribe.143~><~Game.1919~><~Scribe.144~> ADDBCA
$Xirivia<~Controls.644~>105 360 <~Controls.645~><~Game.2035~> 4735A3
<lavillorar> paso EA9CF9
$Xirivia<~HighlightLabel.81~>099<~HighlightLabel.82~><~Game.2043~><~HighlightLabel.83~><~Game.2035~> 47674E
$Xirivia<~Scribe.141~>320 321 <~Scribe.142~><~Game.2040~><~Scribe.143~><~Game.2037~><~Scribe.144~> CE2851
$Xirivia<~Controls.819~> DC05BD
$Xirivia<~Scribe.141~>321 <~Scribe.142~><~Game.2040~><~Scribe.143~><~Game.1974~><~Scribe.144~> 45DC88
$Xirivia<~Scribe.141~>341 <~Scribe.142~><~Game.2040~><~Scribe.143~><~Game.1956~><~Scribe.144~> 536534
$Xirivia<~Controls.644~>099 <~Controls.645~><~Game.2035~> E5B76D
<lavillorar> paso FBCCF4
$Xirivia<~HighlightLabel.81~>103<~HighlightLabel.82~><~Game.2043~><~HighlightLabel.83~><~Game.2035~> D19E14
$Xirivia<~Controls.819~> 4D05AB
$Xirivia<~HighlightLabel.81~>102<~HighlightLabel.82~><~Game.2043~><~HighlightLabel.83~><~Game.2035~> F2A2E4
$Xirivia<~CardBuffet.14~>reveal 182 D1DE5DF9619A54C18B65DAD26A507339CD739346 2<~CardBuffet.15~><~Controls.46~><~CardBuffet.16~> 18B993
$Xirivia<~Scribe.141~>038 <~Scribe.142~><~Game.1974~><~Scribe.143~><~Game.1917~><~Scribe.144~> B2E294
$Xirivia<~Scribe.141~>321 <~Scribe.142~><~Game.1974~><~Scribe.143~><~Game.1956~><~Scribe.144~> 5E696B
$Xirivia<~Scribe.141~>321 040 035 341 015 014 013 012 011 <~Scribe.142~><~Game.1956~><~Scribe.143~><~Game.1953~><~Scribe.144~> D001E6
$Xirivia<~Scribe.141~>038 008 007 <~Scribe.142~><~Game.1917~><~Scribe.143~><~Game.1927~><~Scribe.144~> F028F0
$Xirivia<~Controls.644~>102 182 <~Controls.645~><~Game.2035~> 9093A0
$lavillorar<~Scribe.141~>213 <~Scribe.142~><~Game.2042~><~Scribe.143~><~Game.2035~><~Scribe.144~> D4136C
$lavillorar<~Controls.790~>248<~Controls.791~><~Game.2017~><~Controls.792~><~Game.2018~> B0A411
$lavillorar<~Controls.795~>213<~Controls.796~><~Game.2035~><~Controls.797~><~Game.1997~> 8D2A58
<game> Xirivia<~Controls.1~> 6 null
<lavillorar> pensando 8AAE73
<lavillorar> si bast√≥n 1628ED
$lavillorar<~Scribe.141~>142 <~Scribe.142~><~Game.2031~><~Scribe.143~><~Game.2036~><~Scribe.144~> B92B6A
$Xirivia<~Controls.644~>142 <~Controls.645~><~Game.2035~> 924948
$Xirivia<~HighlightLabel.81~>104<~HighlightLabel.82~><~Game.2043~><~HighlightLabel.83~><~Game.2035~> AF44F9
$Xirivia<~Controls.819~> E94B91
$Xirivia<~HighlightLabel.81~>103<~HighlightLabel.82~><~Game.2043~><~HighlightLabel.83~><~Game.2035~> C05071
$Xirivia<~Controls.509~>160<~Controls.510~><~Game.2006~><~Controls.511~><~Controls.46~> null
$Xirivia<~Controls.644~>103 <~Controls.645~><~Game.2035~> 32102B
$lavillorar<~Scribe.141~>210 <~Scribe.142~><~Game.2042~><~Scribe.143~><~Game.2035~><~Scribe.144~> 35E09A
$lavillorar<~Controls.366~>251<~Controls.367~><~Game.2010~><~Controls.368~><~Game.2011~> F252F7
$lavillorar<~Controls.790~>248<~Controls.791~><~Game.2018~><~Controls.792~><~Game.2019~> 51E97A
$lavillorar<~Controls.795~>210<~Controls.796~><~Game.2035~><~Controls.797~><~Game.1997~> AE2FD8
<game> Xirivia<~Controls.1~> 6 null
$Xirivia<~Controls.819~> 3617F4
$Xirivia<~Controls.819~> 0105C3
$Xirivia<~Controls.16~> 1FD630
$Xirivia<~Controls.16~> D8DD16
<Xirivia> saco CEF0C2
<lavillorar> ok 999873
$Xirivia<~Controls.624~>226<~Controls.625~><~Game.2044~><~Controls.626~><~Game.2037~> null
$lavillorar<~Scribe.141~>252 <~Scribe.142~><~Game.2014~><~Scribe.143~><~Game.2016~><~Scribe.144~> E79893
$lavillorar<~Controls.644~>226 <~Controls.645~><~Game.2035~> 27C9B2
$Xirivia<~HighlightLabel.81~>104<~HighlightLabel.82~><~Game.2043~><~HighlightLabel.83~><~Game.2035~> 14FA25
$Xirivia<~Scribe.141~>321 040 035 341 015 014 013 012 011 <~Scribe.142~><~Game.1953~><~Scribe.143~><~Game.1927~><~Scribe.144~> D4D36A
$Xirivia<~Controls.644~>104 <~Controls.645~><~Game.2035~> 79A7F9
$lavillorar<~Controls.726~>210 213 212 <~Controls.727~><~Game.1997~><~Controls.728~><~Game.2042~> C47934
$lavillorar<~Controls.731~>211 <~Controls.732~><~Game.2039~><~Controls.733~><~Game.2042~> 4C2210
$Xirivia<~Controls.757~>101 <~Controls.758~><~Game.1997~><~Controls.759~><~Game.2043~> 7AEC5C
<~Game.7~>3 null
$Xirivia<~Controls.762~>104 103 102 099 105 360 100 <~Controls.763~><~Game.2041~><~Controls.764~><~Game.2043~> 2AC74D
$lavillorar<~Controls.509~>154<~Controls.510~><~Game.2004~><~Controls.511~><~Controls.45~> null
$lavillorar<~Controls.509~>106<~Controls.510~><~Game.2005~><~Controls.511~><~Controls.45~> null
$Xirivia<~Controls.509~>203<~Controls.510~><~Game.2006~><~Controls.511~><~Controls.46~> null
$Xirivia<~Controls.509~>170<~Controls.510~><~Game.2007~><~Controls.511~><~Controls.46~> null
<lavillorar> declaro D87471
$lavillorar<~Scribe.141~>247 <~Scribe.142~><~Game.1911~><~Scribe.143~><~Game.1915~><~Scribe.144~> A9A4EB
$lavillorar<~Scribe.141~>247 <~Scribe.142~><~Game.1915~><~Scribe.143~><~Game.1912~><~Scribe.144~> 319B84
$lavillorar<~Scribe.141~>247 <~Scribe.142~><~Game.1912~><~Scribe.143~><~Game.1917~><~Scribe.144~> 0D769D
$lavillorar<~Scribe.141~>247 <~Scribe.142~><~Game.1917~><~Scribe.143~><~Game.1927~><~Scribe.144~> 87134B
$lavillorar<~Scribe.141~>247 <~Scribe.142~><~Game.1927~><~Scribe.143~><~Game.1928~><~Scribe.144~> 9B548B
$lavillorar<~Scribe.141~>166 <~Scribe.142~><~Game.2030~><~Scribe.143~><~Game.2036~><~Scribe.144~> 2430F6
$lavillorar<~Controls.644~>166 <~Controls.645~><~Game.2035~> C5FA0A
<lavillorar> fsp ok 23CEE9
<Xirivia> baja 1 corr 19F695
<lavillorar> por? 60F88F
<lavillorar> aaa de curarse E4CF79
<lavillorar> si si 265B69
<Xirivia> declarar en un bastion BD3C35
$lavillorar<~Scribe.141~>252 <~Scribe.142~><~Game.2016~><~Scribe.143~><~Game.2015~><~Scribe.144~> E23D3E
$Xirivia<~Controls.372~>104 D2CFF0
<lavillorar> pensaba que era +1 corrupci√≥n y dudaba el por qu√© 37E6B2
<lavillorar> thx 9B30B4
$Xirivia<~Controls.345~>103 102 099 105 360 100 101 <~Controls.346~>14 11 10 12 15 14 10 null
$Xirivia<~Controls.350~>103 102 099 105 360 100 101 null
$lavillorar<~Controls.345~>211 210 213 212 <~Controls.346~>4 2 4 1 null
$lavillorar<~Scribe.141~>212 <~Scribe.142~><~Game.2042~><~Scribe.143~><~Game.2035~><~Scribe.144~> 7FD381
$lavillorar<~Controls.790~>248<~Controls.791~><~Game.2019~><~Controls.792~><~Game.2020~> AA85B4
$lavillorar<~Controls.795~>212<~Controls.796~><~Game.2035~><~Controls.797~><~Game.1997~> 08FA32
<game> Xirivia<~Controls.1~> 5 5 null
$Xirivia<~HighlightLabel.81~>105<~HighlightLabel.82~><~Game.2043~><~HighlightLabel.83~><~Game.2035~> 205D3F
$Xirivia<~Controls.644~>105 <~Controls.645~><~Game.2035~> 13028D
$Xirivia<~Controls.819~> F56E62
$Xirivia<~Controls.819~> A5E72C
$Xirivia<~HighlightLabel.81~>103<~HighlightLabel.82~><~Game.2043~><~HighlightLabel.83~><~Game.2035~> B02243
$Xirivia<~Controls.296~>160 <~Controls.297~><~Controls.46~> A3DCDD
$Xirivia<~Controls.296~>207 <~Controls.297~><~Controls.46~> BBC6F0
$Xirivia<~Scribe.141~>150 <~Scribe.142~><~Game.2029~><~Scribe.143~><~Game.2036~><~Scribe.144~> 4C8CA3
$Xirivia<~Controls.644~>103 150 <~Controls.645~><~Game.2035~> 94E281
<lavillorar> ¬ø? A5745D
<lavillorar> est√° ok? que me sale de todo en el chat C898EB
<Xirivia> quitÈ una carta de pj una de estrategia un dado y tu carta EDC4B5
<lavillorar> vale perfect E43BA2
<lavillorar> paso 2D9F79
$Xirivia<~HighlightLabel.81~>105<~HighlightLabel.82~><~Game.2043~><~HighlightLabel.83~><~Game.2035~> BE9DA6
<Xirivia> Lorien 3AFA3A
$lavillorar<~Scribe.141~>097 093 092 087 <~Scribe.142~><~Game.1928~><~Scribe.143~><~Game.1992~><~Scribe.144~> 0A598C
$Xirivia<~Scribe.141~>321 040 038 035 341 015 014 013 012 011 008 007 <~Scribe.142~><~Game.1927~><~Scribe.143~><~Game.1928~><~Scribe.144~> 3942F7
$lavillorar<~Scribe.141~>256 <~Scribe.142~><~Game.2002~><~Scribe.143~><~Game.2003~><~Scribe.144~> ECE2EE
$Xirivia<~Controls.644~>105 <~Controls.645~><~Game.2035~> AF4D42
$lavillorar<~Scribe.141~>213 <~Scribe.142~><~Game.2042~><~Scribe.143~><~Game.2035~><~Scribe.144~> A8E42A
$lavillorar<~Scribe.141~>reveal 153 565CD105CB2E81D9637E0111DB7B090F650D7053 21 <~Scribe.142~><~Controls.45~><~Scribe.143~><~Game.2037~><~Scribe.144~> 41D2C6
$lavillorar<~Scribe.141~>267 <~Scribe.142~><~Game.2038~><~Scribe.143~><~Game.2036~><~Scribe.144~> 3FA4F4
$lavillorar<~Scribe.141~>267 <~Scribe.142~><~Game.2036~><~Scribe.143~><~Game.1992~><~Scribe.144~> 7B67B0
$lavillorar<~Controls.509~>130<~Controls.510~><~Game.2005~><~Controls.511~><~Controls.45~> null
$lavillorar<~Controls.644~>213 153 <~Controls.645~><~Game.2035~> 34275C
$Xirivia<~HighlightLabel.81~>102<~HighlightLabel.82~><~Game.2043~><~HighlightLabel.83~><~Game.2035~> FD1025
$Xirivia<~Controls.819~> 15552E
$Xirivia<~HighlightLabel.81~>100<~HighlightLabel.82~><~Game.2043~><~HighlightLabel.83~><~Game.2035~> 442D64
$Xirivia<~CardBuffet.14~>reveal 167 017ADD6DADE58306ED9B38BA8BB61F2525479DD3 5<~CardBuffet.15~><~Controls.46~><~CardBuffet.16~> 6CDB23
<Xirivia> no muevo nazgul F107F4
<lavillorar> ok B6D657
<lavillorar> t√≠rale! 7A4410
<Xirivia> tiro 2/2@5 D25E93
<game> Xirivia<~Controls.1~> 2 4 null
<game> Xirivia<~Controls.1~> 5 4 null
<Xirivia> 1 3F1EDB
$Xirivia<~Controls.624~>222<~Controls.625~><~Game.2044~><~Controls.626~><~Game.2037~> null
<lavillorar> mmm E4357D
$lavillorar<~Controls.323~>247 B8977B
$lavillorar<~Scribe.141~>252 <~Scribe.142~><~Game.2015~><~Scribe.143~><~Game.2016~><~Scribe.144~> 9B63B8
<lavillorar> as√≠ C1DFDE
<Xirivia> puedes mover 1 31D469
<Xirivia> la cia BB2899
<lavillorar> por? no 008407
<Xirivia> has puesto un dado al inicio de turno 31A26E
<Xirivia> est·s en 1 paso CAFAB4
<Xirivia> al revelar, mueves 086B50
<lavillorar> aaa cierto A25B76
<lavillorar> que pon√≠a 0 25A715
<lavillorar> y ha sido al hacer flip EDFE6A
$lavillorar<~Scribe.141~>247 <~Scribe.142~><~Game.1928~><~Scribe.143~><~Game.1930~><~Scribe.144~> ED7FF8
<Xirivia> eso es 44A379
<lavillorar> listo! 240686
<lavillorar> es que sino no se puede jugar tu carta AF5A51
<Xirivia> si no, no podrÌa haber jugado al carta 655515
<lavillorar> tienes raz√≥n 57314B
$Xirivia<~Controls.644~>100 167 222 <~Controls.645~><~Game.2035~> F0FFB9
<lavillorar> paso 392CA7
$Xirivia<~HighlightLabel.81~>099<~HighlightLabel.82~><~Game.2043~><~HighlightLabel.83~><~Game.2035~> 38A78F
$Xirivia<~Scribe.141~>261 <~Scribe.142~><~Game.2001~><~Scribe.143~><~Game.2002~><~Scribe.144~> 7931BB
$Xirivia<~Controls.644~>099 <~Controls.645~><~Game.2035~> 70E9B7
$lavillorar<~Scribe.141~>210 <~Scribe.142~><~Game.2042~><~Scribe.143~><~Game.2035~><~Scribe.144~> 62C001
$lavillorar<~Scribe.141~>reveal 109 1FB5BC31AD7F356A69A35082042F9F468A9FC8DC 17 <~Scribe.142~><~Controls.45~><~Scribe.143~><~Game.2037~><~Scribe.144~> 4BA187
$lavillorar<~Scribe.141~>235 <~Scribe.142~><~Game.2046~><~Scribe.143~><~Game.2036~><~Scribe.144~> 994D0C
$lavillorar<~Controls.509~>115<~Controls.510~><~Game.2004~><~Controls.511~><~Controls.45~> null
$lavillorar<~Controls.644~>210 235 109 <~Controls.645~><~Game.2035~> 3B5315
$Xirivia<~HighlightLabel.81~>101<~HighlightLabel.82~><~Game.2043~><~HighlightLabel.83~><~Game.2035~> 15F53C
<Xirivia> se me ha rallado otra vez 270510
<Xirivia> quÈ raro 10FF5B
<Xirivia> sube tu los Hombres del Sur 127F14
$lavillorar<~Scribe.141~>261 <~Scribe.142~><~Game.2002~><~Scribe.143~><~Game.2003~><~Scribe.144~> EFB23C
<Xirivia> o baja, depende como lo veass 9B0329
$Xirivia<~Controls.644~>101 <~Controls.645~><~Game.2035~> 17B3FC
<lavillorar> no s√© por qu√© te pasa eso 108BE2
<lavillorar> si ves que te pasa con m√°s cosas, cargamos 171D8A
$lavillorar<~Scribe.141~>211 <~Scribe.142~><~Game.2042~><~Scribe.143~><~Game.2035~><~Scribe.144~> F5B27A
$lavillorar<~Scribe.141~>079 <~Scribe.142~><~Game.1943~><~Scribe.143~><~Game.1964~><~Scribe.144~> 2AE313
$lavillorar<~Scribe.141~>065 <~Scribe.142~><~Game.1941~><~Scribe.143~><~Game.1957~><~Scribe.144~> 5FF757
$Xirivia<~HighlightLabel.81~>102<~HighlightLabel.82~><~Game.2043~><~HighlightLabel.83~><~Game.2035~> B08B40
$Xirivia<~Controls.819~> 1E826F
$lavillorar<~Controls.296~>211 <~Controls.297~><~Game.2035~> F324C9
$Xirivia<~Controls.276~>102<~Controls.277~><~Game.2043~><~Controls.278~><~Game.2035~> E86669
$Xirivia<~Scribe.141~>253 361 <~Scribe.142~><~Game.2040~><~Scribe.143~><~Game.2037~><~Scribe.144~> 9425CB
$Xirivia<~Scribe.141~>253 <~Scribe.142~><~Game.2037~><~Scribe.143~><~Game.1928~><~Scribe.144~> 3EF22F
$Xirivia<~Controls.644~>102 361 <~Controls.645~><~Game.2035~> 60C7E7
$lavillorar<~Controls.726~>212 <~Controls.727~><~Game.1997~><~Controls.728~><~Game.2042~> 2503FE
$lavillorar<~Controls.731~>211 210 213 <~Controls.732~><~Game.2039~><~Controls.733~><~Game.2042~> CFC96A
$Xirivia<~Controls.757~>360 104 <~Controls.758~><~Game.1997~><~Controls.759~><~Game.2043~> 0FDB6E
<~Game.7~>4 null
$Xirivia<~Controls.762~>102 361 101 099 100 105 103 <~Controls.763~><~Game.2041~><~Controls.764~><~Game.2043~> 5F5E78
$Xirivia<~Controls.509~>158<~Controls.510~><~Game.2006~><~Controls.511~><~Controls.46~> null
$lavillorar<~Controls.509~>117<~Controls.510~><~Game.2004~><~Controls.511~><~Controls.45~> null
$Xirivia<~Controls.509~>196<~Controls.510~><~Game.2007~><~Controls.511~><~Controls.46~> null
$lavillorar<~Controls.509~>119<~Controls.510~><~Game.2005~><~Controls.511~><~Controls.45~> null
$lavillorar<~Controls.296~>117 <~Controls.297~><~Controls.45~> 1E95D3
$lavillorar<~Controls.296~>135 <~Controls.297~><~Controls.45~> 70ED4B
<lavillorar> cambio gu√≠a 496B35
$lavillorar<~Scribe.141~>241 <~Scribe.142~><~Game.1998~><~Scribe.143~><~Game.1999~><~Scribe.144~> 6915B8
$lavillorar<~Scribe.141~>240 <~Scribe.142~><~Game.1999~><~Scribe.143~><~Game.1998~><~Scribe.144~> EF2023
<lavillorar> fsp ok FB63A7
$Xirivia<~Controls.372~>102 35E663
$Xirivia<~Controls.372~>361 F30F2A
$Xirivia<~Controls.345~>101 099 100 105 103 360 104 <~Controls.346~>11 12 12 10 12 14 11 null
$Xirivia<~Controls.350~>101 099 100 105 103 360 104 null
$lavillorar<~Controls.345~>211 210 213 212 <~Controls.346~>3 4 2 1 null
$lavillorar<~Scribe.141~>211 <~Scribe.142~><~Game.2042~><~Scribe.143~><~Game.2035~><~Scribe.144~> 542809
$lavillorar<~Controls.323~>247 CE04C0
$lavillorar<~Controls.644~>211 <~Controls.645~><~Game.2035~> 2AE263
$Xirivia<~HighlightLabel.81~>105<~HighlightLabel.82~><~Game.2043~><~HighlightLabel.83~><~Game.2035~> CA99F0
$Xirivia<~Scribe.141~>340 <~Scribe.142~><~Game.2040~><~Scribe.143~><~Game.1956~><~Scribe.144~> 65C4E0
$Xirivia<~Scribe.141~>342 <~Scribe.142~><~Game.2040~><~Scribe.143~><~Game.1969~><~Scribe.144~> 82B6F7
$Xirivia<~Controls.644~>105 <~Controls.645~><~Game.2035~> D8CA73
$lavillorar<~Scribe.141~>212 <~Scribe.142~><~Game.2042~><~Scribe.143~><~Game.2035~><~Scribe.144~> EFA4FC
$lavillorar<~Controls.790~>248<~Controls.791~><~Game.2014~><~Controls.792~><~Game.2015~> 0CBE6A
$lavillorar<~Controls.795~>212<~Controls.796~><~Game.2035~><~Controls.797~><~Game.1997~> 32F618
<game> Xirivia<~Controls.1~> 3 3 null
$Xirivia<~HighlightLabel.81~>360<~HighlightLabel.82~><~Game.2043~><~HighlightLabel.83~><~Game.2035~> 3DA7B4
$Xirivia<~CardBuffet.14~>reveal 158 089138904395942F3467381B11DD142576CE971D 10<~CardBuffet.15~><~Controls.46~><~CardBuffet.16~> BC7B59
$Xirivia<~Controls.624~>228<~Controls.625~><~Game.2044~><~Controls.626~><~Game.2037~> null
<lavillorar> qu√© cosas BD3D34
<lavillorar> random! F8D33C
<Xirivia> dale AAD089
$lavillorar<~Controls.637~>243<~Controls.638~><~Game.1998~><~Controls.639~><~Game.2037~> null
$lavillorar<~Scribe.141~>252 <~Scribe.142~><~Game.2016~><~Scribe.143~><~Game.2017~><~Scribe.144~> 0D9513
$Xirivia<~Controls.644~>360 158 228 243 <~Controls.645~><~Game.2035~> 4F9493
<lavillorar> paso 9E6E01
$Xirivia<~HighlightLabel.81~>103<~HighlightLabel.82~><~Game.2043~><~HighlightLabel.83~><~Game.2035~> CB42B5
$Xirivia<~Scribe.141~>057 046 045 044 <~Scribe.142~><~Game.1946~><~Scribe.143~><~Game.1932~><~Scribe.144~> F74264
$Xirivia<~Scribe.141~>055 049 048 047 <~Scribe.142~><~Game.1968~><~Scribe.143~><~Game.1946~><~Scribe.144~> C9DDAF
$Xirivia<~Controls.644~>103 <~Controls.645~><~Game.2035~> E349F9
<lavillorar> paso EBBCD5
$lavillorar<~Controls.323~>260 2118F2
$lavillorar<~Controls.323~>259 258 257 667F5A
$lavillorar<~CardBuffet.3~>106 <~CardBuffet.4~><~Controls.45~><~CardBuffet.5~><~Controls.45~> 1BCAD2
$Xirivia<~HighlightLabel.81~>104<~HighlightLabel.82~><~Game.2043~><~HighlightLabel.83~><~Game.2035~> 9734C2
$Xirivia<~Scribe.141~>347 <~Scribe.142~><~Game.2040~><~Scribe.143~><~Game.1946~><~Scribe.144~> CD192B
$Xirivia<~Controls.644~>104 <~Controls.645~><~Game.2035~> EAB13C
<lavillorar> paso 4DF6F8
$Xirivia<~HighlightLabel.81~>100<~HighlightLabel.82~><~Game.2043~><~HighlightLabel.83~><~Game.2035~> 6C7930
$Xirivia<~Scribe.141~>347 055 049 <~Scribe.142~><~Game.1946~><~Scribe.143~><~Game.1932~><~Scribe.144~> 6130C9
$Xirivia<~Scribe.141~>048 047 <~Scribe.142~><~Game.1946~><~Scribe.143~><~Game.1938~><~Scribe.144~> 739388
$Xirivia<~Controls.644~>100 <~Controls.645~><~Game.2035~> 31B3A5
$lavillorar<~Scribe.141~>213 <~Scribe.142~><~Game.2042~><~Scribe.143~><~Game.2035~><~Scribe.144~> 634D84
$lavillorar<~Scribe.141~>reveal 115 690CE2464FA73B386A8B84FE95FDB63D1A0635A1 21 <~Scribe.142~><~Controls.45~><~Scribe.143~><~Game.2037~><~Scribe.144~> 29C5FC
$lavillorar<~Scribe.141~>252 <~Scribe.142~><~Game.2017~><~Scribe.143~><~Game.2016~><~Scribe.144~> 25BF76
$lavillorar<~Controls.644~>213 115 <~Controls.645~><~Game.2035~> EF9A1F
$Xirivia<~HighlightLabel.81~>101<~HighlightLabel.82~><~Game.2043~><~HighlightLabel.83~><~Game.2035~> E0CEA1
$Xirivia<~Scribe.141~>348 <~Scribe.142~><~Game.2040~><~Scribe.143~><~Game.1986~><~Scribe.144~> 3DE44C
$Xirivia<~Scribe.141~>339 <~Scribe.142~><~Game.2040~><~Scribe.143~><~Game.1917~><~Scribe.144~> DA4A07
$Xirivia<~Controls.644~>101 <~Controls.645~><~Game.2035~> 5310F6
$lavillorar<~Scribe.141~>210 <~Scribe.142~><~Game.2042~><~Scribe.143~><~Game.2035~><~Scribe.144~> 7D2FE3
$lavillorar<~Scribe.141~>260 <~Scribe.142~><~Game.2001~><~Scribe.143~><~Game.2002~><~Scribe.144~> 0955B1
$lavillorar<~Controls.644~>210 <~Controls.645~><~Game.2035~> 570584
$Xirivia<~Controls.276~>099<~Controls.277~><~Game.2043~><~Controls.278~><~Game.2035~> 09A007
$Xirivia<~Scribe.141~>027 026 032 031 030 025 024 023 022 021 <~Scribe.142~><~Game.1974~><~Scribe.143~><~Game.1976~><~Scribe.144~> 6D1086
$Xirivia<~Scribe.141~>056 348 052 051 050 <~Scribe.142~><~Game.1986~><~Scribe.143~><~Game.1984~><~Scribe.144~> 071164
$Xirivia<~Controls.644~>099 <~Controls.645~><~Game.2035~> 48A567
$Xirivia<~Controls.757~>361 102 <~Controls.758~><~Game.1997~><~Controls.759~><~Game.2043~> 431440
$Xirivia<~Controls.762~>099 101 100 104 103 360 105 <~Controls.763~><~Game.2041~><~Controls.764~><~Game.2043~> DBAE7A
$lavillorar<~Controls.726~>212 <~Controls.727~><~Game.1997~><~Controls.728~><~Game.2042~> 2FF180
<~Game.7~>5 null
$lavillorar<~Controls.731~>210 213 211 <~Controls.732~><~Game.2039~><~Controls.733~><~Game.2042~> 71F837
$Xirivia<~Controls.509~>208<~Controls.510~><~Game.2006~><~Controls.511~><~Controls.46~> null
$Xirivia<~Controls.509~>185<~Controls.510~><~Game.2007~><~Controls.511~><~Controls.46~> null
$lavillorar<~Controls.509~>108<~Controls.510~><~Game.2004~><~Controls.511~><~Controls.45~> null
$lavillorar<~Controls.509~>121<~Controls.510~><~Game.2005~><~Controls.511~><~Controls.45~> null
$lavillorar<~Controls.296~>121 <~Controls.297~><~Controls.45~> E69B31
$lavillorar<~Scribe.141~>240 <~Scribe.142~><~Game.1998~><~Scribe.143~><~Game.1999~><~Scribe.144~> 805C3D
$lavillorar<~Scribe.141~>241 <~Scribe.142~><~Game.1999~><~Scribe.143~><~Game.1998~><~Scribe.144~> 7E682B
$lavillorar<~Scribe.141~>247 <~Scribe.142~><~Game.1930~><~Scribe.143~><~Game.1937~><~Scribe.144~> 2A322F
$Xirivia<~Controls.372~>099 B48CC6
$lavillorar<~Scribe.141~>248 <~Scribe.142~><~Game.2015~><~Scribe.143~><~Game.2014~><~Scribe.144~> 2E606B
<lavillorar> fsp ok 744A53
$Xirivia<~Controls.345~>101 100 104 103 360 105 361 102 <~Controls.346~>11 10 11 13 12 13 10 15 null
$Xirivia<~Controls.350~>101 100 104 103 360 105 361 102 null
$lavillorar<~Controls.345~>210 213 211 212 <~Controls.346~>4 2 2 4 null
$lavillorar<~Scribe.141~>211 <~Scribe.142~><~Game.2042~><~Scribe.143~><~Game.2035~><~Scribe.144~> 906173
$lavillorar<~Scribe.141~>reveal 108 5AF6EB77C045B5784D6D97B6506D02CFDDFACF59 9 <~Scribe.142~><~Controls.45~><~Scribe.143~><~Game.2037~><~Scribe.144~> 0AF22F
$lavillorar<~Scribe.141~>232 <~Scribe.142~><~Game.2046~><~Scribe.143~><~Game.2036~><~Scribe.144~> FCF0DB
$lavillorar<~Controls.509~>148<~Controls.510~><~Game.2004~><~Controls.511~><~Controls.45~> null
$lavillorar<~Controls.644~>211 232 108 <~Controls.645~><~Game.2035~> 34A675
$Xirivia<~HighlightLabel.81~>361<~HighlightLabel.82~><~Game.2043~><~HighlightLabel.83~><~Game.2035~> AC5567
$Xirivia<~CardBuffet.14~>reveal 196 B7849D9D7C95AA98768F49F328ED644E940B1828 23<~CardBuffet.15~><~Controls.46~><~CardBuffet.16~> 304788
$Xirivia<~Scribe.141~>331 332 <~Scribe.142~><~Game.2040~><~Scribe.143~><~Game.1910~><~Scribe.144~> 566632
$Xirivia<~Scribe.141~>330 329 <~Scribe.142~><~Game.2040~><~Scribe.143~><~Game.1914~><~Scribe.144~> 1C7A72
$Xirivia<~Scribe.141~>323 322 <~Scribe.142~><~Game.2040~><~Scribe.143~><~Game.1919~><~Scribe.144~> 6AFCB5
$Xirivia<~Controls.644~>361 196 <~Controls.645~><~Game.2035~> 1B4949
$lavillorar<~Scribe.141~>212 <~Scribe.142~><~Game.2042~><~Scribe.143~><~Game.2035~><~Scribe.144~> 6097DF
$lavillorar<~Scribe.141~>260 <~Scribe.142~><~Game.2002~><~Scribe.143~><~Game.2003~><~Scribe.144~> 55E6B6
$lavillorar<~Controls.644~>212 <~Controls.645~><~Game.2035~> BBF5AF
$Xirivia<~HighlightLabel.81~>360<~HighlightLabel.82~><~Game.2043~><~HighlightLabel.83~><~Game.2035~> E05D0D
<Xirivia> North Ithilien, desde Dagorlad NC 1904AA
<lavillorar> nc 5635A3
<game> Xirivia<~Controls.1~> 6 5 4 2 6 null
<game> lavillorar<~Controls.1~> 5 null
$Xirivia<~Controls.296~>023 <~Controls.297~><~Game.1976~> 07170F
$lavillorar<~Scribe.141~>079 <~Scribe.142~><~Game.1964~><~Scribe.143~><~Game.2037~><~Scribe.144~> D3964B
$Xirivia<~Scribe.141~>027 026 032 031 030 025 024 022 021 <~Scribe.142~><~Game.1976~><~Scribe.143~><~Game.1964~><~Scribe.144~> DB01B2
$Xirivia<~Controls.644~>360 079 <~Controls.645~><~Game.2035~> D086C4
$lavillorar<~Scribe.141~>210 <~Scribe.142~><~Game.2042~><~Scribe.143~><~Game.2035~><~Scribe.144~> B4E5B0
$lavillorar<~Scribe.141~>270 <~Scribe.142~><~Game.2038~><~Scribe.143~><~Game.1944~><~Scribe.144~> 6C56BF
$lavillorar<~Scribe.141~>278 <~Scribe.142~><~Game.2038~><~Scribe.143~><~Game.1931~><~Scribe.144~> DFE2F5
$lavillorar<~Controls.644~>210 <~Controls.645~><~Game.2035~> 48A0FB
$Xirivia<~HighlightLabel.81~>103<~HighlightLabel.82~><~Game.2043~><~HighlightLabel.83~><~Game.2035~> ACB5C6
<Xirivia> Osgiliath, desde South Ithilien NC 4D5A65
<lavillorar> nc 252C2D
<game> Xirivia<~Controls.1~> 6 3 4 2 3 null
<game> lavillorar<~Controls.1~> 5 null
$Xirivia<~Controls.296~>018 <~Controls.297~><~Game.1955~> 72A616
$lavillorar<~Scribe.141~>080 <~Scribe.142~><~Game.1943~><~Scribe.143~><~Game.2037~><~Scribe.144~> F73D38
$Xirivia<~Scribe.141~>039 037 036 034 033 029 028 020 019 017 016 <~Scribe.142~><~Game.1955~><~Scribe.143~><~Game.1943~><~Scribe.144~> 18A93C
$Xirivia<~Controls.644~>103 080 <~Controls.645~><~Game.2035~> E50D8C
<lavillorar> paso 6078D2
$Xirivia<~HighlightLabel.81~>104<~HighlightLabel.82~><~Game.2043~><~HighlightLabel.83~><~Game.2035~> E6C141
<Xirivia> Fordos of isen 8596A9
<Xirivia> nc 46922D
<Xirivia> 8DFD7F
<lavillorar> mmm 32B39A
<lavillorar> leyendo D8F488
<lavillorar> nc A2399E
<game> Xirivia<~Controls.1~> 4 6 4 2 5 null
<game> Xirivia<~Controls.1~> 4 4 2 3 null
<Xirivia> 1 4A73D1
<game> lavillorar<~Controls.1~> 1 2 null
<game> lavillorar<~Controls.1~> 1 null
<lavillorar> 0 59AF76
<Xirivia> press 49C18C
$lavillorar<~Scribe.141~>069 <~Scribe.142~><~Game.1918~><~Scribe.143~><~Game.2037~><~Scribe.144~> 0BC916
$lavillorar<~Scribe.141~>259 <~Scribe.142~><~Game.2000~><~Scribe.143~><~Game.2001~><~Scribe.144~> 04A170
$lavillorar<~Scribe.141~>074 070 <~Scribe.142~><~Game.1918~><~Scribe.143~><~Game.1923~><~Scribe.144~> 808E20
<Xirivia> press 510D58
$Xirivia<~Scribe.141~>254 323 322 006 005 004 <~Scribe.142~><~Game.1919~><~Scribe.143~><~Game.1918~><~Scribe.144~> 6FA62D
$Xirivia<~Scribe.141~>254 <~Scribe.142~><~Game.1918~><~Scribe.143~><~Game.1919~><~Scribe.144~> D8EE2F
$Xirivia<~Controls.644~>104 069 <~Controls.645~><~Game.2035~> 2FC21D
<lavillorar> paso 841241
$Xirivia<~HighlightLabel.81~>101<~HighlightLabel.82~><~Game.2043~><~HighlightLabel.83~><~Game.2035~> A3750C
<Xirivia> Helm 61B76D
$lavillorar<~Scribe.141~>074 070 071 <~Scribe.142~><~Game.1923~><~Scribe.143~><~Game.1993~><~Scribe.144~> 171D9D
$Xirivia<~Scribe.141~>323 322 006 005 004 <~Scribe.142~><~Game.1918~><~Scribe.143~><~Game.1923~><~Scribe.144~> 9F7AC7
$lavillorar<~Scribe.141~>259 <~Scribe.142~><~Game.2001~><~Scribe.143~><~Game.2002~><~Scribe.144~> 3B22B2
$Xirivia<~Controls.644~>101 <~Controls.645~><~Game.2035~> C2F140
<lavillorar> paso F6FA18
$Xirivia<~HighlightLabel.81~>105<~HighlightLabel.82~><~Game.2043~><~HighlightLabel.83~><~Game.2035~> EB65F0
<Xirivia> Helm 377257
<lavillorar> leyendo C6C1B8
$Xirivia<~Controls.840~>185 5D6A3E
$lavillorar<~Controls.840~>106 FA67CB
<auto> playchosen BF28EE
<auto><~Controls.3~>reveal 106 0E062C2CC197F8A3F79E1995F6E00A6D41BBC611 7<~Controls.884~><~Controls.45~><~Controls.885~><~Game.2037~> EE811F
<auto><~Controls.866~>reveal 185 A8A3510D22DE59BFB46405A3935D51A092513251 7<~Controls.867~><~Controls.46~><~Controls.868~><~Game.2036~> 65977C
<auto> playchosen 7B14C0
<game> Xirivia<~Controls.1~> 6 5 4 6 3 null
<game> lavillorar<~Controls.1~> 5 2 null
<Xirivia> hecho D63872
<game> lavillorar<~Controls.1~> 3 null
<lavillorar> 1 CDD375
$Xirivia<~Controls.296~>005 <~Controls.297~><~Game.1923~> 11B325
$lavillorar<~Scribe.141~>074 070 071 <~Scribe.142~><~Game.1993~><~Scribe.143~><~Game.2037~><~Scribe.144~> 1E6A1E
$lavillorar<~Scribe.141~>259 <~Scribe.142~><~Game.2002~><~Scribe.143~><~Game.2003~><~Scribe.144~> 6D1FBD
$Xirivia<~Scribe.141~>423 <~Scribe.142~><~Game.27~><~Scribe.143~><~Game.29~><~Scribe.144~> 9E2DF2
$Xirivia<~Controls.644~>105 185 106 074 070 071 <~Controls.645~><~Game.2035~> 50907A
<lavillorar> pon uin marcador por si acaso B83E6E
$lavillorar<~Scribe.141~>213 <~Scribe.142~><~Game.2042~><~Scribe.143~><~Game.2035~><~Scribe.144~> D6F115
$Xirivia<~Scribe.141~>416 <~Scribe.142~><~Game.2040~><~Scribe.143~><~Game.1923~><~Scribe.144~> D7951C
$lavillorar<~Scribe.141~>reveal 146 633006567BF9D05EEA886518F252CF73E82CEE2F 14 <~Scribe.142~><~Controls.45~><~Scribe.143~><~Game.2037~><~Scribe.144~> 807513
$lavillorar<~Scribe.141~>271 276 <~Scribe.142~><~Game.2038~><~Scribe.143~><~Game.2037~><~Scribe.144~> DA3A93
$lavillorar<~Scribe.141~>271 276 <~Scribe.142~><~Game.2037~><~Scribe.143~><~Game.1944~><~Scribe.144~> AC5153
$lavillorar<~Controls.644~>213 146 <~Controls.645~><~Game.2035~> 01E1C6
$Xirivia<~HighlightLabel.81~>100<~HighlightLabel.82~><~Game.2043~><~HighlightLabel.83~><~Game.2035~> B5BA41
$Xirivia<~Controls.304~>002 003 <~Controls.305~><~Game.1919~> 82AF13
$Xirivia<~Controls.313~>325 326 <~Controls.309~><~Controls.314~><~Game.1919~> AB0A15
<Xirivia> voz 0F6E74
$Xirivia<~Controls.644~>100 <~Controls.645~><~Game.2035~> 884C98
$lavillorar<~Controls.731~>213 210 212 211 <~Controls.732~><~Game.2039~><~Controls.733~><~Game.2042~> A4A39C
$Xirivia<~Controls.757~>102 099 <~Controls.758~><~Game.1997~><~Controls.759~><~Game.2043~> 096581
<~Game.7~>6 null
$Xirivia<~Controls.762~>100 105 101 104 103 360 361 <~Controls.763~><~Game.2041~><~Controls.764~><~Game.2043~> B06646
$lavillorar<~Controls.509~>116<~Controls.510~><~Game.2004~><~Controls.511~><~Controls.45~> null
$lavillorar<~Controls.509~>156<~Controls.510~><~Game.2005~><~Controls.511~><~Controls.45~> null
$Xirivia<~Controls.509~>179<~Controls.510~><~Game.2006~><~Controls.511~><~Controls.46~> null
$Xirivia<~Controls.509~>189<~Controls.510~><~Game.2007~><~Controls.511~><~Controls.46~> null
<lavillorar> fsp ok 3D1136
$Xirivia<~Controls.372~>100 BBC2F1
$Xirivia<~Controls.345~>105 101 104 103 360 361 102 099 <~Controls.346~>11 13 12 15 11 13 12 14 null
$Xirivia<~Controls.350~>105 101 104 103 360 361 102 099 null
$lavillorar<~Controls.345~>213 210 212 211 <~Controls.346~>1 2 2 0 null
$lavillorar<~Scribe.141~>213 <~Scribe.142~><~Game.2042~><~Scribe.143~><~Game.2035~><~Scribe.144~> E7C7AA
$lavillorar<~Controls.790~>248<~Controls.791~><~Game.2014~><~Controls.792~><~Game.2015~> F89BD3
$lavillorar<~Controls.795~>213<~Controls.796~><~Game.2035~><~Controls.797~><~Game.1997~> D640D3
<game> Xirivia<~Controls.1~> 6 1 null
$Xirivia<~Controls.624~>219<~Controls.625~><~Game.2044~><~Controls.626~><~Game.2037~> null
<Xirivia> 1r 704B40
$lavillorar<~Scribe.141~>240 <~Scribe.142~><~Game.1999~><~Scribe.143~><~Game.2035~><~Scribe.144~> 63973B
$lavillorar<~Controls.323~>247 3DDC02
$lavillorar<~Controls.644~>240 219 <~Controls.645~><~Game.2035~> A1DF96
$lavillorar<~Scribe.141~>247 <~Scribe.142~><~Game.1937~><~Scribe.143~><~Game.1948~><~Scribe.144~> F97967
$lavillorar<~Scribe.141~>241 <~Scribe.142~><~Game.1998~><~Scribe.143~><~Game.1999~><~Scribe.144~> 5F83DE
$Xirivia<~HighlightLabel.81~>104<~HighlightLabel.82~><~Game.2043~><~HighlightLabel.83~><~Game.2035~> 51E3E2
<Xirivia> MT A99C32
$lavillorar<~Scribe.141~>271 270 085 276 084 083 082 081 <~Scribe.142~><~Game.1944~><~Scribe.143~><~Game.1994~><~Scribe.144~> 08A6B7
$Xirivia<~Scribe.141~>039 037 036 034 033 029 028 020 019 017 <~Scribe.142~><~Game.1943~><~Scribe.143~><~Game.1944~><~Scribe.144~> 660A68
$Xirivia<~Controls.644~>104 <~Controls.645~><~Game.2035~> D66E64
$lavillorar<~Scribe.141~>211 <~Scribe.142~><~Game.2042~><~Scribe.143~><~Game.2035~><~Scribe.144~> BAB7D2
$lavillorar<~Scribe.141~>240 <~Scribe.142~><~Game.2039~><~Scribe.143~><~Game.2037~><~Scribe.144~> B939C2
$lavillorar<~Scribe.141~>358 <~Scribe.142~><~Game.2038~><~Scribe.143~><~Game.2036~><~Scribe.144~> EE2A43
$lavillorar<~Scribe.141~>240 <~Scribe.142~><~Game.2037~><~Scribe.143~><~Game.1921~><~Scribe.144~> 67D726
$lavillorar<~Controls.323~>240 242063
$lavillorar<~Controls.644~>211 358 <~Controls.645~><~Game.2035~> D0F747
$Xirivia<~HighlightLabel.81~>360<~HighlightLabel.82~><~Game.2043~><~HighlightLabel.83~><~Game.2035~> 39B195
$Xirivia<~Scribe.141~>005 328 327 <~Scribe.142~><~Game.2040~><~Scribe.143~><~Game.2037~><~Scribe.144~> 5D4C5A
$Xirivia<~Scribe.141~>005 <~Scribe.142~><~Game.2037~><~Scribe.143~><~Game.1919~><~Scribe.144~> FBF16A
$Xirivia<~Scribe.141~>328 <~Scribe.142~><~Game.2037~><~Scribe.143~><~Game.1914~><~Scribe.144~> 6339DE
$Xirivia<~Scribe.141~>327 <~Scribe.142~><~Game.2037~><~Scribe.143~><~Game.1910~><~Scribe.144~> F92983
$Xirivia<~Controls.644~>360 <~Controls.645~><~Game.2035~> F5F7DD
<Xirivia> voz 8BC88D
$lavillorar<~Scribe.141~>212 <~Scribe.142~><~Game.2042~><~Scribe.143~><~Game.2035~><~Scribe.144~> 18AD7D
$lavillorar<~Controls.323~>247 746DEE
$lavillorar<~Controls.644~>212 <~Controls.645~><~Game.2035~> 153BE9
$Xirivia<~HighlightLabel.81~>102<~HighlightLabel.82~><~Game.2043~><~HighlightLabel.83~><~Game.2035~> 57877F
$Xirivia<~Scribe.141~>027 026 032 031 030 025 024 022 021 <~Scribe.142~><~Game.1964~><~Scribe.143~><~Game.1943~><~Scribe.144~> 2DB643
$Xirivia<~Scribe.141~>328 330 329 000 <~Scribe.142~><~Game.1914~><~Scribe.143~><~Game.1916~><~Scribe.144~> 0D28DB
$Xirivia<~Controls.644~>102 <~Controls.645~><~Game.2035~> 03D5EE
<lavillorar> paso 7A6B9F
$Xirivia<~HighlightLabel.81~>361<~HighlightLabel.82~><~Game.2043~><~HighlightLabel.83~><~Game.2035~> 0F4DF8
$Xirivia<~Controls.819~> E09E4B
$Xirivia<~HighlightLabel.81~>105<~HighlightLabel.82~><~Game.2043~><~HighlightLabel.83~><~Game.2035~> 2FFB24
$Xirivia<~Scribe.141~>328 330 329 000 <~Scribe.142~><~Game.1916~><~Scribe.143~><~Game.1919~><~Scribe.144~> 109A1D
$Xirivia<~Scribe.141~>323 322 006 004 <~Scribe.142~><~Game.1923~><~Scribe.143~><~Game.1925~><~Scribe.144~> 39844D
$Xirivia<~Controls.644~>105 <~Controls.645~><~Game.2035~> 09EEE3
$Xirivia<~Scribe.141~>420 <~Scribe.142~><~Game.2040~><~Scribe.143~><~Game.1925~><~Scribe.144~> 645182
<lavillorar> paso 42BC73
$Xirivia<~HighlightLabel.81~>101<~HighlightLabel.82~><~Game.2043~><~HighlightLabel.83~><~Game.2035~> A1888B
<Xirivia> Edoras NC EFD81C
$lavillorar<~Controls.840~>154 6E1CE5
<auto> playchosen 9C7C96
<auto><~Controls.861~>reveal 154 A50F4B81391923991A6DB9EE7F5A1BD394048D96 20<~Controls.862~><~Controls.45~><~Controls.863~><~Game.2037~> 74EE12
<Xirivia> no vale B6604E
<lavillorar> no era esa 58ADEC
<lavillorar> jaja D8C35D
$lavillorar<~CardBuffet.3~>154 <~CardBuffet.4~><~Game.2037~><~CardBuffet.5~><~Controls.45~> 007168
<lavillorar> nc venga 4286FF
<game> Xirivia<~Controls.1~> 5 3 6 1 null
<game> Xirivia<~Controls.1~> 5 2 6 null
<Xirivia> 2 47F6A3
<game> lavillorar<~Controls.1~> 5 1 null
<lavillorar> 1 05E2DD
$lavillorar<~Scribe.141~>073 <~Scribe.142~><~Game.1929~><~Scribe.143~><~Game.2037~><~Scribe.144~> FEEF99
$Xirivia<~Controls.304~>322 <~Controls.305~><~Game.1925~> BCBAD6
$Xirivia<~Controls.313~>002 <~Controls.307~><~Controls.314~><~Game.1925~> A29D0F
<Xirivia> press 21C25D
<lavillorar> me quedo 074CBC
$Xirivia<~Controls.296~>073 <~Controls.297~><~Game.2037~> 516677
<Xirivia> nc EF5A37
<lavillorar> nc C1BBE0
<game> Xirivia<~Controls.1~> 4 6 5 2 null
<game> lavillorar<~Controls.1~> 4 null
$lavillorar<~Scribe.141~>072 <~Scribe.142~><~Game.1929~><~Scribe.143~><~Game.2037~><~Scribe.144~> 2D660A
$Xirivia<~Scribe.141~>004 <~Scribe.142~><~Game.1925~><~Scribe.143~><~Game.1929~><~Scribe.144~> 00E5E9
$Xirivia<~Scribe.141~>412 <~Scribe.142~><~Game.2040~><~Scribe.143~><~Game.1929~><~Scribe.144~> D7A907
<Xirivia> no sÈ si es necesario llevar a alguien EB2858
<lavillorar> si quieres el punto s√≠ 2A4F2D
<Xirivia> ok 1913AD
<lavillorar> sino no tienes por qu√© creo 2A6B1E
$Xirivia<~Controls.644~>101 072 <~Controls.645~><~Game.2035~> BA3CD4
<lavillorar> paso D2AD91
$Xirivia<~Scribe.141~>423 <~Scribe.142~><~Game.29~><~Scribe.143~><~Game.30~><~Scribe.144~> 244523
$Xirivia<~HighlightLabel.81~>361<~HighlightLabel.82~><~Game.2043~><~HighlightLabel.83~><~Game.2035~> 58DBC6
$Xirivia<~CardBuffet.14~>reveal 179 FE506E2A8DAFCE94419EE44BCBE06362AD2074DA 9<~CardBuffet.15~><~Controls.46~><~CardBuffet.16~> 815099
$Xirivia<~Scribe.141~>237 <~Scribe.142~><~Game.2046~><~Scribe.143~><~Game.2037~><~Scribe.144~> FF5967
$Xirivia<~Controls.644~>361 179 237 <~Controls.645~><~Game.2035~> 2B3485
$lavillorar<~Scribe.141~>210 <~Scribe.142~><~Game.2042~><~Scribe.143~><~Game.2035~><~Scribe.144~> 7EF951
$lavillorar<~Controls.366~>250<~Controls.367~><~Game.2009~><~Controls.368~><~Game.2012~> 7A85F0
$lavillorar<~Controls.790~>248<~Controls.791~><~Game.2014~><~Controls.792~><~Game.2015~> 1FE2D6
$lavillorar<~Controls.795~>210<~Controls.796~><~Game.2035~><~Controls.797~><~Game.1997~> 58C070
<game> Xirivia<~Controls.1~> 2 2 null
$Xirivia<~Controls.276~>099<~Controls.277~><~Game.2043~><~Controls.278~><~Game.2035~> 33EBA8
$Xirivia<~CardBuffet.14~>reveal 170 FECF811BA9149F73A38F57AEBAB505257D69ADC1 6<~CardBuffet.15~><~Controls.46~><~CardBuffet.16~> A387A7
<Xirivia> DA 2CB61B
$lavillorar<~Scribe.141~>077 076 075 <~Scribe.142~><~Game.1920~><~Scribe.143~><~Game.1995~><~Scribe.144~> 68A68C
$Xirivia<~Scribe.141~>347 055 057 049 046 045 044 043 042 041 <~Scribe.142~><~Game.1932~><~Scribe.143~><~Game.1920~><~Scribe.144~> 56AB36
$Xirivia<~Controls.644~>099 170 <~Controls.645~><~Game.2035~> 6DEF1F
<lavillorar> buah, juraba que esa no la ten√≠as a√∫n jaja E906B0
<Xirivia> desde el T2 26E298
<lavillorar> y ten√≠a tiempo de reforzar CFEF02
<lavillorar> bien jugado 81EDD7
$Xirivia<~Controls.757~>103 100 <~Controls.758~><~Game.1997~><~Controls.759~><~Game.2043~> E96379
$Xirivia<~Controls.762~>099 361 101 105 102 360 104 <~Controls.763~><~Game.2041~><~Controls.764~><~Game.2043~> 97DEFB
$lavillorar<~Controls.726~>210 213 <~Controls.727~><~Game.1997~><~Controls.728~><~Game.2042~> 9B808A
<~Game.7~>7 null
$lavillorar<~Controls.731~>212 211 358 <~Controls.732~><~Game.2039~><~Controls.733~><~Game.2042~> 2EC7C7
$lavillorar<~Controls.509~>127<~Controls.510~><~Game.2004~><~Controls.511~><~Controls.45~> null
$lavillorar<~Controls.509~>129<~Controls.510~><~Game.2005~><~Controls.511~><~Controls.45~> null
$Xirivia<~Controls.509~>204<~Controls.510~><~Game.2006~><~Controls.511~><~Controls.46~> null
$Xirivia<~Controls.509~>159<~Controls.510~><~Game.2007~><~Controls.511~><~Controls.46~> null
$lavillorar<~Controls.296~>129 <~Controls.297~><~Controls.45~> 2B0685
$lavillorar<~Controls.296~>154 <~Controls.297~><~Controls.45~> D8B8B4
<lavillorar> fsp ok DEE2F0
$Xirivia<~Controls.372~>099 C07A44
$Xirivia<~Controls.372~>361 A7436D
$Xirivia<~Controls.345~>101 105 102 360 104 103 100 <~Controls.346~>10 14 14 10 12 11 12 null
$Xirivia<~Controls.350~>101 105 102 360 104 103 100 null
$lavillorar<~Controls.345~>212 211 358 210 213 <~Controls.346~>4 4 3 2 3 null
<lavillorar> vaya d√≠a con las espadas ... 997448
<lavillorar> no llego a mordor a √©ste ritmo jeje 0B1DED
<Xirivia> ya ves 45F592
$lavillorar<~Scribe.141~>213 <~Scribe.142~><~Game.2042~><~Scribe.143~><~Game.2035~><~Scribe.144~> AF007B
$lavillorar<~Scribe.141~>286 <~Scribe.142~><~Game.2038~><~Scribe.143~><~Game.1933~><~Scribe.144~> 4740D8
$lavillorar<~Controls.644~>213 <~Controls.645~><~Game.2035~> DC8F0A
$Xirivia<~Controls.276~>104<~Controls.277~><~Game.2043~><~Controls.278~><~Game.2035~> BFB0E4
<Xirivia> Folde 9687D2
<Xirivia> espera 1F4836
<Xirivia> stop 23B6D2
<lavillorar> espero E71651
$Xirivia<~Scribe.141~>020 019 028 029 033 034 <~Scribe.142~><~Game.1944~><~Scribe.143~><~Game.1942~><~Scribe.144~> 0DBDE6
$Xirivia<~Scribe.141~>027 026 032 031 030 025 024 022 021 016 <~Scribe.142~><~Game.1943~><~Scribe.143~><~Game.1944~><~Scribe.144~> 44C5BA
$Xirivia<~Controls.819~> C3AEB7
$Xirivia<~Scribe.141~>032 031 030 027 026 025 024 021 <~Scribe.142~><~Game.1943~><~Scribe.143~><~Game.1944~><~Scribe.144~> 0E8376
<Xirivia> asÌ D9B311
$Xirivia<~Controls.644~>104 <~Controls.645~><~Game.2035~> EEACFF
$lavillorar<~Scribe.141~>358 <~Scribe.142~><~Game.2042~><~Scribe.143~><~Game.2035~><~Scribe.144~> D46E71
$lavillorar<~Scribe.141~>289 <~Scribe.142~><~Game.2038~><~Scribe.143~><~Game.1933~><~Scribe.144~> 74F3D8
$lavillorar<~Controls.644~>358 <~Controls.645~><~Game.2035~> A9ADBD
$Xirivia<~HighlightLabel.81~>100<~HighlightLabel.82~><~Game.2043~><~HighlightLabel.83~><~Game.2035~> 2B9B0E
<Xirivia> Folde, desde Westemnet AF9DC1
<lavillorar> ok 175DEA
$Xirivia<~Controls.840~>189 5DF01B
$lavillorar<~Controls.840~>130 2696CC
<auto> playchosen BF8611
<auto><~Controls.3~>reveal 130 055BA69E5F4B712CEE814DF79FEC5DBF46D4BB79 19<~Controls.884~><~Controls.45~><~Controls.885~><~Game.2037~> CE9B94
<auto><~Controls.866~>reveal 189 2EBFF2355D5A4D9871B9EA7616C00F4A38944337 17<~Controls.867~><~Controls.46~><~Controls.868~><~Game.2036~> FDAB7F
<auto> playchosen 4ADA82
<Xirivia> 3/2@4 431B6D
<game> Xirivia<~Controls.1~> 6 6 1 null
<game> Xirivia<~Controls.1~> 1 null
<Xirivia> 2 5A28D2
<game> lavillorar<~Controls.1~> 1 4 null
<lavillorar> 1 DA5E61
$lavillorar<~Controls.304~>289 286 <~Controls.305~><~Game.1933~> 33C6F5
$lavillorar<~Controls.313~>070 072 <~Controls.308~><~Controls.314~><~Game.1933~> C06916
$Xirivia<~Controls.304~>006 <~Controls.305~><~Game.1925~> 5E0D92
$Xirivia<~Controls.313~>003 <~Controls.307~><~Controls.314~><~Game.1925~> 436BCA
<Xirivia> press 4B1DB0
$lavillorar<~Scribe.141~>070 072 <~Scribe.142~><~Game.1933~><~Scribe.143~><~Game.1937~><~Scribe.144~> 91795D
$Xirivia<~Scribe.141~>002 <~Scribe.142~><~Game.1925~><~Scribe.143~><~Game.1933~><~Scribe.144~> 79F640
$Xirivia<~Scribe.141~>419 <~Scribe.142~><~Game.2040~><~Scribe.143~><~Game.1933~><~Scribe.144~> 16DB1F
$Xirivia<~Controls.644~>100 189 130 <~Controls.645~><~Game.2035~> F98B53
$lavillorar<~Scribe.141~>211 <~Scribe.142~><~Game.2042~><~Scribe.143~><~Game.2035~><~Scribe.144~> 19CC26
$lavillorar<~Scribe.141~>274 <~Scribe.142~><~Game.2038~><~Scribe.143~><~Game.1931~><~Scribe.144~> 2356A4
$lavillorar<~Controls.644~>211 <~Controls.645~><~Game.2035~> B31AE2
$Xirivia<~HighlightLabel.81~>103<~HighlightLabel.82~><~Game.2043~><~HighlightLabel.83~><~Game.2035~> C6FA14
$Xirivia<~Scribe.141~>327 331 332 001 <~Scribe.142~><~Game.1910~><~Scribe.143~><~Game.1917~><~Scribe.144~> D7B063
$Xirivia<~Scribe.141~>004 <~Scribe.142~><~Game.1929~><~Scribe.143~><~Game.1925~><~Scribe.144~> 61219E
$Xirivia<~Controls.644~>103 <~Controls.645~><~Game.2035~> 0E1958
<lavillorar> paso DD7482
$Xirivia<~HighlightLabel.81~>360<~HighlightLabel.82~><~Game.2043~><~HighlightLabel.83~><~Game.2035~> 78B899
$Xirivia<~Controls.819~> DF0869
$Xirivia<~HighlightLabel.81~>102<~HighlightLabel.82~><~Game.2043~><~HighlightLabel.83~><~Game.2035~> F58A51
$Xirivia<~Controls.509~>165<~Controls.510~><~Game.2006~><~Controls.511~><~Controls.46~> null
$Xirivia<~Controls.644~>102 <~Controls.645~><~Game.2035~> 9207A0
<lavillorar> paso 455106
$Xirivia<~HighlightLabel.81~>105<~HighlightLabel.82~><~Game.2043~><~HighlightLabel.83~><~Game.2035~> B02966
$Xirivia<~Controls.819~> CCC7F1
$Xirivia<~HighlightLabel.81~>101<~HighlightLabel.82~><~Game.2043~><~HighlightLabel.83~><~Game.2035~> F8AAEE
$Xirivia<~Scribe.141~>320 <~Scribe.142~><~Game.2040~><~Scribe.143~><~Game.1917~><~Scribe.144~> 26B92E
$Xirivia<~Scribe.141~>352 <~Scribe.142~><~Game.2040~><~Scribe.143~><~Game.1987~><~Scribe.144~> 881155
$Xirivia<~Controls.644~>101 <~Controls.645~><~Game.2035~> ED1BB9
$lavillorar<~Scribe.141~>210 <~Scribe.142~><~Game.2042~><~Scribe.143~><~Game.2035~><~Scribe.144~> 33C3A4
$lavillorar<~Scribe.141~>reveal 127 1BA23F856E55CE0EE1BE8BBE193AB3775C8FB630 18 <~Scribe.142~><~Controls.45~><~Scribe.143~><~Game.2037~><~Scribe.144~> 1CCD37
$lavillorar<~Scribe.141~>234 <~Scribe.142~><~Game.2046~><~Scribe.143~><~Game.2036~><~Scribe.144~> BA1352
$lavillorar<~Controls.644~>210 234 127 <~Controls.645~><~Game.2035~> 9C9AA5
$Xirivia<~HighlightLabel.81~>105<~HighlightLabel.82~><~Game.2043~><~HighlightLabel.83~><~Game.2035~> C66E88
$Xirivia<~Scribe.141~>reveal 208 307999933951F84B494B51837A45209175D78FE1 16 <~Scribe.142~><~Controls.46~><~Scribe.143~><~Game.2036~><~Scribe.144~> 1F2119
$Xirivia<~Scribe.141~>208 <~Scribe.142~><~Game.2036~><~Scribe.143~><~Game.2034~><~Scribe.144~> FA3C6F
<Xirivia> Lorien DBDAEC
$Xirivia<~Controls.840~>204 6C4677
<auto><~Controls.866~>reveal 204 96F4A6A3B189CBCE046F4436ED6BE15F664585DF 19<~Controls.867~><~Controls.46~><~Controls.868~><~Game.2036~> 1C7503
<Xirivia> 5/5@6/5 9D0021
<game> Xirivia<~Controls.1~> 1 5 1 5 5 null
<game> Xirivia<~Controls.1~> 4 5 1 1 6 null
<Xirivia> 2 1C04F8
<lavillorar> si restas 1 ... no ser√≠a 4 reroll? 4E4E46
<Xirivia> fail 7545B9
<Xirivia> .1hit 588D88
<game> lavillorar<~Controls.1~> 4 1 1 4 null
<game> lavillorar<~Controls.1~> 4 null
<lavillorar> fail es eso jeje D59A89
<lavillorar> 0 61B7AB
$Xirivia<~Controls.296~>204 <~Controls.297~><~Game.2036~> 65A90E
$lavillorar<~Controls.304~>267 <~Controls.305~><~Game.1992~> 5B50C7
$lavillorar<~Controls.313~>269 <~Controls.307~><~Controls.314~><~Game.1992~> AD9B2C
$Xirivia<~Controls.509~>194<~Controls.510~><~Game.2006~><~Controls.511~><~Controls.46~> null
<lavillorar> listo ronda 2? B54CC7
$lavillorar<~Scribe.141~>208 <~Scribe.142~><~Game.2034~><~Scribe.143~><~Game.2033~><~Scribe.144~> 22C14C
<Xirivia> mmm 1D0AD2
$Xirivia<~Controls.840~>165 517EE2
$lavillorar<~Controls.840~>156 68F30F
<auto> playchosen 8CEBDC
<auto><~Controls.3~>reveal 156 A854475BBCDB70ABDD15B8B932131138FA52BFE1 16<~Controls.884~><~Controls.45~><~Controls.885~><~Game.2037~> 555B79
<auto><~Controls.866~>reveal 165 E2314107B6D841F27C176188D277A9E0A24A00A6 21<~Controls.867~><~Controls.46~><~Controls.868~><~Game.2036~> A8F2E0
<auto> playchosen 113815
<Xirivia> 5/3@5/6 EAF937
<game> Xirivia<~Controls.1~> 1 6 6 6 5 null
<game> Xirivia<~Controls.1~> 1 null
<Xirivia> 4 35C8E5
<Xirivia> -1 2DE1B8
<game> lavillorar<~Controls.1~> 6 4 1 2 null
<game> lavillorar<~Controls.1~> 5 null
<lavillorar> 2 5703A4
$Xirivia<~Scribe.141~>014 013 <~Scribe.142~><~Game.1928~><~Scribe.143~><~Game.2036~><~Scribe.144~> D036B8
$lavillorar<~Scribe.141~>092 <~Scribe.142~><~Game.1992~><~Scribe.143~><~Game.2037~><~Scribe.144~> 3E09A3
$Xirivia<~Controls.296~>165 014 013 <~Controls.297~><~Game.2036~> A24F15
$lavillorar<~Controls.304~>093 <~Controls.305~><~Game.1992~> B21017
$lavillorar<~Controls.313~>268 <~Controls.307~><~Controls.314~><~Game.1992~> 5A3BCD
$lavillorar<~Controls.296~>156 092 <~Controls.297~><~Game.2037~> 0ABAB3
$lavillorar<~Scribe.141~>208 <~Scribe.142~><~Game.2033~><~Scribe.143~><~Game.2032~><~Scribe.144~> 224177
<Xirivia> nc B793EE
$lavillorar<~Controls.840~>116 A582D1
<auto><~Controls.861~>reveal 116 324846C350FDE7BD9D12DC249183B107C490BE6D 6<~Controls.862~><~Controls.45~><~Controls.863~><~Game.2037~> 46D165
<game> Xirivia<~Controls.1~> 4 3 2 6 1 null
<game> Xirivia<~Controls.1~> 1 1 6 2 null
<Xirivia> 2 15C391
<game> lavillorar<~Controls.1~> 4 6 6 null
<game> lavillorar<~Controls.1~> 3 null
<lavillorar> 2 720780
$lavillorar<~Scribe.141~>097 268 <~Scribe.142~><~Game.1992~><~Scribe.143~><~Game.2037~><~Scribe.144~> 3479A6
$Xirivia<~Controls.296~>035 <~Controls.297~><~Game.1928~> 080D8A
$Xirivia<~Scribe.141~>208 <~Scribe.142~><~Game.2032~><~Scribe.143~><~Game.2036~><~Scribe.144~> D2AB98
$Xirivia<~Controls.644~>105 208 116 097 268 <~Controls.645~><~Game.2035~> AA17DE
$lavillorar<~Scribe.141~>212 <~Scribe.142~><~Game.2042~><~Scribe.143~><~Game.2035~><~Scribe.144~> 344FDA
$lavillorar<~Scribe.141~>273 <~Scribe.142~><~Game.2038~><~Scribe.143~><~Game.2037~><~Scribe.144~> 40E728
$lavillorar<~Scribe.141~>273 <~Scribe.142~><~Game.2037~><~Scribe.143~><~Game.1931~><~Scribe.144~> 83F68D
$lavillorar<~Controls.644~>212 <~Controls.645~><~Game.2035~> AF46DA
$Xirivia<~HighlightLabel.81~>360<~HighlightLabel.82~><~Game.2043~><~HighlightLabel.83~><~Game.2035~> 555CA7
$Xirivia<~Scribe.141~>357 <~Scribe.142~><~Game.2040~><~Scribe.143~><~Game.1932~><~Scribe.144~> 2AB1A0
$Xirivia<~Scribe.141~>338 <~Scribe.142~><~Game.2040~><~Scribe.143~><~Game.1974~><~Scribe.144~> 768FA7
$Xirivia<~Controls.644~>360 <~Controls.645~><~Game.2035~> C8BA7A
$Xirivia<~Controls.757~>361 099 <~Controls.758~><~Game.1997~><~Controls.759~><~Game.2043~> 489CB8
$Xirivia<~Controls.762~>360 105 101 102 103 100 104 <~Controls.763~><~Game.2041~><~Controls.764~><~Game.2043~> 1DB689
$lavillorar<~Controls.731~>212 210 211 358 213 <~Controls.732~><~Game.2039~><~Controls.733~><~Game.2042~> C27AB0
<~Game.7~>8 null
$lavillorar<~Controls.509~>126<~Controls.510~><~Game.2004~><~Controls.511~><~Controls.45~> null
$Xirivia<~Controls.509~>177<~Controls.510~><~Game.2006~><~Controls.511~><~Controls.46~> null
$Xirivia<~Controls.509~>184<~Controls.510~><~Game.2007~><~Controls.511~><~Controls.46~> null
$lavillorar<~Controls.509~>147<~Controls.510~><~Game.2005~><~Controls.511~><~Controls.45~> null
<lavillorar> fsp ok 9D71D6
<lavillorar> por ah√≠ perdidos andan CDFBE6
$Xirivia<~Controls.372~>360 8ADAB2
$Xirivia<~Controls.372~>105 BF78EF
$Xirivia<~Controls.345~>101 102 103 100 104 361 099 <~Controls.346~>15 15 13 11 14 14 11 null
$Xirivia<~Controls.350~>101 102 103 100 104 361 099 null
$lavillorar<~Controls.345~>212 210 211 358 213 <~Controls.346~>1 1 1 1 0 null
<lavillorar> jajajaja F3D2C3
<Xirivia> precioso 4BCFA0
<lavillorar> un cachondo el juego DB515A
<lavillorar> no me salen en toda la tarde y ahora todas de golpe B18C7F
<lavillorar> cuando hay 4 ojos CBE595
<lavillorar> pensando 7BC98F
$lavillorar<~Scribe.141~>213 <~Scribe.142~><~Game.2042~><~Scribe.143~><~Game.2035~><~Scribe.144~> EED513
$lavillorar<~Controls.790~>248<~Controls.791~><~Game.2015~><~Controls.792~><~Game.2016~> FFF9A7
$lavillorar<~Controls.795~>213<~Controls.796~><~Game.2035~><~Controls.797~><~Game.1997~> DB6E34
<game> Xirivia<~Controls.1~> 5 2 5 2 null
<Xirivia> agua CA0DB2
$Xirivia<~HighlightLabel.81~>361<~HighlightLabel.82~><~Game.2043~><~HighlightLabel.83~><~Game.2035~> 41DF17
$Xirivia<~CardBuffet.14~>reveal 177 D94E5A03EB0E95A58BA40DDDEA38E3F53FB12663 4<~CardBuffet.15~><~Controls.46~><~CardBuffet.16~> 30A9F8
$Xirivia<~Scribe.141~>177 <~Scribe.142~><~Game.2036~><~Scribe.143~><~Game.2029~><~Scribe.144~> 85EFF6
$Xirivia<~Controls.644~>361 <~Controls.645~><~Game.2035~> D4BFEA
$lavillorar<~Scribe.141~>358 <~Scribe.142~><~Game.2042~><~Scribe.143~><~Game.2035~><~Scribe.144~> A8887E
$lavillorar<~Controls.790~>248<~Controls.791~><~Game.2016~><~Controls.792~><~Game.2017~> B63442
$lavillorar<~Controls.795~>358<~Controls.796~><~Game.2035~><~Controls.797~><~Game.1997~> A2B621
<game> Xirivia<~Controls.1~> 5 3 1 4 null
<Xirivia> 1 4ADD8F
$Xirivia<~Controls.624~>223<~Controls.625~><~Game.2044~><~Controls.626~><~Game.2037~> null
$lavillorar<~Scribe.141~>252 <~Scribe.142~><~Game.2016~><~Scribe.143~><~Game.2017~><~Scribe.144~> F9125F
$lavillorar<~Controls.644~>223 <~Controls.645~><~Game.2035~> 497CCF
$Xirivia<~HighlightLabel.81~>099<~HighlightLabel.82~><~Game.2043~><~HighlightLabel.83~><~Game.2035~> 5F0284
$Xirivia<~Controls.819~> 7BFB8E
$Xirivia<~HighlightLabel.81~>104<~HighlightLabel.82~><~Game.2043~><~HighlightLabel.83~><~Game.2035~> 3ACD5C
$Xirivia<~Controls.819~> B4D5D2
$Xirivia<~HighlightLabel.81~>100<~HighlightLabel.82~><~Game.2043~><~HighlightLabel.83~><~Game.2035~> A6455C
$Xirivia<~Scribe.141~>320 327 331 332 001 <~Scribe.142~><~Game.1917~><~Scribe.143~><~Game.1927~><~Scribe.144~> 8961FA
$Xirivia<~Scribe.141~>056 348 052 051 050 <~Scribe.142~><~Game.1984~><~Scribe.143~><~Game.1980~><~Scribe.144~> 4DD5EE
$Xirivia<~Controls.644~>100 <~Controls.645~><~Game.2035~> 0B640D
$lavillorar<~Scribe.141~>211 <~Scribe.142~><~Game.2042~><~Scribe.143~><~Game.2035~><~Scribe.144~> 22F4F0
<lavillorar> tengo una dudilla 9C8A2C
<Xirivia> suelta D2A438
<lavillorar> vale, le√≠do 63256A
<lavillorar> mierda, entonces lo podia haber le√≠do antes jeje 51563D
<Xirivia> mejor ahora 61A07A
$lavillorar<~Scribe.141~>reveal 126 5234B17262649F9C78580F1B8B4FFF15770E718E 1 <~Scribe.142~><~Controls.45~><~Scribe.143~><~Game.2037~><~Scribe.144~> D7BB2F
$lavillorar<~Scribe.141~>242 244 <~Scribe.142~><~Game.1998~><~Scribe.143~><~Game.1942~><~Scribe.144~> 4292D8
$lavillorar<~Scribe.141~>242 244 <~Scribe.142~><~Game.1942~><~Scribe.143~><~Game.1944~><~Scribe.144~> 1895BC
$lavillorar<~Scribe.141~>242 244 <~Scribe.142~><~Game.1944~><~Scribe.143~><~Game.1994~><~Scribe.144~> 883192
$lavillorar<~Scribe.141~>244 <~Scribe.142~><~Game.1994~><~Scribe.143~><~Game.1998~><~Scribe.144~> 8E1283
$lavillorar<~Scribe.141~>245 <~Scribe.142~><~Game.1998~><~Scribe.143~><~Game.1994~><~Scribe.144~> D62047
<lavillorar> la duda era si ese movimiento de separar y terminar en baluarte 966055
<lavillorar> se puede hacer con el dado normal FCDA6C
<Xirivia> claro 3A98B1
<Xirivia> 9FA890
<lavillorar> es decir, que los compa√±eros s√≥los puedes al separarse pasar por zonas de tu ej√©rcito F63F41
<lavillorar> pero no sab√≠a si pod√≠an terminar en baluarte atacado BAFA5B
<Xirivia> ah, sin carta D5B5A5
<Xirivia> ? F55054
<Xirivia> sin carta, no CD041A
<lavillorar> si, con el dado s√≥lo 40AEFF
<lavillorar> ok pues bien jugada est√° entonces 998FCA
<lavillorar> ale ,as√≠ se queda 9AD1B6
$lavillorar<~Controls.644~>211 126 <~Controls.645~><~Game.2035~> 9E2655
$Xirivia<~HighlightLabel.81~>099<~HighlightLabel.82~><~Game.2043~><~HighlightLabel.83~><~Game.2035~> 95A346
<Xirivia> Lorien 77D464
$Xirivia<~Controls.840~>184 589ED1
$lavillorar<~Controls.840~>147 F2E4A0
<auto> playchosen 91A7BC
<auto><~Controls.3~>reveal 147 5FBCC42B596B6FF96EB9729FABDE0E2E9135F2B6 22<~Controls.884~><~Controls.45~><~Controls.885~><~Game.2037~> C303C8
<auto><~Controls.866~>reveal 184 46D16AE9BEFFAA272F1DBCD94153F043B8FF4AAA 12<~Controls.867~><~Controls.46~><~Controls.868~><~Game.2036~> D1ECAA
<auto> playchosen B038C7
<Xirivia> mmm 492E28
<Xirivia> pa eso no mato a nadie 51CBC7
<lavillorar> jajaja E553B5
<Xirivia> xD A9CA66
<lavillorar> eso te iba a decir 8F1CF3
<Xirivia> 5/5@6 2F1DBA
<game> Xirivia<~Controls.1~> 6 2 2 2 3 null
<game> Xirivia<~Controls.1~> 2 4 5 5 null
<lavillorar> mi carta te ha resuleto duda E20774
<game> lavillorar<~Controls.1~> 2 3 null
<lavillorar> 0 CB71FC
$lavillorar<~Scribe.141~>087 <~Scribe.142~><~Game.1992~><~Scribe.143~><~Game.2037~><~Scribe.144~> F12824
$Xirivia<~Controls.509~>199<~Controls.510~><~Game.2007~><~Controls.511~><~Controls.46~> null
$Xirivia<~Controls.644~>099 184 147 087 <~Controls.645~><~Game.2035~> FCAE4B
$lavillorar<~Scribe.141~>210 <~Scribe.142~><~Game.2042~><~Scribe.143~><~Game.2035~><~Scribe.144~> 046627
<lavillorar> no tengo claro ...mm 266870
<Xirivia> oscuro, sÌ 31BD52
$lavillorar<~Scribe.141~>096 091 <~Scribe.142~><~Game.1911~><~Scribe.143~><~Game.1915~><~Scribe.144~> 1A657B
$lavillorar<~Controls.644~>210 <~Controls.645~><~Game.2035~> 962D4E
$Xirivia<~HighlightLabel.81~>103<~HighlightLabel.82~><~Game.2043~><~HighlightLabel.83~><~Game.2035~> ACFC9D
<Xirivia> Lorien A3178F
$Xirivia<~Controls.840~>186 C6F9AF
<lavillorar> nc D5B553
<auto><~Controls.866~>reveal 186 2C0D204428F6161E590013E57D3E0C18E27B6E11 3<~Controls.867~><~Controls.46~><~Controls.868~><~Game.2036~> 2791AD
$Xirivia<~Scribe.141~>011 <~Scribe.142~><~Game.1928~><~Scribe.143~><~Game.2036~><~Scribe.144~> 3A91A9
<Xirivia> 5/5@5/6 744FBB
<game> Xirivia<~Controls.1~> 2 3 4 6 1 null
<Xirivia> pa na A0A981
<game> lavillorar<~Controls.1~> 6 null
$lavillorar<~Scribe.141~>269 <~Scribe.142~><~Game.1992~><~Scribe.143~><~Game.2037~><~Scribe.144~> 345A6F
$Xirivia<~Scribe.141~>008 <~Scribe.142~><~Game.1928~><~Scribe.143~><~Game.2036~><~Scribe.144~> 71EC88
$Xirivia<~Controls.644~>103 186 008 011 269 <~Controls.645~><~Game.2035~> A0E5AE
$Xirivia<~Scribe.141~>423 <~Scribe.142~><~Game.30~><~Scribe.143~><~Game.32~><~Scribe.144~> 938BDC
<Xirivia> robo EC4B39
$Xirivia<~Controls.509~>191<~Controls.510~><~Game.2006~><~Controls.511~><~Controls.46~> null
$lavillorar<~Scribe.141~>212 <~Scribe.142~><~Game.2042~><~Scribe.143~><~Game.2035~><~Scribe.144~> CBB75D
$lavillorar<~Scribe.141~>096 091 <~Scribe.142~><~Game.1915~><~Scribe.143~><~Game.1912~><~Scribe.144~> 4A45AF
$lavillorar<~Controls.644~>212 <~Controls.645~><~Game.2035~> 5C2074
$Xirivia<~HighlightLabel.81~>104<~HighlightLabel.82~><~Game.2043~><~HighlightLabel.83~><~Game.2035~> 0BF8F6
$Xirivia<~CardBuffet.14~>reveal 199 57F7DD0AC5449585E41364D8E71F4BAB161A73D4 13<~CardBuffet.15~><~Controls.46~><~CardBuffet.16~> C6E21F
$Xirivia<~Scribe.141~>013 018 <~Scribe.142~><~Game.2040~><~Scribe.143~><~Game.1917~><~Scribe.144~> B7A84B
$Xirivia<~Scribe.141~>023 344 <~Scribe.142~><~Game.2040~><~Scribe.143~><~Game.1956~><~Scribe.144~> E61756
$Xirivia<~Scribe.141~>343 337 <~Scribe.142~><~Game.2040~><~Scribe.143~><~Game.1969~><~Scribe.144~> 7D5422
<Xirivia> robo por palantir 791181
$Xirivia<~Controls.509~>205<~Controls.510~><~Game.2007~><~Controls.511~><~Controls.46~> null
$Xirivia<~Controls.644~>104 199 <~Controls.645~><~Game.2035~> 002E4E
$lavillorar<~Controls.726~>358 213 <~Controls.727~><~Game.1997~><~Controls.728~><~Game.2042~> A5FD24
$lavillorar<~Controls.731~>212 210 211 <~Controls.732~><~Game.2039~><~Controls.733~><~Game.2042~> 3FAC71
$Xirivia<~Controls.757~>101 102 105 360 <~Controls.758~><~Game.1997~><~Controls.759~><~Game.2043~> 194133
<~Game.7~>9 null
$Xirivia<~Controls.762~>104 103 099 100 361 <~Controls.763~><~Game.2041~><~Controls.764~><~Game.2043~> B0A348
$Xirivia<~Controls.509~>169<~Controls.510~><~Game.2006~><~Controls.511~><~Controls.46~> null
$Xirivia<~Controls.509~>171<~Controls.510~><~Game.2007~><~Controls.511~><~Controls.46~> null
$lavillorar<~Controls.509~>132<~Controls.510~><~Game.2004~><~Controls.511~><~Controls.45~> null
$lavillorar<~Controls.509~>134<~Controls.510~><~Game.2005~><~Controls.511~><~Controls.45~> null
$Xirivia<~Controls.296~>205 <~Controls.297~><~Controls.46~> E7C122
$lavillorar<~Scribe.141~>247 <~Scribe.142~><~Game.1948~><~Scribe.143~><~Game.1967~><~Scribe.144~> 671A37
$lavillorar<~Scribe.141~>247 <~Scribe.142~><~Game.1967~><~Scribe.143~><~Game.1976~><~Scribe.144~> 598F75
$lavillorar<~Scribe.141~>247 <~Scribe.142~><~Game.1976~><~Scribe.143~><~Game.1974~><~Scribe.144~> 3E921A
$lavillorar<~Scribe.141~>247 <~Scribe.142~><~Game.1974~><~Scribe.143~><~Game.524~><~Scribe.144~> D4D8C8
$lavillorar<~Scribe.141~>248 <~Scribe.142~><~Game.2017~><~Scribe.143~><~Game.2014~><~Scribe.144~> 69B421
$Xirivia<~Controls.281~>222 235 232 219 237 234 <~Controls.282~><~Game.2045~><~Controls.283~><~Game.2044~> 33CF32
<lavillorar> jeje, estaba preparando yo el pool, thx 7E50F4
$Xirivia<~Controls.372~>104 AAFF5B
$Xirivia<~Controls.372~>103 9A26EE
$Xirivia<~Controls.372~>099 738917
$Xirivia<~Controls.345~>100 361 101 102 105 360 <~Controls.346~>14 11 14 12 12 11 null
$Xirivia<~Controls.350~>100 361 101 102 105 360 null
$lavillorar<~Controls.345~>212 210 211 358 213 <~Controls.346~>1 4 1 1 3 null
$lavillorar<~Scribe.141~>358 <~Scribe.142~><~Game.2042~><~Scribe.143~><~Game.2035~><~Scribe.144~> B13373
$lavillorar<~Controls.790~>247<~Controls.791~><~Game.524~><~Controls.792~><~Game.525~> 3A9A04
$lavillorar<~Controls.795~>358<~Controls.796~><~Game.2035~><~Controls.797~><~Game.1997~> 90EF72
$Xirivia<~Controls.624~>215<~Controls.625~><~Game.2044~><~Controls.626~><~Game.2037~> null
$lavillorar<~Controls.323~>247 D4F218
$lavillorar<~Controls.644~>215 <~Controls.645~><~Game.2035~> B9C025
$Xirivia<~HighlightLabel.81~>100<~HighlightLabel.82~><~Game.2043~><~HighlightLabel.83~><~Game.2035~> B80ED6
$Xirivia<~CardBuffet.14~>reveal 203 6368BEB6783323ECEDF088C78BAE03EA02E842DA 14<~CardBuffet.15~><~Controls.46~><~CardBuffet.16~> A8D67A
<Xirivia> saca E9C30F
<lavillorar> yo? ok 27543B
$lavillorar<~Controls.637~>241<~Controls.638~><~Game.1999~><~Controls.639~><~Game.2037~> null
<lavillorar> soy un desgraciao 40646A
<Xirivia> truco o trato? CD279F
$lavillorar<~Scribe.141~>252 <~Scribe.142~><~Game.2017~><~Scribe.143~><~Game.2020~><~Scribe.144~> 6F640A
<lavillorar> truco 088338
<lavillorar> en momentos desesperados ... movimientos desesperados 101010
$Xirivia<~Scribe.141~>241 <~Scribe.142~><~Game.2037~><~Scribe.143~><~Game.1999~><~Scribe.144~> DFBE26
<Xirivia> robo 149D05
$Xirivia<~Controls.509~>173<~Controls.510~><~Game.2006~><~Controls.511~><~Controls.46~> null
$Xirivia<~Controls.644~>100 203 <~Controls.645~><~Game.2035~> 1E7F5D
$lavillorar<~Scribe.141~>213 <~Scribe.142~><~Game.2042~><~Scribe.143~><~Game.2035~><~Scribe.144~> 1D3C49
$lavillorar<~Controls.323~>247 E1BAB0
$lavillorar<~Controls.644~>213 <~Controls.645~><~Game.2035~> DB1D44
$Xirivia<~HighlightLabel.81~>101<~HighlightLabel.82~><~Game.2043~><~HighlightLabel.83~><~Game.2035~> 2D1D06
$Xirivia<~CardBuffet.14~>reveal 169 9197A08463C263AD98178997553C5C17D6854387 11<~CardBuffet.15~><~Controls.46~><~CardBuffet.16~> D140F3
<lavillorar> normal, tanto robar extra ... jeje 4A5C53
$Xirivia<~Controls.281~>222 235 232 219 237 234 229 227 225 224 221 220 218 217 216 214 <~Controls.282~><~Game.2044~><~Controls.283~><~Game.2044~> 2CA4A5
<Xirivia> no sÈ si la hje metido o no E22E37
<Xirivia> yo no la veo dentro 1A6ACF
<lavillorar> no 5E281A
<lavillorar> la meto yo? 6FBF97
<Xirivia> si 7CDC5E
$lavillorar<~Scribe.141~>238 <~Scribe.142~><~Game.2046~><~Scribe.143~><~Game.2037~><~Scribe.144~> D93A57
$lavillorar<~Controls.281~>238 <~Controls.282~><~Game.2037~><~Controls.283~><~Game.2044~> 74A166
$Xirivia<~Controls.644~>101 169 <~Controls.645~><~Game.2035~> 4F9221
<lavillorar> mira a ver si la ves ahora 9F7AA4
<Xirivia> yes 0AEC3E
<Xirivia> robo 41A830
<lavillorar> perfect 6C975C
$Xirivia<~Controls.509~>200<~Controls.510~><~Game.2006~><~Controls.511~><~Controls.46~> null
<lavillorar> pues q no salga m√°s CF6CE0
$lavillorar<~Scribe.141~>211 <~Scribe.142~><~Game.2042~><~Scribe.143~><~Game.2035~><~Scribe.144~> BD95C8
$lavillorar<~Controls.790~>247<~Controls.791~><~Game.525~><~Controls.792~><~Game.528~> 76E83D
$lavillorar<~Controls.795~>211<~Controls.796~><~Game.2035~><~Controls.797~><~Game.1997~> 993545
$Xirivia<~Controls.624~>214<~Controls.625~><~Game.2044~><~Controls.626~><~Game.2037~> null
$lavillorar<~Controls.323~>247 2DB1C3
$lavillorar<~Controls.296~>214 <~Controls.297~><~Game.2037~> 9B39A0
$Xirivia<~Scribe.141~>105 <~Scribe.142~><~Game.2043~><~Scribe.143~><~Game.2035~><~Scribe.144~> AF96BD
$Xirivia<~Controls.366~>250<~Controls.367~><~Game.2012~><~Controls.368~><~Game.2041~> BDA260
$Xirivia changes 105  to P 4F3BBD
$Xirivia<~CardBuffet.14~>reveal 200 94C1B3AFAEAB0C2396346118803355FA5D2AE6CC 3<~CardBuffet.15~><~Controls.46~><~CardBuffet.16~> 177D01
<lavillorar> jajaja 3DE6D3
$Xirivia<~Controls.281~>238 222 235 232 219 237 234 229 227 225 224 221 220 218 217 216 <~Controls.282~><~Game.2044~><~Controls.283~><~Game.2044~> 5E66DF
<lavillorar> el m√°s dif√≠cil todav√≠a 1036B7
<lavillorar> la meto yo venga 8E984A
$Xirivia<~Controls.281~>236 <~Controls.282~><~Game.2046~><~Controls.283~><~Game.2044~> 28E915
<lavillorar> ( ojito con la frase ... ) 6CBB9B
<lavillorar> ahora is te va C78F6B
<lavillorar> perfecto 1010E5
<Xirivia> robo C4E6E3
$Xirivia<~Controls.509~>201<~Controls.510~><~Game.2006~><~Controls.511~><~Controls.46~> null
$Xirivia<~Controls.644~>105 200 <~Controls.645~><~Game.2035~> BA1CDC
$lavillorar<~Scribe.141~>210 <~Scribe.142~><~Game.2042~><~Scribe.143~><~Game.2035~><~Scribe.144~> 0A153D
$lavillorar<~Controls.323~>247 C74D8F
$lavillorar<~Controls.644~>210 <~Controls.645~><~Game.2035~> 1E92D6
$Xirivia<~HighlightLabel.81~>102<~HighlightLabel.82~><~Game.2043~><~HighlightLabel.83~><~Game.2035~> 4A0D14
<Xirivia> DA B597D2
$Xirivia<~Controls.840~>171 0CD1A8
<lavillorar> nc DB8810
<auto><~Controls.866~>reveal 171 410605A24AF2584A10CEA05D848FDC08CC873D33 18<~Controls.867~><~Controls.46~><~Controls.868~><~Game.2036~> 430809
<Xirivia> 5/6 9177B5
<Xirivia> 5@6 3D2B75
<game> Xirivia<~Controls.1~> 6 2 1 6 6 null
<Xirivia> arreando 1B0EB4
<game> lavillorar<~Controls.1~> 2 6 5 null
$lavillorar<~Scribe.141~>077 076 075 <~Scribe.142~><~Game.1995~><~Scribe.143~><~Game.2036~><~Scribe.144~> B9D109
<lavillorar> 2 back 8CA6F4
<Xirivia> vaya somanta de 6s me est· saliendo B90034
$Xirivia<~Scribe.141~>423 <~Scribe.142~><~Game.32~><~Scribe.143~><~Game.388~><~Scribe.144~> B89F4C
<lavillorar> aprovecha! 51B1F3
$Xirivia<~Controls.644~>102 171 077 076 075 <~Controls.645~><~Game.2035~> 430C87
<lavillorar> paso 5F463D
$Xirivia<~Scribe.141~>418 <~Scribe.142~><~Game.2040~><~Scribe.143~><~Game.1920~><~Scribe.144~> 48EAD3
$Xirivia<~HighlightLabel.81~>360<~HighlightLabel.82~><~Game.2043~><~HighlightLabel.83~><~Game.2035~> 757F13
$Xirivia<~Scribe.141~>347 055 057 049 046 045 044 043 042 041 <~Scribe.142~><~Game.1920~><~Scribe.143~><~Game.1924~><~Scribe.144~> 34D719
$Xirivia<~Scribe.141~>352 054 053 <~Scribe.142~><~Game.1987~><~Scribe.143~><~Game.1980~><~Scribe.144~> A23594
$Xirivia<~Controls.644~>360 <~Controls.645~><~Game.2035~> A51F5C
$lavillorar<~Scribe.141~>212 <~Scribe.142~><~Game.2042~><~Scribe.143~><~Game.2035~><~Scribe.144~> F2138D
$lavillorar<~Controls.790~>247<~Controls.791~><~Game.528~><~Controls.792~><~Game.529~> 7FEBFA
$lavillorar<~Controls.795~>212<~Controls.796~><~Game.2035~><~Controls.797~><~Game.1997~> 8DFE84
$Xirivia<~Controls.624~>217<~Controls.625~><~Game.2044~><~Controls.626~><~Game.2037~> null
$lavillorar<~Scribe.141~>252 <~Scribe.142~><~Game.2020~><~Scribe.143~><~Game.2021~><~Scribe.144~> D99272
$lavillorar<~Controls.323~>252 91A190
<Xirivia> el paseo, lo llamaban 5A9C7E
<lavillorar> de momento no hay mucha queja 59545D
$Xirivia<~Controls.644~>217 <~Controls.645~><~Game.2035~> 950502
<lavillorar> la duda es si random C391AA
$Xirivia<~Controls.819~> 033D83
<lavillorar> nada, as√≠ 2168D6
$lavillorar<~Controls.323~>247 647D36
$lavillorar<~Controls.296~>217 <~Controls.297~><~Game.2037~> 75B68A
$Xirivia<~HighlightLabel.81~>361<~HighlightLabel.82~><~Game.2043~><~HighlightLabel.83~><~Game.2035~> E97148
<Xirivia> Pelargir 2EA7A5
<lavillorar> carta? 8F0C0E
$Xirivia<~Controls.840~>159 FA5D1D
$lavillorar<~Controls.840~>119 15A08D
<auto> playchosen 8960EC
<auto><~Controls.3~>reveal 119 4A1E69E657D631CB3CB5B0B74D93DBB0F9223EFA 5<~Controls.884~><~Controls.45~><~Controls.885~><~Game.2037~> 5AA470
<auto><~Controls.866~>reveal 159 B8E888A564C8FD3F7DEFA63DD97C374D3F6469E0 5<~Controls.867~><~Controls.46~><~Controls.868~><~Game.2036~> A040E6
<auto> playchosen B932E3
$Xirivia<~Scribe.141~>055 057 <~Scribe.142~><~Game.1924~><~Scribe.143~><~Game.2036~><~Scribe.144~> DD91B9
$Xirivia<~Controls.819~> 5FAE8E
$Xirivia<~Controls.16~> BCE137
$Xirivia<~Scribe.141~>055 <~Scribe.142~><~Game.2036~><~Scribe.143~><~Game.1924~><~Scribe.144~> D843BA
$Xirivia<~Scribe.141~>055 <~Scribe.142~><~Game.2036~><~Scribe.143~><~Game.1924~><~Scribe.144~> 29D844
<Xirivia> es el raton lo que me falla 21343C
<Xirivia> con el del teclado va bien 36CD55
<lavillorar> no te preocupes F673A6
<lavillorar> entiendo que sacrificas 2 para ir a 5s 7C4BE7
<Xirivia> voy con 5@5 FC2DBC
<game> Xirivia<~Controls.1~> 5 6 3 3 2 null
<Xirivia> 2 330AE2
<game> lavillorar<~Controls.1~> 2 2 2 3 null
<Xirivia> press 3DCCF4
<lavillorar> c√≥mo est√° gondor 32C449
$lavillorar<~Controls.304~>273 274 <~Controls.305~><~Game.1931~> C95CA0
$lavillorar<~Controls.313~>076 077 <~Controls.308~><~Controls.314~><~Game.1931~> CD30ED
<lavillorar> ah√≠ me quedo 9459FF
$Xirivia<~Controls.296~>159 057 <~Controls.297~><~Game.2036~> 0A4BD9
$Xirivia<~Controls.296~>119 <~Controls.297~><~Game.2037~> 37607E
<Xirivia> nc ABF0E1
<lavillorar> nc 205EDC
<game> Xirivia<~Controls.1~> 2 5 3 3 3 null
<lavillorar> a pelo 1F038F
<Xirivia> 1 F24EA8
<game> lavillorar<~Controls.1~> 1 3 3 3 null
<lavillorar> 0 4F04BA
<Xirivia> press 05C377
<Xirivia> nc 207459
$lavillorar<~Controls.296~>078 <~Controls.297~><~Game.1931~> 1459C5
<lavillorar> nc 21236E
<game> Xirivia<~Controls.1~> 2 4 1 1 3 null
<Xirivia> 0 89079E
<game> lavillorar<~Controls.1~> 4 6 6 null
<lavillorar> 2 8CC719
$Xirivia<~Scribe.141~>347 <~Scribe.142~><~Game.1924~><~Scribe.143~><~Game.2037~><~Scribe.144~> B4E797
$Xirivia<~Controls.296~>347 <~Controls.297~><~Game.2037~> C6F18C
<Xirivia> press 6C205D
<Xirivia> nc 54414A
<lavillorar> me quedo siempre y no juego carta si tu no juegas 4BBFC6
<lavillorar> por no estar dici√©ndolo jeje 4F1059
<Xirivia> ok 0160FF
<game> Xirivia<~Controls.1~> 4 5 5 2 6 null
<Xirivia> done 54DBBD
<game> lavillorar<~Controls.1~> 2 2 6 null
<lavillorar> 1 36C179
$Xirivia<~Controls.296~>041 <~Controls.297~><~Game.1924~> 3A1F7D
$lavillorar<~Scribe.141~>076 077 278 <~Scribe.142~><~Game.1931~><~Scribe.143~><~Game.2037~><~Scribe.144~> 3040FA
$Xirivia<~Scribe.141~>055 049 046 045 044 043 042 <~Scribe.142~><~Game.1924~><~Scribe.143~><~Game.1931~><~Scribe.144~> 3BD53D
$Xirivia<~Scribe.141~>417 <~Scribe.142~><~Game.2040~><~Scribe.143~><~Game.1924~><~Scribe.144~> ED30D0
$Xirivia<~Scribe.141~>423 <~Scribe.142~><~Game.388~><~Scribe.143~><~Game.389~><~Scribe.144~> BDA269
$Xirivia<~Controls.644~>361 076 077 278 <~Controls.645~><~Game.2035~> 5EBFA9
$Xirivia<~Controls.757~>099 103 104 <~Controls.758~><~Game.1997~><~Controls.759~><~Game.2043~> 0359F6
$Xirivia<~Controls.762~>361 360 102 105 101 100 <~Controls.763~><~Game.2041~><~Controls.764~><~Game.2043~> F53D0F
$lavillorar<~Controls.726~>212 211 358 <~Controls.727~><~Game.1997~><~Controls.728~><~Game.2042~> 047375
<~Game.7~>10 null
$lavillorar<~Controls.731~>210 213 <~Controls.732~><~Game.2039~><~Controls.733~><~Game.2042~> D40369
$lavillorar<~Controls.509~>141<~Controls.510~><~Game.2004~><~Controls.511~><~Controls.45~> null
$Xirivia<~Controls.509~>181<~Controls.510~><~Game.2006~><~Controls.511~><~Controls.46~> null
$lavillorar<~Controls.509~>122<~Controls.510~><~Game.2005~><~Controls.511~><~Controls.45~> null
$Xirivia<~Controls.509~>206<~Controls.510~><~Game.2007~><~Controls.511~><~Controls.46~> null
$Xirivia<~Controls.372~>361 3D0CCD
$Xirivia<~Controls.372~>360 7FA58A
$Xirivia<~Controls.372~>102 B30CB4
<lavillorar> fsp pues ok B536B5
$Xirivia<~Controls.345~>105 101 100 099 103 104 <~Controls.346~>10 12 11 14 10 13 null
$Xirivia<~Controls.350~>105 101 100 099 103 104 null
$lavillorar<~Controls.345~>210 213 212 211 358 <~Controls.346~>4 1 1 1 1 null
$lavillorar<~Scribe.141~>210 <~Scribe.142~><~Game.2042~><~Scribe.143~><~Game.2035~><~Scribe.144~> 69DD72
$lavillorar<~Controls.323~>247 D94F37
$lavillorar<~Controls.644~>210 <~Controls.645~><~Game.2035~> 70759F
$Xirivia<~HighlightLabel.81~>099<~HighlightLabel.82~><~Game.2043~><~HighlightLabel.83~><~Game.2035~> 322B3E
$Xirivia<~CardBuffet.14~>reveal 201 6EEE787FAC4B85B71DE4663584A0A92B4F86756A 22<~CardBuffet.15~><~Controls.46~><~CardBuffet.16~> CE4E8C
<Xirivia> 3@4 1A560B
<game> Xirivia<~Controls.1~> 2 1 6 null
<Xirivia> 1 B04A4F
$lavillorar<~Scribe.141~>252 <~Scribe.142~><~Game.2021~><~Scribe.143~><~Game.2022~><~Scribe.144~> F23484
<Xirivia> robo 4D87E2
$Xirivia<~Controls.509~>193<~Controls.510~><~Game.2006~><~Controls.511~><~Controls.46~> null
$Xirivia<~Controls.644~>099 201 <~Controls.645~><~Game.2035~> F2E19B
$lavillorar<~Scribe.141~>358 <~Scribe.142~><~Game.2042~><~Scribe.143~><~Game.2035~><~Scribe.144~> F0D546
$lavillorar<~Controls.790~>247<~Controls.791~><~Game.529~><~Controls.792~><~Game.532~> 3933DE
$lavillorar<~Controls.795~>358<~Controls.796~><~Game.2035~><~Controls.797~><~Game.1997~> 29C42E
$Xirivia<~Controls.624~>236<~Controls.625~><~Game.2044~><~Controls.626~><~Game.2037~> null
<lavillorar> buah DC5DCE
<Xirivia> 3r 8009D3
$lavillorar<~Scribe.141~>241 <~Scribe.142~><~Game.1999~><~Scribe.143~><~Game.2035~><~Scribe.144~> DCAE1E
$lavillorar<~Scribe.141~>244 <~Scribe.142~><~Game.1998~><~Scribe.143~><~Game.1999~><~Scribe.144~> 103708
$lavillorar<~Scribe.141~>247 <~Scribe.142~><~Game.532~><~Scribe.143~><~Game.529~><~Scribe.144~> 242398
$lavillorar<~Controls.323~>247 F6F830
<lavillorar> as√≠ creo que es B82586
<lavillorar> vuelvo, flip, 3 E5FDDD
$lavillorar<~Controls.644~>241 236 <~Controls.645~><~Game.2035~> 20F72B
$Xirivia<~HighlightLabel.81~>104<~HighlightLabel.82~><~Game.2043~><~HighlightLabel.83~><~Game.2035~> DE8BDD
$Xirivia<~CardBuffet.14~>reveal 193 E18DC0D9210AC7B4E0DFA12F0299D4F325D31D5D 17<~CardBuffet.15~><~Controls.46~><~CardBuffet.16~> A5278F
$Xirivia<~Controls.281~>239 <~Controls.282~><~Game.2046~><~Controls.283~><~Game.2044~> 20B83B
$Xirivia<~Controls.644~>104 193 <~Controls.645~><~Game.2035~> 4F9810
$lavillorar<~Scribe.141~>211 <~Scribe.142~><~Game.2042~><~Scribe.143~><~Game.2035~><~Scribe.144~> 07586D
$lavillorar<~Controls.323~>247 8E16E0
$lavillorar<~Controls.644~>211 <~Controls.645~><~Game.2035~> B754F3
$Xirivia<~HighlightLabel.81~>101<~HighlightLabel.82~><~Game.2043~><~HighlightLabel.83~><~Game.2035~> FBDD9D
<Xirivia> Valle 90DBA1
<Xirivia> nc 498850
<lavillorar> leyendo 86E5E1
<lavillorar> nc E6F23B
$lavillorar<~Scribe.141~>258 <~Scribe.142~><~Game.2000~><~Scribe.143~><~Game.2001~><~Scribe.144~> 485BBE
<game> Xirivia<~Controls.1~> 4 6 5 4 3 null
<game> lavillorar<~Controls.1~> 6 null
$lavillorar<~Scribe.141~>068 066 <~Scribe.142~><~Game.1970~><~Scribe.143~><~Game.2037~><~Scribe.144~> 9557F8
$Xirivia<~Scribe.141~>050 <~Scribe.142~><~Game.1980~><~Scribe.143~><~Game.2036~><~Scribe.144~> 9AC399
<lavillorar> 1 1B533A
$Xirivia<~Scribe.141~>056 352 054 053 348 052 051 <~Scribe.142~><~Game.1980~><~Scribe.143~><~Game.1970~><~Scribe.144~> 7A5FF2
$lavillorar<~Scribe.141~>258 <~Scribe.142~><~Game.2001~><~Scribe.143~><~Game.2002~><~Scribe.144~> 0C1D9D
$Xirivia<~Scribe.141~>423 <~Scribe.142~><~Game.389~><~Scribe.143~><~Game.391~><~Scribe.144~> AD2B94
$Xirivia<~Controls.644~>101 050 068 066 <~Controls.645~><~Game.2035~> F960CF
<lavillorar> paso B45192
$Xirivia<~HighlightLabel.81~>100<~HighlightLabel.82~><~Game.2043~><~HighlightLabel.83~><~Game.2035~> 754711
<Xirivia> WR 64139F
$lavillorar<~Scribe.141~>098 094 088 <~Scribe.142~><~Game.1954~><~Scribe.143~><~Game.1991~><~Scribe.144~> 7613C3
$Xirivia<~Scribe.141~>056 352 054 053 348 052 051 <~Scribe.142~><~Game.1970~><~Scribe.143~><~Game.1954~><~Scribe.144~> 05554E
$Xirivia<~Scribe.141~>415 <~Scribe.142~><~Game.2040~><~Scribe.143~><~Game.1970~><~Scribe.144~> 469E5D
$Xirivia<~Controls.644~>100 <~Controls.645~><~Game.2035~> B0DD73
<lavillorar> pensando 1DA84F
$lavillorar<~Scribe.141~>212 <~Scribe.142~><~Game.2042~><~Scribe.143~><~Game.2035~><~Scribe.144~> 8A9CE5
<lavillorar> es que es posible que cayera wr ... mmm venga me la juego 0A8EA9
$lavillorar<~Controls.790~>247<~Controls.791~><~Game.529~><~Controls.792~><~Game.532~> CC0666
$lavillorar<~Controls.795~>212<~Controls.796~><~Game.2035~><~Controls.797~><~Game.1997~> 6D3672
$Xirivia<~Controls.624~>221<~Controls.625~><~Game.2044~><~Controls.626~><~Game.2037~> null
<Xirivia> hecho 25060B
$lavillorar<~Scribe.141~>244 <~Scribe.142~><~Game.1999~><~Scribe.143~><~Game.2036~><~Scribe.144~> 797F47
<Xirivia> ah no A683DC
$lavillorar<~Scribe.141~>246 <~Scribe.142~><~Game.1998~><~Scribe.143~><~Game.2036~><~Scribe.144~> 433047
<Xirivia> puedes matar peÒa 8757F1
$lavillorar<~Scribe.141~>364 <~Scribe.142~><~Game.2038~><~Scribe.143~><~Game.1999~><~Scribe.144~> 7187D3
$lavillorar<~Controls.323~>247 6CCEEC
$lavillorar<~Scribe.141~>252 <~Scribe.142~><~Game.2022~><~Scribe.143~><~Game.2023~><~Scribe.144~> 5A10AD
<lavillorar> as√≠ 6B8E19
$lavillorar<~Controls.644~>244 246 221 <~Controls.645~><~Game.2035~> BE46DD
$Xirivia<~Scribe.141~>103 <~Scribe.142~><~Game.2043~><~Scribe.143~><~Game.2035~><~Scribe.144~> C5A6DE
$Xirivia<~Scribe.141~>255 362 <~Scribe.142~><~Game.2040~><~Scribe.143~><~Game.2036~><~Scribe.144~> 75081C
$Xirivia<~Scribe.141~>255 <~Scribe.142~><~Game.2036~><~Scribe.143~><~Game.1956~><~Scribe.144~> 3C90A8
$lavillorar<~CardBuffet.3~>141 <~CardBuffet.4~><~Controls.45~><~CardBuffet.5~><~Controls.45~> 0B74A5
$Xirivia<~Controls.644~>103 362 <~Controls.645~><~Game.2035~> B6028F
$lavillorar<~Scribe.141~>213 <~Scribe.142~><~Game.2042~><~Scribe.143~><~Game.2035~><~Scribe.144~> 13E648
$lavillorar<~Scribe.141~>reveal 148 540FD9E38E4FEF49ABD46C8A2323EC8AD0D7E039 2 <~Scribe.142~><~Controls.45~><~Scribe.143~><~Game.2037~><~Scribe.144~> 07F459
$lavillorar<~Scribe.141~>252 <~Scribe.142~><~Game.2023~><~Scribe.143~><~Game.2022~><~Scribe.144~> 036E47
$lavillorar<~Controls.323~>247 3C0EE6
$lavillorar<~Controls.644~>213 148 <~Controls.645~><~Game.2035~> 4AABDC
$Xirivia<~Scribe.141~>105 <~Scribe.142~><~Game.2043~><~Scribe.143~><~Game.2035~><~Scribe.144~> 1E4F25
$Xirivia<~Controls.366~>251<~Controls.367~><~Game.2011~><~Controls.368~><~Game.2041~> A5AC0A
$Xirivia changes 105  to P 1F2F7D
$Xirivia<~CardBuffet.14~>reveal 173 5DC7AF86DE61C8A68177FA9E3765A9884EFD896A 8<~CardBuffet.15~><~Controls.46~><~CardBuffet.16~> 7A5971
$Xirivia<~Scribe.141~>253 038 040 321 <~Scribe.142~><~Game.1928~><~Scribe.143~><~Game.1954~><~Scribe.144~> A41046
$Xirivia<~Scribe.141~>039 037 <~Scribe.142~><~Game.1944~><~Scribe.143~><~Game.1954~><~Scribe.144~> A52679
<lavillorar> oooo grande esa 0418D6
$Xirivia<~Scribe.141~>320 <~Scribe.142~><~Game.1927~><~Scribe.143~><~Game.1954~><~Scribe.144~> 5EADDC
$Xirivia<~Scribe.141~>037 <~Scribe.142~><~Game.1954~><~Scribe.143~><~Game.1944~><~Scribe.144~> B348F0
<lavillorar> en qu√© momento lleg√≥ 712628
$Xirivia<~Scribe.141~>320 <~Scribe.142~><~Game.1954~><~Scribe.143~><~Game.1944~><~Scribe.144~> E9EC22
$Xirivia<~Scribe.141~>039 <~Scribe.142~><~Game.1954~><~Scribe.143~><~Game.1944~><~Scribe.144~> F40BAB
$Xirivia<~Scribe.141~>173 <~Scribe.142~><~Game.2036~><~Scribe.143~><~Game.2034~><~Scribe.144~> 35EFEC
$Xirivia<~Controls.840~>206 879C5D
<lavillorar> leyendo 7E460D
$lavillorar<~Controls.840~>122 645A06
<auto> playchosen 837B7C
<auto><~Controls.3~>reveal 122 D82AA4A7C36BFCFDCE45EB26F34BC8B6E7FFF725 17<~Controls.884~><~Controls.45~><~Controls.885~><~Game.2037~> BC782F
<auto><~Controls.866~>reveal 206 338B60E62A00E188CAD98E90CD2F875DB2DF44D3 15<~Controls.867~><~Controls.46~><~Controls.868~><~Game.2036~> E51C67
<auto> playchosen 513FE9
<Xirivia> 5/5@6 44A73B
<game> Xirivia<~Controls.1~> 3 1 2 5 1 null
<game> Xirivia<~Controls.1~> 3 1 6 1 3 null
<Xirivia> 1 C185C9
<game> lavillorar<~Controls.1~> 2 3 null
<game> lavillorar<~Controls.1~> 1 null
<lavillorar> 0 46824C
<Xirivia> post ED59E2
$lavillorar<~Controls.304~>094 <~Controls.305~><~Game.1991~> 2875B9
$lavillorar<~Controls.313~>269 <~Controls.308~><~Controls.314~><~Game.1991~> 8EDEFE
<Xirivia> 1@5 1D410D
<game> Xirivia<~Controls.1~> 5 null
<lavillorar> jajaja D6FE61
<Xirivia> premio 8D5B6E
$lavillorar<~Scribe.141~>269 <~Scribe.142~><~Game.1991~><~Scribe.143~><~Game.2037~><~Scribe.144~> 7DB276
<lavillorar> muy buena 1BF3A2
<Xirivia> press C9318D
$Xirivia<~Controls.304~>056 <~Controls.305~><~Game.1954~> E7F201
$Xirivia<~Controls.313~>050 <~Controls.307~><~Controls.314~><~Game.1954~> C6CA64
<Xirivia> robo E696A1
$Xirivia<~Controls.509~>183<~Controls.510~><~Game.2007~><~Controls.511~><~Controls.46~> null
<lavillorar> una pena que no veamos si hay suerte en el √∫ltimo paso BCFED5
$Xirivia<~Controls.296~>206 <~Controls.297~><~Game.2036~> C54D7F
$Xirivia<~Controls.296~>122 269 <~Controls.297~><~Game.2037~> 55E221
$Xirivia<~Controls.840~>183 1F2DAD
$lavillorar<~Controls.840~>141 4AAA38
<auto> playchosen 8CCD25
<auto><~Controls.3~>reveal 141 D1820904CD4EC0969C94EBBE59EA8418054FB61C 19<~Controls.884~><~Controls.45~><~Controls.885~><~Game.2037~> E79714
<auto><~Controls.866~>reveal 183 9AB2A3595A35701F2B584CDCC84DF49B891C4A9E 19<~Controls.867~><~Controls.46~><~Controls.868~><~Game.2036~> BBECBF
<auto> playchosen C7A624
<lavillorar> pre 1412C0
<game> lavillorar<~Controls.1~> 5 null
<lavillorar> 1 17A174
$Xirivia<~Scribe.141~>053 <~Scribe.142~><~Game.1954~><~Scribe.143~><~Game.2036~><~Scribe.144~> 1E1B00
<Xirivia> 5/5@4 1226E6
<game> Xirivia<~Controls.1~> 4 6 5 6 1 null
<lavillorar> mnuy buena F8A0A8
<Xirivia> baboom D4AD8A
<game> lavillorar<~Controls.1~> 2 null
<game> lavillorar<~Controls.1~> 1 null
$lavillorar<~Scribe.141~>098 088 <~Scribe.142~><~Game.1991~><~Scribe.143~><~Game.2037~><~Scribe.144~> C9BD41
<lavillorar> gg, ha estado bien 43496E
<Xirivia> si 1E21AC
<Xirivia> mucha suerte en dados por mi parte 2E45C2
<lavillorar> na, eso va y viene BFC489
<lavillorar> ha habido de todo 8B1CF5
<lavillorar> pues n√°, ya subimos los reports y los logs y tal BF94E4
<lavillorar> y suerte las pr√≥ximas rondas! A8F29F
<Xirivia> esta me toca todo a mi B3EC7F
<Xirivia> reseÒa, logs y todo 3177EA
<lavillorar> menos el post anterior 148CDE
<lavillorar> a√∫n tengo que ponerlo 9D6B6F
<Xirivia> de esta partida, digo 7C09D8
<lavillorar> jeje 22A165
<lavillorar> si si 2648A7
<Xirivia> de la otra te falta, si 6A2F72
<Xirivia> venga 46561D
<Xirivia> suerte! 941696
<lavillorar> a pasar buena tarde! C73DB2
$Xirivia<~Scribe.141~>423 <~Scribe.142~><~Game.391~><~Scribe.143~><~Game.392~><~Scribe.144~> 8A6C3A
<~Talker.22~> null
