<auto> silent null
<auto><~Scribe.141~>363 397 398 402 401 400 399 403 404 376 375 374 373 377 378 <~Scribe.142~><~Game.2038~><~Scribe.143~>Spare<~Scribe.144~> null
<auto><~Scribe.141~>365 366 379 380 381 382 383 384 385 386 387 388 389 390 391 392 393 394 395 396 367 368 369 370 371 372 <~Scribe.142~><~Game.2040~><~Scribe.143~>Spare<~Scribe.144~> null
<auto><~Scribe.141~>230 231 <~Scribe.142~><~Game.2044~><~Scribe.143~>Spare<~Scribe.144~> null
<auto><~Scribe.141~>155 152 <~Scribe.142~><~Game.2004~><~Scribe.143~>Spare<~Scribe.144~> null
<auto><~Scribe.141~>137 151 <~Scribe.142~><~Game.2005~><~Scribe.143~>Spare<~Scribe.144~> null
<auto><~Scribe.141~>161 198 <~Scribe.142~><~Game.2006~><~Scribe.143~>Spare<~Scribe.144~> null
<auto><~Scribe.141~>163 188 <~Scribe.142~><~Game.2007~><~Scribe.143~>Spare<~Scribe.144~> null
<auto><~Controls.323~>364 null
<auto> noisy null
<auto> silent null
<auto><~Scribe.141~>312 <~Scribe.142~><~Game.2038~><~Scribe.143~><~Game.1965~><~Scribe.144~> null
<auto> noisy null
<~Game.7~>1 null
<auto> silent null
<auto><~Scribe.141~>363 397 398 402 401 400 399 403 404 376 375 374 373 377 378 <~Scribe.142~><~Game.2038~><~Scribe.143~>Spare<~Scribe.144~> null
<auto><~Scribe.141~>365 366 379 380 381 382 383 384 385 386 387 388 389 390 391 392 393 394 395 396 367 368 369 370 371 372 <~Scribe.142~><~Game.2040~><~Scribe.143~>Spare<~Scribe.144~> null
<auto><~Scribe.141~>230 231 <~Scribe.142~><~Game.2044~><~Scribe.143~>Spare<~Scribe.144~> null
<auto><~Scribe.141~>155 152 <~Scribe.142~><~Game.2004~><~Scribe.143~>Spare<~Scribe.144~> null
<auto><~Scribe.141~>137 151 <~Scribe.142~><~Game.2005~><~Scribe.143~>Spare<~Scribe.144~> null
<auto><~Scribe.141~>161 198 <~Scribe.142~><~Game.2006~><~Scribe.143~>Spare<~Scribe.144~> null
<auto><~Scribe.141~>163 188 <~Scribe.142~><~Game.2007~><~Scribe.143~>Spare<~Scribe.144~> null
<auto><~Controls.323~>364 null
<auto> noisy null
$base silent null
$TEST<~Scribe.141~>312 <~Scribe.142~><~Game.2038~><~Scribe.143~><~Game.1965~><~Scribe.144~> null
$base noisy null
<game> Stella_Rossa<~Controls.408~>[WOTR-Gandalf2 wotr base2] null
<~Talker.31~> null
$Stella_Rossa<~Controls.281~>427 426 <~Controls.282~><~Game.2038~><~Controls.283~><~Game.2042~> 
<Elendil> i am in 
$Stella_Rossa<~Controls.464~>1B40813938DAECA0568D1EE196576C402A952DFA BD67B016BC15B2E572C445EFE6AD40DB 24 792E0D616A0AB610F9E1E922A79FA79E12FF93D1 5519ED1A8939BE4E414659B94952FFF7 A43E707F7D90C9C805F48381A8E4203E612AB0E6 F186F83A3DAABA82951D528B84CE8224 A720D4192F1DB95226E0AAA029B8F217D8D14472 A30DF7DD26087DEEFDB7C6114559B860 E6B509789AC0FBAAF94B2354C7BD591E9CD0BC38 EEB1C8BBDB172BEA9192E7219AFC0ED7 AB6D72A58F167C726CEE1FFDCD58FFC8DCE33A97 8C3EF140B2F363235980671E7F66CB1E EC30C85C7E30F5384A490E27F1B278806456F9B6 6B0B1DBA7460465FEE723772B8AE6F63 1B1747AADB183909B0EE69C541C8C6D9FD22150A F9B07C8E53393BF162A9A31EE1257911 91F57C2EBB35BAA8A9FC774E77A1A86C4614A6CD A12B12931C2766B65D69DA0AC38143A2 12A3879D3F405C83118C38605A21C10A212757B3 9433AEA9A8160E4587A6C2D8E8FA011E 731D8E4965CE08B01EBC5DFC23C9480888AD4DDE CCCC04859822721E2D3C8BF0712FB410 3D969C33154C83DB02B2064C88E9954342A0390B 4D532CEC40E496D71E9DC18F26DF0537 0EC0AC1E2FCFCDCA08048E27486530AE30C8C477 AD874A13E35FE355D61D496CCED4659F D9CF3192260E51E144F57EBEB2FC2BFA67F68D3C D65F6739210024D6DE3C7AC5C0909183 E5CEF8A89353C478F0B721AAE7D1792A939533EF 0BA0955CAC54FDA2728D4310B98898AC E39CF12E8601186BEFA3249FEA7EC3766E4D9F4C 28801D6A42883F3A63289C2CF01033D0 0A3DA4018B3AAE8E316C7C34B0D22606DDFE9C8C 2DE15548D7C126723FC731CD6742765F 59E8020328C734DBECCC58125993EBA8B75A28D7 FCD69CA710E5A3B7AEED3A5C8472AFA5 75EE30E5C9E80FF8900CD94BDB33F52AC3EDF870 618AA8E7F8658C301EC5F7C3E00FC79F 722EDAAB5E91A62D1C0EF39495F39DD7E8182DB5 53B7750AED2347CFA28EF28C5DF8337A 149B055F38F7238966ACF3BD647ED629C86CDB49 794BA9A6DB7F77D417CFBA597D9C8552 A1DE4D4C3222EF4A9DAC7962FE0F1EE1F9EC3F3E EFE88ED4AC2187E58899E4E5F1831C73 34D908AFD1A6A5E5B97380CC3E0D71E32448EA7B 495136F3FF200288D39BC7F670070E59 3E89191D43A8F3213EAD68FDA5E63E1DAF037B60 D7FCCDEA1785C0308CD10FA6CA53A916 680645070F243EDBABC9D505A985D1409BFC5B4B 2A6279CE155013162001ECC23C0AE10D 24 BB3F4D8B0612D7458055BF399659A9B4D21A86A4 D7B1C5C66989DAF43D67C4C405123E1E A6A20DDF7A48BC6C1A19C80DE6826BD919D941F1 7A0AC85686FBCC0C713426A4396F359F 5AC5A86EB023B5C9A4985B32E3E115D6D219C2DA FD681CF5D59891C711C1367AD4320453 DEA7B41919ADEE65F6449723020B08D6E3471BAE 1AD9ACB7EBBBD5035C9BCBBE12D8D1B4 2A9572E0A6850F6EB4CCD147E33B77F5EF660ED3 1EAA9C59FDB68A88DFD3727FFCA20A00 F650461C2389A022DAE9ADFA97FFC61D8A2F6BFD EEAB2B16936628181A2C89B846D4E843 69D041B77D232A0355EE29B293253611169A524B 4FB821DE7BBB794F630B32BB58C63C0E 7994FECF083E44C19427CFA9259EF7F2BD887535 610C93FF0070537A0A5EDF09AA47F150 0C0B284B232FB69F8E6A0A9A0A8381E110419668 6C36D2E55B5CE4D1BDC2557F54C6CA4F 2562655AEE90FF391CF1632C0AB37D7CB9743946 DE9B6C996A1E52DF2EAAFBBBE520B5A4 32A7EA90B568D0EE3AEAC12D672BCEC76A378465 94DB5ADA9F084CA9F24C08717230DDD9 D2B2E778EF5385A127CA324DFC5AA07DF4E4EC22 58905E513A8C69BFAC9B110BF25F1027 C3848938652AC6A5EC164B4245261FD926826D14 AA371B6DBA92C8716A8DC6B3C9E4AD8C 4EB90140B99A499E88EFCD5CF7E88E199009CDD3 C3401014907AB3914E709587A26C1AA7 ED2D29CB059627E9E930C2222B6DB67562099F58 D68776B216AB5DF07020D4F581546013 5C69B10A9BE72BFFBA969E8C979178DF3B712A76 98C16322BEF3409E0349FA7A17BDB355 B661C92B3A32322658CF298E88A4090E45EADD54 029BBA118E2A954FB513DC8A581033B6 A8977BB3488A6B3D82FF3A9A29CC99561B376558 55919674CBBDFE935CEAD5864ACCB11C 250A8CCCDDDCE7D5973264AE678F8B464E49BCAE 5EC64E20F42C2808CE2EC0D720A7E452 5FE513E0EC953434306C05D0255C3031CB7C4486 FB541B3BF29CC5CA0F0D8CAF8760234A 3E3DEEF7CE398E62FCC0A44D38A5919795857E8A DDE91CE38CFBC03AB1CBD8F03ED465B0 345C8459954AD7BB8A693BC0C74B492F1815A180 8FA43E75206640FD783EE345EC2167BC D88B159D60FBAEFCD6050F408A6AC24A80AC4889 B684669D8FC71F173C3F27722DFE322C 54E3E6D6C5A6D38461EFE5D5E11A58530D06377D 99E7E8C579E191511351256DED800ED9 0 0 E0CF3D
<Elendil> you FP now? 
$Stella_Rossa<~Controls.509~>149<~Controls.510~><~Game.2004~><~Controls.511~><~Controls.45~> null
$Stella_Rossa<~Controls.509~>147<~Controls.510~><~Game.2005~><~Controls.511~><~Controls.45~> null
$Elendil<~Controls.479~>DC160B3BA3134DC4980BBDBAF0C58F6D05B97B79 0E84A79971DE886BD560F6B613084EF0 24 1019712F3B97A44B549C5741B93B0A3476FA9433 D0B20B5EB5ACB85A8656F5654AC33DF7 E8B2DA66FF0339CAB28D19DD4F4D9E797B0651F6 47FCC174463FAF71586F46725F438B79 39EE5131656D970576278FDFA256935FA8E32265 6ACEAB4F863F1FD75EEE34F83740A7CC 96951C9255C3F4798B2DFD5FD599438EF4C58D0A E2E8AB695E78AA1C757ADF6151A49EF6 83EA4071DC7EEB2D0ADC6D54DCAD221CAFA14AF7 CADF160CB99BF5E9A868F9A05F116D3A CF7E8D922B2A5E1049D801B2E7423799FD723344 B68662C1356B2E8BD5C86B04189A1A9E 32DE41AC63333D37ACE1219982AFBFFF70213DB9 F687324C1838FFDB9018E8934CC51A57 450E098D6CBE376453FB86ACD3FB6EFFD9CC6323 1CAC005780EE25A847C03850382E3012 0E38CBB8F26AD398B97A36FAD20F5F7689BC1A6F BA958337DE1F943BA5BE39951B5679CC AD6ED551C8F7A0C79D7F1D4A4AE3FA953253291E 6FF5DE69A4C060903B2626D4087B80D0 3085D73D1D2539E996A95CE64C92E51693C56B08 257AD46E3D8D2B585D518D88FE8771DD 0DE9F6598112A0B973D9CA0DB566275EEF96E48E 9301DD9D3D4A1D444AF00C6235723655 58EC6352E9DBBCC16825E2531254ABC2DFB42904 09CD8524D953AF198F551B3FBA976BE9 6BC4611C1F04E10537D40FB1D51EB2D177984A03 6CBEE5BF993018B6ACA4FF833EF322D4 489DB889B98D187F914559BAAFD365CA95F49517 7EE1BAE74B1BE275F7C6CB3A29398681 018E92B8A6804CC3C6454DE75F7F25C0B510CCAE 62C500D53BB80B15C04A0608F531D547 60290982449F6193E1290B010CF401C80AD01FAE 5F6AD47BA0696205B590F089BAE53E95 141A23700935247BCB8826AE329699B260B460F8 E3C782B258F7C81F88EB3700046DE9DB FDA1CF74EB3EAAD20DFA3BDD182E607C486D8094 CB2EEB11D87D1421CE95A6D5EC7A6595 097BAB0099BBDC720CEB8D6C258C97D22C1114D1 E10B2FDE5DD8546F2AA253AF66F40765 71448E1C3463AFDEAB2735D4B396A642494404D0 A5CE3C7E67FAFC7FAA491F3BD62875AD E7D4BE3735D93EA7B0C6F5A6B8D942A129FAFA4E 50F85BBD67ECB2E5703C3BFCE97F4EAE 2BEEA5B4D2939D8AFFA7AAFFA4D9057DDEBEF4D0 1597BC8FB65FD68494D8548EA2B0AC5C 250DE4F03F40A915653B41375E3868642DC89725 A9B16C2AC90D48DB496BF130B3D51DE1 24 8476635912B1616D5076DBA2191B3111084809F0 06673A84A356EB493EE0EA320EF37FC9 A9A2C2BA02380CDD958B7F1C18CBBF14EFB287C3 6AC631608AD2FE374683FDFBBAC08531 C88D9AAD0945311DF4349206A56E12144FAA0EFA A5A3D1AFFDCAFF003AB83DCEEACE3C23 E1C13871376A4F5AE65BFFE9919D1D0DC8CDECCD 94EB02CBE4CE97601DCD56E54A57C946 20E2621141C57F57E3CE2A49AD6DE64B27F31240 E83C92D209D6526C814AE2B39C4FFD46 D8904E5A110E0082B40503684907B61870841B34 2CC9A3B7C6A7CFC32A6639AA8391B58C 315969CF6BAF7D80D03DF16A3790A15D44EBEBA4 05C295430079030DF07B18149F2B41A6 F650BDBE785DD071441B88FFEECA3DB4EF81CF59 BAD6450853F544DEE9B0863DD92FC4B7 3B8CC324071B46B214E4A979CA4474229BAD2F35 F685F20C8E276222C724F2A1FF92C81E 03068F07DC8B26D288D5327C4AD75E5389B19780 CD47391061F547BF7D55937C92F1444B 2E7469796D1757EBDDEE26055B2D6EE6EFED6B0E FCD33E505522F9BC2899309DDE4D8A0C F3CECB55D4B3310CD96A60CF89781D012A0BD995 74081F77FB0DFE732DD284024B1B07DE 21A02BCF78A9904310895B086FBD5E0285A5C9E0 193496CF68A155F79EC11AEAF32ADF5F B6E07524C88A11ECBC01295CB723C39DD6D87146 C6C9AD8CE01F8341E19BA0E6744D3D2F 6644A0E5C7D49927F39FED682B1B8F54E7BB05CC 94BF5243D0CEDBDD93C3CD2706BE3CEB 38F0606BBCFEA24FB36D6C157E6688F5ED15EABB 5C1E5CC601A9F241A9CE2E9CCFAA95DA 87DA713166069CA013A2969277DF03D92DCC9E34 7985EC380B912FAED839CA83756E196D 998A81A33C6938B1D02465F1389E7DF4F054C02A D2A6813807B782CB366ED29CF54EC09F 896CF83364860898176B3CA5FA2A6B5214EE7B23 17FFB0938725FCDD21FDBF5FB3D5D313 600C0BD624EE128AB2C22AA88C4E1B2F20CD5E97 494EC1BCCAA91A045F367900D114DEBE 19EAD6CF0C819FAABD3AE0FA41BD06BFB26CB814 8094446C2C8B24C8867CDABCC36DB75A 2E57AC8DC9A923E9F89124EBD85071FAF80F787F E896CE1FDBC50F279EFB44A823AD91E0 655FBB7267DF4D69F3599E4F579B04DCBDC6137B 0C3120F8CFBCA6F604A60FC6C18F7828 6BA13685F89C44EF4AB09EEC7AFA868C006BEDCB 56F6DF20FB96F14D919B102CFE04AD5D 0 0 DBF151
$Elendil<~Controls.509~>209<~Controls.510~><~Game.2006~><~Controls.511~><~Controls.46~> null
$Elendil<~Controls.509~>192<~Controls.510~><~Game.2007~><~Controls.511~><~Controls.46~> null
<Stella_Rossa> fsp ok D44E7C
$Elendil<~Controls.372~>105 E30915
$Elendil<~Controls.345~>104 103 102 101 100 099 <~Controls.346~>12 10 14 15 15 14 null
$Elendil<~Controls.350~>104 103 102 101 100 099 null
$Stella_Rossa<~Controls.345~>213 212 211 210 <~Controls.346~>1 0 1 1 null
$Stella_Rossa<~Scribe.141~>211 <~Scribe.142~><~Game.2042~><~Scribe.143~><~Game.2035~><~Scribe.144~> 848B1E
$Stella_Rossa<~Scribe.141~>241 244 246 <~Scribe.142~><~Game.1998~><~Scribe.143~><~Game.1917~><~Scribe.144~> 306D8B
$Stella_Rossa<~Controls.644~>211 <~Controls.645~><~Game.2035~> FE5558
<Elendil> turn 1 vs 3 eyes AF08C5
<Elendil> no ring 475A31
<Elendil> nice 14CBE1
<Stella_Rossa> yes AC52BC
$Elendil<~HighlightLabel.81~>099<~HighlightLabel.82~><~Game.2043~><~HighlightLabel.83~><~Game.2035~> 7C5E2B
<Stella_Rossa> do not worry, my luck will hit soon 9B615D
$Elendil<~Controls.509~>113<~Controls.510~><~Game.2005~><~Controls.511~><~Controls.45~> null
$Elendil<~Controls.819~> 347CAA
$Elendil<~Controls.509~>207<~Controls.510~><~Game.2007~><~Controls.511~><~Controls.46~> null
$Elendil<~Controls.644~>099 <~Controls.645~><~Game.2035~> BCA0F8
$Stella_Rossa<~Scribe.141~>210 <~Scribe.142~><~Game.2042~><~Scribe.143~><~Game.2035~><~Scribe.144~> B4F165
$Stella_Rossa<~Scribe.141~>241 244 246 <~Scribe.142~><~Game.1917~><~Scribe.143~><~Game.1937~><~Scribe.144~> A25D06
$Stella_Rossa<~Controls.644~>210 <~Controls.645~><~Game.2035~> 6D1C94
$Elendil<~HighlightLabel.81~>102<~HighlightLabel.82~><~Game.2043~><~HighlightLabel.83~><~Game.2035~> 7C5A4B
$Elendil<~CardBuffet.14~>reveal 192 8CACDDE76525E5D91E4B54D3791832AEADD78C81 17<~CardBuffet.15~><~Controls.46~><~CardBuffet.16~> DF03D0
$Elendil<~Scribe.141~>344 <~Scribe.142~><~Game.2040~><~Scribe.143~><~Game.1904~><~Scribe.144~> 90753A
$Elendil<~Scribe.141~>343 <~Scribe.142~><~Game.2040~><~Scribe.143~><~Game.1901~><~Scribe.144~> 94A0D5
$Elendil<~Scribe.141~>342 <~Scribe.142~><~Game.2040~><~Scribe.143~><~Game.1898~><~Scribe.144~> F6370D
$Elendil<~Scribe.141~>333 <~Scribe.142~><~Game.2040~><~Scribe.143~><~Game.1908~><~Scribe.144~> AF230F
$Elendil<~Controls.644~>102 192 <~Controls.645~><~Game.2035~> 4297DC
$Stella_Rossa<~Scribe.141~>213 <~Scribe.142~><~Game.2042~><~Scribe.143~><~Game.2035~><~Scribe.144~> B58B67
$Stella_Rossa<~Scribe.141~>241 244 246 <~Scribe.142~><~Game.1937~><~Scribe.143~><~Game.1944~><~Scribe.144~> F5ECFF
$Stella_Rossa<~Controls.323~>260 D304F6
$Stella_Rossa<~Controls.644~>213 <~Controls.645~><~Game.2035~> 8D9D53
$Elendil<~HighlightLabel.81~>103<~HighlightLabel.82~><~Game.2043~><~HighlightLabel.83~><~Game.2035~> E62974
$Elendil<~Scribe.141~>263 <~Scribe.142~><~Game.2002~><~Scribe.143~><~Game.2003~><~Scribe.144~> C9A0F0
$Stella_Rossa<~Controls.271~>212<~Controls.272~><~Game.2042~><~Controls.273~><~Game.2035~> 314470
$Elendil<~Controls.644~>212 103 <~Controls.645~><~Game.2035~> 802A1B
$Stella_Rossa<~Scribe.141~>358 <~Scribe.142~><~Game.2038~><~Scribe.143~><~Game.2037~><~Scribe.144~> F31525
<Elendil> do your FEB331
<Elendil> W 3B52BE
$Stella_Rossa<~Controls.323~>241 82745C
$Stella_Rossa<~Controls.644~>358 <~Controls.645~><~Game.2035~> A30E26
$Elendil<~HighlightLabel.81~>104<~HighlightLabel.82~><~Game.2043~><~HighlightLabel.83~><~Game.2035~> A4C96E
$Elendil<~Scribe.141~>039 036 029 028 027 026 <~Scribe.142~><~Game.1979~><~Scribe.143~><~Game.533~><~Scribe.144~> AF2C2B
$Elendil<~Scribe.141~>034 033 <~Scribe.142~><~Game.1971~><~Scribe.143~><~Game.1977~><~Scribe.144~> 1C87E3
$Elendil<~Controls.644~>104 <~Controls.645~><~Game.2035~> 57605A
$Stella_Rossa<~Controls.731~>358 212 213 210 211 <~Controls.732~><~Game.2039~><~Controls.733~><~Game.2042~> 3AD99F
$Stella_Rossa<~Controls.509~>132<~Controls.510~><~Game.2004~><~Controls.511~><~Controls.45~> null
$Stella_Rossa<~Controls.509~>118<~Controls.510~><~Game.2005~><~Controls.511~><~Controls.45~> null
$Elendil<~Controls.757~>101 100 105 <~Controls.758~><~Game.1997~><~Controls.759~><~Game.2043~> 5898F4
<~Game.7~>2 null
$Elendil<~Controls.762~>104 103 102 099 <~Controls.763~><~Game.2041~><~Controls.764~><~Game.2043~> 435BEF
$Elendil<~Controls.509~>193<~Controls.510~><~Game.2006~><~Controls.511~><~Controls.46~> null
$Elendil<~Controls.509~>176<~Controls.510~><~Game.2007~><~Controls.511~><~Controls.46~> null
<Stella_Rossa> fsp ok 704510
$Elendil<~Controls.372~>104 432D0D
$Elendil<~Controls.345~>103 102 099 101 100 105 <~Controls.346~>13 14 14 14 10 13 null
$Elendil<~Controls.350~>103 102 099 101 100 105 null
$Stella_Rossa<~Controls.345~>358 212 213 210 211 <~Controls.346~>4 1 2 3 1 null
$Stella_Rossa<~Scribe.141~>213 <~Scribe.142~><~Game.2042~><~Scribe.143~><~Game.2035~><~Scribe.144~> 6AD2DD
$Stella_Rossa<~Scribe.141~>reveal 132 B82D51F9F1B5D11D1293F7CFBD3D5CA1ACAB22CD 9 <~Scribe.142~><~Controls.45~><~Scribe.143~><~Game.2037~><~Scribe.144~> F79619
$Stella_Rossa<~Controls.281~>232 <~Controls.282~><~Game.2046~><~Controls.283~><~Game.2045~> 9295A2
$Stella_Rossa<~Controls.509~>128<~Controls.510~><~Game.2004~><~Controls.511~><~Controls.45~> null
$Stella_Rossa<~Controls.644~>213 132 <~Controls.645~><~Game.2035~> FA904E
$Elendil<~HighlightLabel.81~>099<~HighlightLabel.82~><~Game.2043~><~HighlightLabel.83~><~Game.2035~> 0C62F9
$Elendil<~Controls.509~>175<~Controls.510~><~Game.2007~><~Controls.511~><~Controls.46~> null
$Elendil<~Controls.644~>099 <~Controls.645~><~Game.2035~> 7E1042
$Stella_Rossa<~Scribe.141~>211 <~Scribe.142~><~Game.2042~><~Scribe.143~><~Game.2035~><~Scribe.144~> 8A29DF
$Stella_Rossa<~Controls.790~>248<~Controls.791~><~Game.2014~><~Controls.792~><~Game.2015~> 7270A5
$Stella_Rossa<~Controls.795~>211<~Controls.796~><~Game.2035~><~Controls.797~><~Game.1997~> B67F19
<game> Elendil<~Controls.1~> 5 null
$Elendil<~HighlightLabel.81~>100<~HighlightLabel.82~><~Game.2043~><~HighlightLabel.83~><~Game.2035~> F26F8C
$Elendil<~Scribe.141~>254 <~Scribe.142~><~Game.2040~><~Scribe.143~><~Game.1919~><~Scribe.144~> 294FA5
$Elendil<~Scribe.141~>360 <~Scribe.142~><~Game.2040~><~Scribe.143~><~Game.2037~><~Scribe.144~> 7FA7C9
$Elendil<~Controls.644~>100 360 <~Controls.645~><~Game.2035~> 3FB694
<Stella_Rossa> pass 6A83F3
$Elendil<~HighlightLabel.81~>101<~HighlightLabel.82~><~Game.2043~><~HighlightLabel.83~><~Game.2035~> 2906FD
$Elendil<~Controls.509~>171<~Controls.510~><~Game.2007~><~Controls.511~><~Controls.46~> null
$Elendil<~Controls.644~>101 <~Controls.645~><~Game.2035~> 53657A
$Stella_Rossa<~Scribe.141~>212 <~Scribe.142~><~Game.2042~><~Scribe.143~><~Game.2035~><~Scribe.144~> 7D26C3
$Stella_Rossa<~Controls.790~>248<~Controls.791~><~Game.2015~><~Controls.792~><~Game.2016~> 463017
$Stella_Rossa<~Controls.795~>212<~Controls.796~><~Game.2035~><~Controls.797~><~Game.1997~> 82F458
<game> Elendil<~Controls.1~> 5 4 null
<Stella_Rossa> hit 2F59B6
<Elendil> oi 8FB3A5
<Elendil> sorry 507338
<Elendil> first counts B7780E
$Elendil<~Controls.624~>227<~Controls.625~><~Game.2044~><~Controls.626~><~Game.2037~> null
$Stella_Rossa<~Scribe.141~>240 <~Scribe.142~><~Game.1999~><~Scribe.143~><~Game.2037~><~Scribe.144~> 60862A
$Stella_Rossa<~Scribe.141~>242 <~Scribe.142~><~Game.1998~><~Scribe.143~><~Game.1999~><~Scribe.144~> C6E70C
$Stella_Rossa<~Controls.644~>227 240 <~Controls.645~><~Game.2035~> 870FFE
$Elendil<~HighlightLabel.81~>102<~HighlightLabel.82~><~Game.2043~><~HighlightLabel.83~><~Game.2035~> 070C79
$Elendil<~CardBuffet.14~>reveal 193 DABEE34948908A972923FEAC57381086EB2EF662 0<~CardBuffet.15~><~Controls.46~><~CardBuffet.16~> 8EFD85
$Elendil<~Scribe.141~>193 <~Scribe.142~><~Game.2036~><~Scribe.143~><~Game.2029~><~Scribe.144~> DC611D
$Elendil<~Controls.644~>102 <~Controls.645~><~Game.2035~> E80900
$Stella_Rossa<~Scribe.141~>210 <~Scribe.142~><~Game.2042~><~Scribe.143~><~Game.2035~><~Scribe.144~> 9E3B76
$Stella_Rossa<~Scribe.141~>256 <~Scribe.142~><~Game.2000~><~Scribe.143~><~Game.2001~><~Scribe.144~> F5D8F4
$Stella_Rossa<~Controls.644~>210 <~Controls.645~><~Game.2035~> D9CE6C
$Elendil<~HighlightLabel.81~>105<~HighlightLabel.82~><~Game.2043~><~HighlightLabel.83~><~Game.2035~> F8AE09
$Elendil<~Scribe.141~>105 <~Scribe.142~><~Game.2035~><~Scribe.143~><~Game.1969~><~Scribe.144~> E0ED8A
$Elendil<~Scribe.141~>105 <~Scribe.142~><~Game.1969~><~Scribe.143~><~Game.2035~><~Scribe.144~> 6305CC
$Elendil<~Scribe.141~>039 036 029 028 027 026 <~Scribe.142~><~Game.533~><~Scribe.143~><~Game.1969~><~Scribe.144~> 030D8D
$Elendil<~Controls.644~>105 <~Controls.645~><~Game.2035~> 32F8FF
$Stella_Rossa<~Scribe.141~>358 <~Scribe.142~><~Game.2042~><~Scribe.143~><~Game.2035~><~Scribe.144~> FDF4B5
$Stella_Rossa<~Scribe.141~>256 <~Scribe.142~><~Game.2001~><~Scribe.143~><~Game.2002~><~Scribe.144~> FC0FE0
$Stella_Rossa<~Controls.644~>358 <~Controls.645~><~Game.2035~> C9D347
$Elendil<~HighlightLabel.81~>103<~HighlightLabel.82~><~Game.2043~><~HighlightLabel.83~><~Game.2035~> 9C0731
$Elendil<~Scribe.141~>039 037 036 029 028 027 026 020 019 018 017 016 <~Scribe.142~><~Game.1969~><~Scribe.143~><~Game.1964~><~Scribe.144~> 3E133A
$Elendil<~Scribe.141~>039 037 036 029 028 027 026 020 019 018 017 016 <~Scribe.142~><~Game.1964~><~Scribe.143~><~Game.1955~><~Scribe.144~> 75DB79
$Elendil<~Controls.644~>103 <~Controls.645~><~Game.2035~> 76DEA8
$Stella_Rossa<~Controls.726~>212 211 <~Controls.727~><~Game.1997~><~Controls.728~><~Game.2042~> E02892
$Stella_Rossa<~Controls.731~>358 210 213 <~Controls.732~><~Game.2039~><~Controls.733~><~Game.2042~> B7C539
$Stella_Rossa<~Controls.509~>133<~Controls.510~><~Game.2004~><~Controls.511~><~Controls.45~> null
$Stella_Rossa<~Controls.509~>114<~Controls.510~><~Game.2005~><~Controls.511~><~Controls.45~> null
$Elendil<~Controls.757~>104 <~Controls.758~><~Game.1997~><~Controls.759~><~Game.2043~> D55EC8
<~Game.7~>3 null
$Elendil<~Controls.762~>103 105 102 101 100 360 099 <~Controls.763~><~Game.2041~><~Controls.764~><~Game.2043~> FA3B5A
$Elendil<~Controls.509~>173<~Controls.510~><~Game.2006~><~Controls.511~><~Controls.46~> null
$Elendil<~Controls.509~>206<~Controls.510~><~Game.2007~><~Controls.511~><~Controls.46~> null
<Stella_Rossa> fsp ok C7AD1B
$Elendil<~Controls.296~>176 <~Controls.297~><~Controls.46~> A6B49E
$Elendil<~Controls.372~>103 FE12A4
$Elendil<~Controls.345~>105 102 101 100 360 099 104 <~Controls.346~>13 11 13 13 15 14 10 null
$Elendil<~Controls.350~>105 102 101 100 360 099 104 null
$Stella_Rossa<~Controls.345~>358 210 213 212 211 <~Controls.346~>4 2 1 1 1 null
$Stella_Rossa<~Scribe.141~>210 <~Scribe.142~><~Game.2042~><~Scribe.143~><~Game.2035~><~Scribe.144~> 5B852E
$Stella_Rossa<~Scribe.141~>reveal 147 3B350C3DFB6A56EF5073DDE943F4DA166900F34F 17 <~Scribe.142~><~Controls.45~><~Scribe.143~><~Game.2037~><~Scribe.144~> 3B768B
<game> Stella_Rossa<~Controls.1~> 4 6 1 null
<Stella_Rossa> 1 03479B
$Elendil<~Scribe.141~>018 <~Scribe.142~><~Game.1955~><~Scribe.143~><~Game.2037~><~Scribe.144~> 81D123
$Stella_Rossa<~Scribe.141~>270 276 <~Scribe.142~><~Game.2038~><~Scribe.143~><~Game.1943~><~Scribe.144~> E0F2AC
$Stella_Rossa<~Controls.644~>210 147 018 <~Controls.645~><~Game.2035~> 6CF7CC
$Elendil<~HighlightLabel.81~>104<~HighlightLabel.82~><~Game.2043~><~HighlightLabel.83~><~Game.2035~> F44361
$Elendil<~Scribe.141~>262 <~Scribe.142~><~Game.2002~><~Scribe.143~><~Game.2003~><~Scribe.144~> 45722A
$Elendil<~Controls.644~>104 <~Controls.645~><~Game.2035~> F02751
$Stella_Rossa<~Scribe.141~>211 <~Scribe.142~><~Game.2042~><~Scribe.143~><~Game.2035~><~Scribe.144~> 878713
$Stella_Rossa<~Scribe.141~>reveal 149 B3E0C96597161C71A5E703A08F636955CCE37680 7 <~Scribe.142~><~Controls.45~><~Scribe.143~><~Game.2037~><~Scribe.144~> 5D20B2
$Stella_Rossa<~Controls.281~>233 <~Controls.282~><~Game.2046~><~Controls.283~><~Game.2045~> C0E3C4
$Stella_Rossa<~Controls.644~>211 149 <~Controls.645~><~Game.2035~> CBC8AA
$Elendil<~HighlightLabel.81~>099<~HighlightLabel.82~><~Game.2043~><~HighlightLabel.83~><~Game.2035~> C71F80
$Elendil<~CardBuffet.14~>reveal 206 EA0B660F020627647E62DCBE7EAA0A2BEDCE3F57 8<~CardBuffet.15~><~Controls.46~><~CardBuffet.16~> 260C3F
$Elendil<~Scribe.141~>320 335 336 <~Scribe.142~><~Game.2040~><~Scribe.143~><~Game.1917~><~Scribe.144~> 6BAF30
$Elendil<~Controls.644~>099 206 <~Controls.645~><~Game.2035~> 979E6A
$Stella_Rossa<~Scribe.141~>426 <~Scribe.142~><~Game.2042~><~Scribe.143~><~Game.2035~><~Scribe.144~> C28138
$Stella_Rossa<~Scribe.141~>256 <~Scribe.142~><~Game.2002~><~Scribe.143~><~Game.2003~><~Scribe.144~> C9614D
$Stella_Rossa<~Controls.644~>426 <~Controls.645~><~Game.2035~> 358AA2
$Elendil<~HighlightLabel.81~>100<~HighlightLabel.82~><~Game.2043~><~HighlightLabel.83~><~Game.2035~> 17B154
$Elendil<~Scribe.141~>040 035 015 014 013 012 011 <~Scribe.142~><~Game.1956~><~Scribe.143~><~Game.1953~><~Scribe.144~> ABFA4C
$Elendil<~Scribe.141~>040 035 015 014 013 012 011 <~Scribe.142~><~Game.1953~><~Scribe.143~><~Game.1949~><~Scribe.144~> B4AAA2
$Elendil<~Controls.644~>100 <~Controls.645~><~Game.2035~> 8CB798
$Stella_Rossa<~Scribe.141~>212 <~Scribe.142~><~Game.2042~><~Scribe.143~><~Game.2035~><~Scribe.144~> FF8642
$Stella_Rossa<~Scribe.141~>241 <~Scribe.142~><~Game.1944~><~Scribe.143~><~Game.1937~><~Scribe.144~> 1EA688
$Stella_Rossa<~Controls.644~>212 <~Controls.645~><~Game.2035~> 7C2254
$Elendil<~HighlightLabel.81~>101<~HighlightLabel.82~><~Game.2043~><~HighlightLabel.83~><~Game.2035~> 794A20
$Elendil<~Scribe.141~>040 035 015 014 013 012 011 <~Scribe.142~><~Game.1949~><~Scribe.143~><~Game.1927~><~Scribe.144~> 778AD7
$Elendil<~Controls.644~>101 <~Controls.645~><~Game.2035~> 011A52
$Stella_Rossa<~Scribe.141~>358 <~Scribe.142~><~Game.2042~><~Scribe.143~><~Game.2035~><~Scribe.144~> 483BAA
$Stella_Rossa<~Scribe.141~>266 <~Scribe.142~><~Game.2038~><~Scribe.143~><~Game.1928~><~Scribe.144~> B63BE9
$Stella_Rossa<~Controls.644~>358 <~Controls.645~><~Game.2035~> AE521B
$Elendil<~HighlightLabel.81~>102<~HighlightLabel.82~><~Game.2043~><~HighlightLabel.83~><~Game.2035~> 60FAE2
$Elendil<~Controls.819~> 740EE4
$Elendil<~HighlightLabel.81~>105<~HighlightLabel.82~><~Game.2043~><~HighlightLabel.83~><~Game.2035~> 340356
$Elendil<~Scribe.141~>320 335 336 008 007 <~Scribe.142~><~Game.1917~><~Scribe.143~><~Game.1927~><~Scribe.144~> 4D051C
$Elendil<~Controls.644~>105 <~Controls.645~><~Game.2035~> CEE225
$Stella_Rossa<~Scribe.141~>213 <~Scribe.142~><~Game.2042~><~Scribe.143~><~Game.2035~><~Scribe.144~> 90250E
$Stella_Rossa<~Controls.790~>248<~Controls.791~><~Game.2016~><~Controls.792~><~Game.2017~> C743CC
$Stella_Rossa<~Controls.795~>213<~Controls.796~><~Game.2035~><~Controls.797~><~Game.1997~> B46AE8
<game> Elendil<~Controls.1~> 5 6 null
$Elendil<~Controls.624~>225<~Controls.625~><~Game.2044~><~Controls.626~><~Game.2037~> null
<Stella_Rossa> here we go 5DF16E
$Stella_Rossa<~Scribe.141~>242 <~Scribe.142~><~Game.1999~><~Scribe.143~><~Game.2037~><~Scribe.144~> D8C28F
<Stella_Rossa> wwsat C44FAC
$Stella_Rossa<~Scribe.141~>243 <~Scribe.142~><~Game.1998~><~Scribe.143~><~Game.1999~><~Scribe.144~> A6187D
$Elendil<~Controls.452~>133<~Controls.453~><~Controls.45~><~Controls.454~><~Game.2039~> null
$Stella_Rossa<~Controls.644~>225 242 <~Controls.645~><~Game.2035~> 1F5EF0
$Elendil<~HighlightLabel.81~>102<~HighlightLabel.82~><~Game.2043~><~HighlightLabel.83~><~Game.2035~> 8E89D9
$Elendil<~Scribe.141~>253 <~Scribe.142~><~Game.2040~><~Scribe.143~><~Game.1927~><~Scribe.144~> 58D2F0
$Elendil<~Controls.644~>102 <~Controls.645~><~Game.2035~> 8CDBEA
$Elendil<~Controls.323~>259 258 257 B86989
$Stella_Rossa<~Controls.323~>259 258 257 29EE6C
$Stella_Rossa<~Controls.726~>213 <~Controls.727~><~Game.1997~><~Controls.728~><~Game.2042~> D2F8E9
$Stella_Rossa<~Controls.731~>358 212 211 210 <~Controls.732~><~Game.2039~><~Controls.733~><~Game.2042~> BA729E
$Elendil<~Controls.281~>361 <~Controls.282~><~Game.2040~><~Controls.283~><~Game.2041~> 4CA645
$Stella_Rossa<~Controls.509~>125<~Controls.510~><~Game.2004~><~Controls.511~><~Controls.45~> null
$Stella_Rossa<~Controls.509~>146<~Controls.510~><~Game.2005~><~Controls.511~><~Controls.45~> null
$Elendil<~Controls.757~>360 103 <~Controls.758~><~Game.1997~><~Controls.759~><~Game.2043~> 252BB3
<~Game.7~>4 null
$Elendil<~Controls.762~>361 102 105 101 100 099 104 <~Controls.763~><~Game.2041~><~Controls.764~><~Game.2043~> B87149
$Elendil<~Controls.372~>361 ADDF0B
$Elendil<~Controls.509~>167<~Controls.510~><~Game.2006~><~Controls.511~><~Controls.46~> null
$Elendil<~Controls.509~>186<~Controls.510~><~Game.2007~><~Controls.511~><~Controls.46~> null
<Stella_Rossa> fsp ok 8F390F
<Elendil> hard discard sorry 498AE2
<Stella_Rossa> sure 7D82A2
$Elendil<~Controls.296~>186 <~Controls.297~><~Controls.46~> 3642D0
$Elendil<~Controls.345~>102 105 101 100 099 104 360 103 <~Controls.346~>13 10 15 10 11 11 11 11 null
$Elendil<~Controls.350~>102 105 101 100 099 104 360 103 null
$Stella_Rossa<~Controls.345~>358 212 211 210 213 <~Controls.346~>3 1 1 1 4 null
$Stella_Rossa<~Scribe.141~>358 <~Scribe.142~><~Game.2042~><~Scribe.143~><~Game.2035~><~Scribe.144~> CB66E4
$Stella_Rossa<~Scribe.141~>267 <~Scribe.142~><~Game.2038~><~Scribe.143~><~Game.1928~><~Scribe.144~> CA6652
$Stella_Rossa<~Controls.644~>358 <~Controls.645~><~Game.2035~> 630366
$Elendil<~HighlightLabel.81~>100<~HighlightLabel.82~><~Game.2043~><~HighlightLabel.83~><~Game.2035~> 801FDE
$Elendil<~Scribe.141~>261 <~Scribe.142~><~Game.2001~><~Scribe.143~><~Game.2002~><~Scribe.144~> CE37EC
$Elendil<~Controls.644~>100 <~Controls.645~><~Game.2035~> B9013B
$Stella_Rossa<~Scribe.141~>210 <~Scribe.142~><~Game.2042~><~Scribe.143~><~Game.2035~><~Scribe.144~> 09BB8B
$Stella_Rossa<~Scribe.141~>reveal 128 B6A85BF5E6114019DA0CEF4DA23EBDFF148DF547 14 <~Scribe.142~><~Controls.45~><~Scribe.143~><~Game.2037~><~Scribe.144~> 5ABFE1
$Stella_Rossa<~Scribe.141~>274 <~Scribe.142~><~Game.2038~><~Scribe.143~><~Game.1944~><~Scribe.144~> AFF7FD
$Stella_Rossa<~Controls.509~>143<~Controls.510~><~Game.2005~><~Controls.511~><~Controls.45~> null
$Stella_Rossa<~Controls.509~>130<~Controls.510~><~Game.2005~><~Controls.511~><~Controls.45~> null
$Stella_Rossa<~Controls.644~>210 128 <~Controls.645~><~Game.2035~> 931FD7
$Elendil<~HighlightLabel.81~>105<~HighlightLabel.82~><~Game.2043~><~HighlightLabel.83~><~Game.2035~> F228F1
$Elendil<~Scribe.141~>261 <~Scribe.142~><~Game.2002~><~Scribe.143~><~Game.2003~><~Scribe.144~> 97AB84
$Elendil<~Controls.644~>105 <~Controls.645~><~Game.2035~> 3054A1
<Stella_Rossa> pass 0BC2DE
$Elendil<~HighlightLabel.81~>103<~HighlightLabel.82~><~Game.2043~><~HighlightLabel.83~><~Game.2035~> 2744FE
$Elendil<~Scribe.141~>034 033 032 031 030 <~Scribe.142~><~Game.1977~><~Scribe.143~><~Game.1974~><~Scribe.144~> DE9FD8
$Elendil<~Scribe.141~>055 049 048 047 <~Scribe.142~><~Game.1968~><~Scribe.143~><~Game.1946~><~Scribe.144~> 45B4E0
$Elendil<~Controls.644~>103 <~Controls.645~><~Game.2035~> 2BEF17
<Stella_Rossa> pass E5B99D
$Elendil<~HighlightLabel.81~>360<~HighlightLabel.82~><~Game.2043~><~HighlightLabel.83~><~Game.2035~> 1C9127
$Elendil<~CardBuffet.14~>reveal 207 A76EBABF50F9BF7BA78FFC4ECF6DA6A71648B26D 11<~CardBuffet.15~><~Controls.46~><~CardBuffet.16~> 7A292D
$Elendil<~Scribe.141~>253 <~Scribe.142~><~Game.1927~><~Scribe.143~><~Game.1898~><~Scribe.144~> FF487A
$Elendil<~Scribe.141~>334 341 018 <~Scribe.142~><~Game.2040~><~Scribe.143~><~Game.1898~><~Scribe.144~> B9A02C
<Elendil> sec phone 1421F8
<Elendil> back 6A936F
$Elendil<~Controls.644~>360 207 <~Controls.645~><~Game.2035~> 8987E6
<Elendil> play when ready 117F79
$Stella_Rossa<~Scribe.141~>211 <~Scribe.142~><~Game.2042~><~Scribe.143~><~Game.2035~><~Scribe.144~> DC4E93
$Stella_Rossa<~Controls.790~>248<~Controls.791~><~Game.2017~><~Controls.792~><~Game.2018~> 14392B
$Stella_Rossa<~Controls.795~>211<~Controls.796~><~Game.2035~><~Controls.797~><~Game.1997~> 28C17F
<game> Elendil<~Controls.1~> 2 4 null
$Elendil<~HighlightLabel.81~>104<~HighlightLabel.82~><~Game.2043~><~HighlightLabel.83~><~Game.2035~> 1C4376
$Elendil<~Scribe.141~>253 334 341 018 342 <~Scribe.142~><~Game.1898~><~Scribe.143~><~Game.1901~><~Scribe.144~> F30341
$Elendil<~Scribe.141~>038 034 033 032 031 030 025 024 023 022 021 <~Scribe.142~><~Game.1974~><~Scribe.143~><~Game.1976~><~Scribe.144~> 5E28FB
$Elendil<~Controls.644~>104 <~Controls.645~><~Game.2035~> 44F510
$Stella_Rossa<~Scribe.141~>213 <~Scribe.142~><~Game.2042~><~Scribe.143~><~Game.2035~><~Scribe.144~> 353C9E
$Stella_Rossa<~Scribe.141~>265 <~Scribe.142~><~Game.2038~><~Scribe.143~><~Game.1911~><~Scribe.144~> D0BDA0
$Stella_Rossa<~Controls.644~>213 <~Controls.645~><~Game.2035~> 39351F
$Elendil<~HighlightLabel.81~>099<~HighlightLabel.82~><~Game.2043~><~HighlightLabel.83~><~Game.2035~> FB5D68
$Elendil<~Scribe.141~>253 334 341 018 342 343 <~Scribe.142~><~Game.1901~><~Scribe.143~><~Game.1908~><~Scribe.144~> 4024F1
$Elendil<~Scribe.141~>055 057 049 048 047 046 045 <~Scribe.142~><~Game.1946~><~Scribe.143~><~Game.1932~><~Scribe.144~> 432CF0
$Elendil<~Controls.644~>099 <~Controls.645~><~Game.2035~> 9D435A
$Stella_Rossa<~Scribe.141~>212 <~Scribe.142~><~Game.2042~><~Scribe.143~><~Game.2035~><~Scribe.144~> D9AEED
$Stella_Rossa<~Controls.790~>248<~Controls.791~><~Game.2018~><~Controls.792~><~Game.2019~> 49D0AD
$Stella_Rossa<~Controls.795~>212<~Controls.796~><~Game.2035~><~Controls.797~><~Game.1997~> 785D9F
<game> Elendil<~Controls.1~> 2 3 null
$Elendil<~HighlightLabel.81~>102<~HighlightLabel.82~><~Game.2043~><~HighlightLabel.83~><~Game.2035~> ACB48D
<Elendil> riven C15C5B
$Stella_Rossa<~Scribe.141~>247 096 265 091 090 <~Scribe.142~><~Game.1911~><~Scribe.143~><~Game.1990~><~Scribe.144~> 88C95F
$Elendil<~Scribe.141~>253 334 333 341 018 342 343 <~Scribe.142~><~Game.1908~><~Scribe.143~><~Game.1911~><~Scribe.144~> 955FFF
<Elendil> i get rerolls now or what? ECEF89
<Stella_Rossa> sure 118AA1
<Elendil> i am not sure F34AFF
$Stella_Rossa<~Scribe.141~>247 <~Scribe.142~><~Game.1990~><~Scribe.143~><~Game.1911~><~Scribe.144~> AED79D
<Elendil> ok 730843
<Stella_Rossa> I am 115C82
<Elendil> ty :) 758CCA
$Stella_Rossa<~Controls.726~>212 211 <~Controls.727~><~Game.1997~><~Controls.728~><~Game.2042~> E3132F
$Stella_Rossa<~Controls.731~>213 210 358 <~Controls.732~><~Game.2039~><~Controls.733~><~Game.2042~> 935552
$Stella_Rossa<~Controls.509~>115<~Controls.510~><~Game.2004~><~Controls.511~><~Controls.45~> null
$Stella_Rossa<~Controls.509~>124<~Controls.510~><~Game.2005~><~Controls.511~><~Controls.45~> null
$Elendil<~Controls.757~>101 361 <~Controls.758~><~Game.1997~><~Controls.759~><~Game.2043~> BC7F50
<~Game.7~>5 null
$Elendil<~Controls.762~>099 104 360 103 105 100 <~Controls.763~><~Game.2041~><~Controls.764~><~Game.2043~> 4E90FA
$Stella_Rossa<~Controls.296~>115 <~Controls.297~><~Controls.45~> 6014F4
$Elendil<~Controls.509~>201<~Controls.510~><~Game.2006~><~Controls.511~><~Controls.46~> null
$Elendil<~Controls.509~>183<~Controls.510~><~Game.2007~><~Controls.511~><~Controls.46~> null
$Stella_Rossa<~Controls.296~>130 <~Controls.297~><~Controls.45~> 430E5B
<Stella_Rossa> declare 09CFFA
$Stella_Rossa<~Scribe.141~>247 <~Scribe.142~><~Game.1911~><~Scribe.143~><~Game.1928~><~Scribe.144~> CED79B
$Stella_Rossa<~Scribe.141~>193 <~Scribe.142~><~Game.2029~><~Scribe.143~><~Game.2036~><~Scribe.144~> D5010C
$Stella_Rossa<~Controls.644~>102 193 <~Controls.645~><~Game.2035~> 82DC33
<Stella_Rossa> fsp ok 0639B6
$Elendil<~Controls.296~>171 <~Controls.297~><~Controls.46~> 1CAA8A
$Stella_Rossa<~Scribe.141~>248 <~Scribe.142~><~Game.2019~><~Scribe.143~><~Game.2014~><~Scribe.144~> B2BB5C
$Elendil<~Controls.281~>102 <~Controls.282~><~Game.2041~><~Controls.283~><~Game.2043~> AA0745
$Elendil<~Controls.372~>102 1CF927
$Elendil<~Controls.345~>099 104 360 103 105 100 101 361 <~Controls.346~>13 14 14 12 12 11 12 10 null
$Elendil<~Controls.350~>099 104 360 103 105 100 101 361 null
$Stella_Rossa<~Controls.345~>213 210 358 212 211 <~Controls.346~>1 1 0 0 0 null
$Stella_Rossa<~Scribe.141~>358 <~Scribe.142~><~Game.2042~><~Scribe.143~><~Game.2035~><~Scribe.144~> 24BF2D
$Stella_Rossa<~Scribe.141~>273 <~Scribe.142~><~Game.2038~><~Scribe.143~><~Game.1920~><~Scribe.144~> 4840E9
$Stella_Rossa<~Controls.644~>358 <~Controls.645~><~Game.2035~> 7EB7B0
<Elendil> gondor not at war F10EAB
$Stella_Rossa<~Controls.819~> 2408BA
$Stella_Rossa<~Controls.819~> 2CEB47
<Stella_Rossa> apologies 462953
$Stella_Rossa<~Controls.790~>248<~Controls.791~><~Game.2014~><~Controls.792~><~Game.2015~> C7630F
$Stella_Rossa<~Controls.795~>358<~Controls.796~><~Game.2035~><~Controls.797~><~Game.1997~> 08976B
<Elendil> np 3427B3
<game> Elendil<~Controls.1~> 3 null
$Elendil<~HighlightLabel.81~>099<~HighlightLabel.82~><~Game.2043~><~HighlightLabel.83~><~Game.2035~> 3457A1
<Elendil> lorien EDA864
$Stella_Rossa<~Scribe.141~>247 097 267 266 093 092 087 <~Scribe.142~><~Game.1928~><~Scribe.143~><~Game.1992~><~Scribe.144~> FB78A6
$Elendil<~Scribe.141~>320 040 335 336 035 008 007 015 014 013 012 011 <~Scribe.142~><~Game.1927~><~Scribe.143~><~Game.1928~><~Scribe.144~> A0AC45
$Elendil<~Controls.644~>099 <~Controls.645~><~Game.2035~> A66434
$Stella_Rossa<~Scribe.141~>210 <~Scribe.142~><~Game.2042~><~Scribe.143~><~Game.2035~><~Scribe.144~> B2C7E1
$Stella_Rossa<~Controls.790~>248<~Controls.791~><~Game.2015~><~Controls.792~><~Game.2016~> A3FB35
$Stella_Rossa<~Controls.795~>210<~Controls.796~><~Game.2035~><~Controls.797~><~Game.1997~> D1C201
<game> Elendil<~Controls.1~> 4 null
<game> Elendil<~Controls.1~> 1 null
$Elendil<~HighlightLabel.81~>360<~HighlightLabel.82~><~Game.2043~><~HighlightLabel.83~><~Game.2035~> 958F1B
$Elendil<~CardBuffet.14~>reveal 167 A695E244EE669E4CB04D71CF252D3E0F705601A4 16<~CardBuffet.15~><~Controls.46~><~CardBuffet.16~> EB5093
$Elendil<~Scribe.141~>167 <~Scribe.142~><~Game.2036~><~Scribe.143~><~Game.2029~><~Scribe.144~> 8AC57C
$Elendil<~CardBuffet.14~>reveal 183 12E85090C008B532A28DF313893F644F23E7E4D3 19<~CardBuffet.15~><~Controls.46~><~CardBuffet.16~> C339AD
<game> Elendil<~Controls.1~> 2 5 5 3 1 null
<game> Elendil<~Controls.1~> 2 3 null
<Elendil> 2 8CD235
<game> Stella_Rossa<~Controls.1~> 6 1 5 null
<game> Stella_Rossa<~Controls.1~> 4 null
<Stella_Rossa> 3 511C9F
$Elendil<~Scribe.141~>333 341 <~Scribe.142~><~Game.1911~><~Scribe.143~><~Game.2036~><~Scribe.144~> 347D75
$Stella_Rossa<~Controls.304~>091 265 <~Controls.305~><~Game.1990~> 35AB6D
$Stella_Rossa<~Controls.313~>268 269 <~Controls.307~><~Controls.314~><~Game.1990~> AAF7D4
$Elendil<~Scribe.141~>167 <~Scribe.142~><~Game.2029~><~Scribe.143~><~Game.2030~><~Scribe.144~> CCC367
$Elendil<~Controls.662~>183 333 341 <~Controls.663~><~Game.2035~> 2F229E
$Elendil<~Controls.840~>201 0788FF
<Elendil> draw 4044D6
<Elendil> 9AF7D5
<Elendil> wait 583DCF
$Elendil<~Controls.509~>185<~Controls.510~><~Game.2007~><~Controls.511~><~Controls.46~> null
<Stella_Rossa> yes 5CEE38
$Elendil<~Controls.840~>201 676E27
<Stella_Rossa> thinking 215F28
$Stella_Rossa<~Controls.840~>143 71A4AC
<auto> playchosen 7DAAD6
<auto><~Controls.3~>reveal 143 4D5131B6F09FD02640010070372BB69A006918D2 2<~Controls.884~><~Controls.45~><~Controls.885~><~Game.2037~> 0067E0
<auto><~Controls.866~>reveal 201 BE41A5B6E82A5ACAF19046436E3B1EB66EBCC7E0 22<~Controls.867~><~Controls.46~><~Controls.868~><~Game.2036~> D2C289
<auto> playchosen EA955A
<Elendil> ff2 ECA3CE
<game> Elendil<~Controls.1~> 1 2 4 2 null
<Elendil> 0 F2BD1B
<game> Stella_Rossa<~Controls.1~> 4 null
<Stella_Rossa> 1 620D15
$Elendil<~Controls.304~>334 <~Controls.305~><~Game.1911~> 672726
$Elendil<~Controls.313~>341 <~Controls.307~><~Controls.314~><~Game.1911~> B1A592
$Elendil<~Controls.662~>201 143 <~Controls.663~><~Game.2035~> C47AB0
$Elendil<~Scribe.141~>167 <~Scribe.142~><~Game.2030~><~Scribe.143~><~Game.2031~><~Scribe.144~> DACCDD
<Elendil> nc EDB3FF
<Stella_Rossa> nc E6FF0A
<game> Elendil<~Controls.1~> 6 2 1 3 null
<game> Elendil<~Controls.1~> 5 5 null
<Elendil> 1 8656A6
<game> Stella_Rossa<~Controls.1~> 4 3 6 null
<game> Stella_Rossa<~Controls.1~> 5 null
<Stella_Rossa> 2 700BF3
$Stella_Rossa<~Controls.281~>269 <~Controls.282~><~Game.1990~><~Controls.283~><~Game.2039~> D28F3C
$Elendil<~Scribe.141~>342 018 <~Scribe.142~><~Game.1911~><~Scribe.143~><~Game.2037~><~Scribe.144~> AD2F76
$Elendil<~Controls.644~>360 342 018 <~Controls.645~><~Game.2035~> 347B2A
$Elendil<~Scribe.141~>167 <~Scribe.142~><~Game.2031~><~Scribe.143~><~Game.2036~><~Scribe.144~> 4A0C03
$Elendil<~Controls.644~>167 <~Controls.645~><~Game.2035~> 437EA5
$Stella_Rossa<~Scribe.141~>211 <~Scribe.142~><~Game.2042~><~Scribe.143~><~Game.2035~><~Scribe.144~> A1F74B
<Stella_Rossa> Riv sortie DA6977
<Stella_Rossa> nc 2F6593
<Elendil> nc DD260E
<game> Stella_Rossa<~Controls.1~> 5 5 null
<Stella_Rossa> 2 EFCC84
<game> Elendil<~Controls.1~> 5 3 null
<game> Elendil<~Controls.1~> 1 null
$Elendil<~Scribe.141~>253 341 343 <~Scribe.142~><~Game.1911~><~Scribe.143~><~Game.2037~><~Scribe.144~> B3042C
$Stella_Rossa<~Controls.281~>268 <~Controls.282~><~Game.1990~><~Controls.283~><~Game.2039~> FA7F12
<Stella_Rossa> what a luck EF838D
$Stella_Rossa<~Scribe.141~>096 090 <~Scribe.142~><~Game.1990~><~Scribe.143~><~Game.1911~><~Scribe.144~> A17410
$Stella_Rossa<~Controls.644~>211 253 341 343 <~Controls.645~><~Game.2035~> AFE6E8
<Elendil> what a skill 3D40B4
<Stella_Rossa> but was risky 70D883
<Elendil> :) 9C7E4C
<Stella_Rossa> 8 vs 6 EF842F
<Elendil> deadly strife unanswered 3v5 dice E99AC5
<Stella_Rossa> true I rolled just 3 dies 531625
<Stella_Rossa> I know BFE2B0
<Elendil> it was supposed to kill at least 3 665944
<Elendil> but alas B1478E
$Elendil<~Controls.281~>099 <~Controls.282~><~Game.2041~><~Controls.283~><~Game.2040~> 00EF5A
$Elendil<~HighlightLabel.81~>361<~HighlightLabel.82~><~Game.2043~><~HighlightLabel.83~><~Game.2035~> FE72A7
$Elendil<~Scribe.141~>322 323 <~Scribe.142~><~Game.2040~><~Scribe.143~><~Game.1919~><~Scribe.144~> 6E21EF
$Elendil<~Controls.281~>005 002 <~Controls.282~><~Game.1919~><~Controls.283~><~Game.2040~> FB0240
$Elendil<~Controls.644~>361 <~Controls.645~><~Game.2035~> 747D64
$Stella_Rossa<~Scribe.141~>212 <~Scribe.142~><~Game.2042~><~Scribe.143~><~Game.2035~><~Scribe.144~> E0AC79
$Stella_Rossa<~Scribe.141~>359 <~Scribe.142~><~Game.2038~><~Scribe.143~><~Game.2037~><~Scribe.144~> 9FF628
$Stella_Rossa<~Scribe.141~>240 <~Scribe.142~><~Game.2039~><~Scribe.143~><~Game.1921~><~Scribe.144~> 911DA0
$Stella_Rossa<~Controls.323~>240 D2FFC6
$Stella_Rossa<~Controls.644~>212 359 <~Controls.645~><~Game.2035~> B2F764
$Elendil<~HighlightLabel.81~>100<~HighlightLabel.82~><~Game.2043~><~HighlightLabel.83~><~Game.2035~> 4F0EBE
$Elendil<~Scribe.141~>324 325 <~Scribe.142~><~Game.2040~><~Scribe.143~><~Game.1919~><~Scribe.144~> 0B13A3
$Elendil<~Controls.281~>004 003 <~Controls.282~><~Game.1919~><~Controls.283~><~Game.2040~> AAB826
$Elendil<~Controls.644~>100 <~Controls.645~><~Game.2035~> 2A1235
<Stella_Rossa> pass C2EC88
$Elendil<~HighlightLabel.81~>101<~HighlightLabel.82~><~Game.2043~><~HighlightLabel.83~><~Game.2035~> 0FBF62
<Elendil> fords 083B12
<Elendil> nc A02EC3
$Stella_Rossa<~Controls.323~>259 258 257 A8A1A7
$Stella_Rossa<~Scribe.141~>259 <~Scribe.142~><~Game.2000~><~Scribe.143~><~Game.2001~><~Scribe.144~> F77044
$Stella_Rossa<~Scribe.141~>reveal 146 FE36EAADE6B03271041C08C2F73D40EA2D257FCB 15 <~Scribe.142~><~Controls.45~><~Scribe.143~><~Game.2037~><~Scribe.144~> 82CAA0
$Stella_Rossa<~Scribe.141~>074 070 069 <~Scribe.142~><~Game.1918~><~Scribe.143~><~Game.1923~><~Scribe.144~> 6E1391
$Elendil<~Scribe.141~>325 006 323 322 324 <~Scribe.142~><~Game.1919~><~Scribe.143~><~Game.1918~><~Scribe.144~> 3FC614
$Elendil<~Controls.644~>101 146 <~Controls.645~><~Game.2035~> 671232
<Stella_Rossa> pass 5B4D3C
$Elendil<~HighlightLabel.81~>105<~HighlightLabel.82~><~Game.2043~><~HighlightLabel.83~><~Game.2035~> 17BEC9
<Elendil> HD 40424C
$Stella_Rossa<~Scribe.141~>074 070 069 071 <~Scribe.142~><~Game.1923~><~Scribe.143~><~Game.1993~><~Scribe.144~> 38A3B7
$Elendil<~Scribe.141~>420 <~Scribe.142~><~Game.2040~><~Scribe.143~><~Game.1923~><~Scribe.144~> 8EFF4F
$Elendil<~Scribe.141~>325 006 323 322 324 <~Scribe.142~><~Game.1918~><~Scribe.143~><~Game.1923~><~Scribe.144~> 23BBAA
$Stella_Rossa<~Scribe.141~>259 <~Scribe.142~><~Game.2001~><~Scribe.143~><~Game.2002~><~Scribe.144~> 48CBDD
$Elendil<~Scribe.141~>325 006 323 322 324 <~Scribe.142~><~Game.1923~><~Scribe.143~><~Game.1993~><~Scribe.144~> 1F6A03
$Elendil<~Controls.819~> 7AEDC7
$Elendil<~Controls.281~>420 <~Controls.282~><~Game.1923~><~Controls.283~><~Game.2040~> F0B149
$Elendil<~Controls.644~>105 <~Controls.645~><~Game.2035~> D39658
$Stella_Rossa<~Scribe.141~>427 <~Scribe.142~><~Game.2042~><~Scribe.143~><~Game.2035~><~Scribe.144~> 8621A2
$Stella_Rossa<~Controls.509~>127<~Controls.510~><~Game.2004~><~Controls.511~><~Controls.45~> null
$Stella_Rossa<~Controls.644~>427 <~Controls.645~><~Game.2035~> 252D42
$Elendil<~HighlightLabel.81~>104<~HighlightLabel.82~><~Game.2043~><~HighlightLabel.83~><~Game.2035~> AB2244
$Elendil<~CardBuffet.14~>reveal 175 57BD9F5785B5F4E0CACADB69B06D2E0A04618DD3 6<~CardBuffet.15~><~Controls.46~><~CardBuffet.16~> 2473B6
$Stella_Rossa<~Scribe.141~>077 076 075 <~Scribe.142~><~Game.1920~><~Scribe.143~><~Game.1995~><~Scribe.144~> F1F1B3
$Elendil<~Scribe.141~>055 057 049 048 047 046 045 043 042 041 <~Scribe.142~><~Game.1932~><~Scribe.143~><~Game.1920~><~Scribe.144~> AC52F4
$Stella_Rossa<~Scribe.141~>260 <~Scribe.142~><~Game.2001~><~Scribe.143~><~Game.2002~><~Scribe.144~> 11A236
$Elendil<~Controls.644~>104 175 <~Controls.645~><~Game.2035~> 5A3823
$Stella_Rossa<~Scribe.141~>213 <~Scribe.142~><~Game.2042~><~Scribe.143~><~Game.2035~><~Scribe.144~> C04E57
$Elendil<~Scribe.141~>247 <~Scribe.142~><~Game.1992~><~Scribe.143~><~Game.1928~><~Scribe.144~> AE99AF
$Stella_Rossa<~Controls.790~>248<~Controls.791~><~Game.2016~><~Controls.792~><~Game.2017~> 0B5998
$Stella_Rossa<~Controls.795~>213<~Controls.796~><~Game.2035~><~Controls.797~><~Game.1997~> D2D0CD
<game> Elendil<~Controls.1~> 6 null
$Elendil<~Controls.624~>219<~Controls.625~><~Game.2044~><~Controls.626~><~Game.2037~> null
<Stella_Rossa> random 4EE21E
<Elendil> 1r 4DB2CB
$Elendil<~Controls.637~>245<~Controls.638~><~Game.1998~><~Controls.639~><~Game.2036~> null
$Stella_Rossa<~Scribe.141~>247 <~Scribe.142~><~Game.1928~><~Scribe.143~><~Game.1942~><~Scribe.144~> 5D90A7
$Stella_Rossa<~Controls.323~>247 908BA7
$Stella_Rossa<~Scribe.141~>245 <~Scribe.142~><~Game.2036~><~Scribe.143~><~Game.1929~><~Scribe.144~> 81F167
$Stella_Rossa<~Controls.644~>219 <~Controls.645~><~Game.2035~> 811352
$Elendil<~HighlightLabel.81~>103<~HighlightLabel.82~><~Game.2043~><~HighlightLabel.83~><~Game.2035~> AE54ED
$Elendil<~Scribe.141~>038 034 033 032 031 030 025 024 023 022 021 <~Scribe.142~><~Game.1976~><~Scribe.143~><~Game.1964~><~Scribe.144~> A5D920
$Elendil<~Scribe.141~>001 <~Scribe.142~><~Game.1910~><~Scribe.143~><~Game.1914~><~Scribe.144~> 5FCB21
$Elendil<~Controls.726~>213 210 358 <~Controls.727~><~Game.1997~><~Controls.728~><~Game.2042~> 1A3A0D
$Elendil<~Controls.731~>212 359 211 <~Controls.732~><~Game.2039~><~Controls.733~><~Game.2042~> 695DC0
$Elendil<~Controls.757~>102 <~Controls.758~><~Game.1997~><~Controls.759~><~Game.2043~> 23B33B
<~Game.7~>6 null
$Elendil<~Controls.762~>104 105 101 100 361 360 <~Controls.763~><~Game.2041~><~Controls.764~><~Game.2043~> 7F0FBC
$Stella_Rossa<~Controls.509~>148<~Controls.510~><~Game.2004~><~Controls.511~><~Controls.45~> null
$Stella_Rossa<~Controls.509~>131<~Controls.510~><~Game.2005~><~Controls.511~><~Controls.45~> null
$Stella_Rossa<~Controls.296~>131 <~Controls.297~><~Controls.45~> 1902B1
$Elendil<~Controls.281~>103 <~Controls.282~><~Game.2035~><~Controls.283~><~Game.2043~> D54A2D
$Elendil<~Controls.372~>103 CDC13D
$Elendil<~Controls.509~>203<~Controls.510~><~Game.2006~><~Controls.511~><~Controls.46~> null
$Elendil<~Controls.509~>184<~Controls.510~><~Game.2007~><~Controls.511~><~Controls.46~> null
<Stella_Rossa> fsp ok 781F9F
$Elendil<~Controls.345~>104 105 101 100 361 360 102 <~Controls.346~>14 13 12 11 11 14 15 null
$Elendil<~Controls.350~>104 105 101 100 361 360 102 null
$Stella_Rossa<~Controls.345~>212 359 211 213 210 358 <~Controls.346~>1 2 0 3 0 3 null
$Stella_Rossa<~Scribe.141~>211 <~Scribe.142~><~Game.2042~><~Scribe.143~><~Game.2035~><~Scribe.144~> C31EF7
$Stella_Rossa<~Controls.323~>247 F139EA
$Stella_Rossa<~Controls.644~>211 <~Controls.645~><~Game.2035~> 2A7C4B
$Elendil<~HighlightLabel.81~>105<~HighlightLabel.82~><~Game.2043~><~HighlightLabel.83~><~Game.2035~> 7105A8
$Elendil<~Controls.819~> FC5998
$Elendil<~HighlightLabel.81~>105<~HighlightLabel.82~><~Game.2043~><~HighlightLabel.83~><~Game.2035~> 7F1FF1
<Elendil> osg from south DF1A83
$Stella_Rossa<~Scribe.141~>260 <~Scribe.142~><~Game.2002~><~Scribe.143~><~Game.2003~><~Scribe.144~> FBA2DF
<Elendil> nc 812EB1
<Stella_Rossa> nc C4242B
<game> Elendil<~Controls.1~> 3 5 4 3 5 null
<game> Elendil<~Controls.1~> 2 4 null
<game> Stella_Rossa<~Controls.1~> 2 2 5 null
<game> Stella_Rossa<~Controls.1~> 4 null
<Stella_Rossa> 1 2FC575
$Elendil<~Scribe.141~>016 <~Scribe.142~><~Game.1955~><~Scribe.143~><~Game.2037~><~Scribe.144~> 78B103
<Elendil> press E78CFA
$Stella_Rossa<~Scribe.141~>270 276 080 079 <~Scribe.142~><~Game.1943~><~Scribe.143~><~Game.1944~><~Scribe.144~> 58D484
$Elendil<~Scribe.141~>039 037 036 029 028 027 026 020 019 017 <~Scribe.142~><~Game.1955~><~Scribe.143~><~Game.1943~><~Scribe.144~> 5BABE6
$Elendil<~Controls.644~>105 016 <~Controls.645~><~Game.2035~> 7F95C6
$Stella_Rossa<~Scribe.141~>358 <~Scribe.142~><~Game.2042~><~Scribe.143~><~Game.2035~><~Scribe.144~> FF5E60
$Stella_Rossa<~Scribe.141~>273 <~Scribe.142~><~Game.2038~><~Scribe.143~><~Game.1944~><~Scribe.144~> CDFE2D
$Stella_Rossa<~Controls.644~>358 <~Controls.645~><~Game.2035~> C58E91
$Elendil<~HighlightLabel.81~>104<~HighlightLabel.82~><~Game.2043~><~HighlightLabel.83~><~Game.2035~> 5DDB33
$Elendil<~CardBuffet.14~>reveal 184 D162607A9DEB305CA377F85AAB02FE4A18B81431 3<~CardBuffet.15~><~Controls.46~><~CardBuffet.16~> F0966E
$Elendil<~Scribe.141~>321 339 343 342 018 340 <~Scribe.142~><~Game.2040~><~Scribe.143~><~Game.1969~><~Scribe.144~> 0776AF
$Elendil<~Controls.644~>104 184 <~Controls.645~><~Game.2035~> D68CED
$Stella_Rossa<~Scribe.141~>213 <~Scribe.142~><~Game.2042~><~Scribe.143~><~Game.2035~><~Scribe.144~> 3BACDE
$Stella_Rossa<~Scribe.141~>reveal 114 554F41267BD0B1D6FBDBE8FCDF3C194AE898E5AC 12 <~Scribe.142~><~Controls.45~><~Scribe.143~><~Game.2037~><~Scribe.144~> 657423
$Stella_Rossa<~Scribe.141~>271 275 <~Scribe.142~><~Game.2038~><~Scribe.143~><~Game.1995~><~Scribe.144~> 7833AB
$Stella_Rossa<~Controls.644~>213 114 <~Controls.645~><~Game.2035~> 01B8D2
$Elendil<~HighlightLabel.81~>360<~HighlightLabel.82~><~Game.2043~><~HighlightLabel.83~><~Game.2035~> 0A4C8E
$Elendil<~CardBuffet.14~>reveal 185 C5DADE3D86E093FAF053FB2AEFC16B193760E955 4<~CardBuffet.15~><~Controls.46~><~CardBuffet.16~> 60E391
$Elendil<~Scribe.141~>185 <~Scribe.142~><~Game.2036~><~Scribe.143~><~Game.2029~><~Scribe.144~> 804090
<Elendil> nc 1FD0BA
<game> Elendil<~Controls.1~> 6 1 2 6 1 null
<game> Elendil<~Controls.1~> 3 1 1 null
<Elendil> 2 224BDF
<game> Stella_Rossa<~Controls.1~> 3 5 5 null
<game> Stella_Rossa<~Controls.1~> 1 null
<Stella_Rossa> 2 75974F
$Stella_Rossa<~Controls.281~>069 070 <~Controls.282~><~Game.1993~><~Controls.283~><~Game.2039~> 2828B7
$Elendil<~Controls.304~>324 323 <~Controls.305~><~Game.1923~> 14C01B
$Elendil<~Controls.313~>003 004 <~Controls.307~><~Controls.314~><~Game.1923~> 88BE71
$Elendil<~Scribe.141~>185 <~Scribe.142~><~Game.2029~><~Scribe.143~><~Game.2030~><~Scribe.144~> 836CF3
<Elendil> nc 0056D3
$Stella_Rossa<~Scribe.141~>reveal 118 6ADD2554B9A6E6E5171418A495DEBD2DEB9677D4 6 <~Scribe.142~><~Controls.45~><~Scribe.143~><~Game.2037~><~Scribe.144~> 7D0E2F
<game> Elendil<~Controls.1~> 5 4 4 null
<game> Elendil<~Controls.1~> 1 3 2 null
<game> Stella_Rossa<~Controls.1~> 2 6 null
<Stella_Rossa> 1 2CEB02
$Elendil<~Controls.304~>006 <~Controls.305~><~Game.1923~> AD89AF
$Elendil<~Controls.313~>005 <~Controls.307~><~Controls.314~><~Game.1923~> 0CA2BB
$Elendil<~Scribe.141~>185 <~Scribe.142~><~Game.2030~><~Scribe.143~><~Game.2031~><~Scribe.144~> 1DAE5C
<Elendil> nc FB4C58
<Stella_Rossa> nc 9EE950
<game> Elendil<~Controls.1~> 5 3 5 6 4 null
<Elendil> 1 C5CC72
<game> Stella_Rossa<~Controls.1~> 2 5 null
<Stella_Rossa> 1 CBDC0A
$Stella_Rossa<~Scribe.141~>074 071 <~Scribe.142~><~Game.1993~><~Scribe.143~><~Game.2037~><~Scribe.144~> 1882BF
$Elendil<~Controls.304~>322 <~Controls.305~><~Game.1923~> 82AEE9
$Elendil<~Controls.313~>002 <~Controls.307~><~Controls.314~><~Game.1923~> F3A181
$Stella_Rossa<~Scribe.141~>423 <~Scribe.142~><~Game.27~><~Scribe.143~><~Game.29~><~Scribe.144~> 0ED771
$Elendil<~Controls.644~>360 118 074 071 <~Controls.645~><~Game.2035~> B4C757
$Stella_Rossa<~Scribe.141~>212 <~Scribe.142~><~Game.2042~><~Scribe.143~><~Game.2035~><~Scribe.144~> 64AC98
$Stella_Rossa<~Controls.790~>248<~Controls.791~><~Game.2014~><~Controls.792~><~Game.2015~> 6F4E41
$Stella_Rossa<~Controls.795~>212<~Controls.796~><~Game.2035~><~Controls.797~><~Game.1997~> 161807
<game> Elendil<~Controls.1~> 3 6 null
$Elendil<~Controls.624~>224<~Controls.625~><~Game.2044~><~Controls.626~><~Game.2037~> null
$Stella_Rossa<~Scribe.141~>243 <~Scribe.142~><~Game.1999~><~Scribe.143~><~Game.2037~><~Scribe.144~> 2C6A67
$Stella_Rossa<~Scribe.141~>185 <~Scribe.142~><~Game.2031~><~Scribe.143~><~Game.2036~><~Scribe.144~> DAD9C0
$Stella_Rossa<~Scribe.141~>364 <~Scribe.142~><~Game.2038~><~Scribe.143~><~Game.1999~><~Scribe.144~> 3DC884
$Stella_Rossa<~Controls.644~>185 224 243 <~Controls.645~><~Game.2035~> 8CA5BB
<Stella_Rossa> no sorry C15DB1
<Stella_Rossa> yes, ok 4870E3
$Elendil<~HighlightLabel.81~>361<~HighlightLabel.82~><~Game.2043~><~HighlightLabel.83~><~Game.2035~> 1F9217
$Elendil<~Scribe.141~>323 <~Scribe.142~><~Game.2040~><~Scribe.143~><~Game.1919~><~Scribe.144~> 946188
$Elendil<~Controls.644~>361 <~Controls.645~><~Game.2035~> DA0EC2
$Stella_Rossa<~Scribe.141~>210 <~Scribe.142~><~Game.2042~><~Scribe.143~><~Game.2035~><~Scribe.144~> F2B598
$Stella_Rossa<~Scribe.141~>289 <~Scribe.142~><~Game.2038~><~Scribe.143~><~Game.1929~><~Scribe.144~> 11517D
$Stella_Rossa<~Controls.644~>210 <~Controls.645~><~Game.2035~> F074CF
$Elendil<~HighlightLabel.81~>100<~HighlightLabel.82~><~Game.2043~><~HighlightLabel.83~><~Game.2035~> FD8040
$Elendil<~Scribe.141~>322 <~Scribe.142~><~Game.2040~><~Scribe.143~><~Game.1919~><~Scribe.144~> 0941FA
$Elendil<~Controls.644~>100 <~Controls.645~><~Game.2035~> 40D90E
$Stella_Rossa<~Scribe.141~>359 <~Scribe.142~><~Game.2042~><~Scribe.143~><~Game.2035~><~Scribe.144~> 6ECB11
$Stella_Rossa<~Scribe.141~>reveal 124 82EDAEF5E55585ECCF3805E707BEEEA6DA1B58CD 8 <~Scribe.142~><~Controls.45~><~Scribe.143~><~Game.2037~><~Scribe.144~> BCF58F
$Stella_Rossa<~Scribe.141~>283 288 <~Scribe.142~><~Game.2038~><~Scribe.143~><~Game.1929~><~Scribe.144~> D725CB
$Stella_Rossa<~Controls.644~>359 124 <~Controls.645~><~Game.2035~> 89C397
$Elendil<~Controls.276~>101<~Controls.277~><~Game.2043~><~Controls.278~><~Game.2035~> BF40F3
$Stella_Rossa<~Scribe.141~>259 <~Scribe.142~><~Game.2002~><~Scribe.143~><~Game.2003~><~Scribe.144~> 3BAAF9
$Elendil<~Scribe.141~>020 019 026 027 028 029 017 <~Scribe.142~><~Game.1943~><~Scribe.143~><~Game.1942~><~Scribe.144~> 0505A8
$Elendil<~Scribe.141~>036 <~Scribe.142~><~Game.1943~><~Scribe.143~><~Game.1942~><~Scribe.144~> 37AB90
$Elendil<~Scribe.141~>038 034 033 032 031 030 025 024 023 022 021 <~Scribe.142~><~Game.1964~><~Scribe.143~><~Game.1943~><~Scribe.144~> 2E9CCA
$Elendil<~Scribe.141~>038 039 037 <~Scribe.142~><~Game.1943~><~Scribe.143~><~Game.1942~><~Scribe.144~> 6C4227
$Elendil<~Controls.644~>101 <~Controls.645~><~Game.2035~> D00B13
$Stella_Rossa<~Controls.726~>212 <~Controls.727~><~Game.1997~><~Controls.728~><~Game.2042~> 35428A
$Stella_Rossa<~Controls.731~>359 210 213 358 211 <~Controls.732~><~Game.2039~><~Controls.733~><~Game.2042~> A68A7F
$Stella_Rossa<~Controls.509~>108<~Controls.510~><~Game.2004~><~Controls.511~><~Controls.45~> null
$Stella_Rossa<~Controls.509~>129<~Controls.510~><~Game.2005~><~Controls.511~><~Controls.45~> null
$Elendil<~Controls.757~>102 103 <~Controls.758~><~Game.1997~><~Controls.759~><~Game.2043~> AEA153
<~Game.7~>7 null
$Elendil<~Controls.762~>101 100 361 360 104 105 <~Controls.763~><~Game.2041~><~Controls.764~><~Game.2043~> A7648A
$Elendil<~Controls.509~>174<~Controls.510~><~Game.2006~><~Controls.511~><~Controls.46~> null
$Elendil<~Controls.509~>170<~Controls.510~><~Game.2007~><~Controls.511~><~Controls.46~> null
<Stella_Rossa> declare C9A59E
$Stella_Rossa<~Scribe.141~>247 <~Scribe.142~><~Game.1942~><~Scribe.143~><~Game.1959~><~Scribe.144~> 0F12E9
$Stella_Rossa<~Scribe.141~>248 <~Scribe.142~><~Game.2015~><~Scribe.143~><~Game.2014~><~Scribe.144~> 276C67
<Stella_Rossa> fsp ok F5210B
$Elendil<~Controls.372~>101 5CCD37
$Elendil<~Controls.345~>100 361 360 104 105 102 103 <~Controls.346~>12 11 13 11 12 15 11 null
$Elendil<~Controls.350~>100 361 360 104 105 102 103 null
$Stella_Rossa<~Controls.345~>359 210 213 358 211 212 <~Controls.346~>2 3 3 0 2 4 null
$Stella_Rossa<~Scribe.141~>358 <~Scribe.142~><~Game.2042~><~Scribe.143~><~Game.2035~><~Scribe.144~> 06525D
$Stella_Rossa<~Controls.790~>248<~Controls.791~><~Game.2014~><~Controls.792~><~Game.2015~> 443C07
$Stella_Rossa<~Controls.795~>358<~Controls.796~><~Game.2035~><~Controls.797~><~Game.1997~> F090DC
<game> Elendil<~Controls.1~> 3 4 null
$Elendil<~HighlightLabel.81~>360<~HighlightLabel.82~><~Game.2043~><~HighlightLabel.83~><~Game.2035~> 442039
$Elendil<~CardBuffet.14~>reveal 173 0850F89BF5AF662EB663AE4DC24613F24D857F40 21<~CardBuffet.15~><~Controls.46~><~CardBuffet.16~> 4A5893
$Elendil<~Scribe.141~>247 <~Scribe.142~><~Game.1959~><~Scribe.143~><~Game.1942~><~Scribe.144~> 41A233
$Elendil<~Controls.644~>360 173 <~Controls.645~><~Game.2035~> 0FD901
$Stella_Rossa<~Scribe.141~>211 <~Scribe.142~><~Game.2042~><~Scribe.143~><~Game.2035~><~Scribe.144~> EB76F2
$Stella_Rossa<~Scribe.141~>reveal 129 149DEFAA612ACE9421206807FA1DB370AC569936 10 <~Scribe.142~><~Controls.45~><~Scribe.143~><~Game.2037~><~Scribe.144~> 7534CE
$Stella_Rossa<~Scribe.141~>307 308 <~Scribe.142~><~Game.2038~><~Scribe.143~><~Game.1970~><~Scribe.144~> B67738
$Stella_Rossa<~Controls.509~>110<~Controls.510~><~Game.2005~><~Controls.511~><~Controls.45~> null
$Stella_Rossa<~Controls.644~>211 129 <~Controls.645~><~Game.2035~> E2DADF
$Elendil<~HighlightLabel.81~>104<~HighlightLabel.82~><~Game.2043~><~HighlightLabel.83~><~Game.2035~> A5A99B
$Elendil<~Scribe.141~>319 <~Scribe.142~><~Game.2040~><~Scribe.143~><~Game.1977~><~Scribe.144~> E30974
$Elendil<~Scribe.141~>319 <~Scribe.142~><~Game.1977~><~Scribe.143~><~Game.1969~><~Scribe.144~> E5C21E
$Elendil<~Scribe.141~>318 <~Scribe.142~><~Game.2040~><~Scribe.143~><~Game.1922~><~Scribe.144~> C02E49
$Elendil<~Controls.644~>104 <~Controls.645~><~Game.2035~> FDFE5C
$Stella_Rossa<~Scribe.141~>359 <~Scribe.142~><~Game.2042~><~Scribe.143~><~Game.2035~><~Scribe.144~> 38589C
$Stella_Rossa<~Scribe.141~>reveal 108 BB8F07880DEC112A37A91DFAC162752F8F4E9DE5 18 <~Scribe.142~><~Controls.45~><~Scribe.143~><~Game.2037~><~Scribe.144~> 719FD2
$Stella_Rossa<~Controls.281~>234 <~Controls.282~><~Game.2046~><~Controls.283~><~Game.2045~> FA7BB2
$Stella_Rossa<~Controls.644~>359 108 <~Controls.645~><~Game.2035~> 6F7624
$Elendil<~HighlightLabel.81~>100<~HighlightLabel.82~><~Game.2043~><~HighlightLabel.83~><~Game.2035~> 21B1CF
$Elendil<~Scribe.141~>039 027 <~Scribe.142~><~Game.1942~><~Scribe.143~><~Game.1959~><~Scribe.144~> 7BFFB5
$Elendil<~Scribe.141~>056 052 051 050 <~Scribe.142~><~Game.1986~><~Scribe.143~><~Game.1984~><~Scribe.144~> 3EB70C
$Elendil<~Controls.644~>100 <~Controls.645~><~Game.2035~> 021A64
$Stella_Rossa<~Scribe.141~>213 <~Scribe.142~><~Game.2042~><~Scribe.143~><~Game.2035~><~Scribe.144~> B07D19
$Stella_Rossa<~Scribe.141~>290 <~Scribe.142~><~Game.2038~><~Scribe.143~><~Game.1925~><~Scribe.144~> CB506B
$Stella_Rossa<~Scribe.141~>291 <~Scribe.142~><~Game.2038~><~Scribe.143~><~Game.1933~><~Scribe.144~> F46AE2
$Stella_Rossa<~Controls.644~>213 <~Controls.645~><~Game.2035~> 0C9248
$Elendil<~HighlightLabel.81~>103<~HighlightLabel.82~><~Game.2043~><~HighlightLabel.83~><~Game.2035~> 4897B5
$Elendil<~Scribe.141~>328 327 332 <~Scribe.142~><~Game.2040~><~Scribe.143~><~Game.1919~><~Scribe.144~> 4304F7
$Elendil<~Scribe.141~>328 <~Scribe.142~><~Game.1919~><~Scribe.143~><~Game.1910~><~Scribe.144~> 4971F2
$Elendil<~Scribe.141~>331 <~Scribe.142~><~Game.2040~><~Scribe.143~><~Game.1914~><~Scribe.144~> 3EBAE8
$Elendil<~Controls.281~>327 <~Controls.282~><~Game.1919~><~Controls.283~><~Game.2040~> 31AFAA
$Elendil<~Controls.644~>103 <~Controls.645~><~Game.2035~> E88E0C
$Stella_Rossa<~Scribe.141~>210 <~Scribe.142~><~Game.2042~><~Scribe.143~><~Game.2035~><~Scribe.144~> 89BB07
$Stella_Rossa<~Scribe.141~>287 <~Scribe.142~><~Game.2038~><~Scribe.143~><~Game.1929~><~Scribe.144~> 8DA505
$Stella_Rossa<~Controls.644~>210 <~Controls.645~><~Game.2035~> F9DC3A
$Elendil<~HighlightLabel.81~>105<~HighlightLabel.82~><~Game.2043~><~HighlightLabel.83~><~Game.2035~> 7CAA4E
<Elendil> druadan to folde C7B2ED
<Elendil> nc CC5FBE
<Stella_Rossa> nc 522F9B
<game> Elendil<~Controls.1~> 1 6 4 2 3 null
<game> Stella_Rossa<~Controls.1~> 4 null
$Stella_Rossa<~Scribe.141~>291 <~Scribe.142~><~Game.1933~><~Scribe.143~><~Game.2037~><~Scribe.144~> 6F7325
$Elendil<~Scribe.141~>037 038 036 028 026 019 020 <~Scribe.142~><~Game.1942~><~Scribe.143~><~Game.1933~><~Scribe.144~> 82312F
$Elendil<~Controls.644~>105 291 <~Controls.645~><~Game.2035~> DCAFAB
$Stella_Rossa<~Scribe.141~>212 <~Scribe.142~><~Game.2042~><~Scribe.143~><~Game.2035~><~Scribe.144~> 7BB865
$Stella_Rossa<~Scribe.141~>286 <~Scribe.142~><~Game.2038~><~Scribe.143~><~Game.1929~><~Scribe.144~> ADC150
$Stella_Rossa<~Controls.644~>212 <~Controls.645~><~Game.2035~> D4C147
$Elendil<~Controls.276~>361<~Controls.277~><~Game.2043~><~Controls.278~><~Game.2035~> FFD08D
<Elendil> HD to west NC D4B2C4
<Stella_Rossa> nc CCA648
<game> Elendil<~Controls.1~> 3 1 1 6 2 null
<game> Stella_Rossa<~Controls.1~> 4 null
$Stella_Rossa<~Scribe.141~>290 <~Scribe.142~><~Game.1925~><~Scribe.143~><~Game.2037~><~Scribe.144~> BDB6E1
$Elendil<~Scribe.141~>325 002 005 003 004 <~Scribe.142~><~Game.1923~><~Scribe.143~><~Game.1925~><~Scribe.144~> 1BB347
$Elendil<~Controls.644~>361 290 <~Controls.645~><~Game.2035~> A53565
$Stella_Rossa<~Scribe.141~>418 <~Scribe.142~><~Game.2040~><~Scribe.143~><~Game.1923~><~Scribe.144~> 437605
$Stella_Rossa<~Controls.726~>358 <~Controls.727~><~Game.1997~><~Controls.728~><~Game.2042~> B709F1
$Stella_Rossa<~Controls.731~>212 210 213 359 211 <~Controls.732~><~Game.2039~><~Controls.733~><~Game.2042~> FCCA4D
$Elendil<~Controls.757~>102 101 <~Controls.758~><~Game.1997~><~Controls.759~><~Game.2043~> A5CD14
<~Game.7~>8 null
$Elendil<~Controls.762~>361 105 103 100 104 360 <~Controls.763~><~Game.2041~><~Controls.764~><~Game.2043~> 14159F
$Stella_Rossa<~Controls.509~>107<~Controls.510~><~Game.2004~><~Controls.511~><~Controls.45~> null
$Elendil<~Controls.509~>191<~Controls.510~><~Game.2006~><~Controls.511~><~Controls.46~> null
$Elendil<~Controls.509~>180<~Controls.510~><~Game.2007~><~Controls.511~><~Controls.46~> null
$Stella_Rossa<~Controls.509~>150<~Controls.510~><~Game.2005~><~Controls.511~><~Controls.45~> null
<Stella_Rossa> declare 365E8E
$Stella_Rossa<~Scribe.141~>247 <~Scribe.142~><~Game.1942~><~Scribe.143~><~Game.1943~><~Scribe.144~> 8F82A2
$Stella_Rossa<~Scribe.141~>248 <~Scribe.142~><~Game.2015~><~Scribe.143~><~Game.2014~><~Scribe.144~> B5F924
<Stella_Rossa> ok 81FE73
$Elendil<~Controls.372~>361 61FABF
$Elendil<~Controls.345~>105 103 100 104 360 102 101 <~Controls.346~>11 13 14 14 15 15 15 null
$Elendil<~Controls.350~>105 103 100 104 360 102 101 null
$Stella_Rossa<~Controls.345~>212 210 213 359 211 358 <~Controls.346~>4 0 1 3 1 2 null
$Stella_Rossa<~Scribe.141~>210 <~Scribe.142~><~Game.2042~><~Scribe.143~><~Game.2035~><~Scribe.144~> A71E40
<Stella_Rossa> West from Edoras 9FFC01
$Stella_Rossa<~Controls.840~>150 303EFF
<Elendil> nc C0796B
$Stella_Rossa<~Scribe.141~>reveal 150 952A0DB7CC9A747596B70ABA99DF69DDD1BF7C57 11 <~Scribe.142~><~Controls.45~><~Scribe.143~><~Game.2036~><~Scribe.144~> A2FD18
<game> Stella_Rossa<~Controls.1~> 4 4 6 2 4 null
<game> Stella_Rossa<~Controls.1~> 4 5 null
<Stella_Rossa> 2 693DA3
<game> Elendil<~Controls.1~> 6 3 5 3 4 null
<game> Elendil<~Controls.1~> 2 null
<Elendil> 1 388BE1
$Stella_Rossa<~Controls.304~>286 <~Controls.305~><~Game.1929~> D5E49E
$Stella_Rossa<~Controls.313~>290 <~Controls.308~><~Controls.314~><~Game.1929~> D326F4
<Stella_Rossa> press 4E4C0D
$Elendil<~Scribe.141~>005 002 <~Scribe.142~><~Game.1925~><~Scribe.143~><~Game.2036~><~Scribe.144~> 09A3F4
$Elendil<~Scribe.141~>325 003 004 <~Scribe.142~><~Game.1925~><~Scribe.143~><~Game.1923~><~Scribe.144~> D375D5
$Stella_Rossa<~Scribe.141~>245 283 287 288 289 073 290 072 <~Scribe.142~><~Game.1929~><~Scribe.143~><~Game.1925~><~Scribe.144~> 2CD973
$Stella_Rossa<~Scribe.141~>072 <~Scribe.142~><~Game.1925~><~Scribe.143~><~Game.1929~><~Scribe.144~> D292FE
$Stella_Rossa<~Controls.644~>210 150 005 002 <~Controls.645~><~Game.2035~> E4946D
$Elendil<~HighlightLabel.81~>104<~HighlightLabel.82~><~Game.2043~><~HighlightLabel.83~><~Game.2035~> 5975E1
$Elendil<~CardBuffet.14~>reveal 180 78DD24A165416B8952AC56F9738DE8B09B96039B 23<~CardBuffet.15~><~Controls.46~><~CardBuffet.16~> 69B823
$Elendil<~Scribe.141~>330 329 <~Scribe.142~><~Game.2040~><~Scribe.143~><~Game.1910~><~Scribe.144~> 45A628
$Elendil<~Scribe.141~>002 327 <~Scribe.142~><~Game.2040~><~Scribe.143~><~Game.1914~><~Scribe.144~> 7775FC
$Elendil<~Scribe.141~>324 006 <~Scribe.142~><~Game.2040~><~Scribe.143~><~Game.1919~><~Scribe.144~> 1B0B69
$Elendil<~Controls.644~>104 180 <~Controls.645~><~Game.2035~> 52DF3F
$Stella_Rossa<~Scribe.141~>211 <~Scribe.142~><~Game.2042~><~Scribe.143~><~Game.2035~><~Scribe.144~> 371172
$Stella_Rossa<~Controls.790~>248<~Controls.791~><~Game.2014~><~Controls.792~><~Game.2015~> 0C482F
$Stella_Rossa<~Controls.795~>211<~Controls.796~><~Game.2035~><~Controls.797~><~Game.1997~> DB4BC5
<game> Elendil<~Controls.1~> 3 1 5 1 null
<game> Elendil<~Controls.1~> 1 null
<Elendil> pass BA6621
$Stella_Rossa<~Scribe.141~>359 <~Scribe.142~><~Game.2042~><~Scribe.143~><~Game.2035~><~Scribe.144~> 6BF111
$Stella_Rossa<~Scribe.141~>295 <~Scribe.142~><~Game.2038~><~Scribe.143~><~Game.1925~><~Scribe.144~> 54BF27
$Stella_Rossa<~Scribe.141~>294 <~Scribe.142~><~Game.2038~><~Scribe.143~><~Game.1929~><~Scribe.144~> CB2BE5
$Stella_Rossa<~Controls.644~>359 <~Controls.645~><~Game.2035~> E0A72B
$Elendil<~HighlightLabel.81~>100<~HighlightLabel.82~><~Game.2043~><~HighlightLabel.83~><~Game.2035~> 7A2356
$Elendil<~CardBuffet.14~>reveal 191 0A94A9BA42BB2674CE9A833BB9848AF66CED93F4 4<~CardBuffet.15~><~Controls.46~><~CardBuffet.16~> D9A9FD
$Elendil<~Scribe.141~>191 <~Scribe.142~><~Game.2036~><~Scribe.143~><~Game.2029~><~Scribe.144~> 13DAE6
$Elendil<~Controls.644~>100 <~Controls.645~><~Game.2035~> 449077
$Stella_Rossa<~Scribe.141~>213 <~Scribe.142~><~Game.2042~><~Scribe.143~><~Game.2035~><~Scribe.144~> 52F6C2
$Stella_Rossa<~Scribe.141~>245 283 287 288 289 073 295 290 <~Scribe.142~><~Game.1925~><~Scribe.143~><~Game.1937~><~Scribe.144~> 744719
$Stella_Rossa<~Controls.644~>213 <~Controls.645~><~Game.2035~> 4D0D3E
$Elendil<~HighlightLabel.81~>105<~HighlightLabel.82~><~Game.2043~><~HighlightLabel.83~><~Game.2035~> 60A957
$Elendil<~Scribe.141~>334 <~Scribe.142~><~Game.2040~><~Scribe.143~><~Game.1956~><~Scribe.144~> A826EE
$Elendil<~Controls.644~>105 <~Controls.645~><~Game.2035~> 9DEB35
$Stella_Rossa<~Scribe.141~>358 <~Scribe.142~><~Game.2042~><~Scribe.143~><~Game.2035~><~Scribe.144~> CF4BF6
$Stella_Rossa<~Scribe.141~>reveal 127 CD8C96BDE7FE785EF4EEBA1F288DBE4FC9710324 20 <~Scribe.142~><~Controls.45~><~Scribe.143~><~Game.2036~><~Scribe.144~> 2F3F99
$Stella_Rossa<~Controls.624~>218<~Controls.625~><~Game.2044~><~Controls.626~><~Game.2037~> null
$Stella_Rossa<~Scribe.141~>218 <~Scribe.142~><~Game.2037~><~Scribe.143~><~Game.2032~><~Scribe.144~> FE1FA9
$Stella_Rossa<~Controls.624~>221<~Controls.625~><~Game.2044~><~Controls.626~><~Game.2037~> null
$Stella_Rossa<~Scribe.141~>221 <~Scribe.142~><~Game.2037~><~Scribe.143~><~Game.2033~><~Scribe.144~> 6A4495
$Stella_Rossa<~Controls.624~>223<~Controls.625~><~Game.2044~><~Controls.626~><~Game.2037~> null
$Stella_Rossa<~Controls.281~>221 <~Controls.282~><~Game.2033~><~Controls.283~><~Game.2046~> 580CF5
$Stella_Rossa<~Controls.281~>223 <~Controls.282~><~Game.2037~><~Controls.283~><~Game.2044~> 61AA78
$Stella_Rossa<~Controls.281~>218 <~Controls.282~><~Game.2032~><~Controls.283~><~Game.2044~> D280FB
$Stella_Rossa<~Controls.644~>358 127 <~Controls.645~><~Game.2035~> 62235B
$Elendil<~HighlightLabel.81~>103<~HighlightLabel.82~><~Game.2043~><~HighlightLabel.83~><~Game.2035~> D2F362
$Elendil<~CardBuffet.14~>reveal 174 4AAB19B5DA5FB684B64304E74437FDF87E68FE63 11<~CardBuffet.15~><~Controls.46~><~CardBuffet.16~> 0DD97C
$Elendil<~Controls.281~>238 <~Controls.282~><~Game.2046~><~Controls.283~><~Game.2045~> 1F559A
$Elendil<~Controls.644~>103 174 <~Controls.645~><~Game.2035~> D08A64
$Stella_Rossa<~Scribe.141~>212 <~Scribe.142~><~Game.2042~><~Scribe.143~><~Game.2035~><~Scribe.144~> F1989E
$Stella_Rossa<~Scribe.141~>078 <~Scribe.142~><~Game.1931~><~Scribe.143~><~Game.1938~><~Scribe.144~> 1B9582
$Stella_Rossa<~Scribe.141~>241 245 283 287 288 289 073 295 290 <~Scribe.142~><~Game.1937~><~Scribe.143~><~Game.1951~><~Scribe.144~> 260963
$Stella_Rossa<~Controls.644~>212 <~Controls.645~><~Game.2035~> 56FD3A
$Stella_Rossa<~Controls.726~>211 <~Controls.727~><~Game.1997~><~Controls.728~><~Game.2042~> 480AAD
$Stella_Rossa<~Controls.731~>212 358 213 359 210 <~Controls.732~><~Game.2039~><~Controls.733~><~Game.2042~> 9F1F2D
$Stella_Rossa<~Controls.509~>117<~Controls.510~><~Game.2004~><~Controls.511~><~Controls.45~> null
$Stella_Rossa<~Controls.509~>119<~Controls.510~><~Game.2005~><~Controls.511~><~Controls.45~> null
$Elendil<~Controls.509~>160<~Controls.510~><~Game.2006~><~Controls.511~><~Controls.46~> null
$Elendil<~Controls.509~>199<~Controls.510~><~Game.2007~><~Controls.511~><~Controls.46~> null
<Stella_Rossa> declare 6BCE1F
$Stella_Rossa<~Scribe.141~>247 <~Scribe.142~><~Game.1943~><~Scribe.143~><~Game.1955~><~Scribe.144~> 6D1756
$Elendil<~Controls.757~>360 102 101 361 <~Controls.758~><~Game.1997~><~Controls.759~><~Game.2043~> D581DD
<~Game.7~>9 null
$Elendil<~Controls.762~>103 105 100 104 <~Controls.763~><~Game.2041~><~Controls.764~><~Game.2043~> 51FC5E
$Stella_Rossa<~Scribe.141~>248 <~Scribe.142~><~Game.2015~><~Scribe.143~><~Game.2014~><~Scribe.144~> 6DB17E
<Stella_Rossa> fsp ok 31B49F
$Elendil<~Controls.372~>103 D29F1A
$Elendil<~Controls.345~>105 100 104 360 102 101 361 <~Controls.346~>10 13 11 14 12 12 14 null
$Elendil<~Controls.350~>105 100 104 360 102 101 361 null
$Stella_Rossa<~Controls.345~>212 358 213 359 210 211 <~Controls.346~>1 3 4 1 4 1 null
$Stella_Rossa<~Scribe.141~>213 <~Scribe.142~><~Game.2042~><~Scribe.143~><~Game.2035~><~Scribe.144~> 418519
$Stella_Rossa<~Scribe.141~>078 <~Scribe.142~><~Game.1938~><~Scribe.143~><~Game.1932~><~Scribe.144~> 4E597B
$Stella_Rossa<~Scribe.141~>067 <~Scribe.142~><~Game.1899~><~Scribe.143~><~Game.1901~><~Scribe.144~> 2DCE4A
$Stella_Rossa<~Controls.644~>213 <~Controls.645~><~Game.2035~> CA2C39
$Stella_Rossa<~Scribe.141~>422 <~Scribe.142~><~Game.27~><~Scribe.143~><~Game.29~><~Scribe.144~> F89B79
<Elendil> ahah i didnt see the umbar move nicely done 94BF4A
<Stella_Rossa> ty CDF94C
<Stella_Rossa> oh, sorry 678DC4
<Stella_Rossa> ok 3A708F
$Elendil<~HighlightLabel.81~>105<~HighlightLabel.82~><~Game.2043~><~HighlightLabel.83~><~Game.2035~> E125D6
$Elendil<~Scribe.141~>346 <~Scribe.142~><~Game.2040~><~Scribe.143~><~Game.1946~><~Scribe.144~> 96B16B
$Elendil<~Controls.644~>105 <~Controls.645~><~Game.2035~> D80931
$Elendil<~Controls.819~> C8FDB6
$Stella_Rossa<~Scribe.141~>359 <~Scribe.142~><~Game.2042~><~Scribe.143~><~Game.2035~><~Scribe.144~> A4D30B
$Elendil<~Controls.819~> 95A9CF
<Elendil> sorry 4B22F2
<Stella_Rossa> k CAED13
$Elendil<~Controls.819~> 354F06
$Elendil<~Scribe.141~>353 <~Scribe.142~><~Game.2040~><~Scribe.143~><~Game.1946~><~Scribe.144~> 9B10EA
$Elendil<~Scribe.141~>337 <~Scribe.142~><~Game.2040~><~Scribe.143~><~Game.1956~><~Scribe.144~> 19FC06
$Elendil<~Controls.644~>105 <~Controls.645~><~Game.2035~> D2036F
$Stella_Rossa<~Scribe.141~>211 <~Scribe.142~><~Game.2042~><~Scribe.143~><~Game.2035~><~Scribe.144~> B268F6
<Stella_Rossa> DG 07BD2F
$Elendil<~Scribe.141~>334 337 <~Scribe.142~><~Game.1956~><~Scribe.143~><~Game.21~><~Scribe.144~> 963CC4
$Stella_Rossa<~Scribe.141~>241 245 283 287 288 289 073 295 290 <~Scribe.142~><~Game.1951~><~Scribe.143~><~Game.1956~><~Scribe.144~> 74EB7F
$Stella_Rossa<~Controls.644~>211 <~Controls.645~><~Game.2035~> 9EE243
$Elendil<~HighlightLabel.81~>102<~HighlightLabel.82~><~Game.2043~><~HighlightLabel.83~><~Game.2035~> 48F0BF
$Elendil<~Scribe.141~>320 040 335 336 035 008 007 015 014 012 011 <~Scribe.142~><~Game.1928~><~Scribe.143~><~Game.1927~><~Scribe.144~> D943B1
$Elendil<~Scribe.141~>033 034 023 022 021 <~Scribe.142~><~Game.1943~><~Scribe.143~><~Game.1938~><~Scribe.144~> 749046
$Elendil<~Controls.644~>102 <~Controls.645~><~Game.2035~> E146C4
$Stella_Rossa<~Scribe.141~>210 <~Scribe.142~><~Game.2042~><~Scribe.143~><~Game.2035~><~Scribe.144~> 4B40DD
<Stella_Rossa> DA A0F95E
<Stella_Rossa> DG B90CC1
$Stella_Rossa<~Controls.840~>117 D0DB23
<Elendil> nc 444068
$Stella_Rossa<~Scribe.141~>reveal 117 0E5F71898E081885FB0FE8B4A9C1A21B144C3393 23 <~Scribe.142~><~Controls.45~><~Scribe.143~><~Game.2036~><~Scribe.144~> BEFF71
<game> Stella_Rossa<~Controls.1~> 3 6 5 5 1 null
<Stella_Rossa> 3 3D25A3
<game> Elendil<~Controls.1~> 2 3 null
$Elendil<~Scribe.141~>334 337 <~Scribe.142~><~Game.21~><~Scribe.143~><~Game.389~><~Scribe.144~> 9C1CE0
$Stella_Rossa<~Scribe.141~>422 <~Scribe.142~><~Game.29~><~Scribe.143~><~Game.31~><~Scribe.144~> 3D6C04
$Elendil<~Scribe.141~>334 337 <~Scribe.142~><~Game.389~><~Scribe.143~><~Game.2037~><~Scribe.144~> 235D27
$Stella_Rossa<~Scribe.141~>334 337 <~Scribe.142~><~Game.389~><~Scribe.143~><~Game.2037~><~Scribe.144~> DE4B2A
$Stella_Rossa<~Controls.644~>210 117 334 337 <~Controls.645~><~Game.2035~> DC2650
$Elendil<~HighlightLabel.81~>101<~HighlightLabel.82~><~Game.2043~><~HighlightLabel.83~><~Game.2035~> 2A41F6
<Elendil> umbar 9808D2
$Stella_Rossa<~Scribe.141~>078 <~Scribe.142~><~Game.1932~><~Scribe.143~><~Game.26~><~Scribe.144~> 51D9EC
$Elendil<~Scribe.141~>033 034 023 022 021 <~Scribe.142~><~Game.1938~><~Scribe.143~><~Game.1932~><~Scribe.144~> C2DF22
$Elendil<~Controls.644~>101 <~Controls.645~><~Game.2035~> AA43A2
$Stella_Rossa<~Scribe.141~>358 <~Scribe.142~><~Game.2042~><~Scribe.143~><~Game.2035~><~Scribe.144~> F08BC7
$Stella_Rossa<~Scribe.141~>reveal 110 C15E7E0F0F35AE76D8F54AD58A72C9423037F338 20 <~Scribe.142~><~Controls.45~><~Scribe.143~><~Game.2037~><~Scribe.144~> 5CB121
$Stella_Rossa<~Scribe.141~>264 <~Scribe.142~><~Game.2038~><~Scribe.143~><~Game.26~><~Scribe.144~> 8D6BB8
$Stella_Rossa<~Controls.644~>358 110 <~Controls.645~><~Game.2035~> C12E88
<Elendil> nice F39DF3
<Stella_Rossa> worht a try 8F9608
<Stella_Rossa> unfrortunately do not have 2 elves 6E28B4
<Elendil> yes i saw that C39229
$Elendil<~HighlightLabel.81~>361<~HighlightLabel.82~><~Game.2043~><~HighlightLabel.83~><~Game.2035~> 0D7D4B
$Elendil<~Controls.509~>196<~Controls.510~><~Game.2007~><~Controls.511~><~Controls.46~> null
$Elendil<~Controls.644~>361 <~Controls.645~><~Game.2035~> 64C378
<Stella_Rossa> pass 30921C
$Elendil<~HighlightLabel.81~>360<~HighlightLabel.82~><~Game.2043~><~HighlightLabel.83~><~Game.2035~> 4B1AF1
$Elendil<~CardBuffet.14~>reveal 196 B078E4C79F896E6AF5DD148560FBBC1E154E414F 21<~CardBuffet.15~><~Controls.46~><~CardBuffet.16~> 5434A7
$Elendil<~Scribe.141~>326 <~Scribe.142~><~Game.2040~><~Scribe.143~><~Game.1932~><~Scribe.144~> 40CFFB
$Elendil<~Controls.644~>360 196 <~Controls.645~><~Game.2035~> 971B6A
$Stella_Rossa<~Scribe.141~>212 <~Scribe.142~><~Game.2042~><~Scribe.143~><~Game.2035~><~Scribe.144~> 100DA8
$Stella_Rossa<~Controls.790~>248<~Controls.791~><~Game.2014~><~Controls.792~><~Game.2015~> D22035
$Stella_Rossa<~Controls.795~>212<~Controls.796~><~Game.2035~><~Controls.797~><~Game.1997~> E92227
<game> Elendil<~Controls.1~> 3 null
$Elendil<~HighlightLabel.81~>100<~HighlightLabel.82~><~Game.2043~><~HighlightLabel.83~><~Game.2035~> 0BEE77
$Elendil<~CardBuffet.14~>reveal 160 D780F2CAD360E1121F20531301BFDE6EC3746C6C 5<~CardBuffet.15~><~Controls.46~><~CardBuffet.16~> 61C691
$Elendil<~Scribe.141~>039 <~Scribe.142~><~Game.1959~><~Scribe.143~><~Game.1955~><~Scribe.144~> 2370FF
$Elendil<~Scribe.141~>318 <~Scribe.142~><~Game.1922~><~Scribe.143~><~Game.1932~><~Scribe.144~> D18447
$Elendil<~Scribe.141~>319 321 <~Scribe.142~><~Game.1969~><~Scribe.143~><~Game.1932~><~Scribe.144~> B0EBDC
$Elendil<~Scribe.141~>038 <~Scribe.142~><~Game.1933~><~Scribe.143~><~Game.1932~><~Scribe.144~> BA5F4D
$Elendil<~Scribe.141~>037 <~Scribe.142~><~Game.1933~><~Scribe.143~><~Game.1927~><~Scribe.144~> 373C69
$Elendil<~Controls.644~>100 160 <~Controls.645~><~Game.2035~> C4B3D9
$Stella_Rossa<~Scribe.141~>359 <~Scribe.142~><~Game.2042~><~Scribe.143~><~Game.2035~><~Scribe.144~> 14E81D
$Stella_Rossa<~Scribe.141~>241 <~Scribe.142~><~Game.1956~><~Scribe.143~><~Game.1937~><~Scribe.144~> C18E8C
$Stella_Rossa<~Controls.644~>359 <~Controls.645~><~Game.2035~> 74B80F
$Elendil<~Controls.276~>104<~Controls.277~><~Game.2043~><~Controls.278~><~Game.2035~> A480B6
<Elendil> umbar ACB661
$Elendil<~Controls.840~>199 9F6254
<Stella_Rossa> nc BA5E9C
$Elendil<~CardBuffet.14~>reveal 199 CBFE6D5B13D4359358B599419996D5CB6C6C9B00 10<~CardBuffet.15~><~Controls.46~><~CardBuffet.16~> 5F580D
<game> Elendil<~Controls.1~> 2 4 1 1 1 null
<game> Elendil<~Controls.1~> 1 2 5 1 null
<game> Stella_Rossa<~Controls.1~> 2 1 null
<Stella_Rossa> 0 3595A6
$Stella_Rossa<~Scribe.141~>264 <~Scribe.142~><~Game.26~><~Scribe.143~><~Game.2037~><~Scribe.144~> F7129F
<Elendil> press DA7E66
$Elendil<~Controls.304~>326 <~Controls.305~><~Game.1932~> 672CE3
$Elendil<~Controls.313~>005 <~Controls.307~><~Controls.314~><~Game.1932~> 959B19
$Elendil<~Controls.662~>199 264 <~Controls.663~><~Game.2035~> F9A861
$Elendil<~Controls.840~>209 02E272
<Stella_Rossa> nc 9C7B55
$Elendil<~CardBuffet.14~>reveal 209 B3A9423D2EC6E87488CDD35ACD29E14914805376 18<~CardBuffet.15~><~Controls.46~><~CardBuffet.16~> 631E62
<game> Elendil<~Controls.1~> 1 6 1 2 5 null
<game> Stella_Rossa<~Controls.1~> 6 null
<Stella_Rossa> 1 2A49EF
$Stella_Rossa<~Scribe.141~>078 <~Scribe.142~><~Game.26~><~Scribe.143~><~Game.2037~><~Scribe.144~> ED8EEC
$Stella_Rossa<~Scribe.141~>422 <~Scribe.142~><~Game.31~><~Scribe.143~><~Game.29~><~Scribe.144~> AF484E
$Elendil<~Controls.281~>005 <~Controls.282~><~Game.1932~><~Controls.283~><~Game.2040~> 3827EA
$Elendil<~Controls.644~>104 209 078 <~Controls.645~><~Game.2035~> 8CB3ED
$Stella_Rossa<~Controls.726~>212 <~Controls.727~><~Game.1997~><~Controls.728~><~Game.2042~> EB5FA2
$Stella_Rossa<~Controls.731~>359 358 210 211 213 <~Controls.732~><~Game.2039~><~Controls.733~><~Game.2042~> 891523
$Elendil<~Controls.757~>103 <~Controls.758~><~Game.1997~><~Controls.759~><~Game.2043~> 78B3C7
<~Game.7~>10 null
$Elendil<~Controls.762~>104 100 360 361 101 102 105 <~Controls.763~><~Game.2041~><~Controls.764~><~Game.2043~> CC715B
$Stella_Rossa<~Controls.509~>142<~Controls.510~><~Game.2004~><~Controls.511~><~Controls.45~> null
$Stella_Rossa<~Controls.509~>140<~Controls.510~><~Game.2005~><~Controls.511~><~Controls.45~> null
$Elendil<~Controls.509~>182<~Controls.510~><~Game.2006~><~Controls.511~><~Controls.46~> null
$Elendil<~Controls.509~>172<~Controls.510~><~Game.2007~><~Controls.511~><~Controls.46~> null
$Stella_Rossa<~Scribe.141~>247 <~Scribe.142~><~Game.1955~><~Scribe.143~><~Game.524~><~Scribe.144~> EA2DC6
$Stella_Rossa<~Scribe.141~>248 <~Scribe.142~><~Game.2015~><~Scribe.143~><~Game.2014~><~Scribe.144~> 192B75
$Stella_Rossa<~Controls.281~>233 219 234 232 238 <~Controls.282~><~Game.2045~><~Controls.283~><~Game.2044~> B2F005
<Stella_Rossa> fsp ok 667552
$Elendil<~Controls.372~>104 219CA6
$Elendil<~Controls.345~>100 360 361 101 102 105 103 <~Controls.346~>12 13 12 12 11 12 13 null
$Elendil<~Controls.350~>100 360 361 101 102 105 103 null
$Stella_Rossa<~Controls.345~>359 358 210 211 213 212 <~Controls.346~>3 2 2 0 3 2 null
$Stella_Rossa<~Scribe.141~>211 <~Scribe.142~><~Game.2042~><~Scribe.143~><~Game.2035~><~Scribe.144~> 58E67E
$Stella_Rossa<~Controls.790~>247<~Controls.791~><~Game.524~><~Controls.792~><~Game.525~> 3E5D41
$Stella_Rossa<~Controls.795~>211<~Controls.796~><~Game.2035~><~Controls.797~><~Game.1997~> 5CCBB0
$Elendil<~Controls.624~>217<~Controls.625~><~Game.2044~><~Controls.626~><~Game.2037~> null
$Stella_Rossa<~Scribe.141~>252 <~Scribe.142~><~Game.2014~><~Scribe.143~><~Game.2015~><~Scribe.144~> 97D119
$Stella_Rossa<~Controls.644~>217 <~Controls.645~><~Game.2035~> 1EE502
$Elendil<~HighlightLabel.81~>102<~HighlightLabel.82~><~Game.2043~><~HighlightLabel.83~><~Game.2035~> 485B4A
$Elendil<~Scribe.141~>255 <~Scribe.142~><~Game.2040~><~Scribe.143~><~Game.1917~><~Scribe.144~> 06FEA7
$Elendil<~Scribe.141~>362 <~Scribe.142~><~Game.2040~><~Scribe.143~><~Game.2037~><~Scribe.144~> A038F6
$Elendil<~Controls.644~>102 362 <~Controls.645~><~Game.2035~> CE04A3
<Stella_Rossa> pass FA8D96
$Elendil<~HighlightLabel.81~>101<~HighlightLabel.82~><~Game.2043~><~HighlightLabel.83~><~Game.2035~> B242E8
<Elendil> edoras B3EACF
<Elendil> nc 99B1F8
$Stella_Rossa<~Scribe.141~>reveal 140 5F6CA6A38058F24DF28295E1B73433B131B5AC37 0 <~Scribe.142~><~Controls.45~><~Scribe.143~><~Game.2037~><~Scribe.144~> 5F2470
<game> Elendil<~Controls.1~> 3 4 5 2 5 null
<game> Stella_Rossa<~Controls.1~> 4 1 null
<Stella_Rossa> 0 DD282F
<Elendil> press 549468
$Stella_Rossa<~Scribe.141~>294 072 <~Scribe.142~><~Game.1929~><~Scribe.143~><~Game.1925~><~Scribe.144~> 2F1950
$Stella_Rossa<~Scribe.141~>423 <~Scribe.142~><~Game.29~><~Scribe.143~><~Game.30~><~Scribe.144~> F80CE9
$Elendil<~Scribe.141~>028 <~Scribe.142~><~Game.1933~><~Scribe.143~><~Game.1929~><~Scribe.144~> 3DB60A
$Elendil<~Controls.644~>101 140 <~Controls.645~><~Game.2035~> 95DAE7
$Stella_Rossa<~Scribe.141~>212 <~Scribe.142~><~Game.2042~><~Scribe.143~><~Game.2035~><~Scribe.144~> 016471
$Stella_Rossa<~Controls.509~>139<~Controls.510~><~Game.2004~><~Controls.511~><~Controls.45~> null
$Stella_Rossa<~Controls.644~>212 <~Controls.645~><~Game.2035~> 350D25
$Elendil<~HighlightLabel.81~>100<~HighlightLabel.82~><~Game.2043~><~HighlightLabel.83~><~Game.2035~> A25FD7
<Elendil> westment 4E8CBD
<Elendil> from 4 6E6BA0
<Elendil> nc 4A58F7
<Stella_Rossa> nc 9D763C
<game> Elendil<~Controls.1~> 1 1 1 4 4 null
<game> Stella_Rossa<~Controls.1~> 1 3 null
<Elendil> 9BD934
<Elendil> 0 29975E
<Elendil> press CC1E76
$Stella_Rossa<~Scribe.141~>294 072 <~Scribe.142~><~Game.1925~><~Scribe.143~><~Game.1918~><~Scribe.144~> FCFB50
$Elendil<~Scribe.141~>036 026 019 020 <~Scribe.142~><~Game.1933~><~Scribe.143~><~Game.1925~><~Scribe.144~> 5F81DD
$Elendil<~Controls.644~>100 <~Controls.645~><~Game.2035~> 1ADFEB
$Stella_Rossa<~Scribe.141~>417 <~Scribe.142~><~Game.2040~><~Scribe.143~><~Game.1933~><~Scribe.144~> 957AA8
$Stella_Rossa<~Scribe.141~>210 <~Scribe.142~><~Game.2042~><~Scribe.143~><~Game.2035~><~Scribe.144~> AC9985
$Stella_Rossa<~Scribe.141~>reveal 148 DB0D1EBF2D7D5DB58DEABF2C1110D6944FB22831 2 <~Scribe.142~><~Controls.45~><~Scribe.143~><~Game.2036~><~Scribe.144~> 042EC3
$Stella_Rossa<~Scribe.141~>252 <~Scribe.142~><~Game.2015~><~Scribe.143~><~Game.2014~><~Scribe.144~> 066019
$Stella_Rossa<~Scribe.141~>247 <~Scribe.142~><~Game.525~><~Scribe.143~><~Game.528~><~Scribe.144~> D1B441
$Elendil<~Controls.624~>222<~Controls.625~><~Game.2044~><~Controls.626~><~Game.2037~> null
<Elendil> 2r A7E97D
$Stella_Rossa<~Scribe.141~>252 <~Scribe.142~><~Game.2014~><~Scribe.143~><~Game.2016~><~Scribe.144~> 2C3CC1
$Stella_Rossa<~Controls.323~>247 468B46
$Stella_Rossa<~Controls.644~>210 148 222 <~Controls.645~><~Game.2035~> AAD6DB
$Elendil<~HighlightLabel.81~>103<~HighlightLabel.82~><~Game.2043~><~HighlightLabel.83~><~Game.2035~> 1ED0AB
$Elendil<~CardBuffet.14~>reveal 203 8C78ECBC5D8D8B941E464EC0EEA0E6C0EB5F9CC7 7<~CardBuffet.15~><~Controls.46~><~CardBuffet.16~> 4049E6
$Stella_Rossa<~Scribe.141~>252 <~Scribe.142~><~Game.2016~><~Scribe.143~><~Game.2017~><~Scribe.144~> 25209A
$Elendil<~Controls.644~>103 203 <~Controls.645~><~Game.2035~> 8514F4
$Stella_Rossa<~Scribe.141~>213 <~Scribe.142~><~Game.2042~><~Scribe.143~><~Game.2035~><~Scribe.144~> A0082E
$Stella_Rossa<~Controls.366~>251<~Controls.367~><~Game.2010~><~Controls.368~><~Game.2011~> F3B727
$Stella_Rossa<~Controls.323~>247 ACC48E
$Stella_Rossa<~Controls.644~>213 <~Controls.645~><~Game.2035~> AD0191
$Elendil<~HighlightLabel.81~>360<~HighlightLabel.82~><~Game.2043~><~HighlightLabel.83~><~Game.2035~> E7E52B
$Elendil<~CardBuffet.14~>reveal 182 68B73CF469A4B6027265BA12414CB21A88EE76B3 15<~CardBuffet.15~><~Controls.46~><~CardBuffet.16~> C32AAF
$Elendil<~Controls.624~>233<~Controls.625~><~Game.2044~><~Controls.626~><~Game.2037~> null
$Stella_Rossa<~Controls.644~>360 182 233 <~Controls.645~><~Game.2035~> 3DF23E
$Stella_Rossa<~Scribe.141~>359 <~Scribe.142~><~Game.2042~><~Scribe.143~><~Game.2035~><~Scribe.144~> 27B5C4
$Stella_Rossa<~Scribe.141~>281 <~Scribe.142~><~Game.2038~><~Scribe.143~><~Game.1931~><~Scribe.144~> 063081
$Stella_Rossa<~Scribe.141~>280 <~Scribe.142~><~Game.2038~><~Scribe.143~><~Game.1935~><~Scribe.144~> 3C72C4
$Stella_Rossa<~Controls.644~>359 <~Controls.645~><~Game.2035~> 699EFA
$Elendil<~HighlightLabel.81~>105<~HighlightLabel.82~><~Game.2043~><~HighlightLabel.83~><~Game.2035~> F1AAA3
$Elendil<~Scribe.141~>037 320 040 335 336 035 008 007 015 014 012 011 <~Scribe.142~><~Game.1927~><~Scribe.143~><~Game.1917~><~Scribe.144~> F97087
$Elendil<~Scribe.141~>006 324 <~Scribe.142~><~Game.1919~><~Scribe.143~><~Game.1916~><~Scribe.144~> DB1CB1
$Elendil<~Controls.644~>105 <~Controls.645~><~Game.2035~> 63C09E
$Stella_Rossa<~Scribe.141~>358 <~Scribe.142~><~Game.2042~><~Scribe.143~><~Game.2035~><~Scribe.144~> E090B2
$Stella_Rossa<~Controls.509~>116<~Controls.510~><~Game.2004~><~Controls.511~><~Controls.45~> null
$Stella_Rossa<~Controls.644~>358 <~Controls.645~><~Game.2035~> 0211C8
$Elendil<~HighlightLabel.81~>361<~HighlightLabel.82~><~Game.2043~><~HighlightLabel.83~><~Game.2035~> 8FAD8D
$Elendil<~Scribe.141~>006 324 <~Scribe.142~><~Game.1916~><~Scribe.143~><~Game.1914~><~Scribe.144~> 93DE28
$Elendil<~Scribe.141~>255 040 320 037 335 012 007 015 014 <~Scribe.142~><~Game.1917~><~Scribe.143~><~Game.1912~><~Scribe.144~> FF3CC9
$Elendil<~Controls.644~>361 <~Controls.645~><~Game.2035~> 23A3DE
$Stella_Rossa<~Controls.726~>211 <~Controls.727~><~Game.1997~><~Controls.728~><~Game.2042~> D1EB82
$Stella_Rossa<~Controls.731~>358 359 213 210 212 <~Controls.732~><~Game.2039~><~Controls.733~><~Game.2042~> B2A16F
$Elendil<~Controls.757~>104 <~Controls.758~><~Game.1997~><~Controls.759~><~Game.2043~> 21F21E
<~Game.7~>11 null
$Elendil<~Controls.762~>361 105 360 103 100 101 102 362 <~Controls.763~><~Game.2041~><~Controls.764~><~Game.2043~> C0D033
$Stella_Rossa<~Controls.509~>136<~Controls.510~><~Game.2004~><~Controls.511~><~Controls.45~> null
$Stella_Rossa<~Controls.509~>145<~Controls.510~><~Game.2005~><~Controls.511~><~Controls.45~> null
$Elendil<~Controls.509~>204<~Controls.510~><~Game.2006~><~Controls.511~><~Controls.46~> null
$Elendil<~Controls.509~>197<~Controls.510~><~Game.2007~><~Controls.511~><~Controls.46~> null
$Stella_Rossa<~Controls.296~>139 <~Controls.297~><~Controls.45~> DD5CB1
$Stella_Rossa<~Controls.296~>107 <~Controls.297~><~Controls.45~> 404EEC
<Stella_Rossa> fsp ok DB2CB0
$Elendil<~Controls.372~>361 AC1FE5
$Elendil<~Controls.345~>105 360 103 100 101 102 362 104 <~Controls.346~>12 11 14 12 12 11 11 15 null
$Elendil<~Controls.350~>105 360 103 100 101 102 362 104 null
$Stella_Rossa<~Controls.345~>358 359 213 210 212 211 <~Controls.346~>4 0 3 0 4 1 null
$Stella_Rossa<~Scribe.141~>359 <~Scribe.142~><~Game.2042~><~Scribe.143~><~Game.2035~><~Scribe.144~> 127DCC
$Stella_Rossa<~Controls.790~>247<~Controls.791~><~Game.528~><~Controls.792~><~Game.529~> 5F1DA6
$Stella_Rossa<~Controls.795~>359<~Controls.796~><~Game.2035~><~Controls.797~><~Game.1997~> 967F4B
$Elendil<~Controls.624~>238<~Controls.625~><~Game.2044~><~Controls.626~><~Game.2037~> null
$Stella_Rossa<~Scribe.141~>252 <~Scribe.142~><~Game.2017~><~Scribe.143~><~Game.2019~><~Scribe.144~> 78236D
<Stella_Rossa> you know 2A6FF4
$Stella_Rossa<~Scribe.141~>247 <~Scribe.142~><~Game.529~><~Scribe.143~><~Game.528~><~Scribe.144~> CF5078
$Stella_Rossa<~Controls.323~>247 09E9CC
$Stella_Rossa<~Controls.644~>238 <~Controls.645~><~Game.2035~> 4BDBB1
<Stella_Rossa> unbelivable A1A621
$Elendil<~HighlightLabel.81~>103<~HighlightLabel.82~><~Game.2043~><~HighlightLabel.83~><~Game.2035~> 9B8706
$Elendil<~CardBuffet.14~>reveal 197 1453EEF93F05CD0BE03D7364C7EFC237FCFFEF3C 5<~CardBuffet.15~><~Controls.46~><~CardBuffet.16~> 416EBC
$Elendil<~Scribe.141~>210 <~Scribe.142~><~Game.2042~><~Scribe.143~><~Game.2037~><~Scribe.144~> 0D7268
$Elendil<~Controls.644~>103 197 210 <~Controls.645~><~Game.2035~> 37E4CE
$Stella_Rossa<~Scribe.141~>211 <~Scribe.142~><~Game.2042~><~Scribe.143~><~Game.2035~><~Scribe.144~> B8F182
$Stella_Rossa<~Controls.323~>247 1011CD
$Stella_Rossa<~Controls.644~>211 <~Controls.645~><~Game.2035~> A24CD4
$Elendil<~HighlightLabel.81~>101<~HighlightLabel.82~><~Game.2043~><~HighlightLabel.83~><~Game.2035~> 0A249D
$Elendil<~Scribe.141~>330 329 328 <~Scribe.142~><~Game.1910~><~Scribe.143~><~Game.1912~><~Scribe.144~> B067DA
$Elendil<~Scribe.141~>344 <~Scribe.142~><~Game.1904~><~Scribe.143~><~Game.1908~><~Scribe.144~> EBA34B
$Elendil<~Controls.644~>101 <~Controls.645~><~Game.2035~> A6EC38
<Stella_Rossa> pass A8519A
$Elendil<~HighlightLabel.81~>100<~HighlightLabel.82~><~Game.2043~><~HighlightLabel.83~><~Game.2035~> EC95B8
$Elendil<~Scribe.141~>255 040 320 037 335 330 329 328 012 007 015 014 <~Scribe.142~><~Game.1912~><~Scribe.143~><~Game.1908~><~Scribe.144~> 5A371A
$Elendil<~Scribe.141~>006 324 002 327 331 001 000 <~Scribe.142~><~Game.1914~><~Scribe.143~><~Game.1910~><~Scribe.144~> 9CBDD8
$Elendil<~Controls.644~>100 <~Controls.645~><~Game.2035~> A72B51
<Stella_Rossa> pass 03F0AE
$Elendil<~HighlightLabel.81~>105<~HighlightLabel.82~><~Game.2043~><~HighlightLabel.83~><~Game.2035~> 886C8C
<Elendil> riven F9D5EC
$Stella_Rossa<~Scribe.141~>096 090 <~Scribe.142~><~Game.1911~><~Scribe.143~><~Game.1990~><~Scribe.144~> 88BFD3
$Elendil<~Scribe.141~>255 040 320 037 335 330 329 328 012 007 015 014 344 <~Scribe.142~><~Game.1908~><~Scribe.143~><~Game.1911~><~Scribe.144~> 55F628
$Elendil<~Controls.644~>105 <~Controls.645~><~Game.2035~> BF1371
$Stella_Rossa<~Scribe.141~>213 <~Scribe.142~><~Game.2042~><~Scribe.143~><~Game.2035~><~Scribe.144~> 6FD919
<Stella_Rossa> another eye? 8DB4E1
$Stella_Rossa<~Controls.366~>250<~Controls.367~><~Game.2009~><~Controls.368~><~Game.2012~> D2A986
$Stella_Rossa<~Controls.790~>247<~Controls.791~><~Game.528~><~Controls.792~><~Game.529~> 379ED5
$Stella_Rossa<~Controls.795~>213<~Controls.796~><~Game.2035~><~Controls.797~><~Game.1997~> B75DE1
$Elendil<~Controls.624~>226<~Controls.625~><~Game.2044~><~Controls.626~><~Game.2037~> null
$Stella_Rossa<~Scribe.141~>252 <~Scribe.142~><~Game.2019~><~Scribe.143~><~Game.2021~><~Scribe.144~> C65246
$Stella_Rossa<~Controls.644~>226 <~Controls.645~><~Game.2035~> 286CFB
$Elendil<~HighlightLabel.81~>362<~HighlightLabel.82~><~Game.2043~><~HighlightLabel.83~><~Game.2035~> FAB17A
<Elendil> riven 9C5CEB
$Elendil<~Controls.840~>172 3A9D73
<Stella_Rossa> nc DED2DF
$Elendil<~CardBuffet.14~>reveal 172 427A958ACEE9B375013BA2340502F7005CDB0B61 18<~CardBuffet.15~><~Controls.46~><~CardBuffet.16~> 81390D
<game> Elendil<~Controls.1~> 5 5 1 1 4 null
<game> Stella_Rossa<~Controls.1~> 3 null
<game> Elendil<~Controls.1~> 1 2 4 3 null
<game> Elendil<~Controls.1~> 5 null
<Elendil> 0+1 E6181C
$Stella_Rossa<~Controls.304~>090 <~Controls.305~><~Game.1990~> 1EA181
$Stella_Rossa<~Controls.313~>268 <~Controls.308~><~Controls.314~><~Game.1990~> 96535C
<Elendil> press B394B1
$Elendil<~Controls.662~>172 <~Controls.663~><~Game.2035~> 3831FF
$Elendil<~Controls.304~>335 <~Controls.305~><~Game.1911~> 64811B
$Elendil<~Controls.313~>337 <~Controls.307~><~Controls.314~><~Game.1911~> 8D7320
<Elendil> nc A3251B
<Stella_Rossa> nc 3B82D6
<game> Elendil<~Controls.1~> 4 2 2 6 4 null
<Elendil> ` AD0739
<game> Stella_Rossa<~Controls.1~> 1 6 null
$Stella_Rossa<~Scribe.141~>096 268 <~Scribe.142~><~Game.1990~><~Scribe.143~><~Game.2037~><~Scribe.144~> 8932D9
$Stella_Rossa<~Scribe.141~>423 <~Scribe.142~><~Game.30~><~Scribe.143~><~Game.32~><~Scribe.144~> E2AF57
$Elendil<~Controls.281~>329 <~Controls.282~><~Game.1911~><~Controls.283~><~Game.2040~> 4EFD81
$Stella_Rossa<~Controls.644~>362 096 268 <~Controls.645~><~Game.2035~> 668A2A
$Stella_Rossa<~Scribe.141~>212 <~Scribe.142~><~Game.2042~><~Scribe.143~><~Game.2035~><~Scribe.144~> F0DF27
<Stella_Rossa> Lorien F5615F
<Stella_Rossa> nc D7029C
<Elendil> nc 29AFA7
<game> Stella_Rossa<~Controls.1~> 6 6 2 5 1 null
<game> Elendil<~Controls.1~> 5 null
<Elendil> 1 7600DC
$Stella_Rossa<~Controls.304~>092 <~Controls.305~><~Game.1992~> F5D347
$Stella_Rossa<~Controls.313~>268 <~Controls.308~><~Controls.314~><~Game.1992~> 1B8779
$Elendil<~Scribe.141~>013 <~Scribe.142~><~Game.1928~><~Scribe.143~><~Game.2037~><~Scribe.144~> F8EE04
$Stella_Rossa<~Scribe.141~>097 267 266 093 268 087 <~Scribe.142~><~Game.1992~><~Scribe.143~><~Game.1928~><~Scribe.144~> 70509B
$Stella_Rossa<~Controls.644~>212 013 <~Controls.645~><~Game.2035~> 3789E5
$Elendil<~HighlightLabel.81~>102<~HighlightLabel.82~><~Game.2043~><~HighlightLabel.83~><~Game.2035~> 531629
$Elendil<~CardBuffet.14~>reveal 170 1C52A229864F909E4BED8F312E3C195B1797F830 12<~CardBuffet.15~><~Controls.46~><~CardBuffet.16~> D23AB1
$Elendil<~Scribe.141~>329 005 <~Scribe.142~><~Game.2040~><~Scribe.143~><~Game.1885~><~Scribe.144~> A52FAA
$Elendil<~Scribe.141~>006 324 327 002 <~Scribe.142~><~Game.1910~><~Scribe.143~><~Game.1885~><~Scribe.144~> DD6B53
$Elendil<~Controls.644~>102 170 <~Controls.645~><~Game.2035~> 75AEFD
$Stella_Rossa<~Scribe.141~>358 <~Scribe.142~><~Game.2042~><~Scribe.143~><~Game.2035~><~Scribe.144~> 317E9F
$Stella_Rossa<~Scribe.141~>245 283 287 288 289 073 295 290 <~Scribe.142~><~Game.1956~><~Scribe.143~><~Game.1960~><~Scribe.144~> 852798
$Stella_Rossa<~Scribe.141~>290 <~Scribe.142~><~Game.1960~><~Scribe.143~><~Game.1956~><~Scribe.144~> A3D308
$Stella_Rossa<~Scribe.141~>097 267 266 093 268 087 <~Scribe.142~><~Game.1928~><~Scribe.143~><~Game.1927~><~Scribe.144~> FD444B
$Stella_Rossa<~Scribe.141~>268 <~Scribe.142~><~Game.1927~><~Scribe.143~><~Game.1928~><~Scribe.144~> 00EF5A
$Stella_Rossa<~Controls.644~>358 <~Controls.645~><~Game.2035~> 8E5A3B
$Elendil<~Controls.276~>360<~Controls.277~><~Game.2043~><~Controls.278~><~Game.2035~> 418E75
$Elendil<~Scribe.141~>032 031 030 025 024 <~Scribe.142~><~Game.1943~><~Scribe.143~><~Game.1964~><~Scribe.144~> 4B8FAA
$Elendil<~Scribe.141~>006 324 327 002 329 005 <~Scribe.142~><~Game.1885~><~Scribe.143~><~Game.1884~><~Scribe.144~> A70F99
$Elendil<~Controls.644~>360 <~Controls.645~><~Game.2035~> B73DE1
$Stella_Rossa<~Controls.726~>213 359 <~Controls.727~><~Game.1997~><~Controls.728~><~Game.2042~> 13DFFC
$Stella_Rossa<~Controls.731~>358 212 211 210 <~Controls.732~><~Game.2039~><~Controls.733~><~Game.2042~> 4C3EA7
$Elendil<~Controls.757~>104 361 <~Controls.758~><~Game.1997~><~Controls.759~><~Game.2043~> F18B2C
<~Game.7~>12 null
$Elendil<~Controls.762~>360 102 362 105 100 101 103 <~Controls.763~><~Game.2041~><~Controls.764~><~Game.2043~> EA4F4B
$Stella_Rossa<~Controls.509~>141<~Controls.510~><~Game.2004~><~Controls.511~><~Controls.45~> null
$Stella_Rossa<~Controls.509~>153<~Controls.510~><~Game.2005~><~Controls.511~><~Controls.45~> null
$Elendil<~Controls.509~>181<~Controls.510~><~Game.2006~><~Controls.511~><~Controls.46~> null
$Elendil<~Controls.509~>164<~Controls.510~><~Game.2007~><~Controls.511~><~Controls.46~> null
$Stella_Rossa<~Controls.296~>141 <~Controls.297~><~Controls.45~> 0B415E
$Stella_Rossa<~Controls.296~>136 <~Controls.297~><~Controls.45~> 106E66
<Stella_Rossa> fsp ok A541FE
$Elendil<~Controls.372~>360 016CB8
$Elendil<~Controls.345~>102 362 105 100 101 103 104 361 <~Controls.346~>14 12 15 12 13 12 10 14 null
$Elendil<~Controls.350~>102 362 105 100 101 103 104 361 null
$Stella_Rossa<~Controls.345~>358 212 211 210 213 359 <~Controls.346~>0 3 1 1 1 0 null
$Stella_Rossa<~Scribe.141~>211 <~Scribe.142~><~Game.2042~><~Scribe.143~><~Game.2035~><~Scribe.144~> 663AE1
$Stella_Rossa<~Controls.790~>247<~Controls.791~><~Game.529~><~Controls.792~><~Game.532~> F02E42
$Stella_Rossa<~Controls.795~>211<~Controls.796~><~Game.2035~><~Controls.797~><~Game.1997~> 2F48EA
<Elendil> gg :) C8708B
$Elendil<~Controls.624~>214<~Controls.625~><~Game.2044~><~Controls.626~><~Game.2037~> null
$Stella_Rossa<~Controls.644~>214 <~Controls.645~><~Game.2035~> 1997B0
<Stella_Rossa> no reds? 9C7CF8
<Elendil> no 40ADFF
<Stella_Rossa> gg E49C74
<Elendil> gg 3FEF8C
