<auto> silent null
<auto><~Scribe.141~>363 397 398 402 401 400 399 403 404 376 375 374 373 377 378 <~Scribe.142~><~Game.2038~><~Scribe.143~>Spare<~Scribe.144~> null
<auto><~Scribe.141~>365 366 379 380 381 382 383 384 385 386 387 388 389 390 391 392 393 394 395 396 367 368 369 370 371 372 <~Scribe.142~><~Game.2040~><~Scribe.143~>Spare<~Scribe.144~> null
<auto><~Scribe.141~>230 231 <~Scribe.142~><~Game.2044~><~Scribe.143~>Spare<~Scribe.144~> null
<auto><~Scribe.141~>155 152 <~Scribe.142~><~Game.2004~><~Scribe.143~>Spare<~Scribe.144~> null
<auto><~Scribe.141~>137 151 <~Scribe.142~><~Game.2005~><~Scribe.143~>Spare<~Scribe.144~> null
<auto><~Scribe.141~>161 198 <~Scribe.142~><~Game.2006~><~Scribe.143~>Spare<~Scribe.144~> null
<auto><~Scribe.141~>163 188 <~Scribe.142~><~Game.2007~><~Scribe.143~>Spare<~Scribe.144~> null
<auto><~Controls.323~>364 null
<auto> noisy null
<auto> silent null
<auto><~Scribe.141~>312 <~Scribe.142~><~Game.2038~><~Scribe.143~><~Game.1965~><~Scribe.144~> null
<auto> noisy null
<~Game.7~>1 null
<auto> silent null
<auto><~Scribe.141~>363 397 398 402 401 400 399 403 404 376 375 374 373 377 378 <~Scribe.142~><~Game.2038~><~Scribe.143~>Spare<~Scribe.144~> null
<auto><~Scribe.141~>365 366 379 380 381 382 383 384 385 386 387 388 389 390 391 392 393 394 395 396 367 368 369 370 371 372 <~Scribe.142~><~Game.2040~><~Scribe.143~>Spare<~Scribe.144~> null
<auto><~Scribe.141~>230 231 <~Scribe.142~><~Game.2044~><~Scribe.143~>Spare<~Scribe.144~> null
<auto><~Scribe.141~>155 152 <~Scribe.142~><~Game.2004~><~Scribe.143~>Spare<~Scribe.144~> null
<auto><~Scribe.141~>137 151 <~Scribe.142~><~Game.2005~><~Scribe.143~>Spare<~Scribe.144~> null
<auto><~Scribe.141~>161 198 <~Scribe.142~><~Game.2006~><~Scribe.143~>Spare<~Scribe.144~> null
<auto><~Scribe.141~>163 188 <~Scribe.142~><~Game.2007~><~Scribe.143~>Spare<~Scribe.144~> null
<auto><~Controls.323~>364 null
<auto> noisy null
$base silent null
$TEST<~Scribe.141~>312 <~Scribe.142~><~Game.2038~><~Scribe.143~><~Game.1965~><~Scribe.144~> null
$base noisy null
<game> Adobim<~Controls.408~>[WOTR-Gandalf2 wotr base2] null
<~Talker.31~> null
<woischi> hey 
<woischi> base ladder? 
<Adobim> hey 
<Adobim> yeah 
<Adobim> let's bid? 
<woischi> y 
<game> woischi<~Controls.1~> 5 null
<game> Adobim<~Controls.1~> 1 null
<woischi> 1 token for sp 
<Adobim> ok i accept 
<Adobim> glhf 
$Adobim<~Controls.281~>426 <~Controls.282~><~Game.2038~><~Controls.283~><~Game.2042~> 
$woischi<~Controls.479~>170BD5D472E46B24394175027170D0ED08F66C3B D7FE4992CB39E7256A3C47B0B5872A68 24 C25C407CA6FD1A25983E5D4A8A79A432E8F9A886 12847E9899259CF9AFEC7C1D844BCB71 9B9D1D479490B7BE98C5729C57C6C7F022A553DE 459457D434B429118C5CDFB0AF0957BB C93883F072B0FC1D2A94A907C8A99FF30308DE13 C20713A02780FA5ED1064903251D9CB8 CFB1BBC09F4812A8DE2099B0C21CF763CF12767A 4DD2FE3B4AACF625D6095AE232B870CD 8FEC8BDC2EA977FD93D8924EF955C8C76D8122EA DE61B4CE33559FBEE4AD051414F5E253 2CDD761942E9A3BFBDB0FA0D908634F9C0FE6F28 A4A5E4D6EC25EB48D36D076DCDDB0081 359D9714567619B1A43912B9F0AC4330ACEFA2C7 4D012F81E6030B92F3650D753A71BA5C 6B112A596E72E5A17EAEBD0FF9D08A09E679BF6E 84B05D8B2C06394C2F4DE0176423EDFE 33154900E2360E4397DBB754444ACAF419F7071B BB5E063BDB2B233A6F5CAFCC1527C984 F491880087B188247B53FB1B453341B5E0D85949 2AF73588D185A6F23EC8289EAE9AB6DB 62E06620996CC6D968566FC1CDCB5059A5F9F539 16F1BA51A3C7A62BADB06DED3782E9CA 7A92050DF13A72BA443E0903E7AA6F0353962DC2 569C1120D473190776AB7A21B8F03020 34E0C87D674DBA5EFFB61F9C5A28D3E29B4F80CF 12322A4A44171B1B634C8C92C6F27EB0 AEACE0E266196AC5C13B8CA5AB18F9A5F9995E3C CEAD78E4E6475800F04F9967600E6CEE 80A70BDDABD8671B5BE1D6CA9E432E21E4727C35 A6B23AABB65A7B302F4C7231FB6BD239 13F0B3A1783D4B5F7A50068B27E3D40520A64E7E DA00E084E904EB33EB0BB15DDAFCC918 BAAA6D5FAB64799C345F0E11D700CA76CCD3FC83 8D3F467D655C354A10F89F11A3321035 E748DBA23832BF3B6B127B7A6FF238A7BF6C5B95 C91E416E73EB454E4933E42C2F1C7B06 3649F9FD4FA3F19043AFAD0CBBB5D5726096E4BF C615F469B2CB3CFEEB4B3B93A1FBC05C 622879C58E478239558BBA79C13E84E555A5F9CF 6C4113684EFCA7A111A84706B9A9DAAD 46CA8540560B69C29C518A87E1535DBFCFCB13B9 1527757472673F57071075CA6A5AD8EB 362FFC82C85C4E5C5B271712B89D89B5F6E91B1F 965FB773FA4A57E0EBFAB0AEA9966542 F83A13D522832A9A1CB6E1920F440C4CDFB9EF0A 7F6E548E6DF843439181485C877FB222 48F93D3330FA8CDE1364355CEBC302842A224D2C A249A9032A202502A71BF8BC81AE4571 24 760EA54426E629BDDEFA55BB6C46BF70A06E051C D2544DE1E01B3E48198B57D717479B0D 065BF1F248769EBDB4097C84CF34B0DB033366A5 ECD5073843EC6368B6998E6F9A0DABAC BF3AE4AE03A0C9965C939B71935427EAE1B1338E 1B25DA82FCDD605A138DE5994A97B896 9F6BA68D2912D904A1215F198E7B1BD2C750A4ED 561D462EE009B9CEAF748EF8A0E76D13 DA2662FF128387FF009049FF73E410E433220254 2D916C6A64243A9F57B632B4E70E728E 91E572C6EA8B5842531B95ADFD9046D087A7D84A C5C7179A5050743ACC7CA221109EB2F7 605D6E5A82923EB43CA7BB40A17EFFA57801B830 214682EFB3E8E07FA2ECB91CC703B0DE DF762B4FAA4A3871DE7E90B99A0D6ACF5E3B2461 A268EACD167657E56A436A33C1268AE4 7F1ADAB740E0C4CC323904AB1993A6327AC1F2EA D09007C9F442C0AB134513FA57D18B8E 5CD019D3282853773D8D3FE201C0E40ABC6EB3CB 5AEB7D116943F7138D9B3B1E58C2C847 CF67857024A115AE0D1BA856A52BF661CEBD98B9 5B12BA832844C994AE0C7DBC1A774B95 63C6455114F2B02861308F514A7138DB6421A0E6 DE0F6EA5B29420E359AA63FCD2028D92 80001EC956936495868F8E693A6E55A5EA45BE38 A4847DA9C4A0157DDD604D3F2587C2BC FFED0E90FBB2979EF8182D9C9022CE0B21E0FB80 24F7BE1A102DEB5A9A874928FE2131B8 D45220A9F74EF68A3AFFD1238A34C2AEF9D23B08 D28ED45F302B4565E957CE30A26472FC 012DEBC2A4965A058D492ABC0E8D4B4EE6F27176 A4BFBEB5D75864813D6E144B00A8A070 E00AEBDD5122DB9F78711C8F34269CF3AAA3B822 D1A9EF17491E200A85B9468D4DD203C8 A9DCF23E119D8766416097A6FB209FEB5DB7AC99 DB31CE6B0C60FBB9D57CB7FAD0614C88 C580832C09951237842195CC90013EC9627FA993 D0140407DF3748A744473110FAD0F3C4 5E5908E22E95B78BC6C3678365DAEB25F6C009EF CB7CE2ABEBC8197A170685B8B9A736D5 5EC0B6DD8BE457B1EC376D6C2EA7B78033675D59 C1D9DC8138A302641E95E41C0DCE8D3C FFF5A48687E24BA167BFACBE342E6E41686A08B0 7902D289626A913E5E71AB63DAF3D11D ABC6544934B2C0512EBB2FB5010AC09D19D8D9C0 DCE1D7028BB36426F0712DC600228D68 DE5A313B3C40F56991B78C991A024F31654DEFEA 6E34BE14934ECAB828AB3D7DA8C8AB5B 0 0 5C51E7
<woischi> u2 D9B60F
$Adobim<~Controls.464~>EAC7F1B88BAD81881DA5CC6B7704020983E00E1F 5F8431BAA37616E74BBB3D8188470F57 24 04EDE4A6818B1DD5565F912F20A45CFAA63B84B8 46230AAE63657ED9395D45A23A0B32A9 E26946A9A8BA38AF3A0722B07600F01578151AD8 24653D5187DAA8DDA8138D3CE18E3F4B C6A1E7FCAD15963AFD68A308BE9EF513F1B933E8 1376F164F21F60B7A17E37B54F7676B3 8C8AD58CFF15315A65501B8F852C6ED7A3344C9F D2CAF7FAF4FE8A0D097416F37202789E 7FDBC863F95D517ABF5DB8AAFDE133D13EFECE88 C99E71A603001E8D4BD78ED0313A3844 71EE2AB858D4ECF563A9C5DBBC827BD25B847A69 4ACE2F46AB71B46033C7EF847A4C878B 53B90C8FB39F2BAF758CE4DEE287AC3ECAC12526 1991BF26C26A3E891D4674DC9B7F0699 059ED568FF3E0DB25C4A3A3BD5AD1766EDDA9520 2ED92969DF3B50E14EC0F42FD141AC60 FDD9966182C4D632806A9E79248AC9B095CE2AF0 B959833F0B04733CA114C04D1E2F20F7 3210116336A5C663EEF67F647157E7E4BA6585FA 657AC775B95C9D9D65036A325F2071AB 9E25B937DD913FFD906C2B8FC4F761701D07593E E0BA5834F350F6968527D7F49D97342F 20CE651A319B32CA01AD44A1F5613A1C4AA34194 9B4A2506D61374A8E9DDAC72A21D4094 DF9B5DEDF14849A5DC2352B8D36C0328CE29843A CED81607402A0BB61CBFCD8BCF6422D1 229FB0D2CE738E91FFE50A0938226E69D8F85C63 BEE06014C7FB39382F8FF16A2D458B09 4A9AB9985DBB5511C57052F4089BC7A1504C910A 42F6B0C7ECFE0796DCC7F1F0C1E52E93 246C4D72C9C34D0F23391F55CA9FBE37685E96FE 82D678948FF44E95ED2052B623A7A1BB A08A69D1A80DDF55708913F1C184165ABD7E2A97 0241C233A6E69720DEBA1EBD51A36FA5 0BA77FD5CE80C18528B07475FE367F39EA918F17 DEDC789329DE3CE0C1CFAF42C0D68B33 A0EA0BEBCC884D44827F0EA68AF6DF35192D6EC0 57AE162A50841B9A610E7DAFB4466047 7A1132F9983AB4D0CEE201865C8B395E8815DB65 8DE06313002334B7AA032959D0B88980 B396C72F5B5B0764A96B541C2656E02D51CD6B2B 8EE7C2EE82B8532448368F3AF0CFDEFA 8FB946A7B6E8AC9A8184E94B83C12DB5D966D6C8 8F3E8E9775129F698DD8256536A20B11 605D448EA5219CC3AE445C9AC2C7A060606BA801 78469D7C0624C0E79734AE58631C081D 7A4DA24C87467A4781A589955A889F8370420D34 A5085A595D0BD6B7B1363DA067C6404D 24 A53DDA3233B196E9F2DBA82A51E5CD1FC6E27976 EAE129295A7A5B78F9B957B03ABDAE82 8E110FF17DDF1569D2F7B8CB6767F2240F230C50 D859876980763E14437B748FECF59472 6C4832780CEF944165F955ACD1A7931FEBF46251 3EAA4BB031A49F353DD6EFFAFB1D66F3 8929101119C2520ED1CF2A94C4184040443A8FF3 F2BA8A961B915EFAD3B09B8CE4ACB700 252B3A6B75DF887265F131BE43A0E1B7A51BF328 D1954C55F2B1FBB8D538D892FCFA5B03 256592F3A1E0635BB89DED0A958D590101E030CD 03979BCC5F07B037D557C86C7F7106C2 0407D223CFE0AEFE2349DDD5D551E345C6B1A1EE 83DD0E27379E25E15501FF07E9277AD9 7978744A856FBCF68ADE1FBBD18884C40AD9105A DEBF6CC8F05E3BF122BF30B38482741A 81A4FE35B1B9886CD4CCA2CE5CEDE1035B887D83 3A49799D50E0F1ABFA1F479C42A68AE4 E30875BA4063EDC33D82BCB9BE0E71A0DFF9DEA9 9902C161663146C874ECE9A5CCD549D1 B72FD44E9C3E95702211950812235D766A966E6E 5F8C70B6BECE9ADB21466C93DA0B585F 410053261C1BF1AC62A625185ABC9CD6500AAFD8 11CC4D67CF369EBFED144A08C46653FB 36280251847C263205AD53E0476C8E994E661C0D 5FB2EF70B8D1A157CB664454593904C9 426CB6CBE133AB5A1A4BA33B601A0654D4F14E29 63DD9D012B204B6A91A5F134EFD45E04 3D6082B4AC9DA74E67AD40C8322E7B0062DED7FE 2B9B1105A965B4541FC78073BB600F24 5492A1DFE50D4352890B796A91056BF6A71B73D6 7410E6D6EF41B17BC7DBBCCF62521B18 D19F267D95A6F0A16EC7B749AA89051B66991F29 B8871D80AFED3E92E89E50E2CF5BC9E3 4CB513B7E7B5EDB33135DEEE621591AC7A9C3026 6B2CFEB5830E6F08DCED1F4E47E2B953 D78A312AF968DAF85F5F9B8745C8C53BC171A1F9 80B6E87B1E569767134987A5BA5227ED 92E94CFB0398194AE7D7A3263CE66860923E9FEB 31CAEF62C4607FA680C3AF225AE7E63A 39134B3A9214295FD02D8098F33AAD76A5134D65 00101F81FB86E9ED330428AC71B237F5 AE52949613C8C294BE04CBA17853E86BD7333F6E F848CD3B82966A22463ED96E6F02F7E3 0D1C5F2756178A0E5D9DC956E9EA5ABE322AA078 38E3444482A64F4FFD4279964273AED4 22371908F99BDF51CEEB8682B7EB4E4ED9496395 B1D2C2D0037B90AE281209BCEA406130 0 0 FBBF06
$Adobim<~Controls.509~>106<~Controls.510~><~Game.2005~><~Controls.511~><~Controls.45~> null
$woischi<~Controls.509~>209<~Controls.510~><~Game.2006~><~Controls.511~><~Controls.46~> null
$Adobim<~Controls.509~>107<~Controls.510~><~Game.2004~><~Controls.511~><~Controls.45~> null
$woischi<~Controls.509~>192<~Controls.510~><~Game.2007~><~Controls.511~><~Controls.46~> null
<Adobim> ready F813A7
<woischi> 0E 0B2C5E
$woischi<~Controls.345~>105 104 103 102 101 100 099 <~Controls.346~>13 10 13 14 14 13 10 null
$woischi<~Controls.350~>105 104 103 102 101 100 099 null
$Adobim<~Controls.345~>213 212 211 210 <~Controls.346~>1 1 1 0 null
<Adobim> pass E3D0F0
<game> Adobim<~Controls.397~> 
<~Talker.31~> null
$Adobim sendTokens FREE_PEOPLE.EAC7F1B88BAD81881DA5CC6B7704020983E00E1F 5F8431BAA37616E74BBB3D8188470F57 24 04EDE4A6818B1DD5565F912F20A45CFAA63B84B8 46230AAE63657ED9395D45A23A0B32A9 E26946A9A8BA38AF3A0722B07600F01578151AD8 24653D5187DAA8DDA8138D3CE18E3F4B C6A1E7FCAD15963AFD68A308BE9EF513F1B933E8 1376F164F21F60B7A17E37B54F7676B3 8C8AD58CFF15315A65501B8F852C6ED7A3344C9F D2CAF7FAF4FE8A0D097416F37202789E 7FDBC863F95D517ABF5DB8AAFDE133D13EFECE88 C99E71A603001E8D4BD78ED0313A3844 71EE2AB858D4ECF563A9C5DBBC827BD25B847A69 4ACE2F46AB71B46033C7EF847A4C878B 53B90C8FB39F2BAF758CE4DEE287AC3ECAC12526 1991BF26C26A3E891D4674DC9B7F0699 059ED568FF3E0DB25C4A3A3BD5AD1766EDDA9520 2ED92969DF3B50E14EC0F42FD141AC60 FDD9966182C4D632806A9E79248AC9B095CE2AF0 B959833F0B04733CA114C04D1E2F20F7 3210116336A5C663EEF67F647157E7E4BA6585FA 657AC775B95C9D9D65036A325F2071AB 9E25B937DD913FFD906C2B8FC4F761701D07593E E0BA5834F350F6968527D7F49D97342F 20CE651A319B32CA01AD44A1F5613A1C4AA34194 9B4A2506D61374A8E9DDAC72A21D4094 DF9B5DEDF14849A5DC2352B8D36C0328CE29843A CED81607402A0BB61CBFCD8BCF6422D1 229FB0D2CE738E91FFE50A0938226E69D8F85C63 BEE06014C7FB39382F8FF16A2D458B09 4A9AB9985DBB5511C57052F4089BC7A1504C910A 42F6B0C7ECFE0796DCC7F1F0C1E52E93 246C4D72C9C34D0F23391F55CA9FBE37685E96FE 82D678948FF44E95ED2052B623A7A1BB A08A69D1A80DDF55708913F1C184165ABD7E2A97 0241C233A6E69720DEBA1EBD51A36FA5 0BA77FD5CE80C18528B07475FE367F39EA918F17 DEDC789329DE3CE0C1CFAF42C0D68B33 A0EA0BEBCC884D44827F0EA68AF6DF35192D6EC0 57AE162A50841B9A610E7DAFB4466047 7A1132F9983AB4D0CEE201865C8B395E8815DB65 8DE06313002334B7AA032959D0B88980 B396C72F5B5B0764A96B541C2656E02D51CD6B2B 8EE7C2EE82B8532448368F3AF0CFDEFA 8FB946A7B6E8AC9A8184E94B83C12DB5D966D6C8 8F3E8E9775129F698DD8256536A20B11 605D448EA5219CC3AE445C9AC2C7A060606BA801 78469D7C0624C0E79734AE58631C081D 7A4DA24C87467A4781A589955A889F8370420D34 A5085A595D0BD6B7B1363DA067C6404D 24 A53DDA3233B196E9F2DBA82A51E5CD1FC6E27976 EAE129295A7A5B78F9B957B03ABDAE82 8E110FF17DDF1569D2F7B8CB6767F2240F230C50 D859876980763E14437B748FECF59472 6C4832780CEF944165F955ACD1A7931FEBF46251 3EAA4BB031A49F353DD6EFFAFB1D66F3 8929101119C2520ED1CF2A94C4184040443A8FF3 F2BA8A961B915EFAD3B09B8CE4ACB700 252B3A6B75DF887265F131BE43A0E1B7A51BF328 D1954C55F2B1FBB8D538D892FCFA5B03 256592F3A1E0635BB89DED0A958D590101E030CD 03979BCC5F07B037D557C86C7F7106C2 0407D223CFE0AEFE2349DDD5D551E345C6B1A1EE 83DD0E27379E25E15501FF07E9277AD9 7978744A856FBCF68ADE1FBBD18884C40AD9105A DEBF6CC8F05E3BF122BF30B38482741A 81A4FE35B1B9886CD4CCA2CE5CEDE1035B887D83 3A49799D50E0F1ABFA1F479C42A68AE4 E30875BA4063EDC33D82BCB9BE0E71A0DFF9DEA9 9902C161663146C874ECE9A5CCD549D1 B72FD44E9C3E95702211950812235D766A966E6E 5F8C70B6BECE9ADB21466C93DA0B585F 410053261C1BF1AC62A625185ABC9CD6500AAFD8 11CC4D67CF369EBFED144A08C46653FB 36280251847C263205AD53E0476C8E994E661C0D 5FB2EF70B8D1A157CB664454593904C9 426CB6CBE133AB5A1A4BA33B601A0654D4F14E29 63DD9D012B204B6A91A5F134EFD45E04 3D6082B4AC9DA74E67AD40C8322E7B0062DED7FE 2B9B1105A965B4541FC78073BB600F24 5492A1DFE50D4352890B796A91056BF6A71B73D6 7410E6D6EF41B17BC7DBBCCF62521B18 D19F267D95A6F0A16EC7B749AA89051B66991F29 B8871D80AFED3E92E89E50E2CF5BC9E3 4CB513B7E7B5EDB33135DEEE621591AC7A9C3026 6B2CFEB5830E6F08DCED1F4E47E2B953 D78A312AF968DAF85F5F9B8745C8C53BC171A1F9 80B6E87B1E569767134987A5BA5227ED 92E94CFB0398194AE7D7A3263CE66860923E9FEB 31CAEF62C4607FA680C3AF225AE7E63A 39134B3A9214295FD02D8098F33AAD76A5134D65 00101F81FB86E9ED330428AC71B237F5 AE52949613C8C294BE04CBA17853E86BD7333F6E F848CD3B82966A22463ED96E6F02F7E3 0D1C5F2756178A0E5D9DC956E9EA5ABE322AA078 38E3444482A64F4FFD4279964273AED4 22371908F99BDF51CEEB8682B7EB4E4ED9496395 B1D2C2D0037B90AE281209BCEA406130 0 0 
$Adobim sendTokens SHADOW.170BD5D472E46B24394175027170D0ED08F66C3B D7FE4992CB39E7256A3C47B0B5872A68 24 C25C407CA6FD1A25983E5D4A8A79A432E8F9A886 12847E9899259CF9AFEC7C1D844BCB71 9B9D1D479490B7BE98C5729C57C6C7F022A553DE 459457D434B429118C5CDFB0AF0957BB C93883F072B0FC1D2A94A907C8A99FF30308DE13 C20713A02780FA5ED1064903251D9CB8 CFB1BBC09F4812A8DE2099B0C21CF763CF12767A 4DD2FE3B4AACF625D6095AE232B870CD 8FEC8BDC2EA977FD93D8924EF955C8C76D8122EA DE61B4CE33559FBEE4AD051414F5E253 2CDD761942E9A3BFBDB0FA0D908634F9C0FE6F28 A4A5E4D6EC25EB48D36D076DCDDB0081 359D9714567619B1A43912B9F0AC4330ACEFA2C7 4D012F81E6030B92F3650D753A71BA5C 6B112A596E72E5A17EAEBD0FF9D08A09E679BF6E 84B05D8B2C06394C2F4DE0176423EDFE 33154900E2360E4397DBB754444ACAF419F7071B BB5E063BDB2B233A6F5CAFCC1527C984 F491880087B188247B53FB1B453341B5E0D85949 2AF73588D185A6F23EC8289EAE9AB6DB 62E06620996CC6D968566FC1CDCB5059A5F9F539 16F1BA51A3C7A62BADB06DED3782E9CA 7A92050DF13A72BA443E0903E7AA6F0353962DC2 569C1120D473190776AB7A21B8F03020 34E0C87D674DBA5EFFB61F9C5A28D3E29B4F80CF 12322A4A44171B1B634C8C92C6F27EB0 AEACE0E266196AC5C13B8CA5AB18F9A5F9995E3C CEAD78E4E6475800F04F9967600E6CEE 80A70BDDABD8671B5BE1D6CA9E432E21E4727C35 A6B23AABB65A7B302F4C7231FB6BD239 13F0B3A1783D4B5F7A50068B27E3D40520A64E7E DA00E084E904EB33EB0BB15DDAFCC918 BAAA6D5FAB64799C345F0E11D700CA76CCD3FC83 8D3F467D655C354A10F89F11A3321035 E748DBA23832BF3B6B127B7A6FF238A7BF6C5B95 C91E416E73EB454E4933E42C2F1C7B06 3649F9FD4FA3F19043AFAD0CBBB5D5726096E4BF C615F469B2CB3CFEEB4B3B93A1FBC05C 622879C58E478239558BBA79C13E84E555A5F9CF 6C4113684EFCA7A111A84706B9A9DAAD 46CA8540560B69C29C518A87E1535DBFCFCB13B9 1527757472673F57071075CA6A5AD8EB 362FFC82C85C4E5C5B271712B89D89B5F6E91B1F 965FB773FA4A57E0EBFAB0AEA9966542 F83A13D522832A9A1CB6E1920F440C4CDFB9EF0A 7F6E548E6DF843439181485C877FB222 48F93D3330FA8CDE1364355CEBC302842A224D2C A249A9032A202502A71BF8BC81AE4571 24 760EA54426E629BDDEFA55BB6C46BF70A06E051C D2544DE1E01B3E48198B57D717479B0D 065BF1F248769EBDB4097C84CF34B0DB033366A5 ECD5073843EC6368B6998E6F9A0DABAC BF3AE4AE03A0C9965C939B71935427EAE1B1338E 1B25DA82FCDD605A138DE5994A97B896 9F6BA68D2912D904A1215F198E7B1BD2C750A4ED 561D462EE009B9CEAF748EF8A0E76D13 DA2662FF128387FF009049FF73E410E433220254 2D916C6A64243A9F57B632B4E70E728E 91E572C6EA8B5842531B95ADFD9046D087A7D84A C5C7179A5050743ACC7CA221109EB2F7 605D6E5A82923EB43CA7BB40A17EFFA57801B830 214682EFB3E8E07FA2ECB91CC703B0DE DF762B4FAA4A3871DE7E90B99A0D6ACF5E3B2461 A268EACD167657E56A436A33C1268AE4 7F1ADAB740E0C4CC323904AB1993A6327AC1F2EA D09007C9F442C0AB134513FA57D18B8E 5CD019D3282853773D8D3FE201C0E40ABC6EB3CB 5AEB7D116943F7138D9B3B1E58C2C847 CF67857024A115AE0D1BA856A52BF661CEBD98B9 5B12BA832844C994AE0C7DBC1A774B95 63C6455114F2B02861308F514A7138DB6421A0E6 DE0F6EA5B29420E359AA63FCD2028D92 80001EC956936495868F8E693A6E55A5EA45BE38 A4847DA9C4A0157DDD604D3F2587C2BC FFED0E90FBB2979EF8182D9C9022CE0B21E0FB80 24F7BE1A102DEB5A9A874928FE2131B8 D45220A9F74EF68A3AFFD1238A34C2AEF9D23B08 D28ED45F302B4565E957CE30A26472FC 012DEBC2A4965A058D492ABC0E8D4B4EE6F27176 A4BFBEB5D75864813D6E144B00A8A070 E00AEBDD5122DB9F78711C8F34269CF3AAA3B822 D1A9EF17491E200A85B9468D4DD203C8 A9DCF23E119D8766416097A6FB209FEB5DB7AC99 DB31CE6B0C60FBB9D57CB7FAD0614C88 C580832C09951237842195CC90013EC9627FA993 D0140407DF3748A744473110FAD0F3C4 5E5908E22E95B78BC6C3678365DAEB25F6C009EF CB7CE2ABEBC8197A170685B8B9A736D5 5EC0B6DD8BE457B1EC376D6C2EA7B78033675D59 C1D9DC8138A302641E95E41C0DCE8D3C FFF5A48687E24BA167BFACBE342E6E41686A08B0 7902D289626A913E5E71AB63DAF3D11D ABC6544934B2C0512EBB2FB5010AC09D19D8D9C0 DCE1D7028BB36426F0712DC600228D68 DE5A313B3C40F56991B78C991A024F31654DEFEA 6E34BE14934ECAB828AB3D7DA8C8AB5B 0 0 
$woischi<~Controls.479~>170BD5D472E46B24394175027170D0ED08F66C3B D7FE4992CB39E7256A3C47B0B5872A68 24 C25C407CA6FD1A25983E5D4A8A79A432E8F9A886 12847E9899259CF9AFEC7C1D844BCB71 9B9D1D479490B7BE98C5729C57C6C7F022A553DE 459457D434B429118C5CDFB0AF0957BB C93883F072B0FC1D2A94A907C8A99FF30308DE13 C20713A02780FA5ED1064903251D9CB8 CFB1BBC09F4812A8DE2099B0C21CF763CF12767A 4DD2FE3B4AACF625D6095AE232B870CD 8FEC8BDC2EA977FD93D8924EF955C8C76D8122EA DE61B4CE33559FBEE4AD051414F5E253 2CDD761942E9A3BFBDB0FA0D908634F9C0FE6F28 A4A5E4D6EC25EB48D36D076DCDDB0081 359D9714567619B1A43912B9F0AC4330ACEFA2C7 4D012F81E6030B92F3650D753A71BA5C 6B112A596E72E5A17EAEBD0FF9D08A09E679BF6E 84B05D8B2C06394C2F4DE0176423EDFE 33154900E2360E4397DBB754444ACAF419F7071B BB5E063BDB2B233A6F5CAFCC1527C984 F491880087B188247B53FB1B453341B5E0D85949 2AF73588D185A6F23EC8289EAE9AB6DB 62E06620996CC6D968566FC1CDCB5059A5F9F539 16F1BA51A3C7A62BADB06DED3782E9CA 7A92050DF13A72BA443E0903E7AA6F0353962DC2 569C1120D473190776AB7A21B8F03020 34E0C87D674DBA5EFFB61F9C5A28D3E29B4F80CF 12322A4A44171B1B634C8C92C6F27EB0 AEACE0E266196AC5C13B8CA5AB18F9A5F9995E3C CEAD78E4E6475800F04F9967600E6CEE 80A70BDDABD8671B5BE1D6CA9E432E21E4727C35 A6B23AABB65A7B302F4C7231FB6BD239 13F0B3A1783D4B5F7A50068B27E3D40520A64E7E DA00E084E904EB33EB0BB15DDAFCC918 BAAA6D5FAB64799C345F0E11D700CA76CCD3FC83 8D3F467D655C354A10F89F11A3321035 E748DBA23832BF3B6B127B7A6FF238A7BF6C5B95 C91E416E73EB454E4933E42C2F1C7B06 3649F9FD4FA3F19043AFAD0CBBB5D5726096E4BF C615F469B2CB3CFEEB4B3B93A1FBC05C 622879C58E478239558BBA79C13E84E555A5F9CF 6C4113684EFCA7A111A84706B9A9DAAD 46CA8540560B69C29C518A87E1535DBFCFCB13B9 1527757472673F57071075CA6A5AD8EB 362FFC82C85C4E5C5B271712B89D89B5F6E91B1F 965FB773FA4A57E0EBFAB0AEA9966542 F83A13D522832A9A1CB6E1920F440C4CDFB9EF0A 7F6E548E6DF843439181485C877FB222 48F93D3330FA8CDE1364355CEBC302842A224D2C A249A9032A202502A71BF8BC81AE4571 24 760EA54426E629BDDEFA55BB6C46BF70A06E051C D2544DE1E01B3E48198B57D717479B0D 065BF1F248769EBDB4097C84CF34B0DB033366A5 ECD5073843EC6368B6998E6F9A0DABAC BF3AE4AE03A0C9965C939B71935427EAE1B1338E 1B25DA82FCDD605A138DE5994A97B896 9F6BA68D2912D904A1215F198E7B1BD2C750A4ED 561D462EE009B9CEAF748EF8A0E76D13 DA2662FF128387FF009049FF73E410E433220254 2D916C6A64243A9F57B632B4E70E728E 91E572C6EA8B5842531B95ADFD9046D087A7D84A C5C7179A5050743ACC7CA221109EB2F7 605D6E5A82923EB43CA7BB40A17EFFA57801B830 214682EFB3E8E07FA2ECB91CC703B0DE DF762B4FAA4A3871DE7E90B99A0D6ACF5E3B2461 A268EACD167657E56A436A33C1268AE4 7F1ADAB740E0C4CC323904AB1993A6327AC1F2EA D09007C9F442C0AB134513FA57D18B8E 5CD019D3282853773D8D3FE201C0E40ABC6EB3CB 5AEB7D116943F7138D9B3B1E58C2C847 CF67857024A115AE0D1BA856A52BF661CEBD98B9 5B12BA832844C994AE0C7DBC1A774B95 63C6455114F2B02861308F514A7138DB6421A0E6 DE0F6EA5B29420E359AA63FCD2028D92 80001EC956936495868F8E693A6E55A5EA45BE38 A4847DA9C4A0157DDD604D3F2587C2BC FFED0E90FBB2979EF8182D9C9022CE0B21E0FB80 24F7BE1A102DEB5A9A874928FE2131B8 D45220A9F74EF68A3AFFD1238A34C2AEF9D23B08 D28ED45F302B4565E957CE30A26472FC 012DEBC2A4965A058D492ABC0E8D4B4EE6F27176 A4BFBEB5D75864813D6E144B00A8A070 E00AEBDD5122DB9F78711C8F34269CF3AAA3B822 D1A9EF17491E200A85B9468D4DD203C8 A9DCF23E119D8766416097A6FB209FEB5DB7AC99 DB31CE6B0C60FBB9D57CB7FAD0614C88 C580832C09951237842195CC90013EC9627FA993 D0140407DF3748A744473110FAD0F3C4 5E5908E22E95B78BC6C3678365DAEB25F6C009EF CB7CE2ABEBC8197A170685B8B9A736D5 5EC0B6DD8BE457B1EC376D6C2EA7B78033675D59 C1D9DC8138A302641E95E41C0DCE8D3C FFF5A48687E24BA167BFACBE342E6E41686A08B0 7902D289626A913E5E71AB63DAF3D11D ABC6544934B2C0512EBB2FB5010AC09D19D8D9C0 DCE1D7028BB36426F0712DC600228D68 DE5A313B3C40F56991B78C991A024F31654DEFEA 6E34BE14934ECAB828AB3D7DA8C8AB5B 0 0 927996
<Adobim> now view 
<Adobim> yeah 
$Adobim<~Controls.464~>EAC7F1B88BAD81881DA5CC6B7704020983E00E1F 5F8431BAA37616E74BBB3D8188470F57 24 04EDE4A6818B1DD5565F912F20A45CFAA63B84B8 46230AAE63657ED9395D45A23A0B32A9 E26946A9A8BA38AF3A0722B07600F01578151AD8 24653D5187DAA8DDA8138D3CE18E3F4B C6A1E7FCAD15963AFD68A308BE9EF513F1B933E8 1376F164F21F60B7A17E37B54F7676B3 8C8AD58CFF15315A65501B8F852C6ED7A3344C9F D2CAF7FAF4FE8A0D097416F37202789E 7FDBC863F95D517ABF5DB8AAFDE133D13EFECE88 C99E71A603001E8D4BD78ED0313A3844 71EE2AB858D4ECF563A9C5DBBC827BD25B847A69 4ACE2F46AB71B46033C7EF847A4C878B 53B90C8FB39F2BAF758CE4DEE287AC3ECAC12526 1991BF26C26A3E891D4674DC9B7F0699 059ED568FF3E0DB25C4A3A3BD5AD1766EDDA9520 2ED92969DF3B50E14EC0F42FD141AC60 FDD9966182C4D632806A9E79248AC9B095CE2AF0 B959833F0B04733CA114C04D1E2F20F7 3210116336A5C663EEF67F647157E7E4BA6585FA 657AC775B95C9D9D65036A325F2071AB 9E25B937DD913FFD906C2B8FC4F761701D07593E E0BA5834F350F6968527D7F49D97342F 20CE651A319B32CA01AD44A1F5613A1C4AA34194 9B4A2506D61374A8E9DDAC72A21D4094 DF9B5DEDF14849A5DC2352B8D36C0328CE29843A CED81607402A0BB61CBFCD8BCF6422D1 229FB0D2CE738E91FFE50A0938226E69D8F85C63 BEE06014C7FB39382F8FF16A2D458B09 4A9AB9985DBB5511C57052F4089BC7A1504C910A 42F6B0C7ECFE0796DCC7F1F0C1E52E93 246C4D72C9C34D0F23391F55CA9FBE37685E96FE 82D678948FF44E95ED2052B623A7A1BB A08A69D1A80DDF55708913F1C184165ABD7E2A97 0241C233A6E69720DEBA1EBD51A36FA5 0BA77FD5CE80C18528B07475FE367F39EA918F17 DEDC789329DE3CE0C1CFAF42C0D68B33 A0EA0BEBCC884D44827F0EA68AF6DF35192D6EC0 57AE162A50841B9A610E7DAFB4466047 7A1132F9983AB4D0CEE201865C8B395E8815DB65 8DE06313002334B7AA032959D0B88980 B396C72F5B5B0764A96B541C2656E02D51CD6B2B 8EE7C2EE82B8532448368F3AF0CFDEFA 8FB946A7B6E8AC9A8184E94B83C12DB5D966D6C8 8F3E8E9775129F698DD8256536A20B11 605D448EA5219CC3AE445C9AC2C7A060606BA801 78469D7C0624C0E79734AE58631C081D 7A4DA24C87467A4781A589955A889F8370420D34 A5085A595D0BD6B7B1363DA067C6404D 24 A53DDA3233B196E9F2DBA82A51E5CD1FC6E27976 EAE129295A7A5B78F9B957B03ABDAE82 8E110FF17DDF1569D2F7B8CB6767F2240F230C50 D859876980763E14437B748FECF59472 6C4832780CEF944165F955ACD1A7931FEBF46251 3EAA4BB031A49F353DD6EFFAFB1D66F3 8929101119C2520ED1CF2A94C4184040443A8FF3 F2BA8A961B915EFAD3B09B8CE4ACB700 252B3A6B75DF887265F131BE43A0E1B7A51BF328 D1954C55F2B1FBB8D538D892FCFA5B03 256592F3A1E0635BB89DED0A958D590101E030CD 03979BCC5F07B037D557C86C7F7106C2 0407D223CFE0AEFE2349DDD5D551E345C6B1A1EE 83DD0E27379E25E15501FF07E9277AD9 7978744A856FBCF68ADE1FBBD18884C40AD9105A DEBF6CC8F05E3BF122BF30B38482741A 81A4FE35B1B9886CD4CCA2CE5CEDE1035B887D83 3A49799D50E0F1ABFA1F479C42A68AE4 E30875BA4063EDC33D82BCB9BE0E71A0DFF9DEA9 9902C161663146C874ECE9A5CCD549D1 B72FD44E9C3E95702211950812235D766A966E6E 5F8C70B6BECE9ADB21466C93DA0B585F 410053261C1BF1AC62A625185ABC9CD6500AAFD8 11CC4D67CF369EBFED144A08C46653FB 36280251847C263205AD53E0476C8E994E661C0D 5FB2EF70B8D1A157CB664454593904C9 426CB6CBE133AB5A1A4BA33B601A0654D4F14E29 63DD9D012B204B6A91A5F134EFD45E04 3D6082B4AC9DA74E67AD40C8322E7B0062DED7FE 2B9B1105A965B4541FC78073BB600F24 5492A1DFE50D4352890B796A91056BF6A71B73D6 7410E6D6EF41B17BC7DBBCCF62521B18 D19F267D95A6F0A16EC7B749AA89051B66991F29 B8871D80AFED3E92E89E50E2CF5BC9E3 4CB513B7E7B5EDB33135DEEE621591AC7A9C3026 6B2CFEB5830E6F08DCED1F4E47E2B953 D78A312AF968DAF85F5F9B8745C8C53BC171A1F9 80B6E87B1E569767134987A5BA5227ED 92E94CFB0398194AE7D7A3263CE66860923E9FEB 31CAEF62C4607FA680C3AF225AE7E63A 39134B3A9214295FD02D8098F33AAD76A5134D65 00101F81FB86E9ED330428AC71B237F5 AE52949613C8C294BE04CBA17853E86BD7333F6E F848CD3B82966A22463ED96E6F02F7E3 0D1C5F2756178A0E5D9DC956E9EA5ABE322AA078 38E3444482A64F4FFD4279964273AED4 22371908F99BDF51CEEB8682B7EB4E4ED9496395 B1D2C2D0037B90AE281209BCEA406130 0 0 53D92B
<woischi> y correct cards 2E4916
<Adobim> cool 2BE5FB
<Adobim> pass 0D3752
$woischi<~Scribe.141~>104 <~Scribe.142~><~Game.2043~><~Scribe.143~><~Game.2035~><~Scribe.144~> 7CABDA
$woischi<~Scribe.141~>263 <~Scribe.142~><~Game.2002~><~Scribe.143~><~Game.2003~><~Scribe.144~> B33228
$woischi<~Controls.644~>104 <~Controls.645~><~Game.2035~> C23F99
<Adobim> pass 8D5E84
$woischi<~HighlightLabel.81~>102<~HighlightLabel.82~><~Game.2043~><~HighlightLabel.83~><~Game.2035~> BC470C
$woischi<~Controls.509~>202<~Controls.510~><~Game.2006~><~Controls.511~><~Controls.46~> null
$woischi<~Controls.644~>102 <~Controls.645~><~Game.2035~> BFDEDB
<Adobim> pass 0EFB0C
$woischi<~HighlightLabel.81~>101<~HighlightLabel.82~><~Game.2043~><~HighlightLabel.83~><~Game.2035~> 09E312
$woischi<~CardBuffet.14~>reveal 209 3DC7F12FA1C057F92D709D5BEA7BCBC7E36D7FE1 9<~CardBuffet.15~><~Controls.46~><~CardBuffet.16~> C62D87
$woischi<~Controls.296~>237 <~Controls.297~><~Game.2046~> 3AE287
$woischi<~Controls.644~>101 209 <~Controls.645~><~Game.2035~> 4E5A15
$Adobim<~Scribe.141~>213 <~Scribe.142~><~Game.2042~><~Scribe.143~><~Game.2035~><~Scribe.144~> C5596F
$Adobim<~Controls.790~>248<~Controls.791~><~Game.2014~><~Controls.792~><~Game.2015~> 00291E
$Adobim<~Controls.795~>213<~Controls.796~><~Game.2035~><~Controls.797~><~Game.1997~> 763E76
$woischi<~HighlightLabel.81~>100<~HighlightLabel.82~><~Game.2043~><~HighlightLabel.83~><~Game.2035~> 266C8B
$woischi<~Scribe.141~>039 036 029 028 027 026 <~Scribe.142~><~Game.1979~><~Scribe.143~><~Game.533~><~Scribe.144~> 2CF488
$woischi<~Controls.644~>100 <~Controls.645~><~Game.2035~> A16378
$Adobim<~Scribe.141~>212 <~Scribe.142~><~Game.2042~><~Scribe.143~><~Game.2035~><~Scribe.144~> B6420D
$Adobim<~Controls.790~>248<~Controls.791~><~Game.2015~><~Controls.792~><~Game.2016~> 2341EA
$Adobim<~Controls.795~>212<~Controls.796~><~Game.2035~><~Controls.797~><~Game.1997~> E9C4AC
$woischi<~HighlightLabel.81~>103<~HighlightLabel.82~><~Game.2043~><~HighlightLabel.83~><~Game.2035~> 8D185E
$woischi<~Scribe.141~>039 036 029 028 027 026 <~Scribe.142~><~Game.533~><~Scribe.143~><~Game.1974~><~Scribe.144~> B60DB1
$woischi<~Controls.644~>103 <~Controls.645~><~Game.2035~> CB2633
$Adobim<~Scribe.141~>211 <~Scribe.142~><~Game.2042~><~Scribe.143~><~Game.2035~><~Scribe.144~> CBA9F5
$Adobim<~Controls.790~>248<~Controls.791~><~Game.2016~><~Controls.792~><~Game.2017~> 5551F7
$Adobim<~Controls.795~>211<~Controls.796~><~Game.2035~><~Controls.797~><~Game.1997~> CE3263
$woischi<~HighlightLabel.81~>105<~HighlightLabel.82~><~Game.2043~><~HighlightLabel.83~><~Game.2035~> F572FC
$woischi<~Scribe.141~>039 038 036 029 028 027 026 025 024 023 022 021 <~Scribe.142~><~Game.1974~><~Scribe.143~><~Game.1976~><~Scribe.144~> 209362
$woischi<~Controls.644~>105 <~Controls.645~><~Game.2035~> 60549D
$Adobim<~Scribe.141~>210 <~Scribe.142~><~Game.2042~><~Scribe.143~><~Game.2035~><~Scribe.144~> 32E44F
$Adobim<~Controls.790~>248<~Controls.791~><~Game.2017~><~Controls.792~><~Game.2018~> 3520FE
$Adobim<~Controls.795~>210<~Controls.796~><~Game.2035~><~Controls.797~><~Game.1997~> 2173E9
$woischi<~HighlightLabel.81~>099<~HighlightLabel.82~><~Game.2043~><~HighlightLabel.83~><~Game.2035~> A92FF7
$woischi<~Scribe.141~>254 <~Scribe.142~><~Game.2040~><~Scribe.143~><~Game.1919~><~Scribe.144~> 931460
$woischi<~Scribe.141~>362 <~Scribe.142~><~Game.2040~><~Scribe.143~><~Game.2037~><~Scribe.144~> 6137F4
$woischi<~Controls.644~>099 362 <~Controls.645~><~Game.2035~> 04693A
$Adobim<~Controls.509~>147<~Controls.510~><~Game.2005~><~Controls.511~><~Controls.45~> null
$woischi<~Controls.509~>204<~Controls.510~><~Game.2006~><~Controls.511~><~Controls.46~> null
$Adobim<~Controls.509~>141<~Controls.510~><~Game.2004~><~Controls.511~><~Controls.45~> null
$woischi<~Controls.509~>171<~Controls.510~><~Game.2007~><~Controls.511~><~Controls.46~> null
$Adobim<~Controls.726~>210 211 212 213 <~Controls.727~><~Game.1997~><~Controls.728~><~Game.2042~> 7BC02E
$Adobim<~Controls.762~>099 362 105 103 100 101 102 104 <~Controls.763~><~Game.2041~><~Controls.764~><~Game.2043~> B03391
<~Game.7~>2 null
<Adobim> ready EEC8B9
$woischi<~Controls.372~>099 76E130
$woischi<~Controls.345~>362 105 103 100 101 102 104 <~Controls.346~>10 13 13 13 12 14 15 null
$woischi<~Controls.350~>362 105 103 100 101 102 104 null
$Adobim<~Controls.345~>210 211 212 213 <~Controls.346~>4 3 1 4 null
$Adobim<~Scribe.141~>211 <~Scribe.142~><~Game.2042~><~Scribe.143~><~Game.2035~><~Scribe.144~> 3582CA
$Adobim<~Scribe.141~>256 <~Scribe.142~><~Game.2000~><~Scribe.143~><~Game.2001~><~Scribe.144~> DDC1BF
$Adobim<~Controls.644~>211 <~Controls.645~><~Game.2035~> 0229F1
$woischi<~HighlightLabel.81~>101<~HighlightLabel.82~><~Game.2043~><~HighlightLabel.83~><~Game.2035~> 2B04E0
$woischi<~Scribe.141~>039 038 036 029 028 027 026 025 024 023 022 021 <~Scribe.142~><~Game.1976~><~Scribe.143~><~Game.1972~><~Scribe.144~> 4CD3C7
$woischi<~Scribe.141~>040 035 015 014 013 012 011 <~Scribe.142~><~Game.1956~><~Scribe.143~><~Game.1953~><~Scribe.144~> 39E73A
$woischi<~Controls.644~>101 <~Controls.645~><~Game.2035~> 40E6DB
<Adobim> pass F972CA
$woischi<~HighlightLabel.81~>362<~HighlightLabel.82~><~Game.2043~><~HighlightLabel.83~><~Game.2035~> FC984D
$woischi<~Scribe.141~>262 <~Scribe.142~><~Game.2002~><~Scribe.143~><~Game.2003~><~Scribe.144~> 004BFB
$woischi<~Controls.644~>362 <~Controls.645~><~Game.2035~> B1D0BC
<Adobim> pass 29C9E2
$woischi<~HighlightLabel.81~>102<~HighlightLabel.82~><~Game.2043~><~HighlightLabel.83~><~Game.2035~> 2C2CE5
$woischi<~Controls.509~>208<~Controls.510~><~Game.2006~><~Controls.511~><~Controls.46~> null
$woischi<~Controls.644~>102 <~Controls.645~><~Game.2035~> C06FFF
$Adobim<~Scribe.141~>212 <~Scribe.142~><~Game.2042~><~Scribe.143~><~Game.2035~><~Scribe.144~> AAE82A
$Adobim<~Controls.790~>248<~Controls.791~><~Game.2018~><~Controls.792~><~Game.2019~> 19DDEB
$Adobim<~Controls.795~>212<~Controls.796~><~Game.2035~><~Controls.797~><~Game.1997~> E8703F
<game> woischi<~Controls.1~> 2 3 null
<woischi> safe 20B0AF
$woischi<~HighlightLabel.81~>103<~HighlightLabel.82~><~Game.2043~><~HighlightLabel.83~><~Game.2035~> 35DC30
$woischi<~Scribe.141~>103 <~Scribe.142~><~Game.2035~><~Scribe.143~><~Game.1975~><~Scribe.144~> 6F908B
$woischi<~Scribe.141~>103 <~Scribe.142~><~Game.1975~><~Scribe.143~><~Game.2035~><~Scribe.144~> 2B11E1
$woischi<~Scribe.141~>039 038 036 029 028 027 026 025 024 023 022 021 <~Scribe.142~><~Game.1972~><~Scribe.143~><~Game.1975~><~Scribe.144~> CF88F8
$woischi<~Controls.644~>103 <~Controls.645~><~Game.2035~> A1C355
$Adobim<~Scribe.141~>426 <~Scribe.142~><~Game.2042~><~Scribe.143~><~Game.2035~><~Scribe.144~> B4E333
$Adobim<~Scribe.141~>256 <~Scribe.142~><~Game.2001~><~Scribe.143~><~Game.2002~><~Scribe.144~> B3C3F9
$Adobim<~Controls.644~>426 <~Controls.645~><~Game.2035~> 779B13
$woischi<~HighlightLabel.81~>105<~HighlightLabel.82~><~Game.2043~><~HighlightLabel.83~><~Game.2035~> 2FC774
$woischi<~Scribe.141~>039 038 036 029 028 027 026 025 024 023 022 021 <~Scribe.142~><~Game.1975~><~Scribe.143~><~Game.1966~><~Scribe.144~> 25E46F
$woischi<~Controls.644~>105 <~Controls.645~><~Game.2035~> 2DAAD4
$Adobim<~Scribe.141~>213 <~Scribe.142~><~Game.2042~><~Scribe.143~><~Game.2035~><~Scribe.144~> F511BA
$Adobim<~Scribe.141~>256 <~Scribe.142~><~Game.2002~><~Scribe.143~><~Game.2003~><~Scribe.144~> F23841
$Adobim<~Controls.644~>213 <~Controls.645~><~Game.2035~> 67027B
$woischi<~HighlightLabel.81~>100<~HighlightLabel.82~><~Game.2043~><~HighlightLabel.83~><~Game.2035~> 4D3DAD
$woischi<~Scribe.141~>039 038 036 029 028 027 026 025 024 023 022 021 <~Scribe.142~><~Game.1966~><~Scribe.143~><~Game.1957~><~Scribe.144~> 2A91DB
$woischi<~Controls.644~>100 <~Controls.645~><~Game.2035~> 5CA775
$Adobim<~Scribe.141~>210 <~Scribe.142~><~Game.2042~><~Scribe.143~><~Game.2035~><~Scribe.144~> E361DE
$Adobim<~Scribe.141~>267 <~Scribe.142~><~Game.2038~><~Scribe.143~><~Game.1954~><~Scribe.144~> CACC1F
$Adobim<~Controls.644~>210 <~Controls.645~><~Game.2035~> 7DC14A
$woischi<~Controls.726~>212 <~Controls.727~><~Game.1997~><~Controls.728~><~Game.2042~> AF288C
$woischi<~Controls.731~>210 213 211 <~Controls.732~><~Game.2039~><~Controls.733~><~Game.2042~> 881B1F
$Adobim<~Controls.757~>104 099 <~Controls.758~><~Game.1997~><~Controls.759~><~Game.2043~> B390F2
<~Game.7~>3 null
$Adobim<~Controls.762~>100 105 103 102 362 101 <~Controls.763~><~Game.2041~><~Controls.764~><~Game.2043~> 11B28E
$woischi<~Controls.509~>200<~Controls.510~><~Game.2006~><~Controls.511~><~Controls.46~> null
$Adobim<~Controls.509~>140<~Controls.510~><~Game.2005~><~Controls.511~><~Controls.45~> null
$woischi<~Controls.509~>172<~Controls.510~><~Game.2007~><~Controls.511~><~Controls.46~> null
$Adobim<~Controls.509~>135<~Controls.510~><~Game.2004~><~Controls.511~><~Controls.45~> null
<Adobim> ok 3C9072
$woischi<~Controls.296~>172 <~Controls.297~><~Controls.46~> F0BD3F
$woischi<~Controls.372~>100 C3F48D
$woischi<~Controls.345~>105 103 102 362 101 104 099 <~Controls.346~>11 15 12 15 15 13 13 null
$woischi<~Controls.350~>105 103 102 362 101 104 099 null
$Adobim<~Controls.345~>210 213 211 212 <~Controls.346~>3 2 2 1 null
$Adobim<~Scribe.141~>210 <~Scribe.142~><~Game.2042~><~Scribe.143~><~Game.2035~><~Scribe.144~> F60591
$Adobim<~Scribe.141~>266 <~Scribe.142~><~Game.2038~><~Scribe.143~><~Game.1954~><~Scribe.144~> 46B7C2
$Adobim<~Controls.644~>210 <~Controls.645~><~Game.2035~> 87D348
$woischi<~HighlightLabel.81~>104<~HighlightLabel.82~><~Game.2043~><~HighlightLabel.83~><~Game.2035~> 110E32
<woischi> WR 1844F0
$Adobim<~Scribe.141~>098 266 267 094 088 <~Scribe.142~><~Game.1954~><~Scribe.143~><~Game.1991~><~Scribe.144~> 5BB8D6
$woischi<~Scribe.141~>039 038 036 029 028 027 026 025 024 023 022 021 <~Scribe.142~><~Game.1957~><~Scribe.143~><~Game.1954~><~Scribe.144~> EA651C
$woischi<~Controls.644~>104 <~Controls.645~><~Game.2035~> 581B5A
$Adobim<~Scribe.141~>211 <~Scribe.142~><~Game.2042~><~Scribe.143~><~Game.2035~><~Scribe.144~> FD9F4A
$Adobim<~Scribe.141~>reveal 135 32DD69E54B3B2846035A994B710298FB9F749D47 16 <~Scribe.142~><~Controls.45~><~Scribe.143~><~Game.2036~><~Scribe.144~> A9E6F6
$Adobim<~Scribe.141~>242 245 <~Scribe.142~><~Game.1998~><~Scribe.143~><~Game.1991~><~Scribe.144~> A7649D
$Adobim<~Controls.509~>115<~Controls.510~><~Game.2004~><~Controls.511~><~Controls.45~> null
$Adobim<~Controls.644~>211 135 <~Controls.645~><~Game.2035~> C8DA9A
$woischi<~HighlightLabel.81~>105<~HighlightLabel.82~><~Game.2043~><~HighlightLabel.83~><~Game.2035~> 25EB18
$woischi<~Scribe.141~>253 <~Scribe.142~><~Game.2040~><~Scribe.143~><~Game.1954~><~Scribe.144~> A13975
$woischi<~Scribe.141~>360 <~Scribe.142~><~Game.2040~><~Scribe.143~><~Game.2037~><~Scribe.144~> C56C20
$woischi<~Controls.323~>259 258 257 88DF48
$woischi<~Controls.323~>260 7A18E2
$woischi<~Controls.644~>105 360 <~Controls.645~><~Game.2035~> CBAB86
$Adobim<~Scribe.141~>212 <~Scribe.142~><~Game.2042~><~Scribe.143~><~Game.2035~><~Scribe.144~> 806894
$Adobim<~Controls.790~>248<~Controls.791~><~Game.2019~><~Controls.792~><~Game.2020~> 6357D2
$Adobim<~Controls.795~>212<~Controls.796~><~Game.2035~><~Controls.797~><~Game.1997~> CB66AE
<game> woischi<~Controls.1~> 2 1 6 4 null
$woischi<~Controls.624~>215<~Controls.625~><~Game.2044~><~Controls.626~><~Game.2037~> null
$Adobim<~Scribe.141~>247 <~Scribe.142~><~Game.1911~><~Scribe.143~><~Game.1930~><~Scribe.144~> 582567
$Adobim<~Controls.323~>247 39F5DE
$Adobim<~Scribe.141~>215 <~Scribe.142~><~Game.2037~><~Scribe.143~><~Game.2036~><~Scribe.144~> 3B1240
$woischi<~Controls.624~>225<~Controls.625~><~Game.2044~><~Controls.626~><~Game.2037~> null
$Adobim<~Scribe.141~>240 <~Scribe.142~><~Game.1999~><~Scribe.143~><~Game.2037~><~Scribe.144~> 417CE1
$Adobim<~Scribe.141~>241 <~Scribe.142~><~Game.1998~><~Scribe.143~><~Game.1999~><~Scribe.144~> E233D9
$Adobim<~Controls.644~>215 225 240 <~Controls.645~><~Game.2035~> BBB5B3
$woischi<~HighlightLabel.81~>102<~HighlightLabel.82~><~Game.2043~><~HighlightLabel.83~><~Game.2035~> 7BCBFA
$woischi<~Scribe.141~>040 035 015 014 013 012 011 <~Scribe.142~><~Game.1953~><~Scribe.143~><~Game.1927~><~Scribe.144~> DB20FF
$woischi<~Scribe.141~>008 007 <~Scribe.142~><~Game.1917~><~Scribe.143~><~Game.1927~><~Scribe.144~> AF6AB2
$woischi<~Controls.644~>102 <~Controls.645~><~Game.2035~> BC28A1
$Adobim<~Scribe.141~>213 <~Scribe.142~><~Game.2042~><~Scribe.143~><~Game.2035~><~Scribe.144~> 6817B5
$Adobim<~Scribe.141~>reveal 106 8A13BE5A1D15E5229257115DA52E4DDA6FB34E6B 18 <~Scribe.142~><~Controls.45~><~Scribe.143~><~Game.2036~><~Scribe.144~> 492679
$Adobim<~Scribe.141~>285 287 <~Scribe.142~><~Game.2038~><~Scribe.143~><~Game.1923~><~Scribe.144~> A7102A
$Adobim<~Controls.644~>213 106 <~Controls.645~><~Game.2035~> 9069E7
$woischi<~Controls.276~>099<~Controls.277~><~Game.2043~><~Controls.278~><~Game.2035~> 154956
<woischi> lorien 347BDB
$Adobim<~Scribe.141~>097 093 092 087 <~Scribe.142~><~Game.1928~><~Scribe.143~><~Game.1992~><~Scribe.144~> FE25EC
$woischi<~Scribe.141~>040 035 008 007 015 014 013 012 011 <~Scribe.142~><~Game.1927~><~Scribe.143~><~Game.1928~><~Scribe.144~> A8617F
$woischi<~Controls.644~>099 <~Controls.645~><~Game.2035~> 0FFD7E
$Adobim<~Controls.726~>212 <~Controls.727~><~Game.1997~><~Controls.728~><~Game.2042~> 87DA8D
$Adobim<~Controls.731~>213 211 210 <~Controls.732~><~Game.2039~><~Controls.733~><~Game.2042~> DBA0E3
$Adobim<~Controls.757~>103 362 101 100 <~Controls.758~><~Game.1997~><~Controls.759~><~Game.2043~> 2C82DB
<~Game.7~>4 null
$Adobim<~Controls.762~>099 102 105 360 104 <~Controls.763~><~Game.2041~><~Controls.764~><~Game.2043~> C39B9C
$Adobim<~Controls.509~>143<~Controls.510~><~Game.2005~><~Controls.511~><~Controls.45~> null
$woischi<~Controls.509~>201<~Controls.510~><~Game.2006~><~Controls.511~><~Controls.46~> null
$Adobim<~Controls.509~>123<~Controls.510~><~Game.2004~><~Controls.511~><~Controls.45~> null
$woischi<~Controls.509~>197<~Controls.510~><~Game.2007~><~Controls.511~><~Controls.46~> null
$Adobim<~Controls.296~>107 <~Controls.297~><~Controls.45~> 6E2DEC
$woischi<~Controls.296~>171 <~Controls.297~><~Controls.46~> D3605E
<Adobim> ok CF91EC
$woischi<~Controls.296~>202 <~Controls.297~><~Controls.46~> 8AF5B2
$woischi<~Controls.372~>099 77687F
$woischi<~Controls.345~>102 105 360 104 103 362 101 100 <~Controls.346~>14 10 13 11 11 12 13 13 null
$woischi<~Controls.350~>102 105 360 104 103 362 101 100 null
$Adobim<~Controls.345~>213 211 210 212 <~Controls.346~>2 3 1 3 null
$Adobim<~Scribe.141~>212 <~Scribe.142~><~Game.2042~><~Scribe.143~><~Game.2035~><~Scribe.144~> 8A75FD
$Adobim<~Controls.323~>247 251983
$Adobim<~Controls.644~>212 <~Controls.645~><~Game.2035~> 847BCB
$woischi<~Scribe.141~>102 <~Scribe.142~><~Game.2043~><~Scribe.143~><~Game.2035~><~Scribe.144~> 4DEF93
$woischi<~CardBuffet.14~>reveal 200 5FF1149BD5A7666B6C0B91C79B7DBA69249A4A9D 3<~CardBuffet.15~><~Controls.46~><~CardBuffet.16~> 339317
$woischi<~Controls.296~>236 <~Controls.297~><~Game.2046~> 4A1C14
$woischi<~Controls.644~>102 200 <~Controls.645~><~Game.2035~> 8101E4
$Adobim<~Scribe.141~>210 <~Scribe.142~><~Game.2042~><~Scribe.143~><~Game.2035~><~Scribe.144~> 7A4E13
$Adobim<~Controls.790~>248<~Controls.791~><~Game.2014~><~Controls.792~><~Game.2015~> 22B8DE
$Adobim<~Controls.795~>210<~Controls.796~><~Game.2035~><~Controls.797~><~Game.1997~> BEAAFB
<game> woischi<~Controls.1~> 3 null
<woischi> safe 2A3A71
$woischi<~HighlightLabel.81~>105<~HighlightLabel.82~><~Game.2043~><~HighlightLabel.83~><~Game.2035~> 9E31BE
$woischi<~Scribe.141~>320 <~Scribe.142~><~Game.2040~><~Scribe.143~><~Game.1956~><~Scribe.144~> B515BC
$woischi<~Scribe.141~>321 <~Scribe.142~><~Game.2040~><~Scribe.143~><~Game.1917~><~Scribe.144~> D9B599
$woischi<~Controls.644~>105 <~Controls.645~><~Game.2035~> DD045E
$Adobim<~Scribe.141~>211 <~Scribe.142~><~Game.2042~><~Scribe.143~><~Game.2035~><~Scribe.144~> 5CCB90
$Adobim<~Scribe.141~>249 <~Scribe.142~><~Game.2008~><~Scribe.143~><~Game.2011~><~Scribe.144~> BE76F0
$Adobim<~Controls.790~>248<~Controls.791~><~Game.2015~><~Controls.792~><~Game.2016~> CB1AE9
$Adobim<~Controls.795~>211<~Controls.796~><~Game.2035~><~Controls.797~><~Game.1997~> 6262E4
<game> woischi<~Controls.1~> 4 null
<woischi> safe 70170B
$woischi<~HighlightLabel.81~>362<~HighlightLabel.82~><~Game.2043~><~HighlightLabel.83~><~Game.2035~> 6ADD6E
$woischi<~CardBuffet.14~>reveal 197 E415EB1FCF985D82D57FDA52DFB111DFC2538947 20<~CardBuffet.15~><~Controls.46~><~CardBuffet.16~> EC23CB
$woischi<~Controls.304~>028 029 <~Controls.305~><~Game.1954~> A6B701
$woischi<~Controls.313~>335 336 <~Controls.309~><~Controls.314~><~Game.1954~> 4584B3
$woischi<~Controls.644~>362 197 <~Controls.645~><~Game.2035~> 8F5CAA
<Adobim> pass 5AB345
$woischi<~HighlightLabel.81~>360<~HighlightLabel.82~><~Game.2043~><~HighlightLabel.83~><~Game.2035~> 2F6F9A
$woischi<~CardBuffet.14~>reveal 201 20A39DB177852EEECBD7E2DC4FE86BE58C428A75 2<~CardBuffet.15~><~Controls.46~><~CardBuffet.16~> 55CB24
$woischi<~Scribe.141~>321 <~Scribe.142~><~Game.1917~><~Scribe.143~><~Game.1954~><~Scribe.144~> DCA139
$woischi<~Scribe.141~>040 <~Scribe.142~><~Game.1928~><~Scribe.143~><~Game.1954~><~Scribe.144~> B765E9
$woischi<~Scribe.141~>320 <~Scribe.142~><~Game.1956~><~Scribe.143~><~Game.1948~><~Scribe.144~> 937082
$woischi<~Scribe.141~>320 <~Scribe.142~><~Game.1948~><~Scribe.143~><~Game.1928~><~Scribe.144~> 1C96BF
$woischi<~Scribe.141~>037 <~Scribe.142~><~Game.1969~><~Scribe.143~><~Game.1928~><~Scribe.144~> C5B1D5
$woischi<~Scribe.141~>253 321 040 <~Scribe.142~><~Game.1954~><~Scribe.143~><~Game.1928~><~Scribe.144~> 145C42
<woischi> lorien D39916
$woischi<~Scribe.141~>201 <~Scribe.142~><~Game.2036~><~Scribe.143~><~Game.2034~><~Scribe.144~> E3DC23
<woischi> nc 1E21B6
<Adobim> nc 189251
<game> woischi<~Controls.1~> 6 1 5 2 3 null
<game> woischi<~Controls.1~> 4 6 6 2 null
<game> Adobim<~Controls.1~> 5 2 5 null
<game> Adobim<~Controls.1~> 1 null
<game> Adobim<~Controls.1~> 2 null
<Adobim> 2 98C08A
$Adobim<~Controls.296~>092 <~Controls.297~><~Game.1992~> 407222
$Adobim<~Controls.304~>093 <~Controls.305~><~Game.1992~> 6D05F9
$Adobim<~Controls.313~>269 <~Controls.307~><~Controls.314~><~Game.1992~> 9541AC
$woischi<~Controls.296~>011 008 <~Controls.297~><~Game.1928~> A90922
<woischi> press 52A8E5
$woischi<~Controls.304~>035 <~Controls.305~><~Game.1928~> D6FE00
$woischi<~Controls.313~>011 <~Controls.307~><~Controls.314~><~Game.1928~> BF4815
<woischi> nc 61DD64
$Adobim<~Scribe.141~>reveal 123 DFADFA9B4B10D059E5D95E277FBA832A82147EFC 6 <~Scribe.142~><~Controls.45~><~Scribe.143~><~Game.2037~><~Scribe.144~> 2376E3
<game> woischi<~Controls.1~> 6 2 6 2 6 null
<woischi> 3 FF1204
<Adobim> lol 86B82F
<game> Adobim<~Controls.1~> 3 4 null
<game> Adobim<~Controls.1~> 1 null
$Adobim<~Scribe.141~>097 269 087 <~Scribe.142~><~Game.1992~><~Scribe.143~><~Game.2037~><~Scribe.144~> BAD785
$woischi<~Scribe.141~>423 <~Scribe.142~><~Game.27~><~Scribe.143~><~Game.29~><~Scribe.144~> 77A378
$woischi<~Scribe.141~>201 <~Scribe.142~><~Game.2034~><~Scribe.143~><~Game.2036~><~Scribe.144~> DE018C
$woischi<~Controls.644~>360 201 123 097 269 087 <~Controls.645~><~Game.2035~> 240CCC
<Adobim> pass 0500BE
$woischi<~HighlightLabel.81~>104<~HighlightLabel.82~><~Game.2043~><~HighlightLabel.83~><~Game.2035~> C0C28D
$woischi<~Scribe.141~>261 <~Scribe.142~><~Game.2001~><~Scribe.143~><~Game.2002~><~Scribe.144~> 28AAA6
$woischi<~Controls.644~>104 <~Controls.645~><~Game.2035~> D73DD6
<Adobim> pass 3117D1
$woischi<~HighlightLabel.81~>101<~HighlightLabel.82~><~Game.2043~><~HighlightLabel.83~><~Game.2035~> 82F164
$woischi<~Scribe.141~>253 037 040 321 <~Scribe.142~><~Game.1928~><~Scribe.143~><~Game.1954~><~Scribe.144~> 97E45D
$woischi<~Scribe.141~>320 <~Scribe.142~><~Game.1928~><~Scribe.143~><~Game.1986~><~Scribe.144~> DCC1B8
$woischi<~Controls.644~>101 <~Controls.645~><~Game.2035~> 98E0D2
<Adobim> pass 49B81D
$woischi<~HighlightLabel.81~>103<~HighlightLabel.82~><~Game.2043~><~HighlightLabel.83~><~Game.2035~> 34129E
$woischi<~Scribe.141~>320 056 052 051 050 <~Scribe.142~><~Game.1986~><~Scribe.143~><~Game.1984~><~Scribe.144~> D49542
$woischi<~Scribe.141~>054 053 <~Scribe.142~><~Game.1987~><~Scribe.143~><~Game.1984~><~Scribe.144~> 34C81A
$woischi<~Controls.644~>103 <~Controls.645~><~Game.2035~> 7238FE
$Adobim<~Scribe.141~>213 <~Scribe.142~><~Game.2042~><~Scribe.143~><~Game.2035~><~Scribe.144~> 1E45AC
$Adobim<~Scribe.141~>reveal 143 474A1D7F945B1A61E40B7C612FE124F421295DAE 2 <~Scribe.142~><~Controls.45~><~Scribe.143~><~Game.2036~><~Scribe.144~> 10E8CB
$Adobim<~Scribe.141~>265 <~Scribe.142~><~Game.2038~><~Scribe.143~><~Game.1991~><~Scribe.144~> 428B16
$Adobim<~Controls.509~>124<~Controls.510~><~Game.2005~><~Controls.511~><~Controls.45~> null
$Adobim<~Controls.644~>213 143 <~Controls.645~><~Game.2035~> 5EFD60
$woischi<~HighlightLabel.81~>100<~HighlightLabel.82~><~Game.2043~><~HighlightLabel.83~><~Game.2035~> B92FE6
<woischi> iron hills 9A7CC3
<woischi> nc 3189FE
$Adobim<~Scribe.141~>reveal 140 0990526C673488FE4C991DF05C75E6706BB30D25 15 <~Scribe.142~><~Controls.45~><~Scribe.143~><~Game.2037~><~Scribe.144~> 0DACDD
$Adobim<~Scribe.141~>059 <~Scribe.142~><~Game.1973~><~Scribe.143~><~Game.1965~><~Scribe.144~> A37221
$woischi<~Scribe.141~>320 056 054 053 052 051 050 <~Scribe.142~><~Game.1984~><~Scribe.143~><~Game.1973~><~Scribe.144~> 1D22D0
$Adobim<~Scribe.141~>257 <~Scribe.142~><~Game.2000~><~Scribe.143~><~Game.2002~><~Scribe.144~> F535F4
$woischi<~Controls.644~>100 140 <~Controls.645~><~Game.2035~> ADB93E
$Adobim<~Controls.726~>211 210 <~Controls.727~><~Game.1997~><~Controls.728~><~Game.2042~> 432C2F
$Adobim<~Controls.731~>213 212 <~Controls.732~><~Game.2039~><~Controls.733~><~Game.2042~> 8CC63C
$Adobim<~Controls.757~>099 <~Controls.758~><~Game.1997~><~Controls.759~><~Game.2043~> 606AA5
<~Game.7~>5 null
$Adobim<~Controls.762~>100 103 101 104 360 362 105 102 <~Controls.763~><~Game.2041~><~Controls.764~><~Game.2043~> D39C89
$Adobim<~Controls.509~>138<~Controls.510~><~Game.2005~><~Controls.511~><~Controls.45~> null
$woischi<~Controls.509~>173<~Controls.510~><~Game.2006~><~Controls.511~><~Controls.46~> null
$woischi<~Controls.509~>178<~Controls.510~><~Game.2007~><~Controls.511~><~Controls.46~> null
$Adobim<~Controls.509~>133<~Controls.510~><~Game.2004~><~Controls.511~><~Controls.45~> null
$Adobim<~Scribe.141~>247 <~Scribe.142~><~Game.1930~><~Scribe.143~><~Game.1942~><~Scribe.144~> 03F66D
$Adobim<~Controls.323~>247 2CFB46
$Adobim<~Controls.323~>247 EF6BBF
<Adobim> ok F7EF41
$woischi<~Controls.372~>100 3CB533
$woischi<~Controls.372~>103 AE814E
$woischi<~Controls.345~>101 104 360 362 105 102 099 <~Controls.346~>12 11 11 15 13 11 13 null
$woischi<~Controls.350~>101 104 360 362 105 102 099 null
$Adobim<~Controls.345~>213 212 211 210 <~Controls.346~>3 4 0 3 null
<Adobim> pass 5D627C
$woischi<~HighlightLabel.81~>105<~HighlightLabel.82~><~Game.2043~><~HighlightLabel.83~><~Game.2035~> B223A2
$woischi<~Controls.819~> 10BFC0
$woischi<~HighlightLabel.81~>101<~HighlightLabel.82~><~Game.2043~><~HighlightLabel.83~><~Game.2035~> 93D7AA
<woischi> erebor A4C572
<Adobim> fight DD1AB9
<woischi> lol they are not at war 567321
<woischi> sorry 75A159
<Adobim> oh wow C259CC
<woischi> should i jsut dicard one muster? F0CCA9
<Adobim> yeah 4BAF43
$woischi<~Scribe.141~>360 <~Scribe.142~><~Game.2043~><~Scribe.143~><~Game.2037~><~Scribe.144~> 567BF9
$woischi<~Controls.281~>101 <~Controls.282~><~Game.2035~><~Controls.283~><~Game.2043~> 4CB2AC
$woischi<~Controls.644~>360 <~Controls.645~><~Game.2035~> 6EEB4F
$woischi<~Scribe.141~>101 <~Scribe.142~><~Game.2043~><~Scribe.143~><~Game.2035~><~Scribe.144~> 800C80
$woischi<~Controls.840~>192 92A449
$Adobim<~Controls.840~>147 731010
<auto> playchosen 266FB8
<auto><~Controls.3~>reveal 147 28BDC57AD64C770EB4A87ACA1608D0AA653F469B 22<~Controls.884~><~Controls.45~><~Controls.885~><~Game.2037~> 8E068A
<auto><~Controls.866~>reveal 192 BBFFBC7A732149B2245C8A54458EFF8B6EF2381B 9<~Controls.867~><~Controls.46~><~Controls.868~><~Game.2036~> 0A6373
<auto> playchosen 733315
<game> woischi<~Controls.1~> 3 2 1 4 2 null
<game> woischi<~Controls.1~> 6 null
<woischi> 1 030999
<game> Adobim<~Controls.1~> 5 3 1 3 null
<game> Adobim<~Controls.1~> 4 null
<Adobim> 1 12CBE3
$woischi<~Controls.296~>053 <~Controls.297~><~Game.1973~> 260C0E
$Adobim<~Controls.304~>061 <~Controls.305~><~Game.1965~> 700BE4
$Adobim<~Controls.313~>317 <~Controls.307~><~Controls.314~><~Game.1965~> BFCF6B
<woischi> press 694D28
$Adobim<~Controls.296~>147 <~Controls.297~><~Game.2037~> FA670B
$Adobim<~Controls.296~>192 <~Controls.297~><~Game.2036~> A8BBAB
<Adobim> fight 8B7639
<woischi> nc 6CEBA5
$Adobim<~Scribe.141~>reveal 124 B7BB1A58FCBA9BC687947A3393A3009743B1772F 7 <~Scribe.142~><~Controls.45~><~Scribe.143~><~Game.2036~><~Scribe.144~> 1D0FC0
<game> woischi<~Controls.1~> 2 6 2 6 1 null
<game> woischi<~Controls.1~> 5 null
<game> Adobim<~Controls.1~> 1 2 1 5 null
<game> Adobim<~Controls.1~> 2 null
<woischi> 3 EBA604
<Adobim> god damn it 053EAD
<Adobim> 1 B313B0
$Adobim<~Scribe.141~>312 317 <~Scribe.142~><~Game.1965~><~Scribe.143~><~Game.2037~><~Scribe.144~> BDA38A
$woischi<~Controls.304~>056 <~Controls.305~><~Game.1973~> DC7316
$woischi<~Controls.313~>053 <~Controls.307~><~Controls.314~><~Game.1973~> ED5523
<woischi> press 52A4B7
$Adobim<~Scribe.141~>062 059 060 <~Scribe.142~><~Game.1965~><~Scribe.143~><~Game.1988~><~Scribe.144~> F06AEC
$woischi<~Scribe.141~>320 053 054 052 051 050 <~Scribe.142~><~Game.1973~><~Scribe.143~><~Game.1965~><~Scribe.144~> 7DAEEB
$woischi<~Scribe.141~>419 <~Scribe.142~><~Game.2040~><~Scribe.143~><~Game.1973~><~Scribe.144~> B4B4ED
$woischi<~Controls.644~>101 124 312 317 <~Controls.645~><~Game.2035~> 6F850D
$woischi<~Scribe.141~>257 <~Scribe.142~><~Game.2002~><~Scribe.143~><~Game.2003~><~Scribe.144~> B8ECE7
$Adobim<~Scribe.141~>211 <~Scribe.142~><~Game.2042~><~Scribe.143~><~Game.2035~><~Scribe.144~> D9C68A
$Adobim<~Scribe.141~>240 <~Scribe.142~><~Game.2039~><~Scribe.143~><~Game.1921~><~Scribe.144~> 22CA90
$Adobim<~Scribe.141~>358 <~Scribe.142~><~Game.2038~><~Scribe.143~><~Game.2037~><~Scribe.144~> 4DF13C
$Adobim<~Controls.323~>240 AF9EFE
$Adobim<~Controls.644~>211 358 <~Controls.645~><~Game.2035~> EF4A76
$woischi<~HighlightLabel.81~>104<~HighlightLabel.82~><~Game.2043~><~HighlightLabel.83~><~Game.2035~> D6FB84
<woischi> erebor 7B460A
$woischi<~Controls.840~>178 741587
$Adobim<~Controls.840~>138 B1EDBF
<auto> playchosen 55E389
<auto><~Controls.3~>reveal 138 8B9C014CBF37BCF0694D286A480FCD2F0F9F8420 1<~Controls.884~><~Controls.45~><~Controls.885~><~Game.2037~> FE7C3B
<auto><~Controls.866~>reveal 178 C50D2E682AC787D7100C87A728F2C4F97C977475 23<~Controls.867~><~Controls.46~><~Controls.868~><~Game.2036~> F7496E
<auto> playchosen 8A6E8F
<game> woischi<~Controls.1~> 1 2 4 6 4 null
<game> woischi<~Controls.1~> 1 null
<game> Adobim<~Controls.1~> 4 5 null
<game> Adobim<~Controls.1~> 6 null
<Adobim> 3 D914DF
$woischi<~Scribe.141~>050 051 052 <~Scribe.142~><~Game.1965~><~Scribe.143~><~Game.2037~><~Scribe.144~> 996254
<woischi> 1+1 4C0CF9
$Adobim<~Controls.296~>060 <~Controls.297~><~Game.1988~> 805A70
$Adobim<~Scribe.141~>062 059 <~Scribe.142~><~Game.1988~><~Scribe.143~><~Game.2037~><~Scribe.144~> BD0E42
$woischi<~Controls.644~>104 178 138 062 050 051 052 059 <~Controls.645~><~Game.2035~> F8ECFD
$woischi<~Scribe.141~>423 <~Scribe.142~><~Game.29~><~Scribe.143~><~Game.31~><~Scribe.144~> 4D74C3
$Adobim<~Scribe.141~>210 <~Scribe.142~><~Game.2042~><~Scribe.143~><~Game.2035~><~Scribe.144~> 051228
$Adobim<~Scribe.141~>210 <~Scribe.142~><~Game.2042~><~Scribe.143~><~Game.2035~><~Scribe.144~> 12E885
$Adobim<~Scribe.141~>251 <~Scribe.142~><~Game.2010~><~Scribe.143~><~Game.2012~><~Scribe.144~> FE2F8D
$Adobim<~Controls.790~>248<~Controls.791~><~Game.2014~><~Controls.792~><~Game.2015~> BBCD2F
$Adobim<~Controls.795~>210<~Controls.796~><~Game.2035~><~Controls.797~><~Game.1997~> CE5CA3
<game> woischi<~Controls.1~> 1 4 3 null
<woischi> safe 0EB57E
$woischi<~HighlightLabel.81~>099<~HighlightLabel.82~><~Game.2043~><~HighlightLabel.83~><~Game.2035~> A1DEA5
$woischi<~CardBuffet.14~>reveal 204 65D3B84F334C2657B00543F03EE2D79E6C7A9379 20<~CardBuffet.15~><~Controls.46~><~CardBuffet.16~> F0A662
<woischi> on WR FF842D
<game> woischi<~Controls.1~> 5 4 1 6 1 null
<woischi> 2 123F4A
$Adobim<~Controls.304~>094 <~Controls.305~><~Game.1991~> 82CDA5
$Adobim<~Controls.313~>269 <~Controls.308~><~Controls.314~><~Game.1991~> 6E5224
$Adobim<~Controls.304~>267 <~Controls.305~><~Game.1991~> 06AD7A
$Adobim<~Controls.313~>087 <~Controls.308~><~Controls.314~><~Game.1991~> BACB76
$woischi<~Controls.644~>099 204 <~Controls.645~><~Game.2035~> 129FAE
$Adobim<~Scribe.141~>213 <~Scribe.142~><~Game.2042~><~Scribe.143~><~Game.2035~><~Scribe.144~> 51CCDF
$Adobim<~Scribe.141~>260 <~Scribe.142~><~Game.2001~><~Scribe.143~><~Game.2002~><~Scribe.144~> D145B8
$Adobim<~Controls.644~>213 <~Controls.645~><~Game.2035~> CCEC85
$woischi<~HighlightLabel.81~>105<~HighlightLabel.82~><~Game.2043~><~HighlightLabel.83~><~Game.2035~> F04109
<woischi> WR 02267F
$woischi<~Controls.840~>173 330C77
$Adobim<~Controls.840~>141 207974
<auto> playchosen CC8ADF
<auto><~Controls.3~>reveal 141 CD15533ADAA581F3834AC45E933F1B7CD5A01C53 22<~Controls.884~><~Controls.45~><~Controls.885~><~Game.2037~> 8448B1
<auto><~Controls.866~>reveal 173 0EF85DA08E5756A9927CE59DD8D9D8290F1CC19C 1<~Controls.867~><~Controls.46~><~Controls.868~><~Game.2036~> CF13DC
<auto> playchosen 833057
<Adobim> huh 5BA330
<Adobim> so it cancels my card yeah? FB7ECB
<woischi> y BDC49C
<game> woischi<~Controls.1~> 6 3 4 4 3 null
<game> woischi<~Controls.1~> 4 3 5 6 null
<game> Adobim<~Controls.1~> 1 6 3 5 4 null
<game> Adobim<~Controls.1~> 5 6 3 null
<Adobim> 4 BFB548
<woischi> no reroll DA8583
<woischi> so 2 AC1F1F
<Adobim> 2 25E200
$Adobim<~Controls.296~>266 <~Controls.297~><~Game.1991~> CA5222
$woischi<~Controls.296~>036 <~Controls.297~><~Game.1954~> A6B195
<woischi> press/draw E7B323
$Adobim<~Controls.296~>141 <~Controls.297~><~Game.2037~> 0590DA
$Adobim<~Controls.296~>173 <~Controls.297~><~Game.2036~> 697905
$woischi<~Controls.509~>174<~Controls.510~><~Game.2006~><~Controls.511~><~Controls.46~> null
$woischi<~Controls.304~>335 <~Controls.305~><~Game.1954~> 0A1B50
$woischi<~Controls.313~>008 <~Controls.307~><~Controls.314~><~Game.1954~> 63EFAF
$woischi<~Controls.840~>174 AFF1CF
$Adobim<~Controls.840~>133 3BD2E0
<auto> playchosen C66F24
<auto><~Controls.3~>reveal 133 363701BE79B16E88B1C20C696E24EFC5BC5FFD4F 14<~Controls.884~><~Controls.45~><~Controls.885~><~Game.2037~> D391E0
<auto><~Controls.866~>reveal 174 272FB7D1E5DA42B3CEAA50145D5A74DC13210F0A 19<~Controls.867~><~Controls.46~><~Controls.868~><~Game.2036~> 8EFA04
<auto> playchosen 407695
<woischi> ff1 B7A7F1
<game> woischi<~Controls.1~> 2 5 5 null
<game> woischi<~Controls.1~> 6 3 6 null
<game> Adobim<~Controls.1~> 3 4 2 2 4 null
<game> Adobim<~Controls.1~> 1 4 6 null
<Adobim> 1 5F5F57
<woischi> 2 946675
$Adobim<~Controls.296~>265 <~Controls.297~><~Game.1991~> 4B6A4F
$woischi<~Scribe.141~>026 <~Scribe.142~><~Game.1954~><~Scribe.143~><~Game.2037~><~Scribe.144~> F3918D
<woischi> stop B20C9A
$woischi<~Controls.644~>105 174 133 026 <~Controls.645~><~Game.2035~> 5B5E88
$Adobim<~Scribe.141~>212 <~Scribe.142~><~Game.2042~><~Scribe.143~><~Game.2035~><~Scribe.144~> 3AE955
$Adobim<~Scribe.141~>260 <~Scribe.142~><~Game.2002~><~Scribe.143~><~Game.2003~><~Scribe.144~> 516CEE
$Adobim<~Controls.644~>212 <~Controls.645~><~Game.2035~> 404C45
$woischi<~HighlightLabel.81~>102<~HighlightLabel.82~><~Game.2043~><~HighlightLabel.83~><~Game.2035~> 236D4C
<woischi> dale from WR C5098F
<woischi> nc F962B6
<Adobim> nc 2A7E62
<game> woischi<~Controls.1~> 2 1 2 2 2 null
<game> woischi<~Controls.1~> 3 6 2 5 6 null
<game> Adobim<~Controls.1~> 1 1 null
$Adobim<~Scribe.141~>068 066 <~Scribe.142~><~Game.1970~><~Scribe.143~><~Game.2037~><~Scribe.144~> 56BEF9
$woischi<~Scribe.141~>027 <~Scribe.142~><~Game.1954~><~Scribe.143~><~Game.1970~><~Scribe.144~> E6793F
$woischi<~Scribe.141~>423 <~Scribe.142~><~Game.31~><~Scribe.143~><~Game.32~><~Scribe.144~> E400BE
$woischi<~Controls.644~>102 068 066 <~Controls.645~><~Game.2035~> AD28A2
$Adobim<~Controls.726~>210 <~Controls.727~><~Game.1997~><~Controls.728~><~Game.2042~> 18C479
$Adobim<~Controls.731~>212 213 211 358 <~Controls.732~><~Game.2039~><~Controls.733~><~Game.2042~> 3DD338
$Adobim<~Controls.757~>362 103 100 <~Controls.758~><~Game.1997~><~Controls.759~><~Game.2043~> DE6D34
<~Game.7~>6 null
$Adobim<~Controls.762~>102 105 099 104 101 360 <~Controls.763~><~Game.2041~><~Controls.764~><~Game.2043~> F05280
$woischi<~Scribe.141~>258 <~Scribe.142~><~Game.2000~><~Scribe.143~><~Game.2002~><~Scribe.144~> 0F6B98
$Adobim<~Controls.509~>113<~Controls.510~><~Game.2005~><~Controls.511~><~Controls.45~> null
$Adobim<~Controls.509~>139<~Controls.510~><~Game.2004~><~Controls.511~><~Controls.45~> null
$woischi<~Scribe.141~>261 <~Scribe.142~><~Game.2002~><~Scribe.143~><~Game.2003~><~Scribe.144~> DEA207
$woischi<~Controls.509~>181<~Controls.510~><~Game.2006~><~Controls.511~><~Controls.46~> null
$woischi<~Controls.509~>170<~Controls.510~><~Game.2007~><~Controls.511~><~Controls.46~> null
$Adobim<~Scribe.141~>247 <~Scribe.142~><~Game.1942~><~Scribe.143~><~Game.1943~><~Scribe.144~> 9FBF91
$Adobim<~Controls.323~>247 57240C
$Adobim<~Controls.323~>247 F1711E
<Adobim> ok 66BFBE
$woischi<~Controls.372~>102 4AAF2A
$woischi<~Controls.372~>105 7458E5
$woischi<~Controls.345~>099 104 101 360 362 103 100 <~Controls.346~>13 11 15 14 15 14 13 null
$woischi<~Controls.350~>099 104 101 360 362 103 100 null
$Adobim<~Controls.345~>212 213 211 358 210 <~Controls.346~>1 1 3 4 0 null
$Adobim<~Scribe.141~>213 <~Scribe.142~><~Game.2042~><~Scribe.143~><~Game.2035~><~Scribe.144~> 0CC903
$Adobim<~Controls.790~>248<~Controls.791~><~Game.2014~><~Controls.792~><~Game.2015~> 79F8B5
$Adobim<~Controls.795~>213<~Controls.796~><~Game.2035~><~Controls.797~><~Game.1997~> 72C8F0
<game> woischi<~Controls.1~> 6 2 5 3 null
$woischi<~Controls.624~>216<~Controls.625~><~Game.2044~><~Controls.626~><~Game.2037~> null
$Adobim<~Scribe.141~>247 <~Scribe.142~><~Game.1943~><~Scribe.143~><~Game.1964~><~Scribe.144~> 19DFA5
$Adobim<~Scribe.141~>252 <~Scribe.142~><~Game.2014~><~Scribe.143~><~Game.2015~><~Scribe.144~> 085D18
$Adobim<~Controls.323~>247 008DC1
$Adobim<~Controls.644~>216 <~Controls.645~><~Game.2035~> 1A6710
$woischi<~HighlightLabel.81~>104<~HighlightLabel.82~><~Game.2043~><~HighlightLabel.83~><~Game.2035~> 564F82
<woischi> WR FCE98B
$woischi<~Controls.840~>181 0EBE5D
$Adobim<~Controls.840~>113 6B80F9
<auto> playchosen 5063F5
<auto><~Controls.3~>reveal 113 E8302D95A5F60D4A51FF2CE3A4A66680C27E9F6E 11<~Controls.884~><~Controls.45~><~Controls.885~><~Game.2037~> 4A5102
<auto><~Controls.866~>reveal 181 A384F795769963EFFB7AF77BAF33B7A3446270CE 6<~Controls.867~><~Controls.46~><~Controls.868~><~Game.2036~> 1678A1
<auto> playchosen CA755F
<woischi> no legolas for you F39382
<game> woischi<~Controls.1~> 4 6 5 2 4 null
<game> woischi<~Controls.1~> 5 3 1 2 null
<game> Adobim<~Controls.1~> 6 3 5 null
<game> Adobim<~Controls.1~> 4 null
<Adobim> 2 9B6B37
$Adobim<~Controls.296~>088 <~Controls.297~><~Game.1991~> 596C96
$woischi<~Scribe.141~>023 024 <~Scribe.142~><~Game.1954~><~Scribe.143~><~Game.2037~><~Scribe.144~> F53B29
<woischi> press / draw 354A78
$woischi<~Controls.509~>194<~Controls.510~><~Game.2006~><~Controls.511~><~Controls.46~> null
$woischi<~Controls.296~>113 023 024 <~Controls.297~><~Game.2037~> 3EC026
$woischi<~Controls.296~>181 <~Controls.297~><~Game.2036~> E3E562
<Adobim> downgrade plz 97AFD9
$woischi<~Controls.304~>336 <~Controls.305~><~Game.1954~> AC5700
$woischi<~Controls.313~>023 <~Controls.307~><~Controls.314~><~Game.1954~> 5CB038
$woischi<~Controls.840~>194 86BC58
$Adobim<~Controls.840~>139 81FAF6
<auto> playchosen EA9CEC
<auto><~Controls.3~>reveal 139 95BF3D14B45CF98E2357716263A6E60BBF968F57 1<~Controls.884~><~Controls.45~><~Controls.885~><~Game.2037~> 3A7A6D
<auto><~Controls.866~>reveal 194 05F1503E09BE22E70CA1C53383DD395B71803868 15<~Controls.867~><~Controls.46~><~Controls.868~><~Game.2036~> EC462B
<auto> playchosen 5929D6
<game> woischi<~Controls.1~> 4 3 6 1 6 null
<game> Adobim<~Controls.1~> 1 5 3 null
<game> Adobim<~Controls.1~> 4 null
$Adobim<~Scribe.141~>242 245 098 087 269 <~Scribe.142~><~Game.1991~><~Scribe.143~><~Game.2037~><~Scribe.144~> 06FB8F
$woischi<~Controls.296~>022 <~Controls.297~><~Game.1954~> 6A833C
$woischi<~Controls.644~>104 194 139 242 245 098 087 269 <~Controls.645~><~Game.2035~> E268EF
$woischi<~Scribe.141~>423 <~Scribe.142~><~Game.32~><~Scribe.143~><~Game.388~><~Scribe.144~> 61CE1F
$Adobim<~Scribe.141~>211 <~Scribe.142~><~Game.2042~><~Scribe.143~><~Game.2035~><~Scribe.144~> CB3B10
$Adobim<~Controls.323~>247 A4E28B
$Adobim<~Controls.644~>211 <~Controls.645~><~Game.2035~> 66905F
$woischi<~HighlightLabel.81~>099<~HighlightLabel.82~><~Game.2043~><~HighlightLabel.83~><~Game.2035~> FDD260
$woischi<~Scribe.141~>038 <~Scribe.142~><~Game.1954~><~Scribe.143~><~Game.1964~><~Scribe.144~> 950FDA
$woischi<~Scribe.141~>320 <~Scribe.142~><~Game.1965~><~Scribe.143~><~Game.1919~><~Scribe.144~> 14D602
$woischi<~Scribe.141~>037 <~Scribe.142~><~Game.1954~><~Scribe.143~><~Game.1928~><~Scribe.144~> 68EEF3
$woischi<~Scribe.141~>253 <~Scribe.142~><~Game.1954~><~Scribe.143~><~Game.1919~><~Scribe.144~> C2AB2A
$woischi<~Scribe.141~>037 <~Scribe.142~><~Game.1928~><~Scribe.143~><~Game.1946~><~Scribe.144~> ECFB43
$woischi<~Scribe.141~>040 321 <~Scribe.142~><~Game.1954~><~Scribe.143~><~Game.1919~><~Scribe.144~> B95E4C
$woischi<~Scribe.141~>039 <~Scribe.142~><~Game.1954~><~Scribe.143~><~Game.1969~><~Scribe.144~> E82DD0
$woischi<~Controls.644~>099 <~Controls.645~><~Game.2035~> 9E9D4C
$Adobim<~Scribe.141~>358 <~Scribe.142~><~Game.2042~><~Scribe.143~><~Game.2035~><~Scribe.144~> CB1704
$Adobim<~Controls.819~> 914D8C
$Adobim<~Scribe.141~>212 <~Scribe.142~><~Game.2042~><~Scribe.143~><~Game.2035~><~Scribe.144~> CA2CFB
$Adobim<~Controls.819~> DB5818
$Adobim<~Scribe.141~>358 <~Scribe.142~><~Game.2042~><~Scribe.143~><~Game.2035~><~Scribe.144~> D577AA
$Adobim<~Scribe.141~>273 <~Scribe.142~><~Game.2038~><~Scribe.143~><~Game.1920~><~Scribe.144~> 1742D6
$Adobim<~Controls.644~>358 <~Controls.645~><~Game.2035~> 107D90
$woischi<~HighlightLabel.81~>103<~HighlightLabel.82~><~Game.2043~><~HighlightLabel.83~><~Game.2035~> 60C3E3
$woischi<~Controls.509~>203<~Controls.510~><~Game.2006~><~Controls.511~><~Controls.46~> null
$woischi<~Controls.644~>103 <~Controls.645~><~Game.2035~> 21E0BA
$Adobim<~Scribe.141~>212 <~Scribe.142~><~Game.2042~><~Scribe.143~><~Game.2035~><~Scribe.144~> 6904C7
$Adobim<~Controls.790~>248<~Controls.791~><~Game.2014~><~Controls.792~><~Game.2015~> 6E288B
$Adobim<~Controls.795~>212<~Controls.796~><~Game.2035~><~Controls.797~><~Game.1997~> 4C2425
<game> woischi<~Controls.1~> 6 2 6 3 null
$woischi<~Controls.624~>217<~Controls.625~><~Game.2044~><~Controls.626~><~Game.2037~> null
$Adobim<~Scribe.141~>252 <~Scribe.142~><~Game.2015~><~Scribe.143~><~Game.2016~><~Scribe.144~> 65517E
$Adobim<~Scribe.141~>247 <~Scribe.142~><~Game.1964~><~Scribe.143~><~Game.1969~><~Scribe.144~> 0CB185
$Adobim<~Controls.323~>247 82052E
$Adobim<~Scribe.141~>217 <~Scribe.142~><~Game.2037~><~Scribe.143~><~Game.2036~><~Scribe.144~> 0658A2
$woischi<~Controls.624~>229<~Controls.625~><~Game.2044~><~Controls.626~><~Game.2037~> null
<Adobim> random E2C52F
$woischi<~Controls.637~>241<~Controls.638~><~Game.1999~><~Controls.639~><~Game.2037~> null
$Adobim<~Controls.644~>217 229 241 <~Controls.645~><~Game.2035~> F3ED66
$Adobim<~Scribe.141~>243 <~Scribe.142~><~Game.1998~><~Scribe.143~><~Game.1999~><~Scribe.144~> 845138
$woischi<~HighlightLabel.81~>360<~HighlightLabel.82~><~Game.2043~><~HighlightLabel.83~><~Game.2035~> FBBB58
$woischi<~CardBuffet.14~>reveal 203 7C16A70C1AC5D95A970DD24093DED6CB7FAB100F 11<~CardBuffet.15~><~Controls.46~><~CardBuffet.16~> 24FB83
$woischi<~Controls.296~>238 <~Controls.297~><~Game.2046~> AA4E5B
$woischi<~Controls.644~>360 203 <~Controls.645~><~Game.2035~> 105418
$Adobim<~Scribe.141~>210 <~Scribe.142~><~Game.2042~><~Scribe.143~><~Game.2035~><~Scribe.144~> 2DB7FD
$Adobim<~Controls.323~>247 48B289
$Adobim<~Controls.644~>210 <~Controls.645~><~Game.2035~> 1F5DE9
$woischi<~Scribe.141~>100 <~Scribe.142~><~Game.2043~><~Scribe.143~><~Game.2035~><~Scribe.144~> 2CED0A
$woischi<~Scribe.141~>251 <~Scribe.142~><~Game.2012~><~Scribe.143~><~Game.2037~><~Scribe.144~> 74A0D1
$woischi<~Controls.304~>003 002 <~Controls.305~><~Game.1919~> 8A3981
$woischi<~Controls.313~>325 326 <~Controls.309~><~Controls.314~><~Game.1919~> 835CC3
$woischi<~Controls.644~>100 251 <~Controls.645~><~Game.2035~> 74446C
$Adobim<~Controls.726~>212 213 <~Controls.727~><~Game.1997~><~Controls.728~><~Game.2042~> FBA279
$Adobim<~Controls.731~>210 358 211 <~Controls.732~><~Game.2039~><~Controls.733~><~Game.2042~> 100623
$Adobim<~Controls.757~>101 362 105 102 <~Controls.758~><~Game.1997~><~Controls.759~><~Game.2043~> 8DAE83
<~Game.7~>7 null
$Adobim<~Controls.762~>100 360 103 099 104 <~Controls.763~><~Game.2041~><~Controls.764~><~Game.2043~> CA1395
$Adobim<~Controls.509~>122<~Controls.510~><~Game.2005~><~Controls.511~><~Controls.45~> null
$woischi<~Controls.509~>193<~Controls.510~><~Game.2006~><~Controls.511~><~Controls.46~> null
$Adobim<~Controls.509~>157<~Controls.510~><~Game.2004~><~Controls.511~><~Controls.45~> null
$woischi<~Controls.509~>206<~Controls.510~><~Game.2007~><~Controls.511~><~Controls.46~> null
$Adobim<~Scribe.141~>247 <~Scribe.142~><~Game.1969~><~Scribe.143~><~Game.524~><~Scribe.144~> EE4789
$woischi<~Controls.372~>100 120F90
<Adobim> ok B9E5B3
$woischi<~Controls.281~>238 237 236 <~Controls.282~><~Game.2045~><~Controls.283~><~Game.2044~> FE33DD
$woischi<~Controls.372~>360 55541A
$woischi<~Controls.345~>103 099 104 101 362 105 102 <~Controls.346~>13 10 11 14 14 14 14 null
$woischi<~Controls.350~>103 099 104 101 362 105 102 null
$Adobim<~Controls.345~>210 358 211 212 213 <~Controls.346~>1 1 0 0 2 null
$Adobim<~Scribe.141~>212 <~Scribe.142~><~Game.2042~><~Scribe.143~><~Game.2035~><~Scribe.144~> FC3950
$Adobim<~Controls.790~>247<~Controls.791~><~Game.524~><~Controls.792~><~Game.525~> EAF2AB
$Adobim<~Controls.795~>212<~Controls.796~><~Game.2035~><~Controls.797~><~Game.1997~> B8B00D
$woischi<~Controls.624~>223<~Controls.625~><~Game.2044~><~Controls.626~><~Game.2037~> null
$Adobim<~Scribe.141~>243 <~Scribe.142~><~Game.1999~><~Scribe.143~><~Game.2037~><~Scribe.144~> E70745
$Adobim<~Scribe.141~>244 <~Scribe.142~><~Game.1998~><~Scribe.143~><~Game.1999~><~Scribe.144~> 49D43A
$Adobim<~Controls.644~>223 243 <~Controls.645~><~Game.2035~> 8D9171
$woischi<~HighlightLabel.81~>101<~HighlightLabel.82~><~Game.2043~><~HighlightLabel.83~><~Game.2035~> E10761
$woischi<~CardBuffet.14~>reveal 193 D278417041E025B96D465B09D10BDE9C622ADA15 22<~CardBuffet.15~><~Controls.46~><~CardBuffet.16~> 58C094
<game> woischi<~Controls.1~> 1 4 5 null
<woischi> 2 F089FC
$Adobim<~Scribe.141~>252 <~Scribe.142~><~Game.2016~><~Scribe.143~><~Game.2018~><~Scribe.144~> C0318A
$woischi<~Controls.644~>101 193 <~Controls.645~><~Game.2035~> 12E7BC
$Adobim<~Scribe.141~>213 <~Scribe.142~><~Game.2042~><~Scribe.143~><~Game.2035~><~Scribe.144~> 10B2E8
$Adobim<~Scribe.141~>reveal 157 EB0C11277AA9438D6C4D0FF87C9F94EC4FA6CF5B 18 <~Scribe.142~><~Controls.45~><~Scribe.143~><~Game.2036~><~Scribe.144~> EFB13F
$Adobim<~Scribe.141~>reveal 157 EB0C11277AA9438D6C4D0FF87C9F94EC4FA6CF5B 18 <~Scribe.142~><~Controls.45~><~Scribe.143~><~Game.2036~><~Scribe.144~> 857CCB
$Adobim<~Scribe.141~>reveal 157 EB0C11277AA9438D6C4D0FF87C9F94EC4FA6CF5B 18 <~Scribe.142~><~Controls.45~><~Scribe.143~><~Game.2036~><~Scribe.144~> F76A77
$Adobim<~Controls.281~>234 <~Controls.282~><~Game.2046~><~Controls.283~><~Game.2044~> D05260
$Adobim<~Controls.644~>213 157 <~Controls.645~><~Game.2035~> 0E1D29
$woischi<~HighlightLabel.81~>362<~HighlightLabel.82~><~Game.2043~><~HighlightLabel.83~><~Game.2035~> 94FF18
$woischi<~Controls.509~>166<~Controls.510~><~Game.2006~><~Controls.511~><~Controls.46~> null
$woischi<~Controls.644~>362 <~Controls.645~><~Game.2035~> 1DEDAA
$Adobim<~Scribe.141~>210 <~Scribe.142~><~Game.2042~><~Scribe.143~><~Game.2035~><~Scribe.144~> 65ADFB
$Adobim<~Controls.790~>247<~Controls.791~><~Game.525~><~Controls.792~><~Game.528~> 7BF499
$Adobim<~Controls.795~>210<~Controls.796~><~Game.2035~><~Controls.797~><~Game.1997~> 791682
$woischi<~Controls.624~>222<~Controls.625~><~Game.2044~><~Controls.626~><~Game.2037~> null
$Adobim<~Scribe.141~>244 <~Scribe.142~><~Game.1999~><~Scribe.143~><~Game.2037~><~Scribe.144~> 2995D3
<woischi> 3 A09854
$Adobim<~Scribe.141~>246 <~Scribe.142~><~Game.1998~><~Scribe.143~><~Game.2037~><~Scribe.144~> A51307
$Adobim<~Scribe.141~>364 <~Scribe.142~><~Game.2038~><~Scribe.143~><~Game.1999~><~Scribe.144~> 24CE95
$Adobim<~Controls.323~>247 8C544C
$Adobim<~Controls.644~>222 244 246 <~Controls.645~><~Game.2035~> 678FE5
$woischi<~HighlightLabel.81~>099<~HighlightLabel.82~><~Game.2043~><~HighlightLabel.83~><~Game.2035~> 3A2F4D
$woischi<~Controls.304~>005 004 <~Controls.305~><~Game.1919~> B8F720
$woischi<~Controls.313~>323 324 <~Controls.309~><~Controls.314~><~Game.1919~> B09182
$woischi<~Controls.644~>099 <~Controls.645~><~Game.2035~> ADDECD
$Adobim<~Scribe.141~>211 <~Scribe.142~><~Game.2042~><~Scribe.143~><~Game.2035~><~Scribe.144~> 81B10E
$Adobim<~Controls.323~>247 D2D873
$Adobim<~Controls.644~>211 <~Controls.645~><~Game.2035~> A9CE6F
$woischi<~HighlightLabel.81~>103<~HighlightLabel.82~><~Game.2043~><~HighlightLabel.83~><~Game.2035~> 1FE3D1
<woischi> fords of isen 15B47D
$woischi<~Controls.840~>206 5358B9
<Adobim> tenc 0C4C88
<Adobim> nc 8FE2B2
$woischi deselects B815A3
<woischi> sorry this card is not playbe 2099F5
<woischi> may i choose another or nc? 591900
<Adobim> ok choose another 18AEC5
$woischi<~Controls.840~>208 C59DC1
<Adobim> nc 317CA2
<auto><~Controls.866~>reveal 208 6120C7F6FF8B1C55443564067F2146248408120E 21<~Controls.867~><~Controls.46~><~Controls.868~><~Game.2036~> A96625
<woischi> ff2 22B06C
<game> woischi<~Controls.1~> 3 2 6 4 2 null
<game> woischi<~Controls.1~> 6 5 2 5 null
<game> Adobim<~Controls.1~> 2 4 null
<game> Adobim<~Controls.1~> 1 null
$Adobim<~Scribe.141~>074 070 069 <~Scribe.142~><~Game.1918~><~Scribe.143~><~Game.2037~><~Scribe.144~> 1D8821
$woischi<~Scribe.141~>253 040 321 320 323 324 325 326 006 <~Scribe.142~><~Game.1919~><~Scribe.143~><~Game.1918~><~Scribe.144~> 5656F5
$woischi<~Controls.509~>191<~Controls.510~><~Game.2006~><~Controls.511~><~Controls.46~> null
$woischi<~Controls.644~>103 208 074 070 069 <~Controls.645~><~Game.2035~> 2B1328
$Adobim<~Scribe.141~>358 <~Scribe.142~><~Game.2042~><~Scribe.143~><~Game.2035~><~Scribe.144~> 9CD781
$Adobim<~Controls.790~>247<~Controls.791~><~Game.528~><~Controls.792~><~Game.529~> 6108C7
$Adobim<~Controls.795~>358<~Controls.796~><~Game.2035~><~Controls.797~><~Game.1997~> 05C494
$woischi<~Scribe.141~>259 <~Scribe.142~><~Game.2000~><~Scribe.143~><~Game.2001~><~Scribe.144~> 7A2E14
$woischi<~Controls.624~>237<~Controls.625~><~Game.2044~><~Controls.626~><~Game.2037~> null
$woischi<~Scribe.141~>247 <~Scribe.142~><~Game.529~><~Scribe.143~><~Game.528~><~Scribe.144~> 782800
<game> woischi<~Controls.1~> 3 null
$Adobim<~Scribe.141~>252 <~Scribe.142~><~Game.2018~><~Scribe.143~><~Game.2021~><~Scribe.144~> 7C1044
$Adobim<~Controls.644~>237 <~Controls.645~><~Game.2035~> 70F816
$woischi<~Controls.644~>237 <~Controls.645~><~Game.2035~> A75E9B
$woischi<~HighlightLabel.81~>104<~HighlightLabel.82~><~Game.2043~><~HighlightLabel.83~><~Game.2035~> 40C963
<woischi> hd 568433
$woischi<~Scribe.141~>259 <~Scribe.142~><~Game.2001~><~Scribe.143~><~Game.2002~><~Scribe.144~> 64B40F
$Adobim<~Scribe.141~>285 287 071 <~Scribe.142~><~Game.1923~><~Scribe.143~><~Game.1993~><~Scribe.144~> 8F0A8E
$woischi<~Scribe.141~>253 040 321 320 323 324 325 326 006 <~Scribe.142~><~Game.1918~><~Scribe.143~><~Game.1923~><~Scribe.144~> C9033C
$woischi<~Controls.644~>104 <~Controls.645~><~Game.2035~> 03D994
$woischi<~Scribe.141~>105 <~Scribe.142~><~Game.2043~><~Scribe.143~><~Game.2035~><~Scribe.144~> 7E57A8
$woischi<~Scribe.141~>249 <~Scribe.142~><~Game.2011~><~Scribe.143~><~Game.2037~><~Scribe.144~> 70C03B
$woischi changes 105  to C 66BADB
$woischi<~Controls.296~>249 <~Controls.297~><~Game.2037~> CE8248
<woischi> hd 44413F
$woischi<~Controls.840~>170 4E511B
$Adobim<~Controls.840~>122 EB08FE
<auto> playchosen 4971FE
<auto><~Controls.3~>reveal 122 A1B8E94DA13D24037B1612A515200ECA5F59C213 17<~Controls.884~><~Controls.45~><~Controls.885~><~Game.2037~> 5F1243
<auto><~Controls.866~>reveal 170 0A5CC0853F2125CAEF9F722D4A3A66C596376D05 19<~Controls.867~><~Controls.46~><~Controls.868~><~Game.2036~> 1DD08A
<auto> playchosen A2F7F0
<game> woischi<~Controls.1~> 5 3 2 2 5 null
<game> woischi<~Controls.1~> 6 2 1 null
<game> Adobim<~Controls.1~> 5 6 null
<woischi> 3-1 B35381
<Adobim> 2 3D9A2B
$Adobim<~Controls.296~>287 <~Controls.297~><~Game.1993~> 62B65B
$woischi<~Controls.304~>326 006 <~Controls.305~><~Game.1923~> B04BEF
$woischi<~Controls.313~>004 005 <~Controls.307~><~Controls.314~><~Game.1923~> 20430A
<woischi> press draw E8C132
$woischi<~Controls.304~>323 <~Controls.305~><~Game.1923~> 6F296E
$woischi<~Controls.313~>003 <~Controls.307~><~Controls.314~><~Game.1923~> 16C310
$woischi<~Controls.509~>196<~Controls.510~><~Game.2007~><~Controls.511~><~Controls.46~> null
$woischi<~Controls.296~>122 <~Controls.297~><~Game.2037~> CC43CC
$woischi<~Controls.296~>170 <~Controls.297~><~Game.2036~> 97D4C9
$woischi<~Controls.840~>206 A72CBD
<Adobim> nc 824480
<auto><~Controls.866~>reveal 206 0110038CD64A56CA38724A51D2AF3D7D79B08F33 22<~Controls.867~><~Controls.46~><~Controls.868~><~Game.2036~> C6878C
<game> woischi<~Controls.1~> 1 1 4 1 4 null
<game> woischi<~Controls.1~> 3 6 4 6 5 null
<game> Adobim<~Controls.1~> 4 6 null
$Adobim<~Scribe.141~>285 071 <~Scribe.142~><~Game.1993~><~Scribe.143~><~Game.2037~><~Scribe.144~> DDB67C
$woischi<~Controls.304~>325 <~Controls.305~><~Game.1923~> 43CF16
$woischi<~Controls.313~>002 <~Controls.307~><~Controls.314~><~Game.1923~> 53FA1D
$woischi<~Controls.644~>105 206 285 071 <~Controls.645~><~Game.2035~> ED3117
$woischi<~Scribe.141~>423 <~Scribe.142~><~Game.388~><~Scribe.143~><~Game.391~><~Scribe.144~> E19091
$woischi<~HighlightLabel.81~>102<~HighlightLabel.82~><~Game.2043~><~HighlightLabel.83~><~Game.2035~> 32EE21
$woischi<~Controls.509~>182<~Controls.510~><~Game.2006~><~Controls.511~><~Controls.46~> null
$woischi<~Controls.644~>102 <~Controls.645~><~Game.2035~> BB70D4
$Adobim<~Controls.726~>358 210 212 <~Controls.727~><~Game.1997~><~Controls.728~><~Game.2042~> 7D1ADB
$Adobim<~Controls.731~>211 213 <~Controls.732~><~Game.2039~><~Controls.733~><~Game.2042~> 8B25C2
$Adobim<~Controls.757~>360 100 <~Controls.758~><~Game.1997~><~Controls.759~><~Game.2043~> D22913
<~Game.7~>8 null
$Adobim<~Controls.762~>102 105 104 103 099 362 101 <~Controls.763~><~Game.2041~><~Controls.764~><~Game.2043~> 6B1D91
$Adobim<~Controls.509~>153<~Controls.510~><~Game.2005~><~Controls.511~><~Controls.45~> null
$Adobim<~Controls.509~>148<~Controls.510~><~Game.2004~><~Controls.511~><~Controls.45~> null
$woischi<~Controls.509~>167<~Controls.510~><~Game.2006~><~Controls.511~><~Controls.46~> null
$woischi<~Controls.509~>184<~Controls.510~><~Game.2007~><~Controls.511~><~Controls.46~> null
<Adobim> ok 558020
$woischi<~Controls.372~>102 9589A1
$Adobim<~Scribe.141~>259 <~Scribe.142~><~Game.2002~><~Scribe.143~><~Game.2003~><~Scribe.144~> 50E220
$woischi<~Controls.345~>105 104 103 099 362 101 360 100 <~Controls.346~>12 10 11 14 14 12 10 11 null
$woischi<~Controls.350~>105 104 103 099 362 101 360 100 null
$Adobim<~Controls.345~>211 213 358 210 212 <~Controls.346~>3 0 0 1 1 null
$Adobim<~Scribe.141~>358 <~Scribe.142~><~Game.2042~><~Scribe.143~><~Game.2035~><~Scribe.144~> 3991E5
$Adobim<~Controls.790~>247<~Controls.791~><~Game.528~><~Controls.792~><~Game.529~> 4D57FC
$Adobim<~Controls.795~>358<~Controls.796~><~Game.2035~><~Controls.797~><~Game.1997~> 5882B8
$woischi<~Controls.624~>221<~Controls.625~><~Game.2044~><~Controls.626~><~Game.2037~> null
$Adobim<~Scribe.141~>410 <~Scribe.142~><~Game.2038~><~Scribe.143~><~Game.1997~><~Scribe.144~> 73B7A6
$Adobim<~Scribe.141~>252 <~Scribe.142~><~Game.2021~><~Scribe.143~><~Game.2022~><~Scribe.144~> 3DBCD6
$Adobim<~Controls.323~>247 9B1D4E
$Adobim<~Controls.644~>221 <~Controls.645~><~Game.2035~> C60AAD
$Adobim<~Controls.296~>410 <~Controls.297~><~Game.1997~> 899192
$Adobim<~Controls.296~>410 <~Controls.297~><~Game.1997~> A85616
$Adobim<~Scribe.141~>410 <~Scribe.142~><~Game.1997~><~Scribe.143~><~Game.2037~><~Scribe.144~> D3D6A6
$Adobim<~Controls.296~>410 <~Controls.297~><~Game.2037~> F9C62C
$woischi<~HighlightLabel.81~>105<~HighlightLabel.82~><~Game.2043~><~HighlightLabel.83~><~Game.2035~> 8CB995
$woischi<~Scribe.141~>043 042 041 <~Scribe.142~><~Game.1932~><~Scribe.143~><~Game.1938~><~Scribe.144~> C04BAC
$woischi<~Scribe.141~>037 057 046 045 044 <~Scribe.142~><~Game.1946~><~Scribe.143~><~Game.1938~><~Scribe.144~> AB4259
$woischi<~Controls.644~>105 <~Controls.645~><~Game.2035~> C15514
$Adobim<~Scribe.141~>213 <~Scribe.142~><~Game.2042~><~Scribe.143~><~Game.2035~><~Scribe.144~> B9DFEC
$Adobim<~Controls.323~>247 C4BF1B
$Adobim<~Controls.644~>213 <~Controls.645~><~Game.2035~> 3CA9C0
$woischi<~HighlightLabel.81~>099<~HighlightLabel.82~><~Game.2043~><~HighlightLabel.83~><~Game.2035~> 21D695
$woischi<~CardBuffet.14~>reveal 167 6DD5576253E2A90920AADE17A6DEE55CA82655E0 8<~CardBuffet.15~><~Controls.46~><~CardBuffet.16~> 40523D
$woischi<~Scribe.141~>253 040 321 320 <~Scribe.142~><~Game.1923~><~Scribe.143~><~Game.1938~><~Scribe.144~> F58F95
$woischi<~Scribe.141~>038 <~Scribe.142~><~Game.1964~><~Scribe.143~><~Game.1969~><~Scribe.144~> 17BE6E
<woischi> pelargir B06CB1
$woischi<~Scribe.141~>167 <~Scribe.142~><~Game.2036~><~Scribe.143~><~Game.2034~><~Scribe.144~> C48362
<woischi> nc 561709
<Adobim> nc 1A61C1
<game> woischi<~Controls.1~> 3 2 2 4 6 null
<woischi> 1 A56F09
<game> Adobim<~Controls.1~> 2 null
$Adobim<~Scribe.141~>078 <~Scribe.142~><~Game.1931~><~Scribe.143~><~Game.2037~><~Scribe.144~> 81B0EE
$woischi<~Scribe.141~>253 040 321 320 037 057 046 045 044 043 042 041 <~Scribe.142~><~Game.1938~><~Scribe.143~><~Game.1931~><~Scribe.144~> 3DDBCE
$woischi<~Scribe.141~>167 <~Scribe.142~><~Game.2034~><~Scribe.143~><~Game.2036~><~Scribe.144~> BD6C12
$woischi<~Controls.644~>099 167 078 <~Controls.645~><~Game.2035~> E225D5
$woischi<~Scribe.141~>423 <~Scribe.142~><~Game.391~><~Scribe.143~><~Game.392~><~Scribe.144~> 77714C
$Adobim<~Scribe.141~>212 <~Scribe.142~><~Game.2042~><~Scribe.143~><~Game.2035~><~Scribe.144~> 2B992A
$Adobim<~Controls.790~>247<~Controls.791~><~Game.529~><~Controls.792~><~Game.532~> 2C5878
$Adobim<~Controls.795~>212<~Controls.796~><~Game.2035~><~Controls.797~><~Game.1997~> 71E667
$woischi<~Controls.624~>218<~Controls.625~><~Game.2044~><~Controls.626~><~Game.2037~> null
$Adobim<~Scribe.141~>252 <~Scribe.142~><~Game.2022~><~Scribe.143~><~Game.2024~><~Scribe.144~> 6764D9
$Adobim<~Controls.644~>218 <~Controls.645~><~Game.2035~> 8A4181
$woischi<~HighlightLabel.81~>362<~HighlightLabel.82~><~Game.2043~><~HighlightLabel.83~><~Game.2035~> 474C4F
$woischi<~Controls.509~>168<~Controls.510~><~Game.2006~><~Controls.511~><~Controls.46~> null
$woischi<~Controls.644~>362 <~Controls.645~><~Game.2035~> 86E1F9
$Adobim<~Scribe.141~>210 <~Scribe.142~><~Game.2042~><~Scribe.143~><~Game.2035~><~Scribe.144~> 1F2EFA
$Adobim<~Scribe.141~>reveal 115 D6658191A25C6BAEBDA44F837BF1FA4EDEC0C08B 23 <~Scribe.142~><~Controls.45~><~Scribe.143~><~Game.2036~><~Scribe.144~> FD178E
<game> Adobim<~Controls.1~> 1 6 6 null
$Adobim<~Scribe.141~>252 <~Scribe.142~><~Game.2024~><~Scribe.143~><~Game.2022~><~Scribe.144~> AAD5B9
$Adobim<~Controls.644~>210 115 <~Controls.645~><~Game.2035~> E11E4D
$woischi<~HighlightLabel.81~>104<~HighlightLabel.82~><~Game.2043~><~HighlightLabel.83~><~Game.2035~> 651A70
$woischi<~Scribe.141~>322 <~Scribe.142~><~Game.2040~><~Scribe.143~><~Game.1919~><~Scribe.144~> CFC5FE
$woischi<~Controls.644~>104 <~Controls.645~><~Game.2035~> 9F8A19
$Adobim<~Scribe.141~>211 <~Scribe.142~><~Game.2042~><~Scribe.143~><~Game.2035~><~Scribe.144~> 9BD413
<woischi> all resting on 1 tile 2498F8
$Adobim<~Scribe.141~>250 <~Scribe.142~><~Game.2009~><~Scribe.143~><~Game.2011~><~Scribe.144~> A2ECA3
$Adobim<~Controls.790~>247<~Controls.791~><~Game.532~><~Controls.792~><~Game.533~> 155F55
$Adobim<~Controls.795~>211<~Controls.796~><~Game.2035~><~Controls.797~><~Game.1997~> C8C831
$woischi<~Controls.624~>236<~Controls.625~><~Game.2044~><~Controls.626~><~Game.2037~> null
<Adobim> GGW: :) D2CC27
$woischi<~Scribe.141~>247 <~Scribe.142~><~Game.533~><~Scribe.143~><~Game.532~><~Scribe.144~> 82D8C7
$woischi<~Scribe.141~>252 <~Scribe.142~><~Game.2022~><~Scribe.143~><~Game.2025~><~Scribe.144~> EB13D8
$Adobim<~Scribe.141~>252 <~Scribe.142~><~Game.2022~><~Scribe.143~><~Game.2025~><~Scribe.144~> 8DBE83
$Adobim<~Controls.323~>247 A59CFB
<Adobim> thank you for the game 82AF7B
<woischi> loads of unlucky rolls for you 258B6E
