<auto> silent null
<auto><~Scribe.141~>363 397 398 402 401 400 399 403 404 376 375 374 373 377 378 <~Scribe.142~><~Game.2038~><~Scribe.143~>Spare<~Scribe.144~> null
<auto><~Scribe.141~>365 366 379 380 381 382 383 384 385 386 387 388 389 390 391 392 393 394 395 396 367 368 369 370 371 372 <~Scribe.142~><~Game.2040~><~Scribe.143~>Spare<~Scribe.144~> null
<auto><~Scribe.141~>230 231 <~Scribe.142~><~Game.2044~><~Scribe.143~>Spare<~Scribe.144~> null
<auto><~Scribe.141~>155 152 <~Scribe.142~><~Game.2004~><~Scribe.143~>Spare<~Scribe.144~> null
<auto><~Scribe.141~>137 151 <~Scribe.142~><~Game.2005~><~Scribe.143~>Spare<~Scribe.144~> null
<auto><~Scribe.141~>161 198 <~Scribe.142~><~Game.2006~><~Scribe.143~>Spare<~Scribe.144~> null
<auto><~Scribe.141~>163 188 <~Scribe.142~><~Game.2007~><~Scribe.143~>Spare<~Scribe.144~> null
<auto><~Controls.323~>364 null
<auto> noisy null
<auto> silent null
<auto><~Scribe.141~>312 <~Scribe.142~><~Game.2038~><~Scribe.143~><~Game.1965~><~Scribe.144~> null
<auto> noisy null
<~Game.7~>1 null
<auto> silent null
<auto><~Scribe.141~>363 397 398 402 401 400 399 403 404 376 375 374 373 377 378 <~Scribe.142~><~Game.2038~><~Scribe.143~>Spare<~Scribe.144~> null
<auto><~Scribe.141~>365 366 379 380 381 382 383 384 385 386 387 388 389 390 391 392 393 394 395 396 367 368 369 370 371 372 <~Scribe.142~><~Game.2040~><~Scribe.143~>Spare<~Scribe.144~> null
<auto><~Scribe.141~>230 231 <~Scribe.142~><~Game.2044~><~Scribe.143~>Spare<~Scribe.144~> null
<auto><~Scribe.141~>155 152 <~Scribe.142~><~Game.2004~><~Scribe.143~>Spare<~Scribe.144~> null
<auto><~Scribe.141~>137 151 <~Scribe.142~><~Game.2005~><~Scribe.143~>Spare<~Scribe.144~> null
<auto><~Scribe.141~>161 198 <~Scribe.142~><~Game.2006~><~Scribe.143~>Spare<~Scribe.144~> null
<auto><~Scribe.141~>163 188 <~Scribe.142~><~Game.2007~><~Scribe.143~>Spare<~Scribe.144~> null
<auto><~Controls.323~>364 null
<auto> noisy null
$base silent null
$TEST<~Scribe.141~>312 <~Scribe.142~><~Game.2038~><~Scribe.143~><~Game.1965~><~Scribe.144~> null
$base noisy null
<game> kapcerz<~Controls.408~>[WOTR-Gandalf2 wotr base2] null
<~Talker.31~> null
<kapcerz> hey! 
<Alexey'a> hey 
<kapcerz> how you wanna do sides? 
<Alexey'a> yes 
<game> Alexey'a<~Controls.1~> 3 null
<game> kapcerz<~Controls.1~> 4 null
<kapcerz> sp 2 tokens 
<Alexey'a> 2+1 
<kapcerz> accept 
<kapcerz> gl hf :) 
$kapcerz<~Controls.281~>427 426 <~Controls.282~><~Game.2038~><~Controls.283~><~Game.2042~> 
<Alexey'a> u2 
$kapcerz adds 1 Dwarven Ring(s) 
$kapcerz<~Controls.281~>428 <~Controls.282~><~Game.1997~><~Controls.283~><~Game.2042~> 
$kapcerz<~Controls.509~>109<~Controls.510~><~Game.2004~><~Controls.511~><~Controls.45~> null
$kapcerz<~Controls.464~>C11F9D23E105B1A419112ACCEF8B400150EC4EED 78A3A942396864C4C60EC7456E3CD1D6 24 49F9FAE022C7887F27B36EFF329DFE59749D8250 F2A38B9F135C48030C976F61AFB06AB1 CC0380C25C9EF97E7E2ECE0B8B2037E6589E531B 6CEDC1CD907CF5FDACAE9BB98194E127 5BDEAA0066D7BA22EBAA3A338357BB11C3AA70CB EDE424EDA271DF2B127CE014D8B538D0 CE8574FEDF84C5965FFB42047782A70FE642ED41 CEFBDE819BD4A71FB77E8D703C9B70AE D1936E725EDAFEEE6E13AFB47EE41CB38E765542 C0B85B34DC9EAEC9C76991419BF39739 CEA6F811ACB711C0C64A3B9102D5C2C0B3C74036 13CD2FADD24FAE2F0385FF805AAFD28F 94866A4B400161CD6F773B59984BC0EB0F75C32E 35BA169323FE1F82E8B70FA3AC169128 3A575DD4708977E84DFE480E9D793BDB430EF87F 78CBE65723C832CB11A371A82771F1FD 30277C1F3522721452814F22B3B8A9F6CE09FABA 176824688C57E59FD96B6DF49412DC22 382213D67D8B0F8365D214E2020572A252A80EF9 7A01EAF36E6C87A9441ED3EC06E112E4 C9042BEB6BB3B1C6DD248A5892318866AFDCC6CD B8216AE764A3D4271EC9633D2DA86A14 EE101DA8C69A39279294D7D48752174CCCC382E9 5E5EA58908EB38C164B86DE5EBCDF5C0 B7E97B351E231AB111851F609100161A663384F8 6E334661A85CE2DAE371079E283C4DD6 79E418C037FFEF6F4FB5AF06EDEBAA6B503B3E1F AA0A317E396C4BFC1F58EB2FE2939DE5 8CD07389096B3A19FEA9C3A6DDAB5F99FAAC0C20 12F376AA8BA3235D7517B0A387FDEB33 C3E4161ADE5C429A3D17A01550DA96C8BD389407 AACC3DA3BE5C2C08834138E4862A6721 69D55D07A6EBC305BE4BE9A809F6A6177B7ECEBD 7FEC18AAF42F020DC7BAF523235CCE26 F888A69836ED7A7DA9A5C153422AC73DB9FAB0FA EC7C791D4708231586DE43B08A83419D 61CF36AD819FA47E7CFC5AFAE8568BCF4E03CA17 191E8E73FD130C91EE7CE59427CF6A0E 73A55BBF2D1677E93254A239EEE885B01198ED50 C48A5DD2FA034A487E17E2A234392349 31EF96373EE2F1753790A091F9F5A47577946F18 4345607A754E09C6A5FFCFDB93EBB81E B32E44C991CC498E1EFCB62CA69A1E7226942465 C990997AEE685B3AA93B4F93DD8C17C8 1D4CCE721694BFC52E0EC59F9484468CBD071BF8 E73A705E5F2D4182CA555396BACA7F1D 65B4352EC9A9E49603C2E416A6AD085F12430EAB 56F98B2AB1DED91CA779188172B57C38 24 0B6898851CEB09F7D16D6B266070A647AD650F09 F35F048771801996DF8382F3C4C09ACB ED71EBA0252BDDDB433E95B87876FA6EF60E39DD 0AB37A1EC3756006FAE76A3EF67D4D8F 43DC768FBA8E0885E3A824E68E8C5E8A6BEE7D4A D6198843969B798D8A904C4D2D63AE04 94FBE5AFC58867AE43B886FE58591D142D1E68B4 48F57DDC195223768D1D0B35FE33907E 93C4C73A95AD5A6EDB78C8CEADC08A09F8166F90 075F0E716C299BF8152585D444DF07B5 81C4977428F6A116E7470F6FAB58B18D3A88CB69 B8144F4A9B25EB552A5A771C33E64408 12501CB24503F61E79515B658F806138FC62143B 7F53E9B3C7CD326EEFBD30CCADA0A042 AB61A22F792B96AF3F9D33A72DBD1A4778D56CB7 C4676D29A57A15A1023FF605D4F26CF0 BC441886E1CD52D5BE231F21863EC0F8FDB3C34A 39F5E82C2C981A0C286BF602DF4780EB F6C41A0AA92630E3C6F4B011C908996E8317599B 1C3B4B888ACE635E2A17943931E6053A 6EC5C2C4830A02F9015D99A307DDB29ED7DFCEE4 B9D812325746E8F6F920D973A7F0F6E8 D5C3DF608DAD4E267B1795D0C468F30C38FA30F6 32D6741B0C7CA3C918B050FD31A911BC 507572B8198AB1A60A6DBBBF559A11E12DC68D8C 82F5E4FAB656193C3A989A39A4C869DC 7D0D87D65BBD4C02A373DA8F9036A5A3C3757D82 BF8FE31DE67578612AC2FF85CDFF05A5 E81CD01F0323F69DD6081B4B8364F4E2F5A4DBB8 9F827560EBEABE85EABE694AC8F5AB27 666FA5B824768F9D3DACCFF1255E06121524B59A 3CF2EE4B42D1D40C1FE99DFF92573D74 BC02C9E4A123961B4580F616345F107570C7AB9D 1BE301CA4D7AD341ACB8BEC3DDCC1D58 672EEB6622179625A0C0450BC2AB4B236A115D9E 6AF08DC84320E7B29B2C1CD123E6428A 445C1A2B127976C9A78CF33E562C47EA26A851E4 89A2BE1E6854A43A446F86E8FE570CB9 ABFFBAFBD19DD4940FECC72D6F3119AC89203819 CB29DA407D9C896FA818E4FDB51714F2 2154D269A6A846AE6C11DBFE4A41CAC2460A4913 7C81FA1D78F3F8201DB3FF55192D0B77 B19F6C25F5D28C2619687DB31273433E6B09E9A7 263F076E78217C05306696CD924DB16E B9747B78E2554511BF025923AAD0CF0A59B78B71 1092E6CEF21EE233C6EBEB5D7494427B D2FAF5B74F3B914C530DE0E6ADBC951450FED4EA 0737402A30F7F24E8433C6B097EC9729 0 0 1DE2D7
$kapcerz<~Controls.509~>150<~Controls.510~><~Game.2005~><~Controls.511~><~Controls.45~> null
$Alexey'a<~Controls.479~>D4D86D8A4AFE2F13871CCDE0CB86DE35C7152701 77C3788FB8FF7BBA18D3E61C8D8A49C9 24 3552CE9900D20AB3BD56A78540BA24F3950CAFB2 4EE79F9C5E38FECD3E3FDB2B64F5C4FB 2A98EB5E458DB6B9B3622A78090D60AB776F4EA2 A52BEA048815E9A62395C0432DC1F0DB 8A0978B39D4FDC1142D093F5716B92F957F1D0FB 531ACFC893981F695349A2FA578CB922 DBA9147DF26E92479F2E865EC42FB5372FA844D3 A484CC57D7A00E118BA9813784FBFB74 E4B0DFBF7A4662B5B70958ACA97B76032A4C37F7 5C1E0AE764844BB45899FE105B6308EA B65367715B95E9440BC8E49D6935405CABA9BA42 FC446D69EEFFB691FDF4BCDC9CBBD692 D185AF77443539F784F641BDC8B2A3DD97653284 43778B3B05B2CAC499BE02D0742F1ECF 7D2A187E0095288A5AD311D803621728CE10A57A F740CE6F88956647897929DB11DFE48C 0FAB1302A9ACCDF6857E844E36D6450110604F20 E49E03D35B2FD7480A583F7E79A651EB 18BA49A4232F142D7945C2B5AAB7D35A42D217CB 251FC2DB576324C7231FDBCB97FDD29B 247F3D72BD15FFEAF38CA670C661FC552D5D1F3A A141B8DF82244404C1E4EF6197454B92 6354AD86292270605E68809B61425FEE2AFD5868 D8DC72057F74CB92230C9CED7217247F 8798D9760912B49EA73D9C85334866F7943A156A DF8A9E5F48666BB07824C198CC672F62 528499F6054E7A2A518932CF32B2114858E7D688 A962849C19182FCFC58DE82CFD93568C 32909AAC39ADBF53E39B31ED131B843876B8E5F4 8781C269AFD84A140C08D3906CAC843D AF78B2337B97F3293BA2E9B5DD9D36C3FF1D3D0F F128458DB2EB9B33AA904FBB24903AE5 438139D12C13C0A2C9C776428647EC92D443F6DC 86748D396EA1FB1C0032D818A0AD10EC 07AC3890D9E216EFAF1F1ED87407AC865D64BCB9 51EC9E08C9B57F1356A93968E97C53EC B7862169DEDB8192E40E3D834A840A93BFD5FABC 4D77BD8E712AEDD9FB067517E20625CD 28EE0613DF045F0CC10AECD41FEB2A87168958F1 2A72B9A0541042F2B0AC586BE20D5F4F F435EB6DE5370BFF6427146637FC9FAA888B0C7E 51EE1F4155F48D83454E401C83AB161B 103E4E7862C107B2E7D7E4F692B8155D9528069A 265D81F83CE3974884D84157B9775B29 38EC34BE6A74B5092646730489E8759607DAD9AC 8C2B61F7ED384C1E4E620727268DD9BC B4EDA3BB38FC2F6F3407895EFBFE0A347E15D77B AD118558DCAEDB01048CF478ABFEA6CE 24 66C60266DEC5DE68A5D59920120CA9BC5C1E1F9A FA1A83C8C05D18DF28F137344292FA87 3599FB9421F84A167EE1FE231E21CEE93EB6713E 71AAD99786A634BF43904FFF0AD512CF 73BE6799DBC11B618EDB11AA442F8A91BEF347F2 1DFFCC2F8836D331084D9157A3DC7122 0546AF630E598029301BD88880B32843A8FB94F0 E3FCF92BFE9A961DB9F0B6E3BB49039B 1D3ADD999CF24C57BB0D7C2C94AF68CCBB10AE71 7A3D4623B4175225C94C7F70E95F0769 FA91D4A55AD81BC276C57E2E27D3E197419AB67A BBADD1DEFDB4E412C2636CB3B946F701 905902293485F81B647DCA9F99615C1137359374 1A3B0E4DE7B8E20B68BCC0CD07C8435C DA7054A9F838C5DC4B24D6C3358D52E266A48222 7455669EAFFFC0F51E435C07901F1172 4EC744B20F51070874941BE42F391E794F451529 0A49236077E77852895D3B68C5AF271B 13F97A59F1D76F90B35D66436CA13ABA49E23D47 CDB4D01535C3D2EA731461AEE2AF7A79 2EC100CCF3D6CE33389B5C929ABCB3F58469955B DBA06A41EE08F0EBF1771FB73F272360 398E2E9C56F0E0C661E503405CFDA7050D710BA2 49F9774324AF8D41C6A13F4CE6C9BE8B 5230E35BFB010F97B27D763DA04CBD26E3A3BA90 22710B468D6D0A310AFABC81658A074A DB7097913DEB1821A031438A830CC8A5D168000B B011C10C05D5C3C106A2DD75E4F47176 2084C0D8FCBD4911BA334484713FFD79BCA7B978 F9F96E18C47218C16229AC7D79A7EDF7 7AB043803478D5A5BD47390FB0C74BC3CD5AD9C1 8C12A4E3D3728C0A81F17421BA7BC441 EBA1FB6553EED15A5B35A4A3CEFFD3ADCE628698 7DB977EDBB7571C22CE32BFA93354AA4 249BB8D7AEA723AABACC4D3549A9A4C10F94C51A ADAAD9EE808D49EA6D5AC5975ACBD772 FFE2A85D396004E8528E3E8FE49F5666513C6BF4 4EA8C193CD9528DDBD6CD753209BAA78 A7089FA9EDF5BDB581A4D9182B0EBCFA487F2894 A5A792C9705BD60661ED86F14A21F1C6 E160AE5AAC236949215C0A10E45986FB99E431B6 1286FD8E0747A76D10D4156E5F04D448 8E41137DE2D1AEA77E2A6309E46866BE02FDEBEA 4D8AEBDBFB7E2844D9E99E92228AE387 E7E5A406EDEA39C9D13E53B41FBFF80D7617C465 F135B9E1ADB417B843E0E4F9E3C93EC1 6820B9DAF1690004EF153EE4BB62E06EF869725B 3E2B8E81EF10EE16B536D90211304B8B 0 0 961073
<kapcerz> fsp ok D8D04D
$Alexey'a<~Controls.509~>208<~Controls.510~><~Game.2006~><~Controls.511~><~Controls.46~> null
$Alexey'a<~Controls.509~>186<~Controls.510~><~Game.2007~><~Controls.511~><~Controls.46~> null
<Alexey'a> 1e 7FCFA8
$Alexey'a<~Controls.372~>105 955849
$Alexey'a<~Controls.345~>104 103 102 101 100 099 <~Controls.346~>11 13 10 13 13 11 null
$Alexey'a<~Controls.350~>104 103 102 101 100 099 null
$kapcerz<~Controls.345~>213 212 211 210 <~Controls.346~>0 1 3 0 null
$kapcerz<~Scribe.141~>211 <~Scribe.142~><~Game.2042~><~Scribe.143~><~Game.2035~><~Scribe.144~> DD5564
$kapcerz<~Scribe.141~>428 <~Scribe.142~><~Game.2042~><~Scribe.143~><~Game.2037~><~Scribe.144~> 2199FE
$kapcerz<~Controls.345~>211 <~Controls.346~>1 null
$kapcerz<~Controls.281~>211 <~Controls.282~><~Game.2035~><~Controls.283~><~Game.2042~> 7CB4CC
$kapcerz<~Controls.644~>428 <~Controls.645~><~Game.2035~> A2DF89
<kapcerz> pass 362C07
$Alexey'a<~Scribe.141~>102 <~Scribe.142~><~Game.2043~><~Scribe.143~><~Game.2035~><~Scribe.144~> ABB8D1
$Alexey'a<~Scribe.141~>263 <~Scribe.142~><~Game.2002~><~Scribe.143~><~Game.2003~><~Scribe.144~> 2017F6
$Alexey'a<~Controls.644~>102 <~Controls.645~><~Game.2035~> 54D503
<kapcerz> pass 69D046
$Alexey'a<~Scribe.141~>099 <~Scribe.142~><~Game.2043~><~Scribe.143~><~Game.2035~><~Scribe.144~> 624446
$Alexey'a<~Scribe.141~>262 <~Scribe.142~><~Game.2002~><~Scribe.143~><~Game.2003~><~Scribe.144~> 1B3EA9
$Alexey'a<~Controls.644~>099 <~Controls.645~><~Game.2035~> CEEFCB
$kapcerz<~HighlightLabel.86~>212<~HighlightLabel.87~><~Game.2042~><~HighlightLabel.88~><~Game.2035~> 43E934
$kapcerz<~Scribe.141~>241 244 <~Scribe.142~><~Game.1998~><~Scribe.143~><~Game.1917~><~Scribe.144~> 17AEF6
$kapcerz<~Controls.644~>212 <~Controls.645~><~Game.2035~> B2B100
$Alexey'a<~Scribe.141~>104 <~Scribe.142~><~Game.2043~><~Scribe.143~><~Game.2035~><~Scribe.144~> 634CBE
$Alexey'a<~Scribe.141~>254 <~Scribe.142~><~Game.2040~><~Scribe.143~><~Game.1919~><~Scribe.144~> FC3782
$Alexey'a<~Scribe.141~>360 <~Scribe.142~><~Game.2040~><~Scribe.143~><~Game.2037~><~Scribe.144~> 4A2FA3
$Alexey'a<~Controls.644~>104 360 <~Controls.645~><~Game.2035~> ABCC6C
$kapcerz<~HighlightLabel.86~>211<~HighlightLabel.87~><~Game.2042~><~HighlightLabel.88~><~Game.2035~> CAA736
$kapcerz<~Scribe.141~>241 244 <~Scribe.142~><~Game.1917~><~Scribe.143~><~Game.1937~><~Scribe.144~> AA449E
$kapcerz<~Controls.644~>211 <~Controls.645~><~Game.2035~> 7F4A58
$Alexey'a<~Scribe.141~>100 <~Scribe.142~><~Game.2043~><~Scribe.143~><~Game.2035~><~Scribe.144~> 39E674
$Alexey'a<~Scribe.141~>040 035 015 014 013 012 011 <~Scribe.142~><~Game.1956~><~Scribe.143~><~Game.1961~><~Scribe.144~> F7AA04
$Alexey'a<~Controls.644~>100 <~Controls.645~><~Game.2035~> 00D542
$kapcerz<~HighlightLabel.86~>210<~HighlightLabel.87~><~Game.2042~><~HighlightLabel.88~><~Game.2035~> 2B8824
$kapcerz<~Scribe.141~>241 244 <~Scribe.142~><~Game.1937~><~Scribe.143~><~Game.1944~><~Scribe.144~> 4FC6F1
$Alexey'a<~Controls.323~>260 261 E72CC4
$kapcerz<~Controls.644~>210 <~Controls.645~><~Game.2035~> F0A51A
$Alexey'a<~Scribe.141~>103 <~Scribe.142~><~Game.2043~><~Scribe.143~><~Game.2035~><~Scribe.144~> FEA9BC
$Alexey'a<~Scribe.141~>040 035 015 014 013 012 011 <~Scribe.142~><~Game.1961~><~Scribe.143~><~Game.1957~><~Scribe.144~> 46C15D
$Alexey'a<~Controls.644~>103 <~Controls.645~><~Game.2035~> 798E3C
$kapcerz<~HighlightLabel.86~>213<~HighlightLabel.87~><~Game.2042~><~HighlightLabel.88~><~Game.2035~> ED4EE8
$kapcerz<~Controls.323~>241 8683A1
$kapcerz<~Controls.644~>213 <~Controls.645~><~Game.2035~> 51B666
$Alexey'a<~Scribe.141~>101 <~Scribe.142~><~Game.2043~><~Scribe.143~><~Game.2035~><~Scribe.144~> 62EF29
<Alexey'a> wlr D2631F
$kapcerz<~Scribe.141~>098 094 088 <~Scribe.142~><~Game.1954~><~Scribe.143~><~Game.1991~><~Scribe.144~> 2AC124
$Alexey'a<~Scribe.141~>040 035 015 014 013 012 011 <~Scribe.142~><~Game.1957~><~Scribe.143~><~Game.1954~><~Scribe.144~> FC3F9D
$kapcerz<~Scribe.141~>256 <~Scribe.142~><~Game.2000~><~Scribe.143~><~Game.2001~><~Scribe.144~> 92ADA4
$Alexey'a<~Controls.644~>101 <~Controls.645~><~Game.2035~> D4B60D
$Alexey'a<~Controls.757~>105 <~Controls.758~><~Game.1997~><~Controls.759~><~Game.2043~> C077DD
$Alexey'a<~Controls.762~>101 103 100 104 360 099 102 <~Controls.763~><~Game.2041~><~Controls.764~><~Game.2043~> AA9A99
$kapcerz<~Controls.731~>213 210 211 212 <~Controls.732~><~Game.2039~><~Controls.733~><~Game.2042~> 67B09B
<~Game.7~>2 null
$Alexey'a<~Controls.509~>203<~Controls.510~><~Game.2006~><~Controls.511~><~Controls.46~> null
$Alexey'a<~Controls.509~>170<~Controls.510~><~Game.2007~><~Controls.511~><~Controls.46~> null
$kapcerz<~Controls.509~>123<~Controls.510~><~Game.2004~><~Controls.511~><~Controls.45~> null
$kapcerz<~Controls.509~>145<~Controls.510~><~Game.2005~><~Controls.511~><~Controls.45~> null
<kapcerz> fsp ok 20179F
<Alexey'a> 1e 4D0367
$Alexey'a<~Controls.372~>101 35F41F
$Alexey'a<~Controls.345~>103 100 104 360 099 102 105 <~Controls.346~>15 11 14 12 11 13 15 null
$Alexey'a<~Controls.350~>103 100 104 360 099 102 105 null
$kapcerz<~Controls.281~>358 <~Controls.282~><~Game.2038~><~Controls.283~><~Game.2042~> 0636D7
$kapcerz<~Controls.345~>358 213 210 211 212 <~Controls.346~>1 0 3 1 2 null
$kapcerz<~HighlightLabel.86~>211<~HighlightLabel.87~><~Game.2042~><~HighlightLabel.88~><~Game.2035~> CFFE0E
$kapcerz<~Controls.790~>248<~Controls.791~><~Game.2014~><~Controls.792~><~Game.2015~> 9C1C32
$kapcerz<~Controls.795~>211<~Controls.796~><~Game.2035~><~Controls.797~><~Game.1997~> A95BE6
<game> Alexey'a<~Controls.1~> 1 3 6 null
$Alexey'a<~Controls.624~>224<~Controls.625~><~Game.2044~><~Controls.626~><~Game.2037~> null
$kapcerz<~Scribe.141~>240 <~Scribe.142~><~Game.1999~><~Scribe.143~><~Game.2035~><~Scribe.144~> 6058D9
$kapcerz<~Scribe.141~>242 <~Scribe.142~><~Game.1998~><~Scribe.143~><~Game.1999~><~Scribe.144~> B0D645
$kapcerz<~Controls.644~>240 224 <~Controls.645~><~Game.2035~> CCAF31
$Alexey'a<~Scribe.141~>104 <~Scribe.142~><~Game.2043~><~Scribe.143~><~Game.2035~><~Scribe.144~> FB8A7F
$Alexey'a<~Controls.509~>207<~Controls.510~><~Game.2007~><~Controls.511~><~Controls.46~> null
$Alexey'a<~Controls.644~>104 <~Controls.645~><~Game.2035~> ABF3E6
$kapcerz<~HighlightLabel.86~>358<~HighlightLabel.87~><~Game.2042~><~HighlightLabel.88~><~Game.2035~> 54A731
$kapcerz<~Controls.790~>248<~Controls.791~><~Game.2015~><~Controls.792~><~Game.2016~> ECBAF6
$kapcerz<~Controls.795~>358<~Controls.796~><~Game.2035~><~Controls.797~><~Game.1997~> 530922
<game> Alexey'a<~Controls.1~> 3 1 6 null
$Alexey'a<~Controls.624~>218<~Controls.625~><~Game.2044~><~Controls.626~><~Game.2037~> null
$kapcerz<~Scribe.141~>242 <~Scribe.142~><~Game.1999~><~Scribe.143~><~Game.2035~><~Scribe.144~> 701054
$kapcerz<~Scribe.141~>247 <~Scribe.142~><~Game.1911~><~Scribe.143~><~Game.1912~><~Scribe.144~> DB2E77
$kapcerz<~Controls.323~>247 EC9978
$kapcerz<~Controls.644~>242 218 <~Controls.645~><~Game.2035~> 81D6AB
$Alexey'a<~Scribe.141~>102 <~Scribe.142~><~Game.2043~><~Scribe.143~><~Game.2035~><~Scribe.144~> A122C1
$kapcerz<~Scribe.141~>243 <~Scribe.142~><~Game.1998~><~Scribe.143~><~Game.1999~><~Scribe.144~> 5F4205
$Alexey'a<~Scribe.141~>037 <~Scribe.142~><~Game.1969~><~Scribe.143~><~Game.1912~><~Scribe.144~> 9D1AF9
$Alexey'a<~Scribe.141~>039 <~Scribe.142~><~Game.1979~><~Scribe.143~><~Game.1954~><~Scribe.144~> E56714
$Alexey'a<~Scribe.141~>038 <~Scribe.142~><~Game.1974~><~Scribe.143~><~Game.1954~><~Scribe.144~> 1809DD
$Alexey'a<~Controls.644~>102 <~Controls.645~><~Game.2035~> A90F48
$kapcerz<~HighlightLabel.86~>213<~HighlightLabel.87~><~Game.2042~><~HighlightLabel.88~><~Game.2035~> 84D36E
$kapcerz<~Scribe.141~>240 <~Scribe.142~><~Game.2039~><~Scribe.143~><~Game.1887~><~Scribe.144~> 610088
$kapcerz<~Scribe.141~>359 <~Scribe.142~><~Game.2038~><~Scribe.143~><~Game.2037~><~Scribe.144~> 26BFA6
$kapcerz<~Controls.323~>240 2C7F4D
$kapcerz<~Controls.644~>213 359 <~Controls.645~><~Game.2035~> D84735
$Alexey'a<~Scribe.141~>360 <~Scribe.142~><~Game.2043~><~Scribe.143~><~Game.2035~><~Scribe.144~> DF6C65
<Alexey'a> wlr 7B0CA0
$Alexey'a<~Controls.840~>207 6BC872
$Alexey'a<~Scribe.141~>256 <~Scribe.142~><~Game.2001~><~Scribe.143~><~Game.2002~><~Scribe.144~> B7DB65
$kapcerz<~Controls.840~>123 B5CDAE
<auto> playchosen E1D53C
<auto><~Controls.3~>reveal 123 76A587B2BDD047E9FEA3EEA6CD051136AB8DE0AD 11<~Controls.884~><~Controls.45~><~Controls.885~><~Game.2037~> EEF266
<auto><~Controls.866~>reveal 207 44126B13805ED074B16090F6F9FAB87BE018D9DB 10<~Controls.867~><~Controls.46~><~Controls.868~><~Game.2036~> F934A8
<auto> playchosen A1616F
<game> Alexey'a<~Controls.1~> 3 3 1 5 2 null
<game> Alexey'a<~Controls.1~> 4 2 2 null
<Alexey'a> 2 000CA8
<game> kapcerz<~Controls.1~> 5 5 null
<kapcerz> 2 B12680
$Alexey'a<~Scribe.141~>035 <~Scribe.142~><~Game.1954~><~Scribe.143~><~Game.2036~><~Scribe.144~> FC31FD
$kapcerz<~Scribe.141~>088 <~Scribe.142~><~Game.1991~><~Scribe.143~><~Game.2037~><~Scribe.144~> D34A4B
$Alexey'a<~Controls.644~>360 207 035 123 088 <~Controls.645~><~Game.2035~> D28A00
$kapcerz<~Scribe.141~>098 <~Scribe.142~><~Game.1991~><~Scribe.143~><~Game.2037~><~Scribe.144~> 1A61D1
$Alexey'a<~Controls.644~>098 <~Controls.645~><~Game.2035~> 9B52DA
$kapcerz<~HighlightLabel.86~>212<~HighlightLabel.87~><~Game.2042~><~HighlightLabel.88~><~Game.2035~> A9D08D
$kapcerz<~CardBuffet.9~>reveal 145 1BC4A740ACE46125CC368A3BBD8ACA999BABAAB9 22<~CardBuffet.10~><~Controls.45~><~CardBuffet.11~> 3F7970
$kapcerz<~Scribe.141~>240 <~Scribe.142~><~Game.1887~><~Scribe.143~><~Game.1891~><~Scribe.144~> 048D96
$kapcerz<~Scribe.141~>257 <~Scribe.142~><~Game.2000~><~Scribe.143~><~Game.2003~><~Scribe.144~> A01EFB
$kapcerz<~Controls.323~>257 242AF2
$kapcerz<~Controls.644~>212 145 <~Controls.645~><~Game.2035~> 265C54
$Alexey'a<~Scribe.141~>099 <~Scribe.142~><~Game.2043~><~Scribe.143~><~Game.2035~><~Scribe.144~> 612ED7
$Alexey'a<~Scribe.141~>253 <~Scribe.142~><~Game.2040~><~Scribe.143~><~Game.1954~><~Scribe.144~> E9A20D
$Alexey'a<~Scribe.141~>361 <~Scribe.142~><~Game.2040~><~Scribe.143~><~Game.2037~><~Scribe.144~> 67122F
$Alexey'a<~Controls.644~>099 361 <~Controls.645~><~Game.2035~> 8AAA9C
$Alexey'a<~Controls.323~>259 258 CEBEDA
$kapcerz<~HighlightLabel.86~>210<~HighlightLabel.87~><~Game.2042~><~HighlightLabel.88~><~Game.2035~> C29A2F
$kapcerz<~Scribe.141~>313 <~Scribe.142~><~Game.2038~><~Scribe.143~><~Game.1965~><~Scribe.144~> 8946D9
$kapcerz<~Controls.644~>210 <~Controls.645~><~Game.2035~> A6365E
$Alexey'a<~Scribe.141~>100 <~Scribe.142~><~Game.2043~><~Scribe.143~><~Game.2035~><~Scribe.144~> 6C7B2F
<Alexey'a> wlr F925D5
<Alexey'a> nc E632A6
$Alexey'a<~Scribe.141~>256 <~Scribe.142~><~Game.2002~><~Scribe.143~><~Game.2003~><~Scribe.144~> A97716
<kapcerz> nc 060093
<game> Alexey'a<~Controls.1~> 5 5 6 4 3 null
<game> Alexey'a<~Controls.1~> 6 1 2 5 null
<Alexey'a> 2 CC3E1F
<game> kapcerz<~Controls.1~> 2 null
<kapcerz> 0 9A4789
$kapcerz<~Scribe.141~>094 <~Scribe.142~><~Game.1991~><~Scribe.143~><~Game.2037~><~Scribe.144~> 1F55AB
$Alexey'a<~Scribe.141~>420 <~Scribe.142~><~Game.2040~><~Scribe.143~><~Game.1954~><~Scribe.144~> 476F2D
$Alexey'a<~Scribe.141~>423 <~Scribe.142~><~Game.27~><~Scribe.143~><~Game.29~><~Scribe.144~> 81233A
$Alexey'a<~Controls.644~>100 094 <~Controls.645~><~Game.2035~> CE7DF3
$Alexey'a<~Controls.757~>103 105 101 <~Controls.758~><~Game.1997~><~Controls.759~><~Game.2043~> 7B6441
$Alexey'a<~Controls.762~>100 099 361 360 102 104 <~Controls.763~><~Game.2041~><~Controls.764~><~Game.2043~> DA9A8D
$Alexey'a<~Controls.509~>177<~Controls.510~><~Game.2006~><~Controls.511~><~Controls.46~> null
$Alexey'a<~Controls.509~>196<~Controls.510~><~Game.2007~><~Controls.511~><~Controls.46~> null
$kapcerz<~Controls.726~>358 211 <~Controls.727~><~Game.1997~><~Controls.728~><~Game.2042~> 3123FD
<~Game.7~>3 null
$kapcerz<~Controls.731~>210 212 213 359 <~Controls.732~><~Game.2039~><~Controls.733~><~Game.2042~> 4E018F
$kapcerz<~Controls.509~>144<~Controls.510~><~Game.2004~><~Controls.511~><~Controls.45~> null
$kapcerz<~Controls.509~>119<~Controls.510~><~Game.2005~><~Controls.511~><~Controls.45~> null
<Alexey'a> 1e C2AFE4
$Alexey'a<~Controls.372~>100 05796C
$Alexey'a<~Controls.345~>099 361 360 102 104 103 105 101 <~Controls.346~>15 13 10 14 14 14 11 15 null
$Alexey'a<~Controls.350~>099 361 360 102 104 103 105 101 null
$kapcerz<~Controls.345~>210 212 213 359 358 211 <~Controls.346~>2 3 4 3 1 0 null
$kapcerz<~HighlightLabel.86~>359<~HighlightLabel.87~><~Game.2042~><~HighlightLabel.88~><~Game.2035~> 0A9EC7
$kapcerz<~CardBuffet.9~>reveal 119 6018CE76C841A8DF1BC0183BF5FA7EAB389F7A79 10<~CardBuffet.10~><~Controls.45~><~CardBuffet.11~> 5BD522
$kapcerz<~Scribe.141~>308 307 <~Scribe.142~><~Game.2038~><~Scribe.143~><~Game.1970~><~Scribe.144~> EFE0AD
$kapcerz<~Controls.509~>106<~Controls.510~><~Game.2005~><~Controls.511~><~Controls.45~> null
$kapcerz<~Controls.644~>359 119 <~Controls.645~><~Game.2035~> 80AEF0
$Alexey'a<~Scribe.141~>104 <~Scribe.142~><~Game.2043~><~Scribe.143~><~Game.2035~><~Scribe.144~> B7EC62
$Alexey'a<~CardBuffet.14~>reveal 177 D0A9D8C62E04DD95B729DF52918A447DE7CC6F71 7<~CardBuffet.15~><~Controls.46~><~CardBuffet.16~> 61515E
$Alexey'a<~Controls.624~>220<~Controls.625~><~Game.2044~><~Controls.626~><~Game.2037~> null
$Alexey'a<~Controls.644~>104 177 220 <~Controls.645~><~Game.2035~> 79E692
$kapcerz<~HighlightLabel.86~>358<~HighlightLabel.87~><~Game.2042~><~HighlightLabel.88~><~Game.2035~> 6D3086
$kapcerz<~Controls.323~>247 0CF4B0
$kapcerz<~Controls.644~>358 <~Controls.645~><~Game.2035~> 7F658A
$Alexey'a<~Scribe.141~>102 <~Scribe.142~><~Game.2043~><~Scribe.143~><~Game.2035~><~Scribe.144~> A77ADA
$Alexey'a<~CardBuffet.14~>reveal 170 388D382879453CCA3B56E7B3B55E9B34E7F9E1C3 3<~CardBuffet.15~><~Controls.46~><~CardBuffet.16~> C21AF9
$Alexey'a<~Scribe.141~>321 343 339 340 342 341 <~Scribe.142~><~Game.2040~><~Scribe.143~><~Game.1969~><~Scribe.144~> C447EB
$Alexey'a<~Controls.644~>102 170 <~Controls.645~><~Game.2035~> 492039
$kapcerz<~HighlightLabel.86~>210<~HighlightLabel.87~><~Game.2042~><~HighlightLabel.88~><~Game.2035~> 4FDB18
$kapcerz<~Controls.281~>210 <~Controls.282~><~Game.2035~><~Controls.283~><~Game.2042~> A3CB6D
$kapcerz<~HighlightLabel.86~>210<~HighlightLabel.87~><~Game.2042~><~HighlightLabel.88~><~Game.2035~> 89D551
$kapcerz<~CardBuffet.9~>reveal 150 4BF3E5887FB1FA76F6E5B4A71A61EB353E7E30C4 4<~CardBuffet.10~><~Controls.45~><~CardBuffet.11~> 2504BC
$kapcerz<~Scribe.141~>259 <~Scribe.142~><~Game.2000~><~Scribe.143~><~Game.2001~><~Scribe.144~> BB89E8
$kapcerz<~Scribe.141~>283 289 <~Scribe.142~><~Game.2038~><~Scribe.143~><~Game.1929~><~Scribe.144~> BD1DA9
$kapcerz<~Controls.644~>210 150 <~Controls.645~><~Game.2035~> AFE397
$Alexey'a<~Scribe.141~>360 <~Scribe.142~><~Game.2043~><~Scribe.143~><~Game.2035~><~Scribe.144~> C16788
$Alexey'a<~Scribe.141~>261 <~Scribe.142~><~Game.2001~><~Scribe.143~><~Game.2002~><~Scribe.144~> ED939F
$Alexey'a<~Controls.644~>360 <~Controls.645~><~Game.2035~> 115853
$kapcerz<~HighlightLabel.86~>212<~HighlightLabel.87~><~Game.2042~><~HighlightLabel.88~><~Game.2035~> 41C19A
$kapcerz<~Scribe.141~>260 <~Scribe.142~><~Game.2001~><~Scribe.143~><~Game.2002~><~Scribe.144~> F4059D
$kapcerz<~Controls.644~>212 <~Controls.645~><~Game.2035~> E1B146
$Alexey'a<~Scribe.141~>105 <~Scribe.142~><~Game.2043~><~Scribe.143~><~Game.2035~><~Scribe.144~> 269465
$Alexey'a<~Scribe.141~>261 <~Scribe.142~><~Game.2002~><~Scribe.143~><~Game.2003~><~Scribe.144~> 3856C6
$Alexey'a<~Controls.644~>105 <~Controls.645~><~Game.2035~> EDE24F
$kapcerz<~HighlightLabel.86~>213<~HighlightLabel.87~><~Game.2042~><~HighlightLabel.88~><~Game.2035~> 145DFE
$kapcerz<~Scribe.141~>283 289 073 072 <~Scribe.142~><~Game.1929~><~Scribe.143~><~Game.1925~><~Scribe.144~> 3134C2
$kapcerz<~Scribe.141~>241 244 085 084 083 082 081 <~Scribe.142~><~Game.1944~><~Scribe.143~><~Game.1943~><~Scribe.144~> 482CD6
$kapcerz<~Controls.644~>213 <~Controls.645~><~Game.2035~> 4939B4
$Alexey'a<~Scribe.141~>361 <~Scribe.142~><~Game.2043~><~Scribe.143~><~Game.2035~><~Scribe.144~> 669713
$Alexey'a<~Controls.281~>361 <~Controls.282~><~Game.2035~><~Controls.283~><~Game.2043~> 1304BB
$Alexey'a<~HighlightLabel.81~>103<~HighlightLabel.82~><~Game.2043~><~HighlightLabel.83~><~Game.2035~> 41C454
$Alexey'a<~CardBuffet.14~>reveal 196 2DBEE73A4F23EC6C419727AB456769476B475465 18<~CardBuffet.15~><~Controls.46~><~CardBuffet.16~> 785518
$Alexey'a<~Scribe.141~>352 353 <~Scribe.142~><~Game.2040~><~Scribe.143~><~Game.1932~><~Scribe.144~> 50204F
$Alexey'a<~Scribe.141~>351 350 <~Scribe.142~><~Game.2040~><~Scribe.143~><~Game.1986~><~Scribe.144~> 65B806
$Alexey'a<~Scribe.141~>349 348 <~Scribe.142~><~Game.2040~><~Scribe.143~><~Game.1987~><~Scribe.144~> 5C395D
$Alexey'a<~Controls.644~>103 196 <~Controls.645~><~Game.2035~> 0480F3
$kapcerz<~HighlightLabel.86~>211<~HighlightLabel.87~><~Game.2042~><~HighlightLabel.88~><~Game.2035~> 82F98C
$kapcerz<~Controls.819~> DDCCC5
$kapcerz<~Scribe.141~>426 <~Scribe.142~><~Game.2042~><~Scribe.143~><~Game.2035~><~Scribe.144~> 6B59F2
$kapcerz<~Scribe.141~>259 <~Scribe.142~><~Game.2001~><~Scribe.143~><~Game.2002~><~Scribe.144~> 5A2F18
$kapcerz<~Controls.644~>426 <~Controls.645~><~Game.2035~> 621CC0
$Alexey'a<~Scribe.141~>361 <~Scribe.142~><~Game.2043~><~Scribe.143~><~Game.2035~><~Scribe.144~> 98D855
$Alexey'a<~CardBuffet.14~>reveal 203 D6C4A9EBA5EC4AFF2D4CFD9BBC369D4634A34B2F 18<~CardBuffet.15~><~Controls.46~><~CardBuffet.16~> 8D2A5C
$Alexey'a<~Controls.624~>219<~Controls.625~><~Game.2044~><~Controls.626~><~Game.2037~> null
$Alexey'a<~Controls.644~>361 203 219 <~Controls.645~><~Game.2035~> 324B95
$kapcerz<~HighlightLabel.86~>211<~HighlightLabel.87~><~Game.2042~><~HighlightLabel.88~><~Game.2035~> FDFF17
$kapcerz<~Controls.790~>248<~Controls.791~><~Game.2014~><~Controls.792~><~Game.2015~> 8E216C
$kapcerz<~Controls.795~>211<~Controls.796~><~Game.2035~><~Controls.797~><~Game.1997~> E3C41F
<game> Alexey'a<~Controls.1~> 1 2 6 null
<game> Alexey'a<~Controls.1~> 1 null
$Alexey'a<~Controls.624~>214<~Controls.625~><~Game.2044~><~Controls.626~><~Game.2037~> null
$kapcerz<~Scribe.141~>247 <~Scribe.142~><~Game.1912~><~Scribe.143~><~Game.1917~><~Scribe.144~> B01BE2
$kapcerz<~Controls.323~>247 BA9A0F
$Alexey'a<~Controls.624~>223<~Controls.625~><~Game.2044~><~Controls.626~><~Game.2036~> null
$kapcerz<~Scribe.141~>252 <~Scribe.142~><~Game.2014~><~Scribe.143~><~Game.2015~><~Scribe.144~> A749BC
$Alexey'a<~Controls.644~>223 214 <~Controls.645~><~Game.2035~> CEC183
$Alexey'a<~Controls.757~>099 101 100 <~Controls.758~><~Game.1997~><~Controls.759~><~Game.2043~> E620CD
$Alexey'a<~Controls.762~>361 103 105 360 102 104 <~Controls.763~><~Game.2041~><~Controls.764~><~Game.2043~> 97C301
$kapcerz<~Controls.726~>211 <~Controls.727~><~Game.1997~><~Controls.728~><~Game.2042~> A5D99A
<~Game.7~>4 null
$kapcerz<~Controls.731~>213 212 210 358 359 <~Controls.732~><~Game.2039~><~Controls.733~><~Game.2042~> F4A5C5
$Alexey'a<~Controls.509~>204<~Controls.510~><~Game.2006~><~Controls.511~><~Controls.46~> null
$Alexey'a<~Controls.509~>180<~Controls.510~><~Game.2007~><~Controls.511~><~Controls.46~> null
$kapcerz<~Controls.509~>133<~Controls.510~><~Game.2004~><~Controls.511~><~Controls.45~> null
$kapcerz<~Controls.509~>147<~Controls.510~><~Game.2005~><~Controls.511~><~Controls.45~> null
<Alexey'a> 2e 72250B
$Alexey'a<~Controls.372~>361 7B1EB1
$Alexey'a<~Controls.372~>103 571BC4
$Alexey'a<~Controls.345~>105 360 102 104 099 101 100 <~Controls.346~>12 10 13 15 10 11 14 null
$Alexey'a<~Controls.350~>105 360 102 104 099 101 100 null
<kapcerz> fsp ok 841FF2
$kapcerz<~Controls.345~>213 212 210 358 359 211 <~Controls.346~>3 1 3 1 2 4 null
$kapcerz<~HighlightLabel.86~>358<~HighlightLabel.87~><~Game.2042~><~HighlightLabel.88~><~Game.2035~> 428E75
$kapcerz<~Controls.323~>247 C4A5FB
$kapcerz<~Controls.644~>358 <~Controls.645~><~Game.2035~> 2A2C87
$Alexey'a<~Scribe.141~>099 <~Scribe.142~><~Game.2043~><~Scribe.143~><~Game.2035~><~Scribe.144~> 571749
$Alexey'a<~Scribe.141~>318 <~Scribe.142~><~Game.2040~><~Scribe.143~><~Game.1917~><~Scribe.144~> C89018
$Alexey'a<~Scribe.141~>338 <~Scribe.142~><~Game.2040~><~Scribe.143~><~Game.1956~><~Scribe.144~> BF08E2
$Alexey'a<~Controls.644~>099 <~Controls.645~><~Game.2035~> B03C14
$kapcerz<~HighlightLabel.86~>210<~HighlightLabel.87~><~Game.2042~><~HighlightLabel.88~><~Game.2035~> 35FAB9
$kapcerz<~Controls.281~>210 <~Controls.282~><~Game.2035~><~Controls.283~><~Game.2042~> DC51D2
$kapcerz<~HighlightLabel.86~>359<~HighlightLabel.87~><~Game.2042~><~HighlightLabel.88~><~Game.2035~> 02FE9B
$kapcerz<~Controls.281~>359 <~Controls.282~><~Game.2035~><~Controls.283~><~Game.2042~> A8AE83
$kapcerz<~HighlightLabel.86~>210<~HighlightLabel.87~><~Game.2042~><~HighlightLabel.88~><~Game.2035~> EE2A97
$kapcerz<~Scribe.141~>260 <~Scribe.142~><~Game.2002~><~Scribe.143~><~Game.2003~><~Scribe.144~> 8A6A62
$kapcerz<~Controls.644~>210 <~Controls.645~><~Game.2035~> D2E824
$Alexey'a<~Scribe.141~>360 <~Scribe.142~><~Game.2043~><~Scribe.143~><~Game.2035~><~Scribe.144~> CC6718
$Alexey'a<~CardBuffet.14~>reveal 180 DB0B4E66FB50315953AF3C91D2510D27898BBEA6 23<~CardBuffet.15~><~Controls.46~><~CardBuffet.16~> C7574E
$Alexey'a<~Scribe.141~>325 326 <~Scribe.142~><~Game.2040~><~Scribe.143~><~Game.1919~><~Scribe.144~> 8457FF
$Alexey'a<~Scribe.141~>328 329 <~Scribe.142~><~Game.2040~><~Scribe.143~><~Game.1914~><~Scribe.144~> 121987
$Alexey'a<~Scribe.141~>330 327 <~Scribe.142~><~Game.2040~><~Scribe.143~><~Game.1910~><~Scribe.144~> CFC0B4
$Alexey'a<~Controls.644~>360 180 <~Controls.645~><~Game.2035~> 03617E
$kapcerz<~Scribe.141~>427 <~Scribe.142~><~Game.2042~><~Scribe.143~><~Game.2035~><~Scribe.144~> 8A9660
$kapcerz<~Controls.509~>115<~Controls.510~><~Game.2004~><~Controls.511~><~Controls.45~> null
$kapcerz<~Controls.644~>427 <~Controls.645~><~Game.2035~> 507152
$Alexey'a<~Scribe.141~>101 <~Scribe.142~><~Game.2043~><~Scribe.143~><~Game.2035~><~Scribe.144~> 822330
$Alexey'a<~Controls.304~>002 <~Controls.305~><~Game.1919~> 56CA30
$Alexey'a<~Controls.313~>324 <~Controls.309~><~Controls.314~><~Game.1919~> 149689
$Alexey'a<~Controls.304~>005 <~Controls.305~><~Game.1919~> 574604
$Alexey'a<~Controls.313~>323 <~Controls.309~><~Controls.314~><~Game.1919~> E4AA4C
$Alexey'a<~Controls.644~>101 <~Controls.645~><~Game.2035~> ACD5DA
$kapcerz<~HighlightLabel.86~>211<~HighlightLabel.87~><~Game.2042~><~HighlightLabel.88~><~Game.2035~> FBAC7F
$kapcerz<~Scribe.141~>211 <~Scribe.142~><~Game.2042~><~Scribe.143~><~Game.2035~><~Scribe.144~> 81DF80
$kapcerz<~Scribe.141~>283 289 073 072 <~Scribe.142~><~Game.1925~><~Scribe.143~><~Game.1918~><~Scribe.144~> B31F8A
$kapcerz<~Scribe.141~>059 <~Scribe.142~><~Game.1973~><~Scribe.143~><~Game.1965~><~Scribe.144~> 24B8EC
$kapcerz<~Controls.644~>211 <~Controls.645~><~Game.2035~> A5206C
$Alexey'a<~Scribe.141~>100 <~Scribe.142~><~Game.2043~><~Scribe.143~><~Game.2035~><~Scribe.144~> B5D26F
$Alexey'a<~Controls.509~>201<~Controls.510~><~Game.2006~><~Controls.511~><~Controls.46~> null
$Alexey'a<~Controls.644~>100 <~Controls.645~><~Game.2035~> C31BFD
$kapcerz<~HighlightLabel.86~>359<~HighlightLabel.87~><~Game.2042~><~HighlightLabel.88~><~Game.2035~> 928C74
$kapcerz<~CardBuffet.9~>reveal 115 7DF6D0868D63B375F05290FCD3D607F9AD62780B 18<~CardBuffet.10~><~Controls.45~><~CardBuffet.11~> B7B61D
$kapcerz<~Controls.281~>234 <~Controls.282~><~Game.2046~><~Controls.283~><~Game.2045~> 787D13
$kapcerz<~Controls.644~>359 115 <~Controls.645~><~Game.2035~> 7AC4AD
$Alexey'a<~Scribe.141~>105 <~Scribe.142~><~Game.2043~><~Scribe.143~><~Game.2035~><~Scribe.144~> 196939
$Alexey'a<~Scribe.141~>036 029 028 027 026 <~Scribe.142~><~Game.1979~><~Scribe.143~><~Game.533~><~Scribe.144~> C0348B
$Alexey'a<~Scribe.141~>034 033 <~Scribe.142~><~Game.1971~><~Scribe.143~><~Game.1977~><~Scribe.144~> BAEF3B
$Alexey'a<~Scribe.141~>034 033 032 031 030 <~Scribe.142~><~Game.1977~><~Scribe.143~><~Game.533~><~Scribe.144~> D58511
$Alexey'a<~Controls.644~>105 <~Controls.645~><~Game.2035~> B33F44
$kapcerz<~HighlightLabel.86~>213<~HighlightLabel.87~><~Game.2042~><~HighlightLabel.88~><~Game.2035~> 2660AE
$kapcerz<~Scribe.141~>275 <~Scribe.142~><~Game.2038~><~Scribe.143~><~Game.1920~><~Scribe.144~> B5171E
$kapcerz<~Controls.644~>213 <~Controls.645~><~Game.2035~> B91686
$Alexey'a<~Scribe.141~>102 <~Scribe.142~><~Game.2043~><~Scribe.143~><~Game.2035~><~Scribe.144~> 946AE5
$Alexey'a<~CardBuffet.14~>reveal 201 0D936B26FB4011D8F16DF7E15BCD66B3F6FF22B1 10<~CardBuffet.15~><~Controls.46~><~CardBuffet.16~> E092F3
$Alexey'a<~Controls.624~>221<~Controls.625~><~Game.2044~><~Controls.626~><~Game.2037~> null
$Alexey'a<~Controls.644~>102 201 221 <~Controls.645~><~Game.2035~> B06075
<kapcerz> wow B9022C
$kapcerz<~Controls.271~>212<~Controls.272~><~Game.2042~><~Controls.273~><~Game.2035~> 5F95E0
$kapcerz<~Controls.790~>248<~Controls.791~><~Game.2014~><~Controls.792~><~Game.2015~> 9EB5D2
$kapcerz<~Controls.795~>212<~Controls.796~><~Game.2035~><~Controls.797~><~Game.1997~> 6DEDC6
<game> Alexey'a<~Controls.1~> 3 5 4 null
<game> Alexey'a<~Controls.1~> 4 5 1 null
$Alexey'a<~Controls.757~>104 103 361 <~Controls.758~><~Game.1997~><~Controls.759~><~Game.2043~> E661E2
$Alexey'a<~Controls.762~>102 105 100 101 360 099 <~Controls.763~><~Game.2041~><~Controls.764~><~Game.2043~> 76A96F
$Alexey'a<~Controls.509~>168<~Controls.510~><~Game.2006~><~Controls.511~><~Controls.46~> null
$Alexey'a<~Controls.509~>199<~Controls.510~><~Game.2007~><~Controls.511~><~Controls.46~> null
$kapcerz<~Scribe.141~>247 <~Scribe.142~><~Game.1917~><~Scribe.143~><~Game.1927~><~Scribe.144~> 6265D0
$kapcerz<~Scribe.141~>248 <~Scribe.142~><~Game.2015~><~Scribe.143~><~Game.2014~><~Scribe.144~> 2F23F7
$kapcerz<~Controls.726~>212 <~Controls.727~><~Game.1997~><~Controls.728~><~Game.2042~> 170A7B
<~Game.7~>5 null
$kapcerz<~Controls.731~>213 359 211 210 358 <~Controls.732~><~Game.2039~><~Controls.733~><~Game.2042~> 65F17E
$kapcerz<~Controls.509~>142<~Controls.510~><~Game.2004~><~Controls.511~><~Controls.45~> null
$kapcerz<~Controls.509~>153<~Controls.510~><~Game.2005~><~Controls.511~><~Controls.45~> null
$kapcerz<~Controls.296~>109 <~Controls.297~><~Controls.45~> 805879
<Alexey'a> 2e DFC427
$Alexey'a<~Controls.372~>102 A61E75
$Alexey'a<~Controls.372~>105 178D72
$Alexey'a<~Controls.345~>100 101 360 099 104 103 361 <~Controls.346~>10 10 13 14 14 11 15 null
$Alexey'a<~Controls.350~>100 101 360 099 104 103 361 null
$kapcerz<~Controls.345~>213 359 211 210 358 212 <~Controls.346~>4 0 3 3 4 2 null
$kapcerz<~HighlightLabel.86~>359<~HighlightLabel.87~><~Game.2042~><~HighlightLabel.88~><~Game.2035~> 7A2B14
$kapcerz<~Controls.790~>248<~Controls.791~><~Game.2014~><~Controls.792~><~Game.2015~> 023025
$kapcerz<~Controls.795~>359<~Controls.796~><~Game.2035~><~Controls.797~><~Game.1997~> F0FC38
<game> Alexey'a<~Controls.1~> 5 2 4 null
$Alexey'a<~Scribe.141~>101 <~Scribe.142~><~Game.2043~><~Scribe.143~><~Game.2035~><~Scribe.144~> D8C638
$Alexey'a<~Scribe.141~>322 <~Scribe.142~><~Game.2040~><~Scribe.143~><~Game.1919~><~Scribe.144~> EBC341
$Alexey'a<~Controls.644~>101 <~Controls.645~><~Game.2035~> 2D73FE
$kapcerz<~HighlightLabel.86~>210<~HighlightLabel.87~><~Game.2042~><~HighlightLabel.88~><~Game.2035~> AE791E
$kapcerz<~Scribe.141~>276 <~Scribe.142~><~Game.2038~><~Scribe.143~><~Game.1920~><~Scribe.144~> 4A29AA
$kapcerz<~Controls.644~>210 <~Controls.645~><~Game.2035~> 52B9BA
$Alexey'a<~Scribe.141~>099 <~Scribe.142~><~Game.2043~><~Scribe.143~><~Game.2035~><~Scribe.144~> 924910
$Alexey'a<~CardBuffet.14~>reveal 168 568E59A196187F8786B89FEAB0B292E1E2FB4F9D 11<~CardBuffet.15~><~Controls.46~><~CardBuffet.16~> D0FCED
$Alexey'a<~Controls.281~>238 <~Controls.282~><~Game.2046~><~Controls.283~><~Game.2045~> F77B52
$Alexey'a<~Controls.644~>099 168 <~Controls.645~><~Game.2035~> 1C206B
$kapcerz<~HighlightLabel.86~>211<~HighlightLabel.87~><~Game.2042~><~HighlightLabel.88~><~Game.2035~> 2EB8CA
$kapcerz<~Scribe.141~>277 <~Scribe.142~><~Game.2038~><~Scribe.143~><~Game.1944~><~Scribe.144~> 6248E0
$kapcerz<~Scribe.141~>270 <~Scribe.142~><~Game.2038~><~Scribe.143~><~Game.1920~><~Scribe.144~> 6E7F04
$kapcerz<~Controls.644~>211 <~Controls.645~><~Game.2035~> 533191
$Alexey'a<~Scribe.141~>104 <~Scribe.142~><~Game.2043~><~Scribe.143~><~Game.2035~><~Scribe.144~> 4668FE
$Alexey'a<~CardBuffet.14~>reveal 204 A8AFE0AF877ED2DCF31D1A8E437BDF9DD07F60BA 3<~CardBuffet.15~><~Controls.46~><~CardBuffet.16~> CCCE79
$Alexey'a<~Controls.281~>236 <~Controls.282~><~Game.2046~><~Controls.283~><~Game.2045~> D2017B
$Alexey'a<~Controls.644~>104 204 <~Controls.645~><~Game.2035~> 6E9A94
$kapcerz<~HighlightLabel.86~>358<~HighlightLabel.87~><~Game.2042~><~HighlightLabel.88~><~Game.2035~> CA4DF1
$kapcerz<~Scribe.141~>282 <~Scribe.142~><~Game.2038~><~Scribe.143~><~Game.1931~><~Scribe.144~> 41C51D
$kapcerz<~Scribe.141~>281 <~Scribe.142~><~Game.2038~><~Scribe.143~><~Game.1944~><~Scribe.144~> D55AC3
$kapcerz<~Controls.644~>358 <~Controls.645~><~Game.2035~> FA290C
$Alexey'a<~Scribe.141~>100 <~Scribe.142~><~Game.2043~><~Scribe.143~><~Game.2035~><~Scribe.144~> 1BA476
$Alexey'a<~Scribe.141~>005 332 002 <~Scribe.142~><~Game.2040~><~Scribe.143~><~Game.1900~><~Scribe.144~> 53E654
$Alexey'a<~Scribe.141~>005 <~Scribe.142~><~Game.1900~><~Scribe.143~><~Game.1919~><~Scribe.144~> 4504C2
$Alexey'a<~Scribe.141~>002 <~Scribe.142~><~Game.1900~><~Scribe.143~><~Game.1914~><~Scribe.144~> 29E598
$Alexey'a<~Scribe.141~>332 <~Scribe.142~><~Game.1900~><~Scribe.143~><~Game.1910~><~Scribe.144~> 2E154F
$Alexey'a<~Controls.644~>100 <~Controls.645~><~Game.2035~> 1EE7AB
$kapcerz<~HighlightLabel.86~>213<~HighlightLabel.87~><~Game.2042~><~HighlightLabel.88~><~Game.2035~> B329DF
$kapcerz<~Scribe.141~>273 <~Scribe.142~><~Game.2038~><~Scribe.143~><~Game.1944~><~Scribe.144~> 54B462
$kapcerz<~Controls.644~>213 <~Controls.645~><~Game.2035~> C21B13
$Alexey'a<~Scribe.141~>103 <~Scribe.142~><~Game.2043~><~Scribe.143~><~Game.2035~><~Scribe.144~> CD5E47
$Alexey'a<~Scribe.141~>002 328 329 000 <~Scribe.142~><~Game.1914~><~Scribe.143~><~Game.1910~><~Scribe.144~> 8F8217
$Alexey'a<~Scribe.141~>056 351 350 052 051 050 <~Scribe.142~><~Game.1986~><~Scribe.143~><~Game.1984~><~Scribe.144~> 2DC073
$Alexey'a<~Controls.644~>103 <~Controls.645~><~Game.2035~> 125ABF
$kapcerz<~Controls.271~>212<~Controls.272~><~Game.2042~><~Controls.273~><~Game.2035~> 15EEDB
$kapcerz<~CardBuffet.9~>reveal 147 D0692F24787D7526952C2A103656704FCE650217 19<~CardBuffet.10~><~Controls.45~><~CardBuffet.11~> 7D8168
$kapcerz<~Scribe.141~>309 315 <~Scribe.142~><~Game.2038~><~Scribe.143~><~Game.1965~><~Scribe.144~> 278C14
$kapcerz<~Controls.644~>212 147 <~Controls.645~><~Game.2035~> 036D89
$Alexey'a<~Scribe.141~>360 <~Scribe.142~><~Game.2043~><~Scribe.143~><~Game.2035~><~Scribe.144~> FADE0E
<Alexey'a> fords D62622
<Alexey'a> no 946230
<Alexey'a> hm 56CF30
$Alexey'a<~CardBuffet.14~>reveal 208 C543EAE1BE3C9946175253367B5162C994B435C7 12<~CardBuffet.15~><~Controls.46~><~CardBuffet.16~> 950D33
$Alexey'a<~Scribe.141~>037 <~Scribe.142~><~Game.1912~><~Scribe.143~><~Game.1927~><~Scribe.144~> 000F03
$Alexey'a<~Scribe.141~>253 <~Scribe.142~><~Game.1954~><~Scribe.143~><~Game.1919~><~Scribe.144~> 07DD0E
$Alexey'a<~Scribe.141~>318 <~Scribe.142~><~Game.1917~><~Scribe.143~><~Game.1930~><~Scribe.144~> 8DEB6A
$Alexey'a<~Scribe.141~>040 <~Scribe.142~><~Game.1954~><~Scribe.143~><~Game.1984~><~Scribe.144~> DA85B7
$Alexey'a<~Scribe.141~>038 <~Scribe.142~><~Game.1954~><~Scribe.143~><~Game.1987~><~Scribe.144~> 5788E0
$Alexey'a<~Scribe.141~>040 <~Scribe.142~><~Game.1984~><~Scribe.143~><~Game.1910~><~Scribe.144~> 3C7C1C
$Alexey'a<~Scribe.141~>321 <~Scribe.142~><~Game.1969~><~Scribe.143~><~Game.1953~><~Scribe.144~> 3DBC43
$Alexey'a<~Controls.323~>247 648A04
$kapcerz<~Scribe.141~>247 <~Scribe.142~><~Game.1927~><~Scribe.143~><~Game.1930~><~Scribe.144~> 1E4D9F
$Alexey'a<~Controls.644~>360 208 <~Controls.645~><~Game.2035~> B6AD08
$Alexey'a<~Controls.757~>361 105 102 <~Controls.758~><~Game.1997~><~Controls.759~><~Game.2043~> 5180C0
$Alexey'a<~Controls.762~>360 103 100 104 099 101 <~Controls.763~><~Game.2041~><~Controls.764~><~Game.2043~> A6AADE
$Alexey'a<~Controls.509~>202<~Controls.510~><~Game.2006~><~Controls.511~><~Controls.46~> null
$Alexey'a<~Controls.509~>172<~Controls.510~><~Game.2007~><~Controls.511~><~Controls.46~> null
$kapcerz<~Controls.726~>359 <~Controls.727~><~Game.1997~><~Controls.728~><~Game.2042~> EA2CB0
<~Game.7~>6 null
$kapcerz<~Controls.731~>212 213 358 211 210 <~Controls.732~><~Game.2039~><~Controls.733~><~Game.2042~> BB2163
$kapcerz<~Controls.509~>107<~Controls.510~><~Game.2004~><~Controls.511~><~Controls.45~> null
$kapcerz<~Controls.509~>138<~Controls.510~><~Game.2005~><~Controls.511~><~Controls.45~> null
$kapcerz<~Controls.296~>107 <~Controls.297~><~Controls.45~> 37A182
<kapcerz> fsp ok 37B9E4
<Alexey'a> 1e D32A66
$Alexey'a<~Controls.372~>360 9ECB51
$Alexey'a<~Controls.345~>103 100 104 099 101 361 105 102 <~Controls.346~>12 10 14 10 11 10 13 10 null
$Alexey'a<~Controls.350~>103 100 104 099 101 361 105 102 null
$kapcerz<~Controls.345~>212 213 358 211 210 359 <~Controls.346~>4 2 4 2 4 1 null
$kapcerz<~HighlightLabel.86~>359<~HighlightLabel.87~><~Game.2042~><~HighlightLabel.88~><~Game.2035~> 29D6FC
$kapcerz<~Controls.323~>247 97B359
$kapcerz<~Controls.644~>359 <~Controls.645~><~Game.2035~> 3FAB41
$Alexey'a<~Scribe.141~>104 <~Scribe.142~><~Game.2043~><~Scribe.143~><~Game.2035~><~Scribe.144~> 87D3A8
$Alexey'a<~Controls.509~>189<~Controls.510~><~Game.2007~><~Controls.511~><~Controls.46~> null
$Alexey'a<~Controls.644~>104 <~Controls.645~><~Game.2035~> D8E8A4
<kapcerz> pass 364531
$Alexey'a<~Scribe.141~>361 <~Scribe.142~><~Game.2043~><~Scribe.143~><~Game.2035~><~Scribe.144~> 948377
$Alexey'a<~Scribe.141~>333 <~Scribe.142~><~Game.2040~><~Scribe.143~><~Game.1917~><~Scribe.144~> 757C6A
$Alexey'a<~Controls.644~>361 <~Controls.645~><~Game.2035~> 4CA9AF
<kapcerz> pass D6EAE4
$Alexey'a<~Scribe.141~>099 <~Scribe.142~><~Game.2043~><~Scribe.143~><~Game.2035~><~Scribe.144~> 0866B5
$Alexey'a<~Scribe.141~>035 <~Scribe.142~><~Game.2040~><~Scribe.143~><~Game.1917~><~Scribe.144~> 8B5F62
$Alexey'a<~Controls.644~>099 <~Controls.645~><~Game.2035~> A35740
$kapcerz<~HighlightLabel.86~>210<~HighlightLabel.87~><~Game.2042~><~HighlightLabel.88~><~Game.2035~> 3238B1
$kapcerz<~Scribe.141~>268 <~Scribe.142~><~Game.2038~><~Scribe.143~><~Game.1928~><~Scribe.144~> EE7D8F
$kapcerz<~Scribe.141~>269 <~Scribe.142~><~Game.2038~><~Scribe.143~><~Game.1911~><~Scribe.144~> 72AD5B
$kapcerz<~Controls.644~>210 <~Controls.645~><~Game.2035~> FDA0CB
$Alexey'a<~Scribe.141~>105 <~Scribe.142~><~Game.2043~><~Scribe.143~><~Game.2035~><~Scribe.144~> 2F57C9
<Alexey'a> fords 4E906B
$Alexey'a<~Controls.840~>189 EBD22E
$Alexey'a<~Scribe.141~>259 <~Scribe.142~><~Game.2002~><~Scribe.143~><~Game.2003~><~Scribe.144~> 1E4994
$kapcerz<~Controls.840~>138 508CD4
<auto> playchosen 08884F
<auto><~Controls.3~>reveal 138 293560CE292CC339F2A372FF10BA31FC75FB0730 21<~Controls.884~><~Controls.45~><~Controls.885~><~Game.2037~> 0F0087
<auto><~Controls.866~>reveal 189 438447A829C678CFBA916308299C2E5CB5F65CED 16<~Controls.867~><~Controls.46~><~Controls.868~><~Game.2036~> 9091E2
<auto> playchosen 4E6E95
<game> Alexey'a<~Controls.1~> 3 4 2 null
<game> Alexey'a<~Controls.1~> 4 2 6 null
<Alexey'a> 1 F98D1C
<game> kapcerz<~Controls.1~> 2 5 3 6 5 null
<game> kapcerz<~Controls.1~> 5 3 null
<kapcerz> 4 B171E8
$Alexey'a<~Scribe.141~>322 <~Scribe.142~><~Game.1919~><~Scribe.143~><~Game.2036~><~Scribe.144~> BE1A20
$Alexey'a<~Scribe.141~>004 003 <~Scribe.142~><~Game.1919~><~Scribe.143~><~Game.2036~><~Scribe.144~> 6A7BC7
<Alexey'a> press 56B104
$Alexey'a<~Controls.509~>171<~Controls.510~><~Game.2007~><~Controls.511~><~Controls.46~> null
$kapcerz<~Scribe.141~>069 <~Scribe.142~><~Game.1918~><~Scribe.143~><~Game.2037~><~Scribe.144~> C3E7C0
$kapcerz<~Scribe.141~>283 074 289 073 072 070 <~Scribe.142~><~Game.1918~><~Scribe.143~><~Game.1923~><~Scribe.144~> F97DDE
$Alexey'a<~Scribe.141~>253 323 324 325 326 006 005 <~Scribe.142~><~Game.1919~><~Scribe.143~><~Game.1918~><~Scribe.144~> 5EA607
$Alexey'a<~Controls.644~>105 189 322 004 003 138 069 <~Controls.645~><~Game.2035~> 2ACCFA
$kapcerz<~HighlightLabel.86~>358<~HighlightLabel.87~><~Game.2042~><~HighlightLabel.88~><~Game.2035~> 2C07B6
$kapcerz<~Scribe.141~>284 <~Scribe.142~><~Game.2038~><~Scribe.143~><~Game.1923~><~Scribe.144~> 1D0415
$kapcerz<~Scribe.141~>272 <~Scribe.142~><~Game.2038~><~Scribe.143~><~Game.1944~><~Scribe.144~> 307EF0
$kapcerz<~Controls.644~>358 <~Controls.645~><~Game.2035~> 0492B9
$Alexey'a<~Scribe.141~>103 <~Scribe.142~><~Game.2043~><~Scribe.143~><~Game.2035~><~Scribe.144~> ACD4CE
<Alexey'a> HD FC8149
$kapcerz<~Scribe.141~>284 283 074 289 073 072 070 071 <~Scribe.142~><~Game.1923~><~Scribe.143~><~Game.1993~><~Scribe.144~> 0F6EAE
$Alexey'a<~Scribe.141~>253 323 324 325 326 006 005 <~Scribe.142~><~Game.1918~><~Scribe.143~><~Game.1923~><~Scribe.144~> 52000A
$Alexey'a<~Scribe.141~>005 <~Scribe.142~><~Game.1923~><~Scribe.143~><~Game.1918~><~Scribe.144~> AF6B6D
$Alexey'a<~Controls.644~>103 <~Controls.645~><~Game.2035~> 80A306
$kapcerz<~HighlightLabel.86~>211<~HighlightLabel.87~><~Game.2042~><~HighlightLabel.88~><~Game.2035~> 21A1F9
$kapcerz<~CardBuffet.9~>reveal 153 524EC81BEB7FF53B2A2EA99BC8A1B8726F592BCC 1<~CardBuffet.10~><~Controls.45~><~CardBuffet.11~> CF12DE
$kapcerz<~Scribe.141~>241 244 085 084 083 082 081 080 079 <~Scribe.142~><~Game.1943~><~Scribe.143~><~Game.1942~><~Scribe.144~> 31C480
$kapcerz<~Scribe.141~>241 244 085 084 083 082 081 080 079 <~Scribe.142~><~Game.1942~><~Scribe.143~><~Game.1937~><~Scribe.144~> 9959F2
$kapcerz<~Controls.644~>211 153 <~Controls.645~><~Game.2035~> 772756
$Alexey'a<~Scribe.141~>101 <~Scribe.142~><~Game.2043~><~Scribe.143~><~Game.2035~><~Scribe.144~> 897B37
<Alexey'a> HD F13777
$Alexey'a<~Controls.840~>172 B54CAD
$kapcerz<~Controls.840~>142 619F38
<auto> playchosen 198BB1
<auto><~Controls.3~>reveal 142 E90286FE150C7E274459F4A7FD3FF00D1957F35E 13<~Controls.884~><~Controls.45~><~Controls.885~><~Game.2037~> BA586B
<auto><~Controls.866~>reveal 172 A6B51454175FE0491E59BDD53349880A7657ED5D 19<~Controls.867~><~Controls.46~><~Controls.868~><~Game.2036~> 38E77E
<auto> playchosen A8EFA3
<game> Alexey'a<~Controls.1~> 4 6 null
<Alexey'a> 2 67684B
<game> kapcerz<~Controls.1~> 2 3 3 5 6 null
<game> kapcerz<~Controls.1~> 1 null
<kapcerz> 4 45B3AD
$Alexey'a<~Controls.304~>324 <~Controls.305~><~Game.1923~> D8C748
$Alexey'a<~Controls.313~>004 <~Controls.307~><~Controls.314~><~Game.1923~> 72B193
$Alexey'a<~Controls.304~>326 <~Controls.305~><~Game.1923~> DDAE42
$Alexey'a<~Controls.313~>003 <~Controls.307~><~Controls.314~><~Game.1923~> B5B7D1
$kapcerz<~Controls.304~>289 073 <~Controls.305~><~Game.1993~> 023D7C
$kapcerz<~Controls.313~>295 069 <~Controls.309~>(1)/casualties(1)<~Controls.314~><~Game.1993~> 1F4F45
$Alexey'a<~Scribe.141~>006 <~Scribe.142~><~Game.1923~><~Scribe.143~><~Game.2036~><~Scribe.144~> 35853F
<Alexey'a> stop 74F5E6
$Alexey'a<~Controls.509~>192<~Controls.510~><~Game.2007~><~Controls.511~><~Controls.46~> null
$Alexey'a<~Controls.644~>101 172 006 142 <~Controls.645~><~Game.2035~> 00CF49
$kapcerz<~HighlightLabel.86~>212<~HighlightLabel.87~><~Game.2042~><~HighlightLabel.88~><~Game.2035~> EDD47F
$kapcerz<~Scribe.141~>241 244 085 084 083 082 081 080 079 <~Scribe.142~><~Game.1937~><~Scribe.143~><~Game.1925~><~Scribe.144~> 70B601
$kapcerz<~Scribe.141~>240 058 <~Scribe.142~><~Game.1891~><~Scribe.143~><~Game.1889~><~Scribe.144~> 69A8FC
$kapcerz<~Controls.644~>212 <~Controls.645~><~Game.2035~> 1E5063
$Alexey'a<~Scribe.141~>102 <~Scribe.142~><~Game.2043~><~Scribe.143~><~Game.2035~><~Scribe.144~> B983A1
$Alexey'a<~Scribe.141~>006 <~Scribe.142~><~Game.2040~><~Scribe.143~><~Game.1919~><~Scribe.144~> 1FAA9B
$Alexey'a<~Controls.644~>102 <~Controls.645~><~Game.2035~> FF0F78
$kapcerz<~Controls.271~>213<~Controls.272~><~Game.2042~><~Controls.273~><~Game.2035~> 25D504
$kapcerz<~CardBuffet.9~>reveal 133 883B67FDEC0361A8E1374FB8B20104030548D15C 1<~CardBuffet.10~><~Controls.45~><~CardBuffet.11~> 530DC7
$kapcerz<~Scribe.141~>240 <~Scribe.142~><~Game.1889~><~Scribe.143~><~Game.1884~><~Scribe.144~> 1BDA71
$kapcerz<~Scribe.141~>240 <~Scribe.142~><~Game.1884~><~Scribe.143~><~Game.1883~><~Scribe.144~> 863D15
$kapcerz<~Scribe.141~>240 <~Scribe.142~><~Game.1883~><~Scribe.143~><~Game.1895~><~Scribe.144~> 853322
$kapcerz<~Scribe.141~>240 <~Scribe.142~><~Game.1895~><~Scribe.143~><~Game.1905~><~Scribe.144~> 792E79
$kapcerz<~Scribe.141~>240 <~Scribe.142~><~Game.1905~><~Scribe.143~><~Game.1918~><~Scribe.144~> 5FD216
$kapcerz<~Scribe.141~>240 <~Scribe.142~><~Game.1918~><~Scribe.143~><~Game.1925~><~Scribe.144~> 0EE4F2
$kapcerz<~Controls.644~>213 133 <~Controls.645~><~Game.2035~> 7AC1B3
$Alexey'a<~Scribe.141~>100 <~Scribe.142~><~Game.2043~><~Scribe.143~><~Game.2035~><~Scribe.144~> E0CA9D
$Alexey'a<~Scribe.141~>326 <~Scribe.142~><~Game.2040~><~Scribe.143~><~Game.1919~><~Scribe.144~> 9C8D56
$Alexey'a<~Controls.644~>100 <~Controls.645~><~Game.2035~> FBE20F
$Alexey'a<~Controls.757~>360 <~Controls.758~><~Game.1997~><~Controls.759~><~Game.2043~> CD8E6D
$Alexey'a<~Controls.762~>100 102 101 103 105 099 361 104 <~Controls.763~><~Game.2041~><~Controls.764~><~Game.2043~> B4BD59
$kapcerz<~Controls.731~>213 212 211 358 210 359 <~Controls.732~><~Game.2039~><~Controls.733~><~Game.2042~> A1B78F
<~Game.7~>7 null
$Alexey'a<~Controls.509~>160<~Controls.510~><~Game.2006~><~Controls.511~><~Controls.46~> null
$kapcerz<~Controls.509~>116<~Controls.510~><~Game.2004~><~Controls.511~><~Controls.45~> null
$Alexey'a<~Controls.509~>187<~Controls.510~><~Game.2007~><~Controls.511~><~Controls.46~> null
$kapcerz<~Controls.509~>140<~Controls.510~><~Game.2005~><~Controls.511~><~Controls.45~> null
<kapcerz> fsp ok 91900E
$Alexey'a<~Controls.281~>160 <~Controls.282~><~Controls.46~><~Controls.283~><~Game.2041~> 96B705
$Alexey'a<~Controls.372~>100 D53D6E
$Alexey'a<~Controls.345~>102 101 103 105 099 361 104 360 <~Controls.346~>10 15 15 14 14 15 10 15 null
$Alexey'a<~Controls.350~>102 101 103 105 099 361 104 360 null
$kapcerz<~Controls.345~>213 212 211 358 210 359 <~Controls.346~>1 3 1 3 1 1 null
$kapcerz<~HighlightLabel.86~>359<~HighlightLabel.87~><~Game.2042~><~HighlightLabel.88~><~Game.2035~> 713C97
<kapcerz> fords of isen D7AA36
<kapcerz> nc ABC6B4
<Alexey'a> nc D567E0
<game> kapcerz<~Controls.1~> 5 4 2 3 6 null
<game> Alexey'a<~Controls.1~> 5 null
<Alexey'a> 1 311B51
$kapcerz<~Scribe.141~>079 <~Scribe.142~><~Game.1925~><~Scribe.143~><~Game.2037~><~Scribe.144~> 1800BA
$Alexey'a<~Scribe.141~>005 <~Scribe.142~><~Game.1918~><~Scribe.143~><~Game.2037~><~Scribe.144~> B2C298
$kapcerz<~Scribe.141~>240 241 244 085 084 083 082 081 080 <~Scribe.142~><~Game.1925~><~Scribe.143~><~Game.1918~><~Scribe.144~> 5E75F1
$kapcerz<~Controls.644~>359 005 079 <~Controls.645~><~Game.2035~> 7ACAC6
$Alexey'a<~Scribe.141~>099 <~Scribe.142~><~Game.2043~><~Scribe.143~><~Game.2035~><~Scribe.144~> 5DAEE3
$Alexey'a<~Controls.281~>099 <~Controls.282~><~Game.2035~><~Controls.283~><~Game.2043~> 6932F5
$Alexey'a<~Scribe.141~>105 <~Scribe.142~><~Game.2043~><~Scribe.143~><~Game.2035~><~Scribe.144~> AA4B8B
$Alexey'a<~CardBuffet.14~>reveal 202 F8151ECAC99ECEE9061319D5785FB5581C099F67 2<~CardBuffet.15~><~Controls.46~><~CardBuffet.16~> 30DD60
$Alexey'a<~Scribe.141~>253 <~Scribe.142~><~Game.1923~><~Scribe.143~><~Game.1910~><~Scribe.144~> 55BD70
$Alexey'a<~Scribe.141~>253 040 002 328 329 000 332 330 327 001 <~Scribe.142~><~Game.1910~><~Scribe.143~><~Game.1914~><~Scribe.144~> 6745CA
$Alexey'a<~Scribe.141~>038 349 348 054 053 <~Scribe.142~><~Game.1987~><~Scribe.143~><~Game.1984~><~Scribe.144~> C48855
$Alexey'a<~Scribe.141~>037 <~Scribe.142~><~Game.1927~><~Scribe.143~><~Game.1937~><~Scribe.144~> 653A67
$Alexey'a<~Scribe.141~>321 <~Scribe.142~><~Game.1953~><~Scribe.143~><~Game.1951~><~Scribe.144~> 71C0A2
$Alexey'a<~Scribe.141~>039 <~Scribe.142~><~Game.1954~><~Scribe.143~><~Game.1919~><~Scribe.144~> 1F45FD
$Alexey'a<~Scribe.141~>040 <~Scribe.142~><~Game.1914~><~Scribe.143~><~Game.1923~><~Scribe.144~> 1FBC0A
$Alexey'a<~Controls.644~>105 202 <~Controls.645~><~Game.2035~> 0EBB3E
$kapcerz<~HighlightLabel.86~>210<~HighlightLabel.87~><~Game.2042~><~HighlightLabel.88~><~Game.2035~> C9A361
<kapcerz> orthanc D5B89C
$Alexey'a<~Scribe.141~>254 039 326 006 <~Scribe.142~><~Game.1919~><~Scribe.143~><~Game.22~><~Scribe.144~> F9EF43
$kapcerz<~Scribe.141~>240 241 244 085 084 083 082 081 080 <~Scribe.142~><~Game.1918~><~Scribe.143~><~Game.1919~><~Scribe.144~> B99120
$kapcerz<~Controls.644~>210 <~Controls.645~><~Game.2035~> B3FF8D
$Alexey'a<~Scribe.141~>102 <~Scribe.142~><~Game.2043~><~Scribe.143~><~Game.2035~><~Scribe.144~> E733A3
$Alexey'a<~Controls.281~>102 <~Controls.282~><~Game.2035~><~Controls.283~><~Game.2043~> 2A54AE
<Alexey'a> pass 894917
$kapcerz<~HighlightLabel.86~>211<~HighlightLabel.87~><~Game.2042~><~HighlightLabel.88~><~Game.2035~> 320F8E
<kapcerz> orthanc B87874
$kapcerz<~Controls.840~>116 39EB59
<auto> playchosen B03DBF
<auto><~Controls.861~>reveal 116 5D9CE9A8F2C2DBAC9C69BC28211B56C4A36EF668 22<~Controls.862~><~Controls.45~><~Controls.863~><~Game.2037~> A8FAF0
<game> kapcerz<~Controls.1~> 3 5 5 1 4 null
<kapcerz> gandy 7D246E
<game> kapcerz<~Controls.1~> 2 1 6 4 null
<kapcerz> 2 DAA0E9
<game> Alexey'a<~Controls.1~> 3 6 null
<game> Alexey'a<~Controls.1~> 1 null
<Alexey'a> 1 A8BCFD
$kapcerz<~Scribe.141~>080 <~Scribe.142~><~Game.1919~><~Scribe.143~><~Game.2037~><~Scribe.144~> 9942C7
$Alexey'a<~Controls.304~>006 <~Controls.305~><~Game.22~> 293B52
$Alexey'a<~Controls.313~>005 <~Controls.307~><~Controls.314~><~Game.22~> 04FE43
$Alexey'a<~Controls.304~>326 <~Controls.305~><~Game.22~> 50E5BA
$Alexey'a<~Controls.313~>331 <~Controls.307~><~Controls.314~><~Game.22~> 54B324
<kapcerz> press 52727B
$kapcerz<~Controls.304~>084 <~Controls.305~><~Game.1919~> B1E158
$kapcerz<~Controls.313~>079 <~Controls.308~><~Controls.314~><~Game.1919~> 3CEB5B
$kapcerz<~Controls.662~>116 080 <~Controls.663~><~Game.2035~> 23AE79
$kapcerz<~Controls.840~>144 A85F02
<auto> playchosen 621C7B
<auto><~Controls.861~>reveal 144 4285F192B09BD5BBD3749E8E7928AD9DBF61CF9C 23<~Controls.862~><~Controls.45~><~Controls.863~><~Game.2037~> AA2DBA
<game> Alexey'a<~Controls.1~> 1 3 null
<game> Alexey'a<~Controls.1~> 5 2 null
<Alexey'a> 1 B5B730
$kapcerz<~Scribe.141~>082 <~Scribe.142~><~Game.1919~><~Scribe.143~><~Game.2037~><~Scribe.144~> 091CF0
$Alexey'a<~Scribe.141~>254 039 331 005 <~Scribe.142~><~Game.22~><~Scribe.143~><~Game.2036~><~Scribe.144~> ECFEDE
$kapcerz<~Controls.644~>211 254 039 331 005 144 082 <~Controls.645~><~Game.2035~> 2EE52C
$Alexey'a<~Scribe.141~>104 <~Scribe.142~><~Game.2043~><~Scribe.143~><~Game.2035~><~Scribe.144~> 25C2A0
$Alexey'a<~Scribe.141~>326 <~Scribe.142~><~Game.2040~><~Scribe.143~><~Game.1914~><~Scribe.144~> E186C1
$Alexey'a<~Scribe.141~>326 <~Scribe.142~><~Game.1914~><~Scribe.143~><~Game.1910~><~Scribe.144~> 301115
$Alexey'a<~Controls.644~>104 <~Controls.645~><~Game.2035~> 34B502
$kapcerz<~HighlightLabel.86~>358<~HighlightLabel.87~><~Game.2042~><~HighlightLabel.88~><~Game.2035~> CEFDA0
$kapcerz<~Scribe.141~>288 <~Scribe.142~><~Game.2038~><~Scribe.143~><~Game.1925~><~Scribe.144~> C65226
$kapcerz<~Controls.644~>358 <~Controls.645~><~Game.2035~> 50A777
$Alexey'a<~Scribe.141~>099 <~Scribe.142~><~Game.2043~><~Scribe.143~><~Game.2035~><~Scribe.144~> 78BD90
$Alexey'a<~CardBuffet.14~>reveal 199 65D1C2A99DE4C483CCBD1298B055C0F9C8ABC869 9<~CardBuffet.15~><~Controls.46~><~CardBuffet.16~> 22E013
$Alexey'a<~Scribe.141~>253 002 328 329 000 332 330 <~Scribe.142~><~Game.1914~><~Scribe.143~><~Game.1923~><~Scribe.144~> 564F44
$Alexey'a<~Controls.644~>099 199 <~Controls.645~><~Game.2035~> E45934
$kapcerz<~HighlightLabel.86~>212<~HighlightLabel.87~><~Game.2042~><~HighlightLabel.88~><~Game.2035~> 222322
$kapcerz<~Scribe.141~>287 <~Scribe.142~><~Game.2038~><~Scribe.143~><~Game.1925~><~Scribe.144~> 448EAA
$kapcerz<~Controls.644~>212 <~Controls.645~><~Game.2035~> E1CAC1
$Alexey'a<~Scribe.141~>102 <~Scribe.142~><~Game.2043~><~Scribe.143~><~Game.2035~><~Scribe.144~> D044A5
$Alexey'a<~Scribe.141~>336 <~Scribe.142~><~Game.2040~><~Scribe.143~><~Game.1956~><~Scribe.144~> FCD99F
$Alexey'a<~Controls.644~>102 <~Controls.645~><~Game.2035~> FEC75F
$kapcerz<~Controls.271~>213<~Controls.272~><~Game.2042~><~Controls.273~><~Game.2035~> 320152
$kapcerz<~Scribe.141~>251 <~Scribe.142~><~Game.2010~><~Scribe.143~><~Game.2037~><~Scribe.144~> 5A0499
$kapcerz<~Scribe.141~>287 288 <~Scribe.142~><~Game.1925~><~Scribe.143~><~Game.1918~><~Scribe.144~> 1E17B7
$kapcerz<~Scribe.141~>240 241 244 085 079 083 081 <~Scribe.142~><~Game.1919~><~Scribe.143~><~Game.1918~><~Scribe.144~> 3CDF48
$kapcerz<~Scribe.141~>410 <~Scribe.142~><~Game.2038~><~Scribe.143~><~Game.1919~><~Scribe.144~> 959541
$kapcerz<~Scribe.141~>251 <~Scribe.142~><~Game.2037~><~Scribe.143~><~Game.2011~><~Scribe.144~> D9B170
$kapcerz<~Controls.644~>213 <~Controls.645~><~Game.2035~> 52166B
$Alexey'a<~Controls.757~>101 103 361 360 100 <~Controls.758~><~Game.1997~><~Controls.759~><~Game.2043~> C08EBB
$Alexey'a<~Controls.762~>102 099 104 105 <~Controls.763~><~Game.2041~><~Controls.764~><~Game.2043~> 267565
$kapcerz<~Controls.731~>213 212 358 211 210 359 <~Controls.732~><~Game.2039~><~Controls.733~><~Game.2042~> 338A3D
<~Game.7~>8 null
$Alexey'a<~Controls.509~>166<~Controls.510~><~Game.2006~><~Controls.511~><~Controls.46~> null
$Alexey'a<~Controls.509~>205<~Controls.510~><~Game.2007~><~Controls.511~><~Controls.46~> null
$Alexey'a<~Controls.281~>100 <~Controls.282~><~Game.2043~><~Controls.283~><~Game.2040~> 6BFBEC
$kapcerz<~Controls.509~>112<~Controls.510~><~Game.2004~><~Controls.511~><~Controls.45~> null
$kapcerz<~Controls.509~>143<~Controls.510~><~Game.2005~><~Controls.511~><~Controls.45~> null
<kapcerz> fsp ok 90B77D
<Alexey'a> 3e D63EF7
$Alexey'a<~Controls.372~>102 38DF6B
$Alexey'a<~Controls.372~>099 C85272
$Alexey'a<~Controls.372~>104 6B794E
$Alexey'a<~Controls.345~>105 101 103 361 360 <~Controls.346~>12 14 11 11 14 null
$Alexey'a<~Controls.350~>105 101 103 361 360 null
$kapcerz<~Controls.345~>213 212 358 211 210 359 <~Controls.346~>0 1 0 1 1 1 null
$kapcerz<~HighlightLabel.86~>358<~HighlightLabel.87~><~Game.2042~><~HighlightLabel.88~><~Game.2035~> 464BFD
$kapcerz<~CardBuffet.9~>reveal 106 69E3DAD2CC362FC968C81F46F84B9E6EC4E93BBC 13<~CardBuffet.10~><~Controls.45~><~CardBuffet.11~> C3E88C
<kapcerz> HD E1F1EF
$kapcerz<~Scribe.141~>106 <~Scribe.142~><~Game.2037~><~Scribe.143~><~Game.2034~><~Scribe.144~> F25EEA
<kapcerz> nc 4E02DB
$Alexey'a<~Controls.840~>186 6459A3
<auto><~Controls.866~>reveal 186 863E4BF7FB17C06D30BAF9A63B60F487A076CDE0 4<~Controls.867~><~Controls.46~><~Controls.868~><~Game.2036~> 136235
<game> kapcerz<~Controls.1~> 5 5 5 1 3 null
<game> kapcerz<~Controls.1~> 2 1 null
<game> Alexey'a<~Controls.1~> 3 null
<game> Alexey'a<~Controls.1~> 1 null
<kapcerz> 3 FB3400
$Alexey'a<~Scribe.141~>325 323 330 004 003 <~Scribe.142~><~Game.1923~><~Scribe.143~><~Game.2036~><~Scribe.144~> 345B35
<kapcerz> oh E3A114
<game> Alexey'a<~Controls.1~> 1 4 4 2 null
<Alexey'a> 2 DD7112
<kapcerz> forgot to say gandy shine 43E37A
$kapcerz<~Scribe.141~>287 <~Scribe.142~><~Game.1918~><~Scribe.143~><~Game.2036~><~Scribe.144~> EEF9D1
$Alexey'a<~Scribe.141~>323 325 <~Scribe.142~><~Game.2036~><~Scribe.143~><~Game.1923~><~Scribe.144~> B7FE45
$Alexey'a<~Scribe.141~>323 325 <~Scribe.142~><~Game.1923~><~Scribe.143~><~Game.2036~><~Scribe.144~> 4FBA31
<kapcerz> press AF1357
$kapcerz<~Controls.662~>186 323 325 287 330 004 003 <~Controls.663~><~Game.2035~> 199ED3
$Alexey'a<~Controls.644~>358 <~Controls.645~><~Game.2035~> 421644
$Alexey'a<~Controls.819~> 4B968E
$kapcerz<~Controls.840~>112 E71390
<auto> playchosen 75EAB3
<auto><~Controls.861~>reveal 112 D6125E16F7C092467A1EDEB3EFD0CB2D33F4BCC7 8<~Controls.862~><~Controls.45~><~Controls.863~><~Game.2037~> 464376
<game> kapcerz<~Controls.1~> 1 5 2 1 6 null
$Alexey'a<~Controls.509~>185<~Controls.510~><~Game.2007~><~Controls.511~><~Controls.46~> null
<game> Alexey'a<~Controls.1~> 6 null
<Alexey'a> 1 33AF64
<game> kapcerz<~Controls.1~> 3 1 3 null
<kapcerz> 2 754FF2
$Alexey'a<~Scribe.141~>000 329 <~Scribe.142~><~Game.1923~><~Scribe.143~><~Game.2037~><~Scribe.144~> FBCDE6
$kapcerz<~Scribe.141~>079 <~Scribe.142~><~Game.1918~><~Scribe.143~><~Game.2037~><~Scribe.144~> 563499
$kapcerz<~Controls.662~>112 000 329 079 <~Controls.663~><~Game.2035~> 4C4698
<kapcerz> press 4097F0
<kapcerz> nc E17DFD
<Alexey'a> nc 829BB9
<game> kapcerz<~Controls.1~> 6 5 5 5 6 null
<game> Alexey'a<~Controls.1~> 1 null
$Alexey'a<~Scribe.141~>253 040 002 328 332 <~Scribe.142~><~Game.1923~><~Scribe.143~><~Game.2037~><~Scribe.144~> 56B998
$Alexey'a<~Scribe.141~>106 <~Scribe.142~><~Game.2034~><~Scribe.143~><~Game.2036~><~Scribe.144~> E30361
$kapcerz<~Scribe.141~>284 283 074 295 069 072 070 071 <~Scribe.142~><~Game.1993~><~Scribe.143~><~Game.1923~><~Scribe.144~> C61094
$Alexey'a<~Controls.644~>358 106 253 040 002 328 332 <~Controls.645~><~Game.2035~> 838D2F
$kapcerz<~Controls.644~>358 106 253 040 002 328 332 <~Controls.645~><~Game.2035~> 7D99E7
$Alexey'a<~Scribe.141~>101 <~Scribe.142~><~Game.2043~><~Scribe.143~><~Game.2035~><~Scribe.144~> 863AA8
$Alexey'a<~CardBuffet.14~>reveal 205 6C1A31A27AAEEC076199AC2F6B947BF4D756F1FC 17<~CardBuffet.15~><~Controls.46~><~CardBuffet.16~> BEFBA0
$Alexey'a<~Scribe.141~>334 <~Scribe.142~><~Game.2040~><~Scribe.143~><~Game.1908~><~Scribe.144~> 1579AC
$Alexey'a<~Scribe.141~>344 337 <~Scribe.142~><~Game.2040~><~Scribe.143~><~Game.1898~><~Scribe.144~> 65570E
$Alexey'a<~Scribe.141~>337 <~Scribe.142~><~Game.1898~><~Scribe.143~><~Game.1901~><~Scribe.144~> 6E156D
$Alexey'a<~Controls.644~>101 205 <~Controls.645~><~Game.2035~> 90CFF7
$kapcerz<~HighlightLabel.86~>359<~HighlightLabel.87~><~Game.2042~><~HighlightLabel.88~><~Game.2035~> BBFB91
$kapcerz<~Controls.790~>248<~Controls.791~><~Game.2014~><~Controls.792~><~Game.2015~> F9F8ED
$kapcerz<~Controls.795~>359<~Controls.796~><~Game.2035~><~Controls.797~><~Game.1997~> 9829B3
<game> Alexey'a<~Controls.1~> 3 5 4 null
<game> Alexey'a<~Controls.1~> 3 null
$Alexey'a<~Scribe.141~>105 <~Scribe.142~><~Game.2043~><~Scribe.143~><~Game.2035~><~Scribe.144~> 78FD61
$Alexey'a<~Controls.281~>105 <~Controls.282~><~Game.2035~><~Controls.283~><~Game.2043~> CB6E1B
$Alexey'a<~Scribe.141~>105 <~Scribe.142~><~Game.2043~><~Scribe.143~><~Game.2035~><~Scribe.144~> 9FCEE3
$Alexey'a<~Scribe.141~>326 <~Scribe.142~><~Game.1910~><~Scribe.143~><~Game.1914~><~Scribe.144~> C7A4AE
$Alexey'a<~Scribe.141~>055 049 048 047 <~Scribe.142~><~Game.1968~><~Scribe.143~><~Game.1952~><~Scribe.144~> 1094F9
$Alexey'a<~Controls.644~>105 <~Controls.645~><~Game.2035~> 2ED4E9
<kapcerz> far harad to near harad? F1C65F
<Alexey'a> better I will play another game 80BB9D
<Alexey'a> gg E8DBF4
<~Talker.22~> null
