<auto> silent null
<auto><~Scribe.141~>363 397 398 402 401 400 399 403 404 376 375 374 373 377 378 <~Scribe.142~><~Game.2038~><~Scribe.143~>Spare<~Scribe.144~> null
<auto><~Scribe.141~>365 366 379 380 381 382 383 384 385 386 387 388 389 390 391 392 393 394 395 396 367 368 369 370 371 372 <~Scribe.142~><~Game.2040~><~Scribe.143~>Spare<~Scribe.144~> null
<auto><~Scribe.141~>230 231 <~Scribe.142~><~Game.2044~><~Scribe.143~>Spare<~Scribe.144~> null
<auto><~Scribe.141~>155 152 <~Scribe.142~><~Game.2004~><~Scribe.143~>Spare<~Scribe.144~> null
<auto><~Scribe.141~>137 151 <~Scribe.142~><~Game.2005~><~Scribe.143~>Spare<~Scribe.144~> null
<auto><~Scribe.141~>161 198 <~Scribe.142~><~Game.2006~><~Scribe.143~>Spare<~Scribe.144~> null
<auto><~Scribe.141~>163 188 <~Scribe.142~><~Game.2007~><~Scribe.143~>Spare<~Scribe.144~> null
<auto><~Controls.323~>364 null
<auto> noisy null
<auto> silent null
<auto><~Scribe.141~>312 <~Scribe.142~><~Game.2038~><~Scribe.143~><~Game.1965~><~Scribe.144~> null
<auto> noisy null
<~Game.7~>1 null
<auto> silent null
<auto><~Scribe.141~>363 397 398 402 401 400 399 403 404 376 375 374 373 377 378 <~Scribe.142~><~Game.2038~><~Scribe.143~>Spare<~Scribe.144~> null
<auto><~Scribe.141~>365 366 379 380 381 382 383 384 385 386 387 388 389 390 391 392 393 394 395 396 367 368 369 370 371 372 <~Scribe.142~><~Game.2040~><~Scribe.143~>Spare<~Scribe.144~> null
<auto><~Scribe.141~>230 231 <~Scribe.142~><~Game.2044~><~Scribe.143~>Spare<~Scribe.144~> null
<auto><~Scribe.141~>155 152 <~Scribe.142~><~Game.2004~><~Scribe.143~>Spare<~Scribe.144~> null
<auto><~Scribe.141~>137 151 <~Scribe.142~><~Game.2005~><~Scribe.143~>Spare<~Scribe.144~> null
<auto><~Scribe.141~>161 198 <~Scribe.142~><~Game.2006~><~Scribe.143~>Spare<~Scribe.144~> null
<auto><~Scribe.141~>163 188 <~Scribe.142~><~Game.2007~><~Scribe.143~>Spare<~Scribe.144~> null
<auto><~Controls.323~>364 null
<auto> noisy null
$base silent null
$TEST<~Scribe.141~>312 <~Scribe.142~><~Game.2038~><~Scribe.143~><~Game.1965~><~Scribe.144~> null
$base noisy null
<game> Stella_Rossa<~Controls.408~>[WOTR-Gandalf2 wotr base2] null
<~Talker.31~> null
<Alexey'a> hi 
<Stella_Rossa> hi 
<game> Stella_Rossa<~Controls.1~> 4 null
<Alexey'a> I just lost terrible game, so, I hope in this game I will have better luck 
<game> Alexey'a<~Controls.1~> 2 null
<Alexey'a> its will be fair 
<Stella_Rossa> I hope no :-) 
<Alexey'a> heh 
<Stella_Rossa> I had terrible luck in the last 2 months :-) 
<Stella_Rossa> 1+1 
<Alexey'a> 2 
<Stella_Rossa> ok 
<Stella_Rossa> gl hf 
<Alexey'a> gl hf 
<Alexey'a> to both of us 
$Stella_Rossa<~Controls.281~>427 426 <~Controls.282~><~Game.2038~><~Controls.283~><~Game.2042~> 
$Alexey'a<~Controls.479~>50A91265BF5813DAEF66894EB46B45F3716A3160 0D18117B2C8EBA72B89358AE5AA24555 24 F7D80F664B4D691D8FA254B056AB7DEB1FD9A338 8D793C735ECAC348802152D1F842D3BD 74C1FCDE58EBF450085CADB63B2FF13BFDF682A1 9A1C037D3EB5186477B280ACD7023A59 65CDBBE390A0BFEA21E0D453EBB7D33A4AA13055 0B4225564C6E22CB59B52887FC59D60C 5CDEAAF7E49E630AA7A5D504DA5CC092A5BB68DE 0824858169EFED22F026D393FF097912 ACA1F936281F6D066E517356C11F076470FDD5E4 15CF07F9880B92F6B6BC80DFDE9DAF50 5045B31FE6B95BAB869B970D8C38EABDEAEAC24B 4E07BC96A5246AC1BD9512C10E9374A3 36E94EF2E15826F8C79B30B7042FD06A1FC146CB F4BD3383F5CC7118D395127CD37F906A 135A3F2064F30C4C80EDE36878C06C0055947AAF 27DBC04A5EC71C4BE0CE03D0D1CAB6AD 34F4A3AC3CD5E5A5447F888794985CB81B5812BE F45F0E9F291BCA39939C05EDE1C7FD83 3053A38B3F3EDEE0A2AD4B6BAAAA425E8B61916F 92249BBAF52EA8563D561A36284EFB05 6B7A1F74B1B9DA7CD57CBA24F3C03222899FE451 E9B62BD8EE1ECB68FCBA0CF3661BCC14 D2E77FEAA4ED603665E7A54E0CEF80199E45273D 531D9DFD3FC295C71C7CFD958B98DD6D 17D31A5362872D06635DBBF4264BF573608F2E04 A581DA3FC413A921B98954258FD3B670 BC9D625D97EA4472D94769F21514710297F9BC74 700854B104F29435A805683882C27652 35FAB12DA173F6D9E77A38D1E02349B5123B8C57 835875ED5E6AC0169700E56DE2238B37 D739596E55EEFD0CC8751FBB6ABF5BB492012E85 B4967EFE8103AF0D726524652C908460 FB12892DDAF7574DCBB96FB340A02356CAF1F7C5 DFD90A8821BB2BEB08B758C1B59021A8 63EBEF2F0CD2080A2093DB0A730BA9BAF6C49118 2F5BBB4BE6AA39C9EE83272DB9CFF377 5BA15F8640C358E2BF2E4339295DED04452BB596 9BE62E67A88835EEA3B40B71B4B59FE3 67FC39F3060C3E04ED11B9CCB44168823B7DDBDE B34FE1F6D9759285F4170C95F007E829 7734A6BB5B9DB17FFD4ADCA0C5A082EEB8AE4D40 9CEE060142D24F89A1D123795F5CBCA3 FE4B3E113A4E6E6F8928118AE96E48B327B97BFC 596934DAF205EDDE418F70F5AA769A75 9D07ACE2CC00F15D38B9779BABDDDBD71F9CCE41 4B4DE34B72767BDD62A7143689E2FFC3 EE483B8B9EDECB0C8D4BBD979DDD376A29F5A951 FA3CE8163D1BBE2FF486F9D4555FAAE9 24 BBE0762648C87B11FFCFFE17A3DD8D2110D5C517 15B6F7716E654900E61081FFDAF03A43 A080BD2B7256C4CBA945669A48CDE18F089B9B5A B7B3A29ABB6E8D3D11D4FA7571A9B8A8 4D0A33021BCC9B7E86B2BE94ACDBDA67081CFF87 EBB004B6A1A3DF63553B9C404E81AD0F D9D309942E4644E2A714E6EFD80688D92467FBD3 72CFF019E15C38EB011C09D016CF6811 56CA1EFC9007F624AD1329351E6634C6F3173BDC C32604B02A1CAC3878466CC8B5359805 640C362FD3018C791AB00E9991CF66FE1D4CB45C 527FDFC51760EFBF10FDF5B36D1B21F3 9B67B2F652915ADAE897610909ABB15D064ECF64 15FE2A195B43AF023D75903631FE3105 0D95605C02779E6A80E6E9E4DAC73AF9F00026B4 43842AD73A5B78F1EEC6F8663339244A 2033184ADE7FE59B81F270D8A523A4A41D441FE2 5EC7D1363A89882F36EE6C9BBA0F3CEA D691D2AA890536BB19D7D7F9CD35AF34FAAA38FA 7465B3251AB47F272FC305183911DE76 1537E155754F343983C63164D9C1E04623462670 A1791694039CAE351A0CDE9C9D2AAE7C 3251863266817CA05D8DBF052F8DBEFC3E7156AB D7743267FD3D025DCB0D9630E6F87DC5 91B6F73826764FD8B2BC767C05CF8A346BE2D0A5 E13E4922A37A7DA8433ED5B2F9303527 97114C0B0D1FE566E3E094C97DD611E3AB983D31 A4E3535C1AF4191C9EFD61A8B33038E4 54A2EBDC5803255AE8C989EF216B144859D9717B A75076083F5704B82F798159410D7E5D 8EA4D8E7F311FB3A64AF19BE516799B586AE0EC3 D6E6B2271F84B7CFE91CD031AEB2C897 19EED544DB63FC09D23C8BC529ED5FB2B42E5B09 82E49E62AB49BDC60037E568BDE88621 3CC5D6D1D4F1A7318B891A5A5347646CAD802EA4 ACEB6446ACA8120ECFB11A4BF8501197 2FC39D7FAB14307558259F6E664AE260D3CF30F0 832873F1F4D1981AFC07FC1B08B27004 5B2253D58AD0F59ECFDA1894FD8BBF4E161043C4 2ADC0626D653DB8DD9D66DFE4724EDF7 954F64B30C91B34D8F11400D2A7F83D421C9F2C3 BD4F9F43D72A07320DB3D1B393F38A54 AFC2566155FCA0F212C1BA114F17E09FDB263819 95737E20A5A975EF73238061654A9300 0D84564507B8C2F56E53C53EEF3D5B3214485635 CBAEFD31476CE9F041E62C0D21FA93E7 84F4E98CBDE4310FDAD4416EFF8859D9B4A72830 FBA2E1B995CACAA26CE467B3AEF42282 0 0 C6DB3F
$Alexey'a<~Controls.509~>166<~Controls.510~><~Game.2006~><~Controls.511~><~Controls.46~> null
$Alexey'a<~Controls.509~>207<~Controls.510~><~Game.2007~><~Controls.511~><~Controls.46~> null
$Stella_Rossa<~Controls.464~>D8F882ECFA3EC54374931A335AE419D82E94BA48 25DEB06929C533DCC439FF5A158F192F 24 AEDC5305D16A00BCF75CE912900CD012D076786D C2AAADD37EF79107AFC31D5AFC39C093 5855FCDEE8155AF59F99FDDCFD83D25BB3F39A9F 5A4078E1E9F526DCEFA09B184EBE39C8 75F804753F2505F5AB16BE7FC3328FB151ACDD73 DA2FE5558B505CF87E071B7ADDE33E80 8BF0DD06FAAFEAA031182B8A8F9AD59FB2054586 40D53DA2EBA641BB7D192C13F7F57621 65868D2656647C92AB3E9A8742ACA945B27E74BD 5D107359726BD52FA055D27DFD7572F7 C60B5335D6F92A9E8F84A413D9B0504AAA75C19F DC45BC861CEA5131C829464832E3052D 2D2F6F2AACCC1B1BCD2A2578AD48CD221FBB06BF 82EC36786C86B73CF18B6A15D4ABE8EF D0CC3D1285945F7E2B0068F81849A3ACFEDDB22B B62A9B4CA164E8B94EBD88AB709B2985 21F3A79BEEA19E80264EB9D8400A6EDF5B40C1BE 44485ED126F2385BB19B62E2725A4BDC 5FC37641FBBB29DF1719826E061A1C5D21A0E783 5DF8E3B44E019C783025CEB7FBD2F0A0 902D49AC9F0F8072F3317DC848AE7A15DC8E12B8 E2BFEBBA406CC8EA05121340F78E2A41 08121C3A7DD4FFDE5F58D4E8CFE9F61121D3DC4E E1FB77002F7321FEB6A86DC76D63F385 3E3FE696D281F960DCAE3EDCD036F2F59FAA07D3 5F4C40B4CE490A2C7530A8CA18FD7B75 DA925DFF4345D7DD6F03037A862D759C254D71D7 576799410388E0A6C8A5EE8F3722CA58 57060FC1107A82F7F6C8A3116D053628AE50413D 0298D851DA7160A06C951625A1BD2911 F149070E8BD5362B1340B2E0B0530CCF26B4F89F 596ED94BBC4AF1F67741CF871B073BEB 1F19DC27B50322C0F416C7551786CD4BA90A3F05 D762B0EEDF278783BC74CC4CED5C4ADE BCF6C8874B78DC383911556E6EA4A85D3E29B6D6 8372FD2300F6AA2A72A8406FB3A2538C 069C9150376FED25F0F3E9615E5971C3AB668F7D 2DF7FD4B50A6109F176021207039DC5A D8F1F4A9CF6AC30093C381C5FB541D61A3082FDE F73FADB1ABB62E2E91DFFAAEE8E4EBEB E2C35E2D2CB50079104B84DF5E59B911F51A9570 17AE37EC0F89C926979FC69A2E321EFA 86457B63C912CD960BEFC20916D166BD1299C792 DA59FC1C4B3E98514E248AC27B334BD8 755B5389EBA10DB8678043CA2814DED1F0C72580 EB8395E2F6075064361ABAB141A5DF5D E216A8144D8B6576E5CB93466660C256AC5C19EB D55620B2A225BE5A47DDB76D7FD0E9F9 24 28CDDF297D2B81B05D4997AFAEADE9EC4C5B1D36 C5BC8004520168B757CE7DA656BE61B1 34F372603508D89EF14D32A4815599935EE8F651 944DE65D281FAC08BE1AF10EDC908876 1DDE1F9D2951B444BF373BECA108BD213405F888 0599A3E662D4D5D73BDA951F3015A428 2670B66B5511969B594DC0C73A997CC37D6C4E3A 4A51B9D587F940B819A7CCFACEE21892 17C795A2512FACF941AADBDBB0B74785D9733AB6 CD198BD3DD0BCA548D148F52249C3668 2FF98C475A03E4774770029573AA8A3F420D8BE7 2CFE4B461D729A9C62A7126F65242FF9 9EEA1184DF161FDAD6A17C65AF6DB40F3B931E37 84D50CF669D82705D73410129CDEEA42 92947F08F489E904E70F306CFED50A310A1588F0 F11537F47DD738E9C7CBE755034AF95D A8C9D992DB446299201178A91ACC79542A61D513 55DCE245255B307B0A8CB7A0958FFECB 051C891C644B77D416F0F553899BBDA97BD24960 592C1F92EE7B045F1B10FEC3E1D4F375 315AC6CE566D7481C7EFD4623609585046FC4B81 B1AC2F6120C05C95FA4CC7BF20689935 6FC6895FDCA7447488E8559F2801FC6CBC91AE39 A3633330EAF79EE8540CEDD68919D733 5E571F1D4AFF81BFB8E4D2050CBCA37C702DF315 C937DC61DF2871F5E064E28EE455B854 97E7832124A24074B0E3A9A2A94C4F911B01460A 14391791A13CAA550BD5135B5DD6764E 035B37823F0251F996248782B6E4753245EC8DB8 15F601EADB66127ED6E35B789AF9DFEC E9FCAAD90518782E391FDFCAA89A25FF76362F29 776189607476EFCFFF6BA66A0F1A8EC2 2CEF64E4E7EB6D95E87B411683427DD5BB3B7827 CF0BD316008668F65EF5DA9390753017 3592DA49C9FC71FCDCA5428B5E17274F1022FD5E 98B559407ABF8F5892C0C809277AB102 7754DC4751013BDEE48D55A634F092DB04D3BC32 787DB2C53027989ADC68559F278CB431 A76EF0B71A5A39D3C237045E801A5D9EE624784C C82E80E0FEA1A8764A40D99D8199E1F5 D4E8D2E2B7DC4150EFBB72E98E3CC68DF9099435 53746E9BBEAA1CAF17CAA2EC550E06C5 A171BA1B5737CB5948BAFE6D35DF6B2F93C32DF2 5CF3665FFE6A164451F74C00CCFE77BA 23BDE4E7B40B0972313983934D842104BFF732E8 E592CE89F42A4D24BC092A68249AA1B7 E575306C49B5164A9573067CC733CC9E5C096E3B 2E73B9FFAE4C3E30F640BFD70C3B6860 0 0 DEAE54
$Stella_Rossa<~Controls.509~>133<~Controls.510~><~Game.2004~><~Controls.511~><~Controls.45~> null
$Stella_Rossa<~Controls.509~>153<~Controls.510~><~Game.2005~><~Controls.511~><~Controls.45~> null
<Alexey'a> 0e B0D471
<Stella_Rossa> fsp ok 59F3E5
$Alexey'a<~Controls.345~>105 104 103 102 101 100 099 <~Controls.346~>15 11 15 14 11 15 10 null
$Alexey'a<~Controls.350~>105 104 103 102 101 100 099 null
$Stella_Rossa<~Controls.345~>213 212 211 210 <~Controls.346~>2 3 2 3 null
<Stella_Rossa> see E19A0A
$Stella_Rossa<~Scribe.141~>213 <~Scribe.142~><~Game.2042~><~Scribe.143~><~Game.2035~><~Scribe.144~> EBB8B1
<Alexey'a> i also have not good E6FF4B
$Stella_Rossa<~Scribe.141~>reveal 153 B8EE5B249B2B0B8AD738B8C08FD29E44DFDAE2CC 19 <~Scribe.142~><~Controls.45~><~Scribe.143~><~Game.2037~><~Scribe.144~> DFD35E
$Stella_Rossa<~Scribe.141~>309 314 <~Scribe.142~><~Game.2038~><~Scribe.143~><~Game.1965~><~Scribe.144~> BDA13C
$Stella_Rossa<~Controls.509~>134<~Controls.510~><~Game.2005~><~Controls.511~><~Controls.45~> null
$Stella_Rossa<~Controls.644~>213 153 <~Controls.645~><~Game.2035~> 97E453
$Alexey'a<~Scribe.141~>099 <~Scribe.142~><~Game.2043~><~Scribe.143~><~Game.2035~><~Scribe.144~> 5DC4ED
$Alexey'a<~Scribe.141~>263 <~Scribe.142~><~Game.2002~><~Scribe.143~><~Game.2003~><~Scribe.144~> C1FB86
$Alexey'a<~Controls.644~>099 <~Controls.645~><~Game.2035~> D5424B
$Stella_Rossa<~Scribe.141~>211 <~Scribe.142~><~Game.2042~><~Scribe.143~><~Game.2035~><~Scribe.144~> D68970
$Stella_Rossa<~Scribe.141~>reveal 134 4AD9835ADE92AC6240A654B64D59890D6765346F 14 <~Scribe.142~><~Controls.45~><~Scribe.143~><~Game.2037~><~Scribe.144~> 9C3C3F
$Stella_Rossa<~Scribe.141~>270 276 <~Scribe.142~><~Game.2038~><~Scribe.143~><~Game.1944~><~Scribe.144~> F8EF66
$Stella_Rossa<~Controls.509~>111<~Controls.510~><~Game.2005~><~Controls.511~><~Controls.45~> null
$Stella_Rossa<~Controls.644~>211 134 <~Controls.645~><~Game.2035~> 9376DD
$Alexey'a<~Scribe.141~>101 <~Scribe.142~><~Game.2043~><~Scribe.143~><~Game.2035~><~Scribe.144~> EB164D
$Alexey'a<~Scribe.141~>254 <~Scribe.142~><~Game.2040~><~Scribe.143~><~Game.1919~><~Scribe.144~> 2A9BC7
$Alexey'a<~Scribe.141~>361 <~Scribe.142~><~Game.2040~><~Scribe.143~><~Game.2037~><~Scribe.144~> 5C0C37
$Alexey'a<~Controls.644~>101 361 <~Controls.645~><~Game.2035~> AD706B
$Stella_Rossa<~Scribe.141~>210 <~Scribe.142~><~Game.2042~><~Scribe.143~><~Game.2035~><~Scribe.144~> 85034E
$Stella_Rossa<~Controls.366~>251<~Controls.367~><~Game.2010~><~Controls.368~><~Game.2011~> 6FB597
$Stella_Rossa<~Controls.790~>248<~Controls.791~><~Game.2014~><~Controls.792~><~Game.2015~> 1870A1
$Stella_Rossa<~Controls.795~>210<~Controls.796~><~Game.2035~><~Controls.797~><~Game.1997~> 0D7AAF
<game> Alexey'a<~Controls.1~> 5 3 1 null
$Alexey'a<~Scribe.141~>104 <~Scribe.142~><~Game.2043~><~Scribe.143~><~Game.2035~><~Scribe.144~> 9CA52F
$Alexey'a<~Scribe.141~>262 <~Scribe.142~><~Game.2002~><~Scribe.143~><~Game.2003~><~Scribe.144~> 329D54
$Alexey'a<~Controls.644~>104 <~Controls.645~><~Game.2035~> 3C3559
$Stella_Rossa<~Scribe.141~>212 <~Scribe.142~><~Game.2042~><~Scribe.143~><~Game.2035~><~Scribe.144~> D0AF69
$Stella_Rossa<~Scribe.141~>258 <~Scribe.142~><~Game.2000~><~Scribe.143~><~Game.2001~><~Scribe.144~> 1BAE00
$Stella_Rossa<~Controls.644~>212 <~Controls.645~><~Game.2035~> 6F9CD0
$Alexey'a<~Scribe.141~>102 <~Scribe.142~><~Game.2043~><~Scribe.143~><~Game.2035~><~Scribe.144~> 37AC0C
$Alexey'a<~Controls.509~>164<~Controls.510~><~Game.2007~><~Controls.511~><~Controls.46~> null
$Alexey'a<~Controls.644~>102 <~Controls.645~><~Game.2035~> 9BD416
$Alexey'a<~Controls.757~>105 103 100 <~Controls.758~><~Game.1997~><~Controls.759~><~Game.2043~> F568C4
$Alexey'a<~Controls.762~>102 104 101 361 099 <~Controls.763~><~Game.2041~><~Controls.764~><~Game.2043~> A4909D
$Stella_Rossa<~Controls.726~>210 <~Controls.727~><~Game.1997~><~Controls.728~><~Game.2042~> 6EC10D
<~Game.7~>2 null
$Stella_Rossa<~Controls.731~>212 211 213 <~Controls.732~><~Game.2039~><~Controls.733~><~Game.2042~> D29963
$Alexey'a<~Controls.509~>167<~Controls.510~><~Game.2006~><~Controls.511~><~Controls.46~> null
$Stella_Rossa<~Controls.509~>117<~Controls.510~><~Game.2004~><~Controls.511~><~Controls.45~> null
$Alexey'a<~Controls.509~>205<~Controls.510~><~Game.2007~><~Controls.511~><~Controls.46~> null
$Stella_Rossa<~Controls.509~>147<~Controls.510~><~Game.2005~><~Controls.511~><~Controls.45~> null
<Stella_Rossa> fsp ok EA6747
$Alexey'a<~Controls.372~>102 1504C8
$Alexey'a<~Controls.345~>104 101 361 099 105 103 100 <~Controls.346~>14 10 10 15 11 12 11 null
$Alexey'a<~Controls.350~>104 101 361 099 105 103 100 null
$Stella_Rossa<~Controls.345~>212 211 213 210 <~Controls.346~>3 4 1 0 null
<Stella_Rossa> pass 74BCCA
$Alexey'a<~Scribe.141~>104 <~Scribe.142~><~Game.2043~><~Scribe.143~><~Game.2035~><~Scribe.144~> 6D3164
$Alexey'a<~Scribe.141~>reveal 167 C4217BF68F50A8760ED42C764B0FEFB6565A6B74 0 <~Scribe.142~><~Controls.46~><~Scribe.143~><~Game.2029~><~Scribe.144~> 36F66C
$Alexey'a<~Controls.644~>104 <~Controls.645~><~Game.2035~> 9A8CA8
<Stella_Rossa> pass B805A0
$Alexey'a<~Scribe.141~>105 <~Scribe.142~><~Game.2043~><~Scribe.143~><~Game.2035~><~Scribe.144~> C01451
$Alexey'a<~Scribe.141~>040 035 015 014 013 012 011 <~Scribe.142~><~Game.1956~><~Scribe.143~><~Game.1961~><~Scribe.144~> A159FE
$Alexey'a<~Scribe.141~>039 036 029 028 027 026 <~Scribe.142~><~Game.1979~><~Scribe.143~><~Game.533~><~Scribe.144~> 49822F
$Alexey'a<~Controls.644~>105 <~Controls.645~><~Game.2035~> 7585D5
$Stella_Rossa<~Scribe.141~>211 <~Scribe.142~><~Game.2042~><~Scribe.143~><~Game.2035~><~Scribe.144~> 1A8D02
$Stella_Rossa<~Scribe.141~>073 072 <~Scribe.142~><~Game.1929~><~Scribe.143~><~Game.1925~><~Scribe.144~> B8ADA5
$Stella_Rossa<~Scribe.141~>065 <~Scribe.142~><~Game.1941~><~Scribe.143~><~Game.1957~><~Scribe.144~> EA8E79
$Stella_Rossa<~Controls.644~>211 <~Controls.645~><~Game.2035~> A1634D
$Alexey'a<~Scribe.141~>103 <~Scribe.142~><~Game.2043~><~Scribe.143~><~Game.2035~><~Scribe.144~> B213DE
$Stella_Rossa<~Scribe.141~>258 <~Scribe.142~><~Game.2001~><~Scribe.143~><~Game.2002~><~Scribe.144~> FE797B
<Alexey'a> old road C1D97B
<Alexey'a> nc BF4CDA
$Stella_Rossa<~Controls.323~>258 140BA1
<Stella_Rossa> nc EB3D7C
<game> Alexey'a<~Controls.1~> 2 2 6 6 1 null
<game> Alexey'a<~Controls.1~> 3 null
<Alexey'a> 2 39C96C
<game> Stella_Rossa<~Controls.1~> 4 null
$Stella_Rossa<~Scribe.141~>065 <~Scribe.142~><~Game.1957~><~Scribe.143~><~Game.2037~><~Scribe.144~> 0C54D9
$Alexey'a<~Scribe.141~>040 035 015 014 013 012 011 <~Scribe.142~><~Game.1961~><~Scribe.143~><~Game.1957~><~Scribe.144~> D24CBC
$Alexey'a<~Controls.644~>103 065 <~Controls.645~><~Game.2035~> 1C5413
$Stella_Rossa<~Scribe.141~>213 <~Scribe.142~><~Game.2042~><~Scribe.143~><~Game.2035~><~Scribe.144~> DFC84B
$Stella_Rossa<~Controls.790~>248<~Controls.791~><~Game.2015~><~Controls.792~><~Game.2016~> 619177
$Stella_Rossa<~Controls.795~>213<~Controls.796~><~Game.2035~><~Controls.797~><~Game.1997~> C52038
<game> Alexey'a<~Controls.1~> 4 2 null
$Alexey'a<~Scribe.141~>100 <~Scribe.142~><~Game.2043~><~Scribe.143~><~Game.2035~><~Scribe.144~> 1AAC12
<Alexey'a> dale 8D9D68
$Alexey'a<~Controls.840~>164 FCB15C
<Stella_Rossa> nc 3011C6
<auto><~Controls.866~>reveal 164 8AE37EEB0E0B1B0CF802AD5F8413F1F572B77461 18<~Controls.867~><~Controls.46~><~Controls.868~><~Game.2036~> FAAC72
<game> Alexey'a<~Controls.1~> 5 1 2 6 6 null
<game> Alexey'a<~Controls.1~> 3 null
<Alexey'a> 2 366A37
<game> Stella_Rossa<~Controls.1~> 2 5 null
<Stella_Rossa> 1 7A781E
$Stella_Rossa<~Scribe.141~>068 066 <~Scribe.142~><~Game.1970~><~Scribe.143~><~Game.2037~><~Scribe.144~> D81A44
$Alexey'a<~Scribe.141~>013 <~Scribe.142~><~Game.1957~><~Scribe.143~><~Game.2037~><~Scribe.144~> 94959F
$Alexey'a<~Scribe.141~>040 035 015 014 012 011 <~Scribe.142~><~Game.1957~><~Scribe.143~><~Game.1970~><~Scribe.144~> 82C406
$Alexey'a<~Controls.644~>100 164 068 013 066 <~Controls.645~><~Game.2035~> 293874
$Stella_Rossa<~Scribe.141~>212 <~Scribe.142~><~Game.2042~><~Scribe.143~><~Game.2035~><~Scribe.144~> CB9131
$Alexey'a<~Scribe.141~>258 <~Scribe.142~><~Game.2002~><~Scribe.143~><~Game.2003~><~Scribe.144~> B9DA28
$Stella_Rossa<~Controls.366~>250<~Controls.367~><~Game.2009~><~Controls.368~><~Game.2012~> 387DF8
$Stella_Rossa<~Controls.790~>248<~Controls.791~><~Game.2016~><~Controls.792~><~Game.2017~> 99C46D
$Stella_Rossa<~Controls.795~>212<~Controls.796~><~Game.2035~><~Controls.797~><~Game.1997~> 75B350
<game> Alexey'a<~Controls.1~> 5 6 null
$Alexey'a<~Controls.624~>216<~Controls.625~><~Game.2044~><~Controls.626~><~Game.2037~> null
$Stella_Rossa<~Scribe.141~>240 <~Scribe.142~><~Game.1999~><~Scribe.143~><~Game.2037~><~Scribe.144~> D5547E
$Stella_Rossa<~Scribe.141~>247 <~Scribe.142~><~Game.1911~><~Scribe.143~><~Game.1936~><~Scribe.144~> 465819
$Stella_Rossa<~Controls.323~>247 012CC5
$Stella_Rossa<~Scribe.141~>241 <~Scribe.142~><~Game.1998~><~Scribe.143~><~Game.1999~><~Scribe.144~> 078CBA
$Alexey'a<~Controls.452~>133<~Controls.453~><~Controls.45~><~Controls.454~><~Game.2039~> null
$Stella_Rossa<~Controls.644~>216 240 <~Controls.645~><~Game.2035~> B057FC
$Alexey'a<~Scribe.141~>361 <~Scribe.142~><~Game.2043~><~Scribe.143~><~Game.2035~><~Scribe.144~> 553396
$Alexey'a<~Scribe.141~>253 <~Scribe.142~><~Game.2040~><~Scribe.143~><~Game.1970~><~Scribe.144~> A7A51E
$Alexey'a<~Scribe.141~>362 <~Scribe.142~><~Game.2040~><~Scribe.143~><~Game.2037~><~Scribe.144~> 0EE902
$Alexey'a<~Controls.644~>361 362 <~Controls.645~><~Game.2035~> 9C3DEA
$Stella_Rossa<~Scribe.141~>210 <~Scribe.142~><~Game.2042~><~Scribe.143~><~Game.2035~><~Scribe.144~> 80A9C8
$Alexey'a<~Controls.323~>259 257 256 8181DC
$Alexey'a<~Controls.323~>260 261 D37B3E
$Stella_Rossa<~Scribe.141~>240 <~Scribe.142~><~Game.2039~><~Scribe.143~><~Game.1921~><~Scribe.144~> 388015
$Stella_Rossa<~Controls.323~>240 1B3833
$Stella_Rossa<~Scribe.141~>358 <~Scribe.142~><~Game.2038~><~Scribe.143~><~Game.2037~><~Scribe.144~> 3E8D34
$Stella_Rossa<~Controls.644~>210 358 <~Controls.645~><~Game.2035~> 7F4BEE
$Alexey'a<~Scribe.141~>101 <~Scribe.142~><~Game.2043~><~Scribe.143~><~Game.2035~><~Scribe.144~> 241BA5
<Alexey'a> erebor 8DBCD4
$Stella_Rossa<~Scribe.141~>309 062 314 312 061 060 <~Scribe.142~><~Game.1965~><~Scribe.143~><~Game.1988~><~Scribe.144~> 48BD1D
$Alexey'a<~Scribe.141~>250 <~Scribe.142~><~Game.2012~><~Scribe.143~><~Game.2037~><~Scribe.144~> C93FC6
$Stella_Rossa<~Scribe.141~>257 <~Scribe.142~><~Game.2000~><~Scribe.143~><~Game.2001~><~Scribe.144~> 562D57
$Alexey'a<~Scribe.141~>253 040 035 015 014 012 011 <~Scribe.142~><~Game.1970~><~Scribe.143~><~Game.1965~><~Scribe.144~> DD611B
$Alexey'a<~Scribe.141~>420 <~Scribe.142~><~Game.2040~><~Scribe.143~><~Game.1970~><~Scribe.144~> D455B1
$Alexey'a<~Controls.644~>101 250 <~Controls.645~><~Game.2035~> 6C76D5
$Alexey'a<~Controls.757~>099 102 <~Controls.758~><~Game.1997~><~Controls.759~><~Game.2043~> 95F476
$Alexey'a<~Controls.762~>101 361 362 100 103 105 104 <~Controls.763~><~Game.2041~><~Controls.764~><~Game.2043~> A8ED9C
$Stella_Rossa<~Controls.726~>212 213 <~Controls.727~><~Game.1997~><~Controls.728~><~Game.2042~> 6B2680
<~Game.7~>3 null
$Stella_Rossa<~Controls.731~>210 358 211 <~Controls.732~><~Game.2039~><~Controls.733~><~Game.2042~> AD3BCE
$Alexey'a<~Controls.509~>158<~Controls.510~><~Game.2006~><~Controls.511~><~Controls.46~> null
$Stella_Rossa<~Controls.509~>126<~Controls.510~><~Game.2004~><~Controls.511~><~Controls.45~> null
$Stella_Rossa<~Controls.509~>122<~Controls.510~><~Game.2005~><~Controls.511~><~Controls.45~> null
$Alexey'a<~Controls.509~>196<~Controls.510~><~Game.2007~><~Controls.511~><~Controls.46~> null
$Alexey'a<~Controls.509~>165<~Controls.510~><~Game.2006~><~Controls.511~><~Controls.46~> null
$Alexey'a<~Controls.819~> B091A8
<Stella_Rossa> fsp ok EA0A2C
$Alexey'a<~Controls.372~>101 17D5D4
$Alexey'a<~Controls.345~>361 362 100 103 105 104 099 102 <~Controls.346~>15 14 11 12 13 13 15 14 null
$Alexey'a<~Controls.350~>361 362 100 103 105 104 099 102 null
$Stella_Rossa<~Controls.345~>210 358 211 212 213 <~Controls.346~>1 3 2 2 0 null
$Stella_Rossa<~Scribe.141~>211 <~Scribe.142~><~Game.2042~><~Scribe.143~><~Game.2035~><~Scribe.144~> B43176
$Stella_Rossa<~Controls.323~>247 73FBF6
$Stella_Rossa<~Controls.644~>211 <~Controls.645~><~Game.2035~> 427312
$Alexey'a<~Scribe.141~>100 <~Scribe.142~><~Game.2043~><~Scribe.143~><~Game.2035~><~Scribe.144~> 0C7837
$Alexey'a<~Scribe.141~>261 <~Scribe.142~><~Game.2001~><~Scribe.143~><~Game.2002~><~Scribe.144~> FAD4F8
$Alexey'a<~Controls.644~>100 <~Controls.645~><~Game.2035~> 614D1A
<Stella_Rossa> pass F76007
$Alexey'a<~Scribe.141~>102 <~Scribe.142~><~Game.2043~><~Scribe.143~><~Game.2035~><~Scribe.144~> 6FF0C4
$Alexey'a<~Scribe.141~>251 <~Scribe.142~><~Game.2011~><~Scribe.143~><~Game.2037~><~Scribe.144~> 38ACB2
$Alexey'a<~Scribe.141~>261 <~Scribe.142~><~Game.2002~><~Scribe.143~><~Game.2003~><~Scribe.144~> 3498FB
$Alexey'a<~Controls.644~>102 251 <~Controls.645~><~Game.2035~> F0F18C
$Stella_Rossa<~Scribe.141~>358 <~Scribe.142~><~Game.2042~><~Scribe.143~><~Game.2035~><~Scribe.144~> F78D60
$Stella_Rossa<~Scribe.141~>299 <~Scribe.142~><~Game.2038~><~Scribe.143~><~Game.1941~><~Scribe.144~> 94751C
$Stella_Rossa<~Controls.644~>358 <~Controls.645~><~Game.2035~> D6D89E
$Alexey'a<~Scribe.141~>103 <~Scribe.142~><~Game.2043~><~Scribe.143~><~Game.2035~><~Scribe.144~> 14D985
$Alexey'a<~Scribe.141~>056 052 051 050 <~Scribe.142~><~Game.1986~><~Scribe.143~><~Game.1984~><~Scribe.144~> 9A45BD
$Alexey'a<~Scribe.141~>054 053 <~Scribe.142~><~Game.1987~><~Scribe.143~><~Game.1984~><~Scribe.144~> 15BA41
$Alexey'a<~Controls.644~>103 <~Controls.645~><~Game.2035~> 86421C
$Stella_Rossa<~Scribe.141~>210 <~Scribe.142~><~Game.2042~><~Scribe.143~><~Game.2035~><~Scribe.144~> 9D34EB
$Stella_Rossa<~Controls.790~>248<~Controls.791~><~Game.2014~><~Controls.792~><~Game.2015~> E6665F
$Stella_Rossa<~Controls.795~>210<~Controls.796~><~Game.2035~><~Controls.797~><~Game.1997~> B13553
<game> Alexey'a<~Controls.1~> 2 4 5 null
$Alexey'a<~Scribe.141~>362 <~Scribe.142~><~Game.2043~><~Scribe.143~><~Game.2035~><~Scribe.144~> C5C57C
$Alexey'a<~CardBuffet.14~>reveal 166 53AF53ACEBED64A263255E3D0C1733155AEFDE8F 11<~CardBuffet.15~><~Controls.46~><~CardBuffet.16~> 7C275D
$Alexey'a<~Controls.281~>238 <~Controls.282~><~Game.2046~><~Controls.283~><~Game.2045~> 9D0188
$Alexey'a<~Controls.644~>362 166 <~Controls.645~><~Game.2035~> A0E2E3
$Stella_Rossa<~Scribe.141~>213 <~Scribe.142~><~Game.2042~><~Scribe.143~><~Game.2035~><~Scribe.144~> BF536F
$Stella_Rossa<~Scribe.141~>300 <~Scribe.142~><~Game.2038~><~Scribe.143~><~Game.1941~><~Scribe.144~> 9696F2
$Stella_Rossa<~Controls.644~>213 <~Controls.645~><~Game.2035~> 715F01
$Alexey'a<~Scribe.141~>105 <~Scribe.142~><~Game.2043~><~Scribe.143~><~Game.2035~><~Scribe.144~> 63564E
$Alexey'a<~Scribe.141~>039 036 029 028 027 026 <~Scribe.142~><~Game.533~><~Scribe.143~><~Game.1969~><~Scribe.144~> 97E1CE
$Alexey'a<~Controls.644~>105 <~Controls.645~><~Game.2035~> 734917
$Stella_Rossa<~Scribe.141~>212 <~Scribe.142~><~Game.2042~><~Scribe.143~><~Game.2035~><~Scribe.144~> FEAD2E
$Stella_Rossa<~Controls.509~>149<~Controls.510~><~Game.2004~><~Controls.511~><~Controls.45~> null
$Stella_Rossa<~Controls.644~>212 <~Controls.645~><~Game.2035~> A66D8C
$Alexey'a<~Scribe.141~>104 <~Scribe.142~><~Game.2043~><~Scribe.143~><~Game.2035~><~Scribe.144~> CA473E
$Stella_Rossa<~Controls.726~>210 <~Controls.727~><~Game.1997~><~Controls.728~><~Game.2042~> 4EA6AF
$Stella_Rossa<~Controls.731~>212 213 358 211 <~Controls.732~><~Game.2039~><~Controls.733~><~Game.2042~> B46D05
$Alexey'a<~Scribe.141~>039 037 036 029 028 027 026 020 019 018 017 016 <~Scribe.142~><~Game.1969~><~Scribe.143~><~Game.1964~><~Scribe.144~> 183F69
$Alexey'a<~Controls.644~>104 <~Controls.645~><~Game.2035~> E58238
$Alexey'a<~Controls.757~>361 099 101 <~Controls.758~><~Game.1997~><~Controls.759~><~Game.2043~> 26DF92
<~Game.7~>4 null
$Alexey'a<~Controls.762~>104 105 362 103 102 100 <~Controls.763~><~Game.2041~><~Controls.764~><~Game.2043~> F41F2D
$Alexey'a<~Controls.509~>182<~Controls.510~><~Game.2006~><~Controls.511~><~Controls.46~> null
$Alexey'a<~Controls.509~>190<~Controls.510~><~Game.2007~><~Controls.511~><~Controls.46~> null
$Stella_Rossa<~Controls.509~>116<~Controls.510~><~Game.2004~><~Controls.511~><~Controls.45~> null
$Stella_Rossa<~Controls.509~>143<~Controls.510~><~Game.2005~><~Controls.511~><~Controls.45~> null
$Stella_Rossa<~Controls.296~>126 <~Controls.297~><~Controls.45~> 94807E
$Stella_Rossa<~Controls.296~>117 <~Controls.297~><~Controls.45~> 50BB1A
$Alexey'a<~Controls.372~>104 AC2511
$Alexey'a<~Controls.345~>105 362 103 102 100 361 099 101 <~Controls.346~>11 10 10 10 13 14 12 11 null
$Alexey'a<~Controls.350~>105 362 103 102 100 361 099 101 null
<Stella_Rossa> declare D0E84F
$Stella_Rossa<~Scribe.141~>247 <~Scribe.142~><~Game.1936~><~Scribe.143~><~Game.1940~><~Scribe.144~> FEFF4D
$Stella_Rossa<~Scribe.141~>248 <~Scribe.142~><~Game.2015~><~Scribe.143~><~Game.2014~><~Scribe.144~> C20120
$Stella_Rossa<~Controls.345~>212 213 358 211 210 <~Controls.346~>4 1 0 1 0 null
$Stella_Rossa<~Scribe.141~>358 <~Scribe.142~><~Game.2042~><~Scribe.143~><~Game.2035~><~Scribe.144~> 475D66
$Stella_Rossa<~Scribe.141~>301 <~Scribe.142~><~Game.2038~><~Scribe.143~><~Game.1941~><~Scribe.144~> 118B20
$Stella_Rossa<~Controls.644~>358 <~Controls.645~><~Game.2035~> E60AFA
$Alexey'a<~Scribe.141~>099 <~Scribe.142~><~Game.2043~><~Scribe.143~><~Game.2035~><~Scribe.144~> F73D7A
<Alexey'a> ironhills 2DED78
<Alexey'a> 5 1 0 A38506
$Stella_Rossa<~Scribe.141~>257 <~Scribe.142~><~Game.2001~><~Scribe.143~><~Game.2002~><~Scribe.144~> DD5D47
<Alexey'a> nc D0596E
<Stella_Rossa> nc EFB2F4
<game> Alexey'a<~Controls.1~> 2 2 3 6 1 null
<Alexey'a> 1 239774
<game> Stella_Rossa<~Controls.1~> 2 null
$Stella_Rossa<~Scribe.141~>059 <~Scribe.142~><~Game.1973~><~Scribe.143~><~Game.2037~><~Scribe.144~> F89DAF
$Alexey'a<~Scribe.141~>056 054 053 052 051 050 <~Scribe.142~><~Game.1984~><~Scribe.143~><~Game.1973~><~Scribe.144~> 39D174
$Alexey'a<~Controls.644~>099 059 <~Controls.645~><~Game.2035~> E2AAB4
$Stella_Rossa<~Scribe.141~>257 <~Scribe.142~><~Game.2002~><~Scribe.143~><~Game.2003~><~Scribe.144~> 7179E2
$Stella_Rossa<~Scribe.141~>210 <~Scribe.142~><~Game.2042~><~Scribe.143~><~Game.2035~><~Scribe.144~> D3B277
$Stella_Rossa<~Scribe.141~>301 300 299 <~Scribe.142~><~Game.1941~><~Scribe.143~><~Game.1957~><~Scribe.144~> 139168
$Stella_Rossa<~Scribe.141~>073 072 <~Scribe.142~><~Game.1925~><~Scribe.143~><~Game.1918~><~Scribe.144~> B8C532
$Stella_Rossa<~Controls.644~>210 <~Controls.645~><~Game.2035~> 194284
$Alexey'a<~Scribe.141~>105 <~Scribe.142~><~Game.2043~><~Scribe.143~><~Game.2035~><~Scribe.144~> 199048
$Alexey'a<~Scribe.141~>056 054 053 052 051 050 <~Scribe.142~><~Game.1973~><~Scribe.143~><~Game.1965~><~Scribe.144~> F2FB81
$Alexey'a<~Scribe.141~>050 <~Scribe.142~><~Game.1965~><~Scribe.143~><~Game.1973~><~Scribe.144~> D913E6
$Alexey'a<~Scribe.141~>038 025 024 023 022 021 <~Scribe.142~><~Game.1974~><~Scribe.143~><~Game.1976~><~Scribe.144~> ED70EF
$Alexey'a<~Controls.644~>105 <~Controls.645~><~Game.2035~> A4BEAB
$Stella_Rossa<~Scribe.141~>211 <~Scribe.142~><~Game.2042~><~Scribe.143~><~Game.2035~><~Scribe.144~> 893392
$Stella_Rossa<~Controls.790~>248<~Controls.791~><~Game.2014~><~Controls.792~><~Game.2015~> 411A4C
$Stella_Rossa<~Controls.795~>211<~Controls.796~><~Game.2035~><~Controls.797~><~Game.1997~> AA0A3A
<game> Alexey'a<~Controls.1~> 1 null
$Alexey'a<~Scribe.141~>100 <~Scribe.142~><~Game.2043~><~Scribe.143~><~Game.2035~><~Scribe.144~> 53EE4A
<Alexey'a> erebor 2668DC
<Alexey'a> no FB7E44
$Alexey'a<~Scribe.141~>039 <~Scribe.142~><~Game.1964~><~Scribe.143~><~Game.1965~><~Scribe.144~> 480591
$Alexey'a<~Scribe.141~>038 <~Scribe.142~><~Game.1976~><~Scribe.143~><~Game.1965~><~Scribe.144~> D3D941
$Alexey'a<~Scribe.141~>037 <~Scribe.142~><~Game.1964~><~Scribe.143~><~Game.1965~><~Scribe.144~> 75B09E
$Alexey'a<~Controls.644~>100 <~Controls.645~><~Game.2035~> 8E66FB
<Stella_Rossa> pass 928B83
$Alexey'a<~Scribe.141~>361 <~Scribe.142~><~Game.2043~><~Scribe.143~><~Game.2035~><~Scribe.144~> 18E9F9
$Alexey'a<~CardBuffet.14~>reveal 196 6B0AADAC22EC1A3411802199797A296B27ECDB4D 20<~CardBuffet.15~><~Controls.46~><~CardBuffet.16~> 2D0897
$Alexey'a<~Controls.304~>014 <~Controls.305~><~Game.1965~> B33E1B
$Alexey'a<~Controls.313~>336 <~Controls.309~><~Controls.314~><~Game.1965~> 7EA962
$Alexey'a<~Controls.304~>012 <~Controls.305~><~Game.1965~> 5E8E23
$Alexey'a<~Controls.313~>335 <~Controls.309~><~Controls.314~><~Game.1965~> 929DE3
$Alexey'a<~Controls.644~>361 196 <~Controls.645~><~Game.2035~> 8D1376
<Stella_Rossa> pass 709CD6
$Alexey'a<~Scribe.141~>101 <~Scribe.142~><~Game.2043~><~Scribe.143~><~Game.2035~><~Scribe.144~> 0794BF
<Alexey'a> erebor 2F92E3
$Alexey'a<~Controls.840~>207 166FB5
$Stella_Rossa<~Controls.840~>143 48B9D9
<auto> playchosen 57464D
<auto><~Controls.3~>reveal 143 B72E4D9062DDA771D4EAB123EA406E33920BB912 6<~Controls.884~><~Controls.45~><~Controls.885~><~Game.2037~> 02502E
<auto><~Controls.866~>reveal 207 3B5944A7F1B1E009A71F8CCE30FFE794CDAFD3D5 11<~Controls.867~><~Controls.46~><~Controls.868~><~Game.2036~> 410EB6
<auto> playchosen 77FF7D
<game> Alexey'a<~Controls.1~> 6 6 1 2 2 null
<game> Alexey'a<~Controls.1~> 1 5 5 5 null
<Alexey'a> 2 684688
<game> Stella_Rossa<~Controls.1~> 3 2 2 4 null
<game> Stella_Rossa<~Controls.1~> 1 4 null
<Stella_Rossa> see 2226E8
<Alexey'a> press 971E2E
$Alexey'a<~Controls.304~>035 <~Controls.305~><~Game.1965~> 87932C
$Alexey'a<~Controls.313~>012 <~Controls.307~><~Controls.314~><~Game.1965~> 81DC6D
$Stella_Rossa<~Controls.304~>312 314 <~Controls.305~><~Game.1988~> 2BA011
$Stella_Rossa<~Controls.313~>317 059 <~Controls.309~>(1)/casualties(1)<~Controls.314~><~Game.1988~> 20F0B0
$Alexey'a<~Controls.509~>170<~Controls.510~><~Game.2007~><~Controls.511~><~Controls.46~> null
$Alexey'a<~Controls.662~>207 143 <~Controls.663~><~Game.2035~> 310822
$Alexey'a<~Controls.840~>170 B41EBF
<Stella_Rossa> downgrade CF8AE7
<Alexey'a> already 0E7EE2
$Stella_Rossa<~Controls.840~>147 A5921E
<auto> playchosen 19F9F5
<auto><~Controls.3~>reveal 147 BC514B15FAD10D4650707F0B0158269C43E8BFB9 13<~Controls.884~><~Controls.45~><~Controls.885~><~Game.2037~> 221900
<auto><~Controls.866~>reveal 170 3D8DABF6E33F995492BF0D98E105BCB0CA7C4458 1<~Controls.867~><~Controls.46~><~Controls.868~><~Game.2036~> 86DF37
<auto> playchosen 9925BE
<game> Alexey'a<~Controls.1~> 3 4 6 5 5 null
<game> Alexey'a<~Controls.1~> 6 6 null
<Alexey'a> 6 595B12
<Stella_Rossa> see 272A24
<Alexey'a> nice C3FF14
<game> Stella_Rossa<~Controls.1~> 5 4 6 4 null
<Alexey'a> nono, its my game today 11B0F4
<game> Stella_Rossa<~Controls.1~> 3 3 null
<Stella_Rossa> 3 D5846E
$Stella_Rossa<~Scribe.141~>309 062 061 317 059 060 <~Scribe.142~><~Game.1988~><~Scribe.143~><~Game.2037~><~Scribe.144~> A551FF
$Alexey'a<~Scribe.141~>011 015 012 <~Scribe.142~><~Game.1965~><~Scribe.143~><~Game.2036~><~Scribe.144~> 9D5ADC
$Alexey'a<~Controls.644~>101 170 011 015 012 147 309 062 061 317 059 060 <~Controls.645~><~Game.2035~> 0A4CDF
$Stella_Rossa<~Scribe.141~>423 <~Scribe.142~><~Game.27~><~Scribe.143~><~Game.29~><~Scribe.144~> E20919
$Alexey'a<~Scribe.141~>413 <~Scribe.142~><~Game.2040~><~Scribe.143~><~Game.1965~><~Scribe.144~> 73D969
$Stella_Rossa<~Scribe.141~>423 <~Scribe.142~><~Game.29~><~Scribe.143~><~Game.30~><~Scribe.144~> 02F92D
<Stella_Rossa> pass 529F1E
$Alexey'a<~Scribe.141~>103 <~Scribe.142~><~Game.2043~><~Scribe.143~><~Game.2035~><~Scribe.144~> 4BCE47
$Alexey'a<~Scribe.141~>323 <~Scribe.142~><~Game.2040~><~Scribe.143~><~Game.1910~><~Scribe.144~> 7E38AB
$Alexey'a<~Controls.644~>103 <~Controls.645~><~Game.2035~> 623B20
$Stella_Rossa<~Scribe.141~>213 <~Scribe.142~><~Game.2042~><~Scribe.143~><~Game.2035~><~Scribe.144~> E24E7F
$Stella_Rossa<~Controls.790~>248<~Controls.791~><~Game.2015~><~Controls.792~><~Game.2016~> F4EA9F
$Stella_Rossa<~Controls.795~>213<~Controls.796~><~Game.2035~><~Controls.797~><~Game.1997~> EEF66E
<game> Alexey'a<~Controls.1~> 2 null
$Alexey'a<~Scribe.141~>362 <~Scribe.142~><~Game.2043~><~Scribe.143~><~Game.2035~><~Scribe.144~> 747C82
$Alexey'a<~Scribe.141~>322 <~Scribe.142~><~Game.2040~><~Scribe.143~><~Game.1910~><~Scribe.144~> 2F02E6
$Alexey'a<~Controls.644~>362 <~Controls.645~><~Game.2035~> D5A37F
$Stella_Rossa<~Scribe.141~>212 <~Scribe.142~><~Game.2042~><~Scribe.143~><~Game.2035~><~Scribe.144~> 915623
$Stella_Rossa<~Scribe.141~>300 301 <~Scribe.142~><~Game.1957~><~Scribe.143~><~Game.1954~><~Scribe.144~> 74F0B0
$Stella_Rossa<~Scribe.141~>299 <~Scribe.142~><~Game.1957~><~Scribe.143~><~Game.1970~><~Scribe.144~> 225420
$Stella_Rossa<~Controls.819~> B516A5
$Stella_Rossa<~Scribe.141~>299 <~Scribe.142~><~Game.1957~><~Scribe.143~><~Game.1954~><~Scribe.144~> A7484F
$Stella_Rossa<~Scribe.141~>079 <~Scribe.142~><~Game.1943~><~Scribe.143~><~Game.1955~><~Scribe.144~> D1601C
$Stella_Rossa<~Controls.819~> DC051A
$Stella_Rossa<~Scribe.141~>067 <~Scribe.142~><~Game.1899~><~Scribe.143~><~Game.1901~><~Scribe.144~> ED8B98
$Stella_Rossa<~Controls.644~>212 <~Controls.645~><~Game.2035~> 173AF5
$Alexey'a<~Scribe.141~>102 <~Scribe.142~><~Game.2043~><~Scribe.143~><~Game.2035~><~Scribe.144~> C3A5A6
$Alexey'a<~Scribe.141~>326 <~Scribe.142~><~Game.2040~><~Scribe.143~><~Game.1910~><~Scribe.144~> 0B52A9
$Alexey'a<~Controls.644~>102 <~Controls.645~><~Game.2035~> 04571B
$Alexey'a<~Controls.757~>104 <~Controls.758~><~Game.1997~><~Controls.759~><~Game.2043~> 0915C2
$Alexey'a<~Controls.762~>102 362 103 101 361 100 105 099 <~Controls.763~><~Game.2041~><~Controls.764~><~Game.2043~> 917457
$Alexey'a<~Controls.509~>193<~Controls.510~><~Game.2006~><~Controls.511~><~Controls.46~> null
$Alexey'a<~Controls.509~>206<~Controls.510~><~Game.2007~><~Controls.511~><~Controls.46~> null
$Stella_Rossa<~Controls.726~>213 211 <~Controls.727~><~Game.1997~><~Controls.728~><~Game.2042~> 91DE81
<~Game.7~>5 null
$Stella_Rossa<~Controls.731~>212 210 358 <~Controls.732~><~Game.2039~><~Controls.733~><~Game.2042~> C051DB
$Stella_Rossa<~Controls.509~>107<~Controls.510~><~Game.2004~><~Controls.511~><~Controls.45~> null
$Stella_Rossa<~Controls.509~>119<~Controls.510~><~Game.2005~><~Controls.511~><~Controls.45~> null
<Stella_Rossa> declare 066FED
$Alexey'a<~Controls.372~>102 A71BDB
$Stella_Rossa<~Scribe.141~>247 <~Scribe.142~><~Game.1940~><~Scribe.143~><~Game.1957~><~Scribe.144~> B0D40C
$Stella_Rossa<~Scribe.141~>248 <~Scribe.142~><~Game.2016~><~Scribe.143~><~Game.2014~><~Scribe.144~> 95A8DE
<Stella_Rossa> ok C4F85D
$Alexey'a<~Controls.345~>362 103 101 361 100 105 099 104 <~Controls.346~>15 11 15 10 13 10 14 11 null
$Alexey'a<~Controls.350~>362 103 101 361 100 105 099 104 null
$Stella_Rossa<~Controls.345~>212 210 358 213 211 <~Controls.346~>1 1 1 3 0 null
$Stella_Rossa<~Scribe.141~>358 <~Scribe.142~><~Game.2042~><~Scribe.143~><~Game.2035~><~Scribe.144~> 4B8E09
$Stella_Rossa<~Controls.790~>248<~Controls.791~><~Game.2014~><~Controls.792~><~Game.2015~> 22367E
$Stella_Rossa<~Controls.795~>358<~Controls.796~><~Game.2035~><~Controls.797~><~Game.1997~> 67A899
<game> Alexey'a<~Controls.1~> 6 5 6 null
$Alexey'a<~Controls.624~>224<~Controls.625~><~Game.2044~><~Controls.626~><~Game.2037~> null
$Stella_Rossa<~Scribe.141~>252 <~Scribe.142~><~Game.2014~><~Scribe.143~><~Game.2015~><~Scribe.144~> 696D0E
$Stella_Rossa<~Controls.644~>224 <~Controls.645~><~Game.2035~> 4B7FB0
$Alexey'a<~Scribe.141~>361 <~Scribe.142~><~Game.2043~><~Scribe.143~><~Game.2035~><~Scribe.144~> 7C1C48
$Alexey'a<~Scribe.141~>324 <~Scribe.142~><~Game.2040~><~Scribe.143~><~Game.1910~><~Scribe.144~> 96B52C
$Alexey'a<~Controls.644~>361 <~Controls.645~><~Game.2035~> 7DBED6
<Stella_Rossa> pass 330C07
$Alexey'a<~Scribe.141~>105 <~Scribe.142~><~Game.2043~><~Scribe.143~><~Game.2035~><~Scribe.144~> 4F05CE
$Alexey'a<~Scribe.141~>035 <~Scribe.142~><~Game.2040~><~Scribe.143~><~Game.1917~><~Scribe.144~> 3ACA77
$Alexey'a<~Controls.644~>105 <~Controls.645~><~Game.2035~> 60F9A2
$Stella_Rossa<~Scribe.141~>210 <~Scribe.142~><~Game.2042~><~Scribe.143~><~Game.2035~><~Scribe.144~> 48DEDE
$Stella_Rossa<~Controls.790~>248<~Controls.791~><~Game.2015~><~Controls.792~><~Game.2016~> 6CCED9
$Stella_Rossa<~Controls.795~>210<~Controls.796~><~Game.2035~><~Controls.797~><~Game.1997~> 5C3F5C
<game> Alexey'a<~Controls.1~> 1 4 4 null
$Alexey'a<~Scribe.141~>099 <~Scribe.142~><~Game.2043~><~Scribe.143~><~Game.2035~><~Scribe.144~> 654118
$Alexey'a<~CardBuffet.14~>reveal 190 46DAA418077028DB5830865F010E4D9BEA617E3C 13<~CardBuffet.15~><~Controls.46~><~CardBuffet.16~> 54ACAE
$Alexey'a<~Scribe.141~>341 338 <~Scribe.142~><~Game.2040~><~Scribe.143~><~Game.1917~><~Scribe.144~> 45B970
$Alexey'a<~Scribe.141~>012 339 <~Scribe.142~><~Game.2040~><~Scribe.143~><~Game.1956~><~Scribe.144~> 67C85D
$Alexey'a<~Scribe.141~>014 013 <~Scribe.142~><~Game.2040~><~Scribe.143~><~Game.1969~><~Scribe.144~> 789D0F
$Alexey'a<~Controls.644~>099 190 <~Controls.645~><~Game.2035~> 6E2FCD
$Stella_Rossa<~Scribe.141~>212 <~Scribe.142~><~Game.2042~><~Scribe.143~><~Game.2035~><~Scribe.144~> E41471
$Stella_Rossa<~Controls.790~>248<~Controls.791~><~Game.2016~><~Controls.792~><~Game.2017~> 1A9A5F
$Stella_Rossa<~Controls.795~>212<~Controls.796~><~Game.2035~><~Controls.797~><~Game.1997~> ADA556
<game> Alexey'a<~Controls.1~> 5 2 2 null
$Alexey'a<~Controls.624~>218<~Controls.625~><~Game.2044~><~Controls.626~><~Game.2037~> null
<Stella_Rossa> random EFEF2A
$Alexey'a<~Controls.637~>241<~Controls.638~><~Game.1999~><~Controls.639~><~Game.2036~> null
$Alexey'a<~Controls.452~>116<~Controls.453~><~Controls.45~><~Controls.454~><~Game.2039~> null
<Stella_Rossa> see 476C13
<Stella_Rossa> and you talk about bad luck 9B7895
<Stella_Rossa> incredible 9CE5E8
$Stella_Rossa<~Scribe.141~>242 <~Scribe.142~><~Game.1998~><~Scribe.143~><~Game.1999~><~Scribe.144~> 458250
$Stella_Rossa<~Scribe.141~>247 <~Scribe.142~><~Game.1957~><~Scribe.143~><~Game.1972~><~Scribe.144~> DC0156
$Stella_Rossa<~Controls.323~>247 05EB12
$Stella_Rossa<~Controls.644~>241 218 <~Controls.645~><~Game.2035~> C6A97C
<Alexey'a> I also have bad luck :( AA742C
<Alexey'a> in prev game 398834
$Alexey'a<~Scribe.141~>104 <~Scribe.142~><~Game.2043~><~Scribe.143~><~Game.2035~><~Scribe.144~> 1D7F7D
$Alexey'a<~Scribe.141~>324 326 322 323 001 <~Scribe.142~><~Game.1910~><~Scribe.143~><~Game.1912~><~Scribe.144~> 0BCEAF
<Stella_Rossa> not like me 273688
$Alexey'a<~Scribe.141~>324 326 322 323 001 <~Scribe.142~><~Game.1912~><~Scribe.143~><~Game.1910~><~Scribe.144~> E9A2FC
$Alexey'a<~Scribe.141~>035 341 338 008 007 <~Scribe.142~><~Game.1917~><~Scribe.143~><~Game.1912~><~Scribe.144~> 681215
$Alexey'a<~Scribe.141~>324 326 322 323 001 <~Scribe.142~><~Game.1910~><~Scribe.143~><~Game.1917~><~Scribe.144~> AAB4FE
$Alexey'a<~Scribe.141~>324 326 322 323 001 <~Scribe.142~><~Game.1917~><~Scribe.143~><~Game.1910~><~Scribe.144~> 482369
$Alexey'a<~Scribe.141~>341 <~Scribe.142~><~Game.1912~><~Scribe.143~><~Game.1917~><~Scribe.144~> BCAB61
$Alexey'a<~Scribe.141~>001 <~Scribe.142~><~Game.1910~><~Scribe.143~><~Game.1912~><~Scribe.144~> 59F2B8
$Alexey'a<~Controls.644~>104 <~Controls.645~><~Game.2035~> 642F62
$Stella_Rossa<~Scribe.141~>211 <~Scribe.142~><~Game.2042~><~Scribe.143~><~Game.2035~><~Scribe.144~> F51662
$Stella_Rossa<~Controls.323~>247 90FCBC
$Stella_Rossa<~Controls.644~>211 <~Controls.645~><~Game.2035~> FCD66E
$Alexey'a<~Scribe.141~>103 <~Scribe.142~><~Game.2043~><~Scribe.143~><~Game.2035~><~Scribe.144~> FDD1F5
$Alexey'a<~Scribe.141~>035 001 338 008 007 <~Scribe.142~><~Game.1912~><~Scribe.143~><~Game.1908~><~Scribe.144~> 145984
$Alexey'a<~Scribe.141~>324 326 322 323 <~Scribe.142~><~Game.1910~><~Scribe.143~><~Game.1917~><~Scribe.144~> E950B9
$Alexey'a<~Controls.644~>103 <~Controls.645~><~Game.2035~> DD67CF
$Stella_Rossa<~Scribe.141~>213 <~Scribe.142~><~Game.2042~><~Scribe.143~><~Game.2035~><~Scribe.144~> AD9EBC
$Stella_Rossa<~Scribe.141~>260 <~Scribe.142~><~Game.2001~><~Scribe.143~><~Game.2002~><~Scribe.144~> DD5C19
$Stella_Rossa<~Controls.644~>213 <~Controls.645~><~Game.2035~> 542104
$Alexey'a<~Scribe.141~>100 <~Scribe.142~><~Game.2043~><~Scribe.143~><~Game.2035~><~Scribe.144~> 9F649D
$Alexey'a<~Scribe.141~>324 326 322 323 341 <~Scribe.142~><~Game.1917~><~Scribe.143~><~Game.1927~><~Scribe.144~> CA1040
$Alexey'a<~Controls.644~>100 <~Controls.645~><~Game.2035~> 08D978
$Alexey'a<~Controls.757~>362 101 102 <~Controls.758~><~Game.1997~><~Controls.759~><~Game.2043~> 81D355
$Alexey'a<~Controls.762~>100 103 104 099 105 361 <~Controls.763~><~Game.2041~><~Controls.764~><~Game.2043~> 614C6C
$Stella_Rossa<~Scribe.141~>426 <~Scribe.142~><~Game.2042~><~Scribe.143~><~Game.2035~><~Scribe.144~> 124044
$Alexey'a<~Controls.509~>179<~Controls.510~><~Game.2006~><~Controls.511~><~Controls.46~> null
$Alexey'a<~Controls.509~>176<~Controls.510~><~Game.2007~><~Controls.511~><~Controls.46~> null
$Stella_Rossa<~Scribe.141~>260 <~Scribe.142~><~Game.2002~><~Scribe.143~><~Game.2003~><~Scribe.144~> 9BCC22
$Stella_Rossa<~Controls.644~>426 <~Controls.645~><~Game.2035~> 04BAFB
$Stella_Rossa<~Controls.726~>212 210 358 <~Controls.727~><~Game.1997~><~Controls.728~><~Game.2042~> F43739
<~Game.7~>6 null
$Stella_Rossa<~Controls.731~>213 211 <~Controls.732~><~Game.2039~><~Controls.733~><~Game.2042~> EA5EA8
$Stella_Rossa<~Controls.509~>125<~Controls.510~><~Game.2004~><~Controls.511~><~Controls.45~> null
$Stella_Rossa<~Controls.509~>138<~Controls.510~><~Game.2005~><~Controls.511~><~Controls.45~> null
$Alexey'a<~Controls.281~>182 <~Controls.282~><~Controls.46~><~Controls.283~><~Game.2041~> 9F32DE
$Stella_Rossa<~Controls.296~>107 <~Controls.297~><~Controls.45~> 258F4D
<Stella_Rossa> fsp ok B602F4
$Alexey'a<~Controls.372~>100 0364D0
$Alexey'a<~Controls.345~>103 104 099 105 361 362 101 102 <~Controls.346~>14 11 13 11 12 15 11 15 null
$Alexey'a<~Controls.350~>103 104 099 105 361 362 101 102 null
$Stella_Rossa<~Controls.345~>213 211 212 210 358 <~Controls.346~>3 3 1 0 3 null
$Stella_Rossa<~Scribe.141~>210 <~Scribe.142~><~Game.2042~><~Scribe.143~><~Game.2035~><~Scribe.144~> BF53D5
$Stella_Rossa<~Controls.790~>248<~Controls.791~><~Game.2014~><~Controls.792~><~Game.2015~> 08678E
$Stella_Rossa<~Controls.795~>210<~Controls.796~><~Game.2035~><~Controls.797~><~Game.1997~> 280E36
<game> Alexey'a<~Controls.1~> 6 4 1 null
$Alexey'a<~Controls.624~>221<~Controls.625~><~Game.2044~><~Controls.626~><~Game.2037~> null
<Stella_Rossa> see 1A3161
<Stella_Rossa> random 9E1DEF
$Alexey'a<~Controls.637~>245<~Controls.638~><~Game.1998~><~Controls.639~><~Game.2036~> null
$Alexey'a<~Controls.452~>149<~Controls.453~><~Controls.45~><~Controls.454~><~Game.2039~> null
$Stella_Rossa<~Scribe.141~>245 <~Scribe.142~><~Game.2036~><~Scribe.143~><~Game.1966~><~Scribe.144~> 45B905
$Stella_Rossa<~Scribe.141~>247 <~Scribe.142~><~Game.1972~><~Scribe.143~><~Game.1976~><~Scribe.144~> BC1B19
$Stella_Rossa<~Controls.323~>247 846208
$Stella_Rossa<~Controls.644~>221 <~Controls.645~><~Game.2035~> A383A1
$Alexey'a<~Scribe.141~>103 <~Scribe.142~><~Game.2043~><~Scribe.143~><~Game.2035~><~Scribe.144~> 1DD121
<Stella_Rossa> fucking unbelivable 215B6C
$Alexey'a<~Scribe.141~>reveal 193 65575B75915B190573BA9D59F0BEEDE248A30B1D 8 <~Scribe.142~><~Controls.46~><~Scribe.143~><~Game.2037~><~Scribe.144~> AA517E
$Alexey'a<~Scribe.141~>253 <~Scribe.142~><~Game.1965~><~Scribe.143~><~Game.1908~><~Scribe.144~> 3300AB
<Stella_Rossa> -3 vs +6 D86798
$Alexey'a<~Scribe.141~>040 039 038 037 <~Scribe.142~><~Game.1965~><~Scribe.143~><~Game.1908~><~Scribe.144~> 9EC2D5
$Alexey'a<~Scribe.141~>040 <~Scribe.142~><~Game.1908~><~Scribe.143~><~Game.1976~><~Scribe.144~> 3DB4BB
<Alexey'a> riv 226DF9
$Stella_Rossa<~Scribe.141~>096 091 090 <~Scribe.142~><~Game.1911~><~Scribe.143~><~Game.1990~><~Scribe.144~> C04E88
$Alexey'a<~Scribe.141~>253 039 038 037 035 001 338 008 007 <~Scribe.142~><~Game.1908~><~Scribe.143~><~Game.1911~><~Scribe.144~> E2618C
$Stella_Rossa<~Scribe.141~>256 <~Scribe.142~><~Game.2000~><~Scribe.143~><~Game.2001~><~Scribe.144~> 906E1F
$Alexey'a<~Controls.644~>103 193 <~Controls.645~><~Game.2035~> 7E04BA
<Stella_Rossa> pass F1F100
$Alexey'a<~Scribe.141~>361 <~Scribe.142~><~Game.2043~><~Scribe.143~><~Game.2035~><~Scribe.144~> AEF8B7
<Alexey'a> lorien A221F9
$Stella_Rossa<~Scribe.141~>097 093 092 087 <~Scribe.142~><~Game.1928~><~Scribe.143~><~Game.1992~><~Scribe.144~> 6B2ADA
$Alexey'a<~Scribe.141~>324 326 322 323 341 <~Scribe.142~><~Game.1927~><~Scribe.143~><~Game.1928~><~Scribe.144~> C2ECCB
$Stella_Rossa<~Scribe.141~>256 <~Scribe.142~><~Game.2001~><~Scribe.143~><~Game.2002~><~Scribe.144~> D45A1A
$Alexey'a<~Controls.644~>361 <~Controls.645~><~Game.2035~> 20964E
$Stella_Rossa<~Scribe.141~>358 <~Scribe.142~><~Game.2042~><~Scribe.143~><~Game.2035~><~Scribe.144~> ABB92C
$Stella_Rossa<~Scribe.141~>reveal 119 79D2306842A3DD3CB1D6D205220CD00D507AF732 21 <~Scribe.142~><~Controls.45~><~Scribe.143~><~Game.2037~><~Scribe.144~> 89E211
$Stella_Rossa<~Scribe.141~>267 <~Scribe.142~><~Game.2038~><~Scribe.143~><~Game.1992~><~Scribe.144~> DF4CC9
$Stella_Rossa<~Controls.509~>118<~Controls.510~><~Game.2005~><~Controls.511~><~Controls.45~> null
$Stella_Rossa<~Controls.644~>358 119 <~Controls.645~><~Game.2035~> B794BD
$Alexey'a<~Scribe.141~>105 <~Scribe.142~><~Game.2043~><~Scribe.143~><~Game.2035~><~Scribe.144~> DF00A1
<Alexey'a> riv 3AE07B
$Alexey'a<~Controls.840~>176 8D9CFC
$Stella_Rossa<~Controls.840~>111 9DB8AD
<auto> playchosen 0730ED
<auto><~Controls.3~>reveal 111 8326B587ACBF428CA2056CF7E340D26C4BA7457F 8<~Controls.884~><~Controls.45~><~Controls.885~><~Game.2037~> 4FD954
<auto><~Controls.866~>reveal 176 7D878AD20A70E42A179E068D3C05267865691381 19<~Controls.867~><~Controls.46~><~Controls.868~><~Game.2036~> A7BE2D
<auto> playchosen 672DF6
<game> Alexey'a<~Controls.1~> 5 2 5 null
<game> Alexey'a<~Controls.1~> 4 null
<Alexey'a> 3 720615
<game> Stella_Rossa<~Controls.1~> 1 5 null
<game> Stella_Rossa<~Controls.1~> 5 null
<Stella_Rossa> 2 F1E8B5
$Alexey'a<~Scribe.141~>001 338 <~Scribe.142~><~Game.1911~><~Scribe.143~><~Game.2036~><~Scribe.144~> 6136EB
$Stella_Rossa<~Controls.281~>091 <~Controls.282~><~Game.1990~><~Controls.283~><~Game.2039~> 0DE967
<Alexey'a> press 2242DD
$Stella_Rossa<~Controls.304~>090 <~Controls.305~><~Game.1990~> D9BB64
$Stella_Rossa<~Controls.313~>269 <~Controls.307~><~Controls.314~><~Game.1990~> A4A6F9
$Alexey'a<~Controls.304~>035 <~Controls.305~><~Game.1911~> E2EE31
$Alexey'a<~Controls.313~>011 <~Controls.307~><~Controls.314~><~Game.1911~> C37EF6
$Alexey'a<~Controls.509~>185<~Controls.510~><~Game.2007~><~Controls.511~><~Controls.46~> null
$Alexey'a<~Controls.662~>176 001 338 111 <~Controls.663~><~Game.2035~> 7AA433
$Alexey'a<~Controls.840~>158 F22667
<Stella_Rossa> nc 6991B2
<auto><~Controls.866~>reveal 158 BC9BD2E157A28322F76A4D1D422E70297F4CFC6C 19<~Controls.867~><~Controls.46~><~Controls.868~><~Game.2036~> 3F2091
<game> Alexey'a<~Controls.1~> 6 2 2 null
<game> Alexey'a<~Controls.1~> 6 5 null
<Alexey'a> 3 56ED81
<game> Stella_Rossa<~Controls.1~> 2 6 null
<Stella_Rossa> 1 0A6523
$Stella_Rossa<~Scribe.141~>096 269 <~Scribe.142~><~Game.1990~><~Scribe.143~><~Game.2037~><~Scribe.144~> F8CE68
$Alexey'a<~Scribe.141~>011 <~Scribe.142~><~Game.1911~><~Scribe.143~><~Game.2036~><~Scribe.144~> 55D021
$Stella_Rossa<~Scribe.141~>423 <~Scribe.142~><~Game.30~><~Scribe.143~><~Game.32~><~Scribe.144~> 050C1B
$Alexey'a<~Scribe.141~>418 <~Scribe.142~><~Game.2040~><~Scribe.143~><~Game.1911~><~Scribe.144~> 0B33D7
$Alexey'a<~Controls.644~>105 158 011 096 269 <~Controls.645~><~Game.2035~> E45769
$Stella_Rossa<~Scribe.141~>427 <~Scribe.142~><~Game.2042~><~Scribe.143~><~Game.2035~><~Scribe.144~> 3DAA52
$Stella_Rossa<~Controls.509~>129<~Controls.510~><~Game.2005~><~Controls.511~><~Controls.45~> null
$Stella_Rossa<~Controls.644~>427 <~Controls.645~><~Game.2035~> 126632
$Alexey'a<~Scribe.141~>101 <~Scribe.142~><~Game.2043~><~Scribe.143~><~Game.2035~><~Scribe.144~> F3894E
$Alexey'a<~Scribe.141~>256 <~Scribe.142~><~Game.2002~><~Scribe.143~><~Game.2003~><~Scribe.144~> E98C35
$Alexey'a<~Scribe.141~>055 049 048 047 <~Scribe.142~><~Game.1968~><~Scribe.143~><~Game.1946~><~Scribe.144~> 9A9DA6
$Alexey'a<~Scribe.141~>056 335 336 054 052 051 <~Scribe.142~><~Game.1965~><~Scribe.143~><~Game.1970~><~Scribe.144~> 6717E4
$Alexey'a<~Controls.644~>101 <~Controls.645~><~Game.2035~> 484A87
$Stella_Rossa<~Scribe.141~>212 <~Scribe.142~><~Game.2042~><~Scribe.143~><~Game.2035~><~Scribe.144~> 0EB37A
$Stella_Rossa<~Controls.323~>247 B18A9C
$Stella_Rossa<~Controls.644~>212 <~Controls.645~><~Game.2035~> EA7804
$Alexey'a<~Scribe.141~>099 <~Scribe.142~><~Game.2043~><~Scribe.143~><~Game.2035~><~Scribe.144~> 95DF76
$Alexey'a<~CardBuffet.14~>reveal 179 4E6283C4D52B43E79D2C3265D9D2E123B69FD82C 15<~CardBuffet.15~><~Controls.46~><~CardBuffet.16~> 63D556
$Alexey'a<~Controls.624~>217<~Controls.625~><~Game.2044~><~Controls.626~><~Game.2037~> null
<Stella_Rossa> see 0D5CD1
<Stella_Rossa> what else can I say??? 504AC5
$Stella_Rossa<~Scribe.141~>252 <~Scribe.142~><~Game.2015~><~Scribe.143~><~Game.2016~><~Scribe.144~> AD9DA0
<Stella_Rossa> 3 out of 15 605DDE
<Stella_Rossa> 12 EC88DA
$Stella_Rossa<~Controls.323~>247 5A7EEE
$Stella_Rossa<~Controls.644~>099 179 217 <~Controls.645~><~Game.2035~> A6683F
$Stella_Rossa<~Scribe.141~>211 <~Scribe.142~><~Game.2042~><~Scribe.143~><~Game.2035~><~Scribe.144~> 61FBAA
$Stella_Rossa<~Scribe.141~>274 <~Scribe.142~><~Game.2038~><~Scribe.143~><~Game.1920~><~Scribe.144~> 219F82
$Stella_Rossa<~Controls.644~>211 <~Controls.645~><~Game.2035~> B02849
$Alexey'a<~Scribe.141~>104 <~Scribe.142~><~Game.2043~><~Scribe.143~><~Game.2035~><~Scribe.144~> CABA0F
<Alexey'a> osg F04090
<Alexey'a> nc 92BE0B
<Stella_Rossa> nc 4DD642
<game> Alexey'a<~Controls.1~> 4 3 5 4 3 null
<Alexey'a> 0 3D1E8C
<game> Stella_Rossa<~Controls.1~> 1 5 null
<Stella_Rossa> 1 13E343
$Alexey'a<~Scribe.141~>018 <~Scribe.142~><~Game.1964~><~Scribe.143~><~Game.2037~><~Scribe.144~> 1B1E04
<Alexey'a> press F4E3BA
$Stella_Rossa<~Scribe.141~>079 080 <~Scribe.142~><~Game.1943~><~Scribe.143~><~Game.1931~><~Scribe.144~> A721ED
$Alexey'a<~Scribe.141~>036 029 028 027 026 020 019 017 016 <~Scribe.142~><~Game.1964~><~Scribe.143~><~Game.1943~><~Scribe.144~> CC5064
$Alexey'a<~Controls.644~>104 018 <~Controls.645~><~Game.2035~> E2CC6E
$Stella_Rossa<~Scribe.141~>213 <~Scribe.142~><~Game.2042~><~Scribe.143~><~Game.2035~><~Scribe.144~> 0B5C11
$Stella_Rossa<~Scribe.141~>271 <~Scribe.142~><~Game.2038~><~Scribe.143~><~Game.1944~><~Scribe.144~> F29E44
$Stella_Rossa<~Scribe.141~>272 <~Scribe.142~><~Game.2038~><~Scribe.143~><~Game.1920~><~Scribe.144~> 011F4F
$Stella_Rossa<~Controls.644~>213 <~Controls.645~><~Game.2035~> AE2689
$Alexey'a<~Controls.757~>362 102 100 <~Controls.758~><~Game.1997~><~Controls.759~><~Game.2043~> BEAD8C
$Alexey'a<~Controls.762~>104 099 101 105 361 103 <~Controls.763~><~Game.2041~><~Controls.764~><~Game.2043~> 8346F5
$Stella_Rossa<~Controls.726~>210 <~Controls.727~><~Game.1997~><~Controls.728~><~Game.2042~> 91CF59
<~Game.7~>7 null
$Stella_Rossa<~Controls.731~>213 211 212 358 <~Controls.732~><~Game.2039~><~Controls.733~><~Game.2042~> 467433
$Alexey'a<~Controls.509~>168<~Controls.510~><~Game.2006~><~Controls.511~><~Controls.46~> null
$Alexey'a<~Controls.509~>178<~Controls.510~><~Game.2007~><~Controls.511~><~Controls.46~> null
$Stella_Rossa<~Controls.509~>157<~Controls.510~><~Game.2004~><~Controls.511~><~Controls.45~> null
$Stella_Rossa<~Controls.509~>120<~Controls.510~><~Game.2005~><~Controls.511~><~Controls.45~> null
$Stella_Rossa<~Controls.296~>157 <~Controls.297~><~Controls.45~> 1D2965
$Stella_Rossa<~Controls.819~> 3D2D3B
$Stella_Rossa<~Controls.296~>125 <~Controls.297~><~Controls.45~> 2E27C2
<Stella_Rossa> fsp ok 50EBC8
$Alexey'a<~Controls.372~>104 73029E
$Alexey'a<~Controls.345~>099 101 105 361 103 362 102 100 <~Controls.346~>12 13 13 11 13 11 14 13 null
$Alexey'a<~Controls.350~>099 101 105 361 103 362 102 100 null
$Stella_Rossa<~Controls.345~>213 211 212 358 210 <~Controls.346~>1 1 3 1 2 null
$Stella_Rossa<~Scribe.141~>211 <~Scribe.142~><~Game.2042~><~Scribe.143~><~Game.2035~><~Scribe.144~> CA6C66
$Stella_Rossa<~Controls.323~>247 64F7CD
$Stella_Rossa<~Controls.644~>211 <~Controls.645~><~Game.2035~> 844FAD
$Alexey'a<~Scribe.141~>103 <~Scribe.142~><~Game.2043~><~Scribe.143~><~Game.2035~><~Scribe.144~> BC051D
$Alexey'a<~Scribe.141~>253 <~Scribe.142~><~Game.1911~><~Scribe.143~><~Game.1928~><~Scribe.144~> 0F31D9
$Alexey'a<~Scribe.141~>038 037 <~Scribe.142~><~Game.1911~><~Scribe.143~><~Game.1928~><~Scribe.144~> 63EBB4
$Alexey'a<~Scribe.141~>040 <~Scribe.142~><~Game.1976~><~Scribe.143~><~Game.1928~><~Scribe.144~> E4DA55
$Alexey'a<~Controls.644~>103 <~Controls.645~><~Game.2035~> A49A4E
$Stella_Rossa<~Scribe.141~>358 <~Scribe.142~><~Game.2042~><~Scribe.143~><~Game.2035~><~Scribe.144~> C8E8CC
$Stella_Rossa<~Controls.790~>248<~Controls.791~><~Game.2014~><~Controls.792~><~Game.2015~> 1106D1
$Stella_Rossa<~Controls.795~>358<~Controls.796~><~Game.2035~><~Controls.797~><~Game.1997~> 3E82FB
<game> Alexey'a<~Controls.1~> 1 null
<game> Alexey'a<~Controls.1~> 6 null
$Alexey'a<~Controls.624~>215<~Controls.625~><~Game.2044~><~Controls.626~><~Game.2037~> null
$Stella_Rossa<~Scribe.141~>247 <~Scribe.142~><~Game.1976~><~Scribe.143~><~Game.1974~><~Scribe.144~> F7D510
$Stella_Rossa<~Controls.323~>247 0DB307
$Stella_Rossa<~Scribe.141~>247 <~Scribe.142~><~Game.1974~><~Scribe.143~><~Game.2036~><~Scribe.144~> B55FCB
$Alexey'a<~Controls.624~>227<~Controls.625~><~Game.2044~><~Controls.626~><~Game.2036~> null
$Stella_Rossa<~Scribe.141~>247 <~Scribe.142~><~Game.2036~><~Scribe.143~><~Game.1974~><~Scribe.144~> B41A29
$Stella_Rossa<~Scribe.141~>242 <~Scribe.142~><~Game.1999~><~Scribe.143~><~Game.2037~><~Scribe.144~> 83DABC
$Stella_Rossa<~Scribe.141~>252 <~Scribe.142~><~Game.2016~><~Scribe.143~><~Game.2017~><~Scribe.144~> 9A1EFF
$Stella_Rossa<~Controls.644~>227 215 242 <~Controls.645~><~Game.2035~> 0256B8
$Alexey'a<~Controls.452~>157<~Controls.453~><~Controls.45~><~Controls.454~><~Game.2039~> null
$Stella_Rossa<~Scribe.141~>244 <~Scribe.142~><~Game.1998~><~Scribe.143~><~Game.1999~><~Scribe.144~> 626E15
$Alexey'a<~Scribe.141~>102 <~Scribe.142~><~Game.2043~><~Scribe.143~><~Game.2035~><~Scribe.144~> BEF66B
$Alexey'a<~Controls.509~>194<~Controls.510~><~Game.2006~><~Controls.511~><~Controls.46~> null
$Alexey'a<~Controls.644~>102 <~Controls.645~><~Game.2035~> 7225E1
$Stella_Rossa<~Scribe.141~>213 <~Scribe.142~><~Game.2042~><~Scribe.143~><~Game.2035~><~Scribe.144~> A0AA53
$Stella_Rossa<~Controls.323~>247 2CBB69
$Stella_Rossa<~Controls.644~>213 <~Controls.645~><~Game.2035~> A58798
$Alexey'a<~Scribe.141~>105 <~Scribe.142~><~Game.2043~><~Scribe.143~><~Game.2035~><~Scribe.144~> 10246B
<Alexey'a> lorien 6BDB10
$Alexey'a<~Controls.840~>194 677AA8
$Stella_Rossa<~Controls.840~>129 FA132B
<auto> playchosen F890BA
<auto><~Controls.3~>reveal 129 9DD956E92CBDAF3FD61C94154A5F1A59615FA0D6 10<~Controls.884~><~Controls.45~><~Controls.885~><~Game.2037~> 6CC935
<auto><~Controls.866~>reveal 194 16C6F6870AFDE27E906FB5AA617C25275EA27A18 12<~Controls.867~><~Controls.46~><~Controls.868~><~Game.2036~> CF0753
<auto> playchosen 1106DA
<game> Alexey'a<~Controls.1~> 1 3 2 6 5 null
<game> Alexey'a<~Controls.1~> 4 2 5 1 null
<Alexey'a> 1 35C183
<game> Stella_Rossa<~Controls.1~> 3 4 5 4 null
<game> Stella_Rossa<~Controls.1~> 6 null
<Stella_Rossa> 2 2C3987
$Alexey'a<~Controls.304~>323 <~Controls.305~><~Game.1928~> 0BCA16
$Alexey'a<~Controls.313~>001 <~Controls.307~><~Controls.314~><~Game.1928~> D90657
$Stella_Rossa<~Controls.304~>092 <~Controls.305~><~Game.1992~> B785E6
$Stella_Rossa<~Controls.313~>269 <~Controls.308~><~Controls.314~><~Game.1992~> 00C2F0
<Alexey'a> stop 0236DA
$Alexey'a<~Controls.509~>202<~Controls.510~><~Game.2006~><~Controls.511~><~Controls.46~> null
$Alexey'a<~Controls.644~>105 194 129 <~Controls.645~><~Game.2035~> 588A22
$Stella_Rossa<~Scribe.141~>210 <~Scribe.142~><~Game.2042~><~Scribe.143~><~Game.2035~><~Scribe.144~> 412034
$Stella_Rossa<~Controls.509~>115<~Controls.510~><~Game.2004~><~Controls.511~><~Controls.45~> null
$Stella_Rossa<~Controls.819~> 376407
<Stella_Rossa> wanted Strategy, misclick 973C3E
<Stella_Rossa> can I? 2F1985
<Alexey'a> ye 0C62A1
<Stella_Rossa> ty 92E632
$Stella_Rossa<~Controls.509~>106<~Controls.510~><~Game.2005~><~Controls.511~><~Controls.45~> null
$Stella_Rossa<~Controls.644~>210 <~Controls.645~><~Game.2035~> 834087
$Alexey'a<~Scribe.141~>101 <~Scribe.142~><~Game.2043~><~Scribe.143~><~Game.2035~><~Scribe.144~> 33DCCA
<Alexey'a> lorien 9C8AD4
$Alexey'a<~Controls.840~>202 EFAC22
$Stella_Rossa<~Controls.840~>122 4AD8EA
<auto> playchosen 4B7901
<auto><~Controls.3~>reveal 122 634116AE65EA56907789E416BC97D666C44BC860 22<~Controls.884~><~Controls.45~><~Controls.885~><~Game.2037~> BB6F59
<auto><~Controls.866~>reveal 202 DEC76D7B5AD33E82F98DD28837D5968F7DDB2EAA 23<~Controls.867~><~Controls.46~><~Controls.868~><~Game.2036~> 52D264
<auto> playchosen 4C9C6D
<game> Alexey'a<~Controls.1~> 3 1 2 null
<game> Alexey'a<~Controls.1~> 4 5 2 2 2 null
<game> Alexey'a<~Controls.1~> 2 4 4 4 4 null
<Alexey'a> 0 79E8F3
<game> Stella_Rossa<~Controls.1~> 1 6 3 4 null
<game> Stella_Rossa<~Controls.1~> 2 null
<Stella_Rossa> 1 BD756C
$Alexey'a<~Controls.304~>324 <~Controls.305~><~Game.1928~> DDE2D3
$Alexey'a<~Controls.313~>332 <~Controls.307~><~Controls.314~><~Game.1928~> C08F42
<Alexey'a> stop 60810C
$Alexey'a<~Controls.509~>203<~Controls.510~><~Game.2006~><~Controls.511~><~Controls.46~> null
$Alexey'a<~Controls.644~>101 202 122 <~Controls.645~><~Game.2035~> 19F5CD
<Stella_Rossa> pass EFE34A
$Alexey'a<~Scribe.141~>099 <~Scribe.142~><~Game.2043~><~Scribe.143~><~Game.2037~><~Scribe.144~> 65BC4C
$Alexey'a<~Scribe.141~>099 <~Scribe.142~><~Game.2037~><~Scribe.143~><~Game.2035~><~Scribe.144~> 7DF71E
<Alexey'a> lorien EA045F
$Alexey'a<~Controls.840~>203 849A4B
$Stella_Rossa<~Controls.840~>118 DC5AA4
<auto> playchosen 780993
<auto><~Controls.3~>reveal 118 E9078455462D954A3CDB811302011193CA2EB7F2 7<~Controls.884~><~Controls.45~><~Controls.885~><~Game.2037~> BF201C
<auto><~Controls.866~>reveal 203 FA00616FE3FAFC55928BE873F8F82A4FCF49D9BA 21<~Controls.867~><~Controls.46~><~Controls.868~><~Game.2036~> 3A5A45
<auto> playchosen 35C85F
<game> Alexey'a<~Controls.1~> 3 6 1 6 1 null
<game> Alexey'a<~Controls.1~> 2 3 6 null
<Alexey'a> 3 223DC7
<Stella_Rossa> jesus christ! 08ED83
<game> Stella_Rossa<~Controls.1~> 2 4 4 6 null
<game> Stella_Rossa<~Controls.1~> 6 null
<Stella_Rossa> 2 90948F
$Alexey'a<~Controls.304~>326 <~Controls.305~><~Game.1928~> 45079F
$Alexey'a<~Controls.313~>331 <~Controls.307~><~Controls.314~><~Game.1928~> 1E21D3
$Alexey'a<~Controls.304~>322 <~Controls.305~><~Game.1928~> A0ABFC
$Alexey'a<~Controls.313~>330 <~Controls.307~><~Controls.314~><~Game.1928~> F1947F
$Stella_Rossa<~Controls.281~>093 <~Controls.282~><~Game.1992~><~Controls.283~><~Game.2039~> 296AB3
$Stella_Rossa<~Controls.304~>267 <~Controls.305~><~Game.1992~> 4754AD
$Stella_Rossa<~Controls.313~>268 <~Controls.307~><~Controls.314~><~Game.1992~> 920E21
<Alexey'a> stop 902340
$Alexey'a<~Controls.509~>162<~Controls.510~><~Game.2006~><~Controls.511~><~Controls.46~> null
$Alexey'a<~Controls.644~>099 203 118 <~Controls.645~><~Game.2035~> 026509
<Stella_Rossa> pass 2C7E93
$Alexey'a<~Scribe.141~>362 <~Scribe.142~><~Game.2043~><~Scribe.143~><~Game.2035~><~Scribe.144~> BC2CFD
<Alexey'a> lorien A0C914
<Alexey'a> nc 78C576
$Stella_Rossa<~Scribe.141~>reveal 120 827881FE52F9024FBE7358D1C9FB7983B76F274B 9 <~Scribe.142~><~Controls.45~><~Scribe.143~><~Game.2037~><~Scribe.144~> F64F2F
<game> Stella_Rossa<~Controls.1~> 4 null
<game> Alexey'a<~Controls.1~> 3 2 6 2 2 null
<game> Alexey'a<~Controls.1~> 6 6 3 5 null
<Alexey'a> 3 E59F51
<Stella_Rossa> fucking unbelivable CBAA58
<Alexey'a> I knew it 85180D
<game> Stella_Rossa<~Controls.1~> 2 2 6 null
<game> Stella_Rossa<~Controls.1~> 5 3 null
<Stella_Rossa> 2 2A1D19
$Stella_Rossa<~Scribe.141~>097 268 269 087 <~Scribe.142~><~Game.1992~><~Scribe.143~><~Game.2036~><~Scribe.144~> 920CEA
$Stella_Rossa<~Controls.644~>362 097 268 269 087 120 <~Controls.645~><~Game.2035~> 85FC32
$Alexey'a<~Scribe.141~>001 341 <~Scribe.142~><~Game.1928~><~Scribe.143~><~Game.2036~><~Scribe.144~> 8ED4B7
<Stella_Rossa> pass 19399F
$Alexey'a<~Controls.644~>001 341 <~Controls.645~><~Game.2035~> FD64DF
$Stella_Rossa<~Scribe.141~>423 <~Scribe.142~><~Game.32~><~Scribe.143~><~Game.388~><~Scribe.144~> 033AD3
$Alexey'a<~Scribe.141~>412 <~Scribe.142~><~Game.2040~><~Scribe.143~><~Game.1928~><~Scribe.144~> B05AFF
$Alexey'a<~Scribe.141~>361 <~Scribe.142~><~Game.2043~><~Scribe.143~><~Game.2035~><~Scribe.144~> C8E90D
$Alexey'a<~Scribe.141~>055 057 049 048 047 046 045 044 <~Scribe.142~><~Game.1946~><~Scribe.143~><~Game.1938~><~Scribe.144~> 21BA1F
$Alexey'a<~Scribe.141~>043 041 <~Scribe.142~><~Game.1932~><~Scribe.143~><~Game.1938~><~Scribe.144~> 2005CB
$Alexey'a<~Controls.644~>361 <~Controls.645~><~Game.2035~> 3AC990
$Stella_Rossa<~Scribe.141~>212 <~Scribe.142~><~Game.2042~><~Scribe.143~><~Game.2035~><~Scribe.144~> 81D2C7
$Stella_Rossa<~Scribe.141~>275 <~Scribe.142~><~Game.2038~><~Scribe.143~><~Game.1920~><~Scribe.144~> 3EB240
$Stella_Rossa<~Controls.644~>212 <~Controls.645~><~Game.2035~> 096098
$Alexey'a<~Scribe.141~>100 <~Scribe.142~><~Game.2043~><~Scribe.143~><~Game.2035~><~Scribe.144~> 0C913D
$Alexey'a<~CardBuffet.14~>reveal 162 A0058D61E3799C62BF98F11D2CB551148908768F 17<~CardBuffet.15~><~Controls.46~><~CardBuffet.16~> 3769FC
$Alexey'a<~Controls.281~>239 <~Controls.282~><~Game.2046~><~Controls.283~><~Game.2045~> 8869F8
$Alexey'a<~Controls.644~>100 162 <~Controls.645~><~Game.2035~> 41BF95
$Alexey'a<~Controls.757~>104 <~Controls.758~><~Game.1997~><~Controls.759~><~Game.2043~> A0DC38
$Alexey'a<~Controls.762~>100 361 362 099 101 105 102 103 <~Controls.763~><~Game.2041~><~Controls.764~><~Game.2043~> 7D528B
$Stella_Rossa<~Controls.726~>358 <~Controls.727~><~Game.1997~><~Controls.728~><~Game.2042~> A2D04B
<~Game.7~>8 null
$Stella_Rossa<~Controls.731~>212 210 213 211 <~Controls.732~><~Game.2039~><~Controls.733~><~Game.2042~> 7F52E9
$Alexey'a<~Controls.509~>200<~Controls.510~><~Game.2006~><~Controls.511~><~Controls.46~> null
$Stella_Rossa<~Controls.509~>154<~Controls.510~><~Game.2004~><~Controls.511~><~Controls.45~> null
$Alexey'a<~Controls.509~>187<~Controls.510~><~Game.2007~><~Controls.511~><~Controls.46~> null
$Stella_Rossa<~Controls.509~>140<~Controls.510~><~Game.2005~><~Controls.511~><~Controls.45~> null
$Stella_Rossa<~Scribe.141~>247 <~Scribe.142~><~Game.1974~><~Scribe.143~><~Game.524~><~Scribe.144~> AFB927
$Alexey'a<~Controls.281~>187 <~Controls.282~><~Controls.46~><~Controls.283~><~Game.2041~> 13329E
$Stella_Rossa<~Controls.281~>221 238 239 <~Controls.282~><~Game.2045~><~Controls.283~><~Game.2044~> DC3DCB
<Stella_Rossa> fsp ok 78592C
$Alexey'a<~Controls.372~>100 96B42E
$Alexey'a<~Controls.345~>361 362 099 101 105 102 103 104 <~Controls.346~>15 11 15 13 11 11 11 11 null
$Alexey'a<~Controls.350~>361 362 099 101 105 102 103 104 null
$Stella_Rossa<~Controls.345~>212 210 213 211 358 <~Controls.346~>1 1 3 4 2 null
$Stella_Rossa<~Scribe.141~>210 <~Scribe.142~><~Game.2042~><~Scribe.143~><~Game.2035~><~Scribe.144~> 580F82
$Stella_Rossa<~Controls.790~>247<~Controls.791~><~Game.524~><~Controls.792~><~Game.525~> FA5A5F
$Stella_Rossa<~Controls.795~>210<~Controls.796~><~Game.2035~><~Controls.797~><~Game.1997~> 5CC1EE
$Alexey'a<~Controls.624~>226<~Controls.625~><~Game.2044~><~Controls.626~><~Game.2037~> null
$Stella_Rossa<~Scribe.141~>244 <~Scribe.142~><~Game.1999~><~Scribe.143~><~Game.2037~><~Scribe.144~> 83EDFB
$Stella_Rossa<~Scribe.141~>243 <~Scribe.142~><~Game.1998~><~Scribe.143~><~Game.1999~><~Scribe.144~> 3F9137
$Stella_Rossa<~Controls.644~>226 244 <~Controls.645~><~Game.2035~> 5DA8D6
$Alexey'a<~Controls.452~>154<~Controls.453~><~Controls.45~><~Controls.454~><~Game.2039~> null
$Alexey'a<~Scribe.141~>105 <~Scribe.142~><~Game.2043~><~Scribe.143~><~Game.2035~><~Scribe.144~> CCC36C
<Alexey'a> mt 7B52EE
$Stella_Rossa<~Scribe.141~>271 270 085 276 084 083 082 081 <~Scribe.142~><~Game.1944~><~Scribe.143~><~Game.1994~><~Scribe.144~> 81B0AB
$Alexey'a<~Scribe.141~>036 029 028 027 026 020 019 017 016 <~Scribe.142~><~Game.1943~><~Scribe.143~><~Game.1944~><~Scribe.144~> 850008
$Alexey'a<~Controls.644~>105 <~Controls.645~><~Game.2035~> 6F06C1
<Stella_Rossa> pass F14C88
$Alexey'a<~Scribe.141~>101 <~Scribe.142~><~Game.2043~><~Scribe.143~><~Game.2035~><~Scribe.144~> 3B21D9
$Alexey'a<~Scribe.141~>253 037 038 040 <~Scribe.142~><~Game.1928~><~Scribe.143~><~Game.1944~><~Scribe.144~> 46A456
$Alexey'a<~Scribe.141~>039 <~Scribe.142~><~Game.1911~><~Scribe.143~><~Game.1944~><~Scribe.144~> 92E40B
$Alexey'a<~Controls.644~>101 <~Controls.645~><~Game.2035~> BDB95F
$Alexey'a<~Controls.819~> E2D867
$Alexey'a<~Controls.819~> EB79A4
$Alexey'a<~Controls.819~> 3872A6
$Alexey'a<~Controls.819~> D11B74
$Alexey'a<~Scribe.141~>362 <~Scribe.142~><~Game.2043~><~Scribe.143~><~Game.2035~><~Scribe.144~> 1D5644
$Alexey'a<~Scribe.141~>255 <~Scribe.142~><~Game.2040~><~Scribe.143~><~Game.1969~><~Scribe.144~> C2FB02
$Alexey'a<~Scribe.141~>360 <~Scribe.142~><~Game.2040~><~Scribe.143~><~Game.2037~><~Scribe.144~> A1B589
$Alexey'a<~Controls.644~>362 360 <~Controls.645~><~Game.2035~> 326D69
$Stella_Rossa<~Scribe.141~>213 <~Scribe.142~><~Game.2042~><~Scribe.143~><~Game.2035~><~Scribe.144~> 5E4E58
$Stella_Rossa<~Scribe.141~>reveal 138 7BF1CF0E41F71CA7FBE8CA522B8B9C1695608ADD 2 <~Scribe.142~><~Controls.45~><~Scribe.143~><~Game.2037~><~Scribe.144~> 2A3F2D
$Stella_Rossa<~Scribe.141~>265 <~Scribe.142~><~Game.2038~><~Scribe.143~><~Game.1954~><~Scribe.144~> 2472A0
$Stella_Rossa<~Controls.509~>145<~Controls.510~><~Game.2005~><~Controls.511~><~Controls.45~> null
$Stella_Rossa<~Controls.644~>213 138 <~Controls.645~><~Game.2035~> A26DD6
$Alexey'a<~Scribe.141~>101 <~Scribe.142~><~Game.2043~><~Scribe.143~><~Game.2035~><~Scribe.144~> 964130
$Alexey'a<~Scribe.141~>253 <~Scribe.142~><~Game.1928~><~Scribe.143~><~Game.1944~><~Scribe.144~> CFCCDA
$Alexey'a<~Scribe.141~>255 <~Scribe.142~><~Game.1969~><~Scribe.143~><~Game.1944~><~Scribe.144~> 14E067
$Alexey'a<~Scribe.141~>038 <~Scribe.142~><~Game.1928~><~Scribe.143~><~Game.1944~><~Scribe.144~> 072D3B
$Alexey'a<~Scribe.141~>037 040 <~Scribe.142~><~Game.1928~><~Scribe.143~><~Game.1970~><~Scribe.144~> 511BF8
$Alexey'a<~Scribe.141~>039 <~Scribe.142~><~Game.1911~><~Scribe.143~><~Game.1970~><~Scribe.144~> 9E2739
$Alexey'a<~Controls.644~>101 <~Controls.645~><~Game.2035~> EF0EF2
$Stella_Rossa<~Scribe.141~>212 <~Scribe.142~><~Game.2042~><~Scribe.143~><~Game.2035~><~Scribe.144~> D56769
$Stella_Rossa<~Controls.790~>247<~Controls.791~><~Game.525~><~Controls.792~><~Game.528~> 806746
$Stella_Rossa<~Controls.795~>212<~Controls.796~><~Game.2035~><~Controls.797~><~Game.1997~> 0139B8
$Alexey'a<~Controls.624~>223<~Controls.625~><~Game.2044~><~Controls.626~><~Game.2037~> null
<Stella_Rossa> random D59D5C
$Alexey'a<~Controls.637~>246<~Controls.638~><~Game.1998~><~Controls.639~><~Game.2036~> null
$Stella_Rossa<~Controls.644~>246 223 <~Controls.645~><~Game.2035~> 4F2107
<Stella_Rossa> no C ED1C77
$Alexey'a<~Scribe.141~>103 <~Scribe.142~><~Game.2043~><~Scribe.143~><~Game.2035~><~Scribe.144~> 93D87E
$Alexey'a<~Scribe.141~>reveal 205 43B9BBBBEE91BC4FFBC958242AD0C23BE80A89C1 22 <~Scribe.142~><~Controls.46~><~Scribe.143~><~Game.2030~><~Scribe.144~> 6C6659
$Alexey'a<~Scribe.141~>085 <~Scribe.142~><~Game.1994~><~Scribe.143~><~Game.2036~><~Scribe.144~> 2887D6
$Alexey'a<~Controls.644~>103 085 <~Controls.645~><~Game.2035~> 8C5E36
$Stella_Rossa<~Scribe.141~>211 <~Scribe.142~><~Game.2042~><~Scribe.143~><~Game.2035~><~Scribe.144~> 0E07C8
$Stella_Rossa<~Scribe.141~>266 <~Scribe.142~><~Game.2038~><~Scribe.143~><~Game.1954~><~Scribe.144~> 76C98A
$Stella_Rossa<~Controls.644~>211 <~Controls.645~><~Game.2035~> 04B225
$Alexey'a<~Scribe.141~>104 <~Scribe.142~><~Game.2043~><~Scribe.143~><~Game.2035~><~Scribe.144~> E3ECDB
<Alexey'a> pel EA354C
<Alexey'a> nc 4E86C7
<Stella_Rossa> nc CF2112
<game> Alexey'a<~Controls.1~> 3 6 3 3 1 null
<Alexey'a> 1 92DB7E
<game> Stella_Rossa<~Controls.1~> 5 6 1 null
<Stella_Rossa> 2 F48E56
$Alexey'a<~Scribe.141~>045 044 <~Scribe.142~><~Game.1938~><~Scribe.143~><~Game.2037~><~Scribe.144~> D77BAF
$Stella_Rossa<~Scribe.141~>079 080 078 <~Scribe.142~><~Game.1931~><~Scribe.143~><~Game.1924~><~Scribe.144~> FD6669
<Alexey'a> press 9DE275
$Alexey'a<~Scribe.141~>055 057 043 041 049 048 047 046 <~Scribe.142~><~Game.1938~><~Scribe.143~><~Game.1931~><~Scribe.144~> E6A608
$Stella_Rossa<~Controls.281~>078 <~Controls.282~><~Game.1924~><~Controls.283~><~Game.2039~> F37160
$Alexey'a<~Scribe.141~>423 <~Scribe.142~><~Game.388~><~Scribe.143~><~Game.389~><~Scribe.144~> 0A4F0F
$Alexey'a<~Controls.644~>104 045 044 <~Controls.645~><~Game.2035~> 752142
$Stella_Rossa<~Scribe.141~>358 <~Scribe.142~><~Game.2042~><~Scribe.143~><~Game.2035~><~Scribe.144~> 17996E
$Stella_Rossa<~Controls.509~>150<~Controls.510~><~Game.2005~><~Controls.511~><~Controls.45~> null
$Stella_Rossa<~Controls.644~>358 <~Controls.645~><~Game.2035~> 78DCA0
$Alexey'a<~Scribe.141~>102 <~Scribe.142~><~Game.2043~><~Scribe.143~><~Game.2035~><~Scribe.144~> A0F37B
<Alexey'a> MT 18A5CE
<Stella_Rossa> nc AFD421
<game> Stella_Rossa<~Controls.397~> 
<~Talker.31~> null
$Stella_Rossa sendTokens FREE_PEOPLE.D8F882ECFA3EC54374931A335AE419D82E94BA48 25DEB06929C533DCC439FF5A158F192F 24 AEDC5305D16A00BCF75CE912900CD012D076786D C2AAADD37EF79107AFC31D5AFC39C093 5855FCDEE8155AF59F99FDDCFD83D25BB3F39A9F 5A4078E1E9F526DCEFA09B184EBE39C8 75F804753F2505F5AB16BE7FC3328FB151ACDD73 DA2FE5558B505CF87E071B7ADDE33E80 8BF0DD06FAAFEAA031182B8A8F9AD59FB2054586 40D53DA2EBA641BB7D192C13F7F57621 65868D2656647C92AB3E9A8742ACA945B27E74BD 5D107359726BD52FA055D27DFD7572F7 C60B5335D6F92A9E8F84A413D9B0504AAA75C19F DC45BC861CEA5131C829464832E3052D 2D2F6F2AACCC1B1BCD2A2578AD48CD221FBB06BF 82EC36786C86B73CF18B6A15D4ABE8EF D0CC3D1285945F7E2B0068F81849A3ACFEDDB22B B62A9B4CA164E8B94EBD88AB709B2985 21F3A79BEEA19E80264EB9D8400A6EDF5B40C1BE 44485ED126F2385BB19B62E2725A4BDC 5FC37641FBBB29DF1719826E061A1C5D21A0E783 5DF8E3B44E019C783025CEB7FBD2F0A0 902D49AC9F0F8072F3317DC848AE7A15DC8E12B8 E2BFEBBA406CC8EA05121340F78E2A41 08121C3A7DD4FFDE5F58D4E8CFE9F61121D3DC4E E1FB77002F7321FEB6A86DC76D63F385 3E3FE696D281F960DCAE3EDCD036F2F59FAA07D3 5F4C40B4CE490A2C7530A8CA18FD7B75 DA925DFF4345D7DD6F03037A862D759C254D71D7 576799410388E0A6C8A5EE8F3722CA58 57060FC1107A82F7F6C8A3116D053628AE50413D 0298D851DA7160A06C951625A1BD2911 F149070E8BD5362B1340B2E0B0530CCF26B4F89F 596ED94BBC4AF1F67741CF871B073BEB 1F19DC27B50322C0F416C7551786CD4BA90A3F05 D762B0EEDF278783BC74CC4CED5C4ADE BCF6C8874B78DC383911556E6EA4A85D3E29B6D6 8372FD2300F6AA2A72A8406FB3A2538C 069C9150376FED25F0F3E9615E5971C3AB668F7D 2DF7FD4B50A6109F176021207039DC5A D8F1F4A9CF6AC30093C381C5FB541D61A3082FDE F73FADB1ABB62E2E91DFFAAEE8E4EBEB E2C35E2D2CB50079104B84DF5E59B911F51A9570 17AE37EC0F89C926979FC69A2E321EFA 86457B63C912CD960BEFC20916D166BD1299C792 DA59FC1C4B3E98514E248AC27B334BD8 755B5389EBA10DB8678043CA2814DED1F0C72580 EB8395E2F6075064361ABAB141A5DF5D E216A8144D8B6576E5CB93466660C256AC5C19EB D55620B2A225BE5A47DDB76D7FD0E9F9 24 28CDDF297D2B81B05D4997AFAEADE9EC4C5B1D36 C5BC8004520168B757CE7DA656BE61B1 34F372603508D89EF14D32A4815599935EE8F651 944DE65D281FAC08BE1AF10EDC908876 1DDE1F9D2951B444BF373BECA108BD213405F888 0599A3E662D4D5D73BDA951F3015A428 2670B66B5511969B594DC0C73A997CC37D6C4E3A 4A51B9D587F940B819A7CCFACEE21892 17C795A2512FACF941AADBDBB0B74785D9733AB6 CD198BD3DD0BCA548D148F52249C3668 2FF98C475A03E4774770029573AA8A3F420D8BE7 2CFE4B461D729A9C62A7126F65242FF9 9EEA1184DF161FDAD6A17C65AF6DB40F3B931E37 84D50CF669D82705D73410129CDEEA42 92947F08F489E904E70F306CFED50A310A1588F0 F11537F47DD738E9C7CBE755034AF95D A8C9D992DB446299201178A91ACC79542A61D513 55DCE245255B307B0A8CB7A0958FFECB 051C891C644B77D416F0F553899BBDA97BD24960 592C1F92EE7B045F1B10FEC3E1D4F375 315AC6CE566D7481C7EFD4623609585046FC4B81 B1AC2F6120C05C95FA4CC7BF20689935 6FC6895FDCA7447488E8559F2801FC6CBC91AE39 A3633330EAF79EE8540CEDD68919D733 5E571F1D4AFF81BFB8E4D2050CBCA37C702DF315 C937DC61DF2871F5E064E28EE455B854 97E7832124A24074B0E3A9A2A94C4F911B01460A 14391791A13CAA550BD5135B5DD6764E 035B37823F0251F996248782B6E4753245EC8DB8 15F601EADB66127ED6E35B789AF9DFEC E9FCAAD90518782E391FDFCAA89A25FF76362F29 776189607476EFCFFF6BA66A0F1A8EC2 2CEF64E4E7EB6D95E87B411683427DD5BB3B7827 CF0BD316008668F65EF5DA9390753017 3592DA49C9FC71FCDCA5428B5E17274F1022FD5E 98B559407ABF8F5892C0C809277AB102 7754DC4751013BDEE48D55A634F092DB04D3BC32 787DB2C53027989ADC68559F278CB431 A76EF0B71A5A39D3C237045E801A5D9EE624784C C82E80E0FEA1A8764A40D99D8199E1F5 D4E8D2E2B7DC4150EFBB72E98E3CC68DF9099435 53746E9BBEAA1CAF17CAA2EC550E06C5 A171BA1B5737CB5948BAFE6D35DF6B2F93C32DF2 5CF3665FFE6A164451F74C00CCFE77BA 23BDE4E7B40B0972313983934D842104BFF732E8 E592CE89F42A4D24BC092A68249AA1B7 E575306C49B5164A9573067CC733CC9E5C096E3B 2E73B9FFAE4C3E30F640BFD70C3B6860 0 0 
$Stella_Rossa sendTokens SHADOW.50A91265BF5813DAEF66894EB46B45F3716A3160 0D18117B2C8EBA72B89358AE5AA24555 24 F7D80F664B4D691D8FA254B056AB7DEB1FD9A338 8D793C735ECAC348802152D1F842D3BD 74C1FCDE58EBF450085CADB63B2FF13BFDF682A1 9A1C037D3EB5186477B280ACD7023A59 65CDBBE390A0BFEA21E0D453EBB7D33A4AA13055 0B4225564C6E22CB59B52887FC59D60C 5CDEAAF7E49E630AA7A5D504DA5CC092A5BB68DE 0824858169EFED22F026D393FF097912 ACA1F936281F6D066E517356C11F076470FDD5E4 15CF07F9880B92F6B6BC80DFDE9DAF50 5045B31FE6B95BAB869B970D8C38EABDEAEAC24B 4E07BC96A5246AC1BD9512C10E9374A3 36E94EF2E15826F8C79B30B7042FD06A1FC146CB F4BD3383F5CC7118D395127CD37F906A 135A3F2064F30C4C80EDE36878C06C0055947AAF 27DBC04A5EC71C4BE0CE03D0D1CAB6AD 34F4A3AC3CD5E5A5447F888794985CB81B5812BE F45F0E9F291BCA39939C05EDE1C7FD83 3053A38B3F3EDEE0A2AD4B6BAAAA425E8B61916F 92249BBAF52EA8563D561A36284EFB05 6B7A1F74B1B9DA7CD57CBA24F3C03222899FE451 E9B62BD8EE1ECB68FCBA0CF3661BCC14 D2E77FEAA4ED603665E7A54E0CEF80199E45273D 531D9DFD3FC295C71C7CFD958B98DD6D 17D31A5362872D06635DBBF4264BF573608F2E04 A581DA3FC413A921B98954258FD3B670 BC9D625D97EA4472D94769F21514710297F9BC74 700854B104F29435A805683882C27652 35FAB12DA173F6D9E77A38D1E02349B5123B8C57 835875ED5E6AC0169700E56DE2238B37 D739596E55EEFD0CC8751FBB6ABF5BB492012E85 B4967EFE8103AF0D726524652C908460 FB12892DDAF7574DCBB96FB340A02356CAF1F7C5 DFD90A8821BB2BEB08B758C1B59021A8 63EBEF2F0CD2080A2093DB0A730BA9BAF6C49118 2F5BBB4BE6AA39C9EE83272DB9CFF377 5BA15F8640C358E2BF2E4339295DED04452BB596 9BE62E67A88835EEA3B40B71B4B59FE3 67FC39F3060C3E04ED11B9CCB44168823B7DDBDE B34FE1F6D9759285F4170C95F007E829 7734A6BB5B9DB17FFD4ADCA0C5A082EEB8AE4D40 9CEE060142D24F89A1D123795F5CBCA3 FE4B3E113A4E6E6F8928118AE96E48B327B97BFC 596934DAF205EDDE418F70F5AA769A75 9D07ACE2CC00F15D38B9779BABDDDBD71F9CCE41 4B4DE34B72767BDD62A7143689E2FFC3 EE483B8B9EDECB0C8D4BBD979DDD376A29F5A951 FA3CE8163D1BBE2FF486F9D4555FAAE9 24 BBE0762648C87B11FFCFFE17A3DD8D2110D5C517 15B6F7716E654900E61081FFDAF03A43 A080BD2B7256C4CBA945669A48CDE18F089B9B5A B7B3A29ABB6E8D3D11D4FA7571A9B8A8 4D0A33021BCC9B7E86B2BE94ACDBDA67081CFF87 EBB004B6A1A3DF63553B9C404E81AD0F D9D309942E4644E2A714E6EFD80688D92467FBD3 72CFF019E15C38EB011C09D016CF6811 56CA1EFC9007F624AD1329351E6634C6F3173BDC C32604B02A1CAC3878466CC8B5359805 640C362FD3018C791AB00E9991CF66FE1D4CB45C 527FDFC51760EFBF10FDF5B36D1B21F3 9B67B2F652915ADAE897610909ABB15D064ECF64 15FE2A195B43AF023D75903631FE3105 0D95605C02779E6A80E6E9E4DAC73AF9F00026B4 43842AD73A5B78F1EEC6F8663339244A 2033184ADE7FE59B81F270D8A523A4A41D441FE2 5EC7D1363A89882F36EE6C9BBA0F3CEA D691D2AA890536BB19D7D7F9CD35AF34FAAA38FA 7465B3251AB47F272FC305183911DE76 1537E155754F343983C63164D9C1E04623462670 A1791694039CAE351A0CDE9C9D2AAE7C 3251863266817CA05D8DBF052F8DBEFC3E7156AB D7743267FD3D025DCB0D9630E6F87DC5 91B6F73826764FD8B2BC767C05CF8A346BE2D0A5 E13E4922A37A7DA8433ED5B2F9303527 97114C0B0D1FE566E3E094C97DD611E3AB983D31 A4E3535C1AF4191C9EFD61A8B33038E4 54A2EBDC5803255AE8C989EF216B144859D9717B A75076083F5704B82F798159410D7E5D 8EA4D8E7F311FB3A64AF19BE516799B586AE0EC3 D6E6B2271F84B7CFE91CD031AEB2C897 19EED544DB63FC09D23C8BC529ED5FB2B42E5B09 82E49E62AB49BDC60037E568BDE88621 3CC5D6D1D4F1A7318B891A5A5347646CAD802EA4 ACEB6446ACA8120ECFB11A4BF8501197 2FC39D7FAB14307558259F6E664AE260D3CF30F0 832873F1F4D1981AFC07FC1B08B27004 5B2253D58AD0F59ECFDA1894FD8BBF4E161043C4 2ADC0626D653DB8DD9D66DFE4724EDF7 954F64B30C91B34D8F11400D2A7F83D421C9F2C3 BD4F9F43D72A07320DB3D1B393F38A54 AFC2566155FCA0F212C1BA114F17E09FDB263819 95737E20A5A975EF73238061654A9300 0D84564507B8C2F56E53C53EEF3D5B3214485635 CBAEFD31476CE9F041E62C0D21FA93E7 84F4E98CBDE4310FDAD4416EFF8859D9B4A72830 FBA2E1B995CACAA26CE467B3AEF42282 0 0 
<Stella_Rossa> test 
$Stella_Rossa<~Controls.464~>D8F882ECFA3EC54374931A335AE419D82E94BA48 25DEB06929C533DCC439FF5A158F192F 24 AEDC5305D16A00BCF75CE912900CD012D076786D C2AAADD37EF79107AFC31D5AFC39C093 5855FCDEE8155AF59F99FDDCFD83D25BB3F39A9F 5A4078E1E9F526DCEFA09B184EBE39C8 75F804753F2505F5AB16BE7FC3328FB151ACDD73 DA2FE5558B505CF87E071B7ADDE33E80 8BF0DD06FAAFEAA031182B8A8F9AD59FB2054586 40D53DA2EBA641BB7D192C13F7F57621 65868D2656647C92AB3E9A8742ACA945B27E74BD 5D107359726BD52FA055D27DFD7572F7 C60B5335D6F92A9E8F84A413D9B0504AAA75C19F DC45BC861CEA5131C829464832E3052D 2D2F6F2AACCC1B1BCD2A2578AD48CD221FBB06BF 82EC36786C86B73CF18B6A15D4ABE8EF D0CC3D1285945F7E2B0068F81849A3ACFEDDB22B B62A9B4CA164E8B94EBD88AB709B2985 21F3A79BEEA19E80264EB9D8400A6EDF5B40C1BE 44485ED126F2385BB19B62E2725A4BDC 5FC37641FBBB29DF1719826E061A1C5D21A0E783 5DF8E3B44E019C783025CEB7FBD2F0A0 902D49AC9F0F8072F3317DC848AE7A15DC8E12B8 E2BFEBBA406CC8EA05121340F78E2A41 08121C3A7DD4FFDE5F58D4E8CFE9F61121D3DC4E E1FB77002F7321FEB6A86DC76D63F385 3E3FE696D281F960DCAE3EDCD036F2F59FAA07D3 5F4C40B4CE490A2C7530A8CA18FD7B75 DA925DFF4345D7DD6F03037A862D759C254D71D7 576799410388E0A6C8A5EE8F3722CA58 57060FC1107A82F7F6C8A3116D053628AE50413D 0298D851DA7160A06C951625A1BD2911 F149070E8BD5362B1340B2E0B0530CCF26B4F89F 596ED94BBC4AF1F67741CF871B073BEB 1F19DC27B50322C0F416C7551786CD4BA90A3F05 D762B0EEDF278783BC74CC4CED5C4ADE BCF6C8874B78DC383911556E6EA4A85D3E29B6D6 8372FD2300F6AA2A72A8406FB3A2538C 069C9150376FED25F0F3E9615E5971C3AB668F7D 2DF7FD4B50A6109F176021207039DC5A D8F1F4A9CF6AC30093C381C5FB541D61A3082FDE F73FADB1ABB62E2E91DFFAAEE8E4EBEB E2C35E2D2CB50079104B84DF5E59B911F51A9570 17AE37EC0F89C926979FC69A2E321EFA 86457B63C912CD960BEFC20916D166BD1299C792 DA59FC1C4B3E98514E248AC27B334BD8 755B5389EBA10DB8678043CA2814DED1F0C72580 EB8395E2F6075064361ABAB141A5DF5D E216A8144D8B6576E5CB93466660C256AC5C19EB D55620B2A225BE5A47DDB76D7FD0E9F9 24 28CDDF297D2B81B05D4997AFAEADE9EC4C5B1D36 C5BC8004520168B757CE7DA656BE61B1 34F372603508D89EF14D32A4815599935EE8F651 944DE65D281FAC08BE1AF10EDC908876 1DDE1F9D2951B444BF373BECA108BD213405F888 0599A3E662D4D5D73BDA951F3015A428 2670B66B5511969B594DC0C73A997CC37D6C4E3A 4A51B9D587F940B819A7CCFACEE21892 17C795A2512FACF941AADBDBB0B74785D9733AB6 CD198BD3DD0BCA548D148F52249C3668 2FF98C475A03E4774770029573AA8A3F420D8BE7 2CFE4B461D729A9C62A7126F65242FF9 9EEA1184DF161FDAD6A17C65AF6DB40F3B931E37 84D50CF669D82705D73410129CDEEA42 92947F08F489E904E70F306CFED50A310A1588F0 F11537F47DD738E9C7CBE755034AF95D A8C9D992DB446299201178A91ACC79542A61D513 55DCE245255B307B0A8CB7A0958FFECB 051C891C644B77D416F0F553899BBDA97BD24960 592C1F92EE7B045F1B10FEC3E1D4F375 315AC6CE566D7481C7EFD4623609585046FC4B81 B1AC2F6120C05C95FA4CC7BF20689935 6FC6895FDCA7447488E8559F2801FC6CBC91AE39 A3633330EAF79EE8540CEDD68919D733 5E571F1D4AFF81BFB8E4D2050CBCA37C702DF315 C937DC61DF2871F5E064E28EE455B854 97E7832124A24074B0E3A9A2A94C4F911B01460A 14391791A13CAA550BD5135B5DD6764E 035B37823F0251F996248782B6E4753245EC8DB8 15F601EADB66127ED6E35B789AF9DFEC E9FCAAD90518782E391FDFCAA89A25FF76362F29 776189607476EFCFFF6BA66A0F1A8EC2 2CEF64E4E7EB6D95E87B411683427DD5BB3B7827 CF0BD316008668F65EF5DA9390753017 3592DA49C9FC71FCDCA5428B5E17274F1022FD5E 98B559407ABF8F5892C0C809277AB102 7754DC4751013BDEE48D55A634F092DB04D3BC32 787DB2C53027989ADC68559F278CB431 A76EF0B71A5A39D3C237045E801A5D9EE624784C C82E80E0FEA1A8764A40D99D8199E1F5 D4E8D2E2B7DC4150EFBB72E98E3CC68DF9099435 53746E9BBEAA1CAF17CAA2EC550E06C5 A171BA1B5737CB5948BAFE6D35DF6B2F93C32DF2 5CF3665FFE6A164451F74C00CCFE77BA 23BDE4E7B40B0972313983934D842104BFF732E8 E592CE89F42A4D24BC092A68249AA1B7 E575306C49B5164A9573067CC733CC9E5C096E3B 2E73B9FFAE4C3E30F640BFD70C3B6860 0 0 0E40BA
$Alexey'a<~Controls.479~>50A91265BF5813DAEF66894EB46B45F3716A3160 0D18117B2C8EBA72B89358AE5AA24555 24 F7D80F664B4D691D8FA254B056AB7DEB1FD9A338 8D793C735ECAC348802152D1F842D3BD 74C1FCDE58EBF450085CADB63B2FF13BFDF682A1 9A1C037D3EB5186477B280ACD7023A59 65CDBBE390A0BFEA21E0D453EBB7D33A4AA13055 0B4225564C6E22CB59B52887FC59D60C 5CDEAAF7E49E630AA7A5D504DA5CC092A5BB68DE 0824858169EFED22F026D393FF097912 ACA1F936281F6D066E517356C11F076470FDD5E4 15CF07F9880B92F6B6BC80DFDE9DAF50 5045B31FE6B95BAB869B970D8C38EABDEAEAC24B 4E07BC96A5246AC1BD9512C10E9374A3 36E94EF2E15826F8C79B30B7042FD06A1FC146CB F4BD3383F5CC7118D395127CD37F906A 135A3F2064F30C4C80EDE36878C06C0055947AAF 27DBC04A5EC71C4BE0CE03D0D1CAB6AD 34F4A3AC3CD5E5A5447F888794985CB81B5812BE F45F0E9F291BCA39939C05EDE1C7FD83 3053A38B3F3EDEE0A2AD4B6BAAAA425E8B61916F 92249BBAF52EA8563D561A36284EFB05 6B7A1F74B1B9DA7CD57CBA24F3C03222899FE451 E9B62BD8EE1ECB68FCBA0CF3661BCC14 D2E77FEAA4ED603665E7A54E0CEF80199E45273D 531D9DFD3FC295C71C7CFD958B98DD6D 17D31A5362872D06635DBBF4264BF573608F2E04 A581DA3FC413A921B98954258FD3B670 BC9D625D97EA4472D94769F21514710297F9BC74 700854B104F29435A805683882C27652 35FAB12DA173F6D9E77A38D1E02349B5123B8C57 835875ED5E6AC0169700E56DE2238B37 D739596E55EEFD0CC8751FBB6ABF5BB492012E85 B4967EFE8103AF0D726524652C908460 FB12892DDAF7574DCBB96FB340A02356CAF1F7C5 DFD90A8821BB2BEB08B758C1B59021A8 63EBEF2F0CD2080A2093DB0A730BA9BAF6C49118 2F5BBB4BE6AA39C9EE83272DB9CFF377 5BA15F8640C358E2BF2E4339295DED04452BB596 9BE62E67A88835EEA3B40B71B4B59FE3 67FC39F3060C3E04ED11B9CCB44168823B7DDBDE B34FE1F6D9759285F4170C95F007E829 7734A6BB5B9DB17FFD4ADCA0C5A082EEB8AE4D40 9CEE060142D24F89A1D123795F5CBCA3 FE4B3E113A4E6E6F8928118AE96E48B327B97BFC 596934DAF205EDDE418F70F5AA769A75 9D07ACE2CC00F15D38B9779BABDDDBD71F9CCE41 4B4DE34B72767BDD62A7143689E2FFC3 EE483B8B9EDECB0C8D4BBD979DDD376A29F5A951 FA3CE8163D1BBE2FF486F9D4555FAAE9 24 BBE0762648C87B11FFCFFE17A3DD8D2110D5C517 15B6F7716E654900E61081FFDAF03A43 A080BD2B7256C4CBA945669A48CDE18F089B9B5A B7B3A29ABB6E8D3D11D4FA7571A9B8A8 4D0A33021BCC9B7E86B2BE94ACDBDA67081CFF87 EBB004B6A1A3DF63553B9C404E81AD0F D9D309942E4644E2A714E6EFD80688D92467FBD3 72CFF019E15C38EB011C09D016CF6811 56CA1EFC9007F624AD1329351E6634C6F3173BDC C32604B02A1CAC3878466CC8B5359805 640C362FD3018C791AB00E9991CF66FE1D4CB45C 527FDFC51760EFBF10FDF5B36D1B21F3 9B67B2F652915ADAE897610909ABB15D064ECF64 15FE2A195B43AF023D75903631FE3105 0D95605C02779E6A80E6E9E4DAC73AF9F00026B4 43842AD73A5B78F1EEC6F8663339244A 2033184ADE7FE59B81F270D8A523A4A41D441FE2 5EC7D1363A89882F36EE6C9BBA0F3CEA D691D2AA890536BB19D7D7F9CD35AF34FAAA38FA 7465B3251AB47F272FC305183911DE76 1537E155754F343983C63164D9C1E04623462670 A1791694039CAE351A0CDE9C9D2AAE7C 3251863266817CA05D8DBF052F8DBEFC3E7156AB D7743267FD3D025DCB0D9630E6F87DC5 91B6F73826764FD8B2BC767C05CF8A346BE2D0A5 E13E4922A37A7DA8433ED5B2F9303527 97114C0B0D1FE566E3E094C97DD611E3AB983D31 A4E3535C1AF4191C9EFD61A8B33038E4 54A2EBDC5803255AE8C989EF216B144859D9717B A75076083F5704B82F798159410D7E5D 8EA4D8E7F311FB3A64AF19BE516799B586AE0EC3 D6E6B2271F84B7CFE91CD031AEB2C897 19EED544DB63FC09D23C8BC529ED5FB2B42E5B09 82E49E62AB49BDC60037E568BDE88621 3CC5D6D1D4F1A7318B891A5A5347646CAD802EA4 ACEB6446ACA8120ECFB11A4BF8501197 2FC39D7FAB14307558259F6E664AE260D3CF30F0 832873F1F4D1981AFC07FC1B08B27004 5B2253D58AD0F59ECFDA1894FD8BBF4E161043C4 2ADC0626D653DB8DD9D66DFE4724EDF7 954F64B30C91B34D8F11400D2A7F83D421C9F2C3 BD4F9F43D72A07320DB3D1B393F38A54 AFC2566155FCA0F212C1BA114F17E09FDB263819 95737E20A5A975EF73238061654A9300 0D84564507B8C2F56E53C53EEF3D5B3214485635 CBAEFD31476CE9F041E62C0D21FA93E7 84F4E98CBDE4310FDAD4416EFF8859D9B4A72830 FBA2E1B995CACAA26CE467B3AEF42282 0 0 EA363C
<Alexey'a> mt 109F8E
<Stella_Rossa> nc B1C40A
$Alexey'a<~Controls.840~>178 C2AF50
<auto><~Controls.866~>reveal 178 0B1E0E9DD1155E24BDC1A3AF56162E5EB555B25E 5<~Controls.867~><~Controls.46~><~Controls.868~><~Game.2036~> EEDD27
$Alexey'a<~Scribe.141~>016 017 <~Scribe.142~><~Game.1944~><~Scribe.143~><~Game.2036~><~Scribe.144~> AE648C
<game> Alexey'a<~Controls.1~> 3 3 6 3 6 null
<game> Alexey'a<~Controls.1~> 1 6 2 null
<Alexey'a> 3 0AAFA8
<game> Stella_Rossa<~Controls.1~> 6 3 2 6 2 null
<game> Stella_Rossa<~Controls.1~> 2 2 null
<Stella_Rossa> 2 FD7E31
$Alexey'a<~Scribe.141~>019 020 <~Scribe.142~><~Game.1944~><~Scribe.143~><~Game.2036~><~Scribe.144~> AC13F2
$Stella_Rossa<~Controls.281~>084 <~Controls.282~><~Game.1994~><~Controls.283~><~Game.2039~> D0F7C7
<Alexey'a> press EA2419
$Stella_Rossa<~Controls.304~>276 <~Controls.305~><~Game.1994~> 28B997
$Stella_Rossa<~Controls.313~>078 <~Controls.308~><~Controls.314~><~Game.1994~> B42848
<Stella_Rossa> nc 3C241D
$Alexey'a<~Controls.304~>036 <~Controls.305~><~Game.1944~> 5A9465
$Alexey'a<~Controls.313~>341 <~Controls.307~><~Controls.314~><~Game.1944~> 5A52F9
$Alexey'a<~Controls.509~>199<~Controls.510~><~Game.2007~><~Controls.511~><~Controls.46~> null
$Alexey'a<~Controls.662~>178 019 020 016 017 <~Controls.663~><~Game.2035~> 3CE9BD
$Alexey'a<~Controls.840~>199 67DCE4
<auto><~Controls.866~>reveal 199 E07DD7BEB8B0F1005E0899AB4E4DFF199E84AE6C 23<~Controls.867~><~Controls.46~><~Controls.868~><~Game.2036~> 9F57E5
<game> Alexey'a<~Controls.1~> 5 4 6 6 5 null
<game> Alexey'a<~Controls.1~> 2 4 6 null
<Alexey'a> lol 786444
<Stella_Rossa> I cannot believe 2AF34B
<Stella_Rossa> and you complain!!! 007D9F
<game> Stella_Rossa<~Controls.1~> 3 4 1 2 null
<game> Stella_Rossa<~Controls.1~> 4 3 null
<Stella_Rossa> 0 AE56F7
$Stella_Rossa<~Scribe.141~>271 270 078 083 082 081 <~Scribe.142~><~Game.1994~><~Scribe.143~><~Game.2037~><~Scribe.144~> A88A57
<Alexey'a> victory 318D34
<Stella_Rossa> I am by far the unluckiest player on the server 2DB1D9
<Alexey'a> Lpast game I had shelob 6 9B1416
<Alexey'a> ahah 41F2CC
<Stella_Rossa> +9 6s B5DF61
<Stella_Rossa> oh please man A13AFF
<Stella_Rossa> admit it 153A00
<Alexey'a> don't worry 476FAC
<Stella_Rossa> I lost 30 games in this way 513BB7
<Stella_Rossa> is incredible CBBFED
<Stella_Rossa> I should sto playing 2F9FF7
<Stella_Rossa> *stop A31074
<Alexey'a> noo F8F9FF
<Stella_Rossa> with this luck is impossible 3E7E86
<Alexey'a> u can do just small timebreak D415B3
<Stella_Rossa> reveal before Mordor, +9 6s 5A61F3
<Alexey'a> because this games sucks A9A34E
<Stella_Rossa> my luck sucks 360296
<Stella_Rossa> you all complain 224C13
<Stella_Rossa> but when playing against me I am the unlucky one 62F27F
<Alexey'a> yes, I complain, becuase i also have bad games 282954
<Stella_Rossa> not against me CB5A60
<Stella_Rossa> this is the pojnt FB22BF
<Alexey'a> not against byz too 10999B
<Alexey'a> but gambit lord have 3:0 D88FEC
<Alexey'a> against me 9A7D19
<Stella_Rossa> switch and rematch? 9F10BA
<Alexey'a> I should sleep, better over with 1 1 E6AA51
<Stella_Rossa> gg 1B4D4E
<Stella_Rossa> see you 70E3AF
<Alexey'a> gg, u2 2574DD
<~Talker.22~> null
