<auto> silent null
<auto><~Scribe.141~>363 397 398 402 401 400 399 403 404 376 375 374 373 377 378 <~Scribe.142~><~Game.2038~><~Scribe.143~>Spare<~Scribe.144~> null
<auto><~Scribe.141~>365 366 379 380 381 382 383 384 385 386 387 388 389 390 391 392 393 394 395 396 367 368 369 370 371 372 <~Scribe.142~><~Game.2040~><~Scribe.143~>Spare<~Scribe.144~> null
<auto><~Scribe.141~>230 231 <~Scribe.142~><~Game.2044~><~Scribe.143~>Spare<~Scribe.144~> null
<auto><~Scribe.141~>155 152 <~Scribe.142~><~Game.2004~><~Scribe.143~>Spare<~Scribe.144~> null
<auto><~Scribe.141~>137 151 <~Scribe.142~><~Game.2005~><~Scribe.143~>Spare<~Scribe.144~> null
<auto><~Scribe.141~>161 198 <~Scribe.142~><~Game.2006~><~Scribe.143~>Spare<~Scribe.144~> null
<auto><~Scribe.141~>163 188 <~Scribe.142~><~Game.2007~><~Scribe.143~>Spare<~Scribe.144~> null
<auto><~Controls.323~>364 null
<auto> noisy null
<auto> silent null
<auto><~Scribe.141~>312 <~Scribe.142~><~Game.2038~><~Scribe.143~><~Game.1965~><~Scribe.144~> null
<auto> noisy null
<~Game.7~>1 null
<auto> silent null
<auto><~Scribe.141~>363 397 398 402 401 400 399 403 404 376 375 374 373 377 378 <~Scribe.142~><~Game.2038~><~Scribe.143~>Spare<~Scribe.144~> null
<auto><~Scribe.141~>365 366 379 380 381 382 383 384 385 386 387 388 389 390 391 392 393 394 395 396 367 368 369 370 371 372 <~Scribe.142~><~Game.2040~><~Scribe.143~>Spare<~Scribe.144~> null
<auto><~Scribe.141~>230 231 <~Scribe.142~><~Game.2044~><~Scribe.143~>Spare<~Scribe.144~> null
<auto><~Scribe.141~>155 152 <~Scribe.142~><~Game.2004~><~Scribe.143~>Spare<~Scribe.144~> null
<auto><~Scribe.141~>137 151 <~Scribe.142~><~Game.2005~><~Scribe.143~>Spare<~Scribe.144~> null
<auto><~Scribe.141~>161 198 <~Scribe.142~><~Game.2006~><~Scribe.143~>Spare<~Scribe.144~> null
<auto><~Scribe.141~>163 188 <~Scribe.142~><~Game.2007~><~Scribe.143~>Spare<~Scribe.144~> null
<auto><~Controls.323~>364 null
<auto> noisy null
$base silent null
$TEST<~Scribe.141~>312 <~Scribe.142~><~Game.2038~><~Scribe.143~><~Game.1965~><~Scribe.144~> null
$base noisy null
<game> Adobim<~Controls.408~>[WOTR-Gandalf2 wotr base2] null
<~Talker.31~> null
<Adobim> heu 
<Mirdain> hi! 
<Mirdain> gl hf 
<Adobim> u@! 
$Mirdain<~Controls.464~>CA07214B1FEEBB03BAF5A16AF28F3434D173B174 6680EE7F59658A5143C4E87AFD73EB9F 24 93BEB5DECFF4DC666ABE838397F4D5D2F6A42242 58793A470B331CB922F955E1330F48F4 21EF6A76F7F1DD21D90B942DAD80A51FC9755B07 9D8F7F31CD6A6EF6426BE821A16A584B F63243024ADEAC6DFAAE37365F7A4B7D06A7EAA3 580EA7D387FE051ECFCA76C46449B840 6F700A409CC1A83B8210C5B1EA0F2299BBFADD74 496764389598A240F4C23B92C8A0E517 465275968856E3DF63A4F037DA19EB7D5AD73214 62F7F2BCCB4618778E62D950E9E4B50A D6B1996765F50BC3FB3682DCF3B6BBAA91C5A571 9B0013BBBA51EAB221DC5D1C9CFBC06E BDA48AE2B4E20EFE15724B960C5CEDE7412FECCD 02EDFB2F31C425AA0FD1BF8E8FF9CD9C 0692834300E684853982CD5F289267E0181A8597 152FC78C0667DE3F069CF797AE0D6CE7 C1C5A0B01A403193B1FD15E5384FA4EB43FC9891 535338D116359937BA4E3EF2C83EA4AB 7CB0D95AAC2C73906D417D4E2619873F178E9CCE 1017FC62898B1B6DD456528172DF5636 2E5B1FCEE3C16E3503086DEF6FEA209980A8268F 8898C13A5A9AC65329FE2CE52BDCA194 316A54C5D90ACC35B5817144569483128E8FEA6E 37F42DCB16D91A0D2E3A93C7C047DB8B D41817DD242264E41CEF0C8470C9CD2F0375ADA4 67E3DBD4E38377DDAB7E9F53F2C97DA8 CF565E0AE0C0585A7670A7A82260A1D086129DC8 0A309E63C364E654AF87092E55D41A39 E7930622EDE375B39C232891F3E7750430BE04A6 C91155BD1A6D04D8C34ECCB77AC140ED 88C2C43CCEFA974942EFEDC0254496CA60451669 5CC813B76DE31BC7629F1962504281DE BD39D343FDC5B8AAFE606090F2A141EBAC020F9A 1C0755E36C298DC7A8FE8D15C7BDA6D5 808BF8D0A1A16DF3A05B7070C38ACF106C8983A8 D605D260315EEF6948DA8ECEB586ED5D 02C04E86D87251AEEB4E9F25581BA5FC2CAF58D2 E14A79D6CA6022CEC332E870FD0B0086 08C66A73281502F2387FA8F369B119E367CA56C6 72823FCBF4F61F02D6345EC4ED66C348 F78C4FD4194F8E05C39B8E8F289F6EF66F3FF6C9 2EF75509291CF2B033763A8EE8EBF360 C5E9F0EFD0977097140D246477C45DED9DA7834B 0080F7F0DDBC109974C923C844A16788 DF84D88F0C86D631553528F8E699802748C14DAC 2CF7B5700362C9FC4CDD0A3675C0C6C0 A3133FD807B9F53826A3A73E9E365C32C80CD0FF A48E3F05D5907768FF1AE5B26AA5E88D 24 47652E4F8E81DE8CE34A6990C346053736826FF1 9A95347AD5E27C59137892C937D005F4 5AC8B35ADE30C0EBF9BD659235F1D446787FA1D1 56831BCE0E1A5462472FE2DBF3DCD56B 9DEAA245FC96852FD463BD38260B4B9C148C27B4 485B0A4E9FB50ABCC49475B0E395BACE 5ECC227B6500DF44426306065FA12DCD531E7543 60BE79C779CA20F092797FB0D78387DB F1E7334BB71BCE0BA4C1941FBCF62958373D2FBA 9D3D27316724878F4DD2510BD4A08763 44525199DEB1057C3445158C6138485CC4E4C8A5 E4C131DC4EF36F30179592F6F2105955 C2B8F1A6C267E85A2F47FB570E4D29D9B2F26888 121DF4A5B688261DD0020C22870551C2 DCE7C76D4FC12F1108A320D89509EF43082E6F8C 5418CF9E88E966EE84CF9B74852E9811 523FA2F314892F45182483FC79886A6F6C4976AC B593559B1938F67325DE0738205E52EC 7AF9A2A3746401DF5AF902922BDBCBBB6B71E048 F88A6271663AC9CA7983B6E2B3422AFE 4A6FDB25C69DAAECC0A8574F3D2E1A04C8444565 A713CA92A18016D15584B3CBE45AC487 E457B62CF45C90BF0A39443C6AD3D1D03EC345AF 6BA8D3F8ECEF85920B434AD605882A73 4855340E7F433FD60A2774279F96AE4558FC54DC 9E55BD2763B5871120D010CABDE2733F 03D9710A6517A2B12B6CA030DD70CF1A3D310C9A 1E9B6C8D60E5F88A42D2C6D1E7B502B7 E259B63FC05907C5070DC989FF1AC12E7D3326D2 64176BCBF94ADC06787926EAB9C3EC24 BDC85BA5BE9EE4BE23E3965C29FAF91B0613413E D44F9A17CD2B52909BF1F4C02939C030 7449F04D5846B10E8BCE60C6FD6DB2A18D3BB765 562AEBD9000462A0040883378BF319DE ED987ED25E2CC656055129365499E50CFA7E354F 24EC1AED837ED53E86F8A5F17EFCA77D 8CA20C2F67528E92BB4EA12F83B905BC1707B69D E5D14066982D94BA9E953BCE09607DE1 A8B8879A466CF136345C20D826E19F24ADF7E850 FB9414D095C7E303E93FCC0700C14A7D 91FE90E2BB0A83D6ECDB9725199EC9344251C69D 1872873CE7EBE80ED56010EEAC4F6186 8FA5D62542CDB6F29FE002044FFA273A6CC8CAB8 1785CE2659B400E09B5C4683AA069CCD 50789823F689BC3B6BAE73D89D81F843FBD1F9B6 098E96A296964B2E6C2FA1D51352A538 83DA36CA7C77D8AA2735E733EE41283E1180AC87 8D7306E0EC5946D7EA29E72CDD84CD1E 0 0 3556D5
$Mirdain<~Controls.509~>149<~Controls.510~><~Game.2004~><~Controls.511~><~Controls.45~> null
$Mirdain<~Controls.509~>130<~Controls.510~><~Game.2005~><~Controls.511~><~Controls.45~> null
<Adobim> ah 
<Adobim> i am shadow? 
<Adobim> ok 
$Mirdain<~Controls.281~>427 426 <~Controls.282~><~Game.2038~><~Controls.283~><~Game.2042~> B215D0
$Adobim<~Controls.509~>197<~Controls.510~><~Game.2007~><~Controls.511~><~Controls.46~> null
$Adobim<~Controls.509~>203<~Controls.510~><~Game.2006~><~Controls.511~><~Controls.46~> null
<Mirdain> yes) 59F25F
$Adobim<~Controls.479~>66104EE70748CA0F665BEB7B569ED286C219CF04 C26690C583D519678E76E71F293B81FA 24 4569E82440A30FBE509E739470C9A81BB8F50189 0CAD1F5F53AFC1CCFA408ACE68203C4C 9D5410247DB907532F60E30736A757FBFC888125 DA17A3E35F8B70D44AC93C6F5D08D193 2697EACAEE1CBE234261A95B48DD2FFC8AB09EAD AFA84B98661A3C43C63C896EAB54904F 7AF8F952A7E90EE46B4F6A747F6347A086F87C7D 1E3988E7423FDC4B8333602E452EFE0F 245B38DABAFD576B7DE0BEAA91E4CB90C3F70A9E D87F4DF5A5C9867D08E754594421BD98 69F26EA2F1A7F943E990DA194357369D122D6679 E6E16AEA05A8BFED33AF1362F9216674 CDBC12F74583065FDB27F0B8D3908D338C30B122 32948402D4C4A5435DE9C865464F331B 88ABCE6A033292514B940FCDDDCF16D46F27F5E8 4BD1CF6AF402142FBCADECDA2906E454 0AE2EC321F626BFC3D03030059588CC37D6B0FA0 6827363E6A0D71DF09F7496E991A9685 5E44F0B8609D339C8EB2C2D6B5FE12E9C9F8224C AD2251A251EE7F6462205E649549B9B4 1C2970ECF0DDCDE843FA5D0F03F8ED7C6BF82870 ADD7FFF710A12EE271DD971F7938FF41 37ED8DCCDDA8FCDB6A0BE6AF1D0540AC63FCBEC2 2F126CBECF137FF6CC10CBCA92957BE7 6E178A3EC50C0FC51A2F58EC7FB5AD701CEDAB64 352C6DB8264C7A219E24A1FCF52D4D2F 4C39829A4278116316A303152B8699F7D876E446 39D192E617A3E4E187C923BB8C0C624F 1966D7CCC58379053F375E8B4BEA223BB64917EA B931024C3E4C6539C13FFAFF71F6752C 5E5FCC3280DD00FED237485C743684819EC77164 F66AF44D469C4287838ECF8C7ED88B67 D8B0BC13866FE007058CF2275552734E99D3B756 F7264DE59FC2F7F4A94DDAF524FA17F4 2B03EA695E079F1E6A15E8FE52BB465AA85A8492 D4B8AC2B6DEAFFD294E5E49C7B091A02 9E3F0EC43C16372207C6C1934B42E24B07E61015 3039D1E9C3F67D394E69BF639B54C393 37374F27027B87000057642FCBC851345D11ED5A 06674E58104E2777F26EF2FF29C43603 BE26AB2626F151CEFEF2F7AB012442860DD5E6EB A950DCE5D9684B744A8A1C95346BB5FF 09BD927EE21C96737C227000CFD13AD0F7F43707 0509F97BA8173947B94DDAF541C0632B 57BBF6A4357E8299D6F9C755AB4CCE77B1D8A22D 2AED99D344B4DD155BF5B22EA4D300E1 B9E03A3FC835A1034E8C46B086F9E5C5919DC6BD 0B3E6D2C21B289C56A2082B91117AAB4 24 D53E7A0A030B0EC6A59C1BA8DE70172FFA060773 8212F55919428958E33C797C728A5BC1 8C85E7597FAA47EB7542B7CEA03C81E6C62091FE 96E5D0165CFDF698698959FCFA61859F CEA4CD0583408019CBF7DED13E67BED5050A61FF 00451BE8A5CB196C68D1318879790D25 CF99C13803CB2C88727332602C208338190D2BEE EB631555AE78FEF07C47F99BF128A48D 025D95E2EF980680B072F0A9AB9397CFB5AD943F FC95B29AE6AC1023142213E96A4EB9F8 42266BA62DC91D9FEE2403086E09E3C948F89194 91F6315B603D7ED552DE5CE602A1D7F1 DF6257C83B034E1AC308663B73113C1E89A07180 4CC014A80D076B69354D232747A1F9F5 C08BED05EBD4A91E330AC8247FE56B4DDAD3B882 D218A47C2DC9AAFEFACE780FC8BACC2D 8162432BE7D498F16CDFB2DEA2E74F1B65722AA5 CF5421A902B31920BE60297FE96A0C47 F1EE47FED8434D595A3F64C3A1A15C4F98633E1C 3DF8E7E6C798031968602F51F78068EF 530C74AE7089CEED7BE541A94EBE906EE4CC2416 E6F67874DF039573C52A56CE7CCB06BF AA84B932EE1702ED1CDD9F6420809FC7AE90CFBE 27F9DA1151925048F3F7E58CD3C6E1C0 60C3AA0C402A98406EBD77F3CC48288FD0C04FE6 F5A8336A74593667039A066FFE204B71 0FB94FEDB6731C54CC608F86552B80D50B5FA41B 254B3A13E63FF253DA013D2CB626F247 B14083F74975B978F61A593FE5832B48B8BD6897 E72864FEC282411A57AE41DAC36D3B50 94086B7C3EEEAA325AEC8AD408291A1A95229B26 938DAFF611DA0E26BA69AC6C8E50B821 9E2A22C9BF941480CAAA9B7630833CB4BA287C35 A85CFA0880F0C73E43F9D3F3F30E62C0 CA7964E137C140833F452748E2DA6E1C5655A700 10841D385322662E19A306385CA825A2 6404A8365CF42E76DFD26103E83A42EA17895DC6 A8CED6E19AB7CF556DAE2A010BC38ABA 581E5D66661EE162D92F905D73733A60C89EAB65 00DB1EC2A10DD6C8DF41242AB63411FF 7DD33949ACCDB2F6D3FFF549D146623CB99F9141 5E3A2198AC6368872044506D5800862C 201FB682F88024C163F3E61221A94D7320A399BE 09FCE85EE33EDAFED8223A6A45DD4998 AF81EC3751D344308BFC3B6CA5C427D5C13687AE C32834A48B999758C9A3ACA67F9B90C5 0AB05E32D2CD5C07E71B2538AC7CA0DBBAD00312 96F2045E765190DA33249C8C48F9411F 0 0 970069
<Mirdain> fsp ok 794295
<Adobim> 0 0C288F
$Adobim<~Controls.345~>105 104 103 102 101 100 099 <~Controls.346~>15 11 12 12 11 14 12 null
$Adobim<~Controls.350~>105 104 103 102 101 100 099 null
$Mirdain<~Controls.345~>213 212 211 210 <~Controls.346~>4 1 2 2 null
<Mirdain> pass F7741E
$Adobim<~Scribe.141~>101 <~Scribe.142~><~Game.2043~><~Scribe.143~><~Game.2035~><~Scribe.144~> 2A8ED7
$Adobim<~Scribe.141~>263 <~Scribe.142~><~Game.2002~><~Scribe.143~><~Game.2003~><~Scribe.144~> 5A3C65
$Adobim<~Controls.644~>101 <~Controls.645~><~Game.2035~> 163969
<Mirdain> pass A10F7F
$Adobim<~Scribe.141~>099 <~Scribe.142~><~Game.2043~><~Scribe.143~><~Game.2035~><~Scribe.144~> B47F88
$Adobim<~Scribe.141~>001 <~Scribe.142~><~Game.1910~><~Scribe.143~><~Game.1917~><~Scribe.144~> 43C9F7
$Adobim<~Scribe.141~>038 025 024 023 022 021 <~Scribe.142~><~Game.1974~><~Scribe.143~><~Game.1976~><~Scribe.144~> 9D7DAD
$Adobim<~Controls.644~>099 <~Controls.645~><~Game.2035~> B999F9
$Mirdain<~HighlightLabel.86~>210<~HighlightLabel.87~><~Game.2042~><~HighlightLabel.88~><~Game.2035~> 979721
$Mirdain<~CardBuffet.9~>reveal 149 D77C582C5406F322BE436BD91A16800F04EEAF7F 17<~CardBuffet.10~><~Controls.45~><~CardBuffet.11~> 54E230
$Mirdain<~Controls.281~>235 <~Controls.282~><~Game.2046~><~Controls.283~><~Game.2045~> 157CB2
$Mirdain<~Controls.509~>116<~Controls.510~><~Game.2004~><~Controls.511~><~Controls.45~> null
$Mirdain<~Controls.644~>210 149 <~Controls.645~><~Game.2035~> 1904A6
$Adobim<~Scribe.141~>100 <~Scribe.142~><~Game.2043~><~Scribe.143~><~Game.2035~><~Scribe.144~> BF737E
$Adobim<~Scribe.141~>reveal 197 86963D713EC4113718B5E2DB238C34F4F0444038 9 <~Scribe.142~><~Controls.46~><~Scribe.143~><~Game.2036~><~Scribe.144~> B136DA
$Adobim<~Scribe.141~>039 036 029 028 027 026 <~Scribe.142~><~Game.1979~><~Scribe.143~><~Game.533~><~Scribe.144~> 246299
$Adobim<~Scribe.141~>039 036 029 028 027 026 <~Scribe.142~><~Game.533~><~Scribe.143~><~Game.1974~><~Scribe.144~> 8AD1DE
$Adobim<~Scribe.141~>039 036 029 028 027 026 <~Scribe.142~><~Game.1974~><~Scribe.143~><~Game.1976~><~Scribe.144~> BC34B2
$Adobim<~Controls.644~>100 197 <~Controls.645~><~Game.2035~> EFE5BE
$Mirdain<~HighlightLabel.86~>211<~HighlightLabel.87~><~Game.2042~><~HighlightLabel.88~><~Game.2035~> CBAA40
$Mirdain<~CardBuffet.9~>reveal 130 642305EC19BFB64A9278E98CC9254187A1EF185A 23<~CardBuffet.10~><~Controls.45~><~CardBuffet.11~> 6EEBAF
$Mirdain<~Scribe.141~>130 <~Scribe.142~><~Game.2037~><~Scribe.143~><~Game.2029~><~Scribe.144~> DB2783
$Mirdain<~Scribe.141~>256 <~Scribe.142~><~Game.2000~><~Scribe.143~><~Game.2001~><~Scribe.144~> 362935
$Mirdain<~Controls.509~>153<~Controls.510~><~Game.2005~><~Controls.511~><~Controls.45~> null
$Mirdain<~Controls.644~>211 <~Controls.645~><~Game.2035~> 1D169B
$Adobim<~Scribe.141~>104 <~Scribe.142~><~Game.2043~><~Scribe.143~><~Game.2035~><~Scribe.144~> 2EFD31
$Adobim<~Scribe.141~>254 <~Scribe.142~><~Game.2040~><~Scribe.143~><~Game.1919~><~Scribe.144~> CA486B
$Adobim<~Scribe.141~>360 <~Scribe.142~><~Game.2040~><~Scribe.143~><~Game.2037~><~Scribe.144~> 887500
$Adobim<~Controls.644~>104 360 <~Controls.645~><~Game.2035~> 932E6F
$Mirdain<~HighlightLabel.86~>212<~HighlightLabel.87~><~Game.2042~><~HighlightLabel.88~><~Game.2035~> D2BD81
$Mirdain<~Controls.790~>248<~Controls.791~><~Game.2014~><~Controls.792~><~Game.2015~> B11835
$Mirdain<~Controls.795~>212<~Controls.796~><~Game.2035~><~Controls.797~><~Game.1997~> 8D6EAD
<game> Adobim<~Controls.1~> 1 null
$Adobim<~Scribe.141~>102 <~Scribe.142~><~Game.2043~><~Scribe.143~><~Game.2035~><~Scribe.144~> BFFDC3
$Adobim<~Scribe.141~>039 038 036 029 028 027 026 025 024 023 022 021 <~Scribe.142~><~Game.1976~><~Scribe.143~><~Game.1967~><~Scribe.144~> EF707E
$Adobim<~Scribe.141~>055 049 048 047 <~Scribe.142~><~Game.1968~><~Scribe.143~><~Game.1946~><~Scribe.144~> 519CBB
$Adobim<~Controls.644~>102 <~Controls.645~><~Game.2035~> 124660
$Mirdain<~HighlightLabel.86~>213<~HighlightLabel.87~><~Game.2042~><~HighlightLabel.88~><~Game.2035~> 988377
$Mirdain<~Scribe.141~>073 072 <~Scribe.142~><~Game.1929~><~Scribe.143~><~Game.1925~><~Scribe.144~> 7AB6DD
$Mirdain<~Scribe.141~>080 <~Scribe.142~><~Game.1943~><~Scribe.143~><~Game.1942~><~Scribe.144~> 3B9036
$Mirdain<~Controls.644~>213 <~Controls.645~><~Game.2035~> 98D1F8
$Adobim<~Scribe.141~>103 <~Scribe.142~><~Game.2043~><~Scribe.143~><~Game.2035~><~Scribe.144~> 648048
$Adobim<~Scribe.141~>039 038 036 029 028 027 026 025 024 023 022 021 <~Scribe.142~><~Game.1967~><~Scribe.143~><~Game.1948~><~Scribe.144~> E9F735
$Adobim<~Scribe.141~>055 057 049 048 047 046 045 044 <~Scribe.142~><~Game.1946~><~Scribe.143~><~Game.1932~><~Scribe.144~> 68A2AA
$Adobim<~Scribe.141~>043 <~Scribe.142~><~Game.1932~><~Scribe.143~><~Game.1946~><~Scribe.144~> CE9450
$Adobim<~Controls.644~>103 <~Controls.645~><~Game.2035~> 3E8C87
$Adobim<~Controls.726~>212 <~Controls.727~><~Game.1997~><~Controls.728~><~Game.2042~> 20E603
$Adobim<~Controls.731~>213 211 210 <~Controls.732~><~Game.2039~><~Controls.733~><~Game.2042~> E79ABD
$Adobim<~Controls.757~>105 <~Controls.758~><~Game.1997~><~Controls.759~><~Game.2043~> 8557AB
<~Game.7~>2 null
$Adobim<~Controls.762~>103 102 104 360 100 099 101 <~Controls.763~><~Game.2041~><~Controls.764~><~Game.2043~> 8A5E7A
<Adobim> ok? E07C51
$Mirdain<~Controls.509~>154<~Controls.510~><~Game.2004~><~Controls.511~><~Controls.45~> null
$Mirdain<~Controls.509~>156<~Controls.510~><~Game.2005~><~Controls.511~><~Controls.45~> null
$Adobim<~Controls.509~>189<~Controls.510~><~Game.2007~><~Controls.511~><~Controls.46~> null
$Adobim<~Controls.509~>191<~Controls.510~><~Game.2006~><~Controls.511~><~Controls.46~> null
<Mirdain> f ok 98DCE5
$Adobim<~Scribe.141~>105 <~Scribe.142~><~Game.2043~><~Scribe.143~><~Game.1997~><~Scribe.144~> C55865
$Adobim<~Controls.345~>103 102 104 360 100 099 101 <~Controls.346~>15 11 12 10 12 13 13 null
$Adobim<~Controls.350~>103 102 104 360 100 099 101 null
$Mirdain<~Controls.345~>213 211 210 212 <~Controls.346~>1 1 3 0 null
$Mirdain<~Scribe.141~>426 <~Scribe.142~><~Game.2042~><~Scribe.143~><~Game.2035~><~Scribe.144~> 85874F
$Mirdain<~Scribe.141~>260 <~Scribe.142~><~Game.2001~><~Scribe.143~><~Game.2002~><~Scribe.144~> 3C5BDB
$Mirdain<~Controls.644~>426 <~Controls.645~><~Game.2035~> 60A2E4
$Adobim<~Scribe.141~>360 <~Scribe.142~><~Game.2043~><~Scribe.143~><~Game.2035~><~Scribe.144~> E7CDA7
$Adobim<~Scribe.141~>262 <~Scribe.142~><~Game.2002~><~Scribe.143~><~Game.2003~><~Scribe.144~> 3AE66D
$Adobim<~Controls.644~>360 <~Controls.645~><~Game.2035~> 7D4B95
<Mirdain> pass E37686
$Adobim<~Scribe.141~>100 <~Scribe.142~><~Game.2043~><~Scribe.143~><~Game.2035~><~Scribe.144~> 82BA56
$Adobim<~Scribe.141~>039 038 036 029 028 027 026 025 024 023 022 021 <~Scribe.142~><~Game.1948~><~Scribe.143~><~Game.1937~><~Scribe.144~> 2857A6
$Adobim<~Scribe.141~>040 035 015 014 013 012 011 <~Scribe.142~><~Game.1956~><~Scribe.143~><~Game.1961~><~Scribe.144~> 854E0A
$Adobim<~Controls.644~>100 <~Controls.645~><~Game.2035~> 69922A
$Mirdain<~HighlightLabel.86~>211<~HighlightLabel.87~><~Game.2042~><~HighlightLabel.88~><~Game.2035~> 73F2AE
$Mirdain<~Controls.790~>248<~Controls.791~><~Game.2015~><~Controls.792~><~Game.2016~> 492BCF
$Mirdain<~Controls.795~>211<~Controls.796~><~Game.2035~><~Controls.797~><~Game.1997~> E89C5C
<game> Adobim<~Controls.1~> 2 6 null
$Adobim<~Controls.624~>217<~Controls.625~><~Game.2044~><~Controls.626~><~Game.2037~> null
$Mirdain<~Scribe.141~>240 <~Scribe.142~><~Game.1999~><~Scribe.143~><~Game.2037~><~Scribe.144~> C983EF
$Mirdain<~Scribe.141~>247 <~Scribe.142~><~Game.1911~><~Scribe.143~><~Game.1912~><~Scribe.144~> 124706
$Mirdain<~Controls.323~>247 C95840
$Mirdain<~Controls.644~>217 240 <~Controls.645~><~Game.2035~> 21D86C
$Mirdain<~Scribe.141~>241 <~Scribe.142~><~Game.1998~><~Scribe.143~><~Game.1999~><~Scribe.144~> 941BAA
$Adobim<~Scribe.141~>101 <~Scribe.142~><~Game.2043~><~Scribe.143~><~Game.2035~><~Scribe.144~> 84B2F0
<Adobim> westem, DDFAF7
$Adobim<~Controls.840~>189 7B4A00
$Mirdain<~Controls.840~>153 7EC9B8
<auto> playchosen 3B43C4
<auto><~Controls.3~>reveal 153 2126A72B53A0FADAECD288077887FAB6CCB34095 1<~Controls.884~><~Controls.45~><~Controls.885~><~Game.2037~> 4376B8
<auto><~Controls.866~>reveal 189 80C0C454AF22045AFC4C487CA9343ECADE600C21 17<~Controls.867~><~Controls.46~><~Controls.868~><~Game.2036~> 1D2613
<auto> playchosen FD3725
<game> Adobim<~Controls.1~> 1 5 6 1 3 null
<game> Adobim<~Controls.1~> 6 4 null
<Adobim> 3 40EAC7
<game> Mirdain<~Controls.1~> 6 4 null
<Mirdain> 4 372CFE
$Adobim<~Scribe.141~>024 023 022 021 <~Scribe.142~><~Game.1937~><~Scribe.143~><~Game.2037~><~Scribe.144~> F4B6FB
$Mirdain<~Controls.296~>073 072 <~Controls.297~><~Game.1925~> C362DF
$Adobim<~Scribe.141~>039 038 036 029 028 027 026 025 <~Scribe.142~><~Game.1937~><~Scribe.143~><~Game.1925~><~Scribe.144~> 72E8B1
$Adobim<~Controls.644~>101 189 153 024 023 022 021 <~Controls.645~><~Game.2035~> 42EA02
$Mirdain<~HighlightLabel.86~>210<~HighlightLabel.87~><~Game.2042~><~HighlightLabel.88~><~Game.2035~> 7577AC
$Adobim<~Scribe.141~>259 <~Scribe.142~><~Game.2000~><~Scribe.143~><~Game.2002~><~Scribe.144~> F50C22
$Adobim<~Controls.323~>259 E7C7D2
$Mirdain<~CardBuffet.9~>reveal 156 1691C833E75CD7EE998C83FBEB25857ECD0490B7 18<~CardBuffet.10~><~Controls.45~><~CardBuffet.11~> 0315D5
$Mirdain<~Scribe.141~>283 289 <~Scribe.142~><~Game.2038~><~Scribe.143~><~Game.1923~><~Scribe.144~> 888D19
$Mirdain<~Controls.644~>210 156 <~Controls.645~><~Game.2035~> 5B79FB
$Adobim<~Scribe.141~>104 <~Scribe.142~><~Game.2043~><~Scribe.143~><~Game.2035~><~Scribe.144~> 6990F3
$Adobim<~Scribe.141~>025 <~Scribe.142~><~Game.1925~><~Scribe.143~><~Game.1929~><~Scribe.144~> 4FDBD6
$Adobim<~Scribe.141~>026 <~Scribe.142~><~Game.1925~><~Scribe.143~><~Game.1933~><~Scribe.144~> 462CEC
$Adobim<~Scribe.141~>259 <~Scribe.142~><~Game.2002~><~Scribe.143~><~Game.2003~><~Scribe.144~> FFDC7B
$Adobim<~Controls.644~>104 <~Controls.645~><~Game.2035~> 71C970
$Mirdain<~HighlightLabel.86~>213<~HighlightLabel.87~><~Game.2042~><~HighlightLabel.88~><~Game.2035~> 0A999D
$Mirdain<~Controls.323~>247 58FF00
$Mirdain<~Controls.644~>213 <~Controls.645~><~Game.2035~> BFD3DE
$Adobim<~Scribe.141~>099 <~Scribe.142~><~Game.2043~><~Scribe.143~><~Game.2035~><~Scribe.144~> D05674
<Adobim> HD AB01E6
$Mirdain<~Scribe.141~>283 289 071 <~Scribe.142~><~Game.1923~><~Scribe.143~><~Game.1993~><~Scribe.144~> 060B9C
$Adobim<~Scribe.141~>039 038 036 029 028 027 <~Scribe.142~><~Game.1925~><~Scribe.143~><~Game.1923~><~Scribe.144~> F338E1
$Adobim<~Scribe.141~>027 <~Scribe.142~><~Game.1923~><~Scribe.143~><~Game.1925~><~Scribe.144~> 61C772
$Adobim<~Controls.644~>099 <~Controls.645~><~Game.2035~> 389222
$Mirdain<~HighlightLabel.86~>212<~HighlightLabel.87~><~Game.2042~><~HighlightLabel.88~><~Game.2035~> 9E5F6B
$Mirdain<~Scribe.141~>240 <~Scribe.142~><~Game.2039~><~Scribe.143~><~Game.1921~><~Scribe.144~> 77C8C2
$Mirdain<~Controls.323~>240 166B5A
$Mirdain<~Controls.644~>212 <~Controls.645~><~Game.2035~> CA099B
$Adobim<~Scribe.141~>102 <~Scribe.142~><~Game.2043~><~Scribe.143~><~Game.2035~><~Scribe.144~> 722947
$Mirdain<~Controls.281~>358 <~Controls.282~><~Game.2038~><~Controls.283~><~Game.2039~> A458A2
$Adobim<~Scribe.141~>253 <~Scribe.142~><~Game.2040~><~Scribe.143~><~Game.1923~><~Scribe.144~> EE5F43
$Adobim<~Scribe.141~>361 <~Scribe.142~><~Game.2040~><~Scribe.143~><~Game.2037~><~Scribe.144~> 6D1808
$Mirdain<~Controls.323~>258 257 088101
$Adobim<~Controls.644~>102 361 <~Controls.645~><~Game.2035~> B66A18
$Mirdain<~Controls.323~>260 5E2B18
$Mirdain<~Controls.726~>211 <~Controls.727~><~Game.1997~><~Controls.728~><~Game.2042~> BA950F
$Mirdain<~Controls.731~>358 212 213 210 <~Controls.732~><~Game.2039~><~Controls.733~><~Game.2042~> 87FC8C
$Adobim<~Controls.757~>103 105 <~Controls.758~><~Game.1997~><~Controls.759~><~Game.2043~> E91D8D
<~Game.7~>3 null
$Adobim<~Controls.762~>102 361 099 104 101 100 360 <~Controls.763~><~Game.2041~><~Controls.764~><~Game.2043~> 994982
$Mirdain<~Controls.509~>135<~Controls.510~><~Game.2004~><~Controls.511~><~Controls.45~> null
$Mirdain<~Controls.509~>106<~Controls.510~><~Game.2005~><~Controls.511~><~Controls.45~> null
$Adobim<~Controls.509~>159<~Controls.510~><~Game.2007~><~Controls.511~><~Controls.46~> null
$Adobim<~Controls.509~>168<~Controls.510~><~Game.2006~><~Controls.511~><~Controls.46~> null
<Mirdain> f ok 167DBE
$Adobim<~Scribe.141~>105 <~Scribe.142~><~Game.2043~><~Scribe.143~><~Game.1997~><~Scribe.144~> EC522C
$Adobim<~Controls.345~>102 361 099 104 101 100 360 103 <~Controls.346~>10 10 12 11 15 13 15 13 null
$Adobim<~Controls.350~>102 361 099 104 101 100 360 103 null
$Mirdain<~Controls.345~>358 212 213 210 211 <~Controls.346~>0 1 4 1 0 null
$Mirdain<~HighlightLabel.86~>213<~HighlightLabel.87~><~Game.2042~><~HighlightLabel.88~><~Game.2035~> FCCE48
<Mirdain> westemnet 6DCFD4
<Mirdain> nc 10C5EA
<Adobim> nc C1B449
<game> Mirdain<~Controls.1~> 5 4 null
<game> Adobim<~Controls.1~> 5 null
$Adobim<~Scribe.141~>027 <~Scribe.142~><~Game.1925~><~Scribe.143~><~Game.2037~><~Scribe.144~> FC6AC0
$Mirdain<~Scribe.141~>069 <~Scribe.142~><~Game.1918~><~Scribe.143~><~Game.2037~><~Scribe.144~> D97F44
$Mirdain<~Scribe.141~>074 070 <~Scribe.142~><~Game.1918~><~Scribe.143~><~Game.1925~><~Scribe.144~> 896A9F
$Mirdain<~Controls.644~>213 027 069 <~Controls.645~><~Game.2035~> 9BF8EB
$Adobim<~Scribe.141~>103 <~Scribe.142~><~Game.2043~><~Scribe.143~><~Game.2035~><~Scribe.144~> 14FC09
<Adobim> westemnet B1892C
$Adobim<~Controls.840~>159 2F91C1
<Mirdain> nc E6FDBF
$Adobim<~Scribe.141~>reveal 159 C14B60358D7A777B995AB1206D43E31C45920391 3 <~Scribe.142~><~Controls.46~><~Scribe.143~><~Game.2036~><~Scribe.144~> E9CEDC
<Adobim> sac 0 9C4E84
<game> Adobim<~Controls.1~> 3 5 3 null
<game> Mirdain<~Controls.1~> 6 null
<Mirdain> 1 D79FA5
$Mirdain<~Controls.296~>074 070 <~Controls.297~><~Game.1925~> AA6603
$Adobim<~Controls.304~>036 <~Controls.305~><~Game.1923~> 22E711
$Adobim<~Controls.313~>027 <~Controls.307~><~Controls.314~><~Game.1923~> 91FFDB
$Adobim<~Scribe.141~>028 <~Scribe.142~><~Game.1923~><~Scribe.143~><~Game.1925~><~Scribe.144~> 5A76D5
$Adobim<~Controls.644~>103 159 <~Controls.645~><~Game.2035~> D51F89
$Mirdain<~HighlightLabel.86~>210<~HighlightLabel.87~><~Game.2042~><~HighlightLabel.88~><~Game.2035~> 0419B9
<Mirdain> hd 5FB2EB
<Mirdain> nc BBF8D1
$Adobim<~Scribe.141~>reveal 191 A5859507A118DCA7A3FB586B8371185338CFF5EB 7 <~Scribe.142~><~Controls.46~><~Scribe.143~><~Game.2036~><~Scribe.144~> 675C93
<Adobim> ff1 05BD6F
<game> Mirdain<~Controls.1~> 5 null
<Mirdain> 1 C82536
<game> Adobim<~Controls.1~> 2 4 null
<game> Adobim<~Controls.1~> 5 3 null
<Adobim> 1 F30140
$Mirdain<~Controls.304~>289 <~Controls.305~><~Game.1993~> 1788C9
$Mirdain<~Controls.313~>070 <~Controls.308~><~Controls.314~><~Game.1993~> 389294
$Adobim<~Controls.296~>029 <~Controls.297~><~Game.1923~> DF785F
<Mirdain> press 34A2DD
$Adobim<~Scribe.141~>253 039 038 027 <~Scribe.142~><~Game.1923~><~Scribe.143~><~Game.1925~><~Scribe.144~> F76E4A
$Mirdain<~Scribe.141~>283 070 071 <~Scribe.142~><~Game.1993~><~Scribe.143~><~Game.1923~><~Scribe.144~> 809BF9
$Adobim<~Controls.509~>194<~Controls.510~><~Game.2006~><~Controls.511~><~Controls.46~> null
$Adobim<~Controls.644~>210 191 <~Controls.645~><~Game.2035~> 13CAF0
$Adobim<~Scribe.141~>100 <~Scribe.142~><~Game.2043~><~Scribe.143~><~Game.2035~><~Scribe.144~> 5FD821
<Adobim> hd EBD40D
$Adobim<~Controls.840~>194 5AE849
$Mirdain<~Scribe.141~>283 070 071 <~Scribe.142~><~Game.1923~><~Scribe.143~><~Game.1993~><~Scribe.144~> CFEB28
$Adobim<~Scribe.141~>253 039 038 027 028 <~Scribe.142~><~Game.1925~><~Scribe.143~><~Game.1923~><~Scribe.144~> 04BEBE
$Adobim<~Scribe.141~>420 <~Scribe.142~><~Game.2040~><~Scribe.143~><~Game.1925~><~Scribe.144~> 3B9B7F
$Adobim<~Controls.644~>100 <~Controls.645~><~Game.2035~> F65EEE
$Adobim<~Controls.179~> 0FF43E
$Mirdain<~HighlightLabel.86~>211<~HighlightLabel.87~><~Game.2042~><~HighlightLabel.88~><~Game.2035~> 1B0063
$Mirdain<~Scribe.141~>065 <~Scribe.142~><~Game.1941~><~Scribe.143~><~Game.1957~><~Scribe.144~> C3D272
$Mirdain<~Scribe.141~>059 <~Scribe.142~><~Game.1973~><~Scribe.143~><~Game.1965~><~Scribe.144~> 1013D8
$Mirdain<~Controls.644~>211 <~Controls.645~><~Game.2035~> 5AD8E7
$Adobim<~Scribe.141~>099 <~Scribe.142~><~Game.2043~><~Scribe.143~><~Game.2035~><~Scribe.144~> 145F0F
$Adobim<~Scribe.141~>007 <~Scribe.142~><~Game.1917~><~Scribe.143~><~Game.1912~><~Scribe.144~> 84524B
$Adobim<~Scribe.141~>006 004 005 <~Scribe.142~><~Game.1919~><~Scribe.143~><~Game.1918~><~Scribe.144~> BADFE7
$Adobim<~Controls.644~>099 <~Controls.645~><~Game.2035~> 37DBFE
<Mirdain> pass F6EE59
$Adobim<~Scribe.141~>361 <~Scribe.142~><~Game.2043~><~Scribe.143~><~Game.2035~><~Scribe.144~> 285A52
$Adobim<~Scribe.141~>324 <~Scribe.142~><~Game.2040~><~Scribe.143~><~Game.1919~><~Scribe.144~> E967C5
$Adobim<~Controls.644~>361 <~Controls.645~><~Game.2035~> 98B9D3
$Mirdain<~HighlightLabel.86~>212<~HighlightLabel.87~><~Game.2042~><~HighlightLabel.88~><~Game.2035~> 7EB817
$Mirdain<~Controls.790~>248<~Controls.791~><~Game.2014~><~Controls.792~><~Game.2015~> 73E2B8
$Mirdain<~Controls.795~>212<~Controls.796~><~Game.2035~><~Controls.797~><~Game.1997~> 45004B
<game> Adobim<~Controls.1~> 1 2 3 null
<game> Adobim<~Controls.1~> 4 null
$Adobim<~Scribe.141~>102 <~Scribe.142~><~Game.2043~><~Scribe.143~><~Game.2035~><~Scribe.144~> FA0F8B
$Adobim<~Scribe.141~>261 <~Scribe.142~><~Game.2001~><~Scribe.143~><~Game.2002~><~Scribe.144~> F6DDF5
$Adobim<~Controls.644~>102 <~Controls.645~><~Game.2035~> 5E7383
$Mirdain<~HighlightLabel.86~>358<~HighlightLabel.87~><~Game.2042~><~HighlightLabel.88~><~Game.2035~> 8812C8
$Mirdain<~Controls.790~>248<~Controls.791~><~Game.2015~><~Controls.792~><~Game.2016~> 3AE64D
$Mirdain<~Controls.795~>358<~Controls.796~><~Game.2035~><~Controls.797~><~Game.1997~> A998D4
<game> Adobim<~Controls.1~> 4 2 1 null
<game> Adobim<~Controls.1~> 4 null
<Adobim> pf E93BE2
$Adobim<~Scribe.141~>104 <~Scribe.142~><~Game.2043~><~Scribe.143~><~Game.2035~><~Scribe.144~> E53797
$Adobim<~Scribe.141~>006 004 005 <~Scribe.142~><~Game.1918~><~Scribe.143~><~Game.1923~><~Scribe.144~> F3AA6D
$Adobim<~Scribe.141~>056 052 051 050 <~Scribe.142~><~Game.1986~><~Scribe.143~><~Game.1984~><~Scribe.144~> A2B9F8
$Adobim<~Controls.644~>104 <~Controls.645~><~Game.2035~> 9F7CAA
$Mirdain<~Controls.726~>358 212 <~Controls.727~><~Game.1997~><~Controls.728~><~Game.2042~> 0CE351
$Mirdain<~Controls.731~>211 210 213 <~Controls.732~><~Game.2039~><~Controls.733~><~Game.2042~> C40C9C
$Adobim<~Controls.757~>101 360 105 <~Controls.758~><~Game.1997~><~Controls.759~><~Game.2043~> 992383
<~Game.7~>4 null
$Adobim<~Controls.762~>104 102 361 099 100 103 <~Controls.763~><~Game.2041~><~Controls.764~><~Game.2043~> E4A425
$Mirdain<~Controls.509~>157<~Controls.510~><~Game.2004~><~Controls.511~><~Controls.45~> null
$Mirdain<~Controls.509~>111<~Controls.510~><~Game.2005~><~Controls.511~><~Controls.45~> null
$Adobim<~Controls.509~>184<~Controls.510~><~Game.2007~><~Controls.511~><~Controls.46~> null
$Adobim<~Controls.509~>208<~Controls.510~><~Game.2006~><~Controls.511~><~Controls.46~> null
<Mirdain> f ok 0259D4
$Adobim<~Scribe.141~>105 <~Scribe.142~><~Game.2043~><~Scribe.143~><~Game.1997~><~Scribe.144~> 2F7F45
$Adobim<~Controls.345~>104 102 361 099 100 103 101 360 <~Controls.346~>15 10 10 11 12 11 13 12 null
$Adobim<~Controls.350~>104 102 361 099 100 103 101 360 null
$Mirdain<~Scribe.141~>247 <~Scribe.142~><~Game.1912~><~Scribe.143~><~Game.1927~><~Scribe.144~> 95DB60
$Mirdain<~Scribe.141~>248 <~Scribe.142~><~Game.2016~><~Scribe.143~><~Game.2014~><~Scribe.144~> 04C4F5
<Adobim> kk C019DF
<Mirdain> forgot D55900
<Adobim> np E9DB52
$Mirdain<~Controls.345~>211 210 213 358 212 <~Controls.346~>1 1 2 1 2 null
$Mirdain<~HighlightLabel.86~>358<~HighlightLabel.87~><~Game.2042~><~HighlightLabel.88~><~Game.2035~> 856D67
$Mirdain<~Controls.790~>248<~Controls.791~><~Game.2014~><~Controls.792~><~Game.2015~> 3EE3C2
$Mirdain<~Controls.795~>358<~Controls.796~><~Game.2035~><~Controls.797~><~Game.1997~> 355A88
<game> Adobim<~Controls.1~> 4 3 null
$Adobim<~Scribe.141~>360 <~Scribe.142~><~Game.2043~><~Scribe.143~><~Game.2035~><~Scribe.144~> 3514D1
$Adobim<~Scribe.141~>008 <~Scribe.142~><~Game.1917~><~Scribe.143~><~Game.1927~><~Scribe.144~> 991688
$Adobim<~Scribe.141~>055 057 049 048 047 046 045 044 042 041 <~Scribe.142~><~Game.1932~><~Scribe.143~><~Game.1938~><~Scribe.144~> 03C476
$Adobim<~Controls.644~>360 <~Controls.645~><~Game.2035~> 2B2582
$Mirdain<~HighlightLabel.86~>212<~HighlightLabel.87~><~Game.2042~><~HighlightLabel.88~><~Game.2035~> 7236E8
$Mirdain<~CardBuffet.9~>reveal 135 4BC0A44C21289F344F11C4B392B8642275DE5D88 15<~CardBuffet.10~><~Controls.45~><~CardBuffet.11~> 2B91B4
$Mirdain<~Scribe.141~>135 <~Scribe.142~><~Game.2037~><~Scribe.143~><~Game.2030~><~Scribe.144~> EDB9C0
$Mirdain<~Controls.644~>212 <~Controls.645~><~Game.2035~> 376863
$Adobim<~Scribe.141~>361 <~Scribe.142~><~Game.2043~><~Scribe.143~><~Game.2035~><~Scribe.144~> 757D73
$Adobim<~Scribe.141~>261 <~Scribe.142~><~Game.2002~><~Scribe.143~><~Game.2003~><~Scribe.144~> 458C0A
$Adobim<~Controls.644~>361 <~Controls.645~><~Game.2035~> A48F20
$Mirdain<~HighlightLabel.86~>210<~HighlightLabel.87~><~Game.2042~><~HighlightLabel.88~><~Game.2035~> 6DEE2E
$Mirdain<~Controls.790~>248<~Controls.791~><~Game.2015~><~Controls.792~><~Game.2016~> 89447E
$Mirdain<~Controls.795~>210<~Controls.796~><~Game.2035~><~Controls.797~><~Game.1997~> 90D63C
<game> Adobim<~Controls.1~> 2 1 null
<game> Adobim<~Controls.1~> 3 null
$Adobim<~Scribe.141~>100 <~Scribe.142~><~Game.2043~><~Scribe.143~><~Game.2035~><~Scribe.144~> 28E655
<Adobim> pel nc 197EA2
<Mirdain> nc 3B6EBD
<game> Adobim<~Controls.1~> 3 5 3 1 3 null
<game> Mirdain<~Controls.1~> 1 null
<Adobim> pres EAECF1
$Mirdain<~Scribe.141~>078 <~Scribe.142~><~Game.1931~><~Scribe.143~><~Game.1924~><~Scribe.144~> C34165
$Adobim<~Scribe.141~>055 057 049 048 047 046 045 044 042 041 <~Scribe.142~><~Game.1938~><~Scribe.143~><~Game.1931~><~Scribe.144~> 7D0B80
$Adobim<~Controls.644~>100 <~Controls.645~><~Game.2035~> B86AAC
$Mirdain<~HighlightLabel.86~>211<~HighlightLabel.87~><~Game.2042~><~HighlightLabel.88~><~Game.2035~> 4ECD01
$Mirdain<~Controls.790~>248<~Controls.791~><~Game.2016~><~Controls.792~><~Game.2017~> D349B3
$Mirdain<~Controls.795~>211<~Controls.796~><~Game.2035~><~Controls.797~><~Game.1997~> 6069F3
<game> Adobim<~Controls.1~> 6 2 null
<game> Adobim<~Controls.1~> 4 null
$Adobim<~Controls.624~>228<~Controls.625~><~Game.2044~><~Controls.626~><~Game.2037~> null
$Mirdain<~Scribe.141~>135 <~Scribe.142~><~Game.2030~><~Scribe.143~><~Game.2036~><~Scribe.144~> AA95EB
$Mirdain<~Scribe.141~>252 <~Scribe.142~><~Game.2014~><~Scribe.143~><~Game.2016~><~Scribe.144~> 0C3CEE
$Mirdain<~Controls.644~>135 228 <~Controls.645~><~Game.2035~> B3C53D
$Adobim<~Scribe.141~>103 <~Scribe.142~><~Game.2043~><~Scribe.143~><~Game.2035~><~Scribe.144~> AA24DF
$Mirdain<~Scribe.141~>260 <~Scribe.142~><~Game.2002~><~Scribe.143~><~Game.2003~><~Scribe.144~> 83FAE2
<Adobim> lamedon nc 827D52
$Mirdain<~Controls.840~>106 E921AB
<auto><~Controls.861~>reveal 106 54E10AD5A6765B598965308D340441640D7607D6 15<~Controls.862~><~Controls.45~><~Controls.863~><~Game.2037~> 7B0C4E
$Mirdain<~Scribe.141~>078 <~Scribe.142~><~Game.1924~><~Scribe.143~><~Game.1920~><~Scribe.144~> 0CBC4B
$Adobim<~Scribe.141~>055 057 049 048 047 046 045 044 042 041 <~Scribe.142~><~Game.1931~><~Scribe.143~><~Game.1924~><~Scribe.144~> FB17C1
$Adobim<~Scribe.141~>041 <~Scribe.142~><~Game.1924~><~Scribe.143~><~Game.1931~><~Scribe.144~> 72DF0B
$Adobim<~Controls.644~>103 106 <~Controls.645~><~Game.2035~> 4DFF8E
<Mirdain> pass F68212
$Adobim<~Scribe.141~>099 <~Scribe.142~><~Game.2043~><~Scribe.143~><~Game.2035~><~Scribe.144~> 298DDA
<Adobim> da 8BABE0
$Mirdain<~Scribe.141~>078 077 076 075 <~Scribe.142~><~Game.1920~><~Scribe.143~><~Game.1995~><~Scribe.144~> 23B0EE
$Adobim<~Scribe.141~>055 057 049 048 047 046 045 044 042 <~Scribe.142~><~Game.1924~><~Scribe.143~><~Game.1920~><~Scribe.144~> 6D001B
$Adobim<~Controls.644~>099 <~Controls.645~><~Game.2035~> BB2717
<Mirdain> pass 835BD5
$Adobim<~Scribe.141~>101 <~Scribe.142~><~Game.2043~><~Scribe.143~><~Game.2035~><~Scribe.144~> 16C87A
<Adobim> hd 934065
$Adobim<~Controls.840~>208 3D7DB1
$Adobim<~Scribe.141~>419 <~Scribe.142~><~Game.2040~><~Scribe.143~><~Game.1924~><~Scribe.144~> BF6863
<Mirdain> nc A6788B
$Adobim<~Scribe.141~>reveal 208 911081BC093C95BE3086F2F5DA340B7F538652BB 1 <~Scribe.142~><~Controls.46~><~Scribe.143~><~Game.2036~><~Scribe.144~> D0AC8C
<game> Adobim<~Controls.1~> 4 1 4 3 1 null
<game> Adobim<~Controls.1~> 1 5 3 1 6 null
<Adobim> 1 142805
<game> Mirdain<~Controls.1~> 1 4 null
<game> Mirdain<~Controls.1~> 2 null
<Adobim> press 49E749
$Mirdain<~Controls.296~>071 <~Controls.297~><~Game.1993~> F753C3
$Adobim<~Controls.304~>006 <~Controls.305~><~Game.1923~> C68972
$Adobim<~Controls.313~>332 <~Controls.307~><~Controls.314~><~Game.1923~> BA719F
$Adobim<~Controls.509~>181<~Controls.510~><~Game.2006~><~Controls.511~><~Controls.46~> null
$Adobim<~Controls.296~>208 <~Controls.297~><~Game.2036~> 4A668D
$Adobim<~Controls.840~>184 452861
<Mirdain> nc D4FEDD
$Adobim<~Scribe.141~>reveal 184 0F59056AC9728E6CAB052917FBE2E0A6924EEDF1 22 <~Scribe.142~><~Controls.46~><~Scribe.143~><~Game.2036~><~Scribe.144~> 69ACD6
<game> Adobim<~Controls.1~> 6 6 1 6 3 null
<game> Mirdain<~Controls.1~> 3 null
<game> Mirdain<~Controls.1~> 1 null
$Mirdain<~Controls.296~>283 070 <~Controls.297~><~Game.1993~> 132698
$Adobim<~Controls.644~>101 184 <~Controls.645~><~Game.2035~> 501F02
$Mirdain<~HighlightLabel.86~>213<~HighlightLabel.87~><~Game.2042~><~HighlightLabel.88~><~Game.2035~> 4FFF9D
$Mirdain<~CardBuffet.9~>reveal 116 7D3A3C859C58C1DFB0AEABD2D4A236CFF293AB6E 23<~CardBuffet.10~><~Controls.45~><~CardBuffet.11~> D9119A
<game> Mirdain<~Controls.1~> 2 2 6 null
$Mirdain<~Scribe.141~>252 <~Scribe.142~><~Game.2016~><~Scribe.143~><~Game.2015~><~Scribe.144~> 4B3534
$Mirdain<~Controls.644~>213 116 <~Controls.645~><~Game.2035~> 48394F
$Adobim<~Scribe.141~>102 <~Scribe.142~><~Game.2043~><~Scribe.143~><~Game.2035~><~Scribe.144~> 81BD77
$Adobim<~Scribe.141~>345 <~Scribe.142~><~Game.2040~><~Scribe.143~><~Game.1987~><~Scribe.144~> C532A4
$Adobim<~Controls.644~>102 <~Controls.645~><~Game.2035~> 427C56
$Adobim<~Controls.726~>211 210 358 <~Controls.727~><~Game.1997~><~Controls.728~><~Game.2042~> 3926B0
$Adobim<~Controls.731~>213 212 <~Controls.732~><~Game.2039~><~Controls.733~><~Game.2042~> 0DB28F
$Adobim<~Controls.757~>104 105 <~Controls.758~><~Game.1997~><~Controls.759~><~Game.2043~> 2B0868
<~Game.7~>5 null
$Adobim<~Controls.762~>102 101 099 103 100 361 360 <~Controls.763~><~Game.2041~><~Controls.764~><~Game.2043~> 9852FD
$Mirdain<~Controls.509~>109<~Controls.510~><~Game.2004~><~Controls.511~><~Controls.45~> null
$Mirdain<~Controls.509~>120<~Controls.510~><~Game.2005~><~Controls.511~><~Controls.45~> null
$Adobim<~Controls.509~>175<~Controls.510~><~Game.2007~><~Controls.511~><~Controls.46~> null
$Adobim<~Controls.509~>166<~Controls.510~><~Game.2006~><~Controls.511~><~Controls.46~> null
$Adobim<~Scribe.141~>105 <~Scribe.142~><~Game.2043~><~Scribe.143~><~Game.1997~><~Scribe.144~> 0FAB77
$Mirdain<~Scribe.141~>247 <~Scribe.142~><~Game.1927~><~Scribe.143~><~Game.1930~><~Scribe.144~> 16C868
$Mirdain<~Scribe.141~>247 <~Scribe.142~><~Game.1930~><~Scribe.143~><~Game.1937~><~Scribe.144~> 9AF24C
$Mirdain<~Scribe.141~>247 <~Scribe.142~><~Game.1937~><~Scribe.143~><~Game.1948~><~Scribe.144~> BB11F2
$Mirdain<~Scribe.141~>248 <~Scribe.142~><~Game.2017~><~Scribe.143~><~Game.2014~><~Scribe.144~> 9090F8
<Mirdain> ok 6EB3FE
$Adobim<~Controls.345~>102 101 099 103 100 361 360 104 <~Controls.346~>12 14 12 15 15 15 13 13 null
$Adobim<~Controls.350~>102 101 099 103 100 361 360 104 null
$Mirdain<~Controls.345~>213 212 211 210 358 <~Controls.346~>4 2 1 2 1 null
$Mirdain<~HighlightLabel.86~>358<~HighlightLabel.87~><~Game.2042~><~HighlightLabel.88~><~Game.2035~> 04FB0F
$Mirdain<~Controls.819~> 85DF75
$Mirdain<~HighlightLabel.86~>210<~HighlightLabel.87~><~Game.2042~><~HighlightLabel.88~><~Game.2035~> E4DEA6
$Mirdain<~CardBuffet.9~>reveal 109 CB2C2D9A3E219E7697F8BD524FB0F41B34635CC9 22<~CardBuffet.10~><~Controls.45~><~CardBuffet.11~> FE6E27
$Mirdain<~Scribe.141~>109 <~Scribe.142~><~Game.2037~><~Scribe.143~><~Game.2030~><~Scribe.144~> C87A61
$Mirdain<~Controls.644~>210 <~Controls.645~><~Game.2035~> 2A6799
$Adobim<~Scribe.141~>101 <~Scribe.142~><~Game.2043~><~Scribe.143~><~Game.2035~><~Scribe.144~> 157435
$Adobim<~Scribe.141~>reveal 166 D5AB2BDE9D4F01CCC759901E8FE1BB4566368C59 8 <~Scribe.142~><~Controls.46~><~Scribe.143~><~Game.2036~><~Scribe.144~> 3B7831
$Adobim<~Scribe.141~>037 <~Scribe.142~><~Game.1969~><~Scribe.143~><~Game.1948~><~Scribe.144~> 19B742
$Adobim<~Scribe.141~>253 038 039 <~Scribe.142~><~Game.1923~><~Scribe.143~><~Game.1920~><~Scribe.144~> F548FC
$Adobim<~Scribe.141~>166 <~Scribe.142~><~Game.2036~><~Scribe.143~><~Game.2033~><~Scribe.144~> A37D82
<Adobim> attack da 32A9AC
$Adobim<~Controls.840~>194 5D56A7
<Mirdain> nc ACF3A1
$Adobim<~Scribe.141~>reveal 194 6773343D096E35827549E0A7765565706797809F 14 <~Scribe.142~><~Controls.46~><~Scribe.143~><~Game.2036~><~Scribe.144~> 111C2F
<game> Adobim<~Controls.1~> 6 2 6 6 2 null
<game> Adobim<~Controls.1~> 6 3 null
<Adobim> 4 1C9C6E
<game> Mirdain<~Controls.1~> 3 6 6 5 null
$Mirdain<~Controls.296~>078 077 076 075 <~Controls.297~><~Game.1995~> B89B85
$Adobim<~Scribe.141~>045 044 042 <~Scribe.142~><~Game.1920~><~Scribe.143~><~Game.2037~><~Scribe.144~> 7B8537
$Adobim<~Controls.644~>101 194 045 044 042 <~Controls.645~><~Game.2035~> B736EC
$Mirdain<~HighlightLabel.86~>211<~HighlightLabel.87~><~Game.2042~><~HighlightLabel.88~><~Game.2035~> 5D3681
$Adobim<~Controls.509~>201<~Controls.510~><~Game.2006~><~Controls.511~><~Controls.46~> null
$Mirdain<~Controls.790~>248<~Controls.791~><~Game.2014~><~Controls.792~><~Game.2015~> CC0C13
$Mirdain<~Controls.795~>211<~Controls.796~><~Game.2035~><~Controls.797~><~Game.1997~> BD8642
<game> Adobim<~Controls.1~> 5 4 6 4 null
<game> Adobim<~Controls.1~> 2 null
$Adobim<~Controls.624~>214<~Controls.625~><~Game.2044~><~Controls.626~><~Game.2037~> null
$Mirdain<~Scribe.141~>247 <~Scribe.142~><~Game.1948~><~Scribe.143~><~Game.1967~><~Scribe.144~> 651666
$Mirdain<~Controls.323~>247 790A0F
$Mirdain<~Controls.644~>214 <~Controls.645~><~Game.2035~> AC8A21
$Adobim<~Controls.296~>166 <~Controls.297~><~Game.2033~> 66B955
$Adobim<~Scribe.141~>104 <~Scribe.142~><~Game.2043~><~Scribe.143~><~Game.2035~><~Scribe.144~> 5ADC6A
$Adobim<~Scribe.141~>037 <~Scribe.142~><~Game.1948~><~Scribe.143~><~Game.1967~><~Scribe.144~> 2E2A4D
$Adobim<~Scribe.141~>253 038 039 <~Scribe.142~><~Game.1920~><~Scribe.143~><~Game.1961~><~Scribe.144~> 8F26C2
$Adobim<~Scribe.141~>039 <~Scribe.142~><~Game.1961~><~Scribe.143~><~Game.1987~><~Scribe.144~> 80D687
$Adobim<~Controls.644~>104 <~Controls.645~><~Game.2035~> 998724
$Mirdain<~HighlightLabel.86~>212<~HighlightLabel.87~><~Game.2042~><~HighlightLabel.88~><~Game.2035~> 2688C1
$Mirdain<~Controls.323~>247 74885B
$Mirdain<~Controls.644~>212 <~Controls.645~><~Game.2035~> 00D28B
$Adobim<~Scribe.141~>099 <~Scribe.142~><~Game.2043~><~Scribe.143~><~Game.2035~><~Scribe.144~> 6F6FA7
<Adobim> ofr BB928A
$Adobim<~Controls.840~>181 A97DA7
<Mirdain> nc 8E74EC
$Adobim<~Scribe.141~>reveal 181 E4B26B100B40BA14DB1647059A3ED56983152888 13 <~Scribe.142~><~Controls.46~><~Scribe.143~><~Game.2036~><~Scribe.144~> 19651D
<game> Adobim<~Controls.1~> 2 4 5 5 5 null
<game> Mirdain<~Controls.1~> 3 null
$Mirdain<~Controls.296~>065 <~Controls.297~><~Game.1957~> 438481
$Adobim<~Controls.509~>177<~Controls.510~><~Game.2006~><~Controls.511~><~Controls.46~> null
$Adobim<~Scribe.141~>253 038 040 035 015 014 013 012 011 <~Scribe.142~><~Game.1961~><~Scribe.143~><~Game.1957~><~Scribe.144~> 86F57A
$Adobim<~Controls.644~>099 181 <~Controls.645~><~Game.2035~> 36A1DC
$Mirdain<~HighlightLabel.86~>358<~HighlightLabel.87~><~Game.2042~><~HighlightLabel.88~><~Game.2035~> 99D4B7
$Mirdain<~Controls.790~>248<~Controls.791~><~Game.2014~><~Controls.792~><~Game.2015~> E6A4E5
$Mirdain<~Controls.795~>358<~Controls.796~><~Game.2035~><~Controls.797~><~Game.1997~> 153511
<game> Adobim<~Controls.1~> 1 6 4 3 null
<game> Adobim<~Controls.1~> 3 null
$Adobim<~Controls.624~>220<~Controls.625~><~Game.2044~><~Controls.626~><~Game.2037~> null
$Mirdain<~Scribe.141~>109 <~Scribe.142~><~Game.2030~><~Scribe.143~><~Game.2036~><~Scribe.144~> DE3B9F
$Mirdain<~Scribe.141~>247 <~Scribe.142~><~Game.1967~><~Scribe.143~><~Game.1976~><~Scribe.144~> 99B608
$Mirdain<~Controls.323~>247 8ED3F8
$Mirdain<~Controls.644~>109 220 <~Controls.645~><~Game.2035~> 4732EF
$Adobim<~Scribe.141~>102 <~Scribe.142~><~Game.2043~><~Scribe.143~><~Game.2035~><~Scribe.144~> 35F0DB
$Adobim<~Scribe.141~>039 345 054 053 <~Scribe.142~><~Game.1987~><~Scribe.143~><~Game.1980~><~Scribe.144~> 04150C
$Adobim<~Scribe.141~>056 052 051 050 <~Scribe.142~><~Game.1984~><~Scribe.143~><~Game.1980~><~Scribe.144~> 9778D5
$Adobim<~Controls.644~>102 <~Controls.645~><~Game.2035~> 1E4B58
$Mirdain<~Scribe.141~>258 <~Scribe.142~><~Game.2000~><~Scribe.143~><~Game.2001~><~Scribe.144~> 38790C
$Adobim<~Scribe.141~>258 <~Scribe.142~><~Game.2000~><~Scribe.143~><~Game.2001~><~Scribe.144~> 9D5EE4
$Mirdain<~HighlightLabel.86~>213<~HighlightLabel.87~><~Game.2042~><~HighlightLabel.88~><~Game.2035~> C53151
$Mirdain<~Controls.323~>247 E99DD9
$Mirdain<~Controls.644~>213 <~Controls.645~><~Game.2035~> D3B497
$Adobim<~Scribe.141~>360 <~Scribe.142~><~Game.2043~><~Scribe.143~><~Game.2035~><~Scribe.144~> 533855
$Adobim<~Scribe.141~>reveal 201 6A787C15E5D858F9B2CE9AC3A8857CCFE8EB6C5A 4 <~Scribe.142~><~Controls.46~><~Scribe.143~><~Game.2030~><~Scribe.144~> A17901
$Adobim<~Controls.644~>360 <~Controls.645~><~Game.2035~> 9C50EB
$Adobim<~Controls.726~>358 211 <~Controls.727~><~Game.1997~><~Controls.728~><~Game.2042~> F23788
$Adobim<~Controls.731~>213 212 210 <~Controls.732~><~Game.2039~><~Controls.733~><~Game.2042~> D3F4F6
$Adobim<~Controls.757~>103 100 361 105 <~Controls.758~><~Game.1997~><~Controls.759~><~Game.2043~> 8C04DF
<~Game.7~>6 null
$Adobim<~Controls.762~>360 102 099 104 101 <~Controls.763~><~Game.2041~><~Controls.764~><~Game.2043~> 53A3C7
$Mirdain<~Controls.509~>126<~Controls.510~><~Game.2004~><~Controls.511~><~Controls.45~> null
$Mirdain<~Controls.509~>129<~Controls.510~><~Game.2005~><~Controls.511~><~Controls.45~> null
$Adobim<~Controls.509~>178<~Controls.510~><~Game.2007~><~Controls.511~><~Controls.46~> null
$Adobim<~Controls.509~>167<~Controls.510~><~Game.2006~><~Controls.511~><~Controls.46~> null
<Mirdain> f ok EC9228
$Adobim<~Scribe.141~>105 <~Scribe.142~><~Game.2043~><~Scribe.143~><~Game.1997~><~Scribe.144~> 337BD4
$Adobim<~Controls.345~>360 102 099 104 101 103 100 361 <~Controls.346~>13 12 14 12 10 13 15 15 null
$Adobim<~Controls.350~>360 102 099 104 101 103 100 361 null
$Mirdain<~Controls.345~>213 212 210 358 211 <~Controls.346~>3 1 1 4 2 null
$Mirdain<~HighlightLabel.86~>211<~HighlightLabel.87~><~Game.2042~><~HighlightLabel.88~><~Game.2035~> 6BC1B5
$Mirdain<~CardBuffet.9~>reveal 129 4DFFD7E11CD939D635110ADAEF41F7990F963CE2 21<~CardBuffet.10~><~Controls.45~><~CardBuffet.11~> 74BE36
$Adobim<~Scribe.141~>423 <~Scribe.142~><~Game.27~><~Scribe.143~><~Game.33~><~Scribe.144~> 568FF0
$Mirdain<~Scribe.141~>266 <~Scribe.142~><~Game.2038~><~Scribe.143~><~Game.1928~><~Scribe.144~> 0943CA
$Mirdain<~Controls.509~>145<~Controls.510~><~Game.2005~><~Controls.511~><~Controls.45~> null
$Mirdain<~Controls.644~>211 129 <~Controls.645~><~Game.2035~> 2C70F7
$Adobim<~Scribe.141~>101 <~Scribe.142~><~Game.2043~><~Scribe.143~><~Game.2035~><~Scribe.144~> 9FAE89
$Adobim<~Scribe.141~>331 <~Scribe.142~><~Game.2040~><~Scribe.143~><~Game.1910~><~Scribe.144~> 095297
$Adobim<~Scribe.141~>330 <~Scribe.142~><~Game.2040~><~Scribe.143~><~Game.1914~><~Scribe.144~> 1C3DAF
$Adobim<~Scribe.141~>329 <~Scribe.142~><~Game.2040~><~Scribe.143~><~Game.1919~><~Scribe.144~> 26F6BF
$Adobim<~Controls.644~>101 <~Controls.645~><~Game.2035~> A2DC04
$Mirdain<~HighlightLabel.86~>212<~HighlightLabel.87~><~Game.2042~><~HighlightLabel.88~><~Game.2035~> 3E1A51
$Mirdain<~Controls.790~>248<~Controls.791~><~Game.2014~><~Controls.792~><~Game.2015~> 2E5788
$Mirdain<~Controls.795~>212<~Controls.796~><~Game.2035~><~Controls.797~><~Game.1997~> 3C50F7
<game> Adobim<~Controls.1~> 6 1 6 null
$Adobim<~Controls.624~>226<~Controls.625~><~Game.2044~><~Controls.626~><~Game.2037~> null
<Mirdain> random 1689E1
$Adobim<~Controls.637~>243<~Controls.638~><~Game.1998~><~Controls.639~><~Game.2036~> null
$Mirdain<~Controls.644~>243 226 <~Controls.645~><~Game.2035~> 623269
$Adobim<~Scribe.141~>099 <~Scribe.142~><~Game.2043~><~Scribe.143~><~Game.2035~><~Scribe.144~> AAC176
$Adobim<~Scribe.141~>reveal 178 4C4DB1ACC0D5BFAA4DA2A2D824553243E75F088A 12 <~Scribe.142~><~Controls.46~><~Scribe.143~><~Game.2036~><~Scribe.144~> 241A9A
$Adobim<~Scribe.141~>330 000 <~Scribe.142~><~Game.1914~><~Scribe.143~><~Game.1910~><~Scribe.144~> F1AAD1
$Adobim<~Scribe.141~>330 000 <~Scribe.142~><~Game.1910~><~Scribe.143~><~Game.1885~><~Scribe.144~> 776EF5
$Adobim<~Scribe.141~>331 <~Scribe.142~><~Game.1910~><~Scribe.143~><~Game.1885~><~Scribe.144~> EAD1AB
$Adobim<~Scribe.141~>327 328 <~Scribe.142~><~Game.2040~><~Scribe.143~><~Game.1885~><~Scribe.144~> A362DB
$Adobim<~Controls.644~>099 178 <~Controls.645~><~Game.2035~> 6ED407
$Adobim<~Controls.509~>180<~Controls.510~><~Game.2007~><~Controls.511~><~Controls.46~> null
<Mirdain> pass 0E7E3A
$Adobim<~Scribe.141~>103 <~Scribe.142~><~Game.2043~><~Scribe.143~><~Game.2035~><~Scribe.144~> 99B063
<Adobim> wlr 00959C
$Mirdain<~Scribe.141~>098 094 088 <~Scribe.142~><~Game.1954~><~Scribe.143~><~Game.1991~><~Scribe.144~> 493C4B
$Adobim<~Scribe.141~>253 038 040 035 015 014 013 012 011 <~Scribe.142~><~Game.1957~><~Scribe.143~><~Game.1954~><~Scribe.144~> 373C58
$Mirdain<~Scribe.141~>256 <~Scribe.142~><~Game.2001~><~Scribe.143~><~Game.2002~><~Scribe.144~> E1C095
$Adobim<~Controls.644~>103 <~Controls.645~><~Game.2035~> EC0F5E
$Mirdain<~Scribe.141~>427 <~Scribe.142~><~Game.2042~><~Scribe.143~><~Game.2035~><~Scribe.144~> BF0659
$Mirdain<~Controls.509~>118<~Controls.510~><~Game.2005~><~Controls.511~><~Controls.45~> null
$Mirdain<~Controls.281~>126 <~Controls.282~><~Controls.45~><~Controls.283~><~Game.2039~> 7FD2F4
$Mirdain<~Controls.644~>427 <~Controls.645~><~Game.2035~> 148427
$Adobim<~Scribe.141~>102 <~Scribe.142~><~Game.2043~><~Scribe.143~><~Game.2035~><~Scribe.144~> F362B2
$Adobim<~Scribe.141~>327 328 331 330 000 <~Scribe.142~><~Game.1885~><~Scribe.143~><~Game.1884~><~Scribe.144~> E0B5C4
$Adobim<~Scribe.141~>055 057 049 048 047 046 <~Scribe.142~><~Game.1920~><~Scribe.143~><~Game.1924~><~Scribe.144~> A92CD6
$Adobim<~Scribe.141~>055 057 049 048 047 046 <~Scribe.142~><~Game.1924~><~Scribe.143~><~Game.1920~><~Scribe.144~> DF04AC
$Adobim<~Scribe.141~>020 019 018 017 016 <~Scribe.142~><~Game.1969~><~Scribe.143~><~Game.1955~><~Scribe.144~> D15E73
$Adobim<~Scribe.141~>016 <~Scribe.142~><~Game.1955~><~Scribe.143~><~Game.1969~><~Scribe.144~> B8C730
$Adobim<~Controls.644~>102 <~Controls.645~><~Game.2035~> F9DDB2
$Mirdain<~HighlightLabel.86~>213<~HighlightLabel.87~><~Game.2042~><~HighlightLabel.88~><~Game.2035~> 8D91B1
$Mirdain<~CardBuffet.9~>reveal 118 43BE5D7CF5328E456A6014D008409CA6F9EE79FE 2<~CardBuffet.10~><~Controls.45~><~CardBuffet.11~> 584285
$Mirdain<~Scribe.141~>265 <~Scribe.142~><~Game.2038~><~Scribe.143~><~Game.1991~><~Scribe.144~> DFD745
$Mirdain<~Controls.644~>213 118 <~Controls.645~><~Game.2035~> 746242
$Adobim<~Scribe.141~>104 <~Scribe.142~><~Game.2043~><~Scribe.143~><~Game.2035~><~Scribe.144~> B8B3FF
<Adobim> shire,nc 815D96
<Mirdain> nc 894091
<game> Adobim<~Controls.1~> 6 5 4 4 4 null
<game> Mirdain<~Controls.1~> 5 null
<Mirdain> 1 EF938A
$Adobim<~Controls.296~>000 <~Controls.297~><~Game.1884~> 3A049B
$Mirdain<~Controls.296~>063 <~Controls.297~><~Game.1890~> 24B216
$Adobim<~Scribe.141~>327 328 331 330 <~Scribe.142~><~Game.1884~><~Scribe.143~><~Game.1890~><~Scribe.144~> D323C7
$Adobim<~Controls.644~>104 <~Controls.645~><~Game.2035~> B15052
$Adobim<~Scribe.141~>258 <~Scribe.142~><~Game.2001~><~Scribe.143~><~Game.2003~><~Scribe.144~> 9E3CF6
$Mirdain<~HighlightLabel.86~>358<~HighlightLabel.87~><~Game.2042~><~HighlightLabel.88~><~Game.2035~> 5621B5
$Mirdain<~Scribe.141~>299 <~Scribe.142~><~Game.2038~><~Scribe.143~><~Game.1970~><~Scribe.144~> 721CBF
$Mirdain<~Controls.644~>358 <~Controls.645~><~Game.2035~> 0F8327
$Adobim<~Scribe.141~>360 <~Scribe.142~><~Game.2043~><~Scribe.143~><~Game.2035~><~Scribe.144~> CD420A
<Adobim> dale from easterlings 40E7AF
<Adobim> nc 6E6652
<Mirdain> nc 18D7D7
<game> Adobim<~Controls.1~> 3 5 2 4 3 null
<game> Adobim<~Controls.1~> 1 null
<game> Mirdain<~Controls.1~> 5 6 null
<Mirdain> 2 FA87D4
$Adobim<~Scribe.141~>054 053 <~Scribe.142~><~Game.1980~><~Scribe.143~><~Game.2037~><~Scribe.144~> 1EEC08
<Adobim> press 1B9998
$Mirdain<~Scribe.141~>068 299 066 <~Scribe.142~><~Game.1970~><~Scribe.143~><~Game.1957~><~Scribe.144~> 2FD00F
$Adobim<~Scribe.141~>039 056 345 052 051 050 <~Scribe.142~><~Game.1980~><~Scribe.143~><~Game.1970~><~Scribe.144~> 886F23
$Adobim<~Controls.644~>360 054 053 <~Controls.645~><~Game.2035~> 301B0A
$Mirdain<~HighlightLabel.86~>210<~HighlightLabel.87~><~Game.2042~><~HighlightLabel.88~><~Game.2035~> 4482BA
$Mirdain<~Controls.366~>251<~Controls.367~><~Game.2010~><~Controls.368~><~Game.2011~> 795312
$Mirdain changes 210  to H 6E4954
$Mirdain<~Scribe.141~>068 299 066 <~Scribe.142~><~Game.1957~><~Scribe.143~><~Game.1958~><~Scribe.144~> 7D74DE
$Mirdain<~Scribe.141~>079 <~Scribe.142~><~Game.1943~><~Scribe.143~><~Game.1938~><~Scribe.144~> BC8905
$Mirdain<~Controls.644~>210 <~Controls.645~><~Game.2035~> 91E888
$Adobim<~Controls.726~>212 <~Controls.727~><~Game.1997~><~Controls.728~><~Game.2042~> 4ED04A
$Adobim<~Controls.731~>210 358 213 211 <~Controls.732~><~Game.2039~><~Controls.733~><~Game.2042~> 615F1B
$Adobim<~Controls.757~>100 361 105 <~Controls.758~><~Game.1997~><~Controls.759~><~Game.2043~> 662ED6
<~Game.7~>7 null
$Adobim<~Controls.762~>360 104 102 103 099 101 <~Controls.763~><~Game.2041~><~Controls.764~><~Game.2043~> 81FC0F
$Adobim<~Controls.509~>207<~Controls.510~><~Game.2007~><~Controls.511~><~Controls.46~> null
$Adobim<~Controls.509~>204<~Controls.510~><~Game.2006~><~Controls.511~><~Controls.46~> null
$Mirdain<~Controls.509~>108<~Controls.510~><~Game.2004~><~Controls.511~><~Controls.45~> null
$Mirdain<~Controls.509~>110<~Controls.510~><~Game.2005~><~Controls.511~><~Controls.45~> null
$Adobim<~Controls.296~>168 <~Controls.297~><~Controls.46~> AA317D
$Adobim<~Controls.296~>204 <~Controls.297~><~Controls.46~> 5EB3B4
$Adobim<~Scribe.141~>105 <~Scribe.142~><~Game.2043~><~Scribe.143~><~Game.1997~><~Scribe.144~> DB1501
$Mirdain<~Controls.281~>154 <~Controls.282~><~Controls.45~><~Controls.283~><~Game.2039~> 82F367
$Mirdain<~Scribe.141~>247 <~Scribe.142~><~Game.1976~><~Scribe.143~><~Game.524~><~Scribe.144~> ED0ECC
$Mirdain<~Scribe.141~>248 <~Scribe.142~><~Game.2015~><~Scribe.143~><~Game.2014~><~Scribe.144~> 5ECEE0
$Mirdain<~Controls.281~>235 <~Controls.282~><~Game.2045~><~Controls.283~><~Game.2044~> 3CD898
$Mirdain<~Controls.281~>220 <~Controls.282~><~Game.2045~><~Controls.283~><~Game.2044~> 2D6A3C
<Mirdain> ok B89466
$Adobim<~Controls.345~>360 104 102 103 099 101 100 361 <~Controls.346~>14 15 12 13 10 11 14 15 null
$Adobim<~Controls.350~>360 104 102 103 099 101 100 361 null
$Mirdain<~Controls.345~>210 358 213 211 212 <~Controls.346~>1 3 3 3 0 null
$Mirdain<~HighlightLabel.86~>212<~HighlightLabel.87~><~Game.2042~><~HighlightLabel.88~><~Game.2035~> AAF9C9
$Mirdain<~Scribe.141~>068 299 066 <~Scribe.142~><~Game.1958~><~Scribe.143~><~Game.1956~><~Scribe.144~> 4391B1
$Mirdain<~Scribe.141~>079 <~Scribe.142~><~Game.1938~><~Scribe.143~><~Game.1932~><~Scribe.144~> C3555F
$Mirdain<~Controls.644~>212 <~Controls.645~><~Game.2035~> FA0942
$Mirdain<~Scribe.141~>422 <~Scribe.142~><~Game.27~><~Scribe.143~><~Game.31~><~Scribe.144~> 4B04D4
$Adobim<~Scribe.141~>099 <~Scribe.142~><~Game.2043~><~Scribe.143~><~Game.2035~><~Scribe.144~> 617205
$Adobim<~Controls.819~> 2D31EE
$Adobim<~Scribe.141~>102 <~Scribe.142~><~Game.2043~><~Scribe.143~><~Game.2035~><~Scribe.144~> 8BB65E
$Adobim<~Scribe.141~>020 019 018 017 <~Scribe.142~><~Game.1955~><~Scribe.143~><~Game.1938~><~Scribe.144~> AB1356
$Adobim<~Scribe.141~>039 056 345 052 051 050 <~Scribe.142~><~Game.1970~><~Scribe.143~><~Game.1954~><~Scribe.144~> 937D32
$Adobim<~Scribe.141~>011 <~Scribe.142~><~Game.1954~><~Scribe.143~><~Game.1970~><~Scribe.144~> A6E083
$Adobim<~Controls.644~>102 <~Controls.645~><~Game.2035~> 9CD237
$Adobim<~Scribe.141~>423 <~Scribe.142~><~Game.33~><~Scribe.143~><~Game.389~><~Scribe.144~> 31B0E4
<Mirdain> pass 2BAF3A
$Adobim<~Scribe.141~>101 <~Scribe.142~><~Game.2043~><~Scribe.143~><~Game.2035~><~Scribe.144~> 5A7970
$Adobim<~Controls.819~> 053EA5
$Adobim<~Scribe.141~>103 <~Scribe.142~><~Game.2043~><~Scribe.143~><~Game.2035~><~Scribe.144~> BCCB70
<Adobim> umbarwlr 5784DD
<Adobim> lol AF17C8
<Adobim> wlr 5ECD09
<Adobim> haha 01EC4F
$Adobim<~Controls.840~>175 CC428A
$Mirdain<~Scribe.141~>079 <~Scribe.142~><~Game.1932~><~Scribe.143~><~Game.26~><~Scribe.144~> 8194EE
<Adobim> wlr FF1CC9
<Adobim> wlr 543D50
$Mirdain<~Controls.819~> A3723B
$Adobim<~Controls.840~>175 9C1FA2
<Mirdain> nc B2B19F
$Adobim<~Scribe.141~>reveal 175 1D85583F59B9C59812FD81D6E2B4A0F126EF1F95 4 <~Scribe.142~><~Controls.46~><~Scribe.143~><~Game.2036~><~Scribe.144~> AE892F
<game> Adobim<~Controls.1~> 2 1 4 3 1 null
<game> Adobim<~Controls.1~> 2 3 6 1 4 null
<Adobim> 1 23BD7E
<game> Mirdain<~Controls.1~> 1 1 2 null
<game> Mirdain<~Controls.1~> 3 null
$Adobim<~Scribe.141~>015 014 013 012 <~Scribe.142~><~Game.1954~><~Scribe.143~><~Game.2037~><~Scribe.144~> 9A1FDC
$Mirdain<~Controls.304~>265 <~Controls.305~><~Game.1991~> FDA4FD
$Mirdain<~Controls.313~>269 <~Controls.307~><~Controls.314~><~Game.1991~> F0069A
<game> Adobim<~Controls.1~> 1 2 3 4 null
<Adobim> 1 FB17CE
<Adobim> press 23D309
$Mirdain<~Controls.304~>094 <~Controls.305~><~Game.1991~> A712D2
$Mirdain<~Controls.313~>268 <~Controls.307~><~Controls.314~><~Game.1991~> 3AC4C6
$Adobim<~Controls.304~>035 <~Controls.305~><~Game.1954~> 2A6FDE
$Adobim<~Controls.313~>029 <~Controls.307~><~Controls.314~><~Game.1954~> 8EAE3E
$Mirdain<~Scribe.141~>256 <~Scribe.142~><~Game.2002~><~Scribe.143~><~Game.2003~><~Scribe.144~> A387B1
$Adobim<~Controls.509~>205<~Controls.510~><~Game.2007~><~Controls.511~><~Controls.46~> null
$Adobim<~Controls.296~>015 014 013 012 <~Controls.297~><~Game.2037~> 682428
$Adobim<~Controls.296~>175 <~Controls.297~><~Game.2036~> C992B5
$Adobim<~Controls.840~>177 1B6D31
<Mirdain> nc 210747
$Adobim<~Scribe.141~>reveal 177 2AE94B476CCB8C7047B93F9403AF1BD1D4664B5A 18 <~Scribe.142~><~Controls.46~><~Scribe.143~><~Game.2036~><~Scribe.144~> 441FFE
<game> Adobim<~Controls.1~> 1 3 6 3 4 null
<game> Adobim<~Controls.1~> 6 1 4 5 null
<Adobim> 3 B769AF
<game> Mirdain<~Controls.1~> 1 1 3 null
<game> Mirdain<~Controls.1~> 2 null
$Adobim<~Controls.644~>103 177 <~Controls.645~><~Game.2035~> 706321
$Mirdain<~Controls.296~>098 268 269 088 <~Controls.297~><~Game.1991~> 99D6C9
$Mirdain<~HighlightLabel.86~>213<~HighlightLabel.87~><~Game.2042~><~HighlightLabel.88~><~Game.2035~> 382BCA
$Mirdain<~Scribe.141~>264 <~Scribe.142~><~Game.2038~><~Scribe.143~><~Game.1887~><~Scribe.144~> A659D4
$Mirdain<~Controls.644~>213 <~Controls.645~><~Game.2035~> 947C4D
$Adobim<~Scribe.141~>100 <~Scribe.142~><~Game.2043~><~Scribe.143~><~Game.2035~><~Scribe.144~> CD566B
$Adobim<~Controls.509~>171<~Controls.510~><~Game.2007~><~Controls.511~><~Controls.46~> null
$Adobim<~Controls.644~>100 <~Controls.645~><~Game.2035~> 39BBF4
$Mirdain<~HighlightLabel.86~>211<~HighlightLabel.87~><~Game.2042~><~HighlightLabel.88~><~Game.2035~> 9FE17A
$Mirdain<~Scribe.141~>267 <~Scribe.142~><~Game.2038~><~Scribe.143~><~Game.1887~><~Scribe.144~> B87A10
$Mirdain<~Controls.644~>211 <~Controls.645~><~Game.2035~> 8070C6
$Adobim<~Scribe.141~>101 <~Scribe.142~><~Game.2043~><~Scribe.143~><~Game.2035~><~Scribe.144~> 7F85E0
<Adobim> umbar 30E239
$Mirdain<~Scribe.141~>079 <~Scribe.142~><~Game.1932~><~Scribe.143~><~Game.26~><~Scribe.144~> FF8240
$Adobim<~Scribe.141~>020 019 018 017 <~Scribe.142~><~Game.1938~><~Scribe.143~><~Game.1932~><~Scribe.144~> 0E4F35
$Adobim<~Controls.644~>101 <~Controls.645~><~Game.2035~> 3A8F86
$Mirdain<~HighlightLabel.86~>210<~HighlightLabel.87~><~Game.2042~><~HighlightLabel.88~><~Game.2035~> A89064
$Mirdain<~Scribe.141~>095 089 264 267 086 <~Scribe.142~><~Game.1887~><~Scribe.143~><~Game.1889~><~Scribe.144~> C8745F
$Mirdain<~Controls.644~>210 <~Controls.645~><~Game.2035~> E9089E
$Adobim<~Scribe.141~>360 <~Scribe.142~><~Game.2043~><~Scribe.143~><~Game.2035~><~Scribe.144~> 88212B
$Adobim<~Scribe.141~>251 <~Scribe.142~><~Game.2011~><~Scribe.143~><~Game.2036~><~Scribe.144~> 1EC366
<Adobim> umbar 440B58
$Adobim<~Controls.840~>180 92DAD6
$Adobim<~Scribe.141~>251 <~Scribe.142~><~Game.2036~><~Scribe.143~><~Game.2034~><~Scribe.144~> FF35CD
<Mirdain> nc 28D984
$Adobim<~Scribe.141~>reveal 180 71C4E72F934F11804D1EFAF49543C379E815FCCB 23 <~Scribe.142~><~Controls.46~><~Scribe.143~><~Game.2036~><~Scribe.144~> 27399D
<game> Mirdain<~Controls.1~> 3 null
$Mirdain<~Controls.296~>079 <~Controls.297~><~Game.26~> B5AA36
$Adobim<~Scribe.141~>079 <~Scribe.142~><~Game.26~><~Scribe.143~><~Game.2037~><~Scribe.144~> 07F3BE
$Adobim<~Controls.644~>360 180 079 <~Controls.645~><~Game.2035~> 49C073
$Adobim<~Controls.296~>251 <~Controls.297~><~Game.2034~> EDFB2D
$Mirdain<~HighlightLabel.86~>358<~HighlightLabel.87~><~Game.2042~><~HighlightLabel.88~><~Game.2035~> 20FD02
$Mirdain<~Controls.366~>250<~Controls.367~><~Game.2009~><~Controls.368~><~Game.2011~> 72D241
$Mirdain changes 358  to H 1B432E
<Mirdain> shire 9242AC
$Mirdain<~Controls.840~>110 A26FDF
<Adobim> nc 16B6D4
<auto><~Controls.3~>reveal 110 071A11DA0242DF74B979651AA7B1C420F16673DF 10<~Controls.884~><~Controls.45~><~Controls.885~><~Game.2037~> C1C8E7
<game> Mirdain<~Controls.1~> 2 6 5 2 null
<game> Adobim<~Controls.1~> 6 4 3 5 null
<game> Mirdain<~Controls.1~> 6 null
<Mirdain> 2 90878F
<Adobim> 2 6CC5D1
$Adobim<~Scribe.141~>331 330 <~Scribe.142~><~Game.1890~><~Scribe.143~><~Game.2037~><~Scribe.144~> 9706CC
$Mirdain<~Controls.304~>264 <~Controls.305~><~Game.1889~> B4CF58
$Mirdain<~Controls.313~>268 <~Controls.308~><~Controls.314~><~Game.1889~> E18352
<Mirdain> press D870D8
<Adobim> wait did you take 2? 8B284D
<Mirdain> no 4E3B8B
<Mirdain> take 1 46A747
<Adobim> ah 2B1DF0
<Adobim> shield wall C2EEF8
$Adobim<~Scribe.141~>327 328 <~Scribe.142~><~Game.1890~><~Scribe.143~><~Game.1885~><~Scribe.144~> D98816
<Mirdain> yes) 50439F
$Adobim<~Scribe.141~>327 328 <~Scribe.142~><~Game.1885~><~Scribe.143~><~Game.1884~><~Scribe.144~> 02BDA4
$Mirdain<~Scribe.141~>267 268 <~Scribe.142~><~Game.1889~><~Scribe.143~><~Game.1890~><~Scribe.144~> F2DFA8
$Mirdain<~Controls.644~>358 110 331 330 <~Controls.645~><~Game.2035~> 74E1C9
<game> Adobim<~Controls.397~> 
<~Talker.31~> null
$Adobim sendTokens FREE_PEOPLE.CA07214B1FEEBB03BAF5A16AF28F3434D173B174 6680EE7F59658A5143C4E87AFD73EB9F 24 93BEB5DECFF4DC666ABE838397F4D5D2F6A42242 58793A470B331CB922F955E1330F48F4 21EF6A76F7F1DD21D90B942DAD80A51FC9755B07 9D8F7F31CD6A6EF6426BE821A16A584B F63243024ADEAC6DFAAE37365F7A4B7D06A7EAA3 580EA7D387FE051ECFCA76C46449B840 6F700A409CC1A83B8210C5B1EA0F2299BBFADD74 496764389598A240F4C23B92C8A0E517 465275968856E3DF63A4F037DA19EB7D5AD73214 62F7F2BCCB4618778E62D950E9E4B50A D6B1996765F50BC3FB3682DCF3B6BBAA91C5A571 9B0013BBBA51EAB221DC5D1C9CFBC06E BDA48AE2B4E20EFE15724B960C5CEDE7412FECCD 02EDFB2F31C425AA0FD1BF8E8FF9CD9C 0692834300E684853982CD5F289267E0181A8597 152FC78C0667DE3F069CF797AE0D6CE7 C1C5A0B01A403193B1FD15E5384FA4EB43FC9891 535338D116359937BA4E3EF2C83EA4AB 7CB0D95AAC2C73906D417D4E2619873F178E9CCE 1017FC62898B1B6DD456528172DF5636 2E5B1FCEE3C16E3503086DEF6FEA209980A8268F 8898C13A5A9AC65329FE2CE52BDCA194 316A54C5D90ACC35B5817144569483128E8FEA6E 37F42DCB16D91A0D2E3A93C7C047DB8B D41817DD242264E41CEF0C8470C9CD2F0375ADA4 67E3DBD4E38377DDAB7E9F53F2C97DA8 CF565E0AE0C0585A7670A7A82260A1D086129DC8 0A309E63C364E654AF87092E55D41A39 E7930622EDE375B39C232891F3E7750430BE04A6 C91155BD1A6D04D8C34ECCB77AC140ED 88C2C43CCEFA974942EFEDC0254496CA60451669 5CC813B76DE31BC7629F1962504281DE BD39D343FDC5B8AAFE606090F2A141EBAC020F9A 1C0755E36C298DC7A8FE8D15C7BDA6D5 808BF8D0A1A16DF3A05B7070C38ACF106C8983A8 D605D260315EEF6948DA8ECEB586ED5D 02C04E86D87251AEEB4E9F25581BA5FC2CAF58D2 E14A79D6CA6022CEC332E870FD0B0086 08C66A73281502F2387FA8F369B119E367CA56C6 72823FCBF4F61F02D6345EC4ED66C348 F78C4FD4194F8E05C39B8E8F289F6EF66F3FF6C9 2EF75509291CF2B033763A8EE8EBF360 C5E9F0EFD0977097140D246477C45DED9DA7834B 0080F7F0DDBC109974C923C844A16788 DF84D88F0C86D631553528F8E699802748C14DAC 2CF7B5700362C9FC4CDD0A3675C0C6C0 A3133FD807B9F53826A3A73E9E365C32C80CD0FF A48E3F05D5907768FF1AE5B26AA5E88D 24 47652E4F8E81DE8CE34A6990C346053736826FF1 9A95347AD5E27C59137892C937D005F4 5AC8B35ADE30C0EBF9BD659235F1D446787FA1D1 56831BCE0E1A5462472FE2DBF3DCD56B 9DEAA245FC96852FD463BD38260B4B9C148C27B4 485B0A4E9FB50ABCC49475B0E395BACE 5ECC227B6500DF44426306065FA12DCD531E7543 60BE79C779CA20F092797FB0D78387DB F1E7334BB71BCE0BA4C1941FBCF62958373D2FBA 9D3D27316724878F4DD2510BD4A08763 44525199DEB1057C3445158C6138485CC4E4C8A5 E4C131DC4EF36F30179592F6F2105955 C2B8F1A6C267E85A2F47FB570E4D29D9B2F26888 121DF4A5B688261DD0020C22870551C2 DCE7C76D4FC12F1108A320D89509EF43082E6F8C 5418CF9E88E966EE84CF9B74852E9811 523FA2F314892F45182483FC79886A6F6C4976AC B593559B1938F67325DE0738205E52EC 7AF9A2A3746401DF5AF902922BDBCBBB6B71E048 F88A6271663AC9CA7983B6E2B3422AFE 4A6FDB25C69DAAECC0A8574F3D2E1A04C8444565 A713CA92A18016D15584B3CBE45AC487 E457B62CF45C90BF0A39443C6AD3D1D03EC345AF 6BA8D3F8ECEF85920B434AD605882A73 4855340E7F433FD60A2774279F96AE4558FC54DC 9E55BD2763B5871120D010CABDE2733F 03D9710A6517A2B12B6CA030DD70CF1A3D310C9A 1E9B6C8D60E5F88A42D2C6D1E7B502B7 E259B63FC05907C5070DC989FF1AC12E7D3326D2 64176BCBF94ADC06787926EAB9C3EC24 BDC85BA5BE9EE4BE23E3965C29FAF91B0613413E D44F9A17CD2B52909BF1F4C02939C030 7449F04D5846B10E8BCE60C6FD6DB2A18D3BB765 562AEBD9000462A0040883378BF319DE ED987ED25E2CC656055129365499E50CFA7E354F 24EC1AED837ED53E86F8A5F17EFCA77D 8CA20C2F67528E92BB4EA12F83B905BC1707B69D E5D14066982D94BA9E953BCE09607DE1 A8B8879A466CF136345C20D826E19F24ADF7E850 FB9414D095C7E303E93FCC0700C14A7D 91FE90E2BB0A83D6ECDB9725199EC9344251C69D 1872873CE7EBE80ED56010EEAC4F6186 8FA5D62542CDB6F29FE002044FFA273A6CC8CAB8 1785CE2659B400E09B5C4683AA069CCD 50789823F689BC3B6BAE73D89D81F843FBD1F9B6 098E96A296964B2E6C2FA1D51352A538 83DA36CA7C77D8AA2735E733EE41283E1180AC87 8D7306E0EC5946D7EA29E72CDD84CD1E 0 0 
$Adobim sendTokens SHADOW.66104EE70748CA0F665BEB7B569ED286C219CF04 C26690C583D519678E76E71F293B81FA 24 4569E82440A30FBE509E739470C9A81BB8F50189 0CAD1F5F53AFC1CCFA408ACE68203C4C 9D5410247DB907532F60E30736A757FBFC888125 DA17A3E35F8B70D44AC93C6F5D08D193 2697EACAEE1CBE234261A95B48DD2FFC8AB09EAD AFA84B98661A3C43C63C896EAB54904F 7AF8F952A7E90EE46B4F6A747F6347A086F87C7D 1E3988E7423FDC4B8333602E452EFE0F 245B38DABAFD576B7DE0BEAA91E4CB90C3F70A9E D87F4DF5A5C9867D08E754594421BD98 69F26EA2F1A7F943E990DA194357369D122D6679 E6E16AEA05A8BFED33AF1362F9216674 CDBC12F74583065FDB27F0B8D3908D338C30B122 32948402D4C4A5435DE9C865464F331B 88ABCE6A033292514B940FCDDDCF16D46F27F5E8 4BD1CF6AF402142FBCADECDA2906E454 0AE2EC321F626BFC3D03030059588CC37D6B0FA0 6827363E6A0D71DF09F7496E991A9685 5E44F0B8609D339C8EB2C2D6B5FE12E9C9F8224C AD2251A251EE7F6462205E649549B9B4 1C2970ECF0DDCDE843FA5D0F03F8ED7C6BF82870 ADD7FFF710A12EE271DD971F7938FF41 37ED8DCCDDA8FCDB6A0BE6AF1D0540AC63FCBEC2 2F126CBECF137FF6CC10CBCA92957BE7 6E178A3EC50C0FC51A2F58EC7FB5AD701CEDAB64 352C6DB8264C7A219E24A1FCF52D4D2F 4C39829A4278116316A303152B8699F7D876E446 39D192E617A3E4E187C923BB8C0C624F 1966D7CCC58379053F375E8B4BEA223BB64917EA B931024C3E4C6539C13FFAFF71F6752C 5E5FCC3280DD00FED237485C743684819EC77164 F66AF44D469C4287838ECF8C7ED88B67 D8B0BC13866FE007058CF2275552734E99D3B756 F7264DE59FC2F7F4A94DDAF524FA17F4 2B03EA695E079F1E6A15E8FE52BB465AA85A8492 D4B8AC2B6DEAFFD294E5E49C7B091A02 9E3F0EC43C16372207C6C1934B42E24B07E61015 3039D1E9C3F67D394E69BF639B54C393 37374F27027B87000057642FCBC851345D11ED5A 06674E58104E2777F26EF2FF29C43603 BE26AB2626F151CEFEF2F7AB012442860DD5E6EB A950DCE5D9684B744A8A1C95346BB5FF 09BD927EE21C96737C227000CFD13AD0F7F43707 0509F97BA8173947B94DDAF541C0632B 57BBF6A4357E8299D6F9C755AB4CCE77B1D8A22D 2AED99D344B4DD155BF5B22EA4D300E1 B9E03A3FC835A1034E8C46B086F9E5C5919DC6BD 0B3E6D2C21B289C56A2082B91117AAB4 24 D53E7A0A030B0EC6A59C1BA8DE70172FFA060773 8212F55919428958E33C797C728A5BC1 8C85E7597FAA47EB7542B7CEA03C81E6C62091FE 96E5D0165CFDF698698959FCFA61859F CEA4CD0583408019CBF7DED13E67BED5050A61FF 00451BE8A5CB196C68D1318879790D25 CF99C13803CB2C88727332602C208338190D2BEE EB631555AE78FEF07C47F99BF128A48D 025D95E2EF980680B072F0A9AB9397CFB5AD943F FC95B29AE6AC1023142213E96A4EB9F8 42266BA62DC91D9FEE2403086E09E3C948F89194 91F6315B603D7ED552DE5CE602A1D7F1 DF6257C83B034E1AC308663B73113C1E89A07180 4CC014A80D076B69354D232747A1F9F5 C08BED05EBD4A91E330AC8247FE56B4DDAD3B882 D218A47C2DC9AAFEFACE780FC8BACC2D 8162432BE7D498F16CDFB2DEA2E74F1B65722AA5 CF5421A902B31920BE60297FE96A0C47 F1EE47FED8434D595A3F64C3A1A15C4F98633E1C 3DF8E7E6C798031968602F51F78068EF 530C74AE7089CEED7BE541A94EBE906EE4CC2416 E6F67874DF039573C52A56CE7CCB06BF AA84B932EE1702ED1CDD9F6420809FC7AE90CFBE 27F9DA1151925048F3F7E58CD3C6E1C0 60C3AA0C402A98406EBD77F3CC48288FD0C04FE6 F5A8336A74593667039A066FFE204B71 0FB94FEDB6731C54CC608F86552B80D50B5FA41B 254B3A13E63FF253DA013D2CB626F247 B14083F74975B978F61A593FE5832B48B8BD6897 E72864FEC282411A57AE41DAC36D3B50 94086B7C3EEEAA325AEC8AD408291A1A95229B26 938DAFF611DA0E26BA69AC6C8E50B821 9E2A22C9BF941480CAAA9B7630833CB4BA287C35 A85CFA0880F0C73E43F9D3F3F30E62C0 CA7964E137C140833F452748E2DA6E1C5655A700 10841D385322662E19A306385CA825A2 6404A8365CF42E76DFD26103E83A42EA17895DC6 A8CED6E19AB7CF556DAE2A010BC38ABA 581E5D66661EE162D92F905D73733A60C89EAB65 00DB1EC2A10DD6C8DF41242AB63411FF 7DD33949ACCDB2F6D3FFF549D146623CB99F9141 5E3A2198AC6368872044506D5800862C 201FB682F88024C163F3E61221A94D7320A399BE 09FCE85EE33EDAFED8223A6A45DD4998 AF81EC3751D344308BFC3B6CA5C427D5C13687AE C32834A48B999758C9A3ACA67F9B90C5 0AB05E32D2CD5C07E71B2538AC7CA0DBBAD00312 96F2045E765190DA33249C8C48F9411F 0 0 
$Adobim<~Controls.479~>66104EE70748CA0F665BEB7B569ED286C219CF04 C26690C583D519678E76E71F293B81FA 24 4569E82440A30FBE509E739470C9A81BB8F50189 0CAD1F5F53AFC1CCFA408ACE68203C4C 9D5410247DB907532F60E30736A757FBFC888125 DA17A3E35F8B70D44AC93C6F5D08D193 2697EACAEE1CBE234261A95B48DD2FFC8AB09EAD AFA84B98661A3C43C63C896EAB54904F 7AF8F952A7E90EE46B4F6A747F6347A086F87C7D 1E3988E7423FDC4B8333602E452EFE0F 245B38DABAFD576B7DE0BEAA91E4CB90C3F70A9E D87F4DF5A5C9867D08E754594421BD98 69F26EA2F1A7F943E990DA194357369D122D6679 E6E16AEA05A8BFED33AF1362F9216674 CDBC12F74583065FDB27F0B8D3908D338C30B122 32948402D4C4A5435DE9C865464F331B 88ABCE6A033292514B940FCDDDCF16D46F27F5E8 4BD1CF6AF402142FBCADECDA2906E454 0AE2EC321F626BFC3D03030059588CC37D6B0FA0 6827363E6A0D71DF09F7496E991A9685 5E44F0B8609D339C8EB2C2D6B5FE12E9C9F8224C AD2251A251EE7F6462205E649549B9B4 1C2970ECF0DDCDE843FA5D0F03F8ED7C6BF82870 ADD7FFF710A12EE271DD971F7938FF41 37ED8DCCDDA8FCDB6A0BE6AF1D0540AC63FCBEC2 2F126CBECF137FF6CC10CBCA92957BE7 6E178A3EC50C0FC51A2F58EC7FB5AD701CEDAB64 352C6DB8264C7A219E24A1FCF52D4D2F 4C39829A4278116316A303152B8699F7D876E446 39D192E617A3E4E187C923BB8C0C624F 1966D7CCC58379053F375E8B4BEA223BB64917EA B931024C3E4C6539C13FFAFF71F6752C 5E5FCC3280DD00FED237485C743684819EC77164 F66AF44D469C4287838ECF8C7ED88B67 D8B0BC13866FE007058CF2275552734E99D3B756 F7264DE59FC2F7F4A94DDAF524FA17F4 2B03EA695E079F1E6A15E8FE52BB465AA85A8492 D4B8AC2B6DEAFFD294E5E49C7B091A02 9E3F0EC43C16372207C6C1934B42E24B07E61015 3039D1E9C3F67D394E69BF639B54C393 37374F27027B87000057642FCBC851345D11ED5A 06674E58104E2777F26EF2FF29C43603 BE26AB2626F151CEFEF2F7AB012442860DD5E6EB A950DCE5D9684B744A8A1C95346BB5FF 09BD927EE21C96737C227000CFD13AD0F7F43707 0509F97BA8173947B94DDAF541C0632B 57BBF6A4357E8299D6F9C755AB4CCE77B1D8A22D 2AED99D344B4DD155BF5B22EA4D300E1 B9E03A3FC835A1034E8C46B086F9E5C5919DC6BD 0B3E6D2C21B289C56A2082B91117AAB4 24 D53E7A0A030B0EC6A59C1BA8DE70172FFA060773 8212F55919428958E33C797C728A5BC1 8C85E7597FAA47EB7542B7CEA03C81E6C62091FE 96E5D0165CFDF698698959FCFA61859F CEA4CD0583408019CBF7DED13E67BED5050A61FF 00451BE8A5CB196C68D1318879790D25 CF99C13803CB2C88727332602C208338190D2BEE EB631555AE78FEF07C47F99BF128A48D 025D95E2EF980680B072F0A9AB9397CFB5AD943F FC95B29AE6AC1023142213E96A4EB9F8 42266BA62DC91D9FEE2403086E09E3C948F89194 91F6315B603D7ED552DE5CE602A1D7F1 DF6257C83B034E1AC308663B73113C1E89A07180 4CC014A80D076B69354D232747A1F9F5 C08BED05EBD4A91E330AC8247FE56B4DDAD3B882 D218A47C2DC9AAFEFACE780FC8BACC2D 8162432BE7D498F16CDFB2DEA2E74F1B65722AA5 CF5421A902B31920BE60297FE96A0C47 F1EE47FED8434D595A3F64C3A1A15C4F98633E1C 3DF8E7E6C798031968602F51F78068EF 530C74AE7089CEED7BE541A94EBE906EE4CC2416 E6F67874DF039573C52A56CE7CCB06BF AA84B932EE1702ED1CDD9F6420809FC7AE90CFBE 27F9DA1151925048F3F7E58CD3C6E1C0 60C3AA0C402A98406EBD77F3CC48288FD0C04FE6 F5A8336A74593667039A066FFE204B71 0FB94FEDB6731C54CC608F86552B80D50B5FA41B 254B3A13E63FF253DA013D2CB626F247 B14083F74975B978F61A593FE5832B48B8BD6897 E72864FEC282411A57AE41DAC36D3B50 94086B7C3EEEAA325AEC8AD408291A1A95229B26 938DAFF611DA0E26BA69AC6C8E50B821 9E2A22C9BF941480CAAA9B7630833CB4BA287C35 A85CFA0880F0C73E43F9D3F3F30E62C0 CA7964E137C140833F452748E2DA6E1C5655A700 10841D385322662E19A306385CA825A2 6404A8365CF42E76DFD26103E83A42EA17895DC6 A8CED6E19AB7CF556DAE2A010BC38ABA 581E5D66661EE162D92F905D73733A60C89EAB65 00DB1EC2A10DD6C8DF41242AB63411FF 7DD33949ACCDB2F6D3FFF549D146623CB99F9141 5E3A2198AC6368872044506D5800862C 201FB682F88024C163F3E61221A94D7320A399BE 09FCE85EE33EDAFED8223A6A45DD4998 AF81EC3751D344308BFC3B6CA5C427D5C13687AE C32834A48B999758C9A3ACA67F9B90C5 0AB05E32D2CD5C07E71B2538AC7CA0DBBAD00312 96F2045E765190DA33249C8C48F9411F 0 0 FAC290
$Mirdain<~Controls.464~>CA07214B1FEEBB03BAF5A16AF28F3434D173B174 6680EE7F59658A5143C4E87AFD73EB9F 24 93BEB5DECFF4DC666ABE838397F4D5D2F6A42242 58793A470B331CB922F955E1330F48F4 21EF6A76F7F1DD21D90B942DAD80A51FC9755B07 9D8F7F31CD6A6EF6426BE821A16A584B F63243024ADEAC6DFAAE37365F7A4B7D06A7EAA3 580EA7D387FE051ECFCA76C46449B840 6F700A409CC1A83B8210C5B1EA0F2299BBFADD74 496764389598A240F4C23B92C8A0E517 465275968856E3DF63A4F037DA19EB7D5AD73214 62F7F2BCCB4618778E62D950E9E4B50A D6B1996765F50BC3FB3682DCF3B6BBAA91C5A571 9B0013BBBA51EAB221DC5D1C9CFBC06E BDA48AE2B4E20EFE15724B960C5CEDE7412FECCD 02EDFB2F31C425AA0FD1BF8E8FF9CD9C 0692834300E684853982CD5F289267E0181A8597 152FC78C0667DE3F069CF797AE0D6CE7 C1C5A0B01A403193B1FD15E5384FA4EB43FC9891 535338D116359937BA4E3EF2C83EA4AB 7CB0D95AAC2C73906D417D4E2619873F178E9CCE 1017FC62898B1B6DD456528172DF5636 2E5B1FCEE3C16E3503086DEF6FEA209980A8268F 8898C13A5A9AC65329FE2CE52BDCA194 316A54C5D90ACC35B5817144569483128E8FEA6E 37F42DCB16D91A0D2E3A93C7C047DB8B D41817DD242264E41CEF0C8470C9CD2F0375ADA4 67E3DBD4E38377DDAB7E9F53F2C97DA8 CF565E0AE0C0585A7670A7A82260A1D086129DC8 0A309E63C364E654AF87092E55D41A39 E7930622EDE375B39C232891F3E7750430BE04A6 C91155BD1A6D04D8C34ECCB77AC140ED 88C2C43CCEFA974942EFEDC0254496CA60451669 5CC813B76DE31BC7629F1962504281DE BD39D343FDC5B8AAFE606090F2A141EBAC020F9A 1C0755E36C298DC7A8FE8D15C7BDA6D5 808BF8D0A1A16DF3A05B7070C38ACF106C8983A8 D605D260315EEF6948DA8ECEB586ED5D 02C04E86D87251AEEB4E9F25581BA5FC2CAF58D2 E14A79D6CA6022CEC332E870FD0B0086 08C66A73281502F2387FA8F369B119E367CA56C6 72823FCBF4F61F02D6345EC4ED66C348 F78C4FD4194F8E05C39B8E8F289F6EF66F3FF6C9 2EF75509291CF2B033763A8EE8EBF360 C5E9F0EFD0977097140D246477C45DED9DA7834B 0080F7F0DDBC109974C923C844A16788 DF84D88F0C86D631553528F8E699802748C14DAC 2CF7B5700362C9FC4CDD0A3675C0C6C0 A3133FD807B9F53826A3A73E9E365C32C80CD0FF A48E3F05D5907768FF1AE5B26AA5E88D 24 47652E4F8E81DE8CE34A6990C346053736826FF1 9A95347AD5E27C59137892C937D005F4 5AC8B35ADE30C0EBF9BD659235F1D446787FA1D1 56831BCE0E1A5462472FE2DBF3DCD56B 9DEAA245FC96852FD463BD38260B4B9C148C27B4 485B0A4E9FB50ABCC49475B0E395BACE 5ECC227B6500DF44426306065FA12DCD531E7543 60BE79C779CA20F092797FB0D78387DB F1E7334BB71BCE0BA4C1941FBCF62958373D2FBA 9D3D27316724878F4DD2510BD4A08763 44525199DEB1057C3445158C6138485CC4E4C8A5 E4C131DC4EF36F30179592F6F2105955 C2B8F1A6C267E85A2F47FB570E4D29D9B2F26888 121DF4A5B688261DD0020C22870551C2 DCE7C76D4FC12F1108A320D89509EF43082E6F8C 5418CF9E88E966EE84CF9B74852E9811 523FA2F314892F45182483FC79886A6F6C4976AC B593559B1938F67325DE0738205E52EC 7AF9A2A3746401DF5AF902922BDBCBBB6B71E048 F88A6271663AC9CA7983B6E2B3422AFE 4A6FDB25C69DAAECC0A8574F3D2E1A04C8444565 A713CA92A18016D15584B3CBE45AC487 E457B62CF45C90BF0A39443C6AD3D1D03EC345AF 6BA8D3F8ECEF85920B434AD605882A73 4855340E7F433FD60A2774279F96AE4558FC54DC 9E55BD2763B5871120D010CABDE2733F 03D9710A6517A2B12B6CA030DD70CF1A3D310C9A 1E9B6C8D60E5F88A42D2C6D1E7B502B7 E259B63FC05907C5070DC989FF1AC12E7D3326D2 64176BCBF94ADC06787926EAB9C3EC24 BDC85BA5BE9EE4BE23E3965C29FAF91B0613413E D44F9A17CD2B52909BF1F4C02939C030 7449F04D5846B10E8BCE60C6FD6DB2A18D3BB765 562AEBD9000462A0040883378BF319DE ED987ED25E2CC656055129365499E50CFA7E354F 24EC1AED837ED53E86F8A5F17EFCA77D 8CA20C2F67528E92BB4EA12F83B905BC1707B69D E5D14066982D94BA9E953BCE09607DE1 A8B8879A466CF136345C20D826E19F24ADF7E850 FB9414D095C7E303E93FCC0700C14A7D 91FE90E2BB0A83D6ECDB9725199EC9344251C69D 1872873CE7EBE80ED56010EEAC4F6186 8FA5D62542CDB6F29FE002044FFA273A6CC8CAB8 1785CE2659B400E09B5C4683AA069CCD 50789823F689BC3B6BAE73D89D81F843FBD1F9B6 098E96A296964B2E6C2FA1D51352A538 83DA36CA7C77D8AA2735E733EE41283E1180AC87 8D7306E0EC5946D7EA29E72CDD84CD1E 0 0 6E98EF
$Adobim<~Controls.276~>099<~Controls.277~><~Game.2043~><~Controls.278~><~Game.2035~> CD9EA0
$Adobim<~Scribe.141~>255 <~Scribe.142~><~Game.2040~><~Scribe.143~><~Game.1917~><~Scribe.144~> E39F87
$Mirdain<~Scribe.141~>422 <~Scribe.142~><~Game.31~><~Scribe.143~><~Game.29~><~Scribe.144~> CFE487
$Adobim<~Scribe.141~>362 <~Scribe.142~><~Game.2040~><~Scribe.143~><~Game.2037~><~Scribe.144~> 7D34FF
$Adobim<~Controls.644~>099 362 <~Controls.645~><~Game.2035~> D73155
$Adobim<~Controls.731~>358 210 211 213 212 <~Controls.732~><~Game.2039~><~Controls.733~><~Game.2042~> 1DC99F
$Adobim<~Controls.757~>104 361 105 <~Controls.758~><~Game.1997~><~Controls.759~><~Game.2043~> 719B1C
<~Game.7~>8 null
$Adobim<~Controls.762~>099 362 360 101 100 103 102 <~Controls.763~><~Game.2041~><~Controls.764~><~Game.2043~> BCDEFB
$Adobim<~Controls.509~>193<~Controls.510~><~Game.2006~><~Controls.511~><~Controls.46~> null
$Adobim<~Controls.509~>172<~Controls.510~><~Game.2007~><~Controls.511~><~Controls.46~> null
$Mirdain<~Scribe.141~>252 <~Scribe.142~><~Game.2015~><~Scribe.143~><~Game.2016~><~Scribe.144~> AEDE04
$Adobim<~Controls.296~>207 <~Controls.297~><~Controls.46~> FCB399
$Mirdain<~Controls.509~>148<~Controls.510~><~Game.2004~><~Controls.511~><~Controls.45~> null
$Mirdain<~Controls.509~>113<~Controls.510~><~Game.2005~><~Controls.511~><~Controls.45~> null
$Mirdain<~Controls.281~>148 <~Controls.282~><~Controls.45~><~Controls.283~><~Game.2039~> 353ECF
<Adobim> 0 eyes DC7B66
<Adobim> ready? 7063EB
<Mirdain> yes 1AA7BC
$Adobim<~Controls.345~>099 362 360 101 100 103 102 104 361 105 <~Controls.346~>13 11 12 12 10 13 15 14 14 13 null
$Adobim<~Controls.350~>099 362 360 101 100 103 102 104 361 105 null
$Mirdain<~Controls.345~>358 210 211 213 212 <~Controls.346~>1 4 4 3 3 null
$Mirdain<~HighlightLabel.86~>358<~HighlightLabel.87~><~Game.2042~><~HighlightLabel.88~><~Game.2035~> 777FF0
$Mirdain<~Controls.790~>247<~Controls.791~><~Game.524~><~Controls.792~><~Game.525~> 00E683
$Mirdain<~Controls.795~>358<~Controls.796~><~Game.2035~><~Controls.797~><~Game.1997~> 984406
$Adobim<~Controls.624~>225<~Controls.625~><~Game.2044~><~Controls.626~><~Game.2037~> null
<Mirdain> random EB12DD
$Adobim<~Controls.637~>241<~Controls.638~><~Game.1999~><~Controls.639~><~Game.2036~> null
$Mirdain<~Scribe.141~>244 <~Scribe.142~><~Game.1998~><~Scribe.143~><~Game.1999~><~Scribe.144~> CD914B
$Mirdain<~Controls.644~>241 225 <~Controls.645~><~Game.2035~> 8DD2DC
$Adobim<~Scribe.141~>360 <~Scribe.142~><~Game.2043~><~Scribe.143~><~Game.2035~><~Scribe.144~> D1A83A
$Adobim<~Scribe.141~>423 <~Scribe.142~><~Game.389~><~Scribe.143~><~Game.391~><~Scribe.144~> 4A0608
$Adobim<~Scribe.141~>020 019 018 017 <~Scribe.142~><~Game.1932~><~Scribe.143~><~Game.1938~><~Scribe.144~> 967FF4
$Adobim<~Scribe.141~>055 057 049 048 047 046 <~Scribe.142~><~Game.1920~><~Scribe.143~><~Game.1924~><~Scribe.144~> 6C9575
$Adobim<~Scribe.141~>046 <~Scribe.142~><~Game.1924~><~Scribe.143~><~Game.1920~><~Scribe.144~> D75696
$Adobim<~Controls.644~>360 <~Controls.645~><~Game.2035~> C4624B
<Mirdain> pass 0BA77B
$Adobim<~Scribe.141~>101 <~Scribe.142~><~Game.2043~><~Scribe.143~><~Game.2035~><~Scribe.144~> C6F138
$Adobim<~Scribe.141~>055 057 049 048 047 <~Scribe.142~><~Game.1924~><~Scribe.143~><~Game.1931~><~Scribe.144~> C2FB73
$Adobim<~Scribe.141~>020 019 018 017 <~Scribe.142~><~Game.1938~><~Scribe.143~><~Game.1943~><~Scribe.144~> 05A42A
$Adobim<~Controls.644~>101 <~Controls.645~><~Game.2035~> E2CA7A
$Mirdain<~HighlightLabel.86~>213<~HighlightLabel.87~><~Game.2042~><~HighlightLabel.88~><~Game.2035~> 834FA5
$Mirdain<~Scribe.141~>276 <~Scribe.142~><~Game.2038~><~Scribe.143~><~Game.1944~><~Scribe.144~> F6DE84
$Mirdain<~Controls.644~>213 <~Controls.645~><~Game.2035~> BF81F4
$Adobim<~Scribe.141~>362 <~Scribe.142~><~Game.2043~><~Scribe.143~><~Game.2035~><~Scribe.144~> CA8524
$Adobim<~Scribe.141~>055 057 049 048 047 041 <~Scribe.142~><~Game.1931~><~Scribe.143~><~Game.1943~><~Scribe.144~> 842B11
$Adobim<~Scribe.141~>418 <~Scribe.142~><~Game.2040~><~Scribe.143~><~Game.1931~><~Scribe.144~> 014543
$Adobim<~Scribe.141~>327 328 <~Scribe.142~><~Game.1884~><~Scribe.143~><~Game.1886~><~Scribe.144~> 48DE3D
$Adobim<~Controls.644~>362 <~Controls.645~><~Game.2035~> 24365D
$Mirdain<~HighlightLabel.86~>212<~HighlightLabel.87~><~Game.2042~><~HighlightLabel.88~><~Game.2035~> 4D6774
$Mirdain<~Scribe.141~>275 <~Scribe.142~><~Game.2038~><~Scribe.143~><~Game.1944~><~Scribe.144~> C9058B
$Mirdain<~Controls.644~>212 <~Controls.645~><~Game.2035~> 060FB2
$Adobim<~Scribe.141~>105 <~Scribe.142~><~Game.2043~><~Scribe.143~><~Game.2035~><~Scribe.144~> B75D84
$Adobim<~Controls.819~> F69754
$Adobim<~Scribe.141~>100 <~Scribe.142~><~Game.2043~><~Scribe.143~><~Game.2035~><~Scribe.144~> 6992FB
$Adobim<~Controls.323~>255 AEF53D
<Adobim> mt 6B9F45
$Mirdain<~Controls.281~>081 <~Controls.282~><~Game.1944~><~Controls.283~><~Game.2038~> DC46A2
$Mirdain<~Scribe.141~>085 275 276 084 083 082 <~Scribe.142~><~Game.1944~><~Scribe.143~><~Game.1994~><~Scribe.144~> 9893C9
$Adobim<~Scribe.141~>055 057 049 048 047 041 020 019 018 017 <~Scribe.142~><~Game.1943~><~Scribe.143~><~Game.1944~><~Scribe.144~> 362036
$Adobim<~Controls.644~>100 <~Controls.645~><~Game.2035~> FD7126
<Mirdain> pass C29EDC
$Adobim<~Scribe.141~>104 <~Scribe.142~><~Game.2043~><~Scribe.143~><~Game.2035~><~Scribe.144~> 986AF5
$Adobim<~Scribe.141~>reveal 167 1521CFFE15AFC03C8D5892E0F8460237B9FB8999 3 <~Scribe.142~><~Controls.46~><~Scribe.143~><~Game.2036~><~Scribe.144~> 9EA5B2
$Adobim<~Controls.281~>236 <~Controls.282~><~Game.2046~><~Controls.283~><~Game.2044~> 5D2D79
$Adobim<~Controls.509~>176<~Controls.510~><~Game.2007~><~Controls.511~><~Controls.46~> null
$Adobim<~Controls.644~>104 167 <~Controls.645~><~Game.2035~> C295D3
<Mirdain> pass 6B7AAC
$Adobim<~Scribe.141~>103 <~Scribe.142~><~Game.2043~><~Scribe.143~><~Game.2035~><~Scribe.144~> 595353
$Adobim<~Scribe.141~>253 040 038 039 <~Scribe.142~><~Game.1954~><~Scribe.143~><~Game.1944~><~Scribe.144~> 5D86A1
$Adobim<~Scribe.141~>037 <~Scribe.142~><~Game.1967~><~Scribe.143~><~Game.1886~><~Scribe.144~> 787FF8
$Adobim<~Scribe.141~>255 <~Scribe.142~><~Game.1917~><~Scribe.143~><~Game.1937~><~Scribe.144~> E56B03
$Adobim<~Controls.644~>103 <~Controls.645~><~Game.2035~> 3F239D
$Mirdain<~HighlightLabel.86~>211<~HighlightLabel.87~><~Game.2042~><~HighlightLabel.88~><~Game.2035~> 13D6EA
$Mirdain<~Scribe.141~>080 <~Scribe.142~><~Game.1942~><~Scribe.143~><~Game.1943~><~Scribe.144~> AB07FA
$Mirdain<~Scribe.141~>095 089 086 <~Scribe.142~><~Game.1889~><~Scribe.143~><~Game.1887~><~Scribe.144~> C5D3D6
$Mirdain<~Controls.644~>211 <~Controls.645~><~Game.2035~> 4E3D5F
$Adobim<~Scribe.141~>099 <~Scribe.142~><~Game.2043~><~Scribe.143~><~Game.2035~><~Scribe.144~> FD8C56
<Adobim> MT 3A8A2B
$Adobim<~Controls.840~>205 C5C431
$Mirdain<~Controls.840~>145 B0FBF6
<auto> playchosen 6D25DD
<auto><~Controls.3~>reveal 145 0F213C1D0EFC101467A1ECD5B83EB1C47F11EBBC 13<~Controls.884~><~Controls.45~><~Controls.885~><~Game.2037~> B72DD8
<auto> playchosen 6B9CAF
<auto><~Controls.888~>reveal 205 0F88010877BC718F83137DF6AE74E64C9DC4A5D2 11<~Controls.889~><~Controls.46~><~Controls.890~><~Game.2036~> 406C35
<game> Adobim<~Controls.1~> 6 4 4 4 4 null
<game> Adobim<~Controls.1~> 5 6 2 3 2 null
<Adobim> 2 492A92
<game> Mirdain<~Controls.1~> 2 4 4 5 3 null
<game> Mirdain<~Controls.1~> 1 null
<Mirdain> 1 BE8546
$Adobim<~Controls.296~>017 <~Controls.297~><~Game.1944~> C6F379
$Mirdain<~Controls.304~>084 276 <~Controls.305~><~Game.1994~> D37C2D
$Mirdain<~Controls.313~>078 079 <~Controls.308~><~Controls.314~><~Game.1994~> E69F0A
<Adobim> stop C7E5D5
$Adobim<~Controls.509~>206<~Controls.510~><~Game.2007~><~Controls.511~><~Controls.46~> null
$Adobim<~Controls.644~>099 205 145 <~Controls.645~><~Game.2035~> BCD316
<Mirdain> pass 79E992
$Adobim<~Scribe.141~>361 <~Scribe.142~><~Game.2043~><~Scribe.143~><~Game.2035~><~Scribe.144~> A1A5E7
$Adobim<~Scribe.141~>reveal 206 364004B12B96544CE728AA235F5A6E47372B93D3 21 <~Scribe.142~><~Controls.46~><~Scribe.143~><~Game.2036~><~Scribe.144~> 346BFB
$Adobim<~Scribe.141~>006 <~Scribe.142~><~Game.2040~><~Scribe.143~><~Game.1944~><~Scribe.144~> 203704
$Adobim<~Controls.644~>361 206 <~Controls.645~><~Game.2035~> 9D7F86
$Mirdain<~HighlightLabel.86~>210<~HighlightLabel.87~><~Game.2042~><~HighlightLabel.88~><~Game.2035~> 67163B
$Mirdain<~Controls.366~>249<~Controls.367~><~Game.2008~><~Controls.368~><~Game.2012~> 4B9C65
$Mirdain changes 210  to C E330FF
$Mirdain<~Controls.790~>247<~Controls.791~><~Game.525~><~Controls.792~><~Game.528~> 63AEDA
$Mirdain<~Controls.795~>210<~Controls.796~><~Game.2035~><~Controls.797~><~Game.1997~> 4458BE
$Adobim<~Controls.624~>223<~Controls.625~><~Game.2044~><~Controls.626~><~Game.2037~> null
<Mirdain> random 146F0E
$Adobim<~Controls.637~>245<~Controls.638~><~Game.1998~><~Controls.639~><~Game.2036~> null
$Mirdain<~Controls.644~>245 223 <~Controls.645~><~Game.2035~> C0D3BD
<Adobim> did i not draw for palantir btw? 2F2938
<Mirdain> what? 5ECB3B
<Adobim> nvm CAC399
$Adobim<~Scribe.141~>105 <~Scribe.142~><~Game.2043~><~Scribe.143~><~Game.2035~><~Scribe.144~> E6E0A9
<Adobim> mt A741C5
$Adobim<~Controls.840~>193 0364EC
$Adobim<~Controls.840~>172 1ADA0A
$Mirdain<~Controls.840~>113 C88CB5
<auto> playchosen AB02AE
<auto><~Controls.3~>reveal 113 68C4AB24D893B917B31EF474C3FC6DBD82286090 16<~Controls.884~><~Controls.45~><~Controls.885~><~Game.2037~> 9758D2
<auto><~Controls.866~>reveal 172 31FDEA4E9246E8D6E76CFEAC8C67E4C1BF1D6697 15<~Controls.867~><~Controls.46~><~Controls.868~><~Game.2036~> 60BD6A
<auto> playchosen 05FE28
<game> Adobim<~Controls.1~> 3 3 5 4 5 null
<game> Adobim<~Controls.1~> 4 6 4 6 2 null
<Adobim> 2-1 A65268
<game> Mirdain<~Controls.1~> 1 4 1 2 4 null
<game> Mirdain<~Controls.1~> 1 null
<Adobim> post A6F182
<game> Adobim<~Controls.1~> 1 6 3 null
<Adobim> 1 1753A7
$Mirdain<~Controls.304~>275 <~Controls.305~><~Game.1994~> B321E0
$Mirdain<~Controls.313~>077 <~Controls.308~><~Controls.314~><~Game.1994~> FE5FA9
$Mirdain<~Controls.296~>082 <~Controls.297~><~Game.1994~> 426538
<Adobim> +1 A696A9
<Adobim> press B58763
$Adobim<~Controls.304~>055 <~Controls.305~><~Game.1944~> F09A68
$Adobim<~Controls.313~>054 <~Controls.307~><~Controls.314~><~Game.1944~> 788D50
$Adobim<~Controls.296~>172 <~Controls.297~><~Game.2036~> D34EAB
$Adobim<~Controls.296~>113 <~Controls.297~><~Game.2037~> BCA4C5
$Adobim<~Controls.509~>192<~Controls.510~><~Game.2007~><~Controls.511~><~Controls.46~> null
$Adobim<~Controls.840~>192 D9A938
$Mirdain<~Controls.840~>111 682A95
<auto> playchosen 667005
<auto><~Controls.3~>reveal 111 2A6AB5C74BA2E3E192A655701A68724468C0CA54 22<~Controls.884~><~Controls.45~><~Controls.885~><~Game.2037~> 6849B9
<auto><~Controls.866~>reveal 192 65C7EBE612294367D9A4882FD8F901FD48D0646E 7<~Controls.867~><~Controls.46~><~Controls.868~><~Game.2036~> BED423
<auto> playchosen 29F03E
<game> Adobim<~Controls.1~> 2 4 2 2 6 null
<game> Adobim<~Controls.1~> 3 5 2 5 null
<Adobim> 1 8BDCFB
<game> Mirdain<~Controls.1~> 3 5 6 6 null
<game> Mirdain<~Controls.1~> 1 null
<Mirdain> 3 BBFC50
$Mirdain<~Controls.296~>083 <~Controls.297~><~Game.1994~> 698C16
$Adobim<~Scribe.141~>018 019 020 <~Scribe.142~><~Game.1944~><~Scribe.143~><~Game.2036~><~Scribe.144~> 6F06F9
<Adobim> +1 550BB6
$Mirdain<~Controls.296~>079 <~Controls.297~><~Game.1994~> 80ECC5
<Adobim> press 134BCD
$Adobim<~Controls.304~>057 <~Controls.305~><~Game.1944~> 055967
$Adobim<~Controls.313~>053 <~Controls.307~><~Controls.314~><~Game.1944~> FD1498
$Adobim<~Controls.296~>111 <~Controls.297~><~Game.2037~> 843A6C
$Adobim<~Controls.296~>192 018 019 020 <~Controls.297~><~Game.2036~> 15914C
$Adobim<~Controls.840~>171 963E29
$Mirdain<~Controls.840~>120 9315B7
<auto> playchosen F6F84A
<auto><~Controls.3~>reveal 120 5D935AF54EF823A099DAAF5B39C4E7C65D9388FF 9<~Controls.884~><~Controls.45~><~Controls.885~><~Game.2037~> 1EB691
<auto><~Controls.866~>reveal 171 2C939DAE4EEA7B0480C493F8570BB8473EC1640B 10<~Controls.867~><~Controls.46~><~Controls.868~><~Game.2036~> 2F415C
<auto> playchosen 2DAEAE
<game> Mirdain<~Controls.1~> 2 null
<game> Adobim<~Controls.1~> 4 3 1 5 5 null
<game> Mirdain<~Controls.1~> 5 2 null
<game> Mirdain<~Controls.1~> 3 null
$Mirdain<~Controls.296~>085 077 078 <~Controls.297~><~Game.1994~> CB7C54
<Adobim> gg 3F04D3
<Mirdain> gg 016078
<Adobim> if you had cirdan you win BDED57
