<auto> silent null
<auto><~Scribe.141~>363 397 398 402 401 400 399 403 404 376 375 374 373 377 378 <~Scribe.142~><~Game.2038~><~Scribe.143~>Spare<~Scribe.144~> null
<auto><~Scribe.141~>365 366 379 380 381 382 383 384 385 386 387 388 389 390 391 392 393 394 395 396 367 368 369 370 371 372 <~Scribe.142~><~Game.2040~><~Scribe.143~>Spare<~Scribe.144~> null
<auto><~Scribe.141~>230 231 <~Scribe.142~><~Game.2044~><~Scribe.143~>Spare<~Scribe.144~> null
<auto><~Scribe.141~>155 152 <~Scribe.142~><~Game.2004~><~Scribe.143~>Spare<~Scribe.144~> null
<auto><~Scribe.141~>137 151 <~Scribe.142~><~Game.2005~><~Scribe.143~>Spare<~Scribe.144~> null
<auto><~Scribe.141~>161 198 <~Scribe.142~><~Game.2006~><~Scribe.143~>Spare<~Scribe.144~> null
<auto><~Scribe.141~>163 188 <~Scribe.142~><~Game.2007~><~Scribe.143~>Spare<~Scribe.144~> null
<auto><~Controls.323~>364 null
<auto> noisy null
<auto> silent null
<auto><~Scribe.141~>312 <~Scribe.142~><~Game.2038~><~Scribe.143~><~Game.1965~><~Scribe.144~> null
<auto> noisy null
<~Game.7~>1 null
<auto> silent null
<auto><~Scribe.141~>363 397 398 402 401 400 399 403 404 376 375 374 373 377 378 <~Scribe.142~><~Game.2038~><~Scribe.143~>Spare<~Scribe.144~> null
<auto><~Scribe.141~>365 366 379 380 381 382 383 384 385 386 387 388 389 390 391 392 393 394 395 396 367 368 369 370 371 372 <~Scribe.142~><~Game.2040~><~Scribe.143~>Spare<~Scribe.144~> null
<auto><~Scribe.141~>230 231 <~Scribe.142~><~Game.2044~><~Scribe.143~>Spare<~Scribe.144~> null
<auto><~Scribe.141~>155 152 <~Scribe.142~><~Game.2004~><~Scribe.143~>Spare<~Scribe.144~> null
<auto><~Scribe.141~>137 151 <~Scribe.142~><~Game.2005~><~Scribe.143~>Spare<~Scribe.144~> null
<auto><~Scribe.141~>161 198 <~Scribe.142~><~Game.2006~><~Scribe.143~>Spare<~Scribe.144~> null
<auto><~Scribe.141~>163 188 <~Scribe.142~><~Game.2007~><~Scribe.143~>Spare<~Scribe.144~> null
<auto><~Controls.323~>364 null
<auto> noisy null
$base silent null
$TEST<~Scribe.141~>312 <~Scribe.142~><~Game.2038~><~Scribe.143~><~Game.1965~><~Scribe.144~> null
$base noisy null
<game> Saktan<~Controls.408~>[WOTR-Gandalf2 wotr base2] null
<~Talker.31~> null
<episcopriest> hi! 
<Saktan> hello! 
<episcopriest> are we doing league or ladder? 
<Saktan> i'd like to do league hobbit if you dont mind 
<episcopriest> sure! 
<episcopriest> bid or decide ahead of time? 
<Saktan> we can bid 
<game> episcopriest<~Controls.1~> 6 null
<game> Saktan<~Controls.1~> 5 null
<episcopriest> 2 for shadow 
<Saktan> hmm 
<Saktan> i'll do 2 and 1 ring for shadow 
<episcopriest> gl hf 
<Saktan> you as well! 
$episcopriest<~Controls.281~>426 427 <~Controls.282~><~Game.2038~><~Controls.283~><~Game.2042~> 
$Saktan<~Controls.479~>D6F081E2AECB1A326E16381DB1B333D2221EA76C 9F913149B6C7E36C74D14D130CBFB2E7 24 836C32876C9CE93DC79606CDC7B26CD8AACE0294 87876AA64E82D5FC533272E4F38207C5 2D1EFF6BCFA3CD78FA38A04F953A5898A73CBDE2 F781C88BCF209380F750D831FAA335AA BDA013B0F6A5506D4AD719EF947E22F66F0F9980 9065A2D106AFCF6E32CDD39D1A5E865D 6406BD6539B14E07F9311A25A6A3338DD1A4FF72 1B60E017ABEEBBDB31B1C23CE9E4A599 1549C9784A7444F2C025D22BF2CBB0927274F638 85EE2F551B7F44332511206B77B42E52 1D04401F7629759CFE2CB6F489F064B723324C97 2ABF638C494CDE2625812E9A5B9B5864 D3785E1766D0949D4163FAC2ECB99ECF55026044 55F478ECF67836D35285396808D2C54E 38B5C98B481EB5C844D79EDDE530412BBA42BC1F 078B4FAF2038BAF53B60BB8764B33990 CC962EBE42786FA1221626A2D66992C9113CB958 F7E9BB17B7493E3083E3A6159BEAA945 565053A574497C077F9D8AC1AB76443B10D4CB78 DADC7345960E55C9C126EBD02F2AD475 8EE3B7E36C4308D90B04BE94A6729A8913B7B20B E47FB904B0675D3DA748411653C08F68 8543C85CC5F136A66BAA8F1C0872DE14755A22B8 8DDFCADC8AD443EE659EB2E1799CB343 E1C0BA10B3A974A1460D3D316756F0E2E0B28308 98504503E88492A14FF54755299ADE93 8AEF8067F558DCE929C5915418C92007C9B4844F 50C41760CB51048DBDCA38381425F91D BB10604BF872EBC6780CCA3ABCE57F6BA1ECED0E 149D8FD59AD199EC329EFB85698A2464 BB770E9541FDA278B405C4A2FE2537CEF8E53080 16C7BFAE9EFB6E71BFC106D7668B3D4F 33AA3E034B4531D2A64A4217A8DE0E4D5070DA6E 5F193A94B30E83E9A94C233031055DE2 F4A84E74D4A85096FBBA7C93C69A606510E3FA24 16430F203CAF8BE549142A7FE7C11A49 F0AF167484D0DF5E7C4A43176D85B2F209F46DB5 00C9890E577007A633CF1CC7F5C603D1 1098CB42D59A74B9B07A92ED29A93C091B39946F 4AD75CCD513C537B9AC60B28A7B4F6E3 934724DDC9149E95ABACFC9779C936124EE8516C 86EB47875C50C9F8F2B95A9BFE0A2E29 D0C66599627E37DB4013B428BD222EB247675A97 F39ABCBA7FBF27C8D7D8FD60C567E9E6 43DE59A5AEBFE343F823A46CFA66DB842F12C654 01F9236FCDB0E7AB2DF771D0E6112444 061ECA980C344F9620C648C83327601E7BF5DC51 1362357AD9CC0DE4875FC106F965D861 24 EBB6F91B0D7691317C4D8298FC266D9D5C2B6E37 86AEA845688E8FF4CCE718E41DF83483 5FD2AC68427761049EA421F7C73752158892049A F111AAB1686AF0F5172C87FD0B7F21CD 32EFD9206B5B5E8615974FC731295253E2D94369 AE2A161A2103758BDF13BABC67DCBE04 02A15831FF3170B9255A9742179528FCBAA6F1D2 9905E9FFAADA793558052D6E59D66E33 A8772DBC122A778F3DFC7352E6456255E9689621 171AB33D9D385E8D186B7CA85C56A51A AA0D200BE7AC6F6FAB974CD422D0475F25BE3D76 598293190D374B92FC6FB95B55418EE3 1572813E02EF561421E68C6BA3C8CF0CB4168EA3 E2F36699B82A2A464B15E32FE73CB0C3 6C6987BE947A0A375EE8385907B9623C8A69344D 463CCF9A79DA9C9F1C07584405F66549 090A95EAD08784A8AC615794C260CB1875F214C1 3346AFC0FF39FD2BF5D26621C8BC8C5E 5B78461D884856152CB42982F99A8683D9471DBA B5EAF3F6C39B917AB56458E782896096 2E878A787B85154457F68D1638F4944163F7BB4E B512424C378E7D9BB3EDAAC512BF6A2A 050B0966AC27D72078037512F6BAAC21C247489B C2ECA6233BD8C620269AF137793EEAD2 202889E56919C984669871A29A20AE367B89F514 133BEF3ED4484959C6B82FBEAD9F70EE CDD241DD6E2D52698EBE87C7EC709F4DC725CA8D CCFD16191F4EEB13B338CCFAADA3D9CB 36713287E4E8429AC58A10655D30761C8B377CE1 80FD92378387107896A1A4AAD5337F4E FCE72656A4C4E03E4E666FBD54F551C650FC7600 F7F9490525C7663605EA948A7382DD0F 50DF8001F2D566773532C2B0BA1DBE82011DFB4D 30812BFBA036FD052CD03B53992000E9 EFBBDA2B1F43AFB84951C787F0E4C568B26490E3 A9B2AE1CF5925C84A89819C6341D4ADA 2137E867BC37640837DDC9E1D4FE7991DB5E5D42 DD726372C0B352CFB657A1C05D81B856 ECDB31ABA3A09E9A8E261BB449553662800D50C0 0DD36446ADD192AB8C28B338EEBDDF59 18D6FEA037ED0A327D65B1B75F59DCCF6BA3A301 43B1238E29406F9706F7775C58DED98A 43628DA012F9DF616FAF46096E4AEF99055FDB3A 93D4EC7E5B8E088C85BFFD23B494643B 63AD1B6AEF0AAB5DF24E0596B5A22778262AA3D6 A309FEA65543996414697DEF1773CBDE 91F7691DC4E31D2F3B740E6F210F17241AB6634A 6E0332B086A9445ACB9D213029E62BC1 0 0 BB3520
$episcopriest<~Controls.281~>407 <~Controls.282~><~Game.2038~><~Controls.283~><~Game.2042~> 
$Saktan<~Controls.509~>166<~Controls.510~><~Game.2006~><~Controls.511~><~Controls.46~> null
$Saktan<~Controls.509~>176<~Controls.510~><~Game.2007~><~Controls.511~><~Controls.46~> null
$episcopriest<~Controls.464~>324A3549D1568AAFD8B0FDBA1D47831E369EDB96 B4F2AAC665E11BD732559AF148148A73 24 9FA17FEFBEF4CE5D896F57A97CBEB7CD3C57E409 E00E3962937E47DDB8F69A76814DC68E EE2AB5F13E74BD386523A349CB275250EC58211B 8815E8E57ADC86113CD50EC365A30DA2 C9EEF192F178A350A159F0DAD495E06966A7217D A1025E799D454DEBBE594DCDF44C585A 4641C823DA5104333A93DBEAC35B7456A53623E9 FB67A67E5CCE908BABF46AD234D2FD2D 04AF48F6C53826AFFDA4755D263067AB59847D9D B627975752F021C3731F52B732B035F8 DBF31EFDA0B349DE0201247324D196EDD3344F2E F4E1A1DAFEF75632576372D446B92F16 94A87CC7553FB2DC2C3163EFE5F3465465F6F9C0 D0096253A4284E15877958289BB51B89 43F0F886C696FAB4DDC66AD863B9B614AAF37776 8ED5C24B75BAD3866BD81FF7EE07ECFF 1F917CBDF899587219F93C59320BF92C620E484A 127E9770ED1627B54042DFDA965A1726 E05061BBB1DFA323881E65DDD56F525766E8A2D2 968133137CF7AC71E7283771C3985956 C561360774774BD67A48B9A10D10785DE849DA2E 97DD3768684A5255F9FA416D0AB8B489 C973B1E443B9DBA95310F8AC1836DC5C932A3E49 1074A53DF1013E311EAE93802016F67F 4A9E4AE1393026D47354D715E2D666CC911120B1 EA0F9476B531AEDC9F1AF77AE56E0D28 C5D7A43D73CA59DC56F7BBC69781A3F463EC2A2A B2BCF0DC551EBF7738FC6C34A4AECEF7 F6F3BF5AEF1F22F12DC4E4F1E0C173F28AB126E9 8C659D705923A1A533ACD9689924886C 5300D6F1DB70490E05B80E65A1BF2184774C1DE8 67EF76225093ACE9B1E80B0EB3D96A5C BA0BAD6C9AA459FD19E18246042D6F64B8A35296 714266303BF610784A3D98DC9A0F5B1C 1F6AB1424E8EE2E0CB2CB54553125789E2A4F75F CDF6F3202C4ACF4ED8E0A997F22B9B12 261CE9AB5C48C25E484EE6448EC912C666F9A372 83981DA0292A8514901CA300E19323ED 62882427D494D94E14661777756FAC2756D6CCE1 B8B6A66755FF88F25190748ECF3B9EEE E5E2CE3E2AD81C4381BBA262E0F4EB95534330BB 1E320F8A51A035B540E833C76CEF2437 343C90F8AB02441C72A07AD7AF4F2A92F42D72D5 AD7EFB3BDF0246E294D7EF21F6954D72 AB52A67402B1CB6E2E33803C4103E9E246AB05F7 92CC72DBC8E30700AE6C4858BBF6FF4A EE072392F7F914DDC8E0986591DE2CA55C9FAD26 674C22F2008936F36C123018DDC14493 24 4592F567B10F98FBB3D20530423B9E28D5AC7E60 A50214370702BD82BDD2AAB755E1F55A D7939176AF17EB6AEC8A3EFD39CAAF9377622B64 56DE3AC8918AB1BA78AEA65B395634A8 5E105A411DAB4BB5930383478FE08D05369EC1B9 0E071D8C68F3D1F8691E617941260818 35D3E7CBC84317886F815158FB91EF6E4D94EF7B 1B9600B39135E3EEAD117B94871DD310 0F44017C349AD5C5B946D993C9EF2ECB81A3D67E FB2E8EE4AD93D4483FFD1D0C8D68871B C5F3063BE4E59DF2564A18164FED5CD1C459AE09 0E2B20BEA2EDA8F7D2D0A9F4844A1F68 E78D73D9AFE36E642B1ED5E256F9425B24DA38CA 8C4C2CC67A2A2F5DE0E48CBACB73E3F5 B6AB1370249B40A7D35555C01F0488BCC946CD07 B82CA1FD8ADCBCD10236644BB5BCE194 84733675FA8A65E9C56567CFDFF263A77E1C3DFF 55D9EF4FD683ACBA828193058F48CE43 BEB60163B870740375A90EFECC253B1223E6E8B0 59550D91B41293C82E176AC9E054A5D8 8900850692AD7B4C43D89F3F29F10F342E66ED2A E0F03EB5AE9836FD6E74E262F238047B 10434488FD49A4708C92C4D85037736C4CA56516 63AC3FE4AC378AF599FC579D91599411 E3721917B45715E2DCB6C39408D3D8430976F8FD 291B7CD752C7913183626FBC12154B38 41E74D208F75CD3FC637D7A68C979B0383C90D30 FC78052DA7CA51E55A9723B496EBEDBF 652726632BEB05CB0C3A612D28337C838BEEA47E 20E7B385F69B1659B252B24690677AB8 3CAD5BA5C06F506B06E32530F1E9BFCEB9A7D706 8104FB1FF8F2A73EDD874077848A0504 67655465A8F953B159800D27005BE3696DADC101 2A5573593329AC42805CC06410C29ECE 000D2B67FAF99BFBBA121DBCBE28FDAF94179044 FE2C4EFA9CE0D0C76274275730A9FEB5 12C02B6FFC8CC17A71679B5BE84F59DFF2763214 A111113F83F0844A87A69D5ABC198A19 51A04F36FADD056359359BBA3E0C38F3D47DB22E B6C75049AFBC69B27D6F394E3652B6EC 3D11583579FB636CB95E6413FB5A22DF74D8E194 4F7FF376C85A6080F5B4607FC2336373 9057D5FB636A96B217F60082FB22C88977158A10 A1D3044CF52979A794AE394D75DC8CC5 8E7DC262DF31BA87A7E7BB91DDFA73B6FDF8C545 F7919D44C5C0522A0B08017AD1210696 9E44B0F14CF34E473D13D5061912A42542B2CBB9 E97B0C665255DFA76490D7AF90AF0103 0 0 BF5812
$episcopriest<~Controls.509~>144<~Controls.510~><~Game.2004~><~Controls.511~><~Controls.45~> null
$episcopriest<~Controls.509~>129<~Controls.510~><~Game.2005~><~Controls.511~><~Controls.45~> null
<episcopriest> fsp ok EAA44E
<Saktan> 1e FA7BCF
$Saktan<~Controls.372~>105 6C69F7
$Saktan<~Controls.345~>104 103 102 101 100 099 <~Controls.346~>12 15 11 15 10 12 null
$Saktan<~Controls.350~>104 103 102 101 100 099 null
$episcopriest<~Controls.345~>213 212 211 210 <~Controls.346~>1 4 3 1 null
$episcopriest<~HighlightLabel.86~>210<~HighlightLabel.87~><~Game.2042~><~HighlightLabel.88~><~Game.2035~> FE6AD2
$episcopriest<~Controls.790~>248<~Controls.791~><~Game.2014~><~Controls.792~><~Game.2015~> 320431
$episcopriest<~Controls.795~>210<~Controls.796~><~Game.2035~><~Controls.797~><~Game.1997~> 633C00
<game> Saktan<~Controls.1~> 3 3 4 null
<Saktan> safe 102150
$Saktan<~HighlightLabel.81~>100<~HighlightLabel.82~><~Game.2043~><~HighlightLabel.83~><~Game.2035~> 9983D9
$Saktan<~HighlightLabel.101~>263<~HighlightLabel.102~><~Game.2002~><~HighlightLabel.103~><~Game.2003~> 440932
$Saktan<~Controls.644~>100 <~Controls.645~><~Game.2035~> 4B80C7
$episcopriest<~HighlightLabel.86~>213<~HighlightLabel.87~><~Game.2042~><~HighlightLabel.88~><~Game.2035~> 331DB2
$episcopriest<~Controls.790~>248<~Controls.791~><~Game.2015~><~Controls.792~><~Game.2016~> 78EE95
$episcopriest<~Controls.795~>213<~Controls.796~><~Game.2035~><~Controls.797~><~Game.1997~> FB4674
<game> Saktan<~Controls.1~> 5 6 4 null
<Saktan> 2 F36C44
$Saktan<~Controls.624~>223<~Controls.625~><~Game.2044~><~Controls.626~><~Game.2037~> null
$episcopriest<~Scribe.141~>252 <~Scribe.142~><~Game.2014~><~Scribe.143~><~Game.2015~><~Scribe.144~> 65A50C
$episcopriest<~Controls.644~>223 <~Controls.645~><~Game.2035~> 3DDF54
$Saktan<~HighlightLabel.81~>099<~HighlightLabel.82~><~Game.2043~><~HighlightLabel.83~><~Game.2035~> CD85A5
$Saktan<~Scribe.141~>039 036 029 028 027 026 <~Scribe.142~><~Game.1979~><~Scribe.143~><~Game.1977~><~Scribe.144~> AD340D
$Saktan<~Scribe.141~>055 049 048 047 <~Scribe.142~><~Game.1968~><~Scribe.143~><~Game.1946~><~Scribe.144~> 3F7DF4
$Saktan<~Controls.644~>099 <~Controls.645~><~Game.2035~> 4CB7F5
$episcopriest<~HighlightLabel.86~>211<~HighlightLabel.87~><~Game.2042~><~HighlightLabel.88~><~Game.2035~> 7A633E
$episcopriest<~Scribe.141~>260 <~Scribe.142~><~Game.2001~><~Scribe.143~><~Game.2002~><~Scribe.144~> FF2BB8
$episcopriest<~Controls.644~>211 <~Controls.645~><~Game.2035~> 54AD74
$Saktan<~HighlightLabel.81~>102<~HighlightLabel.82~><~Game.2043~><~HighlightLabel.83~><~Game.2035~> EF19AB
$Saktan<~Scribe.141~>254 <~Scribe.142~><~Game.2040~><~Scribe.143~><~Game.1919~><~Scribe.144~> 5498C1
$Saktan<~Scribe.141~>361 <~Scribe.142~><~Game.2040~><~Scribe.143~><~Game.2037~><~Scribe.144~> 8E7181
$Saktan<~Controls.644~>102 361 <~Controls.645~><~Game.2035~> DC2BE7
$episcopriest<~HighlightLabel.86~>212<~HighlightLabel.87~><~Game.2042~><~HighlightLabel.88~><~Game.2035~> E22901
$episcopriest<~Scribe.141~>256 <~Scribe.142~><~Game.2000~><~Scribe.143~><~Game.2001~><~Scribe.144~> 1C527B
$episcopriest<~Controls.819~> FF0C6E
$episcopriest<~Scribe.141~>065 <~Scribe.142~><~Game.1941~><~Scribe.143~><~Game.1957~><~Scribe.144~> 4F4654
$episcopriest<~Scribe.141~>073 072 <~Scribe.142~><~Game.1929~><~Scribe.143~><~Game.1925~><~Scribe.144~> FECDE3
$episcopriest<~Controls.644~>212 <~Controls.645~><~Game.2035~> 7BA348
$Saktan<~HighlightLabel.81~>104<~HighlightLabel.82~><~Game.2043~><~HighlightLabel.83~><~Game.2035~> 079FFF
$Saktan<~Scribe.141~>001 <~Scribe.142~><~Game.1910~><~Scribe.143~><~Game.1917~><~Scribe.144~> D43127
$Saktan<~Scribe.141~>039 036 029 028 027 026 <~Scribe.142~><~Game.1977~><~Scribe.143~><~Game.1974~><~Scribe.144~> FF3118
$Saktan<~Controls.644~>104 <~Controls.645~><~Game.2035~> 96272F
<episcopriest> pass BF5D81
$Saktan<~Controls.757~>103 101 105 <~Controls.758~><~Game.1997~><~Controls.759~><~Game.2043~> E78D56
$Saktan<~Controls.762~>104 102 361 099 100 <~Controls.763~><~Game.2041~><~Controls.764~><~Game.2043~> 8A21E7
$episcopriest<~Controls.726~>213 210 <~Controls.727~><~Game.1997~><~Controls.728~><~Game.2042~> 7F6DA3
<~Game.7~>2 null
$episcopriest<~Controls.731~>212 211 <~Controls.732~><~Game.2039~><~Controls.733~><~Game.2042~> 788A77
$Saktan<~Controls.509~>160<~Controls.510~><~Game.2006~><~Controls.511~><~Controls.46~> null
$Saktan<~Controls.509~>186<~Controls.510~><~Game.2007~><~Controls.511~><~Controls.46~> null
$episcopriest<~Controls.509~>116<~Controls.510~><~Game.2004~><~Controls.511~><~Controls.45~> null
$episcopriest<~Controls.509~>145<~Controls.510~><~Game.2005~><~Controls.511~><~Controls.45~> null
<episcopriest> fsp ok 67303D
<Saktan> 1e FA8514
$Saktan<~Controls.372~>104 E27450
$Saktan<~Controls.345~>102 361 099 100 103 101 105 <~Controls.346~>12 12 13 15 13 14 12 null
$Saktan<~Controls.350~>102 361 099 100 103 101 105 null
$episcopriest<~Controls.345~>212 211 213 210 <~Controls.346~>4 2 3 4 null
<episcopriest> pass 938189
$Saktan<~HighlightLabel.81~>105<~HighlightLabel.82~><~Game.2043~><~HighlightLabel.83~><~Game.2035~> DEEAD3
$Saktan<~Scribe.141~>055 057 049 048 047 046 045 <~Scribe.142~><~Game.1946~><~Scribe.143~><~Game.1932~><~Scribe.144~> EBB38C
$Saktan<~Scribe.141~>056 052 051 050 <~Scribe.142~><~Game.1986~><~Scribe.143~><~Game.1984~><~Scribe.144~> 6CE827
$Saktan<~Controls.644~>105 <~Controls.645~><~Game.2035~> E4064B
<episcopriest> pass 2435FA
$Saktan<~HighlightLabel.81~>101<~HighlightLabel.82~><~Game.2043~><~HighlightLabel.83~><~Game.2035~> 518343
$Saktan<~Controls.509~>207<~Controls.510~><~Game.2007~><~Controls.511~><~Controls.46~> null
$Saktan<~Controls.644~>101 <~Controls.645~><~Game.2035~> AE3FE1
$episcopriest<~HighlightLabel.86~>213<~HighlightLabel.87~><~Game.2042~><~HighlightLabel.88~><~Game.2035~> 069245
$episcopriest<~Controls.819~> 820D24
$episcopriest<~HighlightLabel.86~>211<~HighlightLabel.87~><~Game.2042~><~HighlightLabel.88~><~Game.2035~> A60AAD
$episcopriest<~CardBuffet.9~>reveal 144 C93178827C25C9B9FAE448DA6DAC5539D397C6B5 15<~CardBuffet.10~><~Controls.45~><~CardBuffet.11~> 464C02
$episcopriest<~Scribe.141~>144 <~Scribe.142~><~Game.2037~><~Scribe.143~><~Game.2029~><~Scribe.144~> 694BB4
$episcopriest<~Controls.509~>133<~Controls.510~><~Game.2004~><~Controls.511~><~Controls.45~> null
$episcopriest<~Controls.644~>211 <~Controls.645~><~Game.2035~> 106031
$Saktan<~HighlightLabel.81~>361<~HighlightLabel.82~><~Game.2043~><~HighlightLabel.83~><~Game.2035~> 3D1D94
$Saktan<~Scribe.141~>039 038 036 029 028 027 026 025 024 023 022 021 <~Scribe.142~><~Game.1974~><~Scribe.143~><~Game.1976~><~Scribe.144~> 110758
$Saktan<~Scribe.141~>054 053 <~Scribe.142~><~Game.1987~><~Scribe.143~><~Game.1984~><~Scribe.144~> 11DBC1
$Saktan<~Controls.644~>361 <~Controls.645~><~Game.2035~> 83C744
$episcopriest<~HighlightLabel.86~>212<~HighlightLabel.87~><~Game.2042~><~HighlightLabel.88~><~Game.2035~> 346A1F
$episcopriest<~Scribe.141~>256 <~Scribe.142~><~Game.2000~><~Scribe.143~><~Game.2001~><~Scribe.144~> C44B90
$episcopriest<~Controls.644~>212 <~Controls.645~><~Game.2035~> 97634C
$Saktan<~HighlightLabel.81~>102<~HighlightLabel.82~><~Game.2043~><~HighlightLabel.83~><~Game.2035~> 7D3E5B
$Saktan<~Scribe.141~>039 038 036 029 028 027 026 025 024 023 022 021 <~Scribe.142~><~Game.1976~><~Scribe.143~><~Game.1972~><~Scribe.144~> A699A4
$Saktan<~Controls.819~> 60052E
$Saktan<~Scribe.141~>040 035 015 014 013 012 011 <~Scribe.142~><~Game.1956~><~Scribe.143~><~Game.1953~><~Scribe.144~> 9384C4
$Saktan<~Scribe.141~>001 008 007 <~Scribe.142~><~Game.1917~><~Scribe.143~><~Game.1927~><~Scribe.144~> D32733
$Saktan<~Controls.644~>102 <~Controls.645~><~Game.2035~> B27845
$episcopriest<~HighlightLabel.86~>213<~HighlightLabel.87~><~Game.2042~><~HighlightLabel.88~><~Game.2035~> 3F5B6E
$episcopriest<~Scribe.141~>256 <~Scribe.142~><~Game.2001~><~Scribe.143~><~Game.2002~><~Scribe.144~> 9CE94B
$episcopriest<~Controls.644~>213 <~Controls.645~><~Game.2035~> 03D062
$Saktan<~HighlightLabel.81~>103<~HighlightLabel.82~><~Game.2043~><~HighlightLabel.83~><~Game.2035~> A6723E
$Saktan<~Scribe.141~>040 035 015 014 013 012 011 <~Scribe.142~><~Game.1953~><~Scribe.143~><~Game.1927~><~Scribe.144~> 730B69
$Saktan<~Controls.644~>103 <~Controls.645~><~Game.2035~> D0743B
$episcopriest<~HighlightLabel.86~>210<~HighlightLabel.87~><~Game.2042~><~HighlightLabel.88~><~Game.2035~> FA0417
$episcopriest<~Scribe.141~>073 072 <~Scribe.142~><~Game.1925~><~Scribe.143~><~Game.1923~><~Scribe.144~> F3CF19
$episcopriest<~Scribe.141~>074 070 <~Scribe.142~><~Game.1918~><~Scribe.143~><~Game.1923~><~Scribe.144~> A0970E
$episcopriest<~Controls.644~>210 <~Controls.645~><~Game.2035~> 6A313E
$Saktan<~HighlightLabel.81~>099<~HighlightLabel.82~><~Game.2043~><~HighlightLabel.83~><~Game.2035~> 408D72
<Saktan> hmm 7BCDA6
$Saktan<~Scribe.141~>039 038 036 029 028 027 026 025 024 023 022 021 <~Scribe.142~><~Game.1976~><~Scribe.143~><~Game.1967~><~Scribe.144~> 91ED66
<Saktan> ok 610044
$Saktan<~Controls.644~>099 <~Controls.645~><~Game.2035~> 318BEC
$episcopriest<~Scribe.141~>426 <~Scribe.142~><~Game.2042~><~Scribe.143~><~Game.2035~><~Scribe.144~> 006BBF
$episcopriest<~Controls.819~> 45BB97
<episcopriest> pass 357F56
$episcopriest<~Controls.731~>210 213 212 211 <~Controls.732~><~Game.2039~><~Controls.733~><~Game.2042~> C50DD6
$Saktan<~Controls.757~>100 104 <~Controls.758~><~Game.1997~><~Controls.759~><~Game.2043~> 4530EE
<~Game.7~>3 null
$Saktan<~Controls.762~>099 103 102 361 101 105 <~Controls.763~><~Game.2041~><~Controls.764~><~Game.2043~> 260995
$Saktan<~Controls.509~>174<~Controls.510~><~Game.2006~><~Controls.511~><~Controls.46~> null
$Saktan<~Controls.509~>199<~Controls.510~><~Game.2007~><~Controls.511~><~Controls.46~> null
$episcopriest<~Controls.509~>148<~Controls.510~><~Game.2004~><~Controls.511~><~Controls.45~> null
$episcopriest<~Controls.509~>110<~Controls.510~><~Game.2005~><~Controls.511~><~Controls.45~> null
<episcopriest> fsp ok F92362
$Saktan<~Controls.281~>186 <~Controls.282~><~Controls.46~><~Controls.283~><~Game.2041~> F30163
<Saktan> 1e BDF183
$Saktan<~Controls.372~>099 C5ECD6
$Saktan<~Controls.345~>103 102 361 101 105 100 104 <~Controls.346~>12 13 14 13 10 15 14 null
$Saktan<~Controls.350~>103 102 361 101 105 100 104 null
$episcopriest<~Controls.345~>210 213 212 211 <~Controls.346~>4 2 1 1 null
<Saktan> test FD58F5
<episcopriest> hi 53C75F
<episcopriest> sorry 7C2898
<Saktan> np BBE836
<episcopriest> thinking 254FD4
<Saktan> tyt EF7B3D
$episcopriest<~HighlightLabel.86~>213<~HighlightLabel.87~><~Game.2042~><~HighlightLabel.88~><~Game.2035~> 87CD39
$episcopriest<~CardBuffet.9~>reveal 116 0919E1DF1F11E2755DBA581AAE4A152E24135620 7<~CardBuffet.10~><~Controls.45~><~CardBuffet.11~> C6748E
$episcopriest<~Controls.296~>233 <~Controls.297~><~Game.2046~> 43CEFF
$episcopriest<~Controls.509~>123<~Controls.510~><~Game.2004~><~Controls.511~><~Controls.45~> null
$episcopriest<~Controls.644~>213 116 <~Controls.645~><~Game.2035~> DA5839
$Saktan<~HighlightLabel.81~>105<~HighlightLabel.82~><~Game.2043~><~HighlightLabel.83~><~Game.2035~> 0A74DC
$Saktan<~HighlightLabel.101~>262<~HighlightLabel.102~><~Game.2002~><~HighlightLabel.103~><~Game.2003~> 7FABF6
$Saktan<~Controls.644~>105 <~Controls.645~><~Game.2035~> E61F65
$episcopriest<~HighlightLabel.86~>212<~HighlightLabel.87~><~Game.2042~><~HighlightLabel.88~><~Game.2035~> A232B3
$episcopriest<~CardBuffet.9~>reveal 123 4F4964C0F0B3417FE4D3FEDBE8B6DC66B72AEB94 0<~CardBuffet.10~><~Controls.45~><~CardBuffet.11~> 769ADC
<Saktan> nice E9BAF8
$episcopriest<~Scribe.141~>123 <~Scribe.142~><~Game.2037~><~Scribe.143~><~Game.2030~><~Scribe.144~> 4D5B60
$episcopriest<~Controls.644~>212 <~Controls.645~><~Game.2035~> 9E81B9
<episcopriest> yes 488CEB
$Saktan<~HighlightLabel.81~>101<~HighlightLabel.82~><~Game.2043~><~HighlightLabel.83~><~Game.2035~> C57B1C
<Saktan> Lorien 795CA2
$episcopriest<~Scribe.141~>097 093 092 087 <~Scribe.142~><~Game.1928~><~Scribe.143~><~Game.1992~><~Scribe.144~> 1DAAF1
$Saktan<~Scribe.141~>040 035 001 015 014 013 012 011 008 007 <~Scribe.142~><~Game.1927~><~Scribe.143~><~Game.1928~><~Scribe.144~> 9A0F27
$Saktan<~HighlightLabel.101~>256<~HighlightLabel.102~><~Game.2002~><~HighlightLabel.103~><~Game.2003~> 167937
$episcopriest<~Scribe.141~>256 <~Scribe.142~><~Game.2002~><~Scribe.143~><~Game.2003~><~Scribe.144~> 4B3AF4
$Saktan<~Controls.644~>101 <~Controls.645~><~Game.2035~> 152977
<episcopriest> pass 282E06
$Saktan<~HighlightLabel.81~>103<~HighlightLabel.82~><~Game.2043~><~HighlightLabel.83~><~Game.2035~> 8E9BE1
$Saktan<~Scribe.141~>039 038 036 029 028 027 026 025 024 023 022 021 <~Scribe.142~><~Game.1967~><~Scribe.143~><~Game.1948~><~Scribe.144~> 995C27
$Saktan<~Scribe.141~>032 031 030 <~Scribe.142~><~Game.1977~><~Scribe.143~><~Game.1969~><~Scribe.144~> A57720
$Saktan<~Controls.644~>103 <~Controls.645~><~Game.2035~> B4C328
<episcopriest> pass 020875
$Saktan<~HighlightLabel.81~>361<~HighlightLabel.82~><~Game.2043~><~HighlightLabel.83~><~Game.2035~> 344884
$Saktan<~CardBuffet.14~>reveal 199 1FF848493759811D40E4BD0CCAFD3C71125C8099 15<~CardBuffet.15~><~Controls.46~><~CardBuffet.16~> 9E2856
$Saktan<~Scribe.141~>335 <~Scribe.142~><~Game.2040~><~Scribe.143~><~Game.1928~><~Scribe.144~> 5D6DE3
$Saktan<~Controls.644~>361 199 <~Controls.645~><~Game.2035~> 08A19E
$episcopriest<~HighlightLabel.86~>211<~HighlightLabel.87~><~Game.2042~><~HighlightLabel.88~><~Game.2035~> 258098
$episcopriest<~Controls.790~>248<~Controls.791~><~Game.2016~><~Controls.792~><~Game.2017~> E96316
$episcopriest<~Controls.795~>211<~Controls.796~><~Game.2035~><~Controls.797~><~Game.1997~> 69F7D3
<game> Saktan<~Controls.1~> 3 4 null
<episcopriest> safe 180B19
<Saktan> yes D9644E
$Saktan<~HighlightLabel.81~>104<~HighlightLabel.82~><~Game.2043~><~HighlightLabel.83~><~Game.2035~> D52C00
$Saktan<~CardBuffet.14~>reveal 160 2665D96C8072CE6CF2F0A269F77CBD15D4B80F70 9<~CardBuffet.15~><~Controls.46~><~CardBuffet.16~> 10E088
$Saktan<~Scribe.141~>237 <~Scribe.142~><~Game.2046~><~Scribe.143~><~Game.2037~><~Scribe.144~> F2C271
$Saktan<~Controls.644~>104 160 237 <~Controls.645~><~Game.2035~> EC4659
$episcopriest<~HighlightLabel.86~>210<~HighlightLabel.87~><~Game.2042~><~HighlightLabel.88~><~Game.2035~> 558518
$episcopriest<~Scribe.141~>259 <~Scribe.142~><~Game.2000~><~Scribe.143~><~Game.2001~><~Scribe.144~> D7E24D
$episcopriest<~Controls.644~>210 <~Controls.645~><~Game.2035~> E44E2D
$Saktan<~HighlightLabel.81~>102<~HighlightLabel.82~><~Game.2043~><~HighlightLabel.83~><~Game.2035~> 7D6CE0
$Saktan<~Scribe.141~>039 038 036 029 028 027 026 025 024 023 022 021 <~Scribe.142~><~Game.1948~><~Scribe.143~><~Game.1942~><~Scribe.144~> 1B36E5
$Saktan<~Controls.323~>260 40D800
$Saktan<~Controls.644~>102 <~Controls.645~><~Game.2035~> E07479
$episcopriest<~Controls.726~>211 <~Controls.727~><~Game.1997~><~Controls.728~><~Game.2042~> 883088
$episcopriest<~Controls.731~>210 212 213 <~Controls.732~><~Game.2039~><~Controls.733~><~Game.2042~> B335D5
$Saktan<~Controls.757~>100 099 <~Controls.758~><~Game.1997~><~Controls.759~><~Game.2043~> 201E33
<~Game.7~>4 null
$Saktan<~Controls.762~>102 104 361 103 101 105 <~Controls.763~><~Game.2041~><~Controls.764~><~Game.2043~> 3806C3
$Saktan<~Controls.509~>191<~Controls.510~><~Game.2006~><~Controls.511~><~Controls.46~> null
$Saktan<~Controls.509~>184<~Controls.510~><~Game.2007~><~Controls.511~><~Controls.46~> null
$episcopriest<~Controls.509~>112<~Controls.510~><~Game.2004~><~Controls.511~><~Controls.45~> null
$episcopriest<~Controls.509~>147<~Controls.510~><~Game.2005~><~Controls.511~><~Controls.45~> null
$episcopriest<~Controls.296~>110 <~Controls.297~><~Controls.45~> 125F3F
<episcopriest> ok 650054
<Saktan> 1e 474866
$Saktan<~Controls.372~>102 449A2F
$Saktan<~Controls.345~>104 361 103 101 105 100 099 <~Controls.346~>11 13 10 12 15 13 15 null
$Saktan<~Controls.350~>104 361 103 101 105 100 099 null
$episcopriest<~Controls.345~>210 212 213 211 <~Controls.346~>0 1 0 2 null
<episcopriest> woah 0B6217
<Saktan> time to kill the wizard! 7A3A40
$episcopriest<~HighlightLabel.86~>211<~HighlightLabel.87~><~Game.2042~><~HighlightLabel.88~><~Game.2035~> 3207A6
$episcopriest<~CardBuffet.9~>reveal 133 3135CB7E0A0B06CD01A1F9E6DFE375DCCA23FAF9 17<~CardBuffet.10~><~Controls.45~><~CardBuffet.11~> 3E4D5B
<Saktan> nice cycles! 73CD75
$episcopriest<~Controls.296~>235 <~Controls.297~><~Game.2046~> CFCAF2
<episcopriest> thanks! getting lucky 1BBDC3
$episcopriest<~Controls.509~>108<~Controls.510~><~Game.2004~><~Controls.511~><~Controls.45~> null
$episcopriest<~Controls.644~>211 133 <~Controls.645~><~Game.2035~> EB0C4B
$Saktan<~HighlightLabel.81~>103<~HighlightLabel.82~><~Game.2043~><~HighlightLabel.83~><~Game.2035~> CDB535
$Saktan<~Scribe.141~>253 <~Scribe.142~><~Game.2040~><~Scribe.143~><~Game.1928~><~Scribe.144~> 2D7CA6
$Saktan<~Controls.323~>258 257 4913FC
$Saktan<~Controls.323~>259 7E73B7
$Saktan<~Scribe.141~>360 <~Scribe.142~><~Game.2040~><~Scribe.143~><~Game.2037~><~Scribe.144~> 0E5E5A
$Saktan<~Controls.644~>103 360 <~Controls.645~><~Game.2035~> 2B4375
<episcopriest> pass 808BFF
$Saktan<~HighlightLabel.81~>361<~HighlightLabel.82~><~Game.2043~><~HighlightLabel.83~><~Game.2035~> 2A4456
$Saktan<~CardBuffet.14~>reveal 174 37BD30BFDF177C7749AEE016966C463D706EFBDB 16<~CardBuffet.15~><~Controls.46~><~CardBuffet.16~> 154D01
$Saktan<~Scribe.141~>174 <~Scribe.142~><~Game.2036~><~Scribe.143~><~Game.2032~><~Scribe.144~> 958ADD
<Saktan> Lorien 7B3B0B
<Saktan> R1 236FDF
$Saktan<~Controls.840~>176 A23A6C
<auto><~Controls.866~>reveal 176 26541F47DF45F2A7208E311FEA5DB9E667C3092F 19<~Controls.867~><~Controls.46~><~Controls.868~><~Game.2036~> 2EEC8C
<game> Saktan<~Controls.1~> 3 5 5 1 3 null
<episcopriest> nice 7191B3
<game> Saktan<~Controls.1~> 2 2 4 null
<Saktan> 3 EFCC6D
<game> episcopriest<~Controls.1~> 6 2 6 null
<game> episcopriest<~Controls.1~> 3 null
<episcopriest> 3 9A08BD
$Saktan<~Scribe.141~>035 015 <~Scribe.142~><~Game.1928~><~Scribe.143~><~Game.2036~><~Scribe.144~> BD033B
<Saktan> WK draw 885C4B
$episcopriest<~Scribe.141~>093 <~Scribe.142~><~Game.1992~><~Scribe.143~><~Game.2037~><~Scribe.144~> 8C84D6
$episcopriest<~Controls.304~>092 <~Controls.305~><~Game.1992~> 6489F3
$episcopriest<~Controls.313~>269 <~Controls.307~><~Controls.314~><~Game.1992~> 76760A
$Saktan<~Controls.509~>206<~Controls.510~><~Game.2007~><~Controls.511~><~Controls.46~> null
$Saktan<~Controls.662~>176 035 015 093 <~Controls.663~><~Game.2035~> 6CDFE8
$Saktan<~Scribe.141~>174 <~Scribe.142~><~Game.2032~><~Scribe.143~><~Game.2033~><~Scribe.144~> 744C54
<Saktan> R2 388515
<Saktan> nc F4B510
<episcopriest> nc E60502
<game> Saktan<~Controls.1~> 6 2 2 1 2 null
<game> Saktan<~Controls.1~> 2 4 6 null
<Saktan> 2 563EF0
<game> episcopriest<~Controls.1~> 2 5 null
<game> episcopriest<~Controls.1~> 3 null
<episcopriest> 1 C7C33E
$Saktan<~Scribe.141~>014 <~Scribe.142~><~Game.1928~><~Scribe.143~><~Game.2036~><~Scribe.144~> A570B2
$episcopriest<~Scribe.141~>097 269 087 <~Scribe.142~><~Game.1992~><~Scribe.143~><~Game.2037~><~Scribe.144~> 89BC9D
$Saktan<~Scribe.141~>174 <~Scribe.142~><~Game.2033~><~Scribe.143~><~Game.2036~><~Scribe.144~> 231A61
$Saktan<~Scribe.141~>423 <~Scribe.142~><~Game.27~><~Scribe.143~><~Game.29~><~Scribe.144~> AF9384
$Saktan<~Controls.644~>361 174 014 097 269 087 <~Controls.645~><~Game.2035~> 7557C1
$episcopriest<~HighlightLabel.86~>212<~HighlightLabel.87~><~Game.2042~><~HighlightLabel.88~><~Game.2035~> F78B90
$episcopriest<~Controls.790~>248<~Controls.791~><~Game.2017~><~Controls.792~><~Game.2018~> 33A770
$episcopriest<~Controls.795~>212<~Controls.796~><~Game.2035~><~Controls.797~><~Game.1997~> D0EE58
$Saktan<~Scribe.141~>419 <~Scribe.142~><~Game.2040~><~Scribe.143~><~Game.1928~><~Scribe.144~> 858E8D
<game> Saktan<~Controls.1~> 2 3 2 null
<episcopriest> safe 988709
$Saktan<~HighlightLabel.81~>101<~HighlightLabel.82~><~Game.2043~><~HighlightLabel.83~><~Game.2035~> 7CA721
$Saktan<~Scribe.141~>253 040 335 001 013 012 011 008 007 <~Scribe.142~><~Game.1928~><~Scribe.143~><~Game.1930~><~Scribe.144~> C3C2B3
$Saktan<~Controls.819~> 3F8909
$Saktan<~Controls.819~> 542AAF
<episcopriest> rohan senses something coming its way . . . 845A92
<Saktan> srry thinking E3556F
<episcopriest> tyt 68788B
<Saktan> haha 43DA94
$Saktan<~HighlightLabel.81~>104<~HighlightLabel.82~><~Game.2043~><~HighlightLabel.83~><~Game.2035~> FF13E3
$Saktan<~HighlightLabel.96~>261<~HighlightLabel.97~><~Game.2001~><~HighlightLabel.98~><~Game.2002~> E629BF
$Saktan<~Controls.644~>104 <~Controls.645~><~Game.2035~> 1D49EB
$episcopriest<~HighlightLabel.86~>213<~HighlightLabel.87~><~Game.2042~><~HighlightLabel.88~><~Game.2035~> A441B2
$episcopriest<~Controls.790~>248<~Controls.791~><~Game.2018~><~Controls.792~><~Game.2019~> DDA9D3
$episcopriest<~Controls.795~>213<~Controls.796~><~Game.2035~><~Controls.797~><~Game.1997~> 8FAE7F
<game> Saktan<~Controls.1~> 2 5 2 null
<Saktan> 1 BC330B
<Saktan> Wizards? 0B0603
<episcopriest> yes FDF3D4
$episcopriest<~Scribe.141~>123 <~Scribe.142~><~Game.2030~><~Scribe.143~><~Game.2036~><~Scribe.144~> ACCA81
$episcopriest<~Controls.644~>123 <~Controls.645~><~Game.2035~> 6815C5
$Saktan<~HighlightLabel.81~>100<~HighlightLabel.82~><~Game.2043~><~HighlightLabel.83~><~Game.2035~> 787ED2
<Saktan> MT E9CB75
$episcopriest<~Scribe.141~>085 084 083 082 081 <~Scribe.142~><~Game.1944~><~Scribe.143~><~Game.1994~><~Scribe.144~> 108813
$Saktan<~Scribe.141~>039 038 036 029 028 027 026 025 024 023 022 021 <~Scribe.142~><~Game.1942~><~Scribe.143~><~Game.1944~><~Scribe.144~> 3CDBC2
$episcopriest<~Scribe.141~>260 <~Scribe.142~><~Game.2002~><~Scribe.143~><~Game.2003~><~Scribe.144~> 9145CD
$Saktan<~HighlightLabel.101~>261<~HighlightLabel.102~><~Game.2002~><~HighlightLabel.103~><~Game.2003~> 9C0DA4
$Saktan<~Scribe.141~>261 <~Scribe.142~><~Game.2003~><~Scribe.143~><~Game.2002~><~Scribe.144~> AFD41D
$Saktan<~Controls.644~>100 <~Controls.645~><~Game.2035~> C73FD8
$episcopriest<~HighlightLabel.86~>210<~HighlightLabel.87~><~Game.2042~><~HighlightLabel.88~><~Game.2035~> 271975
$episcopriest<~Scribe.141~>276 <~Scribe.142~><~Game.2038~><~Scribe.143~><~Game.1920~><~Scribe.144~> EEDAF4
$episcopriest<~Controls.644~>210 <~Controls.645~><~Game.2035~> 026F38
$Saktan<~HighlightLabel.81~>101<~HighlightLabel.82~><~Game.2043~><~HighlightLabel.83~><~Game.2035~> E65FF5
$Saktan<~Scribe.141~>253 040 335 001 013 012 011 008 <~Scribe.142~><~Game.1928~><~Scribe.143~><~Game.1930~><~Scribe.144~> D252BA
$Saktan<~Scribe.141~>037 032 031 030 020 019 <~Scribe.142~><~Game.1969~><~Scribe.143~><~Game.1955~><~Scribe.144~> 36C4A8
$Saktan<~Scribe.141~>018 016 <~Scribe.142~><~Game.1969~><~Scribe.143~><~Game.1955~><~Scribe.144~> 6A5AE4
$Saktan<~Controls.644~>101 <~Controls.645~><~Game.2035~> 4ACA33
<episcopriest> pass D9411A
$episcopriest<~Controls.726~>213 212 <~Controls.727~><~Game.1997~><~Controls.728~><~Game.2042~> 6E87AB
$episcopriest<~Controls.731~>210 211 <~Controls.732~><~Game.2039~><~Controls.733~><~Game.2042~> 2F57B6
$Saktan<~Controls.757~>105 099 102 <~Controls.758~><~Game.1997~><~Controls.759~><~Game.2043~> 50C8FB
<~Game.7~>5 null
$Saktan<~Controls.762~>101 100 104 361 103 360 <~Controls.763~><~Game.2041~><~Controls.764~><~Game.2043~> 062C2C
$Saktan<~Controls.509~>200<~Controls.510~><~Game.2006~><~Controls.511~><~Controls.46~> null
$Saktan<~Controls.509~>185<~Controls.510~><~Game.2007~><~Controls.511~><~Controls.46~> null
$episcopriest<~Controls.509~>150<~Controls.510~><~Game.2005~><~Controls.511~><~Controls.45~> null
$episcopriest<~Controls.509~>126<~Controls.510~><~Game.2004~><~Controls.511~><~Controls.45~> null
$episcopriest<~Controls.296~>108 <~Controls.297~><~Controls.45~> 9E59BF
$Saktan<~Controls.281~>200 <~Controls.282~><~Controls.46~><~Controls.283~><~Game.2041~> 2CEF14
$episcopriest<~Controls.296~>129 <~Controls.297~><~Controls.45~> 8C41BF
<episcopriest> ok 71F527
<Saktan> 1e 89BAC7
$Saktan<~Controls.372~>101 D16C26
$Saktan<~Controls.345~>100 104 361 103 360 105 099 102 <~Controls.346~>11 15 11 10 10 13 14 13 null
$Saktan<~Controls.350~>100 104 361 103 360 105 099 102 null
$episcopriest<~Controls.345~>210 211 213 212 <~Controls.346~>1 1 3 2 null
$episcopriest<~HighlightLabel.86~>212<~HighlightLabel.87~><~Game.2042~><~HighlightLabel.88~><~Game.2035~> AC118C
$episcopriest<~CardBuffet.9~>reveal 126 A3E5B7EAFBDA5372DF2709909C1579D6683B5108 9<~CardBuffet.10~><~Controls.45~><~CardBuffet.11~> 1A56C9
$episcopriest<~Controls.296~>232 <~Controls.297~><~Game.2046~> 76029C
$episcopriest<~Controls.509~>125<~Controls.510~><~Game.2004~><~Controls.511~><~Controls.45~> null
$episcopriest<~Controls.644~>212 126 <~Controls.645~><~Game.2035~> 6C65D7
$Saktan<~HighlightLabel.81~>361<~HighlightLabel.82~><~Game.2043~><~HighlightLabel.83~><~Game.2035~> 07BA16
$Saktan<~Scribe.141~>253 040 335 001 013 012 011 008 <~Scribe.142~><~Game.1930~><~Scribe.143~><~Game.1921~><~Scribe.144~> F4D42A
$Saktan<~Scribe.141~>000 <~Scribe.142~><~Game.1914~><~Scribe.143~><~Game.1916~><~Scribe.144~> 5E1B84
$Saktan<~Controls.644~>361 <~Controls.645~><~Game.2035~> DEED99
$episcopriest<~HighlightLabel.86~>213<~HighlightLabel.87~><~Game.2042~><~HighlightLabel.88~><~Game.2035~> B63F10
$episcopriest<~Scribe.141~>259 <~Scribe.142~><~Game.2001~><~Scribe.143~><~Game.2002~><~Scribe.144~> 77C0AB
$episcopriest<~Controls.644~>213 <~Controls.645~><~Game.2035~> A3CB44
<episcopriest> no sorr C358C4
$episcopriest<~Controls.819~> 88FCD4
$episcopriest<~Controls.819~> 8574F4
$episcopriest<~Controls.819~> 23E02C
$episcopriest<~Scribe.141~>426 <~Scribe.142~><~Game.2042~><~Scribe.143~><~Game.2035~><~Scribe.144~> 0E0984
$episcopriest<~Scribe.141~>259 <~Scribe.142~><~Game.2001~><~Scribe.143~><~Game.2002~><~Scribe.144~> 361F9B
$episcopriest<~Controls.644~>426 <~Controls.645~><~Game.2035~> 8192D2
<episcopriest> ok ED7347
$Saktan<~HighlightLabel.81~>360<~HighlightLabel.82~><~Game.2043~><~HighlightLabel.83~><~Game.2035~> 1C80BD
$Saktan<~CardBuffet.14~>reveal 206 D3A502DBED7187DCAC7532B33F798B9B3C8A989A 23<~CardBuffet.15~><~Controls.46~><~CardBuffet.16~> 3451AC
$Saktan<~Scribe.141~>331 332 <~Scribe.142~><~Game.2040~><~Scribe.143~><~Game.1910~><~Scribe.144~> 8BBC1F
$Saktan<~Scribe.141~>330 329 <~Scribe.142~><~Game.2040~><~Scribe.143~><~Game.1914~><~Scribe.144~> C5D993
<episcopriest> nice 495EE3
$Saktan<~Scribe.141~>323 322 <~Scribe.142~><~Game.2040~><~Scribe.143~><~Game.1919~><~Scribe.144~> 81CC11
$Saktan<~Controls.644~>360 206 <~Controls.645~><~Game.2035~> DE408E
<Saktan> thanks FDEB4A
<episcopriest> pass 88A851
$Saktan<~HighlightLabel.81~>105<~HighlightLabel.82~><~Game.2043~><~HighlightLabel.83~><~Game.2035~> A06454
<Saktan> Osg from SI 50C007
<Saktan> nc 833DF7
$episcopriest<~CardBuffet.9~>reveal 145 9825861FDDA4BC139763E78C21CBE3CBE1196FDE 15<~CardBuffet.10~><~Controls.45~><~CardBuffet.11~> 42F48F
$episcopriest<~Scribe.141~>080 079 <~Scribe.142~><~Game.1943~><~Scribe.143~><~Game.1931~><~Scribe.144~> DC5B75
$Saktan<~Scribe.141~>037 018 016 032 031 030 020 019 <~Scribe.142~><~Game.1955~><~Scribe.143~><~Game.1943~><~Scribe.144~> E16656
$Saktan<~Controls.644~>105 145 <~Controls.645~><~Game.2035~> EEB277
<episcopriest> pass 5AD5F7
$Saktan<~HighlightLabel.81~>102<~HighlightLabel.82~><~Game.2043~><~HighlightLabel.83~><~Game.2035~> BA7037
<Saktan> Ford of isen from WK 9F4D10
$Saktan<~Controls.840~>207 38E09F
$episcopriest<~Scribe.141~>259 <~Scribe.142~><~Game.2002~><~Scribe.143~><~Game.2003~><~Scribe.144~> E6947E
<episcopriest> nc 8D8ADC
<auto><~Controls.866~>reveal 207 9CDFF731AD321D288F508C9640C80EA95ADD1E5D 2<~Controls.867~><~Controls.46~><~Controls.868~><~Game.2036~> 7CC702
<game> Saktan<~Controls.1~> 5 3 4 3 3 null
<game> Saktan<~Controls.1~> 6 3 5 null
<Saktan> 1 C6AFCC
<game> episcopriest<~Controls.1~> 3 null
<episcopriest> 0 BCBA8B
$Saktan<~Scribe.141~>253 040 335 001 013 012 011 008 <~Scribe.142~><~Game.1921~><~Scribe.143~><~Game.1918~><~Scribe.144~> 6C6151
$episcopriest<~Scribe.141~>069 <~Scribe.142~><~Game.1918~><~Scribe.143~><~Game.2036~><~Scribe.144~> 82A9A4
$Saktan<~Controls.644~>102 207 069 <~Controls.645~><~Game.2035~> 06722E
$episcopriest<~HighlightLabel.86~>213<~HighlightLabel.87~><~Game.2042~><~HighlightLabel.88~><~Game.2035~> E5AD7C
$episcopriest<~Scribe.141~>288 <~Scribe.142~><~Game.2038~><~Scribe.143~><~Game.1923~><~Scribe.144~> 48E2E0
$episcopriest<~Controls.644~>213 <~Controls.645~><~Game.2035~> 3288F3
$Saktan<~HighlightLabel.81~>100<~HighlightLabel.82~><~Game.2043~><~HighlightLabel.83~><~Game.2035~> DAE56C
<Saktan> HD 7D28C3
$episcopriest<~Scribe.141~>074 288 073 070 072 071 <~Scribe.142~><~Game.1923~><~Scribe.143~><~Game.1993~><~Scribe.144~> 21F398
$Saktan<~Scribe.141~>253 040 335 001 013 012 011 008 <~Scribe.142~><~Game.1918~><~Scribe.143~><~Game.1923~><~Scribe.144~> A71C3C
$Saktan<~Controls.644~>100 <~Controls.645~><~Game.2035~> 904F24
$episcopriest<~HighlightLabel.86~>211<~HighlightLabel.87~><~Game.2042~><~HighlightLabel.88~><~Game.2035~> 333187
$episcopriest<~Controls.790~>248<~Controls.791~><~Game.2019~><~Controls.792~><~Game.2020~> 5300C3
$episcopriest<~Controls.795~>211<~Controls.796~><~Game.2035~><~Controls.797~><~Game.1997~> 854D63
<game> Saktan<~Controls.1~> 1 5 null
<Saktan> safe 96315A
$Saktan<~HighlightLabel.81~>103<~HighlightLabel.82~><~Game.2043~><~HighlightLabel.83~><~Game.2035~> 4256F8
$Saktan<~HighlightLabel.101~>261<~HighlightLabel.102~><~Game.2002~><~HighlightLabel.103~><~Game.2003~> C6391D
$Saktan<~Controls.644~>103 <~Controls.645~><~Game.2035~> 8D163B
$episcopriest<~HighlightLabel.86~>210<~HighlightLabel.87~><~Game.2042~><~HighlightLabel.88~><~Game.2035~> 3016B5
$episcopriest<~Controls.790~>248<~Controls.791~><~Game.2020~><~Controls.792~><~Game.2021~> 535E0F
$episcopriest<~Controls.795~>210<~Controls.796~><~Game.2035~><~Controls.797~><~Game.1997~> 963150
<game> Saktan<~Controls.1~> 1 1 null
<Saktan> safe BE472B
$Saktan<~HighlightLabel.81~>099<~HighlightLabel.82~><~Game.2043~><~HighlightLabel.83~><~Game.2035~> BFC249
<episcopriest> having a nice stroll to mordor E10644
<Saktan> haha yes you are EF4B49
$Saktan<~CardBuffet.14~>reveal 184 D3B8E2C0B94BE9E3D35B84A7AEF1BFAA10DD944D 6<~CardBuffet.15~><~Controls.46~><~CardBuffet.16~> D28A1A
<Saktan> DA leave 1 3F2D5E
$episcopriest<~Scribe.141~>276 077 076 075 <~Scribe.142~><~Game.1920~><~Scribe.143~><~Game.1995~><~Scribe.144~> F7AFAF
$Saktan<~Scribe.141~>055 057 049 048 047 046 045 043 042 <~Scribe.142~><~Game.1932~><~Scribe.143~><~Game.1920~><~Scribe.144~> F33E8A
$Saktan<~Controls.644~>099 184 <~Controls.645~><~Game.2035~> A60DFF
$episcopriest<~Controls.726~>210 211 <~Controls.727~><~Game.1997~><~Controls.728~><~Game.2042~> A03ED8
$episcopriest<~Controls.731~>213 212 <~Controls.732~><~Game.2039~><~Controls.733~><~Game.2042~> 582950
$Saktan<~Controls.757~>104 101 <~Controls.758~><~Game.1997~><~Controls.759~><~Game.2043~> 13AD91
<~Game.7~>6 null
$Saktan<~Controls.762~>099 103 100 102 105 360 361 <~Controls.763~><~Game.2041~><~Controls.764~><~Game.2043~> 2C4C76
$Saktan<~Controls.509~>158<~Controls.510~><~Game.2006~><~Controls.511~><~Controls.46~> null
$Saktan<~Controls.509~>187<~Controls.510~><~Game.2007~><~Controls.511~><~Controls.46~> null
$episcopriest<~Controls.509~>149<~Controls.510~><~Game.2004~><~Controls.511~><~Controls.45~> null
$episcopriest<~Controls.509~>140<~Controls.510~><~Game.2005~><~Controls.511~><~Controls.45~> null
$episcopriest<~Controls.296~>149 <~Controls.297~><~Controls.45~> C4D08C
<episcopriest> ok 5AD407
<Saktan> 1e 617BA9
$Saktan<~Controls.372~>099 8F242D
$Saktan<~Controls.345~>103 100 102 105 360 361 104 101 <~Controls.346~>15 12 11 11 12 12 10 13 null
$Saktan<~Controls.350~>103 100 102 105 360 361 104 101 null
$episcopriest<~Controls.345~>213 212 210 211 <~Controls.346~>3 1 3 3 null
$episcopriest<~Scribe.141~>427 <~Scribe.142~><~Game.2042~><~Scribe.143~><~Game.2035~><~Scribe.144~> E61485
$episcopriest<~Controls.509~>134<~Controls.510~><~Game.2005~><~Controls.511~><~Controls.45~> null
$episcopriest<~Controls.296~>125 <~Controls.297~><~Controls.45~> 61EEE9
$episcopriest<~Controls.644~>427 <~Controls.645~><~Game.2035~> F6E47D
$Saktan<~HighlightLabel.81~>360<~HighlightLabel.82~><~Game.2043~><~HighlightLabel.83~><~Game.2035~> 1C531F
$Saktan<~Scribe.141~>323 322 006 002 005 004 003 <~Scribe.142~><~Game.1919~><~Scribe.143~><~Game.1918~><~Scribe.144~> 89915C
$Saktan<~Scribe.141~>019 <~Scribe.142~><~Game.1943~><~Scribe.143~><~Game.1935~><~Scribe.144~> 50B177
$Saktan<~Scribe.141~>420 <~Scribe.142~><~Game.2040~><~Scribe.143~><~Game.1935~><~Scribe.144~> 6CEDDB
$Saktan<~Controls.644~>360 <~Controls.645~><~Game.2035~> 234066
$episcopriest<~HighlightLabel.86~>212<~HighlightLabel.87~><~Game.2042~><~HighlightLabel.88~><~Game.2035~> 17861B
$episcopriest<~Controls.790~>248<~Controls.791~><~Game.2021~><~Controls.792~><~Game.2022~> A84C5B
$episcopriest<~Controls.795~>212<~Controls.796~><~Game.2035~><~Controls.797~><~Game.1997~> DE71A5
<game> Saktan<~Controls.1~> 2 1 null
<Saktan> dang 9E9422
<Saktan> haha DE0E3B
$Saktan<~HighlightLabel.81~>361<~HighlightLabel.82~><~Game.2043~><~HighlightLabel.83~><~Game.2035~> 611EA7
<episcopriest> yeah A2886D
$Saktan<~Scribe.141~>323 322 006 002 <~Scribe.142~><~Game.1918~><~Scribe.143~><~Game.1923~><~Scribe.144~> EF2CFD
$Saktan<~Scribe.141~>005 004 003 <~Scribe.142~><~Game.1918~><~Scribe.143~><~Game.1925~><~Scribe.144~> 49DDF7
$Saktan<~Scribe.141~>418 <~Scribe.142~><~Game.2040~><~Scribe.143~><~Game.1925~><~Scribe.144~> EF06D8
$Saktan<~Controls.644~>361 <~Controls.645~><~Game.2035~> 010ADD
$episcopriest<~HighlightLabel.86~>211<~HighlightLabel.87~><~Game.2042~><~HighlightLabel.88~><~Game.2035~> 7BFF44
$episcopriest<~Scribe.141~>291 <~Scribe.142~><~Game.2038~><~Scribe.143~><~Game.1929~><~Scribe.144~> 988593
$episcopriest<~Scribe.141~>280 <~Scribe.142~><~Game.2038~><~Scribe.143~><~Game.1931~><~Scribe.144~> A8D505
$episcopriest<~Controls.644~>211 <~Controls.645~><~Game.2035~> AD42B6
$Saktan<~HighlightLabel.81~>100<~HighlightLabel.82~><~Game.2043~><~HighlightLabel.83~><~Game.2035~> D87C7B
$Saktan<~Scribe.141~>004 <~Scribe.142~><~Game.1925~><~Scribe.143~><~Game.1933~><~Scribe.144~> 5220AC
$Saktan<~Scribe.141~>417 <~Scribe.142~><~Game.2040~><~Scribe.143~><~Game.1933~><~Scribe.144~> ADC76B
$Saktan<~Scribe.141~>018 <~Scribe.142~><~Game.1943~><~Scribe.143~><~Game.1942~><~Scribe.144~> 70075D
$Saktan<~Controls.644~>100 <~Controls.645~><~Game.2035~> D6AFAB
$episcopriest<~HighlightLabel.86~>210<~HighlightLabel.87~><~Game.2042~><~HighlightLabel.88~><~Game.2035~> 41FB6D
$episcopriest<~Scribe.141~>270 <~Scribe.142~><~Game.2038~><~Scribe.143~><~Game.1931~><~Scribe.144~> 0C81A3
$episcopriest<~Scribe.141~>277 <~Scribe.142~><~Game.2038~><~Scribe.143~><~Game.1924~><~Scribe.144~> 669369
$episcopriest<~Controls.644~>210 <~Controls.645~><~Game.2035~> 3D8AB7
$Saktan<~HighlightLabel.81~>105<~HighlightLabel.82~><~Game.2043~><~HighlightLabel.83~><~Game.2035~> 64FC10
<Saktan> HD BB3BB6
$Saktan<~Controls.840~>185 8D2B5B
$episcopriest<~Controls.840~>140 ABED62
<auto> playchosen DA4327
<auto><~Controls.3~>reveal 140 30C339B30A9518F29CFA58D71DC149151C3A6998 21<~Controls.884~><~Controls.45~><~Controls.885~><~Game.2037~> BA00D3
<auto><~Controls.866~>reveal 185 A4ACDC67DAE7655C032BEBE60E024E73E8558EA6 21<~Controls.867~><~Controls.46~><~Controls.868~><~Game.2036~> 60B79E
<auto> playchosen 264F6A
<Saktan> nice FF2C72
<game> Saktan<~Controls.1~> 4 4 2 null
<game> Saktan<~Controls.1~> 4 2 1 null
<Saktan> 0 93EECB
<game> episcopriest<~Controls.1~> 1 6 5 2 3 null
<game> episcopriest<~Controls.1~> 3 null
<episcopriest> 2 DBBE0B
$Saktan<~Scribe.141~>011 008 <~Scribe.142~><~Game.1923~><~Scribe.143~><~Game.2036~><~Scribe.144~> F61A8F
<Saktan> post 4927C3
<game> Saktan<~Controls.1~> 6 1 1 1 null
<Saktan> 1 19E28E
$episcopriest<~Controls.304~>073 <~Controls.305~><~Game.1993~> 8FA96D
$episcopriest<~Controls.313~>069 <~Controls.308~><~Controls.314~><~Game.1993~> 88ACA3
<Saktan> press/draw F83577
$Saktan<~Controls.304~>335 <~Controls.305~><~Game.1923~> 8F0D98
$Saktan<~Controls.313~>014 <~Controls.307~><~Controls.314~><~Game.1923~> D2451F
$Saktan<~Controls.509~>190<~Controls.510~><~Game.2007~><~Controls.511~><~Controls.46~> null
$Saktan<~Controls.662~>185 011 008 140 <~Controls.663~><~Game.2035~> 8758E0
$Saktan<~Controls.840~>191 CABD60
$episcopriest<~Controls.840~>134 ECCAB4
<auto> playchosen 4BBABC
<auto><~Controls.3~>reveal 134 5177BF4F9DCB49B7C9A41444B71EDAC758F2464A 11<~Controls.884~><~Controls.45~><~Controls.885~><~Game.2037~> CB976A
<auto><~Controls.866~>reveal 191 22F0C4346B08FB4570644EA6896A3A5BA4F59DF8 12<~Controls.867~><~Controls.46~><~Controls.868~><~Game.2036~> 09BB18
<auto> playchosen 3D9DC2
<episcopriest> bummer 730BF1
<game> Saktan<~Controls.1~> 1 6 6 5 3 null
<game> Saktan<~Controls.1~> 4 2 4 null
<Saktan> 2 9548A9
<game> episcopriest<~Controls.1~> 1 3 3 5 2 null
<game> episcopriest<~Controls.1~> 5 null
<episcopriest> 2 FBBFC0
<Saktan> no reroll D1D995
<Saktan> just 1 3D3521
<episcopriest> yes sorry 4D1366
<Saktan> np 149034
<episcopriest> 1 27C06E
$Saktan<~Scribe.141~>012 <~Scribe.142~><~Game.1923~><~Scribe.143~><~Game.2036~><~Scribe.144~> B016AE
$episcopriest<~Scribe.141~>288 <~Scribe.142~><~Game.1993~><~Scribe.143~><~Game.2037~><~Scribe.144~> 6EC4A7
<Saktan> press 5CD7E0
$Saktan<~Controls.304~>006 <~Controls.305~><~Game.1923~> 7C2B64
$Saktan<~Controls.313~>328 <~Controls.307~><~Controls.314~><~Game.1923~> 9884E8
$Saktan<~Controls.662~>191 012 134 288 <~Controls.663~><~Game.2035~> E5661C
<Saktan> nc E71C5E
$episcopriest<~CardBuffet.9~>reveal 148 0E719B5ACE41EEA8B5FF0F3559273ECAC00F95B8 4<~CardBuffet.10~><~Controls.45~><~CardBuffet.11~> 68F2C3
<Saktan> nice B118EC
<game> Saktan<~Controls.1~> 6 5 5 3 4 null
<game> Saktan<~Controls.1~> 3 2 2 4 null
<Saktan> 1 5B3C1C
<game> episcopriest<~Controls.1~> 3 5 4 3 null
<game> episcopriest<~Controls.1~> 2 null
<episcopriest> 3 D623E2
$episcopriest<~Scribe.141~>069 <~Scribe.142~><~Game.1993~><~Scribe.143~><~Game.2037~><~Scribe.144~> 5FB43D
$Saktan<~Scribe.141~>001 014 013 <~Scribe.142~><~Game.1923~><~Scribe.143~><~Game.2036~><~Scribe.144~> 711BBD
<Saktan> stop 36B112
$Saktan<~Controls.644~>105 001 014 013 148 069 <~Controls.645~><~Game.2035~> 24DBBF
<episcopriest> pass 017660
$Saktan<~HighlightLabel.81~>104<~HighlightLabel.82~><~Game.2043~><~HighlightLabel.83~><~Game.2035~> 19B737
$Saktan<~Controls.819~> 1CE9E6
$Saktan<~HighlightLabel.81~>101<~HighlightLabel.82~><~Game.2043~><~HighlightLabel.83~><~Game.2035~> 57B7A2
$Saktan<~Scribe.141~>253 040 <~Scribe.142~><~Game.1923~><~Scribe.143~><~Game.1920~><~Scribe.144~> F0BE9E
$Saktan<~Scribe.141~>038 <~Scribe.142~><~Game.1944~><~Scribe.143~><~Game.1920~><~Scribe.144~> D3614D
$Saktan<~Scribe.141~>039 <~Scribe.142~><~Game.1944~><~Scribe.143~><~Game.1920~><~Scribe.144~> FDE466
$Saktan<~Controls.644~>101 <~Controls.645~><~Game.2035~> DAEAE5
$episcopriest<~HighlightLabel.86~>213<~HighlightLabel.87~><~Game.2042~><~HighlightLabel.88~><~Game.2035~> A3B21E
$episcopriest<~Controls.819~> FDBA00
<episcopriest> pass 82408D
$Saktan<~HighlightLabel.81~>104<~HighlightLabel.82~><~Game.2043~><~HighlightLabel.83~><~Game.2035~> FF2FC8
$Saktan<~Controls.819~> 15BE1F
$Saktan<~HighlightLabel.81~>102<~HighlightLabel.82~><~Game.2043~><~HighlightLabel.83~><~Game.2035~> 558F1B
<Saktan> DA 7D36FC
$Saktan<~Controls.840~>190 5040AE
$episcopriest<~Controls.840~>150 BC9AB2
<auto> playchosen C6D333
<auto><~Controls.3~>reveal 150 C1739D5CA58A5E62CFFDFE9CD82856E9C7422299 6<~Controls.884~><~Controls.45~><~Controls.885~><~Game.2037~> 02CD6D
<auto><~Controls.866~>reveal 190 E06E51D622B90BC59C15826DE94C22058A703D4A 7<~Controls.867~><~Controls.46~><~Controls.868~><~Game.2036~> 1C0291
<auto> playchosen 62C0FB
<game> Saktan<~Controls.1~> 1 1 4 null
<game> Saktan<~Controls.1~> 4 3 5 null
<Saktan> 0 02B612
<game> episcopriest<~Controls.1~> 5 6 4 6 null
<episcopriest> wow 214FF8
<episcopriest> 3 395808
<episcopriest> lucky AEB5CC
$Saktan<~Scribe.141~>048 043 042 <~Scribe.142~><~Game.1920~><~Scribe.143~><~Game.2036~><~Scribe.144~> A4F62B
<Saktan> press/draw 87ED16
$Saktan<~Controls.304~>055 <~Controls.305~><~Game.1920~> 773FC5
$Saktan<~Controls.313~>357 <~Controls.307~><~Controls.314~><~Game.1920~> D96421
$Saktan<~Controls.509~>197<~Controls.510~><~Game.2007~><~Controls.511~><~Controls.46~> null
$Saktan<~Controls.662~>190 048 043 042 150 <~Controls.663~><~Game.2035~> 3B962B
$Saktan<~Controls.840~>187 125965
<episcopriest> nc AF5919
<auto><~Controls.866~>reveal 187 C82A54E1E013A39CCCA908F65FADC4734A246568 11<~Controls.867~><~Controls.46~><~Controls.868~><~Game.2036~> D5746B
<game> Saktan<~Controls.1~> 5 5 2 5 1 null
<game> Saktan<~Controls.1~> 1 6 3 1 4 null
<Saktan> 1 9A2711
<game> episcopriest<~Controls.1~> 3 4 3 5 null
<episcopriest> 1 10916B
$Saktan<~Scribe.141~>045 <~Scribe.142~><~Game.1920~><~Scribe.143~><~Game.2036~><~Scribe.144~> 888344
<Saktan> stop 1196AA
$Saktan<~Controls.644~>102 187 045 <~Controls.645~><~Game.2035~> 4C8232
$episcopriest<~Scribe.141~>077 <~Scribe.142~><~Game.1995~><~Scribe.143~><~Game.2037~><~Scribe.144~> 9257BC
$episcopriest<~Controls.644~>077 <~Controls.645~><~Game.2035~> C85C24
$episcopriest<~HighlightLabel.86~>213<~HighlightLabel.87~><~Game.2042~><~HighlightLabel.88~><~Game.2035~> 234029
$episcopriest<~CardBuffet.9~>reveal 147 8FD2635A1F1F0D768BBAD9380E415A7AF06847C1 20<~CardBuffet.10~><~Controls.45~><~CardBuffet.11~> E53470
<Saktan> nice D01C35
$episcopriest<~Scribe.141~>266 267 <~Scribe.142~><~Game.2038~><~Scribe.143~><~Game.1995~><~Scribe.144~> E6904A
<episcopriest> hoping i'd get a chance to play that, you had me sweating! 47A98D
$episcopriest<~Controls.644~>213 147 <~Controls.645~><~Game.2035~> 6635BC
$Saktan<~HighlightLabel.81~>104<~HighlightLabel.82~><~Game.2043~><~HighlightLabel.83~><~Game.2035~> 2CEA00
$Saktan<~Scribe.141~>324 <~Scribe.142~><~Game.2040~><~Scribe.143~><~Game.1919~><~Scribe.144~> 22601C
$Saktan<~Controls.644~>104 <~Controls.645~><~Game.2035~> 9EF56B
$episcopriest<~Controls.726~>212 <~Controls.727~><~Game.1997~><~Controls.728~><~Game.2042~> EDB847
$episcopriest<~Controls.731~>213 210 211 <~Controls.732~><~Game.2039~><~Controls.733~><~Game.2042~> 27E917
$Saktan<~Controls.757~>103 099 <~Controls.758~><~Game.1997~><~Controls.759~><~Game.2043~> 9BD0ED
<~Game.7~>7 null
$Saktan<~Controls.762~>104 102 101 105 100 361 360 <~Controls.763~><~Game.2041~><~Controls.764~><~Game.2043~> 319384
$Saktan<~Controls.509~>177<~Controls.510~><~Game.2006~><~Controls.511~><~Controls.46~> null
$Saktan<~Controls.509~>192<~Controls.510~><~Game.2007~><~Controls.511~><~Controls.46~> null
$episcopriest<~Controls.509~>135<~Controls.510~><~Game.2004~><~Controls.511~><~Controls.45~> null
$episcopriest<~Controls.509~>122<~Controls.510~><~Game.2005~><~Controls.511~><~Controls.45~> null
<episcopriest> fsp ok 28BAA9
<Saktan> 1e 3E8D71
$Saktan<~Controls.372~>104 B5DCC2
$Saktan<~Controls.345~>102 101 105 100 361 360 103 099 <~Controls.346~>11 12 15 11 15 15 12 12 null
$Saktan<~Controls.350~>102 101 105 100 361 360 103 099 null
$episcopriest<~Controls.345~>213 210 211 212 <~Controls.346~>1 1 4 4 null
$episcopriest<~HighlightLabel.86~>210<~HighlightLabel.87~><~Game.2042~><~HighlightLabel.88~><~Game.2035~> B794E7
$episcopriest<~Controls.790~>248<~Controls.791~><~Game.2022~><~Controls.792~><~Game.2023~> 60D016
$episcopriest<~Controls.795~>210<~Controls.796~><~Game.2035~><~Controls.797~><~Game.1997~> 3407BD
<game> Saktan<~Controls.1~> 3 3 4 5 null
<Saktan> lol 52ED54
<Saktan> i guess getting into mordor 3EED93
<episcopriest> crazy lucky F05F13
<Saktan> thinking 63A391
<episcopriest> tyt 82A979
$Saktan<~HighlightLabel.81~>101<~HighlightLabel.82~><~Game.2043~><~HighlightLabel.83~><~Game.2035~> 2A25DD
$Saktan<~Controls.819~> E9B198
$Saktan<~HighlightLabel.81~>100<~HighlightLabel.82~><~Game.2043~><~HighlightLabel.83~><~Game.2035~> 0C65E0
$Saktan<~Scribe.141~>325 <~Scribe.142~><~Game.2040~><~Scribe.143~><~Game.1919~><~Scribe.144~> 00B206
$Saktan<~Controls.644~>100 <~Controls.645~><~Game.2035~> C65C9F
$episcopriest<~HighlightLabel.86~>213<~HighlightLabel.87~><~Game.2042~><~HighlightLabel.88~><~Game.2035~> 31D5D3
$episcopriest<~Controls.790~>248<~Controls.791~><~Game.2023~><~Controls.792~><~Game.2024~> 3D0065
$episcopriest<~Controls.795~>213<~Controls.796~><~Game.2035~><~Controls.797~><~Game.1997~> A0EB18
<game> Saktan<~Controls.1~> 3 4 5 4 null
$Saktan<~Controls.624~>222<~Controls.625~><~Game.2044~><~Controls.626~><~Game.2037~> null
<Saktan> 1r B31BA8
$episcopriest<~Scribe.141~>144 <~Scribe.142~><~Game.2029~><~Scribe.143~><~Game.2036~><~Scribe.144~> 7C9F09
$episcopriest<~Scribe.141~>247 <~Scribe.142~><~Game.1911~><~Scribe.143~><~Game.1974~><~Scribe.144~> BD208C
$episcopriest<~Controls.323~>247 929688
$Saktan<~Scribe.141~>222 <~Scribe.142~><~Game.2037~><~Scribe.143~><~Game.2036~><~Scribe.144~> 1DDBEC
<Saktan> moria DEEAF9
$Saktan<~Controls.624~>227<~Controls.625~><~Game.2044~><~Controls.626~><~Game.2037~> null
<Saktan> lol D1891A
$episcopriest<~Scribe.141~>240 <~Scribe.142~><~Game.1999~><~Scribe.143~><~Game.2036~><~Scribe.144~> 174033
$Saktan<~Scribe.141~>227 <~Scribe.142~><~Game.2037~><~Scribe.143~><~Game.2036~><~Scribe.144~> 30F634
<episcopriest> morannon EE6D26
<Saktan> yep EA65BB
$Saktan<~Controls.624~>216<~Controls.625~><~Game.2044~><~Controls.626~><~Game.2037~> null
$episcopriest<~Scribe.141~>252 <~Scribe.142~><~Game.2015~><~Scribe.143~><~Game.2016~><~Scribe.144~> B4C595
$episcopriest<~Scribe.141~>241 <~Scribe.142~><~Game.1998~><~Scribe.143~><~Game.1999~><~Scribe.144~> C7740B
$episcopriest<~Controls.644~>144 227 222 240 216 <~Controls.645~><~Game.2035~> 32F217
$Saktan<~HighlightLabel.81~>099<~HighlightLabel.82~><~Game.2043~><~HighlightLabel.83~><~Game.2035~> 883BA4
$Saktan<~Scribe.141~>325 324 <~Scribe.142~><~Game.1919~><~Scribe.143~><~Game.1918~><~Scribe.144~> 2A83A1
$Saktan<~Scribe.141~>330 329 <~Scribe.142~><~Game.1914~><~Scribe.143~><~Game.1910~><~Scribe.144~> 8371EE
$Saktan<~Controls.644~>099 <~Controls.645~><~Game.2035~> C0FA2A
$episcopriest<~HighlightLabel.86~>212<~HighlightLabel.87~><~Game.2042~><~HighlightLabel.88~><~Game.2035~> 975708
$episcopriest<~Controls.323~>247 6D94D5
$episcopriest<~Controls.644~>212 <~Controls.645~><~Game.2035~> 4D88F1
$Saktan<~HighlightLabel.81~>103<~HighlightLabel.82~><~Game.2043~><~HighlightLabel.83~><~Game.2035~> B6BB38
$Saktan<~Scribe.141~>325 324 <~Scribe.142~><~Game.1918~><~Scribe.143~><~Game.1923~><~Scribe.144~> F9C660
$Saktan<~Scribe.141~>330 329 331 332 <~Scribe.142~><~Game.1910~><~Scribe.143~><~Game.1912~><~Scribe.144~> C07D5D
$Saktan<~Controls.644~>103 <~Controls.645~><~Game.2035~> 6A55DE
$episcopriest<~HighlightLabel.86~>211<~HighlightLabel.87~><~Game.2042~><~HighlightLabel.88~><~Game.2035~> 3C36F1
$episcopriest<~Scribe.141~>274 <~Scribe.142~><~Game.2038~><~Scribe.143~><~Game.1931~><~Scribe.144~> 4F9955
$episcopriest<~Controls.644~>211 <~Controls.645~><~Game.2035~> 397260
$Saktan<~HighlightLabel.81~>101<~HighlightLabel.82~><~Game.2043~><~HighlightLabel.83~><~Game.2035~> 5EAC74
<Saktan> HD D91EF5
<Saktan> nc E7FFD2
<episcopriest> nc 0D7084
<game> Saktan<~Controls.1~> 1 2 5 4 6 null
<game> Saktan<~Controls.1~> 5 2 4 2 null
<Saktan> 1 733288
<game> episcopriest<~Controls.1~> 5 4 4 null
<game> episcopriest<~Controls.1~> 5 null
<episcopriest> 2 03DF2A
$Saktan<~Scribe.141~>322 <~Scribe.142~><~Game.1923~><~Scribe.143~><~Game.2036~><~Scribe.144~> 360FC7
$episcopriest<~Scribe.141~>070 <~Scribe.142~><~Game.1993~><~Scribe.143~><~Game.2037~><~Scribe.144~> 321181
<Saktan> press 33A798
<Saktan> nc 4DDCF4
<episcopriest> nc 3EE356
$Saktan<~Controls.304~>324 <~Controls.305~><~Game.1923~> 8002A6
$Saktan<~Controls.313~>001 <~Controls.307~><~Controls.314~><~Game.1923~> 935497
$Saktan<~Controls.662~>322 070 <~Controls.663~><~Game.2035~> ADC3D6
<game> Saktan<~Controls.1~> 6 3 4 4 1 null
<game> Saktan<~Controls.1~> 3 2 null
<Saktan> 1 FF2E0B
<game> episcopriest<~Controls.1~> 3 4 null
<game> episcopriest<~Controls.1~> 1 null
<episcopriest> 0 87F929
<Saktan> press, nc 45E1EF
$Saktan<~Controls.304~>323 <~Controls.305~><~Game.1923~> DB6918
$Saktan<~Controls.313~>327 <~Controls.307~><~Controls.314~><~Game.1923~> 291609
$episcopriest<~Scribe.141~>072 <~Scribe.142~><~Game.1993~><~Scribe.143~><~Game.2037~><~Scribe.144~> DA0F0E
$Saktan<~Controls.662~>072 <~Controls.663~><~Game.2035~> 1C9FDA
<Saktan> nc 503B04
<episcopriest> nc 0C07E7
<game> Saktan<~Controls.1~> 3 4 5 5 6 null
<Saktan> 1 6C08A4
<game> episcopriest<~Controls.1~> 3 null
<game> episcopriest<~Controls.1~> 6 null
<episcopriest> 1 25FA87
$Saktan<~Scribe.141~>327 <~Scribe.142~><~Game.1923~><~Scribe.143~><~Game.2037~><~Scribe.144~> 9D96C6
$episcopriest<~Scribe.141~>074 071 <~Scribe.142~><~Game.1993~><~Scribe.143~><~Game.2036~><~Scribe.144~> 20380A
$Saktan<~Scribe.141~>423 <~Scribe.142~><~Game.29~><~Scribe.143~><~Game.31~><~Scribe.144~> 8B3EFE
$Saktan<~Controls.644~>101 074 071 327 <~Controls.645~><~Game.2035~> 62AD88
$Saktan<~HighlightLabel.81~>102<~HighlightLabel.82~><~Game.2043~><~HighlightLabel.83~><~Game.2035~> 390CBC
$Saktan<~Scribe.141~>325 001 328 002 <~Scribe.142~><~Game.1923~><~Scribe.143~><~Game.1925~><~Scribe.144~> 538991
$Saktan<~Scribe.141~>416 <~Scribe.142~><~Game.2040~><~Scribe.143~><~Game.1923~><~Scribe.144~> 10467B
$Saktan<~Scribe.141~>056 054 053 052 051 050 <~Scribe.142~><~Game.1984~><~Scribe.143~><~Game.1980~><~Scribe.144~> 5E7CAD
$Saktan<~Controls.644~>102 <~Controls.645~><~Game.2035~> 185FBB
$Saktan<~Controls.757~>105 361 360 104 <~Controls.758~><~Game.1997~><~Controls.759~><~Game.2043~> 37359F
$Saktan<~Controls.762~>102 101 103 099 100 <~Controls.763~><~Game.2041~><~Controls.764~><~Game.2043~> 1C5F48
$episcopriest<~Controls.726~>213 210 <~Controls.727~><~Game.1997~><~Controls.728~><~Game.2042~> 091007
<~Game.7~>8 null
$episcopriest<~Controls.731~>211 212 <~Controls.732~><~Game.2039~><~Controls.733~><~Game.2042~> 8D29EA
<episcopriest> ok let's get some movement 7CD078
$Saktan<~Controls.509~>182<~Controls.510~><~Game.2006~><~Controls.511~><~Controls.46~> null
$Saktan<~Controls.509~>183<~Controls.510~><~Game.2007~><~Controls.511~><~Controls.46~> null
$episcopriest<~Controls.509~>120<~Controls.510~><~Game.2005~><~Controls.511~><~Controls.45~> null
$episcopriest<~Controls.509~>128<~Controls.510~><~Game.2004~><~Controls.511~><~Controls.45~> null
$Saktan<~Controls.281~>182 <~Controls.282~><~Controls.46~><~Controls.283~><~Game.2041~> 1A4836
<episcopriest> fsp ok 33A5C1
<Saktan> 2e 4C5803
<Saktan> actually 08415A
<Saktan> you're declaring right A1414A
<episcopriest> yes C246A4
$Saktan<~Scribe.141~>247 <~Scribe.142~><~Game.1974~><~Scribe.143~><~Game.524~><~Scribe.144~> 90D84C
$Saktan<~Controls.281~>233 222 232 235 237 <~Controls.282~><~Game.2045~><~Controls.283~><~Game.2044~> 6E0AE4
<Saktan> ok 16C453
<episcopriest> thx, sorry E2352A
<Saktan> 2e 875508
$Saktan<~Controls.372~>102 898B51
$Saktan<~Controls.372~>101 A57D32
$Saktan<~Controls.345~>103 099 100 105 361 360 104 <~Controls.346~>11 10 10 12 13 14 14 null
$Saktan<~Controls.350~>103 099 100 105 361 360 104 null
$episcopriest<~Controls.345~>211 212 213 210 <~Controls.346~>1 1 4 3 null
<episcopriest> hmm 2275A5
$episcopriest<~HighlightLabel.86~>212<~HighlightLabel.87~><~Game.2042~><~HighlightLabel.88~><~Game.2035~> 7F032F
$episcopriest<~Controls.790~>247<~Controls.791~><~Game.524~><~Controls.792~><~Game.525~> 1929C6
$episcopriest<~Controls.795~>212<~Controls.796~><~Game.2035~><~Controls.797~><~Game.1997~> 426E90
$Saktan<~Controls.624~>237<~Controls.625~><~Game.2044~><~Controls.626~><~Game.2037~> null
<episcopriest> ugh CC5F45
$episcopriest<~Scribe.141~>247 <~Scribe.142~><~Game.525~><~Scribe.143~><~Game.524~><~Scribe.144~> C51C01
<Saktan> 6! DC3281
<game> Saktan<~Controls.1~> 1 null
<Saktan> boo 856D36
<episcopriest> haha 64F681
<episcopriest> close 161345
$episcopriest<~Scribe.141~>252 <~Scribe.142~><~Game.2016~><~Scribe.143~><~Game.2017~><~Scribe.144~> 816CE7
$episcopriest<~Controls.644~>237 <~Controls.645~><~Game.2035~> CACEEC
<episcopriest> at least it's gone 019685
$Saktan<~HighlightLabel.81~>360<~HighlightLabel.82~><~Game.2043~><~HighlightLabel.83~><~Game.2035~> C9ED30
$Saktan<~CardBuffet.14~>reveal 177 0A8C18A3359EBA4C395A5BBCC80B8C150EC6561E 17<~CardBuffet.15~><~Controls.46~><~CardBuffet.16~> 682971
$Saktan<~Controls.281~>239 <~Controls.282~><~Game.2046~><~Controls.283~><~Game.2044~> 179D23
$Saktan<~Controls.644~>360 177 <~Controls.645~><~Game.2035~> B62C7E
$episcopriest<~HighlightLabel.86~>211<~HighlightLabel.87~><~Game.2042~><~HighlightLabel.88~><~Game.2035~> 2C0C06
$episcopriest<~Controls.790~>247<~Controls.791~><~Game.524~><~Controls.792~><~Game.525~> 5AAED1
$episcopriest<~Controls.795~>211<~Controls.796~><~Game.2035~><~Controls.797~><~Game.1997~> 1086C1
$Saktan<~Controls.624~>218<~Controls.625~><~Game.2044~><~Controls.626~><~Game.2037~> null
<episcopriest> random FA8400
$episcopriest<~Controls.323~>247 7B384B
$Saktan<~Controls.637~>241<~Controls.638~><~Game.1999~><~Controls.639~><~Game.2036~> null
<Saktan> oof D1B7E6
<episcopriest> wow 644BE3
<episcopriest> that changes things 9944AF
$episcopriest<~Controls.644~>241 218 <~Controls.645~><~Game.2035~> 3D1042
$episcopriest<~Scribe.141~>244 <~Scribe.142~><~Game.1998~><~Scribe.143~><~Game.1999~><~Scribe.144~> 19DE41
$Saktan<~HighlightLabel.81~>100<~HighlightLabel.82~><~Game.2043~><~HighlightLabel.83~><~Game.2035~> C36273
$Saktan<~Scribe.141~>255 <~Scribe.142~><~Game.2040~><~Scribe.143~><~Game.1969~><~Scribe.144~> ABFB15
$Saktan<~Scribe.141~>362 <~Scribe.142~><~Game.2040~><~Scribe.143~><~Game.2037~><~Scribe.144~> 79B9F7
$Saktan<~Controls.644~>100 362 <~Controls.645~><~Game.2035~> 1AB4B8
$episcopriest<~HighlightLabel.86~>213<~HighlightLabel.87~><~Game.2042~><~HighlightLabel.88~><~Game.2035~> 6B4B4E
$episcopriest<~CardBuffet.9~>reveal 122 1A84B2B056B4E2C241BBA03B8E63DE273E1BE419 5<~CardBuffet.10~><~Controls.45~><~CardBuffet.11~> 343525
$episcopriest<~Scribe.141~>122 <~Scribe.142~><~Game.2037~><~Scribe.143~><~Game.2029~><~Scribe.144~> 3DB8D4
$episcopriest<~Scribe.141~>258 <~Scribe.142~><~Game.2000~><~Scribe.143~><~Game.2001~><~Scribe.144~> A1B16D
$episcopriest<~Controls.644~>213 <~Controls.645~><~Game.2035~> 926DC4
$Saktan<~HighlightLabel.81~>105<~HighlightLabel.82~><~Game.2043~><~HighlightLabel.83~><~Game.2035~> D5B930
<Saktan> edoras 2365B2
<Saktan> from west C5A881
<Saktan> nc 366EF3
<episcopriest> nc A12397
<game> episcopriest<~Controls.1~> 5 null
<game> Saktan<~Controls.1~> 2 4 1 3 6 null
<episcopriest> AC7DA1
<episcopriest> 1 00FA5F
$Saktan<~Controls.304~>325 <~Controls.305~><~Game.1925~> 8A96F0
$Saktan<~Controls.313~>327 <~Controls.307~><~Controls.314~><~Game.1925~> 3216C9
$episcopriest<~Scribe.141~>291 <~Scribe.142~><~Game.1929~><~Scribe.143~><~Game.2037~><~Scribe.144~> 546A9A
$Saktan<~Scribe.141~>327 001 328 002 005 003 <~Scribe.142~><~Game.1925~><~Scribe.143~><~Game.1929~><~Scribe.144~> CF5D88
$Saktan<~Scribe.141~>415 <~Scribe.142~><~Game.2040~><~Scribe.143~><~Game.1929~><~Scribe.144~> 4B9DD6
$Saktan<~Scribe.141~>423 <~Scribe.142~><~Game.31~><~Scribe.143~><~Game.32~><~Scribe.144~> 0068A4
$Saktan<~Controls.644~>105 291 <~Controls.645~><~Game.2035~> D4748E
<episcopriest> pass FC2537
$Saktan<~HighlightLabel.81~>361<~HighlightLabel.82~><~Game.2043~><~HighlightLabel.83~><~Game.2035~> 233481
$Saktan<~Scribe.141~>253 040 038 039 <~Scribe.142~><~Game.1920~><~Scribe.143~><~Game.1944~><~Scribe.144~> 99EBA6
$Saktan<~Scribe.141~>255 <~Scribe.142~><~Game.1969~><~Scribe.143~><~Game.1944~><~Scribe.144~> 11D655
$Saktan<~Controls.644~>361 <~Controls.645~><~Game.2035~> 1C0B24
<episcopriest> pass 1F8035
$Saktan<~HighlightLabel.81~>103<~HighlightLabel.82~><~Game.2043~><~HighlightLabel.83~><~Game.2035~> 00FC11
<Saktan> MT D163BB
$Saktan<~Controls.840~>183 2397EA
$episcopriest<~Controls.840~>120 800BEC
<auto> playchosen 9CACE7
<auto><~Controls.3~>reveal 120 771EB45B27CD097D3882C7D35118A99B5740DFB9 16<~Controls.884~><~Controls.45~><~Controls.885~><~Game.2037~> 28E677
<auto><~Controls.866~>reveal 183 1106F9297559C1BF323845617347A471D4F9C03D 17<~Controls.867~><~Controls.46~><~Controls.868~><~Game.2036~> 247A35
<auto> playchosen BB3CA4
<game> Saktan<~Controls.1~> 6 6 6 2 5 null
<game> Saktan<~Controls.1~> 1 5 null
<episcopriest> wow 19255C
<Saktan> srry F2F39B
<Saktan> too many 694459
<game> episcopriest<~Controls.1~> 1 6 2 2 null
<Saktan> 4 8EE534
<Saktan> -1 BE44AB
<game> episcopriest<~Controls.1~> 6 null
<episcopriest> 2 791FE4
$Saktan<~Scribe.141~>023 024 <~Scribe.142~><~Game.1944~><~Scribe.143~><~Game.2036~><~Scribe.144~> 4494D8
<Saktan> press, draw 5F566B
$episcopriest<~Scribe.141~>084 083 <~Scribe.142~><~Game.1994~><~Scribe.143~><~Game.2037~><~Scribe.144~> 4E6F0A
$Saktan<~Controls.304~>036 <~Controls.305~><~Game.1944~> 1AAAD4
$Saktan<~Controls.313~>014 <~Controls.307~><~Controls.314~><~Game.1944~> EE0ACF
$Saktan<~Controls.509~>171<~Controls.510~><~Game.2007~><~Controls.511~><~Controls.46~> null
$Saktan<~Controls.662~>183 023 024 120 084 083 <~Controls.663~><~Game.2035~> 1D456E
<Saktan> nc 2E780E
$episcopriest<~CardBuffet.9~>reveal 135 B61D5451FCF70ABB4D2447B7F8A5E18DC1979827 11<~CardBuffet.10~><~Controls.45~><~CardBuffet.11~> B3DAB5
<game> Saktan<~Controls.1~> 3 2 4 1 3 null
<game> Saktan<~Controls.1~> 1 6 5 4 6 null
<Saktan> 2 314D57
<game> episcopriest<~Controls.1~> 3 1 null
<game> episcopriest<~Controls.1~> 6 null
<episcopriest> 1 D874D9
$Saktan<~Scribe.141~>021 <~Scribe.142~><~Game.1944~><~Scribe.143~><~Game.2037~><~Scribe.144~> CF4A90
$episcopriest<~Scribe.141~>085 082 <~Scribe.142~><~Game.1994~><~Scribe.143~><~Game.2036~><~Scribe.144~> E85637
$Saktan<~Controls.644~>103 085 082 135 021 <~Controls.645~><~Game.2035~> E2E0D8
<episcopriest> pass 653D56
$Saktan<~HighlightLabel.81~>099<~HighlightLabel.82~><~Game.2043~><~HighlightLabel.83~><~Game.2035~> 2B609C
$Saktan<~Controls.323~>255 40980C
<Saktan> MT 737ED6
$Saktan<~Controls.840~>171 931FB9
<episcopriest> nc 390B52
<auto><~Controls.866~>reveal 171 4B3521332CC142E78AB388F1F70ADCC226E5961B 14<~Controls.867~><~Controls.46~><~Controls.868~><~Game.2036~> 42E36D
<game> Saktan<~Controls.1~> 3 3 4 5 6 null
<Saktan> 1 965DEC
<game> episcopriest<~Controls.1~> 3 null
$episcopriest<~Scribe.141~>081 <~Scribe.142~><~Game.1994~><~Scribe.143~><~Game.2036~><~Scribe.144~> C224C4
$Saktan<~Controls.509~>205<~Controls.510~><~Game.2007~><~Controls.511~><~Controls.46~> null
$Saktan<~Scribe.141~>423 <~Scribe.142~><~Game.32~><~Scribe.143~><~Game.388~><~Scribe.144~> A412C7
$Saktan<~Controls.644~>099 171 081 <~Controls.645~><~Game.2035~> D17A9B
$episcopriest<~HighlightLabel.86~>210<~HighlightLabel.87~><~Game.2042~><~HighlightLabel.88~><~Game.2035~> CD42BD
$Saktan<~Scribe.141~>411 <~Scribe.142~><~Game.2040~><~Scribe.143~><~Game.1944~><~Scribe.144~> BC251D
$episcopriest<~Scribe.141~>251 <~Scribe.142~><~Game.2010~><~Scribe.143~><~Game.2011~><~Scribe.144~> 59934E
$episcopriest<~Controls.323~>247 D867BA
$episcopriest<~Controls.644~>210 <~Controls.645~><~Game.2035~> E98A1A
$Saktan<~Controls.276~>104<~Controls.277~><~Game.2043~><~Controls.278~><~Game.2035~> 19E5FC
$Saktan<~CardBuffet.14~>reveal 197 7AA06F44696614969C3F722E18500D1D0D0B2609 8<~CardBuffet.15~><~Controls.46~><~CardBuffet.16~> 5431C2
$Saktan<~Scribe.141~>319 335 036 <~Scribe.142~><~Game.2040~><~Scribe.143~><~Game.1917~><~Scribe.144~> ECB5B5
$Saktan<~Controls.644~>104 197 <~Controls.645~><~Game.2035~> 942E1C
$Saktan<~Controls.757~>101 102 <~Controls.758~><~Game.1997~><~Controls.759~><~Game.2043~> DA0A5B
$Saktan<~Controls.762~>104 099 103 361 105 100 362 360 <~Controls.763~><~Game.2041~><~Controls.764~><~Game.2043~> A2BCF0
$Saktan<~Controls.509~>162<~Controls.510~><~Game.2006~><~Controls.511~><~Controls.46~> null
$Saktan<~Controls.509~>159<~Controls.510~><~Game.2007~><~Controls.511~><~Controls.46~> null
$episcopriest<~Controls.726~>211 212 <~Controls.727~><~Game.1997~><~Controls.728~><~Game.2042~> B73C6A
<~Game.7~>9 null
$episcopriest<~Controls.731~>210 213 <~Controls.732~><~Game.2039~><~Controls.733~><~Game.2042~> 0FDB81
$episcopriest<~Controls.509~>136<~Controls.510~><~Game.2004~><~Controls.511~><~Controls.45~> null
$episcopriest<~Controls.509~>146<~Controls.510~><~Game.2005~><~Controls.511~><~Controls.45~> null
<episcopriest> ok C7D56F
<Saktan> 2e F1591E
$Saktan<~Controls.372~>104 5E81AE
$Saktan<~Controls.372~>099 4BF974
$Saktan<~Controls.345~>103 361 105 100 362 360 101 102 <~Controls.346~>11 14 10 14 15 14 12 15 null
$Saktan<~Controls.350~>103 361 105 100 362 360 101 102 null
$episcopriest<~Controls.345~>210 213 211 212 <~Controls.346~>1 2 1 4 null
$episcopriest<~HighlightLabel.86~>213<~HighlightLabel.87~><~Game.2042~><~HighlightLabel.88~><~Game.2035~> AD7330
$episcopriest<~Scribe.141~>reveal 128 FEDC07135619BCFF63E95DB52ABCAA34F825A2FF 22 <~Scribe.142~><~Controls.45~><~Scribe.143~><~Game.2030~><~Scribe.144~> 4F8567
$episcopriest<~Controls.819~> 2E6B93
$episcopriest<~Controls.819~> 0DBE57
$episcopriest<~HighlightLabel.86~>210<~HighlightLabel.87~><~Game.2042~><~HighlightLabel.88~><~Game.2035~> 8F00B7
$episcopriest<~Controls.790~>247<~Controls.791~><~Game.525~><~Controls.792~><~Game.528~> FF83C6
$episcopriest<~Controls.795~>210<~Controls.796~><~Game.2035~><~Controls.797~><~Game.1997~> BEF745
$Saktan<~Controls.624~>220<~Controls.625~><~Game.2044~><~Controls.626~><~Game.2037~> null
<Saktan> 4r B15CB3
$episcopriest<~Scribe.141~>244 <~Scribe.142~><~Game.1999~><~Scribe.143~><~Game.2037~><~Scribe.144~> 58A8D3
$episcopriest<~Scribe.141~>252 <~Scribe.142~><~Game.2017~><~Scribe.143~><~Game.2019~><~Scribe.144~> 4B43A2
$episcopriest<~Controls.323~>247 AFE32E
$episcopriest<~Controls.644~>220 244 <~Controls.645~><~Game.2035~> 26ADF4
$episcopriest<~Scribe.141~>242 <~Scribe.142~><~Game.1998~><~Scribe.143~><~Game.1999~><~Scribe.144~> D17771
$Saktan<~HighlightLabel.81~>101<~HighlightLabel.82~><~Game.2043~><~HighlightLabel.83~><~Game.2035~> 7489AD
$Saktan<~Scribe.141~>253 255 040 038 039 014 029 028 027 026 <~Scribe.142~><~Game.1944~><~Scribe.143~><~Game.1943~><~Scribe.144~> 7A33FB
$Saktan<~Controls.819~> BD9685
$Saktan<~Controls.819~> FA8062
$Saktan<~HighlightLabel.81~>105<~HighlightLabel.82~><~Game.2043~><~HighlightLabel.83~><~Game.2035~> 3A6F58
$Saktan<~Scribe.141~>035 <~Scribe.142~><~Game.2040~><~Scribe.143~><~Game.1917~><~Scribe.144~> 516D7D
$Saktan<~Controls.644~>105 <~Controls.645~><~Game.2035~> C1098D
$episcopriest<~HighlightLabel.86~>211<~HighlightLabel.87~><~Game.2042~><~HighlightLabel.88~><~Game.2035~> E1889A
$episcopriest<~Controls.323~>247 84B4B4
$episcopriest<~Controls.644~>211 <~Controls.645~><~Game.2035~> A5A660
$Saktan<~HighlightLabel.81~>361<~HighlightLabel.82~><~Game.2043~><~HighlightLabel.83~><~Game.2035~> FFDBD6
$Saktan<~CardBuffet.14~>reveal 158 86F8C9743A2832716B46024472B24A3859CC0B0B 10<~CardBuffet.15~><~Controls.46~><~CardBuffet.16~> 60B47A
$Saktan<~Controls.624~>225<~Controls.625~><~Game.2044~><~Controls.626~><~Game.2037~> null
$episcopriest<~Scribe.141~>242 <~Scribe.142~><~Game.1999~><~Scribe.143~><~Game.2036~><~Scribe.144~> 472E04
$episcopriest<~Scribe.141~>243 <~Scribe.142~><~Game.1998~><~Scribe.143~><~Game.1999~><~Scribe.144~> 16AE00
$Saktan<~Controls.644~>361 158 242 225 <~Controls.645~><~Game.2035~> 3B61B6
<episcopriest> pass B94B79
$Saktan<~HighlightLabel.81~>101<~HighlightLabel.82~><~Game.2043~><~HighlightLabel.83~><~Game.2035~> D7ADC1
$Saktan<~Scribe.141~>319 035 335 036 <~Scribe.142~><~Game.1917~><~Scribe.143~><~Game.1912~><~Scribe.144~> E255A4
$Saktan<~Scribe.141~>253 255 040 039 038 029 028 027 026 014 <~Scribe.142~><~Game.1944~><~Scribe.143~><~Game.1943~><~Scribe.144~> 49252D
$Saktan<~Controls.644~>101 <~Controls.645~><~Game.2035~> 7F2A5D
$episcopriest<~Controls.271~>212<~Controls.272~><~Game.2042~><~Controls.273~><~Game.2035~> 5F6DF3
$episcopriest<~Scribe.141~>265 <~Scribe.142~><~Game.2038~><~Scribe.143~><~Game.1911~><~Scribe.144~> 5D8E8B
$episcopriest<~Controls.644~>212 <~Controls.645~><~Game.2035~> 1448AE
$Saktan<~HighlightLabel.81~>103<~HighlightLabel.82~><~Game.2043~><~HighlightLabel.83~><~Game.2035~> 136E3B
$Saktan<~Scribe.141~>319 035 335 036 330 329 331 332 <~Scribe.142~><~Game.1912~><~Scribe.143~><~Game.1908~><~Scribe.144~> 2B95F1
$Saktan<~Controls.819~> DDE19B
<Saktan> srry thinking 318F0D
<Saktan> ok 576B22
$Saktan<~Scribe.141~>319 335 036 035 332 331 330 329 <~Scribe.142~><~Game.1912~><~Scribe.143~><~Game.1908~><~Scribe.144~> AD42F5
$Saktan<~Scribe.141~>327 001 328 002 005 003 <~Scribe.142~><~Game.1929~><~Scribe.143~><~Game.1933~><~Scribe.144~> 14BBA6
<episcopriest> tyt 8B4CA0
$Saktan<~Controls.644~>103 <~Controls.645~><~Game.2035~> 5CA47F
<episcopriest> pass B3B9D6
$Saktan<~HighlightLabel.81~>360<~HighlightLabel.82~><~Game.2043~><~HighlightLabel.83~><~Game.2035~> D45F99
$Saktan<~CardBuffet.14~>reveal 162 2780F20C6AAA05E4082A7A95ACF305165749C11A 18<~CardBuffet.15~><~Controls.46~><~CardBuffet.16~> D6172F
$Saktan<~Controls.624~>239<~Controls.625~><~Game.2044~><~Controls.626~><~Game.2037~> null
$episcopriest<~Controls.323~>247 CA2FE9
$Saktan<~Controls.637~>245<~Controls.638~><~Game.1998~><~Controls.639~><~Game.2037~> null
<Saktan> at least efficient haha 3AC7F4
$Saktan<~Controls.644~>360 162 239 245 <~Controls.645~><~Game.2035~> 2C310C
$episcopriest<~HighlightLabel.86~>213<~HighlightLabel.87~><~Game.2042~><~HighlightLabel.88~><~Game.2035~> 79E5AC
$episcopriest<~Scribe.141~>250 <~Scribe.142~><~Game.2009~><~Scribe.143~><~Game.2012~><~Scribe.144~> 234B4D
$episcopriest<~Controls.323~>247 3156FC
$episcopriest<~Controls.644~>213 <~Controls.645~><~Game.2035~> 8F7BD4
$Saktan<~HighlightLabel.81~>100<~HighlightLabel.82~><~Game.2043~><~HighlightLabel.83~><~Game.2035~> 127D9B
<episcopriest> this'll be close 31F8CD
$Saktan<~Scribe.141~>251 <~Scribe.142~><~Game.2011~><~Scribe.143~><~Game.2037~><~Scribe.144~> 181969
<Saktan> Riv FAA7BA
$episcopriest<~Scribe.141~>096 265 091 090 <~Scribe.142~><~Game.1911~><~Scribe.143~><~Game.1990~><~Scribe.144~> E6BB92
$Saktan<~Scribe.141~>319 335 036 035 332 331 330 329 <~Scribe.142~><~Game.1908~><~Scribe.143~><~Game.1911~><~Scribe.144~> 094ED2
$Saktan<~Controls.644~>100 251 <~Controls.645~><~Game.2035~> 7CA507
$episcopriest<~Controls.726~>210 <~Controls.727~><~Game.1997~><~Controls.728~><~Game.2042~> 01B093
$episcopriest<~Controls.731~>213 212 211 <~Controls.732~><~Game.2039~><~Controls.733~><~Game.2042~> A0356B
$Saktan<~Controls.757~>362 102 099 104 <~Controls.758~><~Game.1997~><~Controls.759~><~Game.2043~> F61F1D
<~Game.7~>10 null
$Saktan<~Controls.762~>100 360 103 101 361 105 <~Controls.763~><~Game.2041~><~Controls.764~><~Game.2043~> 105289
$Saktan<~Controls.509~>167<~Controls.510~><~Game.2006~><~Controls.511~><~Controls.46~> null
$episcopriest<~Controls.509~>127<~Controls.510~><~Game.2004~><~Controls.511~><~Controls.45~> null
$Saktan<~Controls.509~>189<~Controls.510~><~Game.2007~><~Controls.511~><~Controls.46~> null
$episcopriest<~Controls.509~>153<~Controls.510~><~Game.2005~><~Controls.511~><~Controls.45~> null
<episcopriest> ok DEE6E1
<Saktan> 2e 55438F
$Saktan<~Controls.372~>100 7B78FD
$Saktan<~Controls.372~>360 1F86E8
$Saktan<~Controls.345~>103 101 361 105 362 102 099 104 <~Controls.346~>11 12 15 15 13 15 13 11 null
$Saktan<~Controls.350~>103 101 361 105 362 102 099 104 null
<episcopriest> woah A55EDE
<Saktan> yikes BE7A3A
$episcopriest<~Controls.345~>213 212 211 210 <~Controls.346~>1 1 2 1 null
<Saktan> oof 095EA6
$episcopriest<~HighlightLabel.86~>210<~HighlightLabel.87~><~Game.2042~><~HighlightLabel.88~><~Game.2035~> 472C75
$episcopriest<~Controls.790~>247<~Controls.791~><~Game.528~><~Controls.792~><~Game.529~> 4AD991
$episcopriest<~Controls.795~>210<~Controls.796~><~Game.2035~><~Controls.797~><~Game.1997~> 09753A
$Saktan<~Controls.624~>217<~Controls.625~><~Game.2044~><~Controls.626~><~Game.2037~> null
$episcopriest<~Scribe.141~>252 <~Scribe.142~><~Game.2019~><~Scribe.143~><~Game.2020~><~Scribe.144~> F02EAF
$episcopriest<~Scribe.141~>252 <~Scribe.142~><~Game.2020~><~Scribe.143~><~Game.2019~><~Scribe.144~> 6BA735
$episcopriest<~Scribe.141~>243 <~Scribe.142~><~Game.1999~><~Scribe.143~><~Game.2037~><~Scribe.144~> B6D35F
$episcopriest<~Scribe.141~>246 <~Scribe.142~><~Game.1998~><~Scribe.143~><~Game.1999~><~Scribe.144~> 3AA22C
$episcopriest<~Controls.323~>247 F70075
$episcopriest<~Controls.644~>217 243 <~Controls.645~><~Game.2035~> C92452
$Saktan<~HighlightLabel.81~>099<~HighlightLabel.82~><~Game.2043~><~HighlightLabel.83~><~Game.2035~> 6587D7
<episcopriest> would love some blue tiles lol 82DEA8
<Saktan> yes haha DDF5AE
$Saktan<~Controls.281~>099 <~Controls.282~><~Game.2035~><~Controls.283~><~Game.2043~> CF5631
$Saktan<~HighlightLabel.81~>101<~HighlightLabel.82~><~Game.2043~><~HighlightLabel.83~><~Game.2035~> 2B38E0
$Saktan<~Controls.819~> BB30B5
$Saktan<~Scribe.141~>362 <~Scribe.142~><~Game.2043~><~Scribe.143~><~Game.2035~><~Scribe.144~> 9609CC
$Saktan<~Scribe.141~>253 038 040 039 <~Scribe.142~><~Game.1943~><~Scribe.143~><~Game.1911~><~Scribe.144~> 43B2FA
$Saktan<~Scribe.141~>037 <~Scribe.142~><~Game.1943~><~Scribe.143~><~Game.1980~><~Scribe.144~> D4917E
$Saktan<~Scribe.141~>039 <~Scribe.142~><~Game.1911~><~Scribe.143~><~Game.1980~><~Scribe.144~> 48D65F
$Saktan<~Controls.644~>362 <~Controls.645~><~Game.2035~> 949FAB
$episcopriest<~HighlightLabel.86~>212<~HighlightLabel.87~><~Game.2042~><~HighlightLabel.88~><~Game.2035~> A074BC
$episcopriest<~Controls.323~>247 68BD61
$episcopriest<~Controls.644~>212 <~Controls.645~><~Game.2035~> CFC81B
$Saktan<~HighlightLabel.81~>103<~HighlightLabel.82~><~Game.2043~><~HighlightLabel.83~><~Game.2035~> F6E78B
<Saktan> Riv BA024C
$Saktan<~Controls.840~>205 196705
$episcopriest<~Controls.840~>146 9D7197
<auto> playchosen 4A6B2A
<auto><~Controls.3~>reveal 146 6A8AA3A2E800C6B3D3695767F415810BE53CCA2D 7<~Controls.884~><~Controls.45~><~Controls.885~><~Game.2037~> 6E65F2
<auto><~Controls.866~>reveal 205 D692CC348B072B3BBA07EF1E9A956C715D2D52BA 22<~Controls.867~><~Controls.46~><~Controls.868~><~Game.2036~> AD0D58
<auto> playchosen 99939C
<game> Saktan<~Controls.1~> 4 1 3 4 6 null
<game> Saktan<~Controls.1~> 6 5 1 6 null
<Saktan> 3 D31317
<game> episcopriest<~Controls.1~> 5 4 2 null
<game> episcopriest<~Controls.1~> 3 null
$Saktan<~Scribe.141~>329 <~Scribe.142~><~Game.1911~><~Scribe.143~><~Game.2036~><~Scribe.144~> 815CA2
<episcopriest> 1 9937A8
$episcopriest<~Controls.304~>090 091 265 <~Controls.305~><~Game.1990~> 28BF5C
$episcopriest<~Controls.313~>268 087 269 <~Controls.309~>(1)/casualties(2)<~Controls.314~><~Game.1990~> 2FD0FC
<Saktan> press/draw AAFBCE
$Saktan<~Controls.304~>335 <~Controls.305~><~Game.1911~> B447C7
$Saktan<~Controls.313~>021 <~Controls.307~><~Controls.314~><~Game.1911~> 0BDE9C
$Saktan<~Controls.509~>180<~Controls.510~><~Game.2007~><~Controls.511~><~Controls.46~> null
$Saktan<~Controls.662~>205 329 146 <~Controls.663~><~Game.2035~> DD0625
$Saktan<~Controls.840~>189 023BD4
$episcopriest<~Controls.840~>127 7105F9
<auto> playchosen F3CD90
<auto><~Controls.3~>reveal 127 8DCF829D2EEC776AD09B7E9217976451ADE1E4C3 6<~Controls.884~><~Controls.45~><~Controls.885~><~Game.2037~> 396B2A
<auto><~Controls.866~>reveal 189 413E8C3855540F809A01DC4C204FAB0BD1EB1710 18<~Controls.867~><~Controls.46~><~Controls.868~><~Game.2036~> C5886E
<auto> playchosen E34FB7
<game> Saktan<~Controls.1~> 3 5 1 4 3 null
<game> Saktan<~Controls.1~> 3 6 1 3 6 null
<Saktan> 2 A92D28
<game> episcopriest<~Controls.1~> 2 1 4 null
<game> episcopriest<~Controls.1~> 4 null
<Saktan> +1 194622
$episcopriest<~Scribe.141~>096 268 087 <~Scribe.142~><~Game.1990~><~Scribe.143~><~Game.2036~><~Scribe.144~> 3879ED
<Saktan> press B50F0E
$Saktan<~Controls.304~>036 <~Controls.305~><~Game.1911~> E48971
$Saktan<~Controls.313~>023 <~Controls.307~><~Controls.314~><~Game.1911~> BD7149
$Saktan<~Controls.662~>189 096 268 087 127 <~Controls.663~><~Game.2035~> A1B623
<Saktan> nc 222CFB
<episcopriest> nc 61B774
<game> Saktan<~Controls.1~> 4 1 3 2 3 null
<game> Saktan<~Controls.1~> 3 3 6 2 5 null
<game> episcopriest<~Controls.1~> 2 null
<Saktan> 1 3753A6
<episcopriest> 0 B1E1B8
$Saktan<~Scribe.141~>423 <~Scribe.142~><~Game.388~><~Scribe.143~><~Game.391~><~Scribe.144~> A4B6F6
$episcopriest<~Scribe.141~>269 <~Scribe.142~><~Game.1990~><~Scribe.143~><~Game.2036~><~Scribe.144~> 306B0F
$Saktan<~Controls.644~>103 269 <~Controls.645~><~Game.2035~> 2CD600
$episcopriest<~HighlightLabel.86~>213<~HighlightLabel.87~><~Game.2042~><~HighlightLabel.88~><~Game.2035~> C8E0BB
$episcopriest<~Controls.790~>247<~Controls.791~><~Game.529~><~Controls.792~><~Game.532~> 9FEFE2
$episcopriest<~Controls.795~>213<~Controls.796~><~Game.2035~><~Controls.797~><~Game.1997~> 50F917
$Saktan<~Controls.624~>222<~Controls.625~><~Game.2044~><~Controls.626~><~Game.2037~> null
<episcopriest> oh boy E1E7B0
<Saktan> 6r 743D3B
<episcopriest> gg 9CEAFD
$episcopriest<~Scribe.141~>246 <~Scribe.142~><~Game.1999~><~Scribe.143~><~Game.2036~><~Scribe.144~> 1980FD
<Saktan> unfortunately 549D0D
$episcopriest<~Scribe.141~>252 <~Scribe.142~><~Game.2019~><~Scribe.143~><~Game.2024~><~Scribe.144~> 7A913E
<episcopriest> needed anything but an eye AC83AE
<Saktan> yes 69882C
<episcopriest> had there is another way ready to go :( 366B2E
<Saktan> aw man C0CD38
<Saktan> play it through for the log? 0874A0
<episcopriest> yes BAD076
$episcopriest<~Controls.644~>246 222 <~Controls.645~><~Game.2035~> BC66A1
$episcopriest<~Controls.323~>247 305CB9
$Saktan<~HighlightLabel.81~>099<~HighlightLabel.82~><~Game.2043~><~HighlightLabel.83~><~Game.2035~> E353E5
<Saktan> Dale 65D743
$Saktan<~Controls.840~>180 711E90
<episcopriest> haha this is crazy but let's try it 4F9451
$episcopriest<~Controls.840~>153 E824EE
<auto> playchosen 6C0180
<auto><~Controls.3~>reveal 153 9CA1AA7FFDEDB67373D119868F4C83B20366D7EF 4<~Controls.884~><~Controls.45~><~Controls.885~><~Game.2037~> 448F54
<auto><~Controls.866~>reveal 180 196C1C6493B4DA0C8F5677C3CB657DD85CDC9BB8 9<~Controls.867~><~Controls.46~><~Controls.868~><~Game.2036~> 3E7D41
<auto> playchosen 17336B
$episcopriest<~Scribe.141~>068 066 <~Scribe.142~><~Game.1970~><~Scribe.143~><~Game.1954~><~Scribe.144~> BEEB73
<Saktan> Lol 0EDB65
<Saktan> nice! 0B830C
$Saktan<~Scribe.141~>414 <~Scribe.142~><~Game.2040~><~Scribe.143~><~Game.1970~><~Scribe.144~> 7F2B9F
$Saktan<~Scribe.141~>039 037 056 054 053 052 051 050 <~Scribe.142~><~Game.1980~><~Scribe.143~><~Game.1970~><~Scribe.144~> F4710B
$Saktan<~Controls.644~>099 180 153 <~Controls.645~><~Game.2035~> 2A8E7E
$episcopriest<~HighlightLabel.86~>211<~HighlightLabel.87~><~Game.2042~><~HighlightLabel.88~><~Game.2035~> C23E8A
$episcopriest<~Scribe.141~>249 <~Scribe.142~><~Game.2008~><~Scribe.143~><~Game.2011~><~Scribe.144~> DDA085
<episcopriest> Dale, nc F9DA9C
<episcopriest> come on, WR! 09D377
$Saktan<~Controls.840~>166 1EF994
<auto><~Controls.866~>reveal 166 4C2F69676EBF712FF2BEF972F243AC4DA7707ADD 14<~Controls.867~><~Controls.46~><~Controls.868~><~Game.2036~> 3A07DA
<Saktan> ff1 BDC0B3
<game> episcopriest<~Controls.1~> 1 2 5 null
<game> episcopriest<~Controls.1~> 3 3 null
<episcopriest> 0 F667D2
<game> Saktan<~Controls.1~> 6 5 5 1 6 null
<Saktan> 4 62BD1F
<episcopriest> haha 1AC7C3
<Saktan> lol F6E9B4
<episcopriest> gg 3C057B
<Saktan> gg E9A62C
$Saktan<~Scribe.141~>423 <~Scribe.142~><~Game.391~><~Scribe.143~><~Game.392~><~Scribe.144~> 54A9E5
<Saktan> so close! 666738
<episcopriest> i'll put our history on the chat 27B60B
<Saktan> sounds good 67CB24
<episcopriest> shelob's on the first step was brutal FBCD82
<Saktan> yes, that hurt 0F9D41
