<auto> silent null
<auto><~Scribe.141~>363 397 398 402 401 400 399 403 404 376 375 374 373 377 378 <~Scribe.142~><~Game.2038~><~Scribe.143~>Spare<~Scribe.144~> null
<auto><~Scribe.141~>365 366 379 380 381 382 383 384 385 386 387 388 389 390 391 392 393 394 395 396 367 368 369 370 371 372 <~Scribe.142~><~Game.2040~><~Scribe.143~>Spare<~Scribe.144~> null
<auto><~Scribe.141~>230 231 <~Scribe.142~><~Game.2044~><~Scribe.143~>Spare<~Scribe.144~> null
<auto><~Scribe.141~>155 152 <~Scribe.142~><~Game.2004~><~Scribe.143~>Spare<~Scribe.144~> null
<auto><~Scribe.141~>137 151 <~Scribe.142~><~Game.2005~><~Scribe.143~>Spare<~Scribe.144~> null
<auto><~Scribe.141~>161 198 <~Scribe.142~><~Game.2006~><~Scribe.143~>Spare<~Scribe.144~> null
<auto><~Scribe.141~>163 188 <~Scribe.142~><~Game.2007~><~Scribe.143~>Spare<~Scribe.144~> null
<auto><~Controls.323~>364 null
<auto> noisy null
<auto> silent null
<auto><~Scribe.141~>312 <~Scribe.142~><~Game.2038~><~Scribe.143~><~Game.1965~><~Scribe.144~> null
<auto> noisy null
<~Game.7~>1 null
<auto> silent null
<auto><~Scribe.141~>363 397 398 402 401 400 399 403 404 376 375 374 373 377 378 <~Scribe.142~><~Game.2038~><~Scribe.143~>Spare<~Scribe.144~> null
<auto><~Scribe.141~>365 366 379 380 381 382 383 384 385 386 387 388 389 390 391 392 393 394 395 396 367 368 369 370 371 372 <~Scribe.142~><~Game.2040~><~Scribe.143~>Spare<~Scribe.144~> null
<auto><~Scribe.141~>230 231 <~Scribe.142~><~Game.2044~><~Scribe.143~>Spare<~Scribe.144~> null
<auto><~Scribe.141~>155 152 <~Scribe.142~><~Game.2004~><~Scribe.143~>Spare<~Scribe.144~> null
<auto><~Scribe.141~>137 151 <~Scribe.142~><~Game.2005~><~Scribe.143~>Spare<~Scribe.144~> null
<auto><~Scribe.141~>161 198 <~Scribe.142~><~Game.2006~><~Scribe.143~>Spare<~Scribe.144~> null
<auto><~Scribe.141~>163 188 <~Scribe.142~><~Game.2007~><~Scribe.143~>Spare<~Scribe.144~> null
<auto><~Controls.323~>364 null
<auto> noisy null
$base silent null
$TEST<~Scribe.141~>312 <~Scribe.142~><~Game.2038~><~Scribe.143~><~Game.1965~><~Scribe.144~> null
$base noisy null
<game> NewPlayer<~Controls.408~>[WOTR-Gandalf2 wotr base2] null
<game> NewPlayer<~Controls.437~>Ivan. 
<~Talker.31~> null
<Byz> Hi 
<Byz> How's it going 
<Ivan> Yo 
<Ivan> not bad u? 
<Byz> hey, it's friday 
<Byz> enough said 
<Byz> want to use muster points? 
<Ivan> Sure 
<game> Byz<~Controls.1~> 6 null
<game> Ivan<~Controls.1~> 4 null
<Byz> bid 1 point to play shadow 
<Ivan> 2 
<Byz> ok 
<Byz> glhf! 
<Ivan> gl, hf 
$Ivan<~Controls.479~>A11FC3EC0BC3FA0F8042E802F924077D4C69314D 55DC2851CDC79696301CD359DAC8B7D0 24 94B8096F95A277DCBA535EBBB4EFD9E708FA7C11 A17A9A48721847BC2F7E38B21209F824 DC0C2A5940CF3ED88310DDC24098E1BCC0EAB342 BA79F0E69885CB39A5ACEF86304275BC 79D20E3114746DAD49BBF8442A1F6EBCAC501755 AED5D738FEFB7110AC0D8E25A4793002 72921E8E74701C0708BE4ADA33A24DF44B1318AA 98E73930CDA1533A85D525905E72FB4D 0D74BBA03A8F0E760BEC5A99017C448625314DA6 6D3E16AB0D3A861A049797E85DFF1CB2 6A4B4A06BB2C2A6F78F027BAC68661E596CEE664 F4BF1A1D5ACB3B482AF6C122866B4F9B 3D99411B65C90D3F4D8535964B1743C19A510C06 1656AECFD77DA91D1361277DB60A9D3D DA8F8C99B83AB53B92AE487C90281B9B123280BC 57ACA27C61E4A97312F3BBC61A484CE4 53385C0C57148077A27DCF29C248B34E664FF868 A4C1057807259E111AE60B2FBDC54D5C C488D2BAEB1AC513D01DDFD4E593108DEC042A67 4E52D465BAB454895F360D566261B41C FBBDE554614CABB0D29A7253C1D819A4AEE0A064 565EDA94409AF35F3C5CF5809332E8E0 992F9F5A2DB6C1C38EB38FFE3F0A9AF92E8528D9 EB4F1F096E6C4FA25740965BFAD5C2C9 140BDC52698F74E59618C7A3C7ADD833DB503832 30860F4A967FF7E302CE5300EE99D40E 30458C03B0E76092D3D31C86B79BAAE6D5D48BF7 41486D733DF6D26FE4C7F5455060F7E4 053A4222BD9C86CBFBA7B39ED7B7B9A859056A67 77642F6011A9B156D8C2AF9098494DAC 2EA66BF48172D48302B342ABEA185CC60494A627 EBFF131C191AEF76146BF3C42A7D1633 9D4A259FAF177CD16EC73442C545292A10EA7BA2 395A12F02EE7746F8D773F0DEEA2AAF5 C04F000901CE5865CDAF28AD8E01AD35A542CA9B 85893E2FA96F4D439AEF5F1A1FE297A3 59356FBB742FA141D486CCE7AED9B1F7EFF4B42C C3725E815DA1CEC8D7A6BA756179B2CF E9EDE6076A5AF6BAF805466D476B65452D8248B6 32829F66C72070934B138DA11944FDD9 070535A415712586694B7E6B7A12245F2AED3CE7 28E8D0788440DF08CDE1AEB9F9C004B8 ED0D0B83B5E92898993958169CEC1698D5C5794D 155E7EEA027C16A4A2ECBE52D96DCBF7 9BA168713F3D7516688097A0E181505E39FC83DA C1B7839F7A6965E36B78D69BCD8CFFFB 769226FF61AF6AC3F130F92F2807694BEF854D22 D8C471251D57B10B3DDB389273A61F1B 24 BA9CCB22669C5974310A6432CCA6AD40F1037476 A846A1C08D07064B11F233158C5DB4AF 043D6C8F0526CE0F7D39C473104FB83722608A1C 28FE58AD8E41110A5E08C82CCD671BCB 11AA908E388689116DEF6A8B81F140E91443D28E 3B1638D7FD269B8E0416F415F7BFC8B7 23FAC9328EEC7132E5EA6BAC0B332BEDA6CDD067 366E66640087B8CB6C77EDFD2565A0B8 5FE7C866762CD7807FCFBEE33C8A1F435E0499F3 9F88200A7E9F932EEC835880643B5CFA 9A92ACC4E9DC3CE5A5D0F3D7D8F95C081B01388C 37224DBDD1017BE36FA6095E88E116CF B50409915B97C36A32507EBFCCD04E9979C6FE38 3BB526C0BA8EADED54DC2CC03D904D74 A06F7CE755EFD7BB0B3CFAD8B87656B4A9B9A1F9 E56CE39D95BD552897BE2B215C56388E 333DD825FEDFDDDB909BF1718689047377CC6B79 394DEA6ACDA295FF2E79886F7F467981 2B701D8543E7B7D4B731E9CF68BA46DE3D4A4B68 FD92CCB39169A838B55466A1D769180B 3245648586A4C259C89E1E4AA963A813B152C6D5 08902643C734353F4CB6DE0F3C8CCB1F FAC3CC3BE28848C7A3C332F4D73873FA43726ACD BF87FB2E419B3A1FBFB9CB098535E6C3 BC69D568B0E5EBEB1F4CF923E5683B496BA677C1 DC4F54152E33B905E8C99FFC19643F56 4286B90D0D937D4C6BBF71EEB858A8BE8A4FD40E 71B920BED2E0B6F951DB73D9C6DC1FA7 BBD7F9E4497F4AF50BAEF0FFA3B7440AB052AAD9 2C06D86979DC9B921D2DEC62D0232532 82BEBAF240E5AEE0F3D1605D9945FF6E3F9F4C14 DCED5459A8A3850B27B42D604D73324C C577C2A59CEAFF8B95A3693A21C43AC604CC3BCC 34F82DC896493BF46B941C38AF424AFE 371CC81F350FEB90AD026F68EF98E493BB200E49 CD2E93DFDADA315BA54CBEC8A233C060 2ABF31E2ED392704CD56D3C6414DA89239C39F97 716BC69064C8C607377820DF1878DC70 24475E9E0B12938EC508EF49E92B1E817AF72F8E 96C6D3CBB18DC1D34F4BCF1EA10507BB 190FC5F8660DA2F7EC5B41669C7333C5C51FE129 27EA83ED3A068D76482DF56AFF29228E 303D1B768C120FDDF2BB0C9481C689C7C01A58AB 8A4CDA4E2D26ACE65115EFA0F9542157 2BB3CF258809CC7712F1723801FDECE59E843AF7 DE970DA55F0AF58D4C8DB7326F2B62E7 54C249FCC35B56CC6E6C15769A70EC01A44C39A5 84C108EB809358D6F77E4499AE371BC2 0 0 6FC3A3
$Ivan<~Controls.509~>191<~Controls.510~><~Game.2006~><~Controls.511~><~Controls.46~> null
$Ivan<~Controls.509~>187<~Controls.510~><~Game.2007~><~Controls.511~><~Controls.46~> null
$Byz<~Scribe.141~>276 <~Scribe.142~><~Game.2038~><~Scribe.143~><~Game.1920~><~Scribe.144~> 
$Byz<~Scribe.141~>308 <~Scribe.142~><~Game.2038~><~Scribe.143~><~Game.1970~><~Scribe.144~> 
$Byz<~Scribe.141~>283 <~Scribe.142~><~Game.2038~><~Scribe.143~><~Game.1929~><~Scribe.144~> 
$Byz<~Controls.509~>139<~Controls.510~><~Game.2004~><~Controls.511~><~Controls.45~> null
$Byz<~Controls.509~>113<~Controls.510~><~Game.2005~><~Controls.511~><~Controls.45~> null
$Byz<~Controls.464~>B8090D75219338E1671FA853FB32AD4F15B1CD07 B3E4C93BB00BE67CFFE72CB7CCDCEAEE 24 51BEE125F04BA26A879E14696854660D574EB69A 62E86FC1C6EBAEE6A15AB6BCEB85CC6A AF43C1DE6B6D1EE259296505F3968B3A43445FB6 F3B8E88FB289E15B7DBAFEDF2498B901 309B546499D44DBB1166D2ECD743838E2C6E1162 49E97630BD3536CFD9B17A1CE95A595B 2713C093E671972417CEC6634C210C57190FB83B C99FE03B4A47AB76196D716B5D108B46 9132C7F88CC3130D08D79C44AE7124D81E0D8439 1B6630DE4CABF79F1C7AAF0FE2EA7251 8FF9C6CCD812A943874096E3D9C55E46E0CD47EB 32B14CF5FB65F3B6E5B97DDEF047E8B2 2309E849D1168942BBAA0723BC9B5CAEB05A65F1 8A653191C5FB99717E48E37F28440C5B D7CD2E5FDA102C978FAAD42CBC790BD4BB49E1FD B0DB862782F51517187F43FFA8FCACAD 1AEFA459C7F64D32B0E97B6356E03EEEC97D74F3 0729062EECF383627774D722A0118BFE 71B45E9BC31CA4772D75D36F756B000E31711247 C8B0D22F4E060F3A8C9F94DE253EDCDA E93AE878FF43FAE37DCB1E01B5AD4F780019E5D9 4A41ED3D7A38EFEE638008BC4519BF05 166140B01719189CE34396CB1E30D5355E19BEA6 834165C2FF8BEEC53F73CB465A5401AC 7DAC19D54B7995D0386E68F5EC2164A80DAA8901 CEB230F59BD0A7610212ABE2A30ADB27 DAD709AF52F6F86BDA19C65390B670C0B9F9AF0B EE0ADC30EE0FF642D2C7CEF710F656FC E210F3B9B4696217610157649A81741C5EC5E890 522ACF28708042D8F97A1F105C9D48D3 3540D8DD72EBB4248C7BE4043EAD4F963FE7E2F6 9AF2F40AA533CA9C0D71657261CF2EED A36AC42D788DAE611BC5EC70A97617CE0098B476 594167278EF3D32450D11D79A7FF71D9 E7C43BFEC41C590A7A49FA6C9447A671DBDC3735 1C53991A620362E659693B773D58538C 1E882E585B4DEA2FF0E5F0BB7CEAB93E0142170C ABD296357EB7724EF3971C7ACC94DA27 A8648ED91B0002E35924132798680262D831A06D 8E188E0C99189EAC44823AC8E8FA5D8B F219D562EDC102D53A9BE3E1417E7B8D7720BBEE D25E40823B060E9131F7B32DA903210B 6CBF6CC195A4FD49FA8EF6869A2731F9D2A19684 0CED5A2F6F8CB1F601A5182D7A8A3B74 9F6E094CEEBFBBB633B8AE59FFD1E5AFB74C4047 9E8068C3B76063844085FF193095C4B1 14422D66BFBF982AC5B06F239FB47F510BF33EFD 38753A9240BAC60EE5A23D365E095954 24 4182AA4535384DA142068B1F3F6FFE357E4DDF56 A1719D5056F91C81B69E40C0E7E2C7C5 A5CC753477656F38A9020B8F7FA69DF7E173EC4F B79C257619D28950EB9562BBD3BF32CD 10CCF12CE3B36B6FD80E71C3ACFDAA789502B122 B49E1A7C70EE6272114F434066D58AFD FED44FCDF8F9BC500CAEA4C449F896C14179053C B2F24B733E3B838631D18C9D6EA23FD6 933F3A5B276A1E1706630820B2E0041C47586BB9 704C1A20D454690131C9472FDCF27575 94D67B8FA182BC805CEAD95AF5F4C830F2728130 56168BEDA6C66BD2796146E696087341 1B57B8F45D39D8200C1A7D80EF026528B48509BE B64B07D24012C56FD96F72388BFD507D 244C04D16FA7461B2724E72310D98846F50D8F78 5433B7727AB1E4B7A91D36F807B3CE40 187DC25559F37586CB00D3E835CA46F50A7DF3D4 28BE80F1EA879184316E041B48E25E45 3BADCEF12ABAF4A817D929AB127EC286021DB2A6 618EC6659A773DA44B4779275022BFC0 4A191BE3DC9476EEF9D3C7FAA6DE4E72CF997E53 ADEA61D5FA0CB1A747E0DE20FCF69880 0F6EE80834F7361977CEC59C42C1070E609998F9 B72132EA177631390EBB60BA553D3C68 FB5DC764C7580AB1344D28C258EDA95D47D81F33 F12140AD0D39B2A5898B12362589A3A2 EEE9C3F50A4C5477BC7BA6DF14107A1AE25B8A7F 93491D5BBA5DC7B343B17305CD47E874 0232B61D43430A25AB469CB774999E9A2F5F4800 E2B2104AB4FE239E4C277E6055BC55D9 8EBB6AA7C2B0C67502DCDAA9EB17ADA3DFB9F790 B58016BA7C75BC03600EDA0FC428A776 F04153A192A8AFF4C8F3758B13B15DA2FFEE83AA 34EFE8E4F395624D4935BD74B2B8EE42 14687E5B2452983B820883CA5DFD1B99773FBE71 E32C83690CAD258B814390EF1B016823 E50A99229800451A0C092245295DE47131705ADD DE3F0A27C236273A1A6AE98B7529522B EF3734230D61B0721D5729B46904DC6043BEF124 667B08374C7F3009E2BE06D703121B19 474CFCAFE2E9161A7B989DAE2FA0D1F84FF1B872 9B49AC2A8FA3644EC2A5F0EB6B0BE64B 920096B8CB3EBBE5BF9264F0BCF1F1EC9E3CAC62 8B4D8332D4A42DE666EC0EA086F30D69 898B71B2CC18B5E592F2B4BFD3D28D62FD23A4DE 6B2137E8BB833A0A227C81CA77CBEB22 DF2004217535F4E7A2AD172BA7B945920BD2A9BA 2335610E6E964FF213C6377AFE1A2835 0 0 1999F9
<Byz> f ok E51CF1
<Ivan> 1e\ 53B01C
$Ivan<~Controls.372~>105 D60129
$Ivan<~Controls.345~>104 103 102 101 100 099 <~Controls.346~>10 10 11 14 11 10 null
$Ivan<~Controls.350~>104 103 102 101 100 099 null
<Byz> you ended up allocating none E8D5B4
<Byz> Was that intentional? 2FE651
<Byz> oh 24CA61
<Ivan> $Ivan allocates an eye. $Ivan rolls M M H P H M . $Ivan adds 0 eyes to the hunt 195253
<Byz> My bad 2985B4
<Ivan> Lol 64FD16
<Byz> I am dumb 45CB86
<Ivan> ur good A7E7CB
$Byz<~Controls.345~>213 212 211 210 <~Controls.346~>0 0 1 2 null
<Byz> ok then 4588F9
<Byz> pass 1B3094
$Ivan<~Scribe.141~>104 <~Scribe.142~><~Game.2043~><~Scribe.143~><~Game.2035~><~Scribe.144~> 00220C
$Ivan<~Scribe.141~>263 <~Scribe.142~><~Game.2002~><~Scribe.143~><~Game.2003~><~Scribe.144~> C96889
$Ivan<~Controls.644~>104 <~Controls.645~><~Game.2035~> 1A6F02
<Byz> pass CD38D0
$Ivan<~Scribe.141~>103 <~Scribe.142~><~Game.2043~><~Scribe.143~><~Game.2035~><~Scribe.144~> DFE830
$Ivan<~Scribe.141~>262 <~Scribe.142~><~Game.2002~><~Scribe.143~><~Game.2003~><~Scribe.144~> 96BEDF
$Ivan<~Controls.644~>103 <~Controls.645~><~Game.2035~> 671D60
$Byz<~Scribe.141~>211 <~Scribe.142~><~Game.2042~><~Scribe.143~><~Game.2035~><~Scribe.144~> 8B109F
$Byz<~Scribe.141~>241 242 <~Scribe.142~><~Game.1998~><~Scribe.143~><~Game.1885~><~Scribe.144~> 5BA7E9
$Byz<~Scribe.141~>244 <~Scribe.142~><~Game.1998~><~Scribe.143~><~Game.1885~><~Scribe.144~> 06A8E2
$Byz<~Controls.644~>211 <~Controls.645~><~Game.2035~> 7F1A0B
$Ivan<~Scribe.141~>099 <~Scribe.142~><~Game.2043~><~Scribe.143~><~Game.2035~><~Scribe.144~> 762C53
$Ivan<~Scribe.141~>254 <~Scribe.142~><~Game.2040~><~Scribe.143~><~Game.1919~><~Scribe.144~> 76ED16
$Ivan<~Scribe.141~>360 <~Scribe.142~><~Game.2040~><~Scribe.143~><~Game.2037~><~Scribe.144~> AF580D
$Ivan<~Controls.644~>099 360 <~Controls.645~><~Game.2035~> 64CAAF
$Byz<~Scribe.141~>213 <~Scribe.142~><~Game.2042~><~Scribe.143~><~Game.2035~><~Scribe.144~> 291534
$Byz<~Scribe.141~>242 <~Scribe.142~><~Game.1885~><~Scribe.143~><~Game.1890~><~Scribe.144~> 33565E
$Byz<~Scribe.141~>241 244 <~Scribe.142~><~Game.1885~><~Scribe.143~><~Game.1905~><~Scribe.144~> 37CF7B
$Byz<~Controls.644~>213 <~Controls.645~><~Game.2035~> 5B974A
$Ivan<~Scribe.141~>102 <~Scribe.142~><~Game.2043~><~Scribe.143~><~Game.2035~><~Scribe.144~> 3E0CFA
$Ivan<~Scribe.141~>039 036 029 028 027 026 <~Scribe.142~><~Game.1979~><~Scribe.143~><~Game.533~><~Scribe.144~> 79DB55
$Ivan<~Scribe.141~>001 <~Scribe.142~><~Game.1910~><~Scribe.143~><~Game.1917~><~Scribe.144~> D2B454
$Ivan<~Controls.644~>102 <~Controls.645~><~Game.2035~> 1106A7
$Byz<~Scribe.141~>210 <~Scribe.142~><~Game.2042~><~Scribe.143~><~Game.2035~><~Scribe.144~> 750B56
$Byz<~Scribe.141~>reveal 113 892302C0B4A59BE08C9A04F324DD8F9D97E71367 22 <~Scribe.142~><~Controls.45~><~Scribe.143~><~Game.2037~><~Scribe.144~> 2AAD35
$Byz<~Scribe.141~>242 <~Scribe.142~><~Game.1890~><~Scribe.143~><~Game.1891~><~Scribe.144~> 0D4E84
$Byz<~Scribe.141~>241 244 <~Scribe.142~><~Game.1905~><~Scribe.143~><~Game.1920~><~Scribe.144~> DF0EFE
$Byz<~Scribe.141~>257 <~Scribe.142~><~Game.2000~><~Scribe.143~><~Game.2003~><~Scribe.144~> AA9984
$Byz<~Controls.323~>257 51D650
$Byz<~Controls.509~>124<~Controls.510~><~Game.2005~><~Controls.511~><~Controls.45~> null
$Byz<~Controls.644~>210 113 <~Controls.645~><~Game.2035~> FF909B
$Ivan<~Scribe.141~>101 <~Scribe.142~><~Game.2043~><~Scribe.143~><~Game.2035~><~Scribe.144~> EB3096
$Ivan<~Controls.509~>192<~Controls.510~><~Game.2007~><~Controls.511~><~Controls.46~> null
$Ivan<~Controls.644~>101 <~Controls.645~><~Game.2035~> 84DD51
$Byz<~Scribe.141~>212 <~Scribe.142~><~Game.2042~><~Scribe.143~><~Game.2035~><~Scribe.144~> F65947
$Byz<~Controls.323~>241 554857
$Byz<~Scribe.141~>358 <~Scribe.142~><~Game.2038~><~Scribe.143~><~Game.2037~><~Scribe.144~> BA34E0
$Byz<~Controls.644~>212 358 <~Controls.645~><~Game.2035~> 599909
$Ivan<~Scribe.141~>100 <~Scribe.142~><~Game.2043~><~Scribe.143~><~Game.2035~><~Scribe.144~> FAD3B9
$Ivan<~Scribe.141~>253 <~Scribe.142~><~Game.2040~><~Scribe.143~><~Game.1956~><~Scribe.144~> 1F52E3
<Byz> yeah DCBD7A
$Ivan<~Scribe.141~>361 <~Scribe.142~><~Game.2040~><~Scribe.143~><~Game.2037~><~Scribe.144~> EC6815
<Byz> Honestly 0ABE81
$Ivan<~Controls.644~>100 361 <~Controls.645~><~Game.2035~> 3F34C9
<Byz> Probably better to move F22B1D
$Ivan<~Controls.323~>258 259 F8217D
<Byz> Objectively a mistake EBE5F3
$Ivan<~Controls.323~>260 A75A78
<Byz> Who cares DCB40B
<Ivan> Well lets have fun 4A43C2
$Byz<~Controls.731~>212 358 210 213 211 <~Controls.732~><~Game.2039~><~Controls.733~><~Game.2042~> C3F240
$Byz<~Controls.757~>105 <~Controls.758~><~Game.1997~><~Controls.759~><~Game.2043~> A61326
<~Game.7~>2 null
$Byz<~Controls.762~>100 361 101 102 099 360 103 104 <~Controls.763~><~Game.2041~><~Controls.764~><~Game.2043~> E4DC26
$Byz<~Controls.509~>117<~Controls.510~><~Game.2004~><~Controls.511~><~Controls.45~> null
$Byz<~Controls.509~>145<~Controls.510~><~Game.2005~><~Controls.511~><~Controls.45~> null
<Ivan> it will come down to luck anyways :p 236491
$Ivan<~Controls.509~>208<~Controls.510~><~Game.2006~><~Controls.511~><~Controls.46~> null
$Ivan<~Controls.509~>195<~Controls.510~><~Game.2007~><~Controls.511~><~Controls.46~> null
<Byz> f ok 804707
<Ivan> 1e A8CA0B
$Ivan<~Controls.372~>100 96F2F7
$Ivan<~Controls.345~>361 101 102 099 360 103 104 105 <~Controls.346~>14 11 14 12 11 10 13 12 null
$Ivan<~Controls.350~>361 101 102 099 360 103 104 105 null
$Byz<~Controls.345~>212 358 210 213 211 <~Controls.346~>1 4 4 2 3 null
<Byz> pass D2AB42
$Ivan<~Scribe.141~>105 <~Scribe.142~><~Game.2043~><~Scribe.143~><~Game.2035~><~Scribe.144~> 873A9E
$Ivan<~Scribe.141~>253 040 035 015 014 013 012 011 <~Scribe.142~><~Game.1956~><~Scribe.143~><~Game.1953~><~Scribe.144~> 6C8ED9
$Ivan<~Scribe.141~>039 036 029 028 027 026 <~Scribe.142~><~Game.533~><~Scribe.143~><~Game.1974~><~Scribe.144~> 8C40AE
$Ivan<~Controls.644~>105 <~Controls.645~><~Game.2035~> 7B2E58
<Byz> pass 11EC00
$Ivan<~Scribe.141~>099 <~Scribe.142~><~Game.2043~><~Scribe.143~><~Game.2035~><~Scribe.144~> A0413D
$Ivan<~Scribe.141~>039 038 036 029 028 027 026 025 024 023 022 021 <~Scribe.142~><~Game.1974~><~Scribe.143~><~Game.1976~><~Scribe.144~> C64AF7
$Ivan<~Scribe.141~>253 040 035 015 014 013 012 011 <~Scribe.142~><~Game.1953~><~Scribe.143~><~Game.1927~><~Scribe.144~> 0C5DB6
$Ivan<~Controls.644~>099 <~Controls.645~><~Game.2035~> F48093
<Byz> pass B3AFC3
$Ivan<~Scribe.141~>360 <~Scribe.142~><~Game.2043~><~Scribe.143~><~Game.2035~><~Scribe.144~> 5512F7
$Ivan<~Scribe.141~>001 008 007 <~Scribe.142~><~Game.1917~><~Scribe.143~><~Game.1927~><~Scribe.144~> F033EF
$Ivan<~Scribe.141~>055 049 048 047 <~Scribe.142~><~Game.1968~><~Scribe.143~><~Game.1946~><~Scribe.144~> D3B56A
$Ivan<~Controls.644~>360 <~Controls.645~><~Game.2035~> 366AA0
$Byz<~Scribe.141~>213 <~Scribe.142~><~Game.2042~><~Scribe.143~><~Game.2035~><~Scribe.144~> AE4C78
$Byz<~Scribe.141~>reveal 145 574C2CB795C2BFDFA7A71AA86EBF8F6FEB3F60FA 18 <~Scribe.142~><~Controls.45~><~Scribe.143~><~Game.2037~><~Scribe.144~> 96442C
$Byz<~Scribe.141~>284 289 <~Scribe.142~><~Game.2038~><~Scribe.143~><~Game.1923~><~Scribe.144~> 68E1AB
$Byz<~Controls.509~>130<~Controls.510~><~Game.2005~><~Controls.511~><~Controls.45~> null
$Byz<~Controls.644~>213 145 <~Controls.645~><~Game.2035~> 9F33A1
$Ivan<~Scribe.141~>102 <~Scribe.142~><~Game.2043~><~Scribe.143~><~Game.2035~><~Scribe.144~> 9A0F5C
$Ivan<~Controls.819~> 7EA0B0
$Ivan<~Scribe.141~>104 <~Scribe.142~><~Game.2043~><~Scribe.143~><~Game.2035~><~Scribe.144~> 01984F
<Ivan> Lórien 629820
$Byz<~Scribe.141~>097 093 092 087 <~Scribe.142~><~Game.1928~><~Scribe.143~><~Game.1992~><~Scribe.144~> 352B42
$Ivan<~Scribe.141~>253 040 035 001 008 007 015 014 013 012 011 <~Scribe.142~><~Game.1927~><~Scribe.143~><~Game.1928~><~Scribe.144~> 40F4DB
$Byz<~Scribe.141~>256 <~Scribe.142~><~Game.2000~><~Scribe.143~><~Game.2001~><~Scribe.144~> 336007
$Ivan<~Controls.644~>104 <~Controls.645~><~Game.2035~> 8CE4D1
$Byz<~Scribe.141~>212 <~Scribe.142~><~Game.2042~><~Scribe.143~><~Game.2035~><~Scribe.144~> C30AB6
$Byz<~Controls.790~>248<~Controls.791~><~Game.2014~><~Controls.792~><~Game.2015~> 8F76FD
$Byz<~Controls.795~>212<~Controls.796~><~Game.2035~><~Controls.797~><~Game.1997~> E5D16D
<game> Ivan<~Controls.1~> 1 null
$Ivan<~Scribe.141~>103 <~Scribe.142~><~Game.2043~><~Scribe.143~><~Game.2035~><~Scribe.144~> CAD614
$Ivan<~Scribe.141~>261 <~Scribe.142~><~Game.2001~><~Scribe.143~><~Game.2002~><~Scribe.144~> 598CCD
$Ivan<~Controls.644~>103 <~Controls.645~><~Game.2035~> 76BC9A
$Byz<~Scribe.141~>211 <~Scribe.142~><~Game.2042~><~Scribe.143~><~Game.2035~><~Scribe.144~> EA3E22
$Byz<~Scribe.141~>315 <~Scribe.142~><~Game.2038~><~Scribe.143~><~Game.1965~><~Scribe.144~> B95BED
$Byz<~Controls.644~>211 <~Controls.645~><~Game.2035~> 0CE4D4
$Ivan<~Scribe.141~>102 <~Scribe.142~><~Game.2043~><~Scribe.143~><~Game.2035~><~Scribe.144~> C80693
$Ivan<~Scribe.141~>reveal 192 0A8511783F501BFCCF6719FC4F30D9E23E125D8A 15 <~Scribe.142~><~Controls.46~><~Scribe.143~><~Game.2037~><~Scribe.144~> EB114C
$Ivan<~Scribe.141~>336 <~Scribe.142~><~Game.2040~><~Scribe.143~><~Game.1928~><~Scribe.144~> 555980
$Ivan<~Controls.644~>102 192 <~Controls.645~><~Game.2035~> 9C3701
$Byz<~Scribe.141~>210 <~Scribe.142~><~Game.2042~><~Scribe.143~><~Game.2035~><~Scribe.144~> 1341E0
$Byz<~Scribe.141~>313 <~Scribe.142~><~Game.2038~><~Scribe.143~><~Game.1965~><~Scribe.144~> D2FFC7
$Byz<~Controls.644~>210 <~Controls.645~><~Game.2035~> A7DE88
$Ivan<~Scribe.141~>101 <~Scribe.142~><~Game.2043~><~Scribe.143~><~Game.2035~><~Scribe.144~> B9CCC0
$Ivan<~Controls.819~> 4134AD
$Ivan<~Scribe.141~>101 <~Scribe.142~><~Game.2043~><~Scribe.143~><~Game.2035~><~Scribe.144~> 3F9254
<Ivan> Lórien ADD1F1
$Ivan<~Controls.840~>208 E4BC76
$Byz<~Controls.840~>130 175127
<auto> playchosen FBA08F
<auto><~Controls.3~>reveal 130 97F6585596E5AA260F7869547EA56F0BD1D051A1 7<~Controls.884~><~Controls.45~><~Controls.885~><~Game.2037~> EF07E6
<auto><~Controls.866~>reveal 208 093696CED3D5E4437A7CCDF7B3F34A7E0A433EB3 1<~Controls.867~><~Controls.46~><~Controls.868~><~Game.2036~> DE851F
<auto> playchosen 682913
<game> Ivan<~Controls.1~> 4 1 6 2 3 null
<game> Ivan<~Controls.1~> 5 5 5 null
<Ivan> 1 418DE5
<game> Byz<~Controls.1~> 3 3 1 null
<game> Byz<~Controls.1~> 2 null
<Byz> 0 E0C3A7
$Byz<~Controls.304~>092 <~Controls.305~><~Game.1992~> EE6691
$Byz<~Controls.313~>269 <~Controls.307~><~Controls.314~><~Game.1992~> 0AED4D
$Byz<~Scribe.141~>256 <~Scribe.142~><~Game.2001~><~Scribe.143~><~Game.2002~><~Scribe.144~> 3E0C90
<Ivan> stop 189241
$Ivan<~Controls.509~>160<~Controls.510~><~Game.2006~><~Controls.511~><~Controls.46~> null
$Ivan<~Controls.644~>101 208 130 <~Controls.645~><~Game.2035~> 40252B
$Byz<~Scribe.141~>358 <~Scribe.142~><~Game.2042~><~Scribe.143~><~Game.2035~><~Scribe.144~> 7779FD
$Byz<~Scribe.141~>311 <~Scribe.142~><~Game.2038~><~Scribe.143~><~Game.1965~><~Scribe.144~> 1F1528
$Byz<~Scribe.141~>316 <~Scribe.142~><~Game.2038~><~Scribe.143~><~Game.1973~><~Scribe.144~> 5AFA04
$Byz<~Controls.644~>358 <~Controls.645~><~Game.2035~> E9551F
$Ivan<~Scribe.141~>361 <~Scribe.142~><~Game.2043~><~Scribe.143~><~Game.2035~><~Scribe.144~> A70EF9
$Ivan<~Scribe.141~>reveal 187 4F78538B0D4569AEDBA0E3F85B58CA3C6B98FE1A 20 <~Scribe.142~><~Controls.46~><~Scribe.143~><~Game.2036~><~Scribe.144~> C4F7EF
$Ivan<~Controls.304~>029 <~Controls.305~><~Game.1976~> 3712F6
$Ivan<~Controls.313~>335 <~Controls.309~><~Controls.314~><~Game.1976~> DA7EED
$Ivan<~Controls.304~>028 <~Controls.305~><~Game.1976~> 3795B1
$Ivan<~Controls.313~>334 <~Controls.309~><~Controls.314~><~Game.1976~> 640004
$Ivan<~Controls.644~>361 187 <~Controls.645~><~Game.2035~> A8B2A5
$Byz<~Controls.726~>212 <~Controls.727~><~Game.1997~><~Controls.728~><~Game.2042~> CFE14B
$Byz<~Controls.731~>358 210 211 213 <~Controls.732~><~Game.2039~><~Controls.733~><~Game.2042~> 28C5E5
$Byz<~Controls.757~>100 <~Controls.758~><~Game.1997~><~Controls.759~><~Game.2043~> 556C5D
<~Game.7~>3 null
$Byz<~Controls.762~>361 101 102 103 104 360 099 105 <~Controls.763~><~Game.2041~><~Controls.764~><~Game.2043~> F59708
$Byz<~Controls.509~>125<~Controls.510~><~Game.2004~><~Controls.511~><~Controls.45~> null
$Byz<~Controls.509~>120<~Controls.510~><~Game.2005~><~Controls.511~><~Controls.45~> null
$Ivan<~Controls.509~>158<~Controls.510~><~Game.2006~><~Controls.511~><~Controls.46~> null
$Ivan<~Controls.509~>197<~Controls.510~><~Game.2007~><~Controls.511~><~Controls.46~> null
<Byz> f ok 78C5D2
<Ivan> 1e E1761D
$Ivan<~Controls.372~>361 EEA46C
$Ivan<~Controls.345~>101 102 103 104 360 099 105 100 <~Controls.346~>11 13 15 15 13 13 14 12 null
$Ivan<~Controls.350~>101 102 103 104 360 099 105 100 null
$Byz<~Controls.345~>358 210 211 213 212 <~Controls.346~>3 2 1 2 3 null
$Byz<~Scribe.141~>210 <~Scribe.142~><~Game.2042~><~Scribe.143~><~Game.2035~><~Scribe.144~> 6CB7C1
$Byz<~Scribe.141~>reveal 124 535568C39339A85B9F55690A58E50E77FC56EBF9 8 <~Scribe.142~><~Controls.45~><~Scribe.143~><~Game.2037~><~Scribe.144~> F384A1
$Byz<~Scribe.141~>285 288 <~Scribe.142~><~Game.2038~><~Scribe.143~><~Game.1929~><~Scribe.144~> B9242C
$Byz<~Controls.509~>119<~Controls.510~><~Game.2005~><~Controls.511~><~Controls.45~> null
$Byz<~Controls.644~>210 124 <~Controls.645~><~Game.2035~> 6830CF
$Ivan<~Scribe.141~>100 <~Scribe.142~><~Game.2043~><~Scribe.143~><~Game.2035~><~Scribe.144~> 128EEE
$Ivan<~Scribe.141~>039 038 334 335 036 027 026 025 024 023 022 021 <~Scribe.142~><~Game.1976~><~Scribe.143~><~Game.1964~><~Scribe.144~> C1FA04
$Ivan<~Scribe.141~>055 057 049 048 047 046 045 <~Scribe.142~><~Game.1946~><~Scribe.143~><~Game.1932~><~Scribe.144~> E9FA05
$Ivan<~Controls.644~>100 <~Controls.645~><~Game.2035~> 4ECC93
$Byz<~Scribe.141~>212 <~Scribe.142~><~Game.2042~><~Scribe.143~><~Game.2035~><~Scribe.144~> A0A68F
$Byz<~Scribe.141~>260 <~Scribe.142~><~Game.2001~><~Scribe.143~><~Game.2002~><~Scribe.144~> B500D9
$Byz<~Controls.644~>212 <~Controls.645~><~Game.2035~> A40036
$Ivan<~Scribe.141~>102 <~Scribe.142~><~Game.2043~><~Scribe.143~><~Game.2035~><~Scribe.144~> B7C609
<Ivan> Lórien A07060
$Ivan<~Controls.840~>197 51B3E9
$Byz<~Controls.840~>117 D7F127
<auto> playchosen D1EEAA
<auto><~Controls.3~>reveal 117 E953DFD5C392471D554F54D1DECF0BDFAD92FB6B 11<~Controls.884~><~Controls.45~><~Controls.885~><~Game.2037~> 5274C1
<auto><~Controls.866~>reveal 197 077C98D4C3777964C0D1D4FC0635B636CB0C4B45 17<~Controls.867~><~Controls.46~><~Controls.868~><~Game.2036~> 17BD61
<auto> playchosen 059838
<game> Ivan<~Controls.1~> 4 3 3 3 5 null
<game> Ivan<~Controls.1~> 4 1 3 null
<Ivan> 1 054186
<game> Byz<~Controls.1~> 4 3 4 null
<game> Byz<~Controls.1~> 2 null
<Byz> 2 F76AE9
$Byz<~Scribe.141~>097 <~Scribe.142~><~Game.1992~><~Scribe.143~><~Game.2037~><~Scribe.144~> 566681
$Ivan<~Scribe.141~>012 011 <~Scribe.142~><~Game.1928~><~Scribe.143~><~Game.2036~><~Scribe.144~> CC4706
<Ivan> press draw CA61D1
$Ivan<~Controls.304~>035 <~Controls.305~><~Game.1928~> ED351C
$Ivan<~Controls.313~>028 <~Controls.307~><~Controls.314~><~Game.1928~> FD7975
$Ivan<~Controls.509~>183<~Controls.510~><~Game.2007~><~Controls.511~><~Controls.46~> null
$Ivan<~Controls.662~>197 012 011 117 097 <~Controls.663~><~Game.2035~> D497FF
<Ivan> nc\ 238998
$Byz<~Scribe.141~>256 <~Scribe.142~><~Game.2002~><~Scribe.143~><~Game.2003~><~Scribe.144~> 0EF41D
<Byz> nc 8C685E
<game> Ivan<~Controls.1~> 2 4 4 6 2 null
<game> Ivan<~Controls.1~> 6 5 6 null
<game> Byz<~Controls.1~> 1 4 5 null
<Byz> 1 3F1271
<Ivan> 3 05DE26
$Byz<~Controls.296~>093 269 <~Controls.297~><~Game.1992~> 2C99CA
$Ivan<~Scribe.141~>013 <~Scribe.142~><~Game.1928~><~Scribe.143~><~Game.2036~><~Scribe.144~> 044682
<Ivan> press 8F38CC
$Ivan<~Controls.304~>336 <~Controls.305~><~Game.1928~> D93895
$Ivan<~Controls.313~>012 <~Controls.307~><~Controls.314~><~Game.1928~> FF345D
$Ivan<~Controls.662~>013 <~Controls.663~><~Game.2035~> 5EE5A7
<Ivan> nc 35FA27
<Byz> nc 9057AC
<game> Ivan<~Controls.1~> 2 1 4 6 6 null
<game> Byz<~Controls.1~> 3 null
$Byz<~Controls.296~>087 <~Controls.297~><~Game.1992~> 4CC387
$Ivan<~Scribe.141~>423 <~Scribe.142~><~Game.27~><~Scribe.143~><~Game.29~><~Scribe.144~> 721081
$Ivan<~Controls.644~>102 <~Controls.645~><~Game.2035~> 6DCC84
<Byz> pass 06E70C
$Ivan<~Scribe.141~>101 <~Scribe.142~><~Game.2043~><~Scribe.143~><~Game.2035~><~Scribe.144~> C5EB45
$Ivan<~Scribe.141~>261 <~Scribe.142~><~Game.2002~><~Scribe.143~><~Game.2003~><~Scribe.144~> EB87CD
$Ivan<~Controls.644~>101 <~Controls.645~><~Game.2035~> 38FFBB
$Byz<~Scribe.141~>213 <~Scribe.142~><~Game.2042~><~Scribe.143~><~Game.2035~><~Scribe.144~> 08E708
$Byz<~Scribe.141~>reveal 125 31D01C6D9EAEB6917B3BBB6DE8975BAFC94ACC19 16 <~Scribe.142~><~Controls.45~><~Scribe.143~><~Game.2037~><~Scribe.144~> CCC67D
$Byz<~Scribe.141~>241 <~Scribe.142~><~Game.1920~><~Scribe.143~><~Game.1924~><~Scribe.144~> 29B448
$Byz<~Scribe.141~>241 <~Scribe.142~><~Game.1924~><~Scribe.143~><~Game.1931~><~Scribe.144~> F81728
$Byz<~Scribe.141~>241 <~Scribe.142~><~Game.1931~><~Scribe.143~><~Game.1943~><~Scribe.144~> 5E035F
$Byz<~Scribe.141~>241 <~Scribe.142~><~Game.1943~><~Scribe.143~><~Game.1959~><~Scribe.144~> CA7946
$Byz<~Controls.509~>149<~Controls.510~><~Game.2004~><~Controls.511~><~Controls.45~> null
$Byz<~Controls.644~>213 125 <~Controls.645~><~Game.2035~> 12E978
$Ivan<~Scribe.141~>099 <~Scribe.142~><~Game.2043~><~Scribe.143~><~Game.2035~><~Scribe.144~> 90C75D
$Ivan<~Controls.819~> A3CEB4
$Ivan<~Scribe.141~>105 <~Scribe.142~><~Game.2043~><~Scribe.143~><~Game.2035~><~Scribe.144~> 7FB8E9
$Ivan<~Scribe.141~>reveal 183 290B91F33DFD3E84321DF1A72BA200965F681FE4 6 <~Scribe.142~><~Controls.46~><~Scribe.143~><~Game.2037~><~Scribe.144~> BEC633
<Ivan> da D7976B
$Byz<~Scribe.141~>244 276 077 076 075 <~Scribe.142~><~Game.1920~><~Scribe.143~><~Game.1995~><~Scribe.144~> 26DA9B
$Ivan<~Scribe.141~>183 <~Scribe.142~><~Game.2037~><~Scribe.143~><~Game.1920~><~Scribe.144~> B87AD2
$Ivan<~Controls.819~> 830DF7
$Ivan<~Scribe.141~>055 057 049 048 047 046 045 043 042 041 <~Scribe.142~><~Game.1932~><~Scribe.143~><~Game.1920~><~Scribe.144~> 20F53D
$Ivan<~Scribe.141~>260 <~Scribe.142~><~Game.2002~><~Scribe.143~><~Game.2003~><~Scribe.144~> 66C416
$Ivan<~Controls.644~>105 183 <~Controls.645~><~Game.2035~> B020EE
$Byz<~Scribe.141~>358 <~Scribe.142~><~Game.2042~><~Scribe.143~><~Game.2035~><~Scribe.144~> C22A18
$Byz<~Scribe.141~>275 <~Scribe.142~><~Game.2038~><~Scribe.143~><~Game.1944~><~Scribe.144~> 3C702A
$Byz<~Controls.644~>358 <~Controls.645~><~Game.2035~> D31E92
$Ivan<~Scribe.141~>099 <~Scribe.142~><~Game.2043~><~Scribe.143~><~Game.2035~><~Scribe.144~> 174FC8
<Ivan> Osgiliath nc 40A09C
$Byz<~Controls.840~>119 828575
<auto><~Controls.861~>reveal 119 043AE7526873E3D44741295DBE7E78758CBE39D8 15<~Controls.862~><~Controls.45~><~Controls.863~><~Game.2037~> 00D4C1
$Byz<~Scribe.141~>080 079 <~Scribe.142~><~Game.1943~><~Scribe.143~><~Game.1938~><~Scribe.144~> D4F081
$Ivan<~Scribe.141~>039 038 334 335 036 027 026 025 024 023 022 021 <~Scribe.142~><~Game.1964~><~Scribe.143~><~Game.1943~><~Scribe.144~> 107AB2
$Ivan<~Controls.644~>099 119 <~Controls.645~><~Game.2035~> C26753
$Byz<~Scribe.141~>211 <~Scribe.142~><~Game.2042~><~Scribe.143~><~Game.2035~><~Scribe.144~> 51B34D
$Byz<~Scribe.141~>249 <~Scribe.142~><~Game.2008~><~Scribe.143~><~Game.2011~><~Scribe.144~> 1E4111
$Byz<~Scribe.141~>080 079 <~Scribe.142~><~Game.1938~><~Scribe.143~><~Game.1932~><~Scribe.144~> A868EB
$Byz<~Scribe.141~>316 059 <~Scribe.142~><~Game.1973~><~Scribe.143~><~Game.1965~><~Scribe.144~> 8C0C33
$Byz<~Scribe.141~>316 059 <~Scribe.142~><~Game.1965~><~Scribe.143~><~Game.1970~><~Scribe.144~> BD54EB
$Byz<~Controls.644~>211 <~Controls.645~><~Game.2035~> 035736
$Byz<~Scribe.141~>422 <~Scribe.142~><~Game.27~><~Scribe.143~><~Game.29~><~Scribe.144~> D5AF2C
$Byz<~Controls.819~> 880981
$Byz<~Controls.819~> 07D445
$Byz<~Controls.819~> B2BDB5
$Byz<~Controls.819~> 6FDFE2
$Byz<~Scribe.141~>311 062 313 315 312 061 <~Scribe.142~><~Game.1965~><~Scribe.143~><~Game.1970~><~Scribe.144~> 6B5291
$Byz<~Controls.644~>211 <~Controls.645~><~Game.2035~> E76222
<Byz> I'll do it that way 1FECC8
$Byz<~Scribe.141~>422 <~Scribe.142~><~Game.27~><~Scribe.143~><~Game.29~><~Scribe.144~> 5E80B0
<Ivan> ye 036032
$Ivan<~Scribe.141~>360 <~Scribe.142~><~Game.2043~><~Scribe.143~><~Game.2035~><~Scribe.144~> B0EEF8
$Ivan<~Scribe.141~>249 <~Scribe.142~><~Game.2011~><~Scribe.143~><~Game.2037~><~Scribe.144~> 6631A7
$Ivan<~Scribe.141~>013 <~Scribe.142~><~Game.2040~><~Scribe.143~><~Game.1917~><~Scribe.144~> 416A79
$Ivan<~Scribe.141~>011 <~Scribe.142~><~Game.2040~><~Scribe.143~><~Game.1956~><~Scribe.144~> F13D99
$Ivan<~Controls.644~>360 249 <~Controls.645~><~Game.2035~> 61C7E9
$Ivan<~Controls.757~>103 104 361 <~Controls.758~><~Game.1997~><~Controls.759~><~Game.2043~> B91185
$Ivan<~Controls.762~>360 099 105 101 102 100 <~Controls.763~><~Game.2041~><~Controls.764~><~Game.2043~> 2280D7
$Byz<~Controls.731~>211 358 213 212 210 <~Controls.732~><~Game.2039~><~Controls.733~><~Game.2042~> 0DC93C
<~Game.7~>4 null
$Byz<~Controls.509~>126<~Controls.510~><~Game.2004~><~Controls.511~><~Controls.45~> null
$Byz<~Controls.509~>131<~Controls.510~><~Game.2005~><~Controls.511~><~Controls.45~> null
$Ivan<~Controls.509~>204<~Controls.510~><~Game.2006~><~Controls.511~><~Controls.46~> null
$Ivan<~Controls.509~>178<~Controls.510~><~Game.2007~><~Controls.511~><~Controls.46~> null
<Byz> f ok 944044
<Ivan> 1e BA946D
$Ivan<~Controls.372~>360 12646E
$Ivan<~Controls.345~>099 105 101 102 100 103 104 361 <~Controls.346~>11 15 13 12 13 12 14 10 null
$Ivan<~Controls.350~>099 105 101 102 100 103 104 361 null
$Byz<~Controls.345~>211 358 213 212 210 <~Controls.346~>1 3 4 1 4 null
$Byz<~Scribe.141~>210 <~Scribe.142~><~Game.2042~><~Scribe.143~><~Game.2035~><~Scribe.144~> A1645F
$Byz<~Scribe.141~>311 062 313 315 312 061 <~Scribe.142~><~Game.1970~><~Scribe.143~><~Game.1957~><~Scribe.144~> 7CC600
$Byz<~Scribe.141~>098 094 <~Scribe.142~><~Game.1954~><~Scribe.143~><~Game.1957~><~Scribe.144~> 2428DA
$Byz<~Controls.644~>210 <~Controls.645~><~Game.2035~> 95F82B
$Ivan<~Scribe.141~>361 <~Scribe.142~><~Game.2043~><~Scribe.143~><~Game.2035~><~Scribe.144~> 086723
$Ivan<~Scribe.141~>336 <~Scribe.142~><~Game.2040~><~Scribe.143~><~Game.1956~><~Scribe.144~> 097452
$Ivan<~Controls.644~>361 <~Controls.645~><~Game.2035~> 6F6560
$Byz<~Scribe.141~>213 <~Scribe.142~><~Game.2042~><~Scribe.143~><~Game.2035~><~Scribe.144~> C1B3C1
$Byz<~Scribe.141~>098 311 062 094 313 315 312 061 <~Scribe.142~><~Game.1957~><~Scribe.143~><~Game.1958~><~Scribe.144~> D4DB1C
$Byz<~Scribe.141~>096 091 090 <~Scribe.142~><~Game.1911~><~Scribe.143~><~Game.1915~><~Scribe.144~> 5C19BD
$Byz<~Controls.644~>213 <~Controls.645~><~Game.2035~> A683B9
$Ivan<~Scribe.141~>099 <~Scribe.142~><~Game.2043~><~Scribe.143~><~Game.2035~><~Scribe.144~> 937CFC
$Ivan<~Scribe.141~>035 <~Scribe.142~><~Game.2040~><~Scribe.143~><~Game.1956~><~Scribe.144~> F078EA
$Ivan<~Controls.644~>099 <~Controls.645~><~Game.2035~> 341395
$Byz<~Scribe.141~>211 <~Scribe.142~><~Game.2042~><~Scribe.143~><~Game.2035~><~Scribe.144~> B06AB3
<Byz> DG CFABF0
$Ivan<~Scribe.141~>035 336 011 <~Scribe.142~><~Game.1956~><~Scribe.143~><~Game.21~><~Scribe.144~> 556428
$Byz<~Scribe.141~>098 311 062 094 313 315 312 061 <~Scribe.142~><~Game.1958~><~Scribe.143~><~Game.1956~><~Scribe.144~> A0D696
$Byz<~Controls.644~>211 <~Controls.645~><~Game.2035~> 00A2DD
$Ivan<~Scribe.141~>104 <~Scribe.142~><~Game.2043~><~Scribe.143~><~Game.2035~><~Scribe.144~> B05F60
$Ivan<~Scribe.141~>reveal 178 95063F6D1A7AEF706DED64345983C29AD3A29329 13 <~Scribe.142~><~Controls.46~><~Scribe.143~><~Game.2037~><~Scribe.144~> 1C9C81
$Ivan<~Scribe.141~>344 029 <~Scribe.142~><~Game.2040~><~Scribe.143~><~Game.21~><~Scribe.144~> 60F4E8
$Ivan<~Scribe.141~>342 343 <~Scribe.142~><~Game.2040~><~Scribe.143~><~Game.1917~><~Scribe.144~> DA0C1A
$Ivan<~Scribe.141~>340 341 <~Scribe.142~><~Game.2040~><~Scribe.143~><~Game.1922~><~Scribe.144~> 888684
$Ivan<~Controls.644~>104 178 <~Controls.645~><~Game.2035~> 32345F
<Byz> pass EB05C5
$Ivan<~Scribe.141~>102 <~Scribe.142~><~Game.2043~><~Scribe.143~><~Game.2035~><~Scribe.144~> 083269
$Ivan<~Scribe.141~>039 038 334 335 036 027 026 025 024 023 022 <~Scribe.142~><~Game.1943~><~Scribe.143~><~Game.1938~><~Scribe.144~> F995FD
$Ivan<~Scribe.141~>034 033 <~Scribe.142~><~Game.1971~><~Scribe.143~><~Game.1977~><~Scribe.144~> BCA55E
$Ivan<~Controls.644~>102 <~Controls.645~><~Game.2035~> 5642BC
<Byz> pass A96C28
$Ivan<~Scribe.141~>101 <~Scribe.142~><~Game.2043~><~Scribe.143~><~Game.2035~><~Scribe.144~> 251807
<Ivan> Umbar F558A4
$Byz<~Scribe.141~>080 079 <~Scribe.142~><~Game.1932~><~Scribe.143~><~Game.26~><~Scribe.144~> 5A0A02
$Ivan<~Scribe.141~>039 038 334 335 036 027 026 025 024 023 <~Scribe.142~><~Game.1938~><~Scribe.143~><~Game.1932~><~Scribe.144~> 23F64B
$Ivan<~Controls.644~>101 <~Controls.645~><~Game.2035~> 044B06
$Byz<~Scribe.141~>212 <~Scribe.142~><~Game.2042~><~Scribe.143~><~Game.2035~><~Scribe.144~> A5CCA7
$Byz<~Controls.790~>248<~Controls.791~><~Game.2015~><~Controls.792~><~Game.2016~> 294B52
$Byz<~Controls.795~>212<~Controls.796~><~Game.2035~><~Controls.797~><~Game.1997~> 9318B8
<game> Ivan<~Controls.1~> 5 6 null
$Ivan<~Controls.624~>215<~Controls.625~><~Game.2044~><~Controls.626~><~Game.2037~> null
<Byz> come onnnn 985442
$Byz<~Scribe.141~>247 <~Scribe.142~><~Game.1911~><~Scribe.143~><~Game.1926~><~Scribe.144~> F75BC1
$Byz<~Controls.323~>247 F63205
$Byz<~Controls.644~>215 <~Controls.645~><~Game.2035~> 647370
$Ivan<~Scribe.141~>103 <~Scribe.142~><~Game.2043~><~Scribe.143~><~Game.2035~><~Scribe.144~> 30DB5E
<Ivan> Umbar 035A06
<Ivan> nc 26F15B
<Byz> nc 51E16A
<game> Ivan<~Controls.1~> 2 6 1 3 2 null
<game> Ivan<~Controls.1~> 1 4 null
<Ivan> 1 0778BA
<game> Byz<~Controls.1~> 3 1 null
<Byz> 0 5FDB1E
$Byz<~Controls.296~>080 <~Controls.297~><~Game.26~> 7C2DC5
<Ivan> press AE567B
$Ivan<~Controls.304~>036 <~Controls.305~><~Game.1932~> 37CE9A
$Ivan<~Controls.313~>339 <~Controls.307~><~Controls.314~><~Game.1932~> F8C92C
<Ivan> nc C93A23
<Byz> nc 677782
<game> Ivan<~Controls.1~> 3 2 4 1 3 null
<game> Ivan<~Controls.1~> 3 2 null
<game> Byz<~Controls.1~> 3 null
<Byz> 0 49B12B
<Ivan> press nc 61D433
$Ivan<~Controls.304~>335 <~Controls.305~><~Game.1932~> 5DB219
$Ivan<~Controls.313~>338 <~Controls.307~><~Controls.314~><~Game.1932~> 470CB8
<Byz> nc 458DDB
<game> Ivan<~Controls.1~> 1 4 1 4 6 null
<Ivan> 1 B8D7DA
<game> Byz<~Controls.1~> 5 null
<Byz> 1 63B570
$Ivan<~Scribe.141~>023 <~Scribe.142~><~Game.1932~><~Scribe.143~><~Game.2036~><~Scribe.144~> 13521B
$Byz<~Controls.296~>079 <~Controls.297~><~Game.26~> A5D954
$Ivan<~Scribe.141~>422 <~Scribe.142~><~Game.29~><~Scribe.143~><~Game.27~><~Scribe.144~> 5491C2
$Ivan<~Controls.644~>103 023 <~Controls.645~><~Game.2035~> D96F7F
$Byz<~Scribe.141~>358 <~Scribe.142~><~Game.2042~><~Scribe.143~><~Game.2035~><~Scribe.144~> 696305
$Byz<~Scribe.141~>270 <~Scribe.142~><~Game.2038~><~Scribe.143~><~Game.1944~><~Scribe.144~> 5AD575
$Byz<~Scribe.141~>268 <~Scribe.142~><~Game.2038~><~Scribe.143~><~Game.1911~><~Scribe.144~> 18F112
$Byz<~Controls.644~>358 <~Controls.645~><~Game.2035~> 00A8F6
$Ivan<~Scribe.141~>100 <~Scribe.142~><~Game.2043~><~Scribe.143~><~Game.2035~><~Scribe.144~> BC9544
$Ivan<~Scribe.141~>reveal 158 72881D340DA77EBB64222CA0EBEB0BB4F58DE0D4 22 <~Scribe.142~><~Controls.46~><~Scribe.143~><~Game.2037~><~Scribe.144~> 2D90F6
<game> Ivan<~Controls.1~> 4 3 3 null
$Ivan<~Controls.644~>100 158 <~Controls.645~><~Game.2035~> C61558
<Ivan> 1 4F7458
$Byz<~Scribe.141~>252 <~Scribe.142~><~Game.2014~><~Scribe.143~><~Game.2015~><~Scribe.144~> 3B226E
$Byz<~Controls.726~>212 <~Controls.727~><~Game.1997~><~Controls.728~><~Game.2042~> D5F926
$Byz<~Controls.731~>358 211 213 210 <~Controls.732~><~Game.2039~><~Controls.733~><~Game.2042~> 850204
$Byz<~Controls.757~>105 360 <~Controls.758~><~Game.1997~><~Controls.759~><~Game.2043~> 3B6125
<~Game.7~>5 null
$Byz<~Controls.762~>100 103 101 102 104 099 361 <~Controls.763~><~Game.2041~><~Controls.764~><~Game.2043~> 057645
$Byz<~Controls.509~>109<~Controls.510~><~Game.2004~><~Controls.511~><~Controls.45~> null
$Byz<~Controls.509~>146<~Controls.510~><~Game.2005~><~Controls.511~><~Controls.45~> null
$Ivan<~Controls.509~>203<~Controls.510~><~Game.2006~><~Controls.511~><~Controls.46~> null
$Ivan<~Controls.509~>171<~Controls.510~><~Game.2007~><~Controls.511~><~Controls.46~> null
$Byz<~Controls.296~>146 <~Controls.297~><~Controls.45~> 095357
$Byz<~Controls.819~> 54B939
$Byz<~Controls.296~>131 <~Controls.297~><~Controls.45~> 97059A
<Byz> f ok 16C721
<Ivan> 1e 15311C
$Ivan<~Controls.372~>100 5CD8EE
$Ivan<~Controls.345~>103 101 102 104 099 361 105 360 <~Controls.346~>15 14 10 10 10 11 14 10 null
$Ivan<~Controls.350~>103 101 102 104 099 361 105 360 null
$Byz<~Controls.345~>358 211 213 210 212 <~Controls.346~>1 1 1 3 1 null
<Byz> hm 19F0B7
$Byz<~Scribe.141~>358 <~Scribe.142~><~Game.2042~><~Scribe.143~><~Game.2035~><~Scribe.144~> 3F0BB7
$Byz<~Controls.323~>247 DDD2C3
$Byz<~Controls.644~>358 <~Controls.645~><~Game.2035~> 42547B
$Ivan<~Scribe.141~>101 <~Scribe.142~><~Game.2043~><~Scribe.143~><~Game.2035~><~Scribe.144~> C2D343
$Ivan<~Scribe.141~>reveal 191 7AA2C9C7ED799888E03BD6C131D60409E4C5F850 18 <~Scribe.142~><~Controls.46~><~Scribe.143~><~Game.2037~><~Scribe.144~> 590C34
$Ivan<~Controls.624~>224<~Controls.625~><~Game.2044~><~Controls.626~><~Game.2036~> null
$Ivan<~Controls.637~>243<~Controls.638~><~Game.1998~><~Controls.639~><~Game.2037~> null
$Ivan<~Controls.644~>101 224 191 243 <~Controls.645~><~Game.2035~> B102CE
<Byz> Brutal draws here EF02EB
<Ivan> yeah very lucky there 3494F9
<Byz> pass 533AFA
<Byz> I would probably be winning if I sprinted 449BD9
<Byz> I hate java AAF102
<Ivan> lol yep F418AD
$Ivan<~Scribe.141~>105 <~Scribe.142~><~Game.2043~><~Scribe.143~><~Game.2035~><~Scribe.144~> 6EF375
$Ivan<~Scribe.141~>reveal 160 7173A94B38CB5870B23EB34A02A357FAA405CD53 15 <~Scribe.142~><~Controls.46~><~Scribe.143~><~Game.2037~><~Scribe.144~> 0BF4D6
$Ivan<~Scribe.141~>160 <~Scribe.142~><~Game.2037~><~Scribe.143~><~Game.2036~><~Scribe.144~> 5382E8
$Ivan<~Controls.624~>228<~Controls.625~><~Game.2044~><~Controls.626~><~Game.2037~> null
<Ivan> bruh 7EE178
<Byz> sheesh 7D1A15
$Ivan<~Controls.644~>105 160 228 <~Controls.645~><~Game.2035~> A07980
<Byz> pass 8091CB
$Byz<~Scribe.141~>252 <~Scribe.142~><~Game.2015~><~Scribe.143~><~Game.2018~><~Scribe.144~> 7691EA
$Ivan<~Scribe.141~>102 <~Scribe.142~><~Game.2043~><~Scribe.143~><~Game.2035~><~Scribe.144~> C1FD84
$Ivan<~Scribe.141~>325 <~Scribe.142~><~Game.2040~><~Scribe.143~><~Game.1919~><~Scribe.144~> 5B7A65
$Ivan<~Controls.644~>102 <~Controls.645~><~Game.2035~> 60CA2B
$Byz<~Scribe.141~>211 <~Scribe.142~><~Game.2042~><~Scribe.143~><~Game.2035~><~Scribe.144~> 45EEA5
$Byz<~Scribe.141~>reveal 149 73B33CA950FB41EA53623DDFBC70DD65FD451CA7 0 <~Scribe.142~><~Controls.45~><~Scribe.143~><~Game.2029~><~Scribe.144~> A67415
$Byz<~Controls.644~>211 <~Controls.645~><~Game.2035~> 2CD854
$Ivan<~Scribe.141~>104 <~Scribe.142~><~Game.2043~><~Scribe.143~><~Game.2035~><~Scribe.144~> BC8270
$Ivan<~Scribe.141~>322 <~Scribe.142~><~Game.2040~><~Scribe.143~><~Game.1919~><~Scribe.144~> DEFB84
$Ivan<~Controls.644~>104 <~Controls.645~><~Game.2035~> 877EDF
$Byz<~Scribe.141~>212 <~Scribe.142~><~Game.2042~><~Scribe.143~><~Game.2035~><~Scribe.144~> 604715
$Byz<~Controls.790~>248<~Controls.791~><~Game.2014~><~Controls.792~><~Game.2015~> 78BB33
$Byz<~Controls.795~>212<~Controls.796~><~Game.2035~><~Controls.797~><~Game.1997~> 5B8E72
<game> Ivan<~Controls.1~> 4 4 null
$Ivan<~Scribe.141~>099 <~Scribe.142~><~Game.2043~><~Scribe.143~><~Game.2035~><~Scribe.144~> 4768A2
$Ivan<~Scribe.141~>321 <~Scribe.142~><~Game.2040~><~Scribe.143~><~Game.1917~><~Scribe.144~> 930900
$Ivan<~Scribe.141~>320 <~Scribe.142~><~Game.2040~><~Scribe.143~><~Game.1969~><~Scribe.144~> 2265CF
$Ivan<~Controls.644~>099 <~Controls.645~><~Game.2035~> C6DB2F
$Byz<~Scribe.141~>210 <~Scribe.142~><~Game.2042~><~Scribe.143~><~Game.2035~><~Scribe.144~> 32EC91
$Byz<~Controls.281~>210 <~Controls.282~><~Game.2035~><~Controls.283~><~Game.2042~> D5140E
$Byz<~Scribe.141~>213 <~Scribe.142~><~Game.2042~><~Scribe.143~><~Game.2035~><~Scribe.144~> 97B830
$Byz<~Controls.790~>248<~Controls.791~><~Game.2015~><~Controls.792~><~Game.2016~> BBC150
$Byz<~Controls.795~>213<~Controls.796~><~Game.2035~><~Controls.797~><~Game.1997~> D697D6
<game> Ivan<~Controls.1~> 5 6 null
$Byz<~Scribe.141~>149 <~Scribe.142~><~Game.2029~><~Scribe.143~><~Game.2037~><~Scribe.144~> 9C7191
$Byz<~Controls.644~>149 <~Controls.645~><~Game.2035~> 86D99B
$Ivan<~Scribe.141~>360 <~Scribe.142~><~Game.2043~><~Scribe.143~><~Game.2035~><~Scribe.144~> 6560F6
$Ivan<~Scribe.141~>326 <~Scribe.142~><~Game.2040~><~Scribe.143~><~Game.1919~><~Scribe.144~> 433C0E
$Ivan<~Controls.644~>360 <~Controls.645~><~Game.2035~> CC45A6
$Byz<~Scribe.141~>210 <~Scribe.142~><~Game.2042~><~Scribe.143~><~Game.2035~><~Scribe.144~> 421786
$Byz<~Scribe.141~>314 <~Scribe.142~><~Game.2038~><~Scribe.143~><~Game.1965~><~Scribe.144~> 113068
$Byz<~Controls.644~>210 <~Controls.645~><~Game.2035~> 620BC0
$Ivan<~Scribe.141~>361 <~Scribe.142~><~Game.2043~><~Scribe.143~><~Game.2035~><~Scribe.144~> 9D2187
<Ivan> Fords nc 36A2AE
$Byz<~Controls.840~>146 49B8F6
<auto><~Controls.861~>reveal 146 978D2B08BEC8ED03D9870AB2C3BCCB4C516F8F3A 17<~Controls.862~><~Controls.45~><~Controls.863~><~Game.2037~> 5639A1
<game> Ivan<~Controls.1~> 4 1 4 5 6 null
<game> Ivan<~Controls.1~> 6 1 5 6 null
<Ivan> ... E5B051
<game> Byz<~Controls.1~> 4 1 null
<game> Byz<~Controls.1~> 4 null
<Byz> no dude this is like 8334D0
<Byz> verya verage for me lately F0CD0F
<Byz> Every game I play I have bad luck 606A32
$Byz<~Controls.296~>074 070 069 <~Controls.297~><~Game.1918~> 1464EB
$Byz<~Scribe.141~>259 <~Scribe.142~><~Game.2000~><~Scribe.143~><~Game.2001~><~Scribe.144~> 2B5D0C
$Ivan<~Scribe.141~>326 322 325 006 005 004 003 002 <~Scribe.142~><~Game.1919~><~Scribe.143~><~Game.1918~><~Scribe.144~> 82ED3F
$Ivan<~Controls.644~>361 146 <~Controls.645~><~Game.2035~> 98B44D
$Byz<~Controls.726~>213 212 <~Controls.727~><~Game.1997~><~Controls.728~><~Game.2042~> 0EBA8D
$Byz<~Controls.731~>210 211 358 <~Controls.732~><~Game.2039~><~Controls.733~><~Game.2042~> 8A678C
$Byz<~Controls.757~>103 100 <~Controls.758~><~Game.1997~><~Controls.759~><~Game.2043~> 67976F
<~Game.7~>6 null
$Byz<~Controls.762~>361 360 099 104 102 105 101 <~Controls.763~><~Game.2041~><~Controls.764~><~Game.2043~> 72DBBC
$Byz<~Controls.509~>135<~Controls.510~><~Game.2004~><~Controls.511~><~Controls.45~> null
$Byz<~Controls.509~>153<~Controls.510~><~Game.2005~><~Controls.511~><~Controls.45~> null
$Ivan<~Controls.509~>202<~Controls.510~><~Game.2006~><~Controls.511~><~Controls.46~> null
$Ivan<~Controls.509~>172<~Controls.510~><~Game.2007~><~Controls.511~><~Controls.46~> null
$Byz<~Scribe.141~>247 <~Scribe.142~><~Game.1926~><~Scribe.143~><~Game.1940~><~Scribe.144~> 067303
$Byz<~Controls.323~>247 6C0C4E
$Byz<~Controls.323~>247 500FC8
<Byz> f ok 0E1CA0
<Ivan> 1e 4D4881
$Ivan<~Controls.372~>361 2B335E
$Ivan<~Controls.345~>360 099 104 102 105 101 103 100 <~Controls.346~>15 12 12 10 13 11 14 15 null
$Ivan<~Controls.350~>360 099 104 102 105 101 103 100 null
$Byz<~Controls.345~>210 211 358 213 212 <~Controls.346~>0 3 1 4 1 null
<Byz> pass FECB7F
$Ivan<~Scribe.141~>103 <~Scribe.142~><~Game.2043~><~Scribe.143~><~Game.2035~><~Scribe.144~> EE012E
$Ivan<~Scribe.141~>reveal 195 E9D54AA0054F4FBE2FCBBAABBDAC18FB6E2EFEB0 5 <~Scribe.142~><~Controls.46~><~Scribe.143~><~Game.2037~><~Scribe.144~> 116D4C
$Ivan<~Controls.644~>103 195 <~Controls.645~><~Game.2035~> 71107D
$Byz<~Controls.296~>210 <~Controls.297~><~Game.2042~> 54554D
<Byz> pass 2841D2
$Ivan<~Scribe.141~>099 <~Scribe.142~><~Game.2043~><~Scribe.143~><~Game.2035~><~Scribe.144~> 589181
<Ivan> HD A7139B
$Byz<~Scribe.141~>284 289 071 <~Scribe.142~><~Game.1923~><~Scribe.143~><~Game.1993~><~Scribe.144~> 5591E3
$Ivan<~Scribe.141~>326 322 325 006 005 004 003 002 <~Scribe.142~><~Game.1918~><~Scribe.143~><~Game.1923~><~Scribe.144~> B44D9D
$Byz<~Scribe.141~>259 <~Scribe.142~><~Game.2001~><~Scribe.143~><~Game.2002~><~Scribe.144~> 84E72E
$Ivan<~Controls.644~>099 <~Controls.645~><~Game.2035~> A39906
$Byz<~Scribe.141~>212 <~Scribe.142~><~Game.2042~><~Scribe.143~><~Game.2035~><~Scribe.144~> 17E7FF
$Byz<~Controls.790~>248<~Controls.791~><~Game.2014~><~Controls.792~><~Game.2015~> 7C5A9A
$Byz<~Controls.795~>212<~Controls.796~><~Game.2035~><~Controls.797~><~Game.1997~> F45A69
<game> Ivan<~Controls.1~> 3 2 2 null
$Ivan<~Scribe.141~>105 <~Scribe.142~><~Game.2043~><~Scribe.143~><~Game.2035~><~Scribe.144~> 60A431
$Ivan<~Scribe.141~>321 <~Scribe.142~><~Game.1917~><~Scribe.143~><~Game.1940~><~Scribe.144~> B7B93D
$Ivan<~Scribe.141~>040 <~Scribe.142~><~Game.1928~><~Scribe.143~><~Game.1941~><~Scribe.144~> D54527
$Ivan<~Scribe.141~>253 <~Scribe.142~><~Game.1928~><~Scribe.143~><~Game.1920~><~Scribe.144~> 3F910E
$Ivan<~Scribe.141~>037 320 <~Scribe.142~><~Game.1969~><~Scribe.143~><~Game.1920~><~Scribe.144~> 51C427
$Ivan<~Scribe.141~>039 <~Scribe.142~><~Game.1932~><~Scribe.143~><~Game.1920~><~Scribe.144~> 1F1FCD
$Ivan<~Scribe.141~>038 <~Scribe.142~><~Game.1932~><~Scribe.143~><~Game.1923~><~Scribe.144~> BFB30E
$Ivan<~Controls.644~>105 <~Controls.645~><~Game.2035~> 83271D
$Byz<~Scribe.141~>358 <~Scribe.142~><~Game.2042~><~Scribe.143~><~Game.2035~><~Scribe.144~> CC8472
$Byz<~Scribe.141~>241 <~Scribe.142~><~Game.1959~><~Scribe.143~><~Game.1956~><~Scribe.144~> F228BF
$Byz<~Scribe.141~>242 <~Scribe.142~><~Game.1891~><~Scribe.143~><~Game.1890~><~Scribe.144~> 2FA6B5
$Byz<~Controls.644~>358 <~Controls.645~><~Game.2035~> 083EE2
$Ivan<~Scribe.141~>104 <~Scribe.142~><~Game.2043~><~Scribe.143~><~Game.2035~><~Scribe.144~> 474DA9
<Ivan> DA B6BFA7
$Ivan<~Controls.840~>171 0DFE12
$Byz<~Controls.840~>126 2C990B
<auto> playchosen B3C9EA
<auto><~Controls.3~>reveal 126 4B42AA2A99C32E17DD375A7FCA2E3797090DC9FC 1<~Controls.884~><~Controls.45~><~Controls.885~><~Game.2037~> E24CA3
<auto><~Controls.866~>reveal 171 7EA4D70362D0EC785BF94A7E307A5E85C6DCC19A 9<~Controls.867~><~Controls.46~><~Controls.868~><~Game.2036~> 629A04
<auto> playchosen 13FA9C
<game> Ivan<~Controls.1~> 3 6 5 2 1 null
<game> Ivan<~Controls.1~> 5 3 5 4 null
<Ivan> 1 5B41DC
<game> Byz<~Controls.1~> 6 2 1 4 3 null
<Byz> 1 E59DF8
$Byz<~Controls.296~>077 <~Controls.297~><~Game.1995~> 10AE6D
$Ivan<~Scribe.141~>041 <~Scribe.142~><~Game.1920~><~Scribe.143~><~Game.2036~><~Scribe.144~> A566C8
<Ivan> press draw 5B28B3
$Ivan<~Controls.304~>057 <~Controls.305~><~Game.1920~> F889D5
$Ivan<~Controls.313~>357 <~Controls.307~><~Controls.314~><~Game.1920~> 7DEBDE
$Ivan<~Controls.509~>159<~Controls.510~><~Game.2007~><~Controls.511~><~Controls.46~> null
$Ivan<~Controls.662~>171 041 126 <~Controls.663~><~Game.2035~> A93E13
$Ivan<~Controls.840~>159 222E4A
$Byz<~Controls.840~>109 C19036
<auto> playchosen 09E444
<auto><~Controls.3~>reveal 109 4F216CE5E81F740B3C97C81758C22521D993A21D 2<~Controls.884~><~Controls.45~><~Controls.885~><~Game.2037~> 1AC992
<auto><~Controls.866~>reveal 159 9291A99DFBF39E4D37A9AFC7749670F5E0B1004A 7<~Controls.867~><~Controls.46~><~Controls.868~><~Game.2036~> 61103F
<auto> playchosen F0A5AD
<game> Ivan<~Controls.1~> 2 2 3 2 1 null
<game> Ivan<~Controls.1~> 1 1 4 4 3 null
<Ivan> 0 21ADFD
<game> Byz<~Controls.1~> 1 4 6 5 null
<game> Byz<~Controls.1~> 1 null
<Byz> 2 0015A4
$Ivan<~Scribe.141~>043 042 <~Scribe.142~><~Game.1920~><~Scribe.143~><~Game.2036~><~Scribe.144~> 1BFF3C
<Ivan> 1 from gh 314E59
$Byz<~Controls.304~>276 <~Controls.305~><~Game.1995~> B3A659
$Byz<~Controls.313~>077 <~Controls.308~><~Controls.314~><~Game.1995~> 533B00
<Ivan> stop E13003
$Ivan<~Controls.644~>104 159 043 042 109 <~Controls.645~><~Game.2035~> CC660E
$Byz<~Scribe.141~>211 <~Scribe.142~><~Game.2042~><~Scribe.143~><~Game.2035~><~Scribe.144~> 8A8737
$Byz<~Scribe.141~>reveal 153 9D30B62DAD883A7C5E9F0EB0D67B8B7FBF49E238 20 <~Scribe.142~><~Controls.45~><~Scribe.143~><~Game.2037~><~Scribe.144~> B8BC7E
$Byz<~Scribe.141~>267 266 <~Scribe.142~><~Game.2038~><~Scribe.143~><~Game.1995~><~Scribe.144~> F9F364
$Byz<~Controls.644~>211 153 <~Controls.645~><~Game.2035~> E7991C
$Ivan<~Scribe.141~>102 <~Scribe.142~><~Game.2043~><~Scribe.143~><~Game.2035~><~Scribe.144~> 7F82B6
$Ivan<~Scribe.141~>reveal 172 BECE6FA0AA427B42305EBC5BEA2679834F488094 8 <~Scribe.142~><~Controls.46~><~Scribe.143~><~Game.2037~><~Scribe.144~> C665DF
$Ivan<~Scribe.141~>319 036 335 <~Scribe.142~><~Game.2040~><~Scribe.143~><~Game.1917~><~Scribe.144~> 318F59
$Ivan<~Controls.644~>102 172 <~Controls.645~><~Game.2035~> B4E059
$Byz<~Scribe.141~>213 <~Scribe.142~><~Game.2042~><~Scribe.143~><~Game.2035~><~Scribe.144~> CA91C0
$Byz<~Scribe.141~>309 <~Scribe.142~><~Game.2038~><~Scribe.143~><~Game.1965~><~Scribe.144~> 127562
$Byz<~Scribe.141~>279 <~Scribe.142~><~Game.2038~><~Scribe.143~><~Game.1931~><~Scribe.144~> 77FA37
$Byz<~Controls.644~>213 <~Controls.645~><~Game.2035~> 75B0AE
$Ivan<~Scribe.141~>101 <~Scribe.142~><~Game.2043~><~Scribe.143~><~Game.2035~><~Scribe.144~> 011156
$Ivan<~Scribe.141~>034 033 032 031 030 <~Scribe.142~><~Game.1977~><~Scribe.143~><~Game.1969~><~Scribe.144~> EE4B5F
$Ivan<~Scribe.141~>334 338 339 027 026 025 024 <~Scribe.142~><~Game.1932~><~Scribe.143~><~Game.1938~><~Scribe.144~> 18414C
$Ivan<~Controls.644~>101 <~Controls.645~><~Game.2035~> DC905B
$Ivan<~Controls.757~>360 100 361 <~Controls.758~><~Game.1997~><~Controls.759~><~Game.2043~> 42D871
$Ivan<~Controls.762~>101 102 104 105 099 103 <~Controls.763~><~Game.2041~><~Controls.764~><~Game.2043~> 09A1D7
$Byz<~Controls.726~>212 <~Controls.727~><~Game.1997~><~Controls.728~><~Game.2042~> A2FD35
<~Game.7~>7 null
$Byz<~Controls.731~>213 211 358 210 <~Controls.732~><~Game.2039~><~Controls.733~><~Game.2042~> A2E345
$Ivan<~Controls.509~>209<~Controls.510~><~Game.2006~><~Controls.511~><~Controls.46~> null
$Ivan<~Controls.509~>164<~Controls.510~><~Game.2007~><~Controls.511~><~Controls.46~> null
$Byz<~Controls.509~>108<~Controls.510~><~Game.2004~><~Controls.511~><~Controls.45~> null
$Byz<~Controls.509~>140<~Controls.510~><~Game.2005~><~Controls.511~><~Controls.45~> null
$Byz<~Scribe.141~>247 <~Scribe.142~><~Game.1940~><~Scribe.143~><~Game.1945~><~Scribe.144~> 1A7196
$Byz<~Controls.323~>247 E81898
$Byz<~Controls.323~>247 960EEE
<Byz> f ok 709E16
<Ivan> 1e 5C38A2
$Ivan<~Controls.372~>101 9F7BD2
$Ivan<~Controls.345~>102 104 105 099 103 360 100 361 <~Controls.346~>12 10 13 14 10 12 11 14 null
$Ivan<~Controls.350~>102 104 105 099 103 360 100 361 null
$Byz<~Controls.345~>213 211 358 210 212 <~Controls.346~>2 3 3 3 2 null
<Byz> pass 4F0328
$Ivan<~Scribe.141~>102 <~Scribe.142~><~Game.2043~><~Scribe.143~><~Game.2035~><~Scribe.144~> DC60B8
$Ivan<~Scribe.141~>034 033 032 031 030 020 019 018 017 016 <~Scribe.142~><~Game.1969~><~Scribe.143~><~Game.1955~><~Scribe.144~> 6BC89E
$Ivan<~Controls.819~> 136989
$Ivan<~Controls.819~> ECD505
$Ivan<~Scribe.141~>099 <~Scribe.142~><~Game.2043~><~Scribe.143~><~Game.2035~><~Scribe.144~> 1BD791
$Ivan<~Scribe.141~>reveal 202 EC3AE006A360AF7B61CB9FD6349A70EBAFE64E91 11 <~Scribe.142~><~Controls.46~><~Scribe.143~><~Game.2036~><~Scribe.144~> 632DD8
$Ivan<~Controls.281~>238 <~Controls.282~><~Game.2046~><~Controls.283~><~Game.2045~> ACE896
$Ivan<~Controls.644~>099 202 <~Controls.645~><~Game.2035~> 2F0766
<Byz> pass 1CD2FC
$Ivan<~Scribe.141~>361 <~Scribe.142~><~Game.2043~><~Scribe.143~><~Game.2035~><~Scribe.144~> A8F40E
$Ivan<~Scribe.141~>reveal 204 62042B926DFD0EEC985DDBFA718DE1C076B2776F 17 <~Scribe.142~><~Controls.46~><~Scribe.143~><~Game.2037~><~Scribe.144~> 293E04
$Ivan<~Controls.281~>239 <~Controls.282~><~Game.2046~><~Controls.283~><~Game.2045~> 2629AB
$Ivan<~Controls.644~>361 204 <~Controls.645~><~Game.2035~> 960AEC
<Byz> pass 0D65E0
$Ivan<~Scribe.141~>102 <~Scribe.142~><~Game.2043~><~Scribe.143~><~Game.2035~><~Scribe.144~> 685EBF
$Ivan<~Scribe.141~>334 338 339 027 026 025 024 022 <~Scribe.142~><~Game.1938~><~Scribe.143~><~Game.1943~><~Scribe.144~> 34D133
$Ivan<~Scribe.141~>034 033 032 031 030 020 019 018 017 016 <~Scribe.142~><~Game.1969~><~Scribe.143~><~Game.1955~><~Scribe.144~> 5C777C
$Ivan<~Controls.644~>102 <~Controls.645~><~Game.2035~> 58E080
$Byz<~Scribe.141~>212 <~Scribe.142~><~Game.2042~><~Scribe.143~><~Game.2035~><~Scribe.144~> D61C8D
$Byz<~Scribe.141~>reveal 120 0A6FF8C88AD22BED8335A876EFD4BBEFD772250D 19 <~Scribe.142~><~Controls.45~><~Scribe.143~><~Game.2037~><~Scribe.144~> 214713
$Byz<~Scribe.141~>310 317 <~Scribe.142~><~Game.2038~><~Scribe.143~><~Game.1965~><~Scribe.144~> 5B295E
$Byz<~Controls.509~>138<~Controls.510~><~Game.2005~><~Controls.511~><~Controls.45~> null
$Byz<~Controls.644~>212 120 <~Controls.645~><~Game.2035~> 71D0FC
$Ivan<~Scribe.141~>360 <~Scribe.142~><~Game.2043~><~Scribe.143~><~Game.2035~><~Scribe.144~> CC4232
$Ivan<~Scribe.141~>334 338 339 027 026 025 024 022 021 <~Scribe.142~><~Game.1943~><~Scribe.143~><~Game.1935~><~Scribe.144~> 524756
$Ivan<~Scribe.141~>034 033 032 031 030 020 019 018 017 016 <~Scribe.142~><~Game.1955~><~Scribe.143~><~Game.1943~><~Scribe.144~> ABD7EA
$Ivan<~Controls.644~>360 <~Controls.645~><~Game.2035~> 6791F2
$Byz<~Scribe.141~>210 <~Scribe.142~><~Game.2042~><~Scribe.143~><~Game.2035~><~Scribe.144~> 1F4E4A
$Byz<~Scribe.141~>274 <~Scribe.142~><~Game.2038~><~Scribe.143~><~Game.1931~><~Scribe.144~> 43CD5F
$Byz<~Controls.644~>210 <~Controls.645~><~Game.2035~> E3C289
$Ivan<~Scribe.141~>100 <~Scribe.142~><~Game.2043~><~Scribe.143~><~Game.2035~><~Scribe.144~> 196C5B
<Ivan> MT from osg 0BAD73
$Byz<~Scribe.141~>270 085 275 084 083 082 081 <~Scribe.142~><~Game.1944~><~Scribe.143~><~Game.1994~><~Scribe.144~> FD3458
$Ivan<~Scribe.141~>034 033 032 031 030 020 019 018 017 016 <~Scribe.142~><~Game.1943~><~Scribe.143~><~Game.1944~><~Scribe.144~> ABE40E
$Ivan<~Scribe.141~>016 <~Scribe.142~><~Game.1944~><~Scribe.143~><~Game.1943~><~Scribe.144~> F5469C
$Ivan<~Controls.644~>100 <~Controls.645~><~Game.2035~> 98A584
$Byz<~Scribe.141~>213 <~Scribe.142~><~Game.2042~><~Scribe.143~><~Game.2035~><~Scribe.144~> EDD5FF
$Byz<~Scribe.141~>reveal 138 735732AAD906EF57EBF4BF2E9FBBED5E23B38745 23 <~Scribe.142~><~Controls.45~><~Scribe.143~><~Game.2029~><~Scribe.144~> BC1F6C
$Byz<~Controls.509~>134<~Controls.510~><~Game.2005~><~Controls.511~><~Controls.45~> null
$Byz<~Controls.644~>213 <~Controls.645~><~Game.2035~> 5FAA31
$Ivan<~Scribe.141~>104 <~Scribe.142~><~Game.2043~><~Scribe.143~><~Game.2035~><~Scribe.144~> 777916
$Ivan<~Scribe.141~>057 <~Scribe.142~><~Game.2040~><~Scribe.143~><~Game.1932~><~Scribe.144~> 2394EC
$Ivan<~Controls.644~>104 <~Controls.645~><~Game.2035~> 8790FB
$Byz<~Scribe.141~>358 <~Scribe.142~><~Game.2042~><~Scribe.143~><~Game.2035~><~Scribe.144~> 6D695B
$Byz<~Scribe.141~>278 277 <~Scribe.142~><~Game.2038~><~Scribe.143~><~Game.1931~><~Scribe.144~> 94C390
$Byz<~Scribe.141~>277 <~Scribe.142~><~Game.1931~><~Scribe.143~><~Game.1924~><~Scribe.144~> D483AA
$Byz<~Controls.644~>358 <~Controls.645~><~Game.2035~> DE999E
$Ivan<~Scribe.141~>103 <~Scribe.142~><~Game.2043~><~Scribe.143~><~Game.2035~><~Scribe.144~> 80E738
$Ivan<~Scribe.141~>347 <~Scribe.142~><~Game.2040~><~Scribe.143~><~Game.1932~><~Scribe.144~> A42DEF
$Ivan<~Controls.644~>103 <~Controls.645~><~Game.2035~> 85D720
$Byz<~Scribe.141~>211 <~Scribe.142~><~Game.2042~><~Scribe.143~><~Game.2035~><~Scribe.144~> C84184
$Byz<~Scribe.141~>264 <~Scribe.142~><~Game.2038~><~Scribe.143~><~Game.1954~><~Scribe.144~> 6778B1
$Byz<~Controls.644~>211 <~Controls.645~><~Game.2035~> 84F9EB
$Ivan<~Scribe.141~>105 <~Scribe.142~><~Game.2043~><~Scribe.143~><~Game.2035~><~Scribe.144~> FDB3A7
<Ivan> HD 37CE4E
$Byz<~Scribe.141~>259 <~Scribe.142~><~Game.2002~><~Scribe.143~><~Game.2003~><~Scribe.144~> 1C22F8
<Ivan> nc 7F13B3
$Byz<~Controls.840~>140 80CEA4
<auto><~Controls.861~>reveal 140 68552CC4B02CE6F6BED63FDBEFB020747288E5C4 0<~Controls.862~><~Controls.45~><~Controls.863~><~Game.2037~> D52673
<game> Ivan<~Controls.1~> 1 3 3 2 3 null
<game> Ivan<~Controls.1~> 6 2 2 2 null
<Ivan> 1 59CA9B
<game> Byz<~Controls.1~> 3 5 null
<game> Byz<~Controls.1~> 2 null
<Byz> 2 4B47FA
$Ivan<~Scribe.141~>003 002 <~Scribe.142~><~Game.1923~><~Scribe.143~><~Game.2036~><~Scribe.144~> 7DF14E
$Byz<~Controls.304~>289 <~Controls.305~><~Game.1993~> C74468
$Byz<~Controls.313~>070 <~Controls.308~><~Controls.314~><~Game.1993~> ECF928
<Ivan> press 67433D
$Ivan<~Controls.304~>006 <~Controls.305~><~Game.1923~> 7AF2F0
$Ivan<~Controls.313~>332 <~Controls.307~><~Controls.314~><~Game.1923~> 08A9EA
$Ivan<~Controls.662~>003 002 140 <~Controls.663~><~Game.2035~> 305068
<Ivan> nc E3B646
<Byz> nc 81F34D
<game> Ivan<~Controls.1~> 4 5 5 6 6 null
<game> Byz<~Controls.1~> 1 5 null
<game> Byz<~Controls.1~> 3 null
<Byz> 1 9AFCBE
<Ivan> 2 6D123B
$Byz<~Controls.296~>284 070 071 <~Controls.297~><~Game.1993~> 7EAF07
$Ivan<~Scribe.141~>004 <~Scribe.142~><~Game.1923~><~Scribe.143~><~Game.2036~><~Scribe.144~> 58BC21
$Ivan<~Scribe.141~>423 <~Scribe.142~><~Game.29~><~Scribe.143~><~Game.31~><~Scribe.144~> 006045
$Ivan<~Controls.644~>105 004 <~Controls.645~><~Game.2035~> 670BBE
$Byz<~Controls.731~>211 358 213 210 212 <~Controls.732~><~Game.2039~><~Controls.733~><~Game.2042~> E0665A
$Byz<~Controls.757~>101 <~Controls.758~><~Game.1997~><~Controls.759~><~Game.2043~> 0C2D29
<~Game.7~>8 null
$Byz<~Controls.762~>105 103 104 100 360 102 361 099 <~Controls.763~><~Game.2041~><~Controls.764~><~Game.2043~> FA9B2D
$Byz<~Controls.509~>127<~Controls.510~><~Game.2004~><~Controls.511~><~Controls.45~> null
$Byz<~Controls.509~>143<~Controls.510~><~Game.2005~><~Controls.511~><~Controls.45~> null
$Ivan<~Controls.509~>193<~Controls.510~><~Game.2006~><~Controls.511~><~Controls.46~> null
$Ivan<~Controls.509~>175<~Controls.510~><~Game.2007~><~Controls.511~><~Controls.46~> null
<Byz> f ok 3BDB4E
<Ivan> 1e 165C0C
$Ivan<~Controls.372~>105 8167EC
$Ivan<~Controls.345~>103 104 100 360 102 361 099 101 <~Controls.346~>14 12 14 15 10 15 12 15 null
$Ivan<~Controls.350~>103 104 100 360 102 361 099 101 null
$Byz<~Controls.345~>211 358 213 210 212 <~Controls.346~>3 1 2 1 0 null
$Byz<~Scribe.141~>211 <~Scribe.142~><~Game.2042~><~Scribe.143~><~Game.2035~><~Scribe.144~> 1C2C28
$Byz<~Scribe.141~>294 295 <~Scribe.142~><~Game.2038~><~Scribe.143~><~Game.1925~><~Scribe.144~> 7BE3B4
$Byz<~Scribe.141~>295 <~Scribe.142~><~Game.1925~><~Scribe.143~><~Game.1929~><~Scribe.144~> A67B91
$Byz<~Controls.644~>211 <~Controls.645~><~Game.2035~> 9C523B
$Ivan<~Scribe.141~>103 <~Scribe.142~><~Game.2043~><~Scribe.143~><~Game.2035~><~Scribe.144~> B41E82
$Ivan<~Scribe.141~>reveal 175 39F91661B461A78FE737F4EFD52C5041606B37D8 23 <~Scribe.142~><~Controls.46~><~Scribe.143~><~Game.2037~><~Scribe.144~> 6644BB
$Ivan<~Scribe.141~>324 006 <~Scribe.142~><~Game.2040~><~Scribe.143~><~Game.1919~><~Scribe.144~> 3FCE6C
$Ivan<~Scribe.141~>327 328 <~Scribe.142~><~Game.2040~><~Scribe.143~><~Game.1910~><~Scribe.144~> A59525
$Ivan<~Scribe.141~>003 004 <~Scribe.142~><~Game.2040~><~Scribe.143~><~Game.1914~><~Scribe.144~> E4CB24
$Ivan<~Controls.644~>103 175 <~Controls.645~><~Game.2035~> 6DE92A
$Byz<~Scribe.141~>358 <~Scribe.142~><~Game.2042~><~Scribe.143~><~Game.2035~><~Scribe.144~> 431B8A
$Byz<~Controls.790~>248<~Controls.791~><~Game.2014~><~Controls.792~><~Game.2015~> 8B8D1C
$Byz<~Controls.795~>358<~Controls.796~><~Game.2035~><~Controls.797~><~Game.1997~> 1EC63A
<game> Ivan<~Controls.1~> 3 1 1 2 null
$Ivan<~Scribe.141~>100 <~Scribe.142~><~Game.2043~><~Scribe.143~><~Game.2035~><~Scribe.144~> C56AF9
$Ivan<~Scribe.141~>reveal 209 54DCEA67BF3454389B683D3833A21F35F4E66C49 12 <~Scribe.142~><~Controls.46~><~Scribe.143~><~Game.2036~><~Scribe.144~> 2A4B5C
$Ivan<~Scribe.141~>321 <~Scribe.142~><~Game.1940~><~Scribe.143~><~Game.1945~><~Scribe.144~> C17442
$Ivan<~Scribe.141~>040 <~Scribe.142~><~Game.1941~><~Scribe.143~><~Game.1957~><~Scribe.144~> 82727B
$Byz<~Scribe.141~>247 <~Scribe.142~><~Game.1945~><~Scribe.143~><~Game.1957~><~Scribe.144~> 1A7EDF
$Byz<~Controls.323~>247 3EF415
$Byz<~Controls.323~>247 70CFD6
$Ivan<~Scribe.141~>319 <~Scribe.142~><~Game.1917~><~Scribe.143~><~Game.1944~><~Scribe.144~> ED8BEC
$Byz<~Controls.323~>247 5F70BE
$Ivan<~Scribe.141~>038 <~Scribe.142~><~Game.1923~><~Scribe.143~><~Game.1944~><~Scribe.144~> EEB62D
$Ivan<~Scribe.141~>253 037 039 <~Scribe.142~><~Game.1920~><~Scribe.143~><~Game.1944~><~Scribe.144~> 61E69F
$Ivan<~Scribe.141~>039 <~Scribe.142~><~Game.1944~><~Scribe.143~><~Game.1920~><~Scribe.144~> 42A2ED
$Ivan<~Controls.644~>100 209 <~Controls.645~><~Game.2035~> AAA8CE
$Byz<~Scribe.141~>210 <~Scribe.142~><~Game.2042~><~Scribe.143~><~Game.2035~><~Scribe.144~> 424A97
$Byz<~Controls.323~>247 079FDF
$Byz<~Controls.644~>210 <~Controls.645~><~Game.2035~> F9C6E6
$Ivan<~Scribe.141~>102 <~Scribe.142~><~Game.2043~><~Scribe.143~><~Game.2035~><~Scribe.144~> 71312C
$Ivan<~Scribe.141~>323 <~Scribe.142~><~Game.2040~><~Scribe.143~><~Game.1919~><~Scribe.144~> 789D34
$Ivan<~Controls.819~> 978871
$Ivan<~Scribe.141~>002 <~Scribe.142~><~Game.2040~><~Scribe.143~><~Game.1919~><~Scribe.144~> C4F6DA
$Ivan<~Scribe.141~>330 <~Scribe.142~><~Game.2040~><~Scribe.143~><~Game.1914~><~Scribe.144~> 2018F4
$Ivan<~Scribe.141~>331 <~Scribe.142~><~Game.2040~><~Scribe.143~><~Game.1910~><~Scribe.144~> 4620A0
$Ivan<~Controls.644~>102 <~Controls.645~><~Game.2035~> B6AA60
$Byz<~Scribe.141~>213 <~Scribe.142~><~Game.2042~><~Scribe.143~><~Game.2035~><~Scribe.144~> 83D2DA
$Byz<~Scribe.141~>reveal 134 292EFDAADB737D29226E92039F823F44F65FF1BA 5 <~Scribe.142~><~Controls.45~><~Scribe.143~><~Game.2030~><~Scribe.144~> 47422D
$Byz<~Scribe.141~>258 <~Scribe.142~><~Game.2000~><~Scribe.143~><~Game.2001~><~Scribe.144~> 5532BB
$Byz<~Controls.509~>110<~Controls.510~><~Game.2005~><~Controls.511~><~Controls.45~> null
$Byz<~Controls.644~>213 <~Controls.645~><~Game.2035~> 14E040
$Ivan<~Scribe.141~>104 <~Scribe.142~><~Game.2043~><~Scribe.143~><~Game.2035~><~Scribe.144~> 9C4D25
$Ivan<~Scribe.141~>331 327 328 <~Scribe.142~><~Game.1910~><~Scribe.143~><~Game.1914~><~Scribe.144~> D0F994
$Ivan<~Scribe.141~>334 <~Scribe.142~><~Game.1935~><~Scribe.143~><~Game.1944~><~Scribe.144~> DBEB2B
$Ivan<~Controls.644~>104 <~Controls.645~><~Game.2035~> 24D2F1
$Byz<~Scribe.141~>212 <~Scribe.142~><~Game.2042~><~Scribe.143~><~Game.2035~><~Scribe.144~> 88923E
$Byz<~Scribe.141~>286 <~Scribe.142~><~Game.2038~><~Scribe.143~><~Game.1929~><~Scribe.144~> 3F45F6
$Byz<~Controls.644~>212 <~Controls.645~><~Game.2035~> EADE11
$Ivan<~Scribe.141~>099 <~Scribe.142~><~Game.2043~><~Scribe.143~><~Game.2035~><~Scribe.144~> 8C4CD7
$Ivan<~Scribe.141~>331 327 328 330 003 004 000 <~Scribe.142~><~Game.1914~><~Scribe.143~><~Game.1916~><~Scribe.144~> 7C45BA
$Ivan<~Scribe.141~>347 057 <~Scribe.142~><~Game.1932~><~Scribe.143~><~Game.1938~><~Scribe.144~> 9DD188
$Ivan<~Controls.644~>099 <~Controls.645~><~Game.2035~> 54457F
$Byz<~Controls.726~>358 <~Controls.727~><~Game.1997~><~Controls.728~><~Game.2042~> 6CA2B5
$Byz<~Controls.731~>212 213 210 211 <~Controls.732~><~Game.2039~><~Controls.733~><~Game.2042~> 91D4E3
$Byz<~Controls.757~>360 361 101 105 <~Controls.758~><~Game.1997~><~Controls.759~><~Game.2043~> 14509B
<~Game.7~>9 null
$Byz<~Controls.762~>099 104 102 100 103 <~Controls.763~><~Game.2041~><~Controls.764~><~Game.2043~> 80C716
$Ivan<~Controls.757~>360 361 101 105 <~Controls.758~><~Game.1997~><~Controls.759~><~Game.2043~> 4618DA
$Ivan<~Controls.762~>099 104 102 100 103 <~Controls.763~><~Game.2041~><~Controls.764~><~Game.2043~> 9E79D7
$Byz<~Controls.509~>107<~Controls.510~><~Game.2004~><~Controls.511~><~Controls.45~> null
$Byz<~Controls.509~>111<~Controls.510~><~Game.2005~><~Controls.511~><~Controls.45~> null
$Ivan<~Controls.509~>177<~Controls.510~><~Game.2006~><~Controls.511~><~Controls.46~> null
$Ivan<~Controls.509~>170<~Controls.510~><~Game.2007~><~Controls.511~><~Controls.46~> null
$Byz<~Controls.296~>107 <~Controls.297~><~Controls.45~> D632ED
$Byz<~Controls.296~>108 <~Controls.297~><~Controls.45~> 557D51
<Byz> f ok 0E2E93
<Ivan> 1e B50D7F
$Ivan<~Controls.372~>099 269868
$Ivan<~Controls.345~>104 102 100 103 360 361 101 105 <~Controls.346~>12 12 14 10 15 15 14 14 null
$Ivan<~Controls.350~>104 102 100 103 360 361 101 105 null
$Byz<~Controls.345~>212 213 210 211 358 <~Controls.346~>1 1 3 1 1 null
$Byz<~Scribe.141~>211 <~Scribe.142~><~Game.2042~><~Scribe.143~><~Game.2035~><~Scribe.144~> 8004A4
<Byz> DG E2E331
$Byz<~Controls.840~>111 AFF361
<Ivan> NC DCDA45
<game> Byz<~Controls.1~> 3 4 1 1 3 null
<game> Byz<~Controls.1~> 3 5 6 4 4 null
<Byz> lmao F8C696
<Byz> 1 5F090C
<auto><~Controls.861~>reveal 111 1261E859B3FA66677F0C869D85D114833A9EDA18 2<~Controls.862~><~Controls.45~><~Controls.863~><~Game.2037~> 0A0F5C
<Ivan> did u play a card? 5567C4
<Ivan> Oh CE6F73
<Ivan> bruh 6D40DE
<game> Ivan<~Controls.1~> 3 2 2 2 6 null
<Ivan> 1 805E7A
$Ivan<~Controls.304~>336 <~Controls.305~><~Game.21~> FB4D30
$Ivan<~Controls.313~>023 <~Controls.307~><~Controls.314~><~Game.21~> BCBF6C
$Byz<~Controls.304~>094 <~Controls.305~><~Game.1956~> C6983F
$Byz<~Controls.313~>087 <~Controls.308~><~Controls.314~><~Game.1956~> 0E4B97
$Byz<~Controls.644~>211 111 <~Controls.645~><~Game.2035~> 2B61D2
<Byz> so funny 98D068
$Ivan<~Scribe.141~>100 <~Scribe.142~><~Game.2043~><~Scribe.143~><~Game.2035~><~Scribe.144~> 775F52
$Ivan<~Scribe.141~>reveal 164 C2FC7CF853182A1BFDB1DA358A0C569FEFD64F85 22 <~Scribe.142~><~Controls.46~><~Scribe.143~><~Game.2031~><~Scribe.144~> F81505
$Ivan<~Controls.644~>100 <~Controls.645~><~Game.2035~> B89F12
$Byz<~Scribe.141~>212 <~Scribe.142~><~Game.2042~><~Scribe.143~><~Game.2035~><~Scribe.144~> 2DF6EF
<Byz> DG 04E021
$Byz<~Controls.840~>110 066B4A
<Ivan> nc 76299E
<auto><~Controls.861~>reveal 110 B19A5EC0DD619F7A7B247768CCFC79D9233F812A 13<~Controls.862~><~Controls.45~><~Controls.863~><~Game.2037~> 60AD56
<game> Byz<~Controls.1~> 1 2 5 6 1 null
<game> Byz<~Controls.1~> 6 4 2 3 null
<Byz> 3 EADF3F
<game> Ivan<~Controls.1~> 5 1 5 3 2 null
<Ivan> 2 D2721E
$Byz<~Controls.296~>313 <~Controls.297~><~Game.1956~> 5DBBDE
$Ivan<~Scribe.141~>035 023 <~Scribe.142~><~Game.21~><~Scribe.143~><~Game.2036~><~Scribe.144~> 4CB7B0
$Byz<~Controls.644~>212 035 023 110 <~Controls.645~><~Game.2035~> 7FB592
$Ivan<~Scribe.141~>101 <~Scribe.142~><~Game.2043~><~Scribe.143~><~Game.2035~><~Scribe.144~> 79B164
$Ivan<~Controls.509~>186<~Controls.510~><~Game.2007~><~Controls.511~><~Controls.46~> null
$Ivan<~Controls.644~>101 <~Controls.645~><~Game.2035~> CC4C25
$Byz<~Scribe.141~>358 <~Scribe.142~><~Game.2042~><~Scribe.143~><~Game.2035~><~Scribe.144~> 691F1F
<Byz> DG 590743
$Byz<~Controls.840~>139 734909
<Ivan> nc 4EC496
<auto><~Controls.861~>reveal 139 DEE7B9137C8AE8C504B03D6BAB2CD7E34D507AD2 22<~Controls.862~><~Controls.45~><~Controls.863~><~Game.2037~> A1FA83
<game> Byz<~Controls.1~> 6 4 4 1 4 null
<game> Byz<~Controls.1~> 1 6 3 null
<Byz> 3 E10FDE
<game> Ivan<~Controls.1~> 1 1 2 null
$Ivan<~Scribe.141~>344 029 011 <~Scribe.142~><~Game.21~><~Scribe.143~><~Game.2036~><~Scribe.144~> 9ACA96
$Byz<~Scribe.141~>422 <~Scribe.142~><~Game.27~><~Scribe.143~><~Game.29~><~Scribe.144~> AE8BFF
$Byz<~Controls.644~>358 344 029 011 139 <~Controls.645~><~Game.2035~> 9C68D8
$Ivan<~Scribe.141~>104 <~Scribe.142~><~Game.2043~><~Scribe.143~><~Game.2035~><~Scribe.144~> BEE009
<Ivan> MT 2DF40D
$Ivan<~Controls.840~>186 F26BAD
<auto><~Controls.866~>reveal 186 3195EFFC4560E93ABD0F52A777EE0F3FDD02E1A5 16<~Controls.867~><~Controls.46~><~Controls.868~><~Game.2036~> F5FF07
$Byz<~Controls.840~>143 05D6A5
<game> Ivan<~Controls.1~> 5 5 1 3 6 null
<game> Ivan<~Controls.1~> 5 3 null
<Ivan> 4 77385E
<Byz> lol 9BF683
<game> Byz<~Controls.1~> 5 3 4 2 1 null
<game> Byz<~Controls.1~> 4 3 null
<Ivan> jesus fucking christ 4A8A5B
<Byz> 3 B3DFAA
$Ivan<~Scribe.141~>019 018 017 <~Scribe.142~><~Game.1944~><~Scribe.143~><~Game.2036~><~Scribe.144~> 00CDAC
<Byz> No no this is very normal F0545A
$Byz<~Controls.296~>084 275 <~Controls.297~><~Game.1994~> 7A7BDD
<Ivan> stop 692CBF
$Ivan<~Controls.509~>180<~Controls.510~><~Game.2007~><~Controls.511~><~Controls.46~> null
$Ivan<~Controls.644~>104 186 019 018 017 <~Controls.645~><~Game.2035~> B7BA4F
$Byz<~Controls.179~> B6E91A
<Byz> pass 44F8D2
$Ivan<~Scribe.141~>102 <~Scribe.142~><~Game.2043~><~Scribe.143~><~Game.2035~><~Scribe.144~> 9D16E1
<Ivan> MT 6EA445
$Ivan<~Controls.840~>180 7DB65F
<auto><~Controls.866~>reveal 180 EE784E924A57B177D1940DFD178A59CDEEDDD2F0 2<~Controls.867~><~Controls.46~><~Controls.868~><~Game.2036~> F64328
<game> Ivan<~Controls.1~> 5 6 3 6 3 null
<game> Ivan<~Controls.1~> 1 6 2 null
<Byz> sure 2D2C2F
<game> Byz<~Controls.1~> 6 4 5 null
<game> Byz<~Controls.1~> 2 5 null
<Byz> sorry 2CF25E
<Byz> 2 A92FF6
$Byz<~Controls.296~>270 085 083 082 081 <~Controls.297~><~Game.1994~> 312B91
$Ivan<~Scribe.141~>030 020 <~Scribe.142~><~Game.1944~><~Scribe.143~><~Game.2036~><~Scribe.144~> 9DAA38
$Ivan<~Controls.509~>176<~Controls.510~><~Game.2007~><~Controls.511~><~Controls.46~> null
$Ivan<~Controls.644~>102 180 030 020 <~Controls.645~><~Game.2035~> 232AE5
$Ivan<~Scribe.141~>423 <~Scribe.142~><~Game.31~><~Scribe.143~><~Game.33~><~Scribe.144~> D05583
$Byz<~Scribe.141~>210 <~Scribe.142~><~Game.2042~><~Scribe.143~><~Game.2035~><~Scribe.144~> D2DDEC
$Byz<~Scribe.141~>287 <~Scribe.142~><~Game.2038~><~Scribe.143~><~Game.1929~><~Scribe.144~> A9CF33
$Byz<~Controls.644~>210 <~Controls.645~><~Game.2035~> 3B774D
$Ivan<~Scribe.141~>105 <~Scribe.142~><~Game.2043~><~Scribe.143~><~Game.2035~><~Scribe.144~> C01449
$Ivan<~Scribe.141~>reveal 170 FB764DA4F01A95676FD77E556D30396C50CE8881 3 <~Scribe.142~><~Controls.46~><~Scribe.143~><~Game.2036~><~Scribe.144~> F3C6DA
$Ivan<~Scribe.141~>318 020 344 017 018 019 <~Scribe.142~><~Game.2040~><~Scribe.143~><~Game.1969~><~Scribe.144~> 2CAA94
$Ivan<~Controls.644~>105 170 <~Controls.645~><~Game.2035~> 95290C
$Byz<~Scribe.141~>213 <~Scribe.142~><~Game.2042~><~Scribe.143~><~Game.2035~><~Scribe.144~> DC8DAF
$Byz<~Controls.790~>248<~Controls.791~><~Game.2014~><~Controls.792~><~Game.2015~> 41C727
$Byz<~Controls.795~>213<~Controls.796~><~Game.2035~><~Controls.797~><~Game.1997~> 24E9B6
<game> Ivan<~Controls.1~> 1 1 6 null
<game> Ivan<~Controls.1~> 3 null
$Ivan<~Controls.624~>221<~Controls.625~><~Game.2044~><~Controls.626~><~Game.2037~> null
<Byz> lol 930AE7
$Byz<~Scribe.141~>247 <~Scribe.142~><~Game.1957~><~Scribe.143~><~Game.1966~><~Scribe.144~> D2FDA6
$Byz<~Controls.323~>247 C509E2
$Byz<~Scribe.141~>252 <~Scribe.142~><~Game.2018~><~Scribe.143~><~Game.2019~><~Scribe.144~> 6829EA
$Byz<~Controls.644~>221 <~Controls.645~><~Game.2035~> C09081
$Ivan<~Scribe.141~>103 <~Scribe.142~><~Game.2043~><~Scribe.143~><~Game.2035~><~Scribe.144~> E4168E
$Ivan<~Scribe.141~>035 <~Scribe.142~><~Game.2040~><~Scribe.143~><~Game.1917~><~Scribe.144~> F76426
$Ivan<~Controls.644~>103 <~Controls.645~><~Game.2035~> ABE3EB
$Ivan<~Controls.757~>360 361 099 <~Controls.758~><~Game.1997~><~Controls.759~><~Game.2043~> F183D8
$Ivan<~Controls.762~>103 105 102 104 101 100 <~Controls.763~><~Game.2041~><~Controls.764~><~Game.2043~> 17EC2A
$Ivan<~Controls.509~>174<~Controls.510~><~Game.2006~><~Controls.511~><~Controls.46~> null
$Ivan<~Controls.509~>199<~Controls.510~><~Game.2007~><~Controls.511~><~Controls.46~> null
$Byz<~Controls.726~>213 <~Controls.727~><~Game.1997~><~Controls.728~><~Game.2042~> 1F5F72
<~Game.7~>10 null
$Byz<~Controls.731~>210 358 212 211 <~Controls.732~><~Game.2039~><~Controls.733~><~Game.2042~> EEBE73
$Byz<~Controls.509~>128<~Controls.510~><~Game.2004~><~Controls.511~><~Controls.45~> null
$Byz<~Controls.509~>147<~Controls.510~><~Game.2005~><~Controls.511~><~Controls.45~> null
<Byz> f ok 76E6F0
<Byz> And might need just one turn here 1A1DFD
<Byz> one minute 4F3399
<Ivan> 1e 158BE6
$Ivan<~Controls.372~>103 77F961
$Ivan<~Controls.345~>105 102 104 101 100 360 361 099 <~Controls.346~>14 12 14 13 15 12 11 13 null
$Ivan<~Controls.350~>105 102 104 101 100 360 361 099 null
<Ivan> tyt 5DDB08
$Byz<~Controls.345~>210 358 212 211 213 <~Controls.346~>0 1 1 4 1 null
<Byz> pass E665EF
$Ivan<~Scribe.141~>102 <~Scribe.142~><~Game.2043~><~Scribe.143~><~Game.2035~><~Scribe.144~> FFB774
$Ivan<~Scribe.141~>253 319 038 037 334 <~Scribe.142~><~Game.1944~><~Scribe.143~><~Game.1935~><~Scribe.144~> 619548
$Ivan<~Scribe.141~>033 <~Scribe.142~><~Game.1944~><~Scribe.143~><~Game.1935~><~Scribe.144~> 425DCA
$Ivan<~Scribe.141~>031 <~Scribe.142~><~Game.1944~><~Scribe.143~><~Game.1942~><~Scribe.144~> 2A4C39
$Ivan<~Controls.644~>102 <~Controls.645~><~Game.2035~> 830066
$Byz<~Scribe.141~>210 <~Scribe.142~><~Game.2042~><~Scribe.143~><~Game.2035~><~Scribe.144~> A7B8AE
<Byz> osg from pel AED132
<Byz> nc 5B65D7
<Ivan> nc 61DD3F
<game> Byz<~Controls.1~> 3 2 5 1 null
<game> Ivan<~Controls.1~> 3 null
<Byz> press 9AF4FD
$Ivan<~Scribe.141~>016 <~Scribe.142~><~Game.1943~><~Scribe.143~><~Game.1964~><~Scribe.144~> 5E32E2
$Byz<~Scribe.141~>274 278 279 078 <~Scribe.142~><~Game.1931~><~Scribe.143~><~Game.1943~><~Scribe.144~> 532E7F
$Byz<~Controls.644~>210 <~Controls.645~><~Game.2035~> AFBA9A
$Ivan<~Scribe.141~>360 <~Scribe.142~><~Game.2043~><~Scribe.143~><~Game.2035~><~Scribe.144~> 2AF253
<Ivan> Osgiliath DE20F5
<Ivan> from WK A41854
<Ivan> nc 222FA6
<Byz> nc C20BFF
<game> Ivan<~Controls.1~> 6 4 4 3 4 null
<game> Ivan<~Controls.1~> 3 3 2 5 null
<Ivan> 1 5F4861
<game> Byz<~Controls.1~> 5 2 1 1 null
<Byz> 1 DAE3FF
$Ivan<~Scribe.141~>021 <~Scribe.142~><~Game.1935~><~Scribe.143~><~Game.2036~><~Scribe.144~> 6841AC
$Byz<~Controls.296~>279 <~Controls.297~><~Game.1943~> 1DAFE2
<Ivan> press 6E1864
$Byz<~Scribe.141~>274 278 078 <~Scribe.142~><~Game.1943~><~Scribe.143~><~Game.1959~><~Scribe.144~> 984B46
$Ivan<~Scribe.141~>022 <~Scribe.142~><~Game.1935~><~Scribe.143~><~Game.1955~><~Scribe.144~> 8353DC
$Ivan<~Scribe.141~>022 <~Scribe.142~><~Game.1955~><~Scribe.143~><~Game.1943~><~Scribe.144~> C6FB71
$Ivan<~Controls.644~>360 021 <~Controls.645~><~Game.2035~> CA6D68
<Byz> pas D55809
$Ivan<~Scribe.141~>105 <~Scribe.142~><~Game.2043~><~Scribe.143~><~Game.2035~><~Scribe.144~> 28CC95
$Ivan<~Scribe.141~>reveal 177 09A544B22E6CE44AFE572C14C7217562FC3D6285 2 <~Scribe.142~><~Controls.46~><~Scribe.143~><~Game.2037~><~Scribe.144~> 5B1370
$Ivan<~Scribe.141~>321 <~Scribe.142~><~Game.1945~><~Scribe.143~><~Game.1966~><~Scribe.144~> 08A509
$Ivan<~Scribe.141~>040 <~Scribe.142~><~Game.1957~><~Scribe.143~><~Game.1920~><~Scribe.144~> 198021
$Ivan<~Scribe.141~>320 <~Scribe.142~><~Game.1920~><~Scribe.143~><~Game.1975~><~Scribe.144~> 5C1E8D
$Ivan<~Scribe.141~>253 319 038 037 334 033 338 339 027 026 025 <~Scribe.142~><~Game.1935~><~Scribe.143~><~Game.1931~><~Scribe.144~> 4A485C
$Ivan<~Scribe.141~>423 <~Scribe.142~><~Game.33~><~Scribe.143~><~Game.388~><~Scribe.144~> 08573A
$Ivan<~Scribe.141~>320 <~Scribe.142~><~Game.1975~><~Scribe.143~><~Game.1964~><~Scribe.144~> 211306
$Ivan<~Scribe.141~>320 016 <~Scribe.142~><~Game.1964~><~Scribe.143~><~Game.1976~><~Scribe.144~> 1E6B4A
$Ivan<~Controls.644~>105 177 <~Controls.645~><~Game.2035~> BBDD1A
$Byz<~Controls.296~>164 <~Controls.297~><~Game.2031~> F01968
$Byz<~Scribe.141~>212 <~Scribe.142~><~Game.2042~><~Scribe.143~><~Game.2035~><~Scribe.144~> A6CA26
$Byz<~Scribe.141~>285 283 287 286 288 073 295 072 <~Scribe.142~><~Game.1929~><~Scribe.143~><~Game.1933~><~Scribe.144~> A46B80
$Byz<~Controls.644~>212 <~Controls.645~><~Game.2035~> AF8045
$Ivan<~Scribe.141~>104 <~Scribe.142~><~Game.2043~><~Scribe.143~><~Game.2035~><~Scribe.144~> 483E09
$Ivan<~Controls.819~> 93C666
$Ivan<~Scribe.141~>101 <~Scribe.142~><~Game.2043~><~Scribe.143~><~Game.2035~><~Scribe.144~> 5C9459
$Ivan<~Controls.819~> AB826C
$Ivan<~Scribe.141~>361 <~Scribe.142~><~Game.2043~><~Scribe.143~><~Game.2035~><~Scribe.144~> CF3058
$Ivan<~Scribe.141~>320 016 <~Scribe.142~><~Game.1976~><~Scribe.143~><~Game.1974~><~Scribe.144~> 11344C
$Ivan<~Scribe.141~>347 057 <~Scribe.142~><~Game.1938~><~Scribe.143~><~Game.1931~><~Scribe.144~> D4F13F
$Ivan<~Controls.644~>361 <~Controls.645~><~Game.2035~> 670645
$Byz<~Scribe.141~>213 <~Scribe.142~><~Game.2042~><~Scribe.143~><~Game.2035~><~Scribe.144~> D862B6
<Byz> druadain 5ED3A5
$Byz<~Controls.840~>143 C47025
<Ivan> nc C86035
<auto><~Controls.861~>reveal 143 501847FAEB88F3C88B5AFB6D0155BB5CC2037927 11<~Controls.862~><~Controls.45~><~Controls.863~><~Game.2037~> 9E68C6
<game> Byz<~Controls.1~> 1 6 2 4 5 null
<Byz> 1 4FE184
<game> Ivan<~Controls.1~> 3 null
$Ivan<~Scribe.141~>031 <~Scribe.142~><~Game.1942~><~Scribe.143~><~Game.2036~><~Scribe.144~> 1C425E
$Byz<~Scribe.141~>285 283 287 286 288 073 295 072 <~Scribe.142~><~Game.1933~><~Scribe.143~><~Game.1942~><~Scribe.144~> DA1442
$Byz<~Controls.644~>213 031 143 <~Controls.645~><~Game.2035~> 23B532
$Ivan<~Scribe.141~>101 <~Scribe.142~><~Game.2043~><~Scribe.143~><~Game.2035~><~Scribe.144~> 8FE00D
$Ivan<~Scribe.141~>253 319 038 037 347 057 334 033 338 339 027 026 <~Scribe.142~><~Game.1931~><~Scribe.143~><~Game.1943~><~Scribe.144~> F03797
$Ivan<~Controls.644~>101 <~Controls.645~><~Game.2035~> 61B0A8
$Byz<~Scribe.141~>211 <~Scribe.142~><~Game.2042~><~Scribe.143~><~Game.2035~><~Scribe.144~> 4BEDF9
$Byz<~Scribe.141~>285 283 287 286 288 073 295 072 <~Scribe.142~><~Game.1942~><~Scribe.143~><~Game.1959~><~Scribe.144~> 1E3AF5
$Byz<~Scribe.141~>316 059 <~Scribe.142~><~Game.1973~><~Scribe.143~><~Game.1965~><~Scribe.144~> CAA6D9
$Byz<~Controls.644~>211 <~Controls.645~><~Game.2035~> A323D8
$Ivan<~Scribe.141~>099 <~Scribe.142~><~Game.2043~><~Scribe.143~><~Game.2035~><~Scribe.144~> 058657
$Ivan<~Controls.819~> 16C57E
$Ivan<~Scribe.141~>099 <~Scribe.142~><~Game.2043~><~Scribe.143~><~Game.2035~><~Scribe.144~> 72FA44
$Ivan<~Controls.819~> BE4423
$Ivan<~Scribe.141~>099 <~Scribe.142~><~Game.2043~><~Scribe.143~><~Game.2035~><~Scribe.144~> 942D72
<Ivan> Westement 1E4BE1
<Ivan> nc 4A3F07
<Byz> nc 7632C6
<game> Ivan<~Controls.1~> 6 3 3 1 1 null
<Ivan> 1 A011A9
<game> Byz<~Controls.1~> 6 null
$Byz<~Controls.296~>294 <~Controls.297~><~Game.1925~> 10A4CE
<Byz> 1 933693
$Ivan<~Scribe.141~>005 <~Scribe.142~><~Game.1923~><~Scribe.143~><~Game.2036~><~Scribe.144~> A19823
$Ivan<~Scribe.141~>322 326 325 <~Scribe.142~><~Game.1923~><~Scribe.143~><~Game.1925~><~Scribe.144~> DA11FA
$Ivan<~Controls.644~>099 005 <~Controls.645~><~Game.2035~> AD5538
$Byz<~Scribe.141~>358 <~Scribe.142~><~Game.2042~><~Scribe.143~><~Game.2035~><~Scribe.144~> FDACA8
$Byz<~Scribe.141~>reveal 127 887C174251C0AD0D4EE3C4E896AB5E9A58F35366 3 <~Scribe.142~><~Controls.45~><~Scribe.143~><~Game.2037~><~Scribe.144~> 12C7D1
$Byz<~Scribe.141~>240 <~Scribe.142~><~Game.1999~><~Scribe.143~><~Game.1998~><~Scribe.144~> 3016F6
$Byz<~Scribe.141~>240 245 246 <~Scribe.142~><~Game.1998~><~Scribe.143~><~Game.1959~><~Scribe.144~> FA3C56
$Byz<~Controls.644~>358 127 <~Controls.645~><~Game.2035~> 925EEA
$Ivan<~Scribe.141~>104 <~Scribe.142~><~Game.2043~><~Scribe.143~><~Game.2035~><~Scribe.144~> BC3DE3
$Ivan<~Scribe.141~>reveal 176 70C59A3AAA1D5896304D20FE558E1165AAC4FFFD 19 <~Scribe.142~><~Controls.46~><~Scribe.143~><~Game.2037~><~Scribe.144~> 4B6823
$Ivan<~Scribe.141~>355 356 043 042 041 <~Scribe.142~><~Game.2040~><~Scribe.143~><~Game.1986~><~Scribe.144~> 894EDF
$Ivan<~Controls.644~>104 176 <~Controls.645~><~Game.2035~> 338746
$Byz<~Controls.731~>358 211 213 212 210 <~Controls.732~><~Game.2039~><~Controls.733~><~Game.2042~> 1D46D5
$Byz<~Controls.757~>100 103 <~Controls.758~><~Game.1997~><~Controls.759~><~Game.2043~> F210EC
<~Game.7~>11 null
$Byz<~Controls.762~>104 099 101 361 105 360 102 <~Controls.763~><~Game.2041~><~Controls.764~><~Game.2043~> 92F825
$Byz<~Controls.509~>141<~Controls.510~><~Game.2004~><~Controls.511~><~Controls.45~> null
$Byz<~Controls.509~>118<~Controls.510~><~Game.2005~><~Controls.511~><~Controls.45~> null
$Ivan<~Controls.509~>168<~Controls.510~><~Game.2006~><~Controls.511~><~Controls.46~> null
$Ivan<~Controls.509~>206<~Controls.510~><~Game.2007~><~Controls.511~><~Controls.46~> null
<Byz> f ok 10637F
<Ivan> 0 BD89E3
$Byz<~Scribe.141~>364 <~Scribe.142~><~Game.2038~><~Scribe.143~><~Game.1999~><~Scribe.144~> 8BAC40
$Ivan<~Controls.345~>104 099 101 361 105 360 102 100 103 <~Controls.346~>11 11 15 13 10 14 10 13 12 null
$Ivan<~Controls.350~>104 099 101 361 105 360 102 100 103 null
$Byz<~Controls.345~>358 211 213 212 210 <~Controls.346~>0 2 1 2 3 null
$Byz<~Scribe.141~>210 <~Scribe.142~><~Game.2042~><~Scribe.143~><~Game.2035~><~Scribe.144~> 90E441
$Byz<~Scribe.141~>282 <~Scribe.142~><~Game.2038~><~Scribe.143~><~Game.1924~><~Scribe.144~> 4E8010
$Byz<~Scribe.141~>290 <~Scribe.142~><~Game.2038~><~Scribe.143~><~Game.1929~><~Scribe.144~> C2ED03
$Byz<~Controls.644~>210 <~Controls.645~><~Game.2035~> 2011B5
$Ivan<~Scribe.141~>361 <~Scribe.142~><~Game.2043~><~Scribe.143~><~Game.2035~><~Scribe.144~> 95805A
<Ivan> Edoras nc 7BB204
<Byz> nc B2BEC1
<game> Ivan<~Controls.1~> 4 3 2 null
<game> Ivan<~Controls.1~> 4 5 3 null
<Ivan> 0 385939
<game> Byz<~Controls.1~> 6 null
<Byz> 1 590444
$Ivan<~Controls.304~>325 <~Controls.305~><~Game.1925~> CCBDFA
$Ivan<~Controls.313~>005 <~Controls.307~><~Controls.314~><~Game.1925~> 94FB71
<Ivan> press 46D847
$Byz<~Scribe.141~>290 <~Scribe.142~><~Game.1929~><~Scribe.143~><~Game.1933~><~Scribe.144~> E17B5F
$Ivan<~Scribe.141~>326 322 <~Scribe.142~><~Game.1925~><~Scribe.143~><~Game.1929~><~Scribe.144~> 4D4EC2
$Ivan<~Scribe.141~>423 <~Scribe.142~><~Game.388~><~Scribe.143~><~Game.389~><~Scribe.144~> 98ACE6
$Ivan<~Controls.644~>361 <~Controls.645~><~Game.2035~> 02A9B1
$Byz<~Scribe.141~>358 <~Scribe.142~><~Game.2042~><~Scribe.143~><~Game.2035~><~Scribe.144~> 440F06
$Byz<~Scribe.141~>240 245 246 285 283 274 287 286 288 073 278 078 295 072 <~Scribe.142~><~Game.1959~><~Scribe.143~><~Game.1964~><~Scribe.144~> F9EAC3
$Byz<~Scribe.141~>096 091 090 <~Scribe.142~><~Game.1915~><~Scribe.143~><~Game.1911~><~Scribe.144~> 05988A
$Byz<~Controls.644~>358 <~Controls.645~><~Game.2035~> 1C082F
$Ivan<~Scribe.141~>103 <~Scribe.142~><~Game.2043~><~Scribe.143~><~Game.2035~><~Scribe.144~> E7555C
<Ivan> DA 2C788D
$Ivan<~Controls.840~>199 9FC255
$Byz<~Controls.840~>118 332FAF
<auto> playchosen 402E6E
<auto><~Controls.3~>reveal 118 3F9E5B1D09D3D162A9588EA37BC7468E85D2770E 16<~Controls.884~><~Controls.45~><~Controls.885~><~Game.2037~> 0738CB
<auto><~Controls.866~>reveal 199 32D75478350E72E3B049E331FAB4F5A1C185C50A 12<~Controls.867~><~Controls.46~><~Controls.868~><~Game.2036~> 4650E6
<auto> playchosen 5215D6
$Ivan<~Scribe.141~>046 045 <~Scribe.142~><~Game.1920~><~Scribe.143~><~Game.2036~><~Scribe.144~> C63E40
<game> Ivan<~Controls.1~> 5 6 1 2 1 null
<game> Ivan<~Controls.1~> 5 1 null
<Ivan> 2-1 588E80
<game> Byz<~Controls.1~> 1 6 5 3 4 null
<game> Byz<~Controls.1~> 2 null
<Byz> 2 974526
$Ivan<~Scribe.141~>048 047 <~Scribe.142~><~Game.1920~><~Scribe.143~><~Game.2036~><~Scribe.144~> AD7A04
$Byz<~Controls.296~>077 <~Controls.297~><~Game.1995~> B75E43
<Ivan> press AAD8DD
$Ivan<~Controls.304~>055 <~Controls.305~><~Game.1920~> 90CC27
$Ivan<~Controls.313~>354 <~Controls.307~><~Controls.314~><~Game.1920~> 8CA322
<Ivan> nc 15B23F
$Ivan<~Controls.662~>199 048 047 046 045 118 <~Controls.663~><~Game.2035~> AE3482
<Byz> nc 38C0E6
<game> Ivan<~Controls.1~> 6 6 2 null
<game> Ivan<~Controls.1~> 1 null
<game> Byz<~Controls.1~> 4 1 5 5 6 null
<game> Byz<~Controls.1~> 3 null
<Byz> 3 53FF74
<Ivan> 2 55786B
$Ivan<~Scribe.141~>040 039 354 357 049 <~Scribe.142~><~Game.1920~><~Scribe.143~><~Game.2037~><~Scribe.144~> 93A00D
$Byz<~Controls.296~>267 <~Controls.297~><~Game.1995~> 904D20
$Byz<~Scribe.141~>244 266 076 075 <~Scribe.142~><~Game.1995~><~Scribe.143~><~Game.1920~><~Scribe.144~> 49814F
$Ivan<~Controls.644~>103 040 039 354 357 049 <~Controls.645~><~Game.2035~> E44A36
$Byz<~Scribe.141~>213 <~Scribe.142~><~Game.2042~><~Scribe.143~><~Game.2035~><~Scribe.144~> CCF07E
<Byz> MM 017BD4
$Ivan<~Scribe.141~>318 020 344 017 018 019 <~Scribe.142~><~Game.1969~><~Scribe.143~><~Game.25~><~Scribe.144~> 685C14
$Byz<~Scribe.141~>240 245 246 285 283 274 287 286 288 073 278 078 295 072 <~Scribe.142~><~Game.1964~><~Scribe.143~><~Game.1969~><~Scribe.144~> D5F7F0
$Byz<~Controls.644~>213 <~Controls.645~><~Game.2035~> FB30BC
$Ivan<~Scribe.141~>104 <~Scribe.142~><~Game.2043~><~Scribe.143~><~Game.2035~><~Scribe.144~> C9AC3B
$Ivan<~Scribe.141~>253 319 038 037 347 057 334 033 338 339 027 026 022 <~Scribe.142~><~Game.1943~><~Scribe.143~><~Game.1931~><~Scribe.144~> 070045
$Ivan<~Scribe.141~>331 327 328 330 003 004 000 <~Scribe.142~><~Game.1916~><~Scribe.143~><~Game.1918~><~Scribe.144~> B6EA61
$Ivan<~Controls.644~>104 <~Controls.645~><~Game.2035~> 404B5D
$Byz<~Scribe.141~>212 <~Scribe.142~><~Game.2042~><~Scribe.143~><~Game.2035~><~Scribe.144~> 097D6B
$Byz<~Controls.509~>106<~Controls.510~><~Game.2005~><~Controls.511~><~Controls.45~> null
$Byz<~Controls.644~>212 <~Controls.645~><~Game.2035~> 429966
$Ivan<~Scribe.141~>100 <~Scribe.142~><~Game.2043~><~Scribe.143~><~Game.2035~><~Scribe.144~> 728C67
<Ivan> Lamedon 7CD624
<Ivan> NC 9DBD39
<Byz> nc 14873E
<game> Ivan<~Controls.1~> 2 1 5 2 6 null
<Ivan> 2 A3673F
<game> Byz<~Controls.1~> 1 1 null
<Byz> 0 46198D
$Byz<~Controls.296~>282 277 <~Controls.297~><~Game.1924~> 4F9F92
$Ivan<~Scribe.141~>253 319 038 037 347 057 334 033 338 339 027 026 022 025 <~Scribe.142~><~Game.1931~><~Scribe.143~><~Game.1924~><~Scribe.144~> 301CBE
$Ivan<~Scribe.141~>414 <~Scribe.142~><~Game.2040~><~Scribe.143~><~Game.1931~><~Scribe.144~> ECE4C2
$Ivan<~Controls.644~>100 <~Controls.645~><~Game.2035~> D47694
<Byz> pass 5343DD
$Ivan<~Scribe.141~>099 <~Scribe.142~><~Game.2043~><~Scribe.143~><~Game.2035~><~Scribe.144~> F813CE
<Ivan> DA 87AE66
$Byz<~Scribe.141~>244 266 076 075 <~Scribe.142~><~Game.1920~><~Scribe.143~><~Game.1995~><~Scribe.144~> 45EE5E
$Ivan<~Scribe.141~>253 319 038 037 347 057 334 033 338 339 027 026 022 025 <~Scribe.142~><~Game.1924~><~Scribe.143~><~Game.1920~><~Scribe.144~> 3F890F
$Ivan<~Scribe.141~>415 <~Scribe.142~><~Game.2040~><~Scribe.143~><~Game.1924~><~Scribe.144~> 8744FD
$Ivan<~Controls.644~>099 <~Controls.645~><~Game.2035~> 21B40D
<Byz> pass 45F912
$Ivan<~Scribe.141~>360 <~Scribe.142~><~Game.2043~><~Scribe.143~><~Game.2035~><~Scribe.144~> 019CF0
<Ivan> DA 4A263A
<Ivan> I mean 730750
<Byz> card? 8A83E1
$Ivan<~Scribe.141~>reveal 168 C1F9454CA7F7A4BC4D031D49E50563F9C5208D54 16 <~Scribe.142~><~Controls.46~><~Scribe.143~><~Game.2034~><~Scribe.144~> D6D049
<Ivan> that B86B5B
<Byz> oh ok FA0425
<Byz> fuck 4C6599
<Ivan> yeah 5228A3
<Ivan> lol E0C492
$Ivan<~Controls.840~>174 FEEFC2
$Byz<~Controls.840~>106 A501BE
<auto> playchosen FF7154
<auto><~Controls.3~>reveal 106 D36E5ADC0EEA0F65C5EE4B8749251DCB61EA3385 21<~Controls.884~><~Controls.45~><~Controls.885~><~Game.2037~> 29CFF0
<auto><~Controls.866~>reveal 174 9193301DE1F062C02C4940B2B68C3ED4E2599278 0<~Controls.867~><~Controls.46~><~Controls.868~><~Game.2036~> 91824D
<auto> playchosen CABFC3
<game> Ivan<~Controls.1~> 5 3 2 null
<game> Ivan<~Controls.1~> 2 6 4 null
<Ivan> 1 411BB1
<game> Byz<~Controls.1~> 2 6 4 null
<game> Byz<~Controls.1~> 2 null
<Byz> 1 A6CC03
$Ivan<~Scribe.141~>025 <~Scribe.142~><~Game.1920~><~Scribe.143~><~Game.2036~><~Scribe.144~> 65D4E7
$Ivan<~Scribe.141~>168 <~Scribe.142~><~Game.2034~><~Scribe.143~><~Game.2033~><~Scribe.144~> E3C648
$Byz<~Controls.304~>266 <~Controls.305~><~Game.1995~> D23EEE
$Byz<~Controls.313~>269 <~Controls.308~><~Controls.314~><~Game.1995~> 82EEC6
$Ivan<~Controls.509~>182<~Controls.510~><~Game.2006~><~Controls.511~><~Controls.46~> null
$Ivan<~Controls.662~>174 025 106 <~Controls.663~><~Game.2035~> 438DF7
<Ivan> R2 5DC12B
$Ivan<~Controls.840~>193 3E622E
$Byz<~Controls.840~>128 39F247
<auto> playchosen 08596B
<auto><~Controls.3~>reveal 128 94CA5E512D5AB424AE78F41AE24898AD68954A2F 6<~Controls.884~><~Controls.45~><~Controls.885~><~Game.2037~> 4D9ECD
<auto><~Controls.866~>reveal 193 D88DA83E7F1FEC2B75DCA2102F67E67C197CCDB9 7<~Controls.867~><~Controls.46~><~Controls.868~><~Game.2036~> 7E6FD2
<auto> playchosen 68455B
<Ivan> ff3 124BE3
<game> Ivan<~Controls.1~> 1 2 6 4 4 null
<game> Ivan<~Controls.1~> 6 1 null
<game> Byz<~Controls.1~> 3 1 3 6 null
<game> Byz<~Controls.1~> 3 null
<Ivan> 2 349911
<Byz> lol 62E647
<Byz> ffs 7D26B8
$Byz<~Scribe.141~>244 <~Scribe.142~><~Game.1995~><~Scribe.143~><~Game.2037~><~Scribe.144~> B5DFB3
$Ivan<~Scribe.141~>022 <~Scribe.142~><~Game.1920~><~Scribe.143~><~Game.2036~><~Scribe.144~> C2F491
$Ivan<~Scribe.141~>168 <~Scribe.142~><~Game.2033~><~Scribe.143~><~Game.2032~><~Scribe.144~> D237FE
$Ivan<~Controls.662~>193 022 128 244 <~Controls.663~><~Game.2035~> 994DAF
<Ivan> R3 1F6A04
$Ivan<~Controls.840~>206 6BE411
<Byz> nc 0C7A6B
<auto> playchosen 91C84C
<auto><~Controls.866~>reveal 206 0B5FD78D73AD499E3DFE0528F8656B5EAB996C12 10<~Controls.867~><~Controls.46~><~Controls.868~><~Game.2036~> 87D3CD
<game> Ivan<~Controls.1~> 2 6 2 4 2 null
<game> Ivan<~Controls.1~> 2 1 2 null
<Ivan> 2 DBBEC2
<game> Byz<~Controls.1~> 4 6 5 null
<Byz> 3 CD08BD
$Ivan<~Scribe.141~>339 027 026 <~Scribe.142~><~Game.1920~><~Scribe.143~><~Game.2036~><~Scribe.144~> B9FACC
$Byz<~Controls.296~>269 076 <~Controls.297~><~Game.1995~> B305F1
<Ivan> press 9682E5
$Ivan<~Controls.304~>057 <~Controls.305~><~Game.1920~> 0927EB
$Ivan<~Controls.313~>354 <~Controls.307~><~Controls.314~><~Game.1920~> C5E7E0
$Ivan<~Controls.662~>206 339 027 026 <~Controls.663~><~Game.2035~> 836CA4
$Ivan<~Controls.840~>182 8043B8
<Byz> nc 5486F0
<auto> playchosen 8B5B75
<auto><~Controls.866~>reveal 182 A0E268398417D37C7B321B988123C7864F5F00B0 21<~Controls.867~><~Controls.46~><~Controls.868~><~Game.2036~> 47ED6D
<game> Ivan<~Controls.1~> 5 4 4 3 3 null
<Byz> gg C7FE26
<Ivan> gg C685A8
<Byz> I suppose I should have guessed grond CE003F
<Byz> Ok java I get it F5F19F
<Ivan> pretty much unwinnable for you anyways F91D84
<Byz> I will play a boring dumb game 75F87C
<Byz> I will not ever try to have fun again ED9EE5
<Ivan> Yeah dumb 1E9013
<Byz> Ultimately it was the right gamble at the end AC9D35
<Ivan> I mean had some really bad rolls maybe u can get it AEA4A8
<Ivan> PPPMM 5B9663
<Ivan> i think 093601
<Byz> It really didnt take that much 7C6AA4
<Byz> You rolled, what, 6 attacks? 6A890B
