<auto> silent null
<auto><~Scribe.141~>363 397 398 402 401 400 399 403 404 376 375 374 373 377 378 <~Scribe.142~><~Game.2038~><~Scribe.143~>Spare<~Scribe.144~> null
<auto><~Scribe.141~>365 366 379 380 381 382 383 384 385 386 387 388 389 390 391 392 393 394 395 396 367 368 369 370 371 372 <~Scribe.142~><~Game.2040~><~Scribe.143~>Spare<~Scribe.144~> null
<auto><~Scribe.141~>230 231 <~Scribe.142~><~Game.2044~><~Scribe.143~>Spare<~Scribe.144~> null
<auto><~Scribe.141~>155 152 <~Scribe.142~><~Game.2004~><~Scribe.143~>Spare<~Scribe.144~> null
<auto><~Scribe.141~>137 151 <~Scribe.142~><~Game.2005~><~Scribe.143~>Spare<~Scribe.144~> null
<auto><~Scribe.141~>161 198 <~Scribe.142~><~Game.2006~><~Scribe.143~>Spare<~Scribe.144~> null
<auto><~Scribe.141~>163 188 <~Scribe.142~><~Game.2007~><~Scribe.143~>Spare<~Scribe.144~> null
<auto><~Controls.323~>364 null
<auto> noisy null
<auto> silent null
<auto><~Scribe.141~>312 <~Scribe.142~><~Game.2038~><~Scribe.143~><~Game.1965~><~Scribe.144~> null
<auto> noisy null
<~Game.7~>1 null
<auto> silent null
<auto><~Scribe.141~>363 397 398 402 401 400 399 403 404 376 375 374 373 377 378 <~Scribe.142~><~Game.2038~><~Scribe.143~>Spare<~Scribe.144~> null
<auto><~Scribe.141~>365 366 379 380 381 382 383 384 385 386 387 388 389 390 391 392 393 394 395 396 367 368 369 370 371 372 <~Scribe.142~><~Game.2040~><~Scribe.143~>Spare<~Scribe.144~> null
<auto><~Scribe.141~>230 231 <~Scribe.142~><~Game.2044~><~Scribe.143~>Spare<~Scribe.144~> null
<auto><~Scribe.141~>155 152 <~Scribe.142~><~Game.2004~><~Scribe.143~>Spare<~Scribe.144~> null
<auto><~Scribe.141~>137 151 <~Scribe.142~><~Game.2005~><~Scribe.143~>Spare<~Scribe.144~> null
<auto><~Scribe.141~>161 198 <~Scribe.142~><~Game.2006~><~Scribe.143~>Spare<~Scribe.144~> null
<auto><~Scribe.141~>163 188 <~Scribe.142~><~Game.2007~><~Scribe.143~>Spare<~Scribe.144~> null
<auto><~Controls.323~>364 null
<auto> noisy null
$base silent null
$TEST<~Scribe.141~>312 <~Scribe.142~><~Game.2038~><~Scribe.143~><~Game.1965~><~Scribe.144~> null
$base noisy null
<game> Alexey'a<~Controls.408~>[WOTR-Gandalf2 wotr base2] null
<game> Error trying to connect. There probably wasn't anyone listening at that address/port. null
<game> Error trying to connect. There probably wasn't anyone listening at that address/port. null
<~Talker.31~> null
<Alexey'a> hlllo 
<Stella_Rossa> hi 
<game> Stella_Rossa<~Controls.1~> 5 null
<Alexey'a> muster points? 
<Alexey'a> or tokns 
<Stella_Rossa> no 
<game> Alexey'a<~Controls.1~> 2 null
<Stella_Rossa> tokens 
<Stella_Rossa> and rings 
<Stella_Rossa> 2 tokens 
<Alexey'a> 2+1 
<Stella_Rossa> k 
<Stella_Rossa> gl hf 
<Alexey'a> gl 
<game> Alexey'a<~Controls.1~> 4 null
$Stella_Rossa<~Controls.281~>427 426 <~Controls.282~><~Game.2038~><~Controls.283~><~Game.2042~> 
$Alexey'a<~Controls.479~>23DAB3C4F0B030E8A4C3A29959B8B4B5CB71A368 A096E8AB469EAC064E78610B46337BD4 24 EDB83A19EEF80A9BC69323E2EBE54CDA69E474A8 811705CAC1CB9C8F68D87334FB9D3409 D7EE67FBE0B80171927FA713826C1FC20C1F3155 049AF287D7C495333D52B288F2D5D17B 743DA1EA09FDEB85436655D204BD3F13CCFF837E 2DD623450482BD73CDFF63768B1DA676 EB25A20A54E5E65A4F850B03E4C85E82A4B92985 6FEAAB7B1073894AA161B2F283957DC5 114E5CF669FC69AE7A0C6AEF73A33396CA6BB411 716A537981E0A9792F15608F86BD76F8 794D900F6B4DE8B9BD9B23AE27103D56F93D6F7D 141629205070C5BB820DCA8E07EA9A70 7FCD9678EDA6022246CDCB34242E3EBD30DFB234 B57CB8B4E0C11B231A3231A454C32796 9216648E65449993B3BD86F63EACC643435761FC AF10F1812B5521F41088C455E42109DD F1387D5FADDB1AB134F1AFAD180BCC97032DF1A5 236F6C323E3196ED7D49C212F3DB2334 F4D0B6315E89587379640AE923E39DB53EBF0B47 FADF6A44E7FDBB011C8F88745058074D 0811A55ECDC1E8C58A6BC3259BD62D05EE7BAA8B 2B52C94DAB8467CD2E70D42375FAA40C D56841B2E1DCA65CE3F3A69093C96D5905BF08EE 3958A4BFFDCCF4949DBCF8F5D8BB09F8 213F6BCB6BC5B9DD7AD5073D2F8F4AF41B9B4DC2 FFE88F22AD47E4AB64B5C3E6808607B3 6A19506D6A8E0F34204ACEA06E48F91570498972 AFE883049EBD5A0D2D675D1DDA24819F 50F86AFEFB29A40021BA45E3D52F532A24A8BAF7 18BE19F5BCF524A93B8BDE92CCDAE463 74DA87063D2D65983F9B19B4CB517AFA4205215F 2678B7632C467BCD8A12FAC20AFC8EF3 FF22EE886441536954E820166CC8C8B28B4DA2AC AF470932C484D0E034BF11F8A8138F95 D3880C99EBD84C5531A5C2782FCF82E09F15EF8C 6C51F28BBC0ABBC31570B0D6F170DF1A C5BAB68525ECD65E232ABD29C29C8476CEF9081E 441C2A91A6BFBD18B202EB3E762DC8D5 74D2C5F5577E21482D8285E000F89F26EA36617C D01F4C949B5FA2F156EFD2066900241E 8F2FD52811F40278BB1B1E8AA2BD570B70B97E81 1B3773EBB670750F7D0334762B73CE02 651F7B92F2077C670647362C81413976199726E2 A9FBD24FC69B47BE76DE886B224BE8CC A405BC458EFACA899D0002A278FDDB47E776EF3B BA4C5DA03E5CDF174314A832D03C18D7 509EF3C141EFC496E5018245DEB6D0AAECB95AED CF86A217703BC10BC31A6601213CBBEE 24 96932C7FE71E8D343A406ADA3F7170ED9F372D4E 6D2FFFFAFA0AA44E126586D303FE5890 0AE6AF1546A4A1B8AA20F7F555BE224E3D6226E8 201912D180D2C95A305118B03C7FE638 CF92EC97118CF43884BA680E0F03CB8454F57015 C243A2E39B640DFDE0CB02D577A4A933 24709F22A7042C7B6C2011FEFF609DF633A6A439 FDFCCB5510CFFFC2D2CE4B949F472E8E FF4962B802653633C7E72B8267DC7881F46E5A0A 0D05C14E441A70AC031DD7F76F46EE91 CE852B2FD64027AA337B51FCCEAB2F11BA657CE1 CABBDF8BEF0B6B2964E1294649665383 B194CCD4CBB7C549117A373A2C60C5B453385122 E599A14610E16704B91377EB4721D3B8 D0E31833C0F3CF009C296B73139487B65C8676AC 717A216C203332EAC4C712E08FB05100 1CF81F6A643F358D7D821C3E62F189535798D156 A578FE208A7C70CDA2CAA896EBE7FAED DC3B14ACE86764B321B9B96DF32A7232EABC450E E06568ED59F0A91D7432759B99B6941B CAE75225367BDD3C3E111AEE0DDF38513BCC4FBE EC1B6F6E3399A55840C483105E6138AB 9D218598ACB35706F4A4D45C89CF9DDF63791C26 862F7E4B85F327BC1A54E5F3E1C99CF9 456DDA64477F366BBBA752C0B1FC3E8EB5154284 1EC78275FF76B31C7E8318DA3557ED53 E3D90DE9B285B91ECB3A4BCB7EACE88BFBFFEFA9 DA99D16842C343270082D562B753CE90 341A178883A3DBA8C2D72D60D09429EFF259BCE6 E05ABF97D863428F26B442EF19D4E884 8EE2F34FD8AFE15BC30B2DA6DAF4F7A7C058C478 D4143E1A645F6F0A946492F0BF7B65AE 435C8723C381C7AA4F0B711288CA18676918B470 9F39F6D21A0667216AE367D349B25EF1 87BB3B9E16BDE0F61205842CF5086625BD2B2CF7 726A7A0470B31118E9B76409701EC87E 22952A317EDFFF3812DC04A6BA3043233FA28852 0A3CA1AD1577E1CC5CC824D5157AD2B8 84B8CA5FE2E2AE3D2E274DFCEC4D348F7733E0D3 357B005322D98CE3359CFA3F9713B028 EE6BA4920901C4963267699FA4FB6CC3DCF7D853 94B539418F2D35CF751C2B6264900F03 B27E0E493F5C414EC4A2DEE3CC300FBD31812DD0 A10A80F8E72ADAFB51767AE8D2C4E7BF 9F288EE0E367A68E71E398CEFD109BAD90712105 F388BBC13FB8E3061204D26A2FB58878 D7404C8321819451FE83CAFE19DA4FE0FE49EB88 C09B2E596426A6753C60E1C1161493F1 0 0 891332
$Alexey'a<~Controls.509~>191<~Controls.510~><~Game.2006~><~Controls.511~><~Controls.46~> null
$Alexey'a<~Controls.509~>170<~Controls.510~><~Game.2007~><~Controls.511~><~Controls.46~> null
$Stella_Rossa adds 1 Dwarven Ring(s) 
$Stella_Rossa<~Controls.281~>428 <~Controls.282~><~Game.1997~><~Controls.283~><~Game.2042~> 
<Alexey'a> 1e 89F46E
$Stella_Rossa<~Controls.464~>0DC5E84E8EDE64D910D6D11850801F39AD095111 A64E9F735F7250B774B1027E3FD17298 24 A2E89B1574E40345AE3D565C43068E5C3D929745 79B697F69664F4E7B71D06EC4EAAFB0C DD2854CCB99F29E496089D9D42C99AFCE0E87755 08AFD95B108E3C403752FDF3C6FE41D3 048ABDE7BCD516CC76795E63DFACB211400E2D4A 9A0605B4A9601F91413D6C50CEA338CF 57DE654D97FEB471DF9466B32A47A236933DA6B5 39F14ADF995AA1727A0B8BE17C1049E1 BBCBE2AE6EBBAEA3E9D72E4FF92E19BCF37A8C94 70BC1116E9A8BA35468BF05667875B91 C5B387B17CDA3C3FF93243C5E1E789403C852B16 567B39BD22FDCF036DE2F43F79C53F63 66B9355F8DB00CC761E7A493533D028650C5FB35 CBEE3067488AF633FC79D737094AF1E2 04F8E96A1B0F8B5D5BC225F0CD72100D59E5180E 012E3A30065D46156944FD6D288C4F7B 83C0D716794817413D45706093F6EADE994F3C73 3ED332AC2A83FD41F9C14A983AB1934A 5585ABA0B63AD7BBA79C7A892E69866B07C4BFB5 DFB02BC752B669E46667EFAFC898521A 908172CFE2350A5FCA3137BBA94D55FE20A97630 9F5258F4E77DB503BB4A2ED69551732E 1999CAA5DAFA58A99EE90CDB0EED7526D071E892 19CF9E004BFC10FF833A0AB1EE4B6FE4 AF5C7F35BC22D0C3DB211819C57B9923613D25E7 8BAD94CB4DDB7D5022A3792546DDB2CB 73FA771CBF677FF813B798E2211EA2BE1037981F DCE33D03E50B09B982E628E001E9497E 1DA8FF3AD1BD29429AD328D0B814532388FCF4CC DF30AF001D4DB43DF10918D590C26DA7 4ACC71AE2662AF8BE7A07F1BE3247D00D6FF7416 D95605CE4CAEFC3948DECA1BBD9C4641 979E605AEC37305DF352CCB86B1D110A7457A022 40FA36B58A800A125006910F471A84A5 A30589E7ABDEA63EFBEFDAB11D159AA8A4829186 C5285F035F6B6A3E627FDDC3B1D395EA E1D4DBB70E860DC0AB73F7D323ECE21EEE92CD84 94CC7AB9BD98F6FC4D90FBF156E6859A EC442E00189D2073EEF1DC11D372133C4817230D DA8F7302302C92917B42E9F1C1E004D6 FEED34580DA2EE79B731714FB3526FA98E29729B 87F4F68A5379C8CC56C9FDE13BA057BF E831DD22E698B36D5BE34A97C1CB8978C16A45B1 54A4405A85AD8459E77B844AA4F3CCBA B4B29763294B4E29FACBDB243BF182119E225A61 073DEBE7DDE02DE5C044DBA186176AE6 0B909D51CDFD8AABD83E9854743D91836D424ADE F61C4BC25AC2BE891CAC2D95675FDAAD 24 4017AF586BD9F4FAB55AEBC61B7637BC803875CE C9F30ACF5F532F6744E0D3BF5EA09FB3 A3A2198341000795501B1EBD05BC8C04A3E8D095 821BFAAC5D66FA333360EF09E8304662 FFA63C654E78650DDC4247327E39649E6C51C708 C2FD78EED1D4EFD27C2C55A4FB913861 F5ADFDA87486EE8B9C258A2150927A3C118127BD 4409F03771A01FFA6BA26F0E5B15FC3D B12EC4E02ABC5631D641CAE55540DB6E993D3FB7 AEFB81F9A173B96A6B65C0B02D1561CD 7C039F98CD94CD01BCFC2AD41BB60FC886BEC390 8883F2B62B357F97A7FA4CEEC990C6DD 6ED849CAED2B8E98882D77F72256FA9E2E9B539F 8C7EC6182FA32046F2FAC696D4423AA5 DE2C6235BF2193D7DF51ED95238E4A116C6E34F9 1F5833565829C152EBFEEAF48C843B11 2A44D5B16B55E0783C712A1C475AC6CBE66CE4A7 1F4CC7AC506648535CA99F4E65927883 28F3B9D87D7B9730E59EF28607CD65E42039A7EC DF910C597514312DE2731031D505432C 3F72255601AFDF7B9CD5F738E4279C3A5C238E52 6FB305E7CC49917BD32196D86C98F1C1 FD1D0A982A97AD067FBAE528A3E58F5CCAB5BFED 2095814A364352CF5BFDF814268432C9 B4F68973AC2F1EBCA12DD76E9D6F8BD22312C601 46F12952E02E3DC0E842B7440415B38E 0FCBCAC03A11DC04AF6AFA8BB16D416F75B719B1 3F4C170D00AAE585C75EBC17D83FB6BB 0DF0056D9E5ADE104F28603BA98B784B428810B5 B4A4E13DBDE5D16A0FE19B5160527D8E 3539FD4F6BBE5903932A4ED6924E10F1F8D8DBC5 1E64D5176EA7CB1DBD4B2D7797100302 7B290975AF4288D63F32CBE92778CD4D3D8C0EFE 8C5368270798445C201F945146D3BAF7 BE7FBF2F66AC5158B149021FE28ED4CAA337D66A A2988256CF966B1077C8913BE07B0AF7 3B08FB4BE5519828B35AC8428430C5504BA68107 E4FEEBA35603381DD856B5EB8F514F9A F8BDF2636B3C9A5D9530728D04952E2535F41F65 34116E13A6328B3D521AD7A88A1BABE5 13DDA6E1B68A81599CE3593E4D888F655C38A4E7 99C73F06B883D79056918CBCA90CD8B9 F1AAF107FC42CB05468B392C49ED197CE2EEBC76 41CD570929C7BF625248235B3A541762 D8C677DEDE73EA620E4A9CA8DA697D5998579F39 C8A28EF52DEE18139E8F77D0156837F9 911AC5A39A86E002435DEDA4F980EB93FA7EAF13 BA204A3CC334E39B9B2BE666ED5BEC7B 0 0 6E3975
$Stella_Rossa<~Controls.509~>108<~Controls.510~><~Game.2004~><~Controls.511~><~Controls.45~> null
$Stella_Rossa<~Controls.509~>118<~Controls.510~><~Game.2005~><~Controls.511~><~Controls.45~> null
<Stella_Rossa> ok 531DF9
$Alexey'a<~Controls.372~>105 0E37C1
$Alexey'a<~Controls.345~>104 103 102 101 100 099 <~Controls.346~>13 15 12 12 13 11 null
$Alexey'a<~Controls.350~>104 103 102 101 100 099 null
$Stella_Rossa<~Controls.345~>213 212 211 210 <~Controls.346~>1 0 2 0 null
<Stella_Rossa> pass 2F15A9
$Alexey'a<~Scribe.141~>099 <~Scribe.142~><~Game.2043~><~Scribe.143~><~Game.2035~><~Scribe.144~> 1E3E04
$Alexey'a<~Scribe.141~>262 <~Scribe.142~><~Game.2002~><~Scribe.143~><~Game.2003~><~Scribe.144~> 62F393
$Alexey'a<~Controls.644~>099 <~Controls.645~><~Game.2035~> 19FD08
$Stella_Rossa<~Scribe.141~>211 <~Scribe.142~><~Game.2042~><~Scribe.143~><~Game.2035~><~Scribe.144~> 305508
$Stella_Rossa<~Scribe.141~>reveal 118 1AC4B5152CCE653641BFC849C1DEB6241904FE4C 21 <~Scribe.142~><~Controls.45~><~Scribe.143~><~Game.2037~><~Scribe.144~> 326FCA
$Stella_Rossa<~Scribe.141~>267 <~Scribe.142~><~Game.2038~><~Scribe.143~><~Game.1928~><~Scribe.144~> D5EE79
$Stella_Rossa<~Controls.509~>111<~Controls.510~><~Game.2005~><~Controls.511~><~Controls.45~> null
$Stella_Rossa<~Controls.509~>113<~Controls.510~><~Game.2005~><~Controls.511~><~Controls.45~> null
$Stella_Rossa<~Controls.644~>211 118 <~Controls.645~><~Game.2035~> 0A4BD8
$Alexey'a<~HighlightLabel.81~>100<~HighlightLabel.82~><~Game.2043~><~HighlightLabel.83~><~Game.2035~> C0F1B3
$Alexey'a<~Scribe.141~>reveal 191 A33D9ED5F19B27F8F63431A2CBD38BC7A70E071E 0 <~Scribe.142~><~Controls.46~><~Scribe.143~><~Game.2029~><~Scribe.144~> CBA312
$Alexey'a<~Controls.644~>100 <~Controls.645~><~Game.2035~> C86D10
$Stella_Rossa<~Scribe.141~>213 <~Scribe.142~><~Game.2042~><~Scribe.143~><~Game.2035~><~Scribe.144~> 56DED9
$Stella_Rossa<~Controls.790~>248<~Controls.791~><~Game.2014~><~Controls.792~><~Game.2015~> 417830
$Stella_Rossa<~Controls.795~>213<~Controls.796~><~Game.2035~><~Controls.797~><~Game.1997~> 0E836C
<game> Alexey'a<~Controls.1~> 1 2 null
$Alexey'a<~Scribe.141~>102 <~Scribe.142~><~Game.2043~><~Scribe.143~><~Game.2035~><~Scribe.144~> ADC445
$Alexey'a<~Scribe.141~>040 035 015 014 013 012 011 <~Scribe.142~><~Game.1956~><~Scribe.143~><~Game.1961~><~Scribe.144~> 77A31E
$Alexey'a<~Scribe.141~>039 036 029 028 027 026 <~Scribe.142~><~Game.1979~><~Scribe.143~><~Game.533~><~Scribe.144~> 35712E
$Alexey'a<~Controls.644~>102 <~Controls.645~><~Game.2035~> 6D949D
$Alexey'a<~Controls.644~>102 <~Controls.645~><~Game.2035~> 0C10EB
$Stella_Rossa<~Scribe.141~>212 <~Scribe.142~><~Game.2042~><~Scribe.143~><~Game.2035~><~Scribe.144~> 00587B
$Stella_Rossa<~Scribe.141~>073 072 <~Scribe.142~><~Game.1929~><~Scribe.143~><~Game.1925~><~Scribe.144~> EADA50
$Stella_Rossa<~Scribe.141~>065 <~Scribe.142~><~Game.1941~><~Scribe.143~><~Game.1957~><~Scribe.144~> 669747
$Stella_Rossa<~Controls.644~>212 <~Controls.645~><~Game.2035~> 313B7A
$Alexey'a<~Scribe.141~>104 <~Scribe.142~><~Game.2043~><~Scribe.143~><~Game.2035~><~Scribe.144~> 5AD754
<Alexey'a> old road 5A2750
<Alexey'a> nc 2A4752
$Alexey'a<~Scribe.141~>258 <~Scribe.142~><~Game.2000~><~Scribe.143~><~Game.2001~><~Scribe.144~> B192D9
$Stella_Rossa<~Scribe.141~>258 <~Scribe.142~><~Game.2000~><~Scribe.143~><~Game.2001~><~Scribe.144~> 0577B3
$Alexey'a<~Controls.323~>258 5AC534
$Stella_Rossa<~Controls.323~>258 274997
<Stella_Rossa> nc 5CB73D
<game> Alexey'a<~Controls.1~> 5 6 1 1 3 null
<game> Alexey'a<~Controls.1~> 2 null
<Alexey'a> 2 CEA1B4
$Alexey'a<~Controls.323~>258 FC7C64
<game> Stella_Rossa<~Controls.1~> 1 null
$Stella_Rossa<~Scribe.141~>065 <~Scribe.142~><~Game.1957~><~Scribe.143~><~Game.2037~><~Scribe.144~> 405D65
$Alexey'a<~Scribe.141~>040 035 015 014 013 012 011 <~Scribe.142~><~Game.1961~><~Scribe.143~><~Game.1957~><~Scribe.144~> C1F98A
$Alexey'a<~Controls.644~>104 065 <~Controls.645~><~Game.2035~> 57E4B4
$Stella_Rossa<~Scribe.141~>210 <~Scribe.142~><~Game.2042~><~Scribe.143~><~Game.2035~><~Scribe.144~> 6C3281
$Stella_Rossa<~Controls.790~>248<~Controls.791~><~Game.2015~><~Controls.792~><~Game.2016~> 5D412B
$Stella_Rossa<~Controls.795~>210<~Controls.796~><~Game.2035~><~Controls.797~><~Game.1997~> F10FFB
<game> Alexey'a<~Controls.1~> 1 1 null
$Alexey'a<~Scribe.141~>101 <~Scribe.142~><~Game.2043~><~Scribe.143~><~Game.2035~><~Scribe.144~> EF0134
$Alexey'a<~Scribe.141~>039 036 029 028 027 026 <~Scribe.142~><~Game.533~><~Scribe.143~><~Game.1974~><~Scribe.144~> A9A6CF
$Alexey'a<~Scribe.141~>055 049 048 047 <~Scribe.142~><~Game.1968~><~Scribe.143~><~Game.1946~><~Scribe.144~> 780E17
$Alexey'a<~Controls.644~>101 <~Controls.645~><~Game.2035~> 2678D9
$Alexey'a<~Controls.757~>103 105 <~Controls.758~><~Game.1997~><~Controls.759~><~Game.2043~> AF8E1D
$Alexey'a<~Controls.762~>101 104 102 100 099 <~Controls.763~><~Game.2041~><~Controls.764~><~Game.2043~> 53B7E0
$Stella_Rossa<~Controls.726~>210 213 <~Controls.727~><~Game.1997~><~Controls.728~><~Game.2042~> EDD0A5
<~Game.7~>2 null
$Stella_Rossa<~Controls.731~>212 211 <~Controls.732~><~Game.2039~><~Controls.733~><~Game.2042~> D2B317
$Alexey'a<~Controls.509~>169<~Controls.510~><~Game.2006~><~Controls.511~><~Controls.46~> null
$Stella_Rossa<~Controls.509~>125<~Controls.510~><~Game.2004~><~Controls.511~><~Controls.45~> null
$Alexey'a<~Controls.509~>172<~Controls.510~><~Game.2007~><~Controls.511~><~Controls.46~> null
$Stella_Rossa<~Controls.509~>143<~Controls.510~><~Game.2005~><~Controls.511~><~Controls.45~> null
<Stella_Rossa> fsp ok EA4E6C
$Alexey'a<~Controls.372~>101 B5CFD5
$Alexey'a<~Controls.345~>104 102 100 099 103 105 <~Controls.346~>13 14 15 15 11 14 null
$Alexey'a<~Controls.350~>104 102 100 099 103 105 null
$Stella_Rossa<~Controls.345~>212 211 210 213 <~Controls.346~>4 1 1 2 null
$Stella_Rossa<~Scribe.141~>213 <~Scribe.142~><~Game.2042~><~Scribe.143~><~Game.2035~><~Scribe.144~> A50482
$Stella_Rossa<~Scribe.141~>reveal 143 3EEAD6EA5CC1C7CC53558AA84D3ADA10AE137469 11 <~Scribe.142~><~Controls.45~><~Scribe.143~><~Game.2037~><~Scribe.144~> E62179
$Stella_Rossa<~Scribe.141~>269 <~Scribe.142~><~Game.2038~><~Scribe.143~><~Game.1911~><~Scribe.144~> FB90BE
$Stella_Rossa<~Controls.509~>114<~Controls.510~><~Game.2005~><~Controls.511~><~Controls.45~> null
$Stella_Rossa<~Controls.509~>150<~Controls.510~><~Game.2005~><~Controls.511~><~Controls.45~> null
$Stella_Rossa<~Controls.644~>213 143 <~Controls.645~><~Game.2035~> 3508CC
$Alexey'a<~Scribe.141~>102 <~Scribe.142~><~Game.2043~><~Scribe.143~><~Game.2035~><~Scribe.144~> FB3576
$Alexey'a<~Controls.509~>177<~Controls.510~><~Game.2006~><~Controls.511~><~Controls.46~> null
$Alexey'a<~Controls.644~>102 <~Controls.645~><~Game.2035~> 265340
$Stella_Rossa<~Scribe.141~>210 <~Scribe.142~><~Game.2042~><~Scribe.143~><~Game.2035~><~Scribe.144~> 256CEE
$Stella_Rossa<~Controls.790~>248<~Controls.791~><~Game.2016~><~Controls.792~><~Game.2017~> 06F1EC
$Stella_Rossa<~Controls.795~>210<~Controls.796~><~Game.2035~><~Controls.797~><~Game.1997~> 379D70
<game> Alexey'a<~Controls.1~> 5 3 2 null
$Alexey'a<~Scribe.141~>105 <~Scribe.142~><~Game.2043~><~Scribe.143~><~Game.2035~><~Scribe.144~> AA1DC8
$Alexey'a<~Controls.509~>181<~Controls.510~><~Game.2006~><~Controls.511~><~Controls.46~> null
$Alexey'a<~Controls.644~>105 <~Controls.645~><~Game.2035~> B2A409
$Stella_Rossa<~Scribe.141~>211 <~Scribe.142~><~Game.2042~><~Scribe.143~><~Game.2035~><~Scribe.144~> CD141F
$Stella_Rossa<~Controls.790~>248<~Controls.791~><~Game.2017~><~Controls.792~><~Game.2018~> B01846
$Stella_Rossa<~Controls.795~>211<~Controls.796~><~Game.2035~><~Controls.797~><~Game.1997~> D474D6
<game> Alexey'a<~Controls.1~> 3 1 6 null
$Alexey'a<~Controls.624~>217<~Controls.625~><~Game.2044~><~Controls.626~><~Game.2037~> null
$Stella_Rossa<~Scribe.141~>240 <~Scribe.142~><~Game.1999~><~Scribe.143~><~Game.2037~><~Scribe.144~> E289B2
$Stella_Rossa<~Scribe.141~>241 <~Scribe.142~><~Game.1998~><~Scribe.143~><~Game.1999~><~Scribe.144~> 243D68
$Stella_Rossa<~Scribe.141~>241 <~Scribe.142~><~Game.1999~><~Scribe.143~><~Game.2036~><~Scribe.144~> 85F97D
$Stella_Rossa<~Controls.819~> D43760
$Alexey'a<~Controls.452~>108<~Controls.453~><~Controls.45~><~Controls.454~><~Game.2039~> null
$Stella_Rossa<~Scribe.141~>217 240 <~Scribe.142~><~Game.2037~><~Scribe.143~><~Game.2036~><~Scribe.144~> 094981
$Stella_Rossa<~Scribe.141~>247 <~Scribe.142~><~Game.1911~><~Scribe.143~><~Game.1927~><~Scribe.144~> 9E21F2
$Stella_Rossa<~Controls.323~> 00314D
$Stella_Rossa<~Controls.323~>247 FC8671
$Alexey'a<~Controls.624~>224<~Controls.625~><~Game.2044~><~Controls.626~><~Game.2037~> null
$Stella_Rossa<~Scribe.141~>252 <~Scribe.142~><~Game.2014~><~Scribe.143~><~Game.2015~><~Scribe.144~> DBB8AB
$Stella_Rossa<~Controls.644~>217 240 224 <~Controls.645~><~Game.2035~> 901FDB
$Alexey'a<~Scribe.141~>103 <~Scribe.142~><~Game.2043~><~Scribe.143~><~Game.2035~><~Scribe.144~> 92B153
$Alexey'a<~Scribe.141~>015 <~Scribe.142~><~Game.1957~><~Scribe.143~><~Game.1941~><~Scribe.144~> CED93E
$Alexey'a<~Scribe.141~>039 038 036 029 028 027 026 025 024 023 022 021 <~Scribe.142~><~Game.1974~><~Scribe.143~><~Game.1976~><~Scribe.144~> F4DF05
$Stella_Rossa<~Scribe.141~>258 <~Scribe.142~><~Game.2001~><~Scribe.143~><~Game.2002~><~Scribe.144~> CAFF78
$Alexey'a<~Controls.644~>103 <~Controls.645~><~Game.2035~> E78571
$Stella_Rossa<~Scribe.141~>212 <~Scribe.142~><~Game.2042~><~Scribe.143~><~Game.2035~><~Scribe.144~> E3BC12
$Stella_Rossa<~Controls.323~>247 40C24A
$Stella_Rossa<~Controls.644~>212 <~Controls.645~><~Game.2035~> 605DCC
$Alexey'a<~Scribe.141~>104 <~Scribe.142~><~Game.2043~><~Scribe.143~><~Game.2035~><~Scribe.144~> 7D76D8
<Alexey'a> dale 1EFD05
$Alexey'a<~Controls.840~>172 A0DA71
$Stella_Rossa<~Controls.840~>125 65B6C6
<auto> playchosen B9593B
<auto><~Controls.3~>reveal 125 37F79C77CCFBE94048B51CD3A0007805AFA89457 6<~Controls.884~><~Controls.45~><~Controls.885~><~Game.2037~> CF673A
<auto><~Controls.866~>reveal 172 3D9D3C221E683B1175BDF8651C8611A5ABBF8895 23<~Controls.867~><~Controls.46~><~Controls.868~><~Game.2036~> F1B2E1
<auto> playchosen DF4353
$Alexey'a<~Scribe.141~>258 <~Scribe.142~><~Game.2002~><~Scribe.143~><~Game.2003~><~Scribe.144~> 317261
<game> Alexey'a<~Controls.1~> 3 1 4 5 5 null
<game> Alexey'a<~Controls.1~> 2 null
<game> Stella_Rossa<~Controls.1~> 4 1 null
<Alexey'a> 1 B4892F
$Stella_Rossa<~Scribe.141~>068 066 <~Scribe.142~><~Game.1970~><~Scribe.143~><~Game.2037~><~Scribe.144~> DF00AD
$Alexey'a<~Scribe.141~>040 035 014 013 012 011 <~Scribe.142~><~Game.1957~><~Scribe.143~><~Game.1970~><~Scribe.144~> 3B0531
$Alexey'a<~Controls.644~>104 172 125 068 066 <~Controls.645~><~Game.2035~> AF05EE
$Alexey'a<~Controls.757~>100 099 101 <~Controls.758~><~Game.1997~><~Controls.759~><~Game.2043~> 613C9B
$Alexey'a<~Controls.762~>104 103 105 102 <~Controls.763~><~Game.2041~><~Controls.764~><~Game.2043~> DF68F6
$Stella_Rossa<~Scribe.141~>423 <~Scribe.142~><~Game.27~><~Scribe.143~><~Game.28~><~Scribe.144~> CAC4B2
$Alexey'a<~Controls.509~>209<~Controls.510~><~Game.2006~><~Controls.511~><~Controls.46~> null
$Alexey'a<~Controls.509~>199<~Controls.510~><~Game.2007~><~Controls.511~><~Controls.46~> null
$Stella_Rossa<~Controls.726~>211 210 <~Controls.727~><~Game.1997~><~Controls.728~><~Game.2042~> 223DA6
<~Game.7~>3 null
$Stella_Rossa<~Controls.731~>212 213 <~Controls.732~><~Game.2039~><~Controls.733~><~Game.2042~> BC05A4
$Stella_Rossa<~Controls.509~>142<~Controls.510~><~Game.2004~><~Controls.511~><~Controls.45~> null
$Stella_Rossa<~Controls.509~>106<~Controls.510~><~Game.2005~><~Controls.511~><~Controls.45~> null
<Alexey'a> 1e D2687F
<Stella_Rossa> fsp ok F4BDCE
$Alexey'a<~Controls.372~>104 FC932E
$Alexey'a<~Controls.345~>103 105 102 100 099 101 <~Controls.346~>13 15 11 13 15 11 null
$Alexey'a<~Controls.350~>103 105 102 100 099 101 null
$Stella_Rossa<~Controls.345~>212 213 211 210 <~Controls.346~>3 2 1 3 null
$Stella_Rossa<~Scribe.141~>428 <~Scribe.142~><~Game.2042~><~Scribe.143~><~Game.2035~><~Scribe.144~> 8C3F8A
$Stella_Rossa<~Scribe.141~>210 <~Scribe.142~><~Game.2042~><~Scribe.143~><~Game.2037~><~Scribe.144~> F76247
$Stella_Rossa<~Controls.345~>210 <~Controls.346~>3 null
$Stella_Rossa<~Controls.345~>210 <~Controls.346~>4 null
$Stella_Rossa<~Controls.281~>210 <~Controls.282~><~Game.2037~><~Controls.283~><~Game.2042~> F88689
$Stella_Rossa<~Controls.644~>428 <~Controls.645~><~Game.2035~> 9B8546
$Stella_Rossa<~Scribe.141~>210 <~Scribe.142~><~Game.2042~><~Scribe.143~><~Game.2035~><~Scribe.144~> BD2C84
$Stella_Rossa<~Scribe.141~>059 <~Scribe.142~><~Game.1973~><~Scribe.143~><~Game.1965~><~Scribe.144~> 2131C5
$Stella_Rossa<~Scribe.141~>073 072 <~Scribe.142~><~Game.1925~><~Scribe.143~><~Game.1918~><~Scribe.144~> F76263
$Stella_Rossa<~Controls.644~>210 <~Controls.645~><~Game.2035~> 83010A
$Alexey'a<~Scribe.141~>101 <~Scribe.142~><~Game.2043~><~Scribe.143~><~Game.2035~><~Scribe.144~> 84BC0C
$Alexey'a<~Scribe.141~>008 007 <~Scribe.142~><~Game.1917~><~Scribe.143~><~Game.1927~><~Scribe.144~> D2B86E
$Alexey'a<~Scribe.141~>039 038 036 029 028 027 026 025 024 023 022 021 <~Scribe.142~><~Game.1976~><~Scribe.143~><~Game.1967~><~Scribe.144~> 8FF016
$Alexey'a<~Scribe.141~>039 038 036 029 028 027 026 025 024 023 022 021 <~Scribe.142~><~Game.1967~><~Scribe.143~><~Game.1972~><~Scribe.144~> 2E192A
$Alexey'a<~Controls.644~>101 <~Controls.645~><~Game.2035~> 07E800
$Stella_Rossa<~Scribe.141~>211 <~Scribe.142~><~Game.2042~><~Scribe.143~><~Game.2035~><~Scribe.144~> 8A49C8
$Stella_Rossa<~Controls.790~>248<~Controls.791~><~Game.2014~><~Controls.792~><~Game.2015~> 96A164
$Stella_Rossa<~Controls.795~>211<~Controls.796~><~Game.2035~><~Controls.797~><~Game.1997~> EC58D4
<game> Alexey'a<~Controls.1~> 3 4 4 null
<game> Alexey'a<~Controls.1~> 5 null
$Alexey'a<~Scribe.141~>102 <~Scribe.142~><~Game.2043~><~Scribe.143~><~Game.2035~><~Scribe.144~> EE3B4E
$Alexey'a<~Scribe.141~>253 <~Scribe.142~><~Game.2040~><~Scribe.143~><~Game.1970~><~Scribe.144~> 303B04
$Alexey'a<~Scribe.141~>362 <~Scribe.142~><~Game.2040~><~Scribe.143~><~Game.2037~><~Scribe.144~> 355687
$Alexey'a<~Controls.644~>102 362 <~Controls.645~><~Game.2035~> 0221EB
$Alexey'a<~Controls.323~>259 257 256 BC1282
$Alexey'a<~Controls.323~>260 261 041EC9
$Stella_Rossa<~Scribe.141~>213 <~Scribe.142~><~Game.2042~><~Scribe.143~><~Game.2035~><~Scribe.144~> 241E6A
$Stella_Rossa<~Scribe.141~>reveal 142 A5D5E90608EEE388AF647545EC70634C32E9F065 22 <~Scribe.142~><~Controls.45~><~Scribe.143~><~Game.2030~><~Scribe.144~> 84F3F3
$Stella_Rossa<~Controls.644~>213 <~Controls.645~><~Game.2035~> 15FFC4
$Alexey'a<~Scribe.141~>100 <~Scribe.142~><~Game.2043~><~Scribe.143~><~Game.2035~><~Scribe.144~> 4F6DB2
$Alexey'a<~CardBuffet.14~>reveal 181 6CE77E1BA00B389321F86CDB39CE5A6410B0012D 10<~CardBuffet.15~><~Controls.46~><~CardBuffet.16~> C63BEC
$Alexey'a<~Controls.624~>221<~Controls.625~><~Game.2044~><~Controls.626~><~Game.2037~> null
$Alexey'a<~Controls.644~>100 181 221 <~Controls.645~><~Game.2035~> D41D20
$Stella_Rossa<~Scribe.141~>212 <~Scribe.142~><~Game.2042~><~Scribe.143~><~Game.2035~><~Scribe.144~> 957E22
$Stella_Rossa<~Controls.366~>251<~Controls.367~><~Game.2010~><~Controls.368~><~Game.2011~> 5092EB
$Stella_Rossa<~Controls.790~>248<~Controls.791~><~Game.2015~><~Controls.792~><~Game.2016~> 363959
$Stella_Rossa<~Controls.795~>212<~Controls.796~><~Game.2035~><~Controls.797~><~Game.1997~> 3E35C1
<game> Alexey'a<~Controls.1~> 5 3 3 null
<game> Alexey'a<~Controls.1~> 4 null
$Alexey'a<~Controls.624~>222<~Controls.625~><~Game.2044~><~Controls.626~><~Game.2037~> null
$Stella_Rossa<~Scribe.141~>142 <~Scribe.142~><~Game.2030~><~Scribe.143~><~Game.2036~><~Scribe.144~> 3F835F
$Stella_Rossa<~Scribe.141~>247 <~Scribe.142~><~Game.1927~><~Scribe.143~><~Game.1937~><~Scribe.144~> D6116D
$Stella_Rossa<~Controls.323~>247 1AB2AA
$Stella_Rossa<~Controls.644~>142 222 <~Controls.645~><~Game.2035~> 03892C
$Alexey'a<~Scribe.141~>103 <~Scribe.142~><~Game.2043~><~Scribe.143~><~Game.2035~><~Scribe.144~> 27DB33
$Alexey'a<~CardBuffet.14~>reveal 209 186616B4CDFD39D3A2EF8989FB4E51A47831E4E9 3<~CardBuffet.15~><~Controls.46~><~CardBuffet.16~> FD35D3
$Alexey'a<~Controls.281~>236 <~Controls.282~><~Game.2046~><~Controls.283~><~Game.2045~> 55EAB0
$Alexey'a<~Controls.644~>103 209 <~Controls.645~><~Game.2035~> AB6D37
$Alexey'a<~Controls.757~>105 099 104 <~Controls.758~><~Game.1997~><~Controls.759~><~Game.2043~> DE2082
$Alexey'a<~Controls.762~>103 100 102 362 101 <~Controls.763~><~Game.2041~><~Controls.764~><~Game.2043~> 907CEC
$Stella_Rossa<~Controls.726~>212 211 <~Controls.727~><~Game.1997~><~Controls.728~><~Game.2042~> 5B6EAF
<~Game.7~>4 null
$Stella_Rossa<~Controls.731~>213 210 <~Controls.732~><~Game.2039~><~Controls.733~><~Game.2042~> 8606A2
$Alexey'a<~Controls.509~>167<~Controls.510~><~Game.2006~><~Controls.511~><~Controls.46~> null
$Alexey'a<~Controls.509~>186<~Controls.510~><~Game.2007~><~Controls.511~><~Controls.46~> null
$Stella_Rossa<~Controls.509~>127<~Controls.510~><~Game.2004~><~Controls.511~><~Controls.45~> null
$Stella_Rossa<~Controls.509~>134<~Controls.510~><~Game.2005~><~Controls.511~><~Controls.45~> null
$Stella_Rossa<~Controls.296~>150 <~Controls.297~><~Controls.45~> 5005B7
<Alexey'a> 1e 1F187A
$Alexey'a<~Controls.372~>103 4213BB
<Stella_Rossa> fsop ok E4158B
$Alexey'a<~Controls.345~>100 102 362 101 105 099 104 <~Controls.346~>15 12 14 12 15 11 15 null
$Alexey'a<~Controls.350~>100 102 362 101 105 099 104 null
$Stella_Rossa<~Controls.345~>213 210 212 211 <~Controls.346~>0 1 2 2 null
$Stella_Rossa<~Scribe.141~>212 <~Scribe.142~><~Game.2042~><~Scribe.143~><~Game.2035~><~Scribe.144~> 547835
$Stella_Rossa<~Controls.323~>247 0ACB85
$Stella_Rossa<~Controls.644~>212 <~Controls.645~><~Game.2035~> 6F245B
$Alexey'a<~Scribe.141~>099 <~Scribe.142~><~Game.2043~><~Scribe.143~><~Game.2035~><~Scribe.144~> 3E1CA0
$Alexey'a<~Scribe.141~>263 <~Scribe.142~><~Game.2002~><~Scribe.143~><~Game.2003~><~Scribe.144~> AC6F26
$Alexey'a<~Controls.644~>099 <~Controls.645~><~Game.2035~> 51A01E
$Stella_Rossa<~Scribe.141~>210 <~Scribe.142~><~Game.2042~><~Scribe.143~><~Game.2035~><~Scribe.144~> 83A644
$Stella_Rossa<~Controls.790~>248<~Controls.791~><~Game.2014~><~Controls.792~><~Game.2015~> FC5905
$Stella_Rossa<~Controls.795~>210<~Controls.796~><~Game.2035~><~Controls.797~><~Game.1997~> 37E054
<game> Alexey'a<~Controls.1~> 5 2 1 6 null
$Alexey'a<~Controls.624~>226<~Controls.625~><~Game.2044~><~Controls.626~><~Game.2037~> null
$Stella_Rossa<~Scribe.141~>252 <~Scribe.142~><~Game.2015~><~Scribe.143~><~Game.2017~><~Scribe.144~> 1E1952
$Stella_Rossa<~Controls.644~>226 <~Controls.645~><~Game.2035~> D94DF0
$Alexey'a<~Scribe.141~>101 <~Scribe.142~><~Game.2043~><~Scribe.143~><~Game.2035~><~Scribe.144~> 5345DC
$Alexey'a<~Scribe.141~>251 <~Scribe.142~><~Game.2011~><~Scribe.143~><~Game.2037~><~Scribe.144~> 047EEF
$Alexey'a<~Scribe.141~>254 <~Scribe.142~><~Game.2040~><~Scribe.143~><~Game.1919~><~Scribe.144~> B2449C
$Alexey'a<~Scribe.141~>360 <~Scribe.142~><~Game.2040~><~Scribe.143~><~Game.2037~><~Scribe.144~> D4CCED
$Alexey'a<~Controls.644~>101 360 251 <~Controls.645~><~Game.2035~> 9A0271
$Stella_Rossa<~Scribe.141~>213 <~Scribe.142~><~Game.2042~><~Scribe.143~><~Game.2035~><~Scribe.144~> 525B28
$Stella_Rossa<~Scribe.141~>358 <~Scribe.142~><~Game.2038~><~Scribe.143~><~Game.2037~><~Scribe.144~> 1F446D
$Stella_Rossa<~Scribe.141~>240 <~Scribe.142~><~Game.2039~><~Scribe.143~><~Game.1921~><~Scribe.144~> 8466D3
$Stella_Rossa<~Controls.323~>240 9BAA13
$Stella_Rossa<~Controls.644~>213 358 <~Controls.645~><~Game.2035~> 972C5E
$Alexey'a<~Scribe.141~>102 <~Scribe.142~><~Game.2043~><~Scribe.143~><~Game.2035~><~Scribe.144~> 905A9B
<Alexey'a> wlr E1F99D
$Stella_Rossa<~Scribe.141~>098 094 088 <~Scribe.142~><~Game.1954~><~Scribe.143~><~Game.1991~><~Scribe.144~> 592DB0
$Alexey'a<~Scribe.141~>253 040 035 014 013 012 011 <~Scribe.142~><~Game.1970~><~Scribe.143~><~Game.1954~><~Scribe.144~> 6D2204
$Alexey'a<~Scribe.141~>420 <~Scribe.142~><~Game.2040~><~Scribe.143~><~Game.1970~><~Scribe.144~> 8620E6
$Alexey'a<~Controls.644~>102 <~Controls.645~><~Game.2035~> 102640
$Stella_Rossa<~Scribe.141~>256 <~Scribe.142~><~Game.2000~><~Scribe.143~><~Game.2001~><~Scribe.144~> AEC2DC
$Alexey'a<~Scribe.141~>256 <~Scribe.142~><~Game.2001~><~Scribe.143~><~Game.2002~><~Scribe.144~> 59E54F
$Stella_Rossa<~Scribe.141~>211 <~Scribe.142~><~Game.2042~><~Scribe.143~><~Game.2035~><~Scribe.144~> 31FD32
$Stella_Rossa<~Scribe.141~>reveal 127 AB48CD5A6040DDDBDC3CB4BD3E2F8D2A7B4390A8 2 <~Scribe.142~><~Controls.45~><~Scribe.143~><~Game.2037~><~Scribe.144~> C15E5A
$Stella_Rossa<~Scribe.141~>252 <~Scribe.142~><~Game.2017~><~Scribe.143~><~Game.2016~><~Scribe.144~> 4A91C6
$Stella_Rossa<~Controls.644~>211 127 <~Controls.645~><~Game.2035~> 97DBEA
$Alexey'a<~Scribe.141~>362 <~Scribe.142~><~Game.2043~><~Scribe.143~><~Game.2035~><~Scribe.144~> 739303
$Alexey'a<~CardBuffet.14~>reveal 177 2E7C1664EEC1622B6DBDA60AFCDA71B59386E51C 15<~CardBuffet.15~><~Controls.46~><~CardBuffet.16~> 122998
$Alexey'a<~Controls.624~>228<~Controls.625~><~Game.2044~><~Controls.626~><~Game.2037~> null
$Stella_Rossa<~Scribe.141~>252 <~Scribe.142~><~Game.2016~><~Scribe.143~><~Game.2019~><~Scribe.144~> ADB8A5
$Alexey'a<~Scribe.141~>252 <~Scribe.142~><~Game.2016~><~Scribe.143~><~Game.2019~><~Scribe.144~> 533087
$Stella_Rossa<~Controls.644~>362 177 228 <~Controls.645~><~Game.2035~> 3CEF14
$Alexey'a<~Controls.644~>362 177 228 <~Controls.645~><~Game.2035~> 01103F
$Alexey'a<~Controls.757~>100 105 104 103 <~Controls.758~><~Game.1997~><~Controls.759~><~Game.2043~> 35D5F5
$Alexey'a<~Controls.762~>362 102 101 360 099 <~Controls.763~><~Game.2041~><~Controls.764~><~Game.2043~> 40F1A9
$Stella_Rossa<~Controls.726~>210 <~Controls.727~><~Game.1997~><~Controls.728~><~Game.2042~> 1B5754
<~Game.7~>5 null
$Stella_Rossa<~Controls.731~>211 213 358 212 <~Controls.732~><~Game.2039~><~Controls.733~><~Game.2042~> BCE19C
$Alexey'a<~Controls.509~>194<~Controls.510~><~Game.2006~><~Controls.511~><~Controls.46~> null
$Alexey'a<~Controls.509~>205<~Controls.510~><~Game.2007~><~Controls.511~><~Controls.46~> null
$Stella_Rossa<~Controls.509~>148<~Controls.510~><~Game.2004~><~Controls.511~><~Controls.45~> null
$Stella_Rossa<~Controls.509~>130<~Controls.510~><~Game.2005~><~Controls.511~><~Controls.45~> null
$Stella_Rossa<~Controls.296~>114 <~Controls.297~><~Controls.45~> C67079
$Stella_Rossa<~Scribe.141~>247 <~Scribe.142~><~Game.1937~><~Scribe.143~><~Game.1942~><~Scribe.144~> 2812EF
$Stella_Rossa<~Scribe.141~>248 <~Scribe.142~><~Game.2015~><~Scribe.143~><~Game.2014~><~Scribe.144~> D718F7
<Stella_Rossa> fsp ok D42357
$Alexey'a<~Controls.281~>199 <~Controls.282~><~Controls.46~><~Controls.283~><~Game.2041~> 07BB18
$Alexey'a<~Controls.372~>362 7DFB4F
$Alexey'a<~Controls.345~>102 101 360 099 100 105 104 103 <~Controls.346~>13 13 10 11 12 15 13 15 null
$Alexey'a<~Controls.350~>102 101 360 099 100 105 104 103 null
$Stella_Rossa<~Controls.345~>211 213 358 212 210 <~Controls.346~>0 1 3 3 0 null
$Stella_Rossa<~Scribe.141~>210 <~Scribe.142~><~Game.2042~><~Scribe.143~><~Game.2035~><~Scribe.144~> 3B0427
$Stella_Rossa<~Controls.790~>248<~Controls.791~><~Game.2014~><~Controls.792~><~Game.2015~> E36AB4
$Stella_Rossa<~Controls.795~>210<~Controls.796~><~Game.2035~><~Controls.797~><~Game.1997~> 9195EB
<game> Alexey'a<~Controls.1~> 4 3 6 null
$Alexey'a<~Controls.624~>216<~Controls.625~><~Game.2044~><~Controls.626~><~Game.2037~> null
<Stella_Rossa> random BC087B
$Alexey'a<~Controls.637~>244<~Controls.638~><~Game.1998~><~Controls.639~><~Game.2036~> null
$Alexey'a<~Controls.452~>148<~Controls.453~><~Controls.45~><~Controls.454~><~Game.2039~> null
$Stella_Rossa<~Scribe.141~>247 <~Scribe.142~><~Game.1942~><~Scribe.143~><~Game.1943~><~Scribe.144~> 507C0D
$Stella_Rossa<~Controls.323~>247 D51CCA
$Stella_Rossa<~Controls.644~>244 216 <~Controls.645~><~Game.2035~> 71DC5D
$Alexey'a<~Scribe.141~>101 <~Scribe.142~><~Game.2043~><~Scribe.143~><~Game.2035~><~Scribe.144~> 88CA30
<Alexey'a> wlr 80CCEE
$Alexey'a<~Controls.840~>205 679145
$Alexey'a<~Scribe.141~>256 <~Scribe.142~><~Game.2002~><~Scribe.143~><~Game.2003~><~Scribe.144~> A9D48B
$Stella_Rossa<~Controls.840~>130 029D11
<auto> playchosen CD7FF9
<auto><~Controls.3~>reveal 130 4CA9F9DBF1034F5564D6CF8C0049FCD85BD94C6C 10<~Controls.884~><~Controls.45~><~Controls.885~><~Game.2037~> A4CDBE
<auto><~Controls.866~>reveal 205 50856ED1F9D35312A197F856852E19421EF53627 19<~Controls.867~><~Controls.46~><~Controls.868~><~Game.2036~> 058D29
<auto> playchosen E38A59
<game> Alexey'a<~Controls.1~> 1 4 6 6 1 null
<game> Alexey'a<~Controls.1~> 3 4 null
<game> Stella_Rossa<~Controls.1~> 4 3 null
<Alexey'a> 4-1 059284
$Stella_Rossa<~Scribe.141~>098 094 088 <~Scribe.142~><~Game.1991~><~Scribe.143~><~Game.2037~><~Scribe.144~> B4854E
$Stella_Rossa<~Scribe.141~>423 <~Scribe.142~><~Game.28~><~Scribe.143~><~Game.30~><~Scribe.144~> 4D3719
$Alexey'a<~Scribe.141~>013 014 <~Scribe.142~><~Game.1954~><~Scribe.143~><~Game.2036~><~Scribe.144~> 70F6EC
$Alexey'a<~Controls.509~>187<~Controls.510~><~Game.2007~><~Controls.511~><~Controls.46~> null
$Alexey'a<~Controls.644~>101 205 013 014 130 098 094 088 <~Controls.645~><~Game.2035~> 14E4AD
$Alexey'a<~Scribe.141~>418 <~Scribe.142~><~Game.2040~><~Scribe.143~><~Game.1954~><~Scribe.144~> 43A819
$Alexey'a<~Scribe.141~>423 <~Scribe.142~><~Game.30~><~Scribe.143~><~Game.32~><~Scribe.144~> DA764E
$Stella_Rossa<~Scribe.141~>212 <~Scribe.142~><~Game.2042~><~Scribe.143~><~Game.2035~><~Scribe.144~> CBE7B4
$Stella_Rossa<~Scribe.141~>423 <~Scribe.142~><~Game.32~><~Scribe.143~><~Game.30~><~Scribe.144~> A21083
$Stella_Rossa<~Controls.323~>247 70693D
$Stella_Rossa<~Controls.644~>212 <~Controls.645~><~Game.2035~> C10580
$Alexey'a<~Scribe.141~>100 <~Scribe.142~><~Game.2043~><~Scribe.143~><~Game.2035~><~Scribe.144~> C8B738
$Alexey'a<~Scribe.141~>039 038 036 029 028 027 026 025 024 023 022 021 <~Scribe.142~><~Game.1972~><~Scribe.143~><~Game.1975~><~Scribe.144~> E97BCA
$Alexey'a<~Scribe.141~>055 057 049 048 047 046 045 <~Scribe.142~><~Game.1946~><~Scribe.143~><~Game.1932~><~Scribe.144~> 52F623
$Alexey'a<~Controls.644~>100 <~Controls.645~><~Game.2035~> 9A7FD0
$Stella_Rossa<~Scribe.141~>211 <~Scribe.142~><~Game.2042~><~Scribe.143~><~Game.2035~><~Scribe.144~> A707AF
$Stella_Rossa<~Controls.790~>248<~Controls.791~><~Game.2014~><~Controls.792~><~Game.2015~> A50DCD
$Stella_Rossa<~Controls.795~>211<~Controls.796~><~Game.2035~><~Controls.797~><~Game.1997~> 6C8806
<game> Alexey'a<~Controls.1~> 5 4 2 null
$Alexey'a<~Controls.624~>215<~Controls.625~><~Game.2044~><~Controls.626~><~Game.2037~> null
$Stella_Rossa<~Scribe.141~>247 <~Scribe.142~><~Game.1943~><~Scribe.143~><~Game.1964~><~Scribe.144~> BD2EDA
$Stella_Rossa<~Controls.323~>247 52F714
$Stella_Rossa<~Controls.644~>215 <~Controls.645~><~Game.2035~> 8F6197
$Alexey'a<~Scribe.141~>360 <~Scribe.142~><~Game.2043~><~Scribe.143~><~Game.2035~><~Scribe.144~> A8F333
$Alexey'a<~Scribe.141~>261 <~Scribe.142~><~Game.2001~><~Scribe.143~><~Game.2002~><~Scribe.144~> C65799
$Alexey'a<~Controls.644~>360 <~Controls.645~><~Game.2035~> 97920E
$Stella_Rossa<~Scribe.141~>358 <~Scribe.142~><~Game.2042~><~Scribe.143~><~Game.2035~><~Scribe.144~> 0EA50E
$Stella_Rossa<~Controls.323~>247 5E51E5
$Stella_Rossa<~Controls.644~>358 <~Controls.645~><~Game.2035~> E00256
$Alexey'a<~Scribe.141~>099 <~Scribe.142~><~Game.2043~><~Scribe.143~><~Game.2035~><~Scribe.144~> 35370A
$Alexey'a<~Scribe.141~>037 020 019 018 017 016 <~Scribe.142~><~Game.1969~><~Scribe.143~><~Game.1964~><~Scribe.144~> 04710B
$Alexey'a<~Scribe.141~>039 038 036 029 028 027 026 025 024 023 022 021 <~Scribe.142~><~Game.1975~><~Scribe.143~><~Game.1966~><~Scribe.144~> 0D7584
$Alexey'a<~Controls.644~>099 <~Controls.645~><~Game.2035~> 8FA8CA
<Stella_Rossa> pass 95F1A3
$Alexey'a<~Scribe.141~>104 <~Scribe.142~><~Game.2043~><~Scribe.143~><~Game.2035~><~Scribe.144~> E843C3
$Alexey'a<~Scribe.141~>reveal 167 476AE60EF46316809D2CA1D4DB1ACAC6E05A1D27 4 <~Scribe.142~><~Controls.46~><~Scribe.143~><~Game.2030~><~Scribe.144~> E12DD1
$Alexey'a<~Controls.644~>104 <~Controls.645~><~Game.2035~> B18ACE
$Stella_Rossa<~Scribe.141~>427 <~Scribe.142~><~Game.2042~><~Scribe.143~><~Game.2035~><~Scribe.144~> 30446E
$Stella_Rossa<~Controls.509~>147<~Controls.510~><~Game.2005~><~Controls.511~><~Controls.45~> null
$Stella_Rossa<~Controls.644~>427 <~Controls.645~><~Game.2035~> 4CC92B
$Alexey'a<~Scribe.141~>102 <~Scribe.142~><~Game.2043~><~Scribe.143~><~Game.2035~><~Scribe.144~> FBE0D3
$Alexey'a<~Scribe.141~>039 038 036 029 028 027 026 025 024 023 022 021 <~Scribe.142~><~Game.1966~><~Scribe.143~><~Game.1970~><~Scribe.144~> A3E37E
$Alexey'a<~Controls.644~>102 <~Controls.645~><~Game.2035~> CB6675
$Stella_Rossa<~Scribe.141~>213 <~Scribe.142~><~Game.2042~><~Scribe.143~><~Game.2035~><~Scribe.144~> 91DC6B
$Stella_Rossa<~Controls.790~>248<~Controls.791~><~Game.2014~><~Controls.792~><~Game.2015~> 6A448C
$Stella_Rossa<~Controls.795~>213<~Controls.796~><~Game.2035~><~Controls.797~><~Game.1997~> 24E025
<game> Alexey'a<~Controls.1~> 5 2 3 null
<game> Alexey'a<~Controls.1~> 1 3 null
$Alexey'a<~Controls.624~>218<~Controls.625~><~Game.2044~><~Controls.626~><~Game.2037~> null
<Stella_Rossa> random 29D951
$Alexey'a<~Controls.637~>246<~Controls.638~><~Game.1998~><~Controls.639~><~Game.2036~> null
$Stella_Rossa<~Scribe.141~>246 <~Scribe.142~><~Game.2036~><~Scribe.143~><~Game.1944~><~Scribe.144~> 717934
$Stella_Rossa<~Scribe.141~>252 <~Scribe.142~><~Game.2019~><~Scribe.143~><~Game.2020~><~Scribe.144~> 0D7E17
$Stella_Rossa<~Scribe.141~>247 <~Scribe.142~><~Game.1964~><~Scribe.143~><~Game.1969~><~Scribe.144~> DB311F
$Stella_Rossa<~Controls.323~>247 DCE331
$Alexey'a<~Controls.624~>214<~Controls.625~><~Game.2044~><~Controls.626~><~Game.2036~> null
$Alexey'a<~Controls.644~>214 218 <~Controls.645~><~Game.2035~> F1C57E
$Stella_Rossa<~Controls.644~><~Controls.645~><~Game.2035~> 428C7F
$Alexey'a<~Controls.757~>105 103 362 <~Controls.758~><~Game.1997~><~Controls.759~><~Game.2043~> 71357D
$Alexey'a<~Controls.762~>102 104 099 360 100 101 <~Controls.763~><~Game.2041~><~Controls.764~><~Game.2043~> 1C1B7B
$Alexey'a<~Controls.509~>174<~Controls.510~><~Game.2006~><~Controls.511~><~Controls.46~> null
$Alexey'a<~Controls.509~>185<~Controls.510~><~Game.2007~><~Controls.511~><~Controls.46~> null
$Stella_Rossa<~Controls.726~>213 211 210 <~Controls.727~><~Game.1997~><~Controls.728~><~Game.2042~> 2355D5
<~Game.7~>6 null
$Stella_Rossa<~Controls.731~>358 212 <~Controls.732~><~Game.2039~><~Controls.733~><~Game.2042~> 54FAAA
$Stella_Rossa<~Controls.509~>133<~Controls.510~><~Game.2004~><~Controls.511~><~Controls.45~> null
$Stella_Rossa<~Controls.509~>156<~Controls.510~><~Game.2005~><~Controls.511~><~Controls.45~> null
$Stella_Rossa<~Controls.296~>133 <~Controls.297~><~Controls.45~> 9AE3DF
$Stella_Rossa<~Scribe.141~>247 <~Scribe.142~><~Game.1969~><~Scribe.143~><~Game.524~><~Scribe.144~> 4191E3
$Alexey'a<~Controls.281~>187 <~Controls.282~><~Controls.46~><~Controls.283~><~Game.2041~> 775A5A
$Stella_Rossa<~Controls.281~>236 221 222 <~Controls.282~><~Game.2045~><~Controls.283~><~Game.2044~> 0F65F1
<Stella_Rossa> fsp ok 84F6C8
<Alexey'a> 3e 604368
$Alexey'a<~Controls.372~>102 3CDE8D
$Alexey'a<~Controls.372~>102 667B9E
$Alexey'a<~Controls.372~>104 9B0BA8
$Alexey'a<~Controls.372~>099 9956CB
$Alexey'a<~Controls.372~>360 1BB2C3
$Alexey'a<~Controls.345~>100 101 105 103 362 <~Controls.346~>13 10 10 10 12 null
$Alexey'a<~Controls.350~>100 101 105 103 362 null
$Stella_Rossa<~Controls.345~>358 212 213 211 210 <~Controls.346~>4 3 0 1 1 null
$Stella_Rossa<~Scribe.141~>211 <~Scribe.142~><~Game.2042~><~Scribe.143~><~Game.2035~><~Scribe.144~> 69DB2B
$Stella_Rossa<~Controls.323~>211 FEDDE7
$Stella_Rossa<~Controls.323~>247 D2E561
$Stella_Rossa<~Controls.644~>211 <~Controls.645~><~Game.2035~> 9C8817
$Alexey'a<~Scribe.141~>362 <~Scribe.142~><~Game.2043~><~Scribe.143~><~Game.2035~><~Scribe.144~> B01ADE
<Alexey'a> erebor D149FF
$Stella_Rossa<~Scribe.141~>062 312 061 059 060 <~Scribe.142~><~Game.1965~><~Scribe.143~><~Game.1988~><~Scribe.144~> 6E5130
$Alexey'a<~Scribe.141~>039 038 036 029 028 027 026 025 024 023 022 021 <~Scribe.142~><~Game.1970~><~Scribe.143~><~Game.1965~><~Scribe.144~> 9D1707
$Alexey'a<~Scribe.141~>039 038 036 029 028 027 026 025 024 023 022 021 <~Scribe.142~><~Game.1965~><~Scribe.143~><~Game.1988~><~Scribe.144~> 25FBF1
$Stella_Rossa<~Scribe.141~>257 <~Scribe.142~><~Game.2000~><~Scribe.143~><~Game.2001~><~Scribe.144~> E2BF51
$Alexey'a<~Scribe.141~>039 038 036 029 028 027 026 025 024 023 022 021 <~Scribe.142~><~Game.1988~><~Scribe.143~><~Game.1965~><~Scribe.144~> A56F7F
$Alexey'a<~Scribe.141~>039 038 036 029 028 027 026 025 024 023 022 021 <~Scribe.142~><~Game.1965~><~Scribe.143~><~Game.1988~><~Scribe.144~> CFF1CD
$Alexey'a<~Scribe.141~>419 <~Scribe.142~><~Game.2040~><~Scribe.143~><~Game.1965~><~Scribe.144~> 8D5158
$Alexey'a<~Controls.819~> DA6CE5
$Alexey'a<~Controls.819~> CB7485
$Alexey'a<~Controls.644~>362 <~Controls.645~><~Game.2035~> 9338B1
$Stella_Rossa<~Scribe.141~>426 <~Scribe.142~><~Game.2042~><~Scribe.143~><~Game.2035~><~Scribe.144~> BAC983
$Stella_Rossa<~Scribe.141~>260 <~Scribe.142~><~Game.2001~><~Scribe.143~><~Game.2002~><~Scribe.144~> FE7F9D
$Stella_Rossa<~Controls.644~>426 <~Controls.645~><~Game.2035~> D07B13
$Alexey'a<~Scribe.141~>105 <~Scribe.142~><~Game.2043~><~Scribe.143~><~Game.2035~><~Scribe.144~> B0EA74
$Alexey'a<~Scribe.141~>255 <~Scribe.142~><~Game.2040~><~Scribe.143~><~Game.1969~><~Scribe.144~> 706283
$Alexey'a<~Scribe.141~>361 <~Scribe.142~><~Game.2040~><~Scribe.143~><~Game.2037~><~Scribe.144~> 55CF17
$Alexey'a<~Controls.644~>105 361 <~Controls.645~><~Game.2035~> 07370E
$Stella_Rossa<~Scribe.141~>212 <~Scribe.142~><~Game.2042~><~Scribe.143~><~Game.2035~><~Scribe.144~> 2DDC36
$Stella_Rossa<~Scribe.141~>260 <~Scribe.142~><~Game.2002~><~Scribe.143~><~Game.2003~><~Scribe.144~> 9A92F6
$Stella_Rossa<~Controls.644~>212 <~Controls.645~><~Game.2035~> 10E75B
$Alexey'a<~Scribe.141~>100 <~Scribe.142~><~Game.2043~><~Scribe.143~><~Game.2035~><~Scribe.144~> D86495
$Alexey'a<~Scribe.141~>253 040 <~Scribe.142~><~Game.1954~><~Scribe.143~><~Game.1965~><~Scribe.144~> A76487
$Alexey'a<~Scribe.141~>037 <~Scribe.142~><~Game.1964~><~Scribe.143~><~Game.1965~><~Scribe.144~> CC23C6
$Alexey'a<~Controls.644~>100 <~Controls.645~><~Game.2035~> 8B6BDA
$Stella_Rossa<~Scribe.141~>213 <~Scribe.142~><~Game.2042~><~Scribe.143~><~Game.2035~><~Scribe.144~> 0C7145
$Stella_Rossa<~Scribe.141~>167 <~Scribe.142~><~Game.2030~><~Scribe.143~><~Game.2036~><~Scribe.144~> 8D6231
$Stella_Rossa<~Controls.644~>213 167 <~Controls.645~><~Game.2035~> 9D3F62
$Alexey'a<~Scribe.141~>103 <~Scribe.142~><~Game.2043~><~Scribe.143~><~Game.2035~><~Scribe.144~> 91F5F1
$Alexey'a<~Controls.323~>255 51B3A9
<Alexey'a> erebor B5EC2B
$Alexey'a<~Scribe.141~>257 <~Scribe.142~><~Game.2001~><~Scribe.143~><~Game.2002~><~Scribe.144~> D6FD7D
$Alexey'a<~Controls.819~> 9A4D07
$Alexey'a<~Controls.819~> 8D00DA
$Alexey'a<~Controls.819~> 370522
$Alexey'a<~Scribe.141~>103 <~Scribe.142~><~Game.2043~><~Scribe.143~><~Game.2035~><~Scribe.144~> 787665
$Alexey'a<~Scribe.141~>340 <~Scribe.142~><~Game.2040~><~Scribe.143~><~Game.1969~><~Scribe.144~> 70B0EE
$Alexey'a<~Scribe.141~>341 <~Scribe.142~><~Game.2040~><~Scribe.143~><~Game.1917~><~Scribe.144~> FECBEB
$Alexey'a<~Controls.644~>103 <~Controls.645~><~Game.2035~> FB8A15
$Stella_Rossa<~Scribe.141~>210 <~Scribe.142~><~Game.2042~><~Scribe.143~><~Game.2035~><~Scribe.144~> 8607F5
$Stella_Rossa<~Controls.790~>247<~Controls.791~><~Game.524~><~Controls.792~><~Game.525~> 339D94
$Stella_Rossa<~Controls.795~>210<~Controls.796~><~Game.2035~><~Controls.797~><~Game.1997~> 162B57
$Alexey'a<~Controls.624~>220<~Controls.625~><~Game.2044~><~Controls.626~><~Game.2037~> null
$Stella_Rossa<~Scribe.141~>241 <~Scribe.142~><~Game.1999~><~Scribe.143~><~Game.2037~><~Scribe.144~> F134FB
$Stella_Rossa<~Scribe.141~>252 <~Scribe.142~><~Game.2020~><~Scribe.143~><~Game.2021~><~Scribe.144~> 80CD91
$Stella_Rossa<~Scribe.141~>243 <~Scribe.142~><~Game.1998~><~Scribe.143~><~Game.1999~><~Scribe.144~> 49E867
$Stella_Rossa<~Controls.644~>220 241 <~Controls.645~><~Game.2035~> AB17DB
$Alexey'a<~Controls.323~>101 93C88F
$Alexey'a<~Controls.323~>101 CF4905
$Alexey'a<~Controls.323~>247 E684D9
$Alexey'a<~Scribe.141~>101 <~Scribe.142~><~Game.2043~><~Scribe.143~><~Game.2035~><~Scribe.144~> 4EBF39
$Alexey'a<~Controls.323~>253 3036A3
$Alexey'a<~Controls.323~>255 449376
<Alexey'a> ferebor D1758C
$Stella_Rossa<~Scribe.141~>257 <~Scribe.142~><~Game.2001~><~Scribe.143~><~Game.2002~><~Scribe.144~> 5626CD
$Alexey'a<~Controls.840~>194 D8D931
$Stella_Rossa<~Controls.840~>147 0B4F3D
<auto> playchosen 6E3943
<auto><~Controls.3~>reveal 147 57DD28AD4D4326293B3A9B294F59C0FBB47AD0F2 0<~Controls.884~><~Controls.45~><~Controls.885~><~Game.2037~> 18D7E8
<auto><~Controls.866~>reveal 194 765DC6FAA60D0F48FFFEAE8C7D24126B7C1A0FF5 1<~Controls.867~><~Controls.46~><~Controls.868~><~Game.2036~> E6F41F
<auto> playchosen F6E341
<game> Alexey'a<~Controls.1~> 2 6 5 2 6 null
<game> Alexey'a<~Controls.1~> 2 2 6 null
<Alexey'a> 3 6568EB
<game> Stella_Rossa<~Controls.1~> 6 3 2 4 null
<game> Stella_Rossa<~Controls.1~> 3 null
<Stella_Rossa> 1 925CFA
$Alexey'a<~Scribe.141~>021 <~Scribe.142~><~Game.1965~><~Scribe.143~><~Game.2036~><~Scribe.144~> A1CB27
<Alexey'a> press 180661
$Stella_Rossa<~Controls.281~>061 <~Controls.282~><~Game.1988~><~Controls.283~><~Game.2039~> 29134F
$Alexey'a<~Controls.509~>200<~Controls.510~><~Game.2006~><~Controls.511~><~Controls.46~> null
$Alexey'a<~Controls.662~>194 021 147 <~Controls.663~><~Game.2035~> B181F2
$Stella_Rossa<~Controls.304~>312 <~Controls.305~><~Game.1988~> E4451D
$Stella_Rossa<~Controls.313~>317 <~Controls.307~><~Controls.314~><~Game.1988~> 77C3B6
$Alexey'a<~Controls.304~>036 <~Controls.305~><~Game.1965~> 84E03D
$Alexey'a<~Controls.313~>021 <~Controls.307~><~Controls.314~><~Game.1965~> D6DCAC
$Alexey'a<~Controls.840~>170 FE4A55
<Stella_Rossa> you drew before say press or stop E52B5C
<Stella_Rossa> ok, this time, next time no good CEF5AF
<Alexey'a> no 73A1A0
<Stella_Rossa> right, too fast :-) BD79EA
<Alexey'a> <Alexey'a> press  $Stella_Rossa moves Dwarven Elite from Erebor Stronghold to FP Casualties. $Alexey'a draws Shadow Character Card. 905F25
$Stella_Rossa<~Controls.840~>156 975810
<auto> playchosen 9A021F
<auto><~Controls.3~>reveal 156 792DB2CE2097CD34223FBA0EA70113E6BC719E09 16<~Controls.884~><~Controls.45~><~Controls.885~><~Game.2037~> A52DED
<auto><~Controls.866~>reveal 170 03EB901BD4A9D639BD333B91802207F9AA761841 5<~Controls.867~><~Controls.46~><~Controls.868~><~Game.2036~> FAE483
<auto> playchosen 12B128
$Alexey'a<~Scribe.141~>024 025 <~Scribe.142~><~Game.1965~><~Scribe.143~><~Game.2036~><~Scribe.144~> C145FF
<game> Alexey'a<~Controls.1~> 4 1 1 5 5 null
<game> Alexey'a<~Controls.1~> 5 6 null
<Alexey'a> 4-1 2E09F0
<game> Stella_Rossa<~Controls.1~> 5 4 2 null
<game> Stella_Rossa<~Controls.1~> 6 null
<Stella_Rossa> 2 BCCA2F
$Stella_Rossa<~Scribe.141~>062 317 059 060 <~Scribe.142~><~Game.1988~><~Scribe.143~><~Game.2037~><~Scribe.144~> 5D5F86
$Alexey'a<~Scribe.141~>023 022 <~Scribe.142~><~Game.1965~><~Scribe.143~><~Game.2036~><~Scribe.144~> 8F4820
$Stella_Rossa<~Scribe.141~>423 <~Scribe.142~><~Game.30~><~Scribe.143~><~Game.32~><~Scribe.144~> 6CC4BB
$Alexey'a<~Scribe.141~>415 <~Scribe.142~><~Game.2040~><~Scribe.143~><~Game.1965~><~Scribe.144~> 31A680
$Alexey'a<~Controls.644~>101 170 023 022 024 025 156 062 317 059 060 <~Controls.645~><~Game.2035~> A00099
$Alexey'a<~Controls.644~><~Controls.645~><~Game.2035~> 62DD32
$Stella_Rossa<~Scribe.141~>358 <~Scribe.142~><~Game.2042~><~Scribe.143~><~Game.2035~><~Scribe.144~> 00462C
$Stella_Rossa<~Scribe.141~>276 <~Scribe.142~><~Game.2038~><~Scribe.143~><~Game.1920~><~Scribe.144~> 0B317A
$Stella_Rossa<~Controls.644~>358 <~Controls.645~><~Game.2035~> 72CB8B
$Alexey'a<~Controls.757~>360 099 104 102 <~Controls.758~><~Game.1997~><~Controls.759~><~Game.2043~> 611388
$Alexey'a<~Controls.762~>101 103 100 105 361 362 <~Controls.763~><~Game.2041~><~Controls.764~><~Game.2043~> 4A39D3
$Stella_Rossa<~Controls.726~>210 <~Controls.727~><~Game.1997~><~Controls.728~><~Game.2042~> 9C0D8E
<~Game.7~>7 null
$Stella_Rossa<~Controls.731~>358 213 212 211 <~Controls.732~><~Game.2039~><~Controls.733~><~Game.2042~> FD7B96
$Alexey'a<~Controls.509~>166<~Controls.510~><~Game.2006~><~Controls.511~><~Controls.46~> null
$Alexey'a<~Controls.509~>206<~Controls.510~><~Game.2007~><~Controls.511~><~Controls.46~> null
$Stella_Rossa<~Controls.509~>144<~Controls.510~><~Game.2004~><~Controls.511~><~Controls.45~> null
$Stella_Rossa<~Controls.509~>119<~Controls.510~><~Game.2005~><~Controls.511~><~Controls.45~> null
<Stella_Rossa> fsp ok A5FADC
$Alexey'a<~Controls.281~>174 <~Controls.282~><~Controls.46~><~Controls.283~><~Game.2041~> 14E2AB
$Alexey'a<~CardBuffet.3~>174 <~CardBuffet.4~><~Game.2041~><~CardBuffet.5~><~Controls.46~> 65961D
$Alexey'a<~Controls.281~>206 <~Controls.282~><~Controls.46~><~Controls.283~><~Game.2041~> FED3FC
<Alexey'a> 1e 82185F
$Alexey'a<~Controls.372~>101 253851
$Alexey'a<~Controls.345~>103 100 105 361 362 360 099 104 102 <~Controls.346~>15 15 10 14 14 10 15 10 10 null
$Alexey'a<~Controls.350~>103 100 105 361 362 360 099 104 102 null
$Stella_Rossa<~Controls.345~>358 213 212 211 210 <~Controls.346~>2 3 4 1 1 null
$Stella_Rossa<~Scribe.141~>211 <~Scribe.142~><~Game.2042~><~Scribe.143~><~Game.2035~><~Scribe.144~> 14D9E2
$Stella_Rossa<~Controls.323~>247 6CD0CB
$Stella_Rossa<~Controls.644~>211 <~Controls.645~><~Game.2035~> 35540E
$Alexey'a<~Scribe.141~>362 <~Scribe.142~><~Game.2043~><~Scribe.143~><~Game.2035~><~Scribe.144~> 2A58B8
$Alexey'a<~CardBuffet.14~>reveal 166 7CAD5B98A16FC9A3408E4B52F2A7AC72DAB340C6 17<~CardBuffet.15~><~Controls.46~><~CardBuffet.16~> 7C5AC1
$Alexey'a<~Controls.281~>239 <~Controls.282~><~Game.2046~><~Controls.283~><~Game.2044~> 9D2AD7
$Alexey'a<~Controls.644~>362 166 <~Controls.645~><~Game.2035~> 6424C7
$Stella_Rossa<~Scribe.141~>358 <~Scribe.142~><~Game.2042~><~Scribe.143~><~Game.2035~><~Scribe.144~> F5C23D
$Stella_Rossa<~Scribe.141~>reveal 144 9174263F9C14F05887D482E7C47620CA76163BD8 18 <~Scribe.142~><~Controls.45~><~Scribe.143~><~Game.2037~><~Scribe.144~> F09BA8
$Stella_Rossa<~Controls.281~>235 <~Controls.282~><~Game.2046~><~Controls.283~><~Game.2044~> 165E01
$Stella_Rossa<~Controls.644~>358 144 <~Controls.645~><~Game.2035~> 38BF2E
$Alexey'a<~Scribe.141~>361 <~Scribe.142~><~Game.2043~><~Scribe.143~><~Game.2035~><~Scribe.144~> 15C058
$Alexey'a<~CardBuffet.14~>reveal 200 3874A344AB9ABBE4F44DB7292CD1C42EC7524BE6 22<~CardBuffet.15~><~Controls.46~><~CardBuffet.16~> 952FD4
<game> Alexey'a<~Controls.1~> 1 1 3 null
$Alexey'a<~Controls.644~>361 200 <~Controls.645~><~Game.2035~> C8E2C2
$Stella_Rossa<~Scribe.141~>210 <~Scribe.142~><~Game.2042~><~Scribe.143~><~Game.2035~><~Scribe.144~> 57591E
$Stella_Rossa<~Controls.790~>247<~Controls.791~><~Game.525~><~Controls.792~><~Game.528~> 592852
$Stella_Rossa<~Controls.795~>210<~Controls.796~><~Game.2035~><~Controls.797~><~Game.1997~> F3B0F7
$Alexey'a<~Controls.624~>229<~Controls.625~><~Game.2044~><~Controls.626~><~Game.2037~> null
$Stella_Rossa<~Scribe.141~>243 <~Scribe.142~><~Game.1999~><~Scribe.143~><~Game.2037~><~Scribe.144~> 049CE4
$Stella_Rossa<~Scribe.141~>252 <~Scribe.142~><~Game.2021~><~Scribe.143~><~Game.2022~><~Scribe.144~> AB6CE5
$Stella_Rossa<~Scribe.141~>242 <~Scribe.142~><~Game.1998~><~Scribe.143~><~Game.1999~><~Scribe.144~> B331D2
$Stella_Rossa<~Controls.644~>229 243 <~Controls.645~><~Game.2035~> 5D6B63
$Alexey'a<~Scribe.141~>104 <~Scribe.142~><~Game.2043~><~Scribe.143~><~Game.2035~><~Scribe.144~> F7F2D7
$Alexey'a<~Scribe.141~>336 <~Scribe.142~><~Game.2040~><~Scribe.143~><~Game.1969~><~Scribe.144~> 57AF26
$Alexey'a<~Controls.644~>104 <~Controls.645~><~Game.2035~> 1410DE
$Stella_Rossa<~Scribe.141~>213 <~Scribe.142~><~Game.2042~><~Scribe.143~><~Game.2035~><~Scribe.144~> FC2410
$Stella_Rossa<~Scribe.141~>274 <~Scribe.142~><~Game.2038~><~Scribe.143~><~Game.1920~><~Scribe.144~> 045FDB
$Stella_Rossa<~Controls.644~>213 <~Controls.645~><~Game.2035~> 611662
$Alexey'a<~Scribe.141~>102 <~Scribe.142~><~Game.2043~><~Scribe.143~><~Game.2035~><~Scribe.144~> 0B8FAD
$Alexey'a<~Scribe.141~>335 <~Scribe.142~><~Game.2040~><~Scribe.143~><~Game.1969~><~Scribe.144~> 3DDC48
$Alexey'a<~Controls.644~>102 <~Controls.645~><~Game.2035~> CDB086
<Stella_Rossa> pass 9CE44A
$Alexey'a<~Scribe.141~>105 <~Scribe.142~><~Game.2043~><~Scribe.143~><~Game.2035~><~Scribe.144~> FCDBC4
$Alexey'a<~Scribe.141~>334 <~Scribe.142~><~Game.2040~><~Scribe.143~><~Game.1969~><~Scribe.144~> 5DBE6B
$Alexey'a<~Controls.644~>105 <~Controls.645~><~Game.2035~> 405DC1
$Stella_Rossa<~Scribe.141~>212 <~Scribe.142~><~Game.2042~><~Scribe.143~><~Game.2035~><~Scribe.144~> FDB1D7
$Stella_Rossa<~Scribe.141~>reveal 111 F5DC5197896354AC8A7359320B84CBF438522979 17 <~Scribe.142~><~Controls.45~><~Scribe.143~><~Game.2036~><~Scribe.144~> 1477AF
<game> Stella_Rossa<~Controls.1~> 2 5 5 null
<Stella_Rossa> 2 167F7C
$Alexey'a<~Controls.281~>019 020 <~Controls.282~><~Game.1964~><~Controls.283~><~Game.2041~> 9658E4
$Stella_Rossa<~Scribe.141~>270 273 <~Scribe.142~><~Game.2038~><~Scribe.143~><~Game.1943~><~Scribe.144~> 8C1A87
$Stella_Rossa<~Controls.644~>212 111 <~Controls.645~><~Game.2035~> C59F34
$Alexey'a<~Controls.281~>019 020 <~Controls.282~><~Game.2041~><~Controls.283~><~Game.2040~> 633F05
$Alexey'a<~Scribe.141~>360 <~Scribe.142~><~Game.2043~><~Scribe.143~><~Game.2035~><~Scribe.144~> 4E0008
$Alexey'a<~Scribe.141~>261 <~Scribe.142~><~Game.2002~><~Scribe.143~><~Game.2003~><~Scribe.144~> B97CA6
$Alexey'a<~Controls.644~>360 <~Controls.645~><~Game.2035~> 4CFAFE
$Stella_Rossa<~Scribe.141~>257 <~Scribe.142~><~Game.2002~><~Scribe.143~><~Game.2003~><~Scribe.144~> BFD345
$Alexey'a<~Controls.757~>103 100 099 101 <~Controls.758~><~Game.1997~><~Controls.759~><~Game.2043~> 158211
$Alexey'a<~Controls.762~>360 105 102 104 361 362 <~Controls.763~><~Game.2041~><~Controls.764~><~Game.2043~> 489E1B
$Alexey'a<~Controls.509~>168<~Controls.510~><~Game.2006~><~Controls.511~><~Controls.46~> null
$Alexey'a<~Controls.509~>184<~Controls.510~><~Game.2007~><~Controls.511~><~Controls.46~> null
$Stella_Rossa<~Controls.726~>210 <~Controls.727~><~Game.1997~><~Controls.728~><~Game.2042~> 2451AB
<~Game.7~>8 null
$Stella_Rossa<~Controls.731~>212 213 358 211 <~Controls.732~><~Game.2039~><~Controls.733~><~Game.2042~> 427C5C
$Stella_Rossa<~Controls.509~>123<~Controls.510~><~Game.2004~><~Controls.511~><~Controls.45~> null
$Stella_Rossa<~Controls.509~>129<~Controls.510~><~Game.2005~><~Controls.511~><~Controls.45~> null
<Stella_Rossa> fsp ok 42FFFD
$Alexey'a<~Controls.372~>360 E20C3C
$Alexey'a<~Controls.345~>105 102 104 361 362 103 100 099 101 <~Controls.346~>13 12 10 15 10 14 15 14 10 null
$Alexey'a<~Controls.350~>105 102 104 361 362 103 100 099 101 null
$Stella_Rossa<~Controls.345~>212 213 358 211 210 <~Controls.346~>1 4 2 1 4 null
$Stella_Rossa<~Scribe.141~>211 <~Scribe.142~><~Game.2042~><~Scribe.143~><~Game.2035~><~Scribe.144~> C70E95
$Stella_Rossa<~Controls.790~>247<~Controls.791~><~Game.528~><~Controls.792~><~Game.529~> 320BAA
$Stella_Rossa<~Controls.795~>211<~Controls.796~><~Game.2035~><~Controls.797~><~Game.1997~> 706D02
$Alexey'a<~Controls.624~>219<~Controls.625~><~Game.2044~><~Controls.626~><~Game.2037~> null
$Stella_Rossa<~Scribe.141~>242 <~Scribe.142~><~Game.1999~><~Scribe.143~><~Game.2037~><~Scribe.144~> 5658DD
$Stella_Rossa<~Scribe.141~>245 <~Scribe.142~><~Game.1998~><~Scribe.143~><~Game.2037~><~Scribe.144~> CC4FDD
$Stella_Rossa<~Scribe.141~>364 <~Scribe.142~><~Game.2038~><~Scribe.143~><~Game.1999~><~Scribe.144~> 37018B
$Stella_Rossa<~Controls.323~>247 70F0E7
$Stella_Rossa<~Controls.644~>219 242 245 <~Controls.645~><~Game.2035~> 842E1C
$Alexey'a<~Scribe.141~>103 <~Scribe.142~><~Game.2043~><~Scribe.143~><~Game.2035~><~Scribe.144~> 722B48
<Stella_Rossa> ww 456CE6
$Alexey'a<~CardBuffet.14~>reveal 184 C2B955C2FA04D659A7BC25A5BC15F7669EED4EFF 6<~CardBuffet.15~><~Controls.46~><~CardBuffet.16~> D7CB59
<Stella_Rossa> wwsat DE6C68
<Alexey'a> DA 8EDC77
$Stella_Rossa<~Scribe.141~>274 276 077 076 075 <~Scribe.142~><~Game.1920~><~Scribe.143~><~Game.1995~><~Scribe.144~> A4DC63
$Alexey'a<~Controls.452~>123<~Controls.453~><~Controls.45~><~Controls.454~><~Game.2039~> null
$Alexey'a<~Scribe.141~>055 057 049 048 047 046 045 043 042 041 <~Scribe.142~><~Game.1932~><~Scribe.143~><~Game.1920~><~Scribe.144~> 9E96AF
$Alexey'a<~Controls.644~>103 184 <~Controls.645~><~Game.2035~> E78A0A
$Stella_Rossa<~Scribe.141~>212 <~Scribe.142~><~Game.2042~><~Scribe.143~><~Game.2035~><~Scribe.144~> F7EA5D
$Stella_Rossa<~Controls.281~>212 <~Controls.282~><~Game.2035~><~Controls.283~><~Game.2042~> F3B35D
$Stella_Rossa<~Scribe.141~>191 <~Scribe.142~><~Game.2029~><~Scribe.143~><~Game.2036~><~Scribe.144~> A5B10D
$Stella_Rossa<~Controls.644~>191 <~Controls.645~><~Game.2035~> 509A9C
$Stella_Rossa<~Scribe.141~>212 <~Scribe.142~><~Game.2042~><~Scribe.143~><~Game.2035~><~Scribe.144~> 86F806
$Stella_Rossa<~Controls.323~>247 900725
$Stella_Rossa<~Controls.644~>212 <~Controls.645~><~Game.2035~> E4BFB9
$Alexey'a<~Scribe.141~>362 <~Scribe.142~><~Game.2043~><~Scribe.143~><~Game.2035~><~Scribe.144~> 3B702D
$Alexey'a<~Controls.323~>255 BAF889
$Alexey'a<~Scribe.141~>032 031 030 <~Scribe.142~><~Game.1977~><~Scribe.143~><~Game.1969~><~Scribe.144~> 3E20FE
$Alexey'a<~Scribe.141~>026 <~Scribe.142~><~Game.1965~><~Scribe.143~><~Game.1973~><~Scribe.144~> D6456A
$Alexey'a<~Controls.644~>362 <~Controls.645~><~Game.2035~> 436848
<Stella_Rossa> pass 5705BE
$Alexey'a<~Scribe.141~>102 <~Scribe.142~><~Game.2043~><~Scribe.143~><~Game.2035~><~Scribe.144~> E51934
$Alexey'a<~Controls.281~>102 <~Controls.282~><~Game.2035~><~Controls.283~><~Game.2043~> 0D1899
$Alexey'a<~Scribe.141~>105 <~Scribe.142~><~Game.2043~><~Scribe.143~><~Game.2035~><~Scribe.144~> 6B42AD
$Alexey'a<~Scribe.141~>253 038 040 039 037 <~Scribe.142~><~Game.1965~><~Scribe.143~><~Game.1920~><~Scribe.144~> BC65A6
$Alexey'a<~Scribe.141~>255 <~Scribe.142~><~Game.1969~><~Scribe.143~><~Game.1955~><~Scribe.144~> 45907C
$Alexey'a<~Scribe.141~>255 <~Scribe.142~><~Game.1955~><~Scribe.143~><~Game.1943~><~Scribe.144~> CC1CAB
$Alexey'a<~Controls.644~>105 <~Controls.645~><~Game.2035~> BC7875
$Stella_Rossa<~Scribe.141~>358 <~Scribe.142~><~Game.2042~><~Scribe.143~><~Game.2035~><~Scribe.144~> 621A65
$Stella_Rossa<~Controls.509~>149<~Controls.510~><~Game.2004~><~Controls.511~><~Controls.45~> null
$Stella_Rossa<~Controls.644~>358 <~Controls.645~><~Game.2035~> 0CC1F5
$Alexey'a<~Scribe.141~>099 <~Scribe.142~><~Game.2043~><~Scribe.143~><~Game.2035~><~Scribe.144~> 8D5544
$Alexey'a<~Scribe.141~>reveal 169 EE21B50439FA0379A9F2082842BF313B19B1135F 16 <~Scribe.142~><~Controls.46~><~Scribe.143~><~Game.2032~><~Scribe.144~> 4E513E
<Alexey'a> DAA 2C152B
$Alexey'a<~Controls.840~>186 035BEF
<auto><~Controls.866~>reveal 186 3EA65599EB9D8794B25E2750F7BD25F2AE8BD09B 1<~Controls.867~><~Controls.46~><~Controls.868~><~Game.2036~> BA0455
<game> Alexey'a<~Controls.1~> 3 6 3 5 4 null
<game> Alexey'a<~Controls.1~> 3 4 2 null
<Alexey'a> 2 42249D
<game> Stella_Rossa<~Controls.1~> 3 1 3 1 4 null
<Alexey'a> +1 9D4238
$Stella_Rossa<~Controls.281~>276 <~Controls.282~><~Game.1995~><~Controls.283~><~Game.2039~> C5361A
$Stella_Rossa<~Controls.304~>274 <~Controls.305~><~Game.1995~> 52F0C9
$Stella_Rossa<~Controls.313~>282 <~Controls.307~><~Controls.314~><~Game.1995~> BE1BC0
$Alexey'a<~Scribe.141~>169 <~Scribe.142~><~Game.2032~><~Scribe.143~><~Game.2033~><~Scribe.144~> CCC740
$Alexey'a<~Controls.509~>180<~Controls.510~><~Game.2007~><~Controls.511~><~Controls.46~> null
$Alexey'a<~Controls.662~>186 <~Controls.663~><~Game.2035~> 67F85C
$Alexey'a<~Controls.840~>180 6F8FF9
$Stella_Rossa<~Controls.840~>134 FD8422
<auto> playchosen 802995
<auto><~Controls.3~>reveal 134 3EE9E547FCB3585D9AE41F7183EE8706FBB00924 23<~Controls.884~><~Controls.45~><~Controls.885~><~Game.2037~> B43118
<auto><~Controls.866~>reveal 180 DCE81353354E18035EA324CC8ED9CA1169ED5110 18<~Controls.867~><~Controls.46~><~Controls.868~><~Game.2036~> 8DA4BB
<auto> playchosen B6AD89
<game> Alexey'a<~Controls.1~> 2 3 1 2 3 null
<game> Alexey'a<~Controls.1~> 5 1 4 2 2 null
<Alexey'a> 0 DDD247
<game> Stella_Rossa<~Controls.1~> 5 6 6 4 null
<Stella_Rossa> 3 A6F004
<Stella_Rossa> 4 14D0C9
$Alexey'a<~Scribe.141~>057 055 <~Scribe.142~><~Game.1920~><~Scribe.143~><~Game.2036~><~Scribe.144~> F9A5DB
<Alexey'a> +1 F43AA5
$Stella_Rossa<~Scribe.141~>075 <~Scribe.142~><~Game.1995~><~Scribe.143~><~Game.2037~><~Scribe.144~> 3D4C98
$Alexey'a<~Scribe.141~>169 <~Scribe.142~><~Game.2033~><~Scribe.143~><~Game.2034~><~Scribe.144~> 2F5B0F
$Alexey'a<~Controls.662~>180 057 055 134 075 <~Controls.663~><~Game.2035~> 94D6DA
<Alexey'a> nc 7B8AF4
$Stella_Rossa<~Scribe.141~>reveal 129 C8F579121D9DB1C7666F1FB14EB6EE337992CD0D 13 <~Scribe.142~><~Controls.45~><~Scribe.143~><~Game.2037~><~Scribe.144~> 1877FF
<game> Alexey'a<~Controls.1~> 6 4 2 4 3 null
<game> Alexey'a<~Controls.1~> 6 3 3 6 null
<Alexey'a> 3 35C5F4
<game> Stella_Rossa<~Controls.1~> 6 1 4 null
<Stella_Rossa> 2 1BC86C
$Stella_Rossa<~Scribe.141~>282 077 076 <~Scribe.142~><~Game.1995~><~Scribe.143~><~Game.2036~><~Scribe.144~> A2732B
$Alexey'a<~Scribe.141~>042 041 <~Scribe.142~><~Game.1920~><~Scribe.143~><~Game.2036~><~Scribe.144~> FBACD6
$Alexey'a<~Scribe.141~>169 <~Scribe.142~><~Game.2034~><~Scribe.143~><~Game.2036~><~Scribe.144~> 8B6645
$Alexey'a<~Controls.644~>099 169 042 041 282 077 076 129 <~Controls.645~><~Game.2035~> E961BA
$Stella_Rossa<~Scribe.141~>210 <~Scribe.142~><~Game.2042~><~Scribe.143~><~Game.2035~><~Scribe.144~> A1117F
$Alexey'a<~Scribe.141~>412 <~Scribe.142~><~Game.2040~><~Scribe.143~><~Game.1920~><~Scribe.144~> DB9590
$Stella_Rossa<~Scribe.141~>272 <~Scribe.142~><~Game.2038~><~Scribe.143~><~Game.1944~><~Scribe.144~> B7110A
$Stella_Rossa<~Scribe.141~>278 <~Scribe.142~><~Game.2038~><~Scribe.143~><~Game.1924~><~Scribe.144~> 2AF453
$Stella_Rossa<~Controls.644~>210 <~Controls.645~><~Game.2035~> D8E73D
$Alexey'a<~Scribe.141~>423 <~Scribe.142~><~Game.32~><~Scribe.143~><~Game.388~><~Scribe.144~> 77CF11
$Alexey'a<~Scribe.141~>102 <~Scribe.142~><~Game.2043~><~Scribe.143~><~Game.2035~><~Scribe.144~> 8D34E5
$Alexey'a<~Scribe.141~>334 335 336 032 031 030 340 <~Scribe.142~><~Game.1969~><~Scribe.143~><~Game.1964~><~Scribe.144~> 80C9FC
$Alexey'a<~Scribe.141~>044 <~Scribe.142~><~Game.1946~><~Scribe.143~><~Game.1938~><~Scribe.144~> 539D9A
$Alexey'a<~Controls.644~>102 <~Controls.645~><~Game.2035~> 6D8CC9
<Stella_Rossa> pass 6A1EF7
$Alexey'a<~Scribe.141~>101 <~Scribe.142~><~Game.2043~><~Scribe.143~><~Game.2035~><~Scribe.144~> E94CC7
$Alexey'a<~Controls.304~>004 <~Controls.305~><~Game.1919~> 79D2E8
$Alexey'a<~Controls.313~>326 <~Controls.309~><~Controls.314~><~Game.1919~> 2AC25B
$Alexey'a<~Controls.304~>005 <~Controls.305~><~Game.1919~> 601DAB
$Alexey'a<~Controls.313~>325 <~Controls.309~><~Controls.314~><~Game.1919~> A2410A
$Alexey'a<~Controls.644~>101 <~Controls.645~><~Game.2035~> 5B7AC3
$Stella_Rossa<~Scribe.141~>213 <~Scribe.142~><~Game.2042~><~Scribe.143~><~Game.2035~><~Scribe.144~> 5D0F02
$Stella_Rossa<~Scribe.141~>279 <~Scribe.142~><~Game.2038~><~Scribe.143~><~Game.1931~><~Scribe.144~> 955FE2
$Stella_Rossa<~Scribe.141~>271 <~Scribe.142~><~Game.2038~><~Scribe.143~><~Game.1944~><~Scribe.144~> 53BE35
$Stella_Rossa<~Controls.644~>213 <~Controls.645~><~Game.2035~> AD0DA0
$Alexey'a<~Scribe.141~>104 <~Scribe.142~><~Game.2043~><~Scribe.143~><~Game.2035~><~Scribe.144~> 394230
$Alexey'a<~Controls.304~>002 <~Controls.305~><~Game.1919~> 10F2AA
$Alexey'a<~Controls.313~>324 <~Controls.309~><~Controls.314~><~Game.1919~> F40E56
$Alexey'a<~Controls.304~>003 <~Controls.305~><~Game.1919~> E7B1C2
$Alexey'a<~Controls.313~>323 <~Controls.309~><~Controls.314~><~Game.1919~> 189084
$Stella_Rossa<~Controls.726~>211 <~Controls.727~><~Game.1997~><~Controls.728~><~Game.2042~> 5D5E34
$Stella_Rossa<~Controls.731~>213 210 358 212 <~Controls.732~><~Game.2039~><~Controls.733~><~Game.2042~> 632162
$Alexey'a<~Controls.644~>104 <~Controls.645~><~Game.2035~> 083927
$Alexey'a<~Controls.757~>361 100 360 <~Controls.758~><~Game.1997~><~Controls.759~><~Game.2043~> 39BFFF
<~Game.7~>9 null
$Alexey'a<~Controls.762~>104 101 102 099 105 362 103 <~Controls.763~><~Game.2041~><~Controls.764~><~Game.2043~> 9B89E4
$Stella_Rossa<~Controls.509~>115<~Controls.510~><~Game.2004~><~Controls.511~><~Controls.45~> null
$Alexey'a<~Controls.509~>203<~Controls.510~><~Game.2006~><~Controls.511~><~Controls.46~> null
$Alexey'a<~Controls.509~>192<~Controls.510~><~Game.2007~><~Controls.511~><~Controls.46~> null
$Stella_Rossa<~Controls.509~>131<~Controls.510~><~Game.2005~><~Controls.511~><~Controls.45~> null
<Stella_Rossa> fsp ok 570C6B
<Alexey'a> 1e 214755
$Alexey'a<~Controls.372~>104 3291D8
$Alexey'a<~Controls.345~>101 102 099 105 362 103 361 100 360 <~Controls.346~>13 12 15 10 14 12 12 12 13 null
$Alexey'a<~Controls.350~>101 102 099 105 362 103 361 100 360 null
$Stella_Rossa<~Controls.345~>213 210 358 212 211 <~Controls.346~>4 1 1 2 3 null
$Stella_Rossa<~Scribe.141~>212 <~Scribe.142~><~Game.2042~><~Scribe.143~><~Game.2035~><~Scribe.144~> D8A489
$Stella_Rossa<~Scribe.141~>reveal 149 3D25F774104AE4A8F2E97F2271B13607E068A068 17 <~Scribe.142~><~Controls.45~><~Scribe.143~><~Game.2037~><~Scribe.144~> C6D265
$Stella_Rossa<~Controls.281~>234 <~Controls.282~><~Game.2046~><~Controls.283~><~Game.2044~> 4B394B
$Stella_Rossa<~Controls.644~>212 149 <~Controls.645~><~Game.2035~> EAEFEE
$Alexey'a<~Scribe.141~>103 <~Scribe.142~><~Game.2043~><~Scribe.143~><~Game.2035~><~Scribe.144~> C78748
<Alexey'a> ost 437C77
<Alexey'a> 7 3 0 403C7D
<Alexey'a> nc 3138B7
<Stella_Rossa> nc 59DCA8
<game> Alexey'a<~Controls.1~> 1 6 6 2 5 null
<Alexey'a> 2 8C3E1E
<game> Stella_Rossa<~Controls.1~> 4 1 4 null
<game> Stella_Rossa<~Controls.1~> 3 null
<Alexey'a> press 8C1891
$Stella_Rossa<~Controls.281~>079 080 <~Controls.282~><~Game.1943~><~Controls.283~><~Game.2039~> D511AB
$Stella_Rossa<~Scribe.141~>270 273 <~Scribe.142~><~Game.1943~><~Scribe.143~><~Game.1944~><~Scribe.144~> 24D060
$Alexey'a<~Scribe.141~>334 335 336 032 031 030 340 018 017 016 <~Scribe.142~><~Game.1964~><~Scribe.143~><~Game.1943~><~Scribe.144~> B86118
$Alexey'a<~Controls.644~>103 <~Controls.645~><~Game.2035~> B44AAA
$Stella_Rossa<~Scribe.141~>358 <~Scribe.142~><~Game.2042~><~Scribe.143~><~Game.2035~><~Scribe.144~> 44254E
$Stella_Rossa<~Controls.790~>247<~Controls.791~><~Game.529~><~Controls.792~><~Game.532~> 1730A7
$Stella_Rossa<~Controls.795~>358<~Controls.796~><~Game.2035~><~Controls.797~><~Game.1997~> A6AA71
$Alexey'a<~Controls.624~>221<~Controls.625~><~Game.2044~><~Controls.626~><~Game.2037~> null
$Stella_Rossa<~Scribe.141~>252 <~Scribe.142~><~Game.2022~><~Scribe.143~><~Game.2024~><~Scribe.144~> 237530
$Stella_Rossa<~Controls.323~>247 121135
$Stella_Rossa<~Controls.644~>221 <~Controls.645~><~Game.2035~> 8CF71C
$Alexey'a<~Scribe.141~>362 <~Scribe.142~><~Game.2043~><~Scribe.143~><~Game.2035~><~Scribe.144~> 099777
$Alexey'a<~CardBuffet.14~>reveal 168 0D683C8A2B39ADEF2E69617AC43ED0BB183C47EB 7<~CardBuffet.15~><~Controls.46~><~CardBuffet.16~> A3F3A1
$Stella_Rossa<~Scribe.141~>252 <~Scribe.142~><~Game.2024~><~Scribe.143~><~Game.2025~><~Scribe.144~> 387703
$Alexey'a<~Scribe.141~>252 <~Scribe.142~><~Game.2024~><~Scribe.143~><~Game.2025~><~Scribe.144~> DD56D6
$Alexey'a<~Controls.644~>362 168 <~Controls.645~><~Game.2035~> 7BE183
$Stella_Rossa<~Scribe.141~>210 <~Scribe.142~><~Game.2042~><~Scribe.143~><~Game.2035~><~Scribe.144~> EF72F8
$Stella_Rossa<~Controls.323~>247 4F89AF
$Stella_Rossa<~Controls.644~>210 <~Controls.645~><~Game.2035~> 3A4F7C
$Alexey'a<~Scribe.141~>361 <~Scribe.142~><~Game.2043~><~Scribe.143~><~Game.2035~><~Scribe.144~> 6A8505
<Alexey'a> lamedon 92ACA3
<Alexey'a> nc E88DF5
<Alexey'a> no 3501DC
<Stella_Rossa> nc 475D61
$Alexey'a<~Controls.840~>174 0BADA8
<auto><~Controls.866~>reveal 174 99F24F8828D5A4CE79BD23BB967B5BCCE965537C 6<~Controls.867~><~Controls.46~><~Controls.868~><~Game.2036~> 5B10CC
<game> Alexey'a<~Controls.1~> 5 3 1 6 1 null
<game> Alexey'a<~Controls.1~> 6 2 5 null
<game> Stella_Rossa<~Controls.1~> 2 null
$Stella_Rossa<~Scribe.141~>278 <~Scribe.142~><~Game.1924~><~Scribe.143~><~Game.2037~><~Scribe.144~> 58C83C
$Alexey'a<~Scribe.141~>253 038 040 039 037 049 048 047 046 045 043 <~Scribe.142~><~Game.1920~><~Scribe.143~><~Game.1924~><~Scribe.144~> FEEDC3
$Alexey'a<~Controls.509~>201<~Controls.510~><~Game.2006~><~Controls.511~><~Controls.46~> null
$Alexey'a<~Controls.644~>361 174 278 <~Controls.645~><~Game.2035~> B183D1
$Stella_Rossa<~Scribe.141~>211 <~Scribe.142~><~Game.2042~><~Scribe.143~><~Game.2035~><~Scribe.144~> 615A6A
$Stella_Rossa<~Scribe.141~>281 <~Scribe.142~><~Game.2038~><~Scribe.143~><~Game.1931~><~Scribe.144~> 5A9CEA
$Stella_Rossa<~Scribe.141~>280 <~Scribe.142~><~Game.2038~><~Scribe.143~><~Game.1935~><~Scribe.144~> E57BBD
$Stella_Rossa<~Controls.644~>211 <~Controls.645~><~Game.2035~> 2D5E15
$Alexey'a<~Scribe.141~>100 <~Scribe.142~><~Game.2043~><~Scribe.143~><~Game.2035~><~Scribe.144~> 5DD568
<Alexey'a> pe 4832C0
<Alexey'a> 6 0 6 726D45
$Alexey'a<~Controls.840~>203 C51D9A
<Stella_Rossa> nc 6AE0AA
<auto><~Controls.866~>reveal 203 3FA17C95CBA81356A86DC35D7E5F47526B3808C4 14<~Controls.867~><~Controls.46~><~Controls.868~><~Game.2036~> 7C9F55
<game> Alexey'a<~Controls.1~> 1 1 5 1 3 null
<game> Alexey'a<~Controls.1~> 5 4 4 5 2 null
<Alexey'a> 2 13580E
<game> Stella_Rossa<~Controls.1~> 6 5 3 null
<Stella_Rossa> 2 30BF66
$Stella_Rossa<~Scribe.141~>279 281 <~Scribe.142~><~Game.1931~><~Scribe.143~><~Game.2037~><~Scribe.144~> 1DAD96
$Alexey'a<~Scribe.141~>045 043 <~Scribe.142~><~Game.1924~><~Scribe.143~><~Game.2036~><~Scribe.144~> DF03DF
<Alexey'a> press F2D035
$Stella_Rossa<~Scribe.141~>423 <~Scribe.142~><~Game.388~><~Scribe.143~><~Game.389~><~Scribe.144~> B41946
$Alexey'a<~Controls.509~>173<~Controls.510~><~Game.2006~><~Controls.511~><~Controls.46~> null
$Stella_Rossa<~Scribe.141~>078 <~Scribe.142~><~Game.1931~><~Scribe.143~><~Game.1935~><~Scribe.144~> FBF353
$Alexey'a<~Scribe.141~>253 038 040 039 037 049 048 047 046 <~Scribe.142~><~Game.1924~><~Scribe.143~><~Game.1931~><~Scribe.144~> 98A3E3
$Alexey'a<~Controls.644~>100 203 045 043 279 281 <~Controls.645~><~Game.2035~> 648A3E
<Stella_Rossa> pass 24473C
$Stella_Rossa<~Scribe.141~>419 <~Scribe.142~><~Game.2040~><~Scribe.143~><~Game.1924~><~Scribe.144~> C2D1B3
$Alexey'a<~Scribe.141~>360 <~Scribe.142~><~Game.2043~><~Scribe.143~><~Game.2035~><~Scribe.144~> 013CCF
$Alexey'a<~CardBuffet.14~>reveal 201 C5FBF115CA56BC02D1920BD0305A3493ACEF8770 18<~CardBuffet.15~><~Controls.46~><~CardBuffet.16~> 6ADEC9
$Alexey'a<~Controls.624~>225<~Controls.625~><~Game.2044~><~Controls.626~><~Game.2037~> null
<Stella_Rossa> gg EDF0E5
<Alexey'a> gg 403FA4
<Stella_Rossa> bye BFF34A
<~Talker.22~> null
