<auto> silent null
<auto><~Scribe.141~>363 397 398 402 401 400 399 403 404 376 375 374 373 377 378 <~Scribe.142~><~Game.2038~><~Scribe.143~>Spare<~Scribe.144~> null
<auto><~Scribe.141~>365 366 379 380 381 382 383 384 385 386 387 388 389 390 391 392 393 394 395 396 367 368 369 370 371 372 <~Scribe.142~><~Game.2040~><~Scribe.143~>Spare<~Scribe.144~> null
<auto><~Scribe.141~>230 231 <~Scribe.142~><~Game.2044~><~Scribe.143~>Spare<~Scribe.144~> null
<auto><~Scribe.141~>155 152 <~Scribe.142~><~Game.2004~><~Scribe.143~>Spare<~Scribe.144~> null
<auto><~Scribe.141~>137 151 <~Scribe.142~><~Game.2005~><~Scribe.143~>Spare<~Scribe.144~> null
<auto><~Scribe.141~>161 198 <~Scribe.142~><~Game.2006~><~Scribe.143~>Spare<~Scribe.144~> null
<auto><~Scribe.141~>163 188 <~Scribe.142~><~Game.2007~><~Scribe.143~>Spare<~Scribe.144~> null
<auto><~Controls.323~>364 null
<auto> noisy null
<auto> silent null
<auto><~Scribe.141~>312 <~Scribe.142~><~Game.2038~><~Scribe.143~><~Game.1965~><~Scribe.144~> null
<auto> noisy null
<~Game.7~>1 null
<auto> silent null
<auto><~Scribe.141~>363 397 398 402 401 400 399 403 404 376 375 374 373 377 378 <~Scribe.142~><~Game.2038~><~Scribe.143~>Spare<~Scribe.144~> null
<auto><~Scribe.141~>365 366 379 380 381 382 383 384 385 386 387 388 389 390 391 392 393 394 395 396 367 368 369 370 371 372 <~Scribe.142~><~Game.2040~><~Scribe.143~>Spare<~Scribe.144~> null
<auto><~Scribe.141~>230 231 <~Scribe.142~><~Game.2044~><~Scribe.143~>Spare<~Scribe.144~> null
<auto><~Scribe.141~>155 152 <~Scribe.142~><~Game.2004~><~Scribe.143~>Spare<~Scribe.144~> null
<auto><~Scribe.141~>137 151 <~Scribe.142~><~Game.2005~><~Scribe.143~>Spare<~Scribe.144~> null
<auto><~Scribe.141~>161 198 <~Scribe.142~><~Game.2006~><~Scribe.143~>Spare<~Scribe.144~> null
<auto><~Scribe.141~>163 188 <~Scribe.142~><~Game.2007~><~Scribe.143~>Spare<~Scribe.144~> null
<auto><~Controls.323~>364 null
<auto> noisy null
$base silent null
$TEST<~Scribe.141~>312 <~Scribe.142~><~Game.2038~><~Scribe.143~><~Game.1965~><~Scribe.144~> null
$base noisy null
<game> gus833<~Controls.408~>[WOTR-Gandalf2 wotr base2] null
<~Talker.31~> null
<woischi> hey 
<gus833> hey! 
<gus833> so, base ladder 
<woischi> y 
<gus833> do you want to roll and bid? 
<woischi> y 
<gus833> bidding muster points? or tokens/rings? 
<woischi> tokens / rings 
<gus833> sure 
<game> gus833<~Controls.1~> 1 null
<game> woischi<~Controls.1~> 2 null
<woischi> 1 ring for sp 
<gus833> 1 token 
<woischi> taken 
<gus833> glhf! 
$woischi<~Controls.281~>426 <~Controls.282~><~Game.2038~><~Controls.283~><~Game.2042~> 
<woischi> u2! 
$gus833<~Controls.479~>88A558C1288A2D37E2F9708708451C9E3CE44630 FE2D08D6C068D18E17C15B180FFBA355 24 518BF62B3B971E14FF3C1DBD46250687522BCFDB B49B398C857FA7C592C7619B40008EE5 18D2A6AA596FF447BE3588A80BC7563983299E25 B6928455A0FD8ABAD59C5AFA008ABDC6 15070F4D2270B6315FF1406EFAD87E8DA8B30B8B EA7724DAE2E3B697993EC5B51E8081BD 6A9B0B55312E976FEAA0CA944B7246841D89FC21 472766A5D0E495851FF9886014D7612A 2F5FC81C89DEC4AC50B9F9D59732B865673CCB8E 53F0C7B9DB80EFBA5421712258293A93 CBB93AD8FE92BD7BC16FF754BDDA43F102BDF010 E6567E08D4314E522FCDA706F1115403 4D3212BE878CC1079A12572B5918995A8594915F 339C7DE29E59D8C35E2E79E94C1C3492 49D6FE65B04DB038AC732A05E350A466F9E8590D 0854A46C24E83C3020731F914F5DA528 B124290E12791E48C93506062ECF22650548A22B 548AA3678DECEF1D7451F19EAE09BD7F 2AA11697B1935898F4A34E732C178E6F89F241CE EA3C056BAE8502A573A04B7F7E9D5047 4CCAC81C69F835F3412B4F8FA71A6792386A8894 842D7A41C0E5A4BAFAA330E10769EE25 FE5F6A5438760755FD40CA8448AECA21F2F49F43 0950A4DF525D18C38BEE1D01DD9611B5 E2D9EF7A4197BF3875C7B6FDB53DCA32FBC09632 1259237680A1C26274FD43CF31FF47E6 83016D6FBEA0C14E79D580A514B722DF4DFF5163 AA30FD2765C172C431F358AE645C9122 B55242D6BE684675D070EF5319A977C3F4D13900 554DD4BFCD7EFBF60E14F2D7DCB4A489 DD405854254975A2705E03127E7331A88A7C62F4 533BFA642FFE4D5610E9E5E31B0E42A4 16132DF832C4F0A79BB8CC8BB061A4C6DC844787 25D48C5DD9017B17152DF32B0DBD83A0 CCF67127E1261D06944CBDF565F4E23A283734F0 50EAB0B06D24B0623AE806DAA0E7835A 397C6AFBA61E6A8CFF6AEFA709E49D10CEEBB505 606DE5538BC6A9FD7C5D3E109A0BE06B BCC715DCA33F081D7F1FE736AA0FF3AEB0EE09AF 2F4A9614CFA3696BA1AE675CA69EEDBA 04B45887BA2789AFCA8472CDDA645CEB32E65E01 678BC6C3FE428DCE585A8E47AF1B1054 D1C9F85997360A31DE8C5A4D00EEF7EFB4B593CF 447E1D317BB59E799FF84E6B7011D21D 39A2791BFE45CA3F96CCD508DB5926B89F28B9E8 9EDF1A25FF596D4F64D97FCC4B066868 7E99586D8EF79FF9FEB87E41B4ABE866725FA5A2 2655F2F38896233C6F6972F35A455DBC 24 D355BD0408D5E087FA9B1214E1BF60C2922B638E EFB6CE2392BDA9B17E81EB1FC4E8973F 0D118CF5E9B52AE9011E9086C864E1426381D16B 30ED416E8492352EB1032F3851B5E2BC AAA58BA7F35F5C1A57750C9963E77B1884D51D83 4766AE956D21E91D286B5D813F9B00D6 7FD8BFF72FDF1588014B825A916F3468B3A9B56C 0169C3D8EFDD5A87EA31288255F03644 994D25A120FE5C9E31E97AE4C1E21130D770AAB1 18C7F57F7B3D0CC20831CC8139B778B4 9C6BBACBF80FCE56C51EA177C437B5691D2EB543 FCB37217BE407344015F8F22FE872EC4 170086D375FAD0B0F4B3DC8953BC711974448C6E D6C3A26B5AA08E686890F18201EE3BBF 0DB0F5FF846200C0E8D1524343E61E28BE0584FF C9562F9BD99043D1C41E96E1F44E9CE8 23A69AECF2AC37A8672E51EAD7AE721D5127BB4D 7AF4DC57DE513F0BB699E6DF3BAFFE89 737915517F035D1AFA7519FFCACE3BB1D42CCF3C D25BB1539CFC05B961E6CC7C76E76895 83470A18A56C56B365B8FAD2F354685EFD67F70B 024B04728C457B660571E5AD5E1F60F3 A84B9C21C2821F2568ABC3166933008AB4470405 C74386805A25C94BED5470F0D4A19D61 E7B159C2C9BD520704152108FB45B83F1E27EA6F EFCF385B1F9D534D8B9E523E375E3417 B388B4386868A162937C460AFFEBFFA6C1898E85 1B0A0894D509A855E00BE7E4F5AA7CDC 0B58E934CB47B27BEF0BBDF892253D9931C67489 C56E6D2B07BB496221EF6FCD641D615C 5B36115EE12164B1A9BF97097F5187CFC2CFE9CB 84398007C8C024DC9717F2BFD28A00B3 BE827976DDF0B7FCC727FF759EC66621E80D50B2 8ED25792E5248BE3C6E45A13DA864680 0A3B4FE6B52903319DB75714C9F56F5B72C4EC38 7E10E9F35D033055D1E75187F9F25C7D 0313C632FA584DC74F7B9C8123C4A462A2780028 5852CF6E1136D76C1CB738BF6073EE06 ECEC82267CCE63C69EB5D4047D0FE505F1684AF1 C9B5FE7EB787A7F233D8E1F80BDD5A95 76F216152E05498FFA4402504DC9CEF6A928BC64 B2ED6CF514A278ECEAE3B13E11F17B64 7CED0859B040976F08E481C277E173FBABD93A13 E77C92B06A2B556CC4486CFA3EF9A9D7 57F0F58A4E53DE413409EE9DA802BCFE8DBCD3FF 33597E072EC7FC8B984F1F96DE199589 E601D452430566BB42811F61ED029199DD58EEEE 9F3A5210FEEDB8297146B9C9DB6C819B 0 0 419D43
$gus833<~Controls.509~>173<~Controls.510~><~Game.2006~><~Controls.511~><~Controls.46~> null
$gus833<~Controls.509~>186<~Controls.510~><~Game.2007~><~Controls.511~><~Controls.46~> null
$woischi<~Controls.464~>9A6F4FF64128B0B286C851BD82EE4D81FCE26AD0 10993C2B86E3BD6402968D0EB56D76FA 24 B8A2A7B2F2977800866D269744E81908BEDA46E8 8CA6D8CD1026699957A43B62FC3EA0C2 DF6E98BBF2B16382E60C3B5668F8447E54A028E6 E05CDD3590942341906FB0F260F601A1 3EC6C34B309787B57FF68A9F72D5634E60DEA98E B05169D2B3842EAF535249B125F4FB2A E7A923CA2A4CC4C5FE4D80D0636F10542A489B1C BAA8A610FA953B09B8E1C58BB42017E1 562DFFCE8D20B53DE7D5962DD67D7040D10B55DE 1AF529F8ABB3E5BC2CFA7E8DAF413A63 DC4AB4255F5D40F0E647F158A1292D74E6E550A5 C96A871608C263F6983607B5460C379E 88305D560DD06785E1F64132842AD6EDF702C2FA 66244B60C36A9CC1C13539E6C888655E 66922C91232F43CE26C6AE460E9FEC5BA46B698B 3881095DB0BC45A5F1511AB27D9B599F 7383DADC8149611893BE465DF45217114A3203CA 73DF082CBC9232CBD7AE3E8BB2C62745 09F782A624F1E5EEF2B60180DFC0A086093FF266 BA36566F1DF69A84ABC1C5C0147A6B95 CBB21EF387E4D90BE9EAD9667DEEB236BEEF6E52 E5562A78CAEF4BFC95B7D40141839246 C0C8DB1C0363DCBD8F9A86FD6B2725C25FB9242C 03CF9DB12D7D7EB64F5EE6999C7316A8 148332C884362B773C76DA89B86A00C1450CE4D2 A2C0050A179CDC8D08739E51600F86A7 F353CD4B0C4C20096D731EFFC3B0A645A71CC3C6 4D233450F4A136DA8B7B4852F719CE09 03EB1F703C7F4B76FB3E7EB976F82340203B518D 563C7A343F52DA76A08D08628C135267 4F94EAE493846FB388213A92C4CE6DE65D589124 D44EF4F53768A047B2A846BEDEBB5A79 2E37649C41E3863E6E02A74C73D9CAC34FBBF4DA EFC79117D387DC6BB1854317576E6949 35C8B400C8DF376F297DB673796B73B3BDD4EAD9 5A6BBDA5F2C9A680390150355DAB5C64 CFE89692248E818235D2143545E593C66D1DCE83 2144BD41D657B597F4830E7CE7624375 B5B049E08D1F5A4260714D5D9B0D9A903A04354B A45D1AFBD3C96F003B0DB85452D48193 1625D96754BE2AD346345A59995CE7B8B9783A40 E288DCE5433D4DC503C4D4EB7417C426 0D8DDACB3E716B3AFC415A069EAA91BAC5496C59 FAB166C6BC55291BF631722BF1A267E6 5EDF955B3F811B523E08D66B33D9B7F0922251FE EF89844D849D4BB2E08CDF5ECD63C61A 07E060C205B22532C8BCD3BE5FF216039B97587C AB88027145F99F544CB29A0A423A63AA 24 7AFAD9035B97567F58AC911858E55FA26FFA133C 468B35EBFC2256E96EB99EB0D4EFA07C 2C5BC9A78F04966058C1510E241D6AFCB5893E2D 879267D63760096F433FEF10A1FAA984 C94C8897C21BE30D78E83E3F9D16AE48F0D78EBC AA6573747FE7F0D1F7D049F6FDA1C01A B6DEAC721EFAE29B412AF8748DB84F8ACD94CF76 631D314712A9AC76861899693E5894BD 58A366EB17468F4962309BDDD580C90477819A64 23DBF1B7D56E499BA4AF5BC2D35DB291 9BEFDC794D76CF239A541CBB8AC48B254766B46C 9930693B8887523AE1BCEA209B01F5F7 3069F7EC4C3C0777A817FAA779DBF62BF05208E2 7BFB46783B71764608BFAA7F741236EE 2B6FA25ECBCE67ABB0E303A10BB7764E66F1FE47 85B9ACD10037A7F3C82AF3631156BE04 6CB225DECDBB3612D3CFFD7CE9BFC8D459F0D9F9 C198D56FE175F65B96BE1FE510193500 7A3AA2CFEBFC885B1F3CAED2D3A37067F7ADBC42 09C8F898143DF85DD1B008FA4B2C7090 F78C60A21D017B29C26303A5B574CA6FFA923E23 CACBE1C66C3D77C7261C4DE16DE3B539 965F3305F9C6972CDE07047CE5297D0B2279F48A 0ADB324B13FCF71C354EADC9C8E807DD BAEDAC305DA81381592EF0039D27728155DA45AF AB8801B176FC2FEC74DC684366FA267E 9386BB9C59734830452A1C35A2375A8C66056766 F03CBE0E8015712053A36E445DE46C98 73207642E87030C18830B4B7EA692265E2553307 40435B9B09665843A1136BD5674C9BB7 C7EE87AE1781019CD2E52188C0D251CE420B9418 2A70B08D909C13A52E72A3A7B1229324 D3F912FAA59D4C044D69AD013AECA8949404A066 A9A36451288686BDB0ED5291F3CBD160 4E8B14FE1D997831C819148985249C47210FED14 A8AB76B1B018C68DEAAE281AC058CE53 AB72661F495273FD4415B1AEAEBD5DCDA5ACD2E7 C74A13C2476CFDAE0A47D4191F5E2274 0C9EA4010A3A7C81CC418C431B66305F497A3B4D 5F67FE19FE572414522080D159430FB1 E20BA146C770D6CAE47AA610D7548BD27735755C C3A6B19BCEA53646FBD4EFA41419AA58 F19A378162E9177FB6CE896EF1103E679135E4AD C9F8B277CB11163A5590F292A04D05E9 017FC4DFEC03BEDBF40C742230E53017D5E6E0A0 88D7C9C89988306B32DE371590D25078 7768AABD3C5B6CB2E0903ADE6DCDA9EC16431CD1 623FE2C71F59A7F9858C97178C875ECE 0 0 E25ABA
$woischi<~Controls.509~>149<~Controls.510~><~Game.2004~><~Controls.511~><~Controls.45~> null
$woischi<~Controls.509~>121<~Controls.510~><~Game.2005~><~Controls.511~><~Controls.45~> null
<woischi> fp ok 37053D
$gus833<~Controls.372~>105 D32A8B
$gus833<~Controls.345~>104 103 102 101 100 099 <~Controls.346~>11 15 10 13 12 13 null
$gus833<~Controls.350~>104 103 102 101 100 099 null
$woischi<~Controls.345~>213 212 211 210 <~Controls.346~>3 0 4 4 null
<woischi> pass DCF499
$gus833<~HighlightLabel.81~>102<~HighlightLabel.82~><~Game.2043~><~HighlightLabel.83~><~Game.2035~> F39E15
$gus833<~HighlightLabel.101~>263<~HighlightLabel.102~><~Game.2002~><~HighlightLabel.103~><~Game.2003~> 7853FE
$gus833<~Controls.644~>102 <~Controls.645~><~Game.2035~> 34E555
$woischi<~HighlightLabel.86~>212<~HighlightLabel.87~><~Game.2042~><~HighlightLabel.88~><~Game.2035~> 9FA4AE
$woischi<~Controls.790~>248<~Controls.791~><~Game.2014~><~Controls.792~><~Game.2015~> D69497
$woischi<~Controls.795~>212<~Controls.796~><~Game.2035~><~Controls.797~><~Game.1997~> A77521
<game> gus833<~Controls.1~> 5 5 null
$gus833<~HighlightLabel.81~>104<~HighlightLabel.82~><~Game.2043~><~HighlightLabel.83~><~Game.2035~> 51DE7B
$gus833<~Scribe.141~>254 <~Scribe.142~><~Game.2040~><~Scribe.143~><~Game.1919~><~Scribe.144~> 400E25
$gus833<~Scribe.141~>362 <~Scribe.142~><~Game.2040~><~Scribe.143~><~Game.2037~><~Scribe.144~> C18783
$gus833<~Controls.644~>104 362 <~Controls.645~><~Game.2035~> FE6E26
$woischi<~HighlightLabel.86~>213<~HighlightLabel.87~><~Game.2042~><~HighlightLabel.88~><~Game.2035~> 8FAD0C
$woischi<~Scribe.141~>256 <~Scribe.142~><~Game.2000~><~Scribe.143~><~Game.2001~><~Scribe.144~> 3D7807
$woischi<~Controls.644~>213 <~Controls.645~><~Game.2035~> 98C7BC
$gus833<~HighlightLabel.81~>100<~HighlightLabel.82~><~Game.2043~><~HighlightLabel.83~><~Game.2035~> B737BB
$gus833<~Scribe.141~>039 036 029 028 027 026 <~Scribe.142~><~Game.1979~><~Scribe.143~><~Game.533~><~Scribe.144~> D1482A
$gus833<~Scribe.141~>055 049 048 047 <~Scribe.142~><~Game.1968~><~Scribe.143~><~Game.1946~><~Scribe.144~> D9FD65
$gus833<~Controls.644~>100 <~Controls.645~><~Game.2035~> 2B93AF
$woischi<~HighlightLabel.86~>211<~HighlightLabel.87~><~Game.2042~><~HighlightLabel.88~><~Game.2035~> 3B275D
$woischi<~Scribe.141~>260 <~Scribe.142~><~Game.2001~><~Scribe.143~><~Game.2002~><~Scribe.144~> 1B7DE0
$woischi<~Controls.644~>211 <~Controls.645~><~Game.2035~> CC9841
$gus833<~HighlightLabel.81~>099<~HighlightLabel.82~><~Game.2043~><~HighlightLabel.83~><~Game.2035~> 598BED
$gus833<~Scribe.141~>039 036 029 028 027 026 <~Scribe.142~><~Game.533~><~Scribe.143~><~Game.1974~><~Scribe.144~> 802BD4
$gus833<~Controls.644~>099 <~Controls.645~><~Game.2035~> B5720C
$woischi<~HighlightLabel.86~>210<~HighlightLabel.87~><~Game.2042~><~HighlightLabel.88~><~Game.2035~> 3FE6DC
$woischi<~Scribe.141~>256 <~Scribe.142~><~Game.2001~><~Scribe.143~><~Game.2002~><~Scribe.144~> A80276
$woischi<~Controls.644~>210 <~Controls.645~><~Game.2035~> 9C2333
$gus833<~Controls.276~>101<~Controls.277~><~Game.2043~><~Controls.278~><~Game.2035~> B5CB7F
$gus833<~Scribe.141~>039 038 036 029 028 027 026 025 024 023 022 021 <~Scribe.142~><~Game.1974~><~Scribe.143~><~Game.1976~><~Scribe.144~> 8151AE
$gus833<~Controls.644~>101 <~Controls.645~><~Game.2035~> 6D8A46
<woischi> pass 36503B
$gus833<~Controls.757~>103 105 <~Controls.758~><~Game.1997~><~Controls.759~><~Game.2043~> 8D7C83
$gus833<~Controls.762~>101 099 100 104 362 102 <~Controls.763~><~Game.2041~><~Controls.764~><~Game.2043~> 8BACDE
$gus833<~Controls.509~>200<~Controls.510~><~Game.2006~><~Controls.511~><~Controls.46~> null
$gus833<~Controls.509~>187<~Controls.510~><~Game.2007~><~Controls.511~><~Controls.46~> null
$woischi<~Controls.726~>212 <~Controls.727~><~Game.1997~><~Controls.728~><~Game.2042~> A61411
<~Game.7~>2 null
$woischi<~Controls.731~>210 211 213 <~Controls.732~><~Game.2039~><~Controls.733~><~Game.2042~> 087777
$woischi<~Controls.509~>125<~Controls.510~><~Game.2004~><~Controls.511~><~Controls.45~> null
$woischi<~Controls.509~>106<~Controls.510~><~Game.2005~><~Controls.511~><~Controls.45~> null
<woischi> fp ok 0576B9
$gus833<~Controls.372~>101 81B590
$gus833<~Controls.345~>099 100 104 362 102 103 105 <~Controls.346~>15 14 15 13 10 13 15 null
$gus833<~Controls.350~>099 100 104 362 102 103 105 null
$woischi<~Controls.345~>210 211 213 212 <~Controls.346~>1 2 2 1 null
$woischi<~HighlightLabel.86~>213<~HighlightLabel.87~><~Game.2042~><~HighlightLabel.88~><~Game.2035~> ADD696
$woischi<~Controls.509~>110<~Controls.510~><~Game.2005~><~Controls.511~><~Controls.45~> null
$woischi<~Controls.644~>213 <~Controls.645~><~Game.2035~> F67C16
$gus833<~HighlightLabel.81~>362<~HighlightLabel.82~><~Game.2043~><~HighlightLabel.83~><~Game.2035~> E6B8EF
$gus833<~HighlightLabel.81~>362<~HighlightLabel.82~><~Game.2043~><~HighlightLabel.83~><~Game.2035~> E9B257
$gus833<~Scribe.141~>039 038 036 029 028 027 026 025 024 023 022 021 <~Scribe.142~><~Game.1976~><~Scribe.143~><~Game.1972~><~Scribe.144~> B999EE
$gus833<~Controls.644~>362 <~Controls.645~><~Game.2035~> 2F994A
$woischi<~HighlightLabel.86~>211<~HighlightLabel.87~><~Game.2042~><~HighlightLabel.88~><~Game.2035~> 844923
$woischi<~CardBuffet.9~>reveal 121 E630A07B1F8A1FE9DA8DE06C3697058424F2C3CB 15<~CardBuffet.10~><~Controls.45~><~CardBuffet.11~> 3C0C8C
$woischi<~Scribe.141~>296 302 <~Scribe.142~><~Game.2038~><~Scribe.143~><~Game.1941~><~Scribe.144~> 46B4D5
$woischi<~Controls.509~>111<~Controls.510~><~Game.2005~><~Controls.511~><~Controls.45~> null
$woischi<~Controls.644~>211 121 <~Controls.645~><~Game.2035~> 07D1A4
$gus833<~HighlightLabel.81~>103<~HighlightLabel.82~><~Game.2043~><~HighlightLabel.83~><~Game.2035~> D08161
$gus833<~Scribe.141~>039 038 036 029 028 027 026 025 024 023 022 021 <~Scribe.142~><~Game.1972~><~Scribe.143~><~Game.1975~><~Scribe.144~> 4154C1
$gus833<~Controls.644~>103 <~Controls.645~><~Game.2035~> D065CD
$woischi<~HighlightLabel.86~>212<~HighlightLabel.87~><~Game.2042~><~HighlightLabel.88~><~Game.2035~> 418C61
$woischi<~Controls.790~>248<~Controls.791~><~Game.2015~><~Controls.792~><~Game.2016~> C084FB
$woischi<~Controls.795~>212<~Controls.796~><~Game.2035~><~Controls.797~><~Game.1997~> 4ECCFD
<game> gus833<~Controls.1~> 2 2 1 4 null
$gus833<~HighlightLabel.81~>102<~HighlightLabel.82~><~Game.2043~><~HighlightLabel.83~><~Game.2035~> 34B1DB
$gus833<~HighlightLabel.101~>262<~HighlightLabel.102~><~Game.2002~><~HighlightLabel.103~><~Game.2003~> F4F0BD
$gus833<~Controls.644~>102 <~Controls.645~><~Game.2035~> 44F4FC
$woischi<~HighlightLabel.86~>210<~HighlightLabel.87~><~Game.2042~><~HighlightLabel.88~><~Game.2035~> 86F7B6
$woischi<~Controls.790~>248<~Controls.791~><~Game.2016~><~Controls.792~><~Game.2017~> B2FBF4
$woischi<~Controls.795~>210<~Controls.796~><~Game.2035~><~Controls.797~><~Game.1997~> D3069B
<game> gus833<~Controls.1~> 2 4 6 5 null
$gus833<~Controls.624~>229<~Controls.625~><~Game.2044~><~Controls.626~><~Game.2037~> null
$woischi<~Scribe.141~>240 <~Scribe.142~><~Game.1999~><~Scribe.143~><~Game.2035~><~Scribe.144~> 1E51BE
$woischi<~Scribe.141~>241 <~Scribe.142~><~Game.1998~><~Scribe.143~><~Game.1999~><~Scribe.144~> 59C331
$woischi<~Controls.644~>240 229 <~Controls.645~><~Game.2035~> 49B256
$gus833<~Controls.276~>100<~Controls.277~><~Game.2043~><~Controls.278~><~Game.2035~> 7C78F5
$gus833<~Controls.509~>197<~Controls.510~><~Game.2007~><~Controls.511~><~Controls.46~> null
$gus833<~Controls.644~>100 <~Controls.645~><~Game.2035~> 96FB8E
$woischi<~Scribe.141~>426 <~Scribe.142~><~Game.2042~><~Scribe.143~><~Game.2035~><~Scribe.144~> EF3C67
$woischi<~Scribe.141~>256 <~Scribe.142~><~Game.2002~><~Scribe.143~><~Game.2003~><~Scribe.144~> 7E403B
$woischi<~Controls.644~>426 <~Controls.645~><~Game.2035~> 27D727
$gus833<~Controls.757~>099 104 105 101 <~Controls.758~><~Game.1997~><~Controls.759~><~Game.2043~> 68CB85
$gus833<~Controls.762~>100 102 103 362 <~Controls.763~><~Game.2041~><~Controls.764~><~Game.2043~> EDA15C
$gus833<~Controls.509~>203<~Controls.510~><~Game.2006~><~Controls.511~><~Controls.46~> null
$gus833<~Controls.509~>192<~Controls.510~><~Game.2007~><~Controls.511~><~Controls.46~> null
$woischi<~Controls.726~>210 212 <~Controls.727~><~Game.1997~><~Controls.728~><~Game.2042~> 8895AA
<~Game.7~>3 null
$woischi<~Controls.731~>211 213 <~Controls.732~><~Game.2039~><~Controls.733~><~Game.2042~> 3CD915
$gus833<~Controls.296~>203 <~Controls.297~><~Controls.46~> 803E10
$woischi<~Controls.509~>135<~Controls.510~><~Game.2004~><~Controls.511~><~Controls.45~> null
$woischi<~Controls.509~>147<~Controls.510~><~Game.2005~><~Controls.511~><~Controls.45~> null
$woischi<~Controls.296~>149 <~Controls.297~><~Controls.45~> CA66D3
<woischi> fp ok 54FB68
$gus833<~Controls.372~>100 483DC9
$gus833<~Controls.345~>102 103 362 099 104 105 101 <~Controls.346~>11 12 13 10 10 12 15 null
$gus833<~Controls.350~>102 103 362 099 104 105 101 null
$woischi<~Controls.345~>211 213 210 212 <~Controls.346~>3 4 2 1 null
<woischi> pass A4AAB9
$gus833<~HighlightLabel.81~>099<~HighlightLabel.82~><~Game.2043~><~HighlightLabel.83~><~Game.2035~> 5BDE01
$gus833<~Scribe.141~>253 <~Scribe.142~><~Game.2040~><~Scribe.143~><~Game.1975~><~Scribe.144~> 516904
$gus833<~Scribe.141~>361 <~Scribe.142~><~Game.2040~><~Scribe.143~><~Game.2037~><~Scribe.144~> 925C37
$gus833<~Controls.644~>099 361 <~Controls.645~><~Game.2035~> 611C04
$woischi<~Controls.323~>260 5BFE02
$woischi<~Controls.323~>259 258 257 4ED766
<woischi> pass 8ADE6F
$gus833<~HighlightLabel.81~>105<~HighlightLabel.82~><~Game.2043~><~HighlightLabel.83~><~Game.2035~> 230EA0
$gus833<~Scribe.141~>253 039 038 036 029 028 027 026 025 024 023 022 021 <~Scribe.142~><~Game.1975~><~Scribe.143~><~Game.1966~><~Scribe.144~> 731788
$gus833<~Scribe.141~>040 035 015 014 013 012 011 <~Scribe.142~><~Game.1956~><~Scribe.143~><~Game.1949~><~Scribe.144~> 605141
$gus833<~Controls.644~>105 <~Controls.645~><~Game.2035~> 0AB61F
$woischi<~HighlightLabel.86~>213<~HighlightLabel.87~><~Game.2042~><~HighlightLabel.88~><~Game.2035~> 726987
$woischi<~Scribe.141~>296 302 065 <~Scribe.142~><~Game.1941~><~Scribe.143~><~Game.1957~><~Scribe.144~> 08C3E8
$woischi<~Scribe.141~>059 <~Scribe.142~><~Game.1973~><~Scribe.143~><~Game.1965~><~Scribe.144~> BE2E90
$woischi<~Controls.644~>213 <~Controls.645~><~Game.2035~> 7E802B
$gus833<~HighlightLabel.81~>362<~HighlightLabel.82~><~Game.2043~><~HighlightLabel.83~><~Game.2035~> 45D571
<gus833> OFR 41878A
$gus833<~Controls.840~>187 9D6CF4
$woischi<~Controls.840~>110 6DECD9
<auto> playchosen 8AAFBF
<auto><~Controls.3~>reveal 110 39B85BF5AC33F482D2D5AC1ED84E47398329BF17 4<~Controls.884~><~Controls.45~><~Controls.885~><~Game.2037~> 057C78
<auto><~Controls.866~>reveal 187 445DE9755BDD6F6226231B7C6B00721988DAB82C 2<~Controls.867~><~Controls.46~><~Controls.868~><~Game.2036~> 1271F8
<auto> playchosen F081E4
<game> gus833<~Controls.1~> 2 4 4 4 1 null
<game> gus833<~Controls.1~> 5 2 3 1 null
<gus833> 1 2B4553
<game> woischi<~Controls.1~> 4 1 null
<game> woischi<~Controls.1~> 5 null
<woischi> 1 A5785A
$gus833<~Scribe.141~>021 <~Scribe.142~><~Game.1966~><~Scribe.143~><~Game.2036~><~Scribe.144~> A2EDE7
$woischi<~Controls.304~>302 <~Controls.305~><~Game.1957~> 18D8F6
$woischi<~Controls.313~>308 <~Controls.307~><~Controls.314~><~Game.1957~> FD29C5
<gus833> stop 1F02E4
$gus833<~Controls.509~>172<~Controls.510~><~Game.2007~><~Controls.511~><~Controls.46~> null
$gus833<~Controls.644~>362 187 021 110 <~Controls.645~><~Game.2035~> 2C0423
$gus833<~HighlightLabel.91~>258<~HighlightLabel.92~><~Game.2000~><~HighlightLabel.93~><~Game.2001~> A349C2
$woischi<~HighlightLabel.86~>211<~HighlightLabel.87~><~Game.2042~><~HighlightLabel.88~><~Game.2035~> 2C79BE
$woischi<~Scribe.141~>267 <~Scribe.142~><~Game.2038~><~Scribe.143~><~Game.1954~><~Scribe.144~> F5EB7C
$woischi<~Controls.644~>211 <~Controls.645~><~Game.2035~> 8F4641
$gus833<~HighlightLabel.81~>103<~HighlightLabel.82~><~Game.2043~><~HighlightLabel.83~><~Game.2035~> CEEFF3
<gus833> OFR nc 2269DF
$woischi<~Scribe.141~>reveal 106 B1BBB3D45C8CC37751E5D6EAEC3FE5A8CDF0F989 1 <~Scribe.142~><~Controls.45~><~Scribe.143~><~Game.2037~><~Scribe.144~> 4AD0FE
<game> gus833<~Controls.1~> 6 4 4 1 1 null
<game> gus833<~Controls.1~> 6 4 null
<gus833> 2 12FEA4
<game> woischi<~Controls.1~> 5 3 null
<game> woischi<~Controls.1~> 5 null
<woischi> 2+2 DBE6CE
$gus833<~Scribe.141~>027 028 022 029 <~Scribe.142~><~Game.1966~><~Scribe.143~><~Game.2036~><~Scribe.144~> 6C421A
$woischi<~Controls.296~>296 308 065 <~Controls.297~><~Game.1957~> 8F8128
$gus833<~HighlightLabel.96~>258<~HighlightLabel.97~><~Game.2001~><~HighlightLabel.98~><~Game.2002~> A5F325
$gus833<~Scribe.141~>253 039 038 036 026 025 024 023 <~Scribe.142~><~Game.1966~><~Scribe.143~><~Game.1957~><~Scribe.144~> 37195A
$gus833<~Controls.644~>103 027 028 022 029 106 <~Controls.645~><~Game.2035~> DD0F14
$woischi<~Scribe.141~>210 <~Scribe.142~><~Game.2042~><~Scribe.143~><~Game.2035~><~Scribe.144~> DFCE01
$woischi<~Scribe.141~>251 <~Scribe.142~><~Game.2010~><~Scribe.143~><~Game.2037~><~Scribe.144~> 62C834
$woischi<~Scribe.141~>266 <~Scribe.142~><~Game.2038~><~Scribe.143~><~Game.1954~><~Scribe.144~> A0E25B
$woischi<~Controls.644~>210 251 <~Controls.645~><~Game.2035~> 371FAF
$gus833<~Scribe.141~>251 <~Scribe.142~><~Game.2041~><~Scribe.143~><~Game.2011~><~Scribe.144~> 13472C
$gus833<~HighlightLabel.81~>102<~HighlightLabel.82~><~Game.2043~><~HighlightLabel.83~><~Game.2035~> 97BF69
$gus833<~Scribe.141~>040 035 015 014 013 012 011 <~Scribe.142~><~Game.1949~><~Scribe.143~><~Game.1927~><~Scribe.144~> 6F8FE3
$gus833<~Scribe.141~>008 007 <~Scribe.142~><~Game.1917~><~Scribe.143~><~Game.1927~><~Scribe.144~> 49FE27
$gus833<~Controls.644~>102 <~Controls.645~><~Game.2035~> 3764AB
$woischi<~HighlightLabel.86~>212<~HighlightLabel.87~><~Game.2042~><~HighlightLabel.88~><~Game.2035~> 272544
$woischi<~Controls.790~>248<~Controls.791~><~Game.2017~><~Controls.792~><~Game.2018~> AA50D8
$woischi<~Controls.795~>212<~Controls.796~><~Game.2035~><~Controls.797~><~Game.1997~> 20185D
<game> gus833<~Controls.1~> 2 2 null
$gus833<~Controls.276~>104<~Controls.277~><~Game.2043~><~Controls.278~><~Game.2035~> B28ED0
$gus833<~Scribe.141~>251 <~Scribe.142~><~Game.2011~><~Scribe.143~><~Game.2037~><~Scribe.144~> C06F24
<gus833> lorien 9D66B8
$woischi<~Scribe.141~>097 093 092 087 <~Scribe.142~><~Game.1928~><~Scribe.143~><~Game.1992~><~Scribe.144~> 4C8ABC
$gus833<~Scribe.141~>040 035 008 007 015 014 013 012 011 <~Scribe.142~><~Game.1927~><~Scribe.143~><~Game.1928~><~Scribe.144~> 4AD868
$gus833<~Controls.644~>104 251 <~Controls.645~><~Game.2035~> D194B2
$gus833<~Controls.757~>101 100 <~Controls.758~><~Game.1997~><~Controls.759~><~Game.2043~> D64763
$gus833<~Controls.762~>104 102 103 362 105 099 361 <~Controls.763~><~Game.2041~><~Controls.764~><~Game.2043~> 65EE55
$gus833<~Controls.509~>168<~Controls.510~><~Game.2006~><~Controls.511~><~Controls.46~> null
$gus833<~Controls.509~>171<~Controls.510~><~Game.2007~><~Controls.511~><~Controls.46~> null
$woischi<~Controls.726~>212 <~Controls.727~><~Game.1997~><~Controls.728~><~Game.2042~> 4E5411
<~Game.7~>4 null
$woischi<~Controls.731~>210 211 213 <~Controls.732~><~Game.2039~><~Controls.733~><~Game.2042~> 806852
$woischi<~Controls.509~>126<~Controls.510~><~Game.2004~><~Controls.511~><~Controls.45~> null
$woischi<~Controls.509~>131<~Controls.510~><~Game.2005~><~Controls.511~><~Controls.45~> null
$woischi<~Scribe.141~>247 <~Scribe.142~><~Game.1911~><~Scribe.143~><~Game.1927~><~Scribe.144~> CC811E
$gus833<~Controls.296~>186 <~Controls.297~><~Controls.46~> B1485B
$woischi<~Scribe.141~>248 <~Scribe.142~><~Game.2018~><~Scribe.143~><~Game.2014~><~Scribe.144~> 61ED82
$gus833<~Controls.296~>192 <~Controls.297~><~Controls.46~> 8DC473
<woischi> fp ok AC69D7
$gus833<~Controls.372~>104 03E8C5
$gus833<~Controls.345~>102 103 362 105 099 361 101 100 <~Controls.346~>14 10 11 15 14 10 13 14 null
$gus833<~Controls.350~>102 103 362 105 099 361 101 100 null
$woischi<~Controls.345~>210 211 213 212 <~Controls.346~>4 1 4 1 null
$woischi<~HighlightLabel.86~>213<~HighlightLabel.87~><~Game.2042~><~HighlightLabel.88~><~Game.2035~> 16DADC
$woischi<~Scribe.141~>264 <~Scribe.142~><~Game.2038~><~Scribe.143~><~Game.1954~><~Scribe.144~> 3252F0
$woischi<~Controls.644~>213 <~Controls.645~><~Game.2035~> 164FDC
$gus833<~HighlightLabel.81~>362<~HighlightLabel.82~><~Game.2043~><~HighlightLabel.83~><~Game.2035~> D71910
$gus833<~Scribe.141~>040 011 <~Scribe.142~><~Game.1928~><~Scribe.143~><~Game.1927~><~Scribe.144~> 2F5B40
$gus833<~Scribe.141~>056 052 051 050 <~Scribe.142~><~Game.1986~><~Scribe.143~><~Game.1984~><~Scribe.144~> 566E0C
$gus833<~Controls.644~>362 <~Controls.645~><~Game.2035~> 2724E4
$woischi<~HighlightLabel.86~>211<~HighlightLabel.87~><~Game.2042~><~HighlightLabel.88~><~Game.2035~> 7AEE0F
$woischi<~Controls.790~>248<~Controls.791~><~Game.2014~><~Controls.792~><~Game.2015~> F19398
$woischi<~Controls.795~>211<~Controls.796~><~Game.2035~><~Controls.797~><~Game.1997~> C5D2E9
<game> gus833<~Controls.1~> 6 2 null
<game> gus833<~Controls.1~> 2 null
$gus833<~Controls.624~>224<~Controls.625~><~Game.2044~><~Controls.626~><~Game.2037~> null
$woischi<~Scribe.141~>252 <~Scribe.142~><~Game.2014~><~Scribe.143~><~Game.2015~><~Scribe.144~> 7A9D05
$woischi<~Controls.644~>224 <~Controls.645~><~Game.2035~> CC75C9
$gus833<~HighlightLabel.81~>361<~HighlightLabel.82~><~Game.2043~><~HighlightLabel.83~><~Game.2035~> 96EEBB
$gus833<~HighlightLabel.81~>361<~HighlightLabel.82~><~Game.2043~><~HighlightLabel.83~><~Game.2035~> CFA9FB
$gus833<~Scribe.141~>319 <~Scribe.142~><~Game.2040~><~Scribe.143~><~Game.1917~><~Scribe.144~> 2FFB66
$gus833<~Scribe.141~>318 <~Scribe.142~><~Game.2040~><~Scribe.143~><~Game.1969~><~Scribe.144~> FAF2B8
$gus833<~Controls.644~>361 <~Controls.645~><~Game.2035~> 5A263B
<woischi> pass 21E48E
$gus833<~HighlightLabel.81~>099<~HighlightLabel.82~><~Game.2043~><~HighlightLabel.83~><~Game.2035~> C789E6
$gus833<~CardBuffet.14~>reveal 200 3605FB84B5678D4FD81ED63CF24E9DEBC2CE9182 22<~CardBuffet.15~><~Controls.46~><~CardBuffet.16~> 1BCFCB
<game> gus833<~Controls.1~> 4 2 4 null
$gus833<~Scribe.141~>252 <~Scribe.142~><~Game.2015~><~Scribe.143~><~Game.2017~><~Scribe.144~> FF95F2
$gus833<~Controls.644~>099 200 <~Controls.645~><~Game.2035~> F33818
<woischi> pass CDDDE2
$gus833<~HighlightLabel.81~>103<~HighlightLabel.82~><~Game.2043~><~HighlightLabel.83~><~Game.2035~> D8BFF8
$gus833<~Scribe.141~>261 <~Scribe.142~><~Game.2001~><~Scribe.143~><~Game.2002~><~Scribe.144~> 202A28
$gus833<~Controls.644~>103 <~Controls.645~><~Game.2035~> 71584C
$woischi<~HighlightLabel.86~>212<~HighlightLabel.87~><~Game.2042~><~HighlightLabel.88~><~Game.2035~> C2A0E3
$woischi<~Controls.790~>248<~Controls.791~><~Game.2015~><~Controls.792~><~Game.2016~> 013CAD
$woischi<~Controls.795~>212<~Controls.796~><~Game.2035~><~Controls.797~><~Game.1997~> B74A2C
<game> gus833<~Controls.1~> 6 1 null
<game> gus833<~Controls.1~> 6 null
$gus833<~Controls.624~>215<~Controls.625~><~Game.2044~><~Controls.626~><~Game.2037~> null
$woischi<~Scribe.141~>247 <~Scribe.142~><~Game.1927~><~Scribe.143~><~Game.1951~><~Scribe.144~> B5CBF1
$woischi<~Controls.323~>247 071E71
$woischi<~Controls.644~>215 <~Controls.645~><~Game.2035~> E8FCE3
$gus833<~HighlightLabel.81~>100<~HighlightLabel.82~><~Game.2043~><~HighlightLabel.83~><~Game.2035~> 28CC5F
$gus833<~CardBuffet.14~>reveal 171 B1499583D7F9607393D4D62D52926323644EDC4A 23<~CardBuffet.15~><~Controls.46~><~CardBuffet.16~> F6EB50
$gus833<~Scribe.141~>325 326 <~Scribe.142~><~Game.2040~><~Scribe.143~><~Game.1919~><~Scribe.144~> 6DD696
$gus833<~Scribe.141~>328 330 <~Scribe.142~><~Game.2040~><~Scribe.143~><~Game.1914~><~Scribe.144~> 2526F5
$gus833<~Scribe.141~>327 331 <~Scribe.142~><~Game.2040~><~Scribe.143~><~Game.1910~><~Scribe.144~> A36D16
$gus833<~Controls.644~>100 171 <~Controls.645~><~Game.2035~> BDE730
$woischi<~HighlightLabel.86~>210<~HighlightLabel.87~><~Game.2042~><~HighlightLabel.88~><~Game.2035~> 6D18C9
$woischi<~Scribe.141~>073 072 <~Scribe.142~><~Game.1929~><~Scribe.143~><~Game.1925~><~Scribe.144~> 74398A
$woischi<~Scribe.141~>067 <~Scribe.142~><~Game.1899~><~Scribe.143~><~Game.1901~><~Scribe.144~> 71A17D
$woischi<~Controls.644~>210 <~Controls.645~><~Game.2035~> B10A14
$gus833<~HighlightLabel.81~>102<~HighlightLabel.82~><~Game.2043~><~HighlightLabel.83~><~Game.2035~> C739CD
$gus833<~CardBuffet.14~>reveal 172 A33A65C02B0921D55610791D847FD803EFA1EA99 21<~CardBuffet.15~><~Controls.46~><~CardBuffet.16~> 6B10B8
$gus833<~Scribe.141~>324 <~Scribe.142~><~Game.2040~><~Scribe.143~><~Game.1928~><~Scribe.144~> BA7A44
$gus833<~Controls.644~>102 172 <~Controls.645~><~Game.2035~> E984C7
$gus833<~Controls.276~>101<~Controls.277~><~Game.2043~><~Controls.278~><~Game.2035~> 3044A9
$gus833<~Scribe.141~>319 <~Scribe.142~><~Game.1917~><~Scribe.143~><~Game.1951~><~Scribe.144~> ED8E87
$gus833<~Scribe.141~>253 038 039 <~Scribe.142~><~Game.1957~><~Scribe.143~><~Game.1928~><~Scribe.144~> 5F8E81
$gus833<~Scribe.141~>040 <~Scribe.142~><~Game.1927~><~Scribe.143~><~Game.1928~><~Scribe.144~> 4D8939
$gus833<~Scribe.141~>037 <~Scribe.142~><~Game.1969~><~Scribe.143~><~Game.1928~><~Scribe.144~> 5CD344
$gus833<~Scribe.141~>318 <~Scribe.142~><~Game.1969~><~Scribe.143~><~Game.1984~><~Scribe.144~> B9AB71
$gus833<~Controls.644~>101 <~Controls.645~><~Game.2035~> E780EA
$gus833<~Controls.757~>105 104 <~Controls.758~><~Game.1997~><~Controls.759~><~Game.2043~> F43685
$gus833<~Controls.762~>101 102 100 103 099 361 362 <~Controls.763~><~Game.2041~><~Controls.764~><~Game.2043~> FE459F
$gus833<~Controls.509~>162<~Controls.510~><~Game.2006~><~Controls.511~><~Controls.46~> null
$gus833<~Controls.509~>180<~Controls.510~><~Game.2007~><~Controls.511~><~Controls.46~> null
$woischi<~Controls.726~>212 211 <~Controls.727~><~Game.1997~><~Controls.728~><~Game.2042~> 2A706E
<~Game.7~>5 null
$woischi<~Controls.731~>210 213 <~Controls.732~><~Game.2039~><~Controls.733~><~Game.2042~> FF1A17
$woischi<~Controls.509~>132<~Controls.510~><~Game.2004~><~Controls.511~><~Controls.45~> null
$woischi<~Controls.509~>118<~Controls.510~><~Game.2005~><~Controls.511~><~Controls.45~> null
$woischi<~Controls.296~>111 <~Controls.297~><~Controls.45~> 326EE1
$woischi<~Controls.296~>125 <~Controls.297~><~Controls.45~> 6322A9
<woischi> fp ok 148825
$gus833<~Controls.372~>101 0373C2
$gus833<~Controls.345~>102 100 103 099 361 362 105 104 <~Controls.346~>13 13 10 13 14 12 11 10 null
$gus833<~Controls.350~>102 100 103 099 361 362 105 104 null
$woischi<~Controls.345~>210 213 212 211 <~Controls.346~>3 3 1 1 null
<woischi> pass 341C7E
$gus833<~HighlightLabel.81~>103<~HighlightLabel.82~><~Game.2043~><~HighlightLabel.83~><~Game.2035~> D77D7F
$gus833<~HighlightLabel.101~>261<~HighlightLabel.102~><~Game.2002~><~HighlightLabel.103~><~Game.2003~> 8B5D2B
$gus833<~Controls.644~>103 <~Controls.645~><~Game.2035~> 95B4D9
$woischi<~HighlightLabel.86~>213<~HighlightLabel.87~><~Game.2042~><~HighlightLabel.88~><~Game.2035~> C4F1EE
$woischi<~Controls.323~>247 7F3EBE
$woischi<~Controls.644~>213 <~Controls.645~><~Game.2035~> B79893
$gus833<~HighlightLabel.81~>102<~HighlightLabel.82~><~Game.2043~><~HighlightLabel.83~><~Game.2035~> 74939F
<gus833> lorien 3E1ED3
$gus833<~Controls.840~>197 EBB5B6
$woischi<~Controls.840~>147 970A30
<auto> playchosen 7B6B8A
<auto><~Controls.3~>reveal 147 D20A13B2B4BA6A659AD99F2D66DC4F74C58904B5 6<~Controls.884~><~Controls.45~><~Controls.885~><~Game.2037~> 7DE976
<auto><~Controls.866~>reveal 197 24D7AD69F96C9FF792433BB653490A550ED18AD8 16<~Controls.867~><~Controls.46~><~Controls.868~><~Game.2036~> EAC2D9
<auto> playchosen 01B9A9
<game> gus833<~Controls.1~> 2 6 5 null
<game> gus833<~Controls.1~> 6 null
<gus833> 3 C631C0
<game> woischi<~Controls.1~> 6 1 1 null
<game> woischi<~Controls.1~> 5 null
<woischi> 2 7BD670
$gus833<~Scribe.141~>013 012 <~Scribe.142~><~Game.1928~><~Scribe.143~><~Game.2036~><~Scribe.144~> D7017D
$woischi<~Controls.296~>093 <~Controls.297~><~Game.1992~> 41A322
$woischi<~Controls.304~>092 <~Controls.305~><~Game.1992~> 7B3896
$woischi<~Controls.313~>269 <~Controls.307~><~Controls.314~><~Game.1992~> 6D84C2
<gus833> press 30A5AF
$gus833<~Controls.304~>035 <~Controls.305~><~Game.1928~> 622195
$gus833<~Controls.313~>027 <~Controls.307~><~Controls.314~><~Game.1928~> C592D4
$gus833<~Controls.509~>195<~Controls.510~><~Game.2007~><~Controls.511~><~Controls.46~> null
$gus833<~Controls.662~>197 013 012 147 <~Controls.663~><~Game.2035~> A8E251
<gus833> nc 4CFE0D
<woischi> nc 5FB184
<game> gus833<~Controls.1~> 5 2 3 4 1 null
<game> gus833<~Controls.1~> 5 5 2 1 5 null
<game> woischi<~Controls.1~> 6 4 null
<game> woischi<~Controls.1~> 2 null
<woischi> 1 87F105
$gus833<~Scribe.141~>015 <~Scribe.142~><~Game.1928~><~Scribe.143~><~Game.2036~><~Scribe.144~> 4E0789
<gus833> stop 263231
$gus833<~Controls.644~>102 015 <~Controls.645~><~Game.2035~> D0529C
$woischi<~HighlightLabel.86~>211<~HighlightLabel.87~><~Game.2042~><~HighlightLabel.88~><~Game.2035~> 1CE25C
$woischi<~Controls.790~>248<~Controls.791~><~Game.2014~><~Controls.792~><~Game.2015~> 4503FA
$woischi<~Controls.795~>211<~Controls.796~><~Game.2035~><~Controls.797~><~Game.1997~> 17914D
<game> gus833<~Controls.1~> 4 null
<game> gus833<~Controls.1~> 4 null
$gus833<~HighlightLabel.81~>361<~HighlightLabel.82~><~Game.2043~><~HighlightLabel.83~><~Game.2035~> 7DD420
$gus833<~Controls.509~>202<~Controls.510~><~Game.2006~><~Controls.511~><~Controls.46~> null
$gus833<~Controls.644~>361 <~Controls.645~><~Game.2035~> BB4997
<woischi> pass C9BDDB
$gus833<~HighlightLabel.81~>099<~HighlightLabel.82~><~Game.2043~><~HighlightLabel.83~><~Game.2035~> 8C97BB
<gus833> lorien 5A4A83
$gus833<~Controls.840~>202 D6262B
$woischi<~Controls.840~>118 7F5EBF
<auto> playchosen DEB2C7
<auto><~Controls.3~>reveal 118 655F4AB07D30296395C22E575B7338ADAC15339B 13<~Controls.884~><~Controls.45~><~Controls.885~><~Game.2037~> 138970
<auto><~Controls.866~>reveal 202 5103BE87282FCE40BD6AAA51484C8E2BB86CBD73 4<~Controls.867~><~Controls.46~><~Controls.868~><~Game.2036~> 054CE9
<auto> playchosen AB33E1
<game> gus833<~Controls.1~> 2 1 4 1 4 null
<game> gus833<~Controls.1~> 1 3 3 1 4 null
<game> woischi<~Controls.1~> 1 4 null
<game> woischi<~Controls.1~> 5 null
<woischi> 1+1 1871B6
$gus833<~Scribe.141~>324 <~Scribe.142~><~Game.1928~><~Scribe.143~><~Game.2036~><~Scribe.144~> 8E83DD
<gus833> stop 03E8EE
$gus833<~Controls.509~>209<~Controls.510~><~Game.2006~><~Controls.511~><~Controls.46~> null
$gus833<~Controls.644~>099 202 324 118 <~Controls.645~><~Game.2035~> F4EC13
<woischi> pass 07120F
$gus833<~HighlightLabel.81~>362<~HighlightLabel.82~><~Game.2043~><~HighlightLabel.83~><~Game.2035~> DFA139
<gus833> lorien C1B322
$gus833<~Controls.840~>195 12F67F
<woischi> nc D8BDEB
<auto><~Controls.866~>reveal 195 959BA2E9D51D7807C1E246C1032D5DF3C81859D4 13<~Controls.867~><~Controls.46~><~Controls.868~><~Game.2036~> D2BC3A
<game> gus833<~Controls.1~> 3 5 1 2 null
<game> gus833<~Controls.1~> 4 4 4 null
<gus833> 1 08DD25
<game> woischi<~Controls.1~> 3 6 null
<game> woischi<~Controls.1~> 2 null
<woischi> 1 623DAB
$gus833<~Scribe.141~>027 <~Scribe.142~><~Game.1928~><~Scribe.143~><~Game.2036~><~Scribe.144~> EAA2A2
<woischi> damn those elves 011F08
$woischi<~Scribe.141~>269 <~Scribe.142~><~Game.1992~><~Scribe.143~><~Game.2037~><~Scribe.144~> 63CFA0
<gus833> stop B25155
$gus833<~Controls.509~>206<~Controls.510~><~Game.2007~><~Controls.511~><~Controls.46~> null
$gus833<~Controls.644~>362 195 027 269 <~Controls.645~><~Game.2035~> C18806
<woischi> pass 0E7774
$gus833<~HighlightLabel.81~>104<~HighlightLabel.82~><~Game.2043~><~HighlightLabel.83~><~Game.2035~> 135563
$gus833<~Scribe.141~>346 <~Scribe.142~><~Game.2040~><~Scribe.143~><~Game.1987~><~Scribe.144~> 6C24B9
$gus833<~Controls.644~>104 <~Controls.645~><~Game.2035~> 838935
<woischi> pass 58015E
<gus833> can't 7B94AA
$woischi<~HighlightLabel.86~>212<~HighlightLabel.87~><~Game.2042~><~HighlightLabel.88~><~Game.2035~> 443AAD
$woischi<~Controls.790~>248<~Controls.791~><~Game.2015~><~Controls.792~><~Game.2016~> 944BEA
$woischi<~Controls.795~>212<~Controls.796~><~Game.2035~><~Controls.797~><~Game.1997~> 094107
<game> gus833<~Controls.1~> 1 null
<game> gus833<~Controls.1~> 1 null
$gus833<~HighlightLabel.81~>105<~HighlightLabel.82~><~Game.2043~><~HighlightLabel.83~><~Game.2035~> 1D5A2D
<gus833> lorien nc AEA671
<woischi> nc 6FE160
<game> gus833<~Controls.1~> 6 5 5 null
<gus833> 1 D93E1E
<game> woischi<~Controls.1~> 2 null
<game> woischi<~Controls.1~> 4 null
<woischi> 0 28359F
$gus833<~Scribe.141~>423 <~Scribe.142~><~Game.27~><~Scribe.143~><~Game.29~><~Scribe.144~> 4203CA
$woischi<~Controls.296~>097 087 <~Controls.297~><~Game.1992~> AFC54D
$gus833<~Controls.644~>105 <~Controls.645~><~Game.2035~> 02E3B0
$woischi<~HighlightLabel.86~>210<~HighlightLabel.87~><~Game.2042~><~HighlightLabel.88~><~Game.2035~> 465596
$woischi<~Scribe.141~>258 <~Scribe.142~><~Game.2002~><~Scribe.143~><~Game.2003~><~Scribe.144~> 1C3B58
$woischi<~Controls.644~>210 <~Controls.645~><~Game.2035~> D5BE47
$gus833<~Controls.276~>100<~Controls.277~><~Game.2043~><~Controls.278~><~Game.2035~> FFAD5C
$gus833<~CardBuffet.14~>reveal 173 6B38DA1A6D43EF1EF4CF64C85531E1F3D20BAFC1 5<~CardBuffet.15~><~Controls.46~><~CardBuffet.16~> 7789EA
$gus833<~Scribe.141~>253 038 040 037 <~Scribe.142~><~Game.1928~><~Scribe.143~><~Game.1984~><~Scribe.144~> 65DEA9
$gus833<~Scribe.141~>039 <~Scribe.142~><~Game.1928~><~Scribe.143~><~Game.1957~><~Scribe.144~> 8B144B
<gus833> rolling 203FCD
<game> gus833<~Controls.1~> 4 null
$gus833<~Controls.624~>217<~Controls.625~><~Game.2044~><~Controls.626~><~Game.2037~> null
<woischi> random E4B22A
$gus833<~Controls.637~>243<~Controls.638~><~Game.1998~><~Controls.639~><~Game.2037~> null
$woischi<~Scribe.141~>247 <~Scribe.142~><~Game.1951~><~Scribe.143~><~Game.1967~><~Scribe.144~> 0EB85E
$woischi<~Controls.323~>247 06FFDB
$gus833<~Controls.644~>100 173 217 243 <~Controls.645~><~Game.2035~> 76896A
$woischi<~Controls.644~>100 173 217 243 <~Controls.645~><~Game.2035~> 2441A6
$gus833<~Controls.757~>101 <~Controls.758~><~Game.1997~><~Controls.759~><~Game.2043~> 008CED
$gus833<~Controls.762~>100 105 104 362 099 361 102 103 <~Controls.763~><~Game.2041~><~Controls.764~><~Game.2043~> DE6226
$gus833<~Controls.509~>191<~Controls.510~><~Game.2006~><~Controls.511~><~Controls.46~> null
$gus833<~Controls.509~>176<~Controls.510~><~Game.2007~><~Controls.511~><~Controls.46~> null
$woischi<~Controls.726~>212 211 <~Controls.727~><~Game.1997~><~Controls.728~><~Game.2042~> 4AED23
<~Game.7~>6 null
$woischi<~Controls.731~>210 213 <~Controls.732~><~Game.2039~><~Controls.733~><~Game.2042~> 6F48F5
$woischi<~Controls.509~>112<~Controls.510~><~Game.2004~><~Controls.511~><~Controls.45~> null
$woischi<~Controls.509~>134<~Controls.510~><~Game.2005~><~Controls.511~><~Controls.45~> null
$gus833<~Controls.296~>206 <~Controls.297~><~Controls.46~> 8364AE
<woischi> fp ok 98AF81
$gus833<~Controls.372~>100 349CEE
$gus833<~Controls.345~>105 104 362 099 361 102 103 101 <~Controls.346~>11 15 14 11 14 15 10 10 null
$gus833<~Controls.350~>105 104 362 099 361 102 103 101 null
$woischi<~Controls.345~>210 213 212 211 <~Controls.346~>1 2 1 2 null
$woischi<~HighlightLabel.86~>211<~HighlightLabel.87~><~Game.2042~><~HighlightLabel.88~><~Game.2035~> 855AEC
$woischi<~Controls.323~>247 412B0C
$woischi<~Controls.644~>211 <~Controls.645~><~Game.2035~> EC8079
$gus833<~HighlightLabel.81~>361<~HighlightLabel.82~><~Game.2043~><~HighlightLabel.83~><~Game.2035~> E08D08
$gus833<~CardBuffet.14~>reveal 176 60A3D9A9F523C3F92E93EB2C9B683CC2C5300259 18<~CardBuffet.15~><~Controls.46~><~CardBuffet.16~> 8B867A
$gus833<~Scribe.141~>355 356 <~Scribe.142~><~Game.2040~><~Scribe.143~><~Game.1987~><~Scribe.144~> 90A3A9
$gus833<~Scribe.141~>354 357 <~Scribe.142~><~Game.2040~><~Scribe.143~><~Game.1946~><~Scribe.144~> 538F49
$gus833<~Scribe.141~>352 353 <~Scribe.142~><~Game.2040~><~Scribe.143~><~Game.1932~><~Scribe.144~> 94BE53
$gus833<~Controls.644~>361 176 <~Controls.645~><~Game.2035~> 3EBA39
$woischi<~HighlightLabel.86~>213<~HighlightLabel.87~><~Game.2042~><~HighlightLabel.88~><~Game.2035~> 808EF8
$woischi<~CardBuffet.9~>reveal 135 CB1E2DFB086DFEF3E236F7A54C562CCBA8B262BB 15<~CardBuffet.10~><~Controls.45~><~CardBuffet.11~> 51F24E
$woischi<~Scribe.141~>135 <~Scribe.142~><~Game.2037~><~Scribe.143~><~Game.2029~><~Scribe.144~> 91D8F7
$woischi<~Controls.644~>213 <~Controls.645~><~Game.2035~> 1ED635
$gus833<~HighlightLabel.81~>103<~HighlightLabel.82~><~Game.2043~><~HighlightLabel.83~><~Game.2035~> D08DD6
$gus833<~Scribe.141~>324 <~Scribe.142~><~Game.2040~><~Scribe.143~><~Game.1919~><~Scribe.144~> D74C50
$gus833<~Controls.644~>103 <~Controls.645~><~Game.2035~> 8917ED
<woischi> pass F93C6F
$gus833<~HighlightLabel.81~>099<~HighlightLabel.82~><~Game.2043~><~HighlightLabel.83~><~Game.2035~> C74BBF
<gus833> fords nc 1BEFB1
$woischi<~Scribe.141~>reveal 131 37CE38E3E827AAA3640B32A0805321A53C63AF8C 3 <~Scribe.142~><~Controls.45~><~Scribe.143~><~Game.2037~><~Scribe.144~> 002BDE
$woischi<~Scribe.141~>074 070 069 <~Scribe.142~><~Game.1918~><~Scribe.143~><~Game.1923~><~Scribe.144~> D98473
$gus833<~Scribe.141~>324 325 326 006 005 004 003 002 <~Scribe.142~><~Game.1919~><~Scribe.143~><~Game.1918~><~Scribe.144~> A3232F
$gus833<~Controls.644~>099 131 <~Controls.645~><~Game.2035~> F5F721
$woischi<~Scribe.141~>212 <~Scribe.142~><~Game.2042~><~Scribe.143~><~Game.2035~><~Scribe.144~> 54456D
$woischi<~Scribe.141~>250 <~Scribe.142~><~Game.2009~><~Scribe.143~><~Game.2037~><~Scribe.144~> B2AA35
$woischi<~Scribe.141~>250 <~Scribe.142~><~Game.2037~><~Scribe.143~><~Game.2011~><~Scribe.144~> D4001B
$woischi<~Scribe.141~>250 <~Scribe.142~><~Game.2011~><~Scribe.143~><~Game.2009~><~Scribe.144~> 212289
$woischi<~Scribe.141~>250 <~Scribe.142~><~Game.2009~><~Scribe.143~><~Game.2037~><~Scribe.144~> 99DF1D
$woischi changes 212  to H 3E7305
$woischi<~Scribe.141~>073 072 <~Scribe.142~><~Game.1925~><~Scribe.143~><~Game.1923~><~Scribe.144~> DD14BE
$woischi<~Scribe.141~>068 066 <~Scribe.142~><~Game.1970~><~Scribe.143~><~Game.1965~><~Scribe.144~> 1C85AC
$woischi<~Controls.644~>212 250 <~Controls.645~><~Game.2035~> 146618
$gus833<~Scribe.141~>250 <~Scribe.142~><~Game.2041~><~Scribe.143~><~Game.2011~><~Scribe.144~> 6DEC5F
$woischi<~Controls.819~> 5F8078
$woischi<~Controls.819~> FD71B6
$woischi<~Scribe.141~>250 <~Scribe.142~><~Game.2037~><~Scribe.143~><~Game.2011~><~Scribe.144~> C4339D
$woischi<~Controls.644~>212 <~Controls.645~><~Game.2035~> C49134
$gus833<~HighlightLabel.91~>259<~HighlightLabel.92~><~Game.2000~><~HighlightLabel.93~><~Game.2001~> E33238
$gus833<~HighlightLabel.81~>105<~HighlightLabel.82~><~Game.2043~><~HighlightLabel.83~><~Game.2035~> 33FDA9
<gus833> HD 18A352
$woischi<~Scribe.141~>074 073 072 070 069 071 <~Scribe.142~><~Game.1923~><~Scribe.143~><~Game.1993~><~Scribe.144~> 36A1DC
$gus833<~Scribe.141~>324 325 326 006 005 004 003 002 <~Scribe.142~><~Game.1918~><~Scribe.143~><~Game.1923~><~Scribe.144~> 4B74A6
$woischi<~Scribe.141~>259 <~Scribe.142~><~Game.2001~><~Scribe.143~><~Game.2002~><~Scribe.144~> F5C643
$gus833<~Controls.644~>105 <~Controls.645~><~Game.2035~> 1F5A10
<woischi> pass 75601C
$gus833<~HighlightLabel.81~>101<~HighlightLabel.82~><~Game.2043~><~HighlightLabel.83~><~Game.2035~> 3FD916
$gus833<~Scribe.141~>323 <~Scribe.142~><~Game.2040~><~Scribe.143~><~Game.1919~><~Scribe.144~> F0BFE6
$gus833<~Controls.644~>101 <~Controls.645~><~Game.2035~> 01943C
$woischi<~Controls.271~>210<~Controls.272~><~Game.2042~><~Controls.273~><~Game.2035~> E6E95B
$woischi<~Controls.790~>248<~Controls.791~><~Game.2014~><~Controls.792~><~Game.2015~> 5F23A0
$woischi<~Controls.795~>210<~Controls.796~><~Game.2035~><~Controls.797~><~Game.1997~> DAFE5E
<game> gus833<~Controls.1~> 2 1 4 null
$gus833<~Controls.276~>362<~Controls.277~><~Game.2043~><~Controls.278~><~Game.2035~> 31F7B4
$gus833<~CardBuffet.14~>reveal 209 FC56F99AF19BDAAC3A65E603D28BB4455F5C11AB 3<~CardBuffet.15~><~Controls.46~><~CardBuffet.16~> EB6AA6
$gus833<~Scribe.141~>236 <~Scribe.142~><~Game.2046~><~Scribe.143~><~Game.2036~><~Scribe.144~> 620421
$gus833<~Controls.644~>362 209 236 <~Controls.645~><~Game.2035~> C43485
$gus833<~Controls.757~>104 102 100 <~Controls.758~><~Game.1997~><~Controls.759~><~Game.2043~> C9628C
$gus833<~Controls.762~>362 101 105 099 103 361 <~Controls.763~><~Game.2041~><~Controls.764~><~Game.2043~> 66F579
$gus833<~Controls.509~>160<~Controls.510~><~Game.2006~><~Controls.511~><~Controls.46~> null
$gus833<~Controls.509~>207<~Controls.510~><~Game.2007~><~Controls.511~><~Controls.46~> null
$woischi<~Controls.726~>210 <~Controls.727~><~Game.1997~><~Controls.728~><~Game.2042~> C125D9
<~Game.7~>7 null
$woischi<~Controls.731~>212 213 211 <~Controls.732~><~Game.2039~><~Controls.733~><~Game.2042~> 7A98EC
$woischi<~Controls.509~>127<~Controls.510~><~Game.2004~><~Controls.511~><~Controls.45~> null
$woischi<~Controls.509~>146<~Controls.510~><~Game.2005~><~Controls.511~><~Controls.45~> null
<woischi> fp ok B18B87
$gus833<~Controls.372~>362 D72BD1
$gus833<~Controls.345~>101 105 099 103 361 104 102 100 <~Controls.346~>11 15 12 12 14 14 11 15 null
$gus833<~Controls.350~>101 105 099 103 361 104 102 100 null
$woischi<~Controls.345~>212 213 211 210 <~Controls.346~>0 2 1 1 null
$woischi<~HighlightLabel.86~>212<~HighlightLabel.87~><~Game.2042~><~HighlightLabel.88~><~Game.2035~> 0AD7B1
$woischi<~Scribe.141~>240 <~Scribe.142~><~Game.2039~><~Scribe.143~><~Game.1921~><~Scribe.144~> 7D0FB8
$woischi<~Scribe.141~>359 <~Scribe.142~><~Game.2038~><~Scribe.143~><~Game.2037~><~Scribe.144~> FFCF1F
$woischi<~Controls.323~>240 933F73
$woischi<~Controls.644~>212 359 <~Controls.645~><~Game.2035~> AFB298
<gus833> thinking 2E1922
$gus833<~HighlightLabel.81~>103<~HighlightLabel.82~><~Game.2043~><~HighlightLabel.83~><~Game.2035~> 640B26
$gus833<~Scribe.141~>253 038 040 037 318 056 052 051 050 <~Scribe.142~><~Game.1984~><~Scribe.143~><~Game.1980~><~Scribe.144~> 289124
$gus833<~Scribe.141~>003 004 <~Scribe.142~><~Game.1923~><~Scribe.143~><~Game.1925~><~Scribe.144~> F3DEFD
$gus833<~HighlightLabel.101~>259<~HighlightLabel.102~><~Game.2002~><~HighlightLabel.103~><~Game.2003~> ECB80A
$gus833<~Controls.644~>103 <~Controls.645~><~Game.2035~> A22964
$woischi<~HighlightLabel.86~>211<~HighlightLabel.87~><~Game.2042~><~HighlightLabel.88~><~Game.2035~> 09FA0E
$woischi<~Controls.790~>248<~Controls.791~><~Game.2015~><~Controls.792~><~Game.2016~> 2FE196
$woischi<~Controls.795~>211<~Controls.796~><~Game.2035~><~Controls.797~><~Game.1997~> 375B5F
<game> gus833<~Controls.1~> 4 4 1 null
$gus833<~HighlightLabel.81~>099<~HighlightLabel.82~><~Game.2043~><~HighlightLabel.83~><~Game.2035~> B6E7AF
$gus833<~Scribe.141~>346 355 356 054 053 <~Scribe.142~><~Game.1987~><~Scribe.143~><~Game.1980~><~Scribe.144~> 9ED806
$gus833<~Scribe.141~>004 <~Scribe.142~><~Game.1925~><~Scribe.143~><~Game.1929~><~Scribe.144~> 733EF9
$gus833<~Scribe.141~>423 <~Scribe.142~><~Game.29~><~Scribe.143~><~Game.30~><~Scribe.144~> 474945
$gus833<~Controls.644~>099 <~Controls.645~><~Game.2035~> F2AF77
<woischi> pass 7589B2
$gus833<~HighlightLabel.81~>102<~HighlightLabel.82~><~Game.2043~><~HighlightLabel.83~><~Game.2035~> 764B06
$gus833<~Scribe.141~>253 038 040 037 318 346 056 355 356 054 053 052 051 050 <~Scribe.142~><~Game.1980~><~Scribe.143~><~Game.1970~><~Scribe.144~> 8878B8
$gus833<~Scribe.141~>004 <~Scribe.142~><~Game.1929~><~Scribe.143~><~Game.1933~><~Scribe.144~> 01B259
$gus833<~Scribe.141~>420 <~Scribe.142~><~Game.2040~><~Scribe.143~><~Game.1929~><~Scribe.144~> 3F118F
$gus833<~Scribe.141~>423 <~Scribe.142~><~Game.30~><~Scribe.143~><~Game.31~><~Scribe.144~> 575F1B
$gus833<~Controls.644~>102 <~Controls.645~><~Game.2035~> 6B2405
<woischi> pass F0CB22
$gus833<~HighlightLabel.81~>101<~HighlightLabel.82~><~Game.2043~><~HighlightLabel.83~><~Game.2035~> C79E8C
<gus833> WLR from dale 73E3E5
$woischi<~Scribe.141~>098 264 266 267 094 088 <~Scribe.142~><~Game.1954~><~Scribe.143~><~Game.1991~><~Scribe.144~> 03854F
$gus833<~Scribe.141~>253 038 040 037 318 346 056 355 356 054 053 052 050 <~Scribe.142~><~Game.1970~><~Scribe.143~><~Game.1954~><~Scribe.144~> 4EAA51
$gus833<~Controls.644~>101 <~Controls.645~><~Game.2035~> 99FFAB
$woischi<~HighlightLabel.86~>213<~HighlightLabel.87~><~Game.2042~><~HighlightLabel.88~><~Game.2035~> 391BD1
$woischi<~CardBuffet.9~>reveal 132 0F55FF614DA64F0C9643858AEA1B8AAEFC979117 4<~CardBuffet.10~><~Controls.45~><~CardBuffet.11~> 6AA3E2
<woischi> trying to kill saruman 6E71C2
<game> woischi<~Controls.1~> 1 4 4 null
<woischi> 2 628B97
$gus833<~Scribe.141~>254 323 <~Scribe.142~><~Game.1919~><~Scribe.143~><~Game.2036~><~Scribe.144~> 0941BE
$gus833<~Controls.281~>099 <~Controls.282~><~Game.2041~><~Controls.283~><~Game.2040~> 472730
$woischi<~Scribe.141~>132 <~Scribe.142~><~Game.2037~><~Scribe.143~><~Game.2034~><~Scribe.144~> E26FFF
$woischi<~CardBuffet.9~>reveal 127 DDBCE88DA321B4E049798599F3BBF814A41EF0E2 10<~CardBuffet.10~><~Controls.45~><~CardBuffet.11~> 1A1A8F
$woischi<~Scribe.141~>127 <~Scribe.142~><~Game.2037~><~Scribe.143~><~Game.2030~><~Scribe.144~> F910F6
$woischi<~Scribe.141~>132 <~Scribe.142~><~Game.2034~><~Scribe.143~><~Game.2037~><~Scribe.144~> 02FC91
$woischi<~Controls.644~>213 254 323 132 <~Controls.645~><~Game.2035~> 3E49EA
$gus833<~HighlightLabel.81~>104<~HighlightLabel.82~><~Game.2043~><~HighlightLabel.83~><~Game.2035~> B10807
$gus833<~CardBuffet.14~>reveal 191 73EAEAF00B201E37FE36A4B8A889D686A823B066 20<~CardBuffet.15~><~Controls.46~><~CardBuffet.16~> EB4A92
<gus833> WLR 54FFA2
<game> gus833<~Controls.1~> 3 4 1 3 6 null
<gus833> 1 7A886D
$woischi<~Controls.296~>088 <~Controls.297~><~Game.1991~> 0DFCE8
$gus833<~Controls.644~>104 191 <~Controls.645~><~Game.2035~> 053D65
$woischi<~HighlightLabel.86~>210<~HighlightLabel.87~><~Game.2042~><~HighlightLabel.88~><~Game.2035~> F9FF78
$woischi<~Scribe.141~>241 <~Scribe.142~><~Game.1999~><~Scribe.143~><~Game.1944~><~Scribe.144~> 302C0B
$woischi<~Scribe.141~>244 <~Scribe.142~><~Game.1998~><~Scribe.143~><~Game.1999~><~Scribe.144~> F9646E
$woischi<~Controls.644~>210 <~Controls.645~><~Game.2035~> D51DA3
$gus833<~Controls.276~>361<~Controls.277~><~Game.2043~><~Controls.278~><~Game.2035~> 2F118D
$gus833<~CardBuffet.14~>reveal 168 E77AB7DE233CDB5BDC5BBA6D308919580308B92E 21<~CardBuffet.15~><~Controls.46~><~CardBuffet.16~> A3DC6F
$gus833<~Scribe.141~>247 <~Scribe.142~><~Game.1967~><~Scribe.143~><~Game.1960~><~Scribe.144~> 384C05
$gus833<~Controls.644~>361 168 <~Controls.645~><~Game.2035~> 3632A8
$gus833<~Controls.757~>105 100 362 <~Controls.758~><~Game.1997~><~Controls.759~><~Game.2043~> D39285
$gus833<~Controls.762~>361 104 101 102 103 <~Controls.763~><~Game.2041~><~Controls.764~><~Game.2043~> 4BD662
$woischi<~Controls.726~>211 <~Controls.727~><~Game.1997~><~Controls.728~><~Game.2042~> 14F763
<~Game.7~>8 null
$woischi<~Controls.731~>210 213 212 359 <~Controls.732~><~Game.2039~><~Controls.733~><~Game.2042~> 6240B7
$gus833<~Controls.509~>174<~Controls.510~><~Game.2006~><~Controls.511~><~Controls.46~> null
$gus833<~Controls.509~>189<~Controls.510~><~Game.2007~><~Controls.511~><~Controls.46~> null
$woischi<~Controls.509~>136<~Controls.510~><~Game.2004~><~Controls.511~><~Controls.45~> null
$woischi<~Controls.509~>124<~Controls.510~><~Game.2005~><~Controls.511~><~Controls.45~> null
$woischi<~HighlightLabel.86~>212<~HighlightLabel.87~><~Game.2042~><~HighlightLabel.88~><~Game.2035~> C5DFA2
$woischi<~Controls.323~>241 B72BC3
$woischi<~Scribe.141~>358 <~Scribe.142~><~Game.2038~><~Scribe.143~><~Game.2037~><~Scribe.144~> 803D16
<gus833> ? D11706
$woischi<~Controls.644~>212 358 <~Controls.645~><~Game.2035~> 8506A7
<gus833> we haven't rolled yet 0B9364
$woischi<~Controls.819~> 5CFE7F
$woischi<~Controls.819~> 880AEF
$woischi<~Controls.819~> 371A23
$woischi<~Controls.281~>212 <~Controls.282~><~Game.2035~><~Controls.283~><~Game.2042~> DB03BC
<woischi> y so much thinking under worng assumptions C0BAE7
<woischi> sorry FAD3BD
<woischi> fp ok F6451D
<gus833> np 555A01
$gus833<~Controls.372~>361 659854
$gus833<~Controls.345~>104 101 102 103 105 100 362 <~Controls.346~>12 10 13 11 15 11 11 null
$gus833<~Controls.350~>104 101 102 103 105 100 362 null
$woischi<~Controls.345~>212 210 213 359 211 <~Controls.346~>3 2 4 1 2 null
$woischi<~HighlightLabel.86~>211<~HighlightLabel.87~><~Game.2042~><~HighlightLabel.88~><~Game.2035~> 4D733C
$woischi<~CardBuffet.9~>reveal 136 F6B84CE5DC2F69FADF7FF730BB47439EF7300D97 1<~CardBuffet.10~><~Controls.45~><~CardBuffet.11~> FD07C8
$woischi<~Scribe.141~>240 <~Scribe.142~><~Game.1921~><~Scribe.143~><~Game.1991~><~Scribe.144~> 0632B6
$woischi<~Controls.644~>211 136 <~Controls.645~><~Game.2035~> D742F6
$gus833<~HighlightLabel.81~>102<~HighlightLabel.82~><~Game.2043~><~HighlightLabel.83~><~Game.2035~> CEB929
$gus833<~CardBuffet.14~>reveal 160 5194950DEDB47403601891DB8296475813FDF05B 12<~CardBuffet.15~><~Controls.46~><~CardBuffet.16~> 45DE50
$gus833<~Scribe.141~>319 <~Scribe.142~><~Game.1951~><~Scribe.143~><~Game.1960~><~Scribe.144~> 8088EA
$gus833<~Scribe.141~>253 318 037 040 038 <~Scribe.142~><~Game.1954~><~Scribe.143~><~Game.1923~><~Scribe.144~> FDCDE2
<gus833> ok 59179D
$woischi<~Scribe.141~>247 <~Scribe.142~><~Game.1960~><~Scribe.143~><~Game.1964~><~Scribe.144~> 5D353E
$woischi<~Scribe.141~>247 <~Scribe.142~><~Game.1964~><~Scribe.143~><~Game.1976~><~Scribe.144~> 379BA1
$woischi<~Controls.323~>247 667183
$gus833<~Controls.644~>102 160 <~Controls.645~><~Game.2035~> BE16FA
$woischi<~HighlightLabel.86~>210<~HighlightLabel.87~><~Game.2042~><~HighlightLabel.88~><~Game.2035~> 3F8F1C
$woischi<~Controls.819~> 055D56
<woischi> pass B44D1A
$gus833<~HighlightLabel.81~>104<~HighlightLabel.82~><~Game.2043~><~HighlightLabel.83~><~Game.2035~> D9643B
<gus833> HD 1919CD
$gus833<~Controls.840~>207 2A9518
$woischi<~Controls.840~>124 64C322
<auto> playchosen D7AC7E
<auto><~Controls.3~>reveal 124 346E5AE4EAD98E635F1F745FA19C63D642538897 11<~Controls.884~><~Controls.45~><~Controls.885~><~Game.2037~> 6C69BB
<auto><~Controls.866~>reveal 207 9568A4C03A63B17D18EDCB99C0C45C0AE309A0C5 3<~Controls.867~><~Controls.46~><~Controls.868~><~Game.2036~> 3D62B7
<auto> playchosen 903C27
<gus833> no hits 596774
<game> gus833<~Controls.1~> 2 6 2 3 6 null
<game> gus833<~Controls.1~> 5 2 6 null
<gus833> 3 282AED
<game> woischi<~Controls.1~> 4 2 6 4 3 null
<game> woischi<~Controls.1~> 2 null
<woischi> 1 BBD8DD
$gus833<~Scribe.141~>002 <~Scribe.142~><~Game.1923~><~Scribe.143~><~Game.2036~><~Scribe.144~> 8899B9
$woischi<~Scribe.141~>073 072 <~Scribe.142~><~Game.1993~><~Scribe.143~><~Game.2037~><~Scribe.144~> 65CC39
<gus833> press E68E38
$gus833<~Controls.304~>325 <~Controls.305~><~Game.1923~> 7A0981
$gus833<~Controls.313~>332 <~Controls.307~><~Controls.314~><~Game.1923~> 8513F2
$gus833<~Controls.509~>175<~Controls.510~><~Game.2007~><~Controls.511~><~Controls.46~> null
$gus833<~Controls.662~>207 002 124 073 072 <~Controls.663~><~Game.2035~> FB9ED1
$gus833<~Controls.840~>189 CFE79C
<woischi> nc 23FF1E
<auto><~Controls.866~>reveal 189 D649CD27E5A9255CBB0441DBE792FECE7BA46263 19<~Controls.867~><~Controls.46~><~Controls.868~><~Game.2036~> AF2344
<game> gus833<~Controls.1~> 3 4 2 6 3 null
<game> gus833<~Controls.1~> 2 5 4 null
<gus833> 4 DC6527
<game> woischi<~Controls.1~> 4 2 4 null
<game> woischi<~Controls.1~> 3 null
<woischi> 3 055789
$gus833<~Controls.296~>324 <~Controls.297~><~Game.1923~> 5E361D
$gus833<~Controls.304~>006 <~Controls.305~><~Game.1923~> F6A392
$gus833<~Controls.313~>002 <~Controls.307~><~Controls.314~><~Game.1923~> BEADD0
$woischi<~Controls.296~>074 070 069 071 <~Controls.297~><~Game.1993~> 0F1C57
$gus833<~Scribe.141~>423 <~Scribe.142~><~Game.31~><~Scribe.143~><~Game.33~><~Scribe.144~> 63278D
$gus833<~Controls.644~>104 189 <~Controls.645~><~Game.2035~> 4BCD19
$woischi<~HighlightLabel.86~>359<~HighlightLabel.87~><~Game.2042~><~HighlightLabel.88~><~Game.2035~> 09CEF2
$woischi<~Controls.323~>247 DE80D9
$woischi<~Controls.644~>359 <~Controls.645~><~Game.2035~> 6EA588
$gus833<~HighlightLabel.81~>100<~HighlightLabel.82~><~Game.2043~><~HighlightLabel.83~><~Game.2035~> 232930
$gus833<~Scribe.141~>055 057 354 357 049 048 047 046 045 044 <~Scribe.142~><~Game.1946~><~Scribe.143~><~Game.1938~><~Scribe.144~> 7137BC
$gus833<~Scribe.141~>032 031 030 <~Scribe.142~><~Game.1977~><~Scribe.143~><~Game.1969~><~Scribe.144~> 4A4B87
$gus833<~Controls.644~>100 <~Controls.645~><~Game.2035~> 2EB41F
$woischi<~Scribe.141~>210 <~Scribe.142~><~Game.2042~><~Scribe.143~><~Game.2035~><~Scribe.144~> 819914
$woischi<~Scribe.141~>249 <~Scribe.142~><~Game.2008~><~Scribe.143~><~Game.2037~><~Scribe.144~> 18F05E
$woischi<~Scribe.141~>249 <~Scribe.142~><~Game.2037~><~Scribe.143~><~Game.2012~><~Scribe.144~> E93C68
$woischi<~Controls.790~>248<~Controls.791~><~Game.2014~><~Controls.792~><~Game.2015~> D33B6D
$woischi<~Controls.795~>210<~Controls.796~><~Game.2035~><~Controls.797~><~Game.1997~> A94BEA
<game> gus833<~Controls.1~> 6 3 null
$gus833<~Controls.624~>223<~Controls.625~><~Game.2044~><~Controls.626~><~Game.2037~> null
$woischi<~Scribe.141~>135 <~Scribe.142~><~Game.2029~><~Scribe.143~><~Game.2036~><~Scribe.144~> 9BEF34
$woischi<~Scribe.141~>127 <~Scribe.142~><~Game.2030~><~Scribe.143~><~Game.2029~><~Scribe.144~> 2C0E31
$woischi<~Controls.644~>135 223 <~Controls.645~><~Game.2035~> 881753
$gus833<~HighlightLabel.81~>103<~HighlightLabel.82~><~Game.2043~><~HighlightLabel.83~><~Game.2035~> 5A9C80
<gus833> osg nc 498366
<woischi> nc 814D32
<game> gus833<~Controls.1~> 6 5 4 5 6 null
<gus833> 2 8879E4
$woischi<~Scribe.141~>260 <~Scribe.142~><~Game.2002~><~Scribe.143~><~Game.2003~><~Scribe.144~> 715757
<game> woischi<~Controls.1~> 3 1 null
<woischi> 0 B106D5
$woischi<~Controls.296~>080 079 <~Controls.297~><~Game.1943~> 6D655D
$gus833<~Scribe.141~>055 057 354 357 049 048 047 046 045 044 <~Scribe.142~><~Game.1938~><~Scribe.143~><~Game.1943~><~Scribe.144~> 33B4E4
$gus833<~Controls.644~>103 <~Controls.645~><~Game.2035~> 8EB0FE
$woischi<~HighlightLabel.86~>212<~HighlightLabel.87~><~Game.2042~><~HighlightLabel.88~><~Game.2035~> 4C1C8A
$woischi<~Scribe.141~>275 <~Scribe.142~><~Game.2038~><~Scribe.143~><~Game.1944~><~Scribe.144~> 6F3D90
$woischi<~Controls.644~>212 <~Controls.645~><~Game.2035~> 92891A
$gus833<~HighlightLabel.81~>362<~HighlightLabel.82~><~Game.2043~><~HighlightLabel.83~><~Game.2035~> B769F1
<gus833> MT F2E912
$woischi<~Scribe.141~>241 085 275 084 083 082 081 <~Scribe.142~><~Game.1944~><~Scribe.143~><~Game.1994~><~Scribe.144~> A6B356
$gus833<~Scribe.141~>055 057 354 357 049 048 047 046 045 044 <~Scribe.142~><~Game.1943~><~Scribe.143~><~Game.1944~><~Scribe.144~> 031439
$gus833<~Controls.644~>362 <~Controls.645~><~Game.2035~> 638C75
$woischi<~HighlightLabel.86~>213<~HighlightLabel.87~><~Game.2042~><~HighlightLabel.88~><~Game.2035~> 45784C
$woischi<~CardBuffet.9~>reveal 134 5C4ABC315B154D5A0712D9F5160D16E3CD5FEE6E 2<~CardBuffet.10~><~Controls.45~><~CardBuffet.11~> 38C536
$woischi<~Scribe.141~>265 <~Scribe.142~><~Game.2038~><~Scribe.143~><~Game.1991~><~Scribe.144~> 9A90A8
$woischi<~Controls.509~>130<~Controls.510~><~Game.2005~><~Controls.511~><~Controls.45~> null
$woischi<~Controls.644~>213 134 <~Controls.645~><~Game.2035~> DD3C5C
$gus833<~Controls.276~>101<~Controls.277~><~Game.2043~><~Controls.278~><~Game.2035~> 4B33B7
$gus833<~Scribe.141~>249 <~Scribe.142~><~Game.2012~><~Scribe.143~><~Game.2037~><~Scribe.144~> 865F6F
$gus833<~CardBuffet.14~>reveal 174 2F5375404865EA4FA36710BBDDB339AFBC2ACD88 15<~CardBuffet.15~><~Controls.46~><~CardBuffet.16~> 9D1539
$gus833<~Controls.624~>228<~Controls.625~><~Game.2044~><~Controls.626~><~Game.2036~> null
<woischi> kill boromir 591583
<gus833> can't C9F1D0
$woischi<~Scribe.141~>244 <~Scribe.142~><~Game.1999~><~Scribe.143~><~Game.2037~><~Scribe.144~> EE35DA
$woischi<~Scribe.141~>252 <~Scribe.142~><~Game.2017~><~Scribe.143~><~Game.2018~><~Scribe.144~> AAEDB3
$woischi<~Scribe.141~>242 <~Scribe.142~><~Game.1998~><~Scribe.143~><~Game.1999~><~Scribe.144~> 15578D
<gus833> you can't lose a companion 80AB62
<gus833> isildur's EF0749
$woischi<~Scribe.141~>244 <~Scribe.142~><~Game.2037~><~Scribe.143~><~Game.1999~><~Scribe.144~> F79331
$woischi<~Scribe.141~>242 <~Scribe.142~><~Game.1999~><~Scribe.143~><~Game.1998~><~Scribe.144~> C6468B
$woischi<~Scribe.141~>252 <~Scribe.142~><~Game.2018~><~Scribe.143~><~Game.2020~><~Scribe.144~> 1B5464
$woischi<~Controls.644~>101 174 228 249 <~Controls.645~><~Game.2035~> 38FD85
$gus833<~Controls.757~>105 361 <~Controls.758~><~Game.1997~><~Controls.759~><~Game.2043~> 3753E6
$gus833<~Controls.762~>101 362 103 100 104 102 <~Controls.763~><~Game.2041~><~Controls.764~><~Game.2043~> BAE50E
$woischi<~Controls.726~>210 <~Controls.727~><~Game.1997~><~Controls.728~><~Game.2042~> 38BED7
<~Game.7~>9 null
$woischi<~Controls.731~>213 212 359 211 <~Controls.732~><~Game.2039~><~Controls.733~><~Game.2042~> 69CC08
$gus833<~Controls.509~>167<~Controls.510~><~Game.2006~><~Controls.511~><~Controls.46~> null
$gus833<~Controls.509~>196<~Controls.510~><~Game.2007~><~Controls.511~><~Controls.46~> null
$woischi<~Controls.509~>141<~Controls.510~><~Game.2004~><~Controls.511~><~Controls.45~> null
$woischi<~Controls.509~>156<~Controls.510~><~Game.2005~><~Controls.511~><~Controls.45~> null
<woischi> fp ok E5FE7D
<gus833> you sure? AC1416
$woischi<~Scribe.141~>247 <~Scribe.142~><~Game.1976~><~Scribe.143~><~Game.524~><~Scribe.144~> 6770B0
<woischi> now 3F93BE
$gus833<~Controls.281~>236 <~Controls.282~><~Game.2045~><~Controls.283~><~Game.2044~> 799265
$gus833<~Controls.372~>101 D832F8
$gus833<~Controls.345~>362 103 100 104 102 105 361 <~Controls.346~>11 11 10 10 12 10 15 null
$gus833<~Controls.350~>362 103 100 104 102 105 361 null
$woischi<~Controls.345~>213 212 359 211 210 <~Controls.346~>3 1 0 4 3 null
$woischi<~HighlightLabel.86~>359<~HighlightLabel.87~><~Game.2042~><~HighlightLabel.88~><~Game.2035~> 850EC1
$woischi<~Controls.323~>241 4A568A
$woischi<~Scribe.141~>358 <~Scribe.142~><~Game.2038~><~Scribe.143~><~Game.2037~><~Scribe.144~> 96AAE9
$woischi<~Controls.644~>359 358 <~Controls.645~><~Game.2035~> 7AA4F2
$gus833<~HighlightLabel.81~>105<~HighlightLabel.82~><~Game.2043~><~HighlightLabel.83~><~Game.2035~> 3260C8
$gus833<~Scribe.141~>250 <~Scribe.142~><~Game.2011~><~Scribe.143~><~Game.2037~><~Scribe.144~> D42553
$gus833<~CardBuffet.14~>reveal 162 5CA26B606247FB1DE0062589CAE1CDADB5BBF480 17<~CardBuffet.15~><~Controls.46~><~CardBuffet.16~> 248EF1
$gus833<~Controls.281~>239 <~Controls.282~><~Game.2046~><~Controls.283~><~Game.2044~> 7C3DF4
$gus833<~Controls.644~>105 162 250 <~Controls.645~><~Game.2035~> 4E1D30
$woischi<~HighlightLabel.86~>212<~HighlightLabel.87~><~Game.2042~><~HighlightLabel.88~><~Game.2035~> B02527
$woischi<~Controls.790~>247<~Controls.791~><~Game.524~><~Controls.792~><~Game.525~> CD91DD
$woischi<~Controls.795~>212<~Controls.796~><~Game.2035~><~Controls.797~><~Game.1997~> 3CB2A9
$gus833<~Controls.624~>239<~Controls.625~><~Game.2044~><~Controls.626~><~Game.2037~> null
<woischi> redraw 2FAF32
$woischi<~Scribe.141~>127 <~Scribe.142~><~Game.2029~><~Scribe.143~><~Game.2036~><~Scribe.144~> 910F19
$woischi<~Scribe.141~>239 <~Scribe.142~><~Game.2037~><~Scribe.143~><~Game.2036~><~Scribe.144~> 0685DD
$gus833<~Controls.624~>221<~Controls.625~><~Game.2044~><~Controls.626~><~Game.2037~> null
$woischi<~Scribe.141~>244 <~Scribe.142~><~Game.1999~><~Scribe.143~><~Game.2037~><~Scribe.144~> 86D3A1
$woischi<~Controls.323~>247 7A1DE9
$woischi<~Scribe.141~>242 <~Scribe.142~><~Game.1998~><~Scribe.143~><~Game.1999~><~Scribe.144~> 7C2557
$woischi<~Controls.281~>239 <~Controls.282~><~Game.2036~><~Controls.283~><~Game.2044~> FDA641
$woischi<~Controls.644~>127 221 244 <~Controls.645~><~Game.2035~> 7F9A6A
$gus833<~HighlightLabel.81~>104<~HighlightLabel.82~><~Game.2043~><~HighlightLabel.83~><~Game.2035~> 68AD79
$gus833<~Scribe.141~>255 <~Scribe.142~><~Game.2040~><~Scribe.143~><~Game.1956~><~Scribe.144~> 7A4397
$gus833<~Scribe.141~>360 <~Scribe.142~><~Game.2040~><~Scribe.143~><~Game.2037~><~Scribe.144~> 97BA6E
$gus833<~Controls.644~>104 360 <~Controls.645~><~Game.2035~> E0D42C
<woischi> pass 3C0883
$gus833<~HighlightLabel.81~>102<~HighlightLabel.82~><~Game.2043~><~HighlightLabel.83~><~Game.2035~> E1D3DA
$gus833<~Scribe.141~>328 330 000 <~Scribe.142~><~Game.1914~><~Scribe.143~><~Game.1910~><~Scribe.144~> 8CD3AE
$gus833<~Scribe.141~>253 318 037 040 038 326 002 332 <~Scribe.142~><~Game.1923~><~Scribe.143~><~Game.1925~><~Scribe.144~> 189798
$gus833<~Controls.644~>102 <~Controls.645~><~Game.2035~> D7BD7B
$woischi<~HighlightLabel.86~>213<~HighlightLabel.87~><~Game.2042~><~HighlightLabel.88~><~Game.2035~> 13527E
$woischi<~Scribe.141~>268 <~Scribe.142~><~Game.2038~><~Scribe.143~><~Game.1911~><~Scribe.144~> 40EAAD
$woischi<~Scribe.141~>298 <~Scribe.142~><~Game.2038~><~Scribe.143~><~Game.1890~><~Scribe.144~> 1101CD
$woischi<~Controls.644~>213 <~Controls.645~><~Game.2035~> F21886
$gus833<~HighlightLabel.81~>362<~HighlightLabel.82~><~Game.2043~><~HighlightLabel.83~><~Game.2035~> F41B7E
$gus833<~Scribe.141~>328 330 000 327 331 001 <~Scribe.142~><~Game.1910~><~Scribe.143~><~Game.1906~><~Scribe.144~> D888BE
$gus833<~Scribe.141~>253 318 037 040 038 326 002 332 003 <~Scribe.142~><~Game.1925~><~Scribe.143~><~Game.1933~><~Scribe.144~> 405119
$gus833<~Scribe.141~>419 <~Scribe.142~><~Game.2040~><~Scribe.143~><~Game.1925~><~Scribe.144~> 4A740B
$gus833<~Controls.644~>362 <~Controls.645~><~Game.2035~> 4DD9DA
$woischi<~HighlightLabel.86~>210<~HighlightLabel.87~><~Game.2042~><~HighlightLabel.88~><~Game.2035~> 5D1079
$woischi<~Scribe.141~>301 <~Scribe.142~><~Game.2038~><~Scribe.143~><~Game.1890~><~Scribe.144~> 6BEAD0
$woischi<~Controls.644~>210 <~Controls.645~><~Game.2035~> F4511D
$gus833<~HighlightLabel.81~>103<~HighlightLabel.82~><~Game.2043~><~HighlightLabel.83~><~Game.2035~> 6A185F
$gus833<~Scribe.141~>253 318 037 040 038 326 002 332 003 004 <~Scribe.142~><~Game.1933~><~Scribe.143~><~Game.1942~><~Scribe.144~> A59033
$gus833<~Scribe.141~>418 <~Scribe.142~><~Game.2040~><~Scribe.143~><~Game.1933~><~Scribe.144~> DD20EE
$gus833<~Scribe.141~>328 330 000 327 331 001 <~Scribe.142~><~Game.1906~><~Scribe.143~><~Game.1897~><~Scribe.144~> ABD26B
$gus833<~Controls.644~>103 <~Controls.645~><~Game.2035~> A9BBF3
$woischi<~HighlightLabel.86~>211<~HighlightLabel.87~><~Game.2042~><~HighlightLabel.88~><~Game.2035~> C7B54E
$woischi<~Scribe.141~>300 <~Scribe.142~><~Game.2038~><~Scribe.143~><~Game.1890~><~Scribe.144~> 771C21
$woischi<~Controls.644~>211 <~Controls.645~><~Game.2035~> 811F33
$gus833<~Controls.276~>100<~Controls.277~><~Game.2043~><~Controls.278~><~Game.2035~> B5C66F
$gus833<~Controls.323~>255 334CEE
<gus833> shire nc 02D20A
$woischi<~Scribe.141~>reveal 146 A810EBEDFF5B1E8BC5155478050E408E59812F3A 18 <~Scribe.142~><~Controls.45~><~Scribe.143~><~Game.2037~><~Scribe.144~> 6BB4AF
<game> gus833<~Controls.1~> 1 3 4 3 4 null
<game> woischi<~Controls.1~> 1 4 1 null
<game> woischi<~Controls.1~> 5 null
<woischi> 2 FAAAA1
$gus833<~Scribe.141~>001 331 <~Scribe.142~><~Game.1897~><~Scribe.143~><~Game.2036~><~Scribe.144~> ED390A
<gus833> press 577AFD
$woischi<~Controls.296~>146 <~Controls.297~><~Game.2037~> 41C61D
$woischi<~Controls.296~>001 331 <~Controls.297~><~Game.2036~> FBFDCB
<gus833> staying? AE2059
<woischi> y C1A1EE
<gus833> nc B38D1F
$woischi<~Scribe.141~>reveal 156 378AF4E5ACB7E406911076F5D38E706E172BAA73 22 <~Scribe.142~><~Controls.45~><~Scribe.143~><~Game.2037~><~Scribe.144~> 643CFE
<game> gus833<~Controls.1~> 6 3 3 1 null
<gus833> 1 D99CF9
<game> woischi<~Controls.1~> 5 1 1 null
<game> woischi<~Controls.1~> 3 null
<woischi> 1 F35686
$gus833<~Scribe.141~>327 <~Scribe.142~><~Game.1897~><~Scribe.143~><~Game.2036~><~Scribe.144~> 528004
$woischi<~Controls.304~>301 <~Controls.305~><~Game.1890~> 3BEC0F
$woischi<~Controls.313~>308 <~Controls.308~><~Controls.314~><~Game.1890~> E8F60C
<gus833> press ADCFFE
<woischi> stay 179045
$gus833<~Controls.662~>327 156 <~Controls.663~><~Game.2035~> E989F5
<gus833> nc 3C4EED
<woischi> nc BCB2F3
<game> gus833<~Controls.1~> 1 3 2 null
<game> woischi<~Controls.1~> 5 3 1 null
<game> woischi<~Controls.1~> 1 null
<woischi> 1 E7559D
$gus833<~Scribe.141~>330 <~Scribe.142~><~Game.1897~><~Scribe.143~><~Game.2036~><~Scribe.144~> 8CD850
<gus833> stop 78CBFC
$gus833<~Controls.644~>100 330 <~Controls.645~><~Game.2035~> 6EBF3C
$gus833<~Controls.757~>361 101 <~Controls.758~><~Game.1997~><~Controls.759~><~Game.2043~> 05C67D
$gus833<~Controls.762~>100 103 362 102 104 360 105 <~Controls.763~><~Game.2041~><~Controls.764~><~Game.2043~> 9A7966
$gus833<~Controls.509~>201<~Controls.510~><~Game.2006~><~Controls.511~><~Controls.46~> null
$gus833<~Controls.509~>184<~Controls.510~><~Game.2007~><~Controls.511~><~Controls.46~> null
$woischi<~Controls.726~>212 <~Controls.727~><~Game.1997~><~Controls.728~><~Game.2042~> 4CEE7C
<~Game.7~>10 null
$woischi<~Controls.731~>211 210 213 359 358 <~Controls.732~><~Game.2039~><~Controls.733~><~Game.2042~> 925F84
$woischi<~Controls.509~>148<~Controls.510~><~Game.2004~><~Controls.511~><~Controls.45~> null
$woischi<~Controls.509~>153<~Controls.510~><~Game.2005~><~Controls.511~><~Controls.45~> null
<woischi> fp ok F10604
$gus833<~Controls.372~>100 EBEE3D
$gus833<~Controls.345~>103 362 102 104 360 105 361 101 <~Controls.346~>10 10 10 13 12 14 13 12 null
$gus833<~Controls.350~>103 362 102 104 360 105 361 101 null
$woischi<~Controls.345~>211 210 213 359 358 212 <~Controls.346~>4 3 1 2 3 1 null
$woischi<~HighlightLabel.86~>213<~HighlightLabel.87~><~Game.2042~><~HighlightLabel.88~><~Game.2035~> D1ED9F
$woischi<~Controls.323~>247 2D88BC
$woischi<~Controls.644~>213 <~Controls.645~><~Game.2035~> 2E1281
$gus833<~HighlightLabel.81~>362<~HighlightLabel.82~><~Game.2043~><~HighlightLabel.83~><~Game.2035~> 78F2EB
$gus833<~Scribe.141~>001 <~Scribe.142~><~Game.2040~><~Scribe.143~><~Game.1910~><~Scribe.144~> F37B7F
$gus833<~Scribe.141~>331 <~Scribe.142~><~Game.2040~><~Scribe.143~><~Game.1914~><~Scribe.144~> 9BAF5F
$gus833<~Controls.644~>362 <~Controls.645~><~Game.2035~> 5F97A5
$woischi<~HighlightLabel.86~>210<~HighlightLabel.87~><~Game.2042~><~HighlightLabel.88~><~Game.2035~> 42126C
$woischi<~Controls.819~> 79245E
$woischi<~HighlightLabel.86~>212<~HighlightLabel.87~><~Game.2042~><~HighlightLabel.88~><~Game.2035~> B287E8
$woischi<~Controls.790~>247<~Controls.791~><~Game.525~><~Controls.792~><~Game.528~> 7ED027
$woischi<~Controls.795~>212<~Controls.796~><~Game.2035~><~Controls.797~><~Game.1997~> 44F11B
$gus833<~Controls.624~>220<~Controls.625~><~Game.2044~><~Controls.626~><~Game.2037~> null
<woischi> random 87A240
$gus833<~Controls.637~>245<~Controls.638~><~Game.1998~><~Controls.639~><~Game.2036~> null
$woischi<~Controls.323~>247 AD8A84
$woischi<~Controls.644~>245 220 <~Controls.645~><~Game.2035~> 7C54AD
$gus833<~HighlightLabel.81~>104<~HighlightLabel.82~><~Game.2043~><~HighlightLabel.83~><~Game.2035~> EEEC40
$gus833<~Scribe.141~>253 038 040 037 318 <~Scribe.142~><~Game.1942~><~Scribe.143~><~Game.1944~><~Scribe.144~> C3CE8A
$gus833<~Scribe.141~>319 <~Scribe.142~><~Game.1960~><~Scribe.143~><~Game.1944~><~Scribe.144~> 089CBD
$gus833<~Scribe.141~>039 <~Scribe.142~><~Game.1957~><~Scribe.143~><~Game.1944~><~Scribe.144~> 9B0296
$gus833<~Scribe.141~>255 <~Scribe.142~><~Game.1956~><~Scribe.143~><~Game.1958~><~Scribe.144~> FF5062
$gus833<~Scribe.141~>255 <~Scribe.142~><~Game.1958~><~Scribe.143~><~Game.1957~><~Scribe.144~> 2E9411
$gus833<~Scribe.141~>255 <~Scribe.142~><~Game.1957~><~Scribe.143~><~Game.1954~><~Scribe.144~> 38D478
$gus833<~Controls.644~>104 <~Controls.645~><~Game.2035~> 241916
$woischi<~HighlightLabel.86~>359<~HighlightLabel.87~><~Game.2042~><~HighlightLabel.88~><~Game.2035~> 55309E
$woischi<~CardBuffet.9~>reveal 141 7136BEA12EA66CFFF56BF03A78F70CB0A6526B98 6<~CardBuffet.10~><~Controls.45~><~CardBuffet.11~> 1F5B0B
<woischi> on mt 5E0263
<game> woischi<~Controls.1~> 6 5 2 5 1 null
$gus833<~Scribe.141~>040 319 039 <~Scribe.142~><~Game.1944~><~Scribe.143~><~Game.2037~><~Scribe.144~> 24BCB9
<woischi> 3 nazgul A33E5A
$gus833<~Scribe.141~>318 037 038 <~Scribe.142~><~Game.1944~><~Scribe.143~><~Game.1969~><~Scribe.144~> D69B83
$woischi<~Controls.644~>359 040 319 039 141 <~Controls.645~><~Game.2035~> 13DABB
$gus833<~HighlightLabel.81~>102<~HighlightLabel.82~><~Game.2043~><~HighlightLabel.83~><~Game.2035~> 4DD2F3
$gus833<~Scribe.141~>319 <~Scribe.142~><~Game.2040~><~Scribe.143~><~Game.1974~><~Scribe.144~> 32B74F
$gus833<~Scribe.141~>039 <~Scribe.142~><~Game.2040~><~Scribe.143~><~Game.1969~><~Scribe.144~> 61BD78
$gus833<~Controls.644~>102 <~Controls.645~><~Game.2035~> 59C85B
<woischi> pass CA1F3F
$gus833<~HighlightLabel.81~>361<~HighlightLabel.82~><~Game.2043~><~HighlightLabel.83~><~Game.2035~> F19501
$gus833<~Scribe.141~>038 037 318 039 <~Scribe.142~><~Game.1969~><~Scribe.143~><~Game.1944~><~Scribe.144~> 85E2D9
$gus833<~Scribe.141~>319 <~Scribe.142~><~Game.1974~><~Scribe.143~><~Game.1944~><~Scribe.144~> 33BC6C
$gus833<~Controls.644~>361 <~Controls.645~><~Game.2035~> A3A591
<woischi> pass 2D8A06
$gus833<~HighlightLabel.81~>101<~HighlightLabel.82~><~Game.2043~><~HighlightLabel.83~><~Game.2035~> CB7B6D
<gus833> MT ACE84D
$gus833<~Controls.840~>167 84AF21
$woischi<~Controls.840~>112 08D497
<auto> playchosen 7144CA
<auto><~Controls.3~>reveal 112 CC5B2B6BC8043BFB5A2C35CAA5F68B9327CCDA0C 3<~Controls.884~><~Controls.45~><~Controls.885~><~Game.2037~> 5FD832
<auto><~Controls.866~>reveal 167 E6EC9CB1CABE0313A99DBBD5D9EC7C1127DDFABD 16<~Controls.867~><~Controls.46~><~Controls.868~><~Game.2036~> 9B8C05
<auto> playchosen 2DA700
<gus833> ff4 69A94B
<game> gus833<~Controls.1~> 2 6 4 3 null
<game> gus833<~Controls.1~> 6 3 6 null
<gus833> 3 46B712
<game> woischi<~Controls.1~> 3 null
<game> woischi<~Controls.1~> 4 null
<woischi> 0 7D3222
$woischi<~Controls.296~>084 <~Controls.297~><~Game.1994~> A1D18C
$woischi<~Controls.304~>275 <~Controls.305~><~Game.1994~> 41A610
$woischi<~Controls.313~>080 <~Controls.308~><~Controls.314~><~Game.1994~> E6D863
<gus833> press 114B46
$gus833<~Controls.304~>055 <~Controls.305~><~Game.1944~> 415DEB
$gus833<~Controls.313~>351 <~Controls.307~><~Controls.314~><~Game.1944~> 734FB5
$gus833<~Controls.509~>208<~Controls.510~><~Game.2006~><~Controls.511~><~Controls.46~> null
$gus833<~Controls.662~>167 112 <~Controls.663~><~Game.2035~> C01D08
$gus833<~Controls.840~>184 D01E0C
$woischi<~Controls.840~>130 0CFE21
<auto> playchosen BAC8E5
<auto><~Controls.3~>reveal 130 6E3F33BEB42DCE42303C012642BC7126461FF67E 10<~Controls.884~><~Controls.45~><~Controls.885~><~Game.2037~> BD49EF
<auto><~Controls.866~>reveal 184 6A23933EEE78A58EEBCD0C7C4165A3250E5C7393 8<~Controls.867~><~Controls.46~><~Controls.868~><~Game.2036~> C5E9F3
<auto> playchosen 82C2D2
<game> gus833<~Controls.1~> 2 3 1 6 4 null
<game> gus833<~Controls.1~> 5 1 1 1 null
<gus833> 1 45A811
<game> woischi<~Controls.1~> 1 6 3 4 4 null
<game> woischi<~Controls.1~> 3 4 1 null
<woischi> 1 917318
$gus833<~Scribe.141~>046 <~Scribe.142~><~Game.1944~><~Scribe.143~><~Game.2036~><~Scribe.144~> D36869
$woischi<~Scribe.141~>083 <~Scribe.142~><~Game.1994~><~Scribe.143~><~Game.2037~><~Scribe.144~> 0612FA
$gus833<~Scribe.141~>047 045 048 049 <~Scribe.142~><~Game.1944~><~Scribe.143~><~Game.2036~><~Scribe.144~> 7764E8
<gus833> onslaught 4 838854
<game> gus833<~Controls.1~> 2 3 3 4 null
<gus833> 1 847ED9
$woischi<~Scribe.141~>080 <~Scribe.142~><~Game.1994~><~Scribe.143~><~Game.2036~><~Scribe.144~> A95136
<gus833> stop B83FAA
$gus833<~Controls.644~>101 184 047 045 048 049 046 080 130 083 <~Controls.645~><~Game.2035~> FD434C
$woischi<~HighlightLabel.86~>210<~HighlightLabel.87~><~Game.2042~><~HighlightLabel.88~><~Game.2035~> 82D393
$woischi<~Scribe.141~>276 <~Scribe.142~><~Game.2038~><~Scribe.143~><~Game.1931~><~Scribe.144~> 6C167F
$woischi<~Controls.644~>210 <~Controls.645~><~Game.2035~> 4FB054
$gus833<~HighlightLabel.81~>360<~HighlightLabel.82~><~Game.2043~><~HighlightLabel.83~><~Game.2035~> F67EAC
$gus833<~Scribe.141~>008 007 <~Scribe.142~><~Game.1928~><~Scribe.143~><~Game.1927~><~Scribe.144~> 4CF61F
$gus833<~Scribe.141~>326 002 332 003 004 <~Scribe.142~><~Game.1942~><~Scribe.143~><~Game.1944~><~Scribe.144~> 267A27
$gus833<~Controls.644~>360 <~Controls.645~><~Game.2035~> 2C4CA9
$woischi<~HighlightLabel.86~>358<~HighlightLabel.87~><~Game.2042~><~HighlightLabel.88~><~Game.2035~> C00D6E
$woischi<~Scribe.141~>274 <~Scribe.142~><~Game.2038~><~Scribe.143~><~Game.1931~><~Scribe.144~> E7FFD7
$woischi<~Controls.644~>358 <~Controls.645~><~Game.2035~> 57C224
$gus833<~HighlightLabel.81~>103<~HighlightLabel.82~><~Game.2043~><~HighlightLabel.83~><~Game.2035~> 6EFD4A
$gus833<~Controls.323~>255 721F30
<gus833> MT 3EF1CC
$gus833<~Controls.840~>175 631B5E
$woischi<~Controls.840~>148 5583C2
<auto> playchosen F7708B
<auto><~Controls.3~>reveal 148 2C34142B316759AE3E606BBBE11AF988B88915BD 11<~Controls.884~><~Controls.45~><~Controls.885~><~Game.2037~> 720B68
<auto><~Controls.866~>reveal 175 08F576504160D13D953C40C6A01CB444DDD5841A 11<~Controls.867~><~Controls.46~><~Controls.868~><~Game.2036~> 171F51
<auto> playchosen 299477
<game> gus833<~Controls.1~> 2 2 3 2 2 null
<game> gus833<~Controls.1~> 4 3 3 3 6 null
<gus833> 1 864C37
<game> woischi<~Controls.1~> 5 1 2 null
<game> woischi<~Controls.1~> 4 null
<woischi> 1 0EDE5F
$woischi<~Scribe.141~>082 <~Scribe.142~><~Game.1994~><~Scribe.143~><~Game.2036~><~Scribe.144~> 0838DB
<gus833> 1 more reroll 32EA08
<gus833> for you 907819
<game> woischi<~Controls.1~> 6 null
<woischi> +1 400313
$gus833<~Scribe.141~>354 351 <~Scribe.142~><~Game.1944~><~Scribe.143~><~Game.2037~><~Scribe.144~> 93A5A9
<gus833> press 77832D
$gus833<~Controls.304~>326 <~Controls.305~><~Game.1944~> 99B388
$gus833<~Controls.313~>330 <~Controls.307~><~Controls.314~><~Game.1944~> 54EF60
$gus833<~Controls.509~>205<~Controls.510~><~Game.2007~><~Controls.511~><~Controls.46~> null
$gus833<~Controls.662~>175 082 148 354 351 <~Controls.663~><~Game.2035~> 2A9309
<gus833> nc 557C8E
<woischi> nc DEDC9A
<game> gus833<~Controls.1~> 2 6 3 6 6 null
<game> woischi<~Controls.1~> 4 3 null
<game> woischi<~Controls.1~> 4 5 null
<woischi> 1 740AEA
$gus833<~Scribe.141~>004 <~Scribe.142~><~Game.1944~><~Scribe.143~><~Game.2036~><~Scribe.144~> 333059
$woischi<~Scribe.141~>241 085 081 <~Scribe.142~><~Game.1994~><~Scribe.143~><~Game.2036~><~Scribe.144~> 579A15
$gus833<~Scribe.141~>423 <~Scribe.142~><~Game.33~><~Scribe.143~><~Game.389~><~Scribe.144~> 932F19
$gus833<~Controls.644~>103 241 085 004 081 <~Controls.645~><~Game.2035~> EEAA1C
$woischi<~Controls.281~>210 <~Controls.282~><~Game.2039~><~Controls.283~><~Game.2038~> B35B80
$woischi<~HighlightLabel.86~>211<~HighlightLabel.87~><~Game.2042~><~HighlightLabel.88~><~Game.2035~> 1F43CF
$woischi<~Scribe.141~>297 <~Scribe.142~><~Game.2038~><~Scribe.143~><~Game.1890~><~Scribe.144~> 28A8DD
$woischi<~Scribe.141~>270 <~Scribe.142~><~Game.2038~><~Scribe.143~><~Game.1931~><~Scribe.144~> 52F309
$woischi<~Controls.644~>211 <~Controls.645~><~Game.2035~> B4B61A
$gus833<~Controls.276~>105<~Controls.277~><~Game.2043~><~Controls.278~><~Game.2035~> 2AA72C
$gus833<~CardBuffet.14~>reveal 208 7222AFA4570960BBB1B3B2C3416284B734CEBBDC 9<~CardBuffet.15~><~Controls.46~><~CardBuffet.16~> 25720C
$gus833<~Controls.281~>237 <~Controls.282~><~Game.2046~><~Controls.283~><~Game.2044~> E987AB
$gus833<~Controls.644~>105 208 <~Controls.645~><~Game.2035~> A328BA
$gus833<~Controls.757~>100 <~Controls.758~><~Game.1997~><~Controls.759~><~Game.2043~> C21131
$gus833<~Controls.762~>105 103 360 101 361 102 104 362 <~Controls.763~><~Game.2041~><~Controls.764~><~Game.2043~> 40EC52
$gus833<~Controls.509~>181<~Controls.510~><~Game.2006~><~Controls.511~><~Controls.46~> null
$gus833<~Controls.509~>159<~Controls.510~><~Game.2007~><~Controls.511~><~Controls.46~> null
$woischi<~Controls.726~>212 <~Controls.727~><~Game.1997~><~Controls.728~><~Game.2042~> 6C0ADE
<~Game.7~>11 null
$woischi<~Controls.731~>211 358 359 213 <~Controls.732~><~Game.2039~><~Controls.733~><~Game.2042~> 6DB6F4
$woischi<~Controls.509~>107<~Controls.510~><~Game.2004~><~Controls.511~><~Controls.45~> null
$woischi<~Controls.509~>143<~Controls.510~><~Game.2005~><~Controls.511~><~Controls.45~> null
<woischi> fp ok 2DD6C0
$gus833<~Controls.372~>105 88E094
$gus833<~Controls.345~>103 360 101 361 102 104 362 100 <~Controls.346~>13 11 10 14 11 15 12 10 null
$gus833<~Controls.350~>103 360 101 361 102 104 362 100 null
$woischi<~Controls.345~>211 358 359 213 212 <~Controls.346~>1 0 2 4 1 null
$woischi<~HighlightLabel.86~>358<~HighlightLabel.87~><~Game.2042~><~HighlightLabel.88~><~Game.2035~> 34A19B
$woischi<~Controls.323~>247 7169E0
$woischi<~Controls.644~>358 <~Controls.645~><~Game.2035~> F95B8A
$gus833<~HighlightLabel.81~>362<~HighlightLabel.82~><~Game.2043~><~HighlightLabel.83~><~Game.2035~> 67C37B
$gus833<~Scribe.141~>253 319 038 037 318 039 057 330 002 332 003 357 <~Scribe.142~><~Game.1944~><~Scribe.143~><~Game.1943~><~Scribe.144~> 7036F5
$gus833<~Scribe.141~>008 007 011 <~Scribe.142~><~Game.1927~><~Scribe.143~><~Game.1917~><~Scribe.144~> 55561B
$gus833<~Controls.644~>362 <~Controls.645~><~Game.2035~> 6AC7A5
$woischi<~HighlightLabel.86~>213<~HighlightLabel.87~><~Game.2042~><~HighlightLabel.88~><~Game.2035~> C1DF84
$woischi<~Scribe.141~>273 <~Scribe.142~><~Game.2038~><~Scribe.143~><~Game.1931~><~Scribe.144~> FA67E7
$woischi<~Controls.644~>213 <~Controls.645~><~Game.2035~> BCB057
<gus833> hmm 3B7821
$gus833<~HighlightLabel.81~>101<~HighlightLabel.82~><~Game.2043~><~HighlightLabel.83~><~Game.2035~> 539DD0
$gus833<~Scribe.141~>326 <~Scribe.142~><~Game.2040~><~Scribe.143~><~Game.1910~><~Scribe.144~> DF85F4
$gus833<~Controls.644~>101 <~Controls.645~><~Game.2035~> 6BAE8C
$woischi<~HighlightLabel.86~>359<~HighlightLabel.87~><~Game.2042~><~HighlightLabel.88~><~Game.2035~> DB8BBF
$woischi<~CardBuffet.9~>reveal 107 E8EC758ABC774C5F59CD1A12D8A225FC16632821 18<~CardBuffet.10~><~Controls.45~><~CardBuffet.11~> CB466D
$woischi<~Controls.281~>234 <~Controls.282~><~Game.2046~><~Controls.283~><~Game.2044~> 27EC60
$woischi<~Controls.644~>359 107 <~Controls.645~><~Game.2035~> FB5170
$gus833<~HighlightLabel.81~>100<~HighlightLabel.82~><~Game.2043~><~HighlightLabel.83~><~Game.2035~> FA0156
$gus833<~CardBuffet.14~>reveal 196 8F0DC87EA5304D7EBBF019B18E055D3AE3D0BE84 12<~CardBuffet.15~><~Controls.46~><~CardBuffet.16~> FB2018
$gus833<~Scribe.141~>327 329 <~Scribe.142~><~Game.2040~><~Scribe.143~><~Game.1906~><~Scribe.144~> 42C4D8
$gus833<~Scribe.141~>326 001 <~Scribe.142~><~Game.1910~><~Scribe.143~><~Game.1906~><~Scribe.144~> 1974F8
$gus833<~Scribe.141~>331 <~Scribe.142~><~Game.1914~><~Scribe.143~><~Game.1906~><~Scribe.144~> 95D374
$gus833<~Controls.644~>100 196 <~Controls.645~><~Game.2035~> 4E89EE
$woischi<~HighlightLabel.86~>211<~HighlightLabel.87~><~Game.2042~><~HighlightLabel.88~><~Game.2035~> 592000
$woischi<~Controls.790~>247<~Controls.791~><~Game.528~><~Controls.792~><~Game.529~> B4CE47
$woischi<~Controls.795~>211<~Controls.796~><~Game.2035~><~Controls.797~><~Game.1997~> 8748FA
$gus833<~Controls.624~>227<~Controls.625~><~Game.2044~><~Controls.626~><~Game.2037~> null
$woischi<~Scribe.141~>242 <~Scribe.142~><~Game.1999~><~Scribe.143~><~Game.2035~><~Scribe.144~> 5126B8
$woischi<~Scribe.141~>246 <~Scribe.142~><~Game.1998~><~Scribe.143~><~Game.2036~><~Scribe.144~> 341123
$woischi<~Scribe.141~>364 <~Scribe.142~><~Game.2038~><~Scribe.143~><~Game.1999~><~Scribe.144~> E7C178
$woischi<~Controls.644~>242 246 227 <~Controls.645~><~Game.2035~> FBE37B
$gus833<~HighlightLabel.81~>102<~HighlightLabel.82~><~Game.2043~><~HighlightLabel.83~><~Game.2035~> 157AE9
$gus833<~Controls.819~> 961E7B
$gus833<~HighlightLabel.81~>361<~HighlightLabel.82~><~Game.2043~><~HighlightLabel.83~><~Game.2035~> 20356B
$gus833<~CardBuffet.14~>reveal 205 5C6BF61D918A317E097EA233E1A516C046B10249 1<~CardBuffet.15~><~Controls.46~><~CardBuffet.16~> B226F8
$gus833<~Scribe.141~>352 353 043 042 <~Scribe.142~><~Game.1932~><~Scribe.143~><~Game.1938~><~Scribe.144~> 8C0209
$gus833<~Scribe.141~>352 353 043 042 <~Scribe.142~><~Game.1938~><~Scribe.143~><~Game.1943~><~Scribe.144~> A2D3A3
$gus833<~Scribe.141~>008 007 011 <~Scribe.142~><~Game.1917~><~Scribe.143~><~Game.1910~><~Scribe.144~> F337D8
$gus833<~Scribe.141~>008 007 011 <~Scribe.142~><~Game.1910~><~Scribe.143~><~Game.1906~><~Scribe.144~> B27CD9
$gus833<~Controls.644~>361 205 <~Controls.645~><~Game.2035~> 0F0049
$woischi<~Controls.271~>212<~Controls.272~><~Game.2042~><~Controls.273~><~Game.2035~> C026B8
$woischi<~Controls.790~>247<~Controls.791~><~Game.529~><~Controls.792~><~Game.532~> 05A707
$woischi<~Controls.795~>212<~Controls.796~><~Game.2035~><~Controls.797~><~Game.1997~> C157FC
$gus833<~Controls.624~>234<~Controls.625~><~Game.2044~><~Controls.626~><~Game.2037~> null
$woischi<~Controls.644~>234 <~Controls.645~><~Game.2035~> C20F87
$gus833<~HighlightLabel.81~>360<~HighlightLabel.82~><~Game.2043~><~HighlightLabel.83~><~Game.2035~> F77B1C
$gus833<~Scribe.141~>326 331 001 327 329 008 007 011 <~Scribe.142~><~Game.1906~><~Scribe.143~><~Game.1897~><~Scribe.144~> A72CFF
$gus833<~Scribe.141~>036 026 025 024 023 <~Scribe.142~><~Game.1957~><~Scribe.143~><~Game.1970~><~Scribe.144~> DF6D44
$gus833<~Controls.644~>360 <~Controls.645~><~Game.2035~> 2F9AF5
<woischi> barely enough dice for you D8B721
<gus833> yup FACB0C
<gus833> thinking on sequence 29061C
$gus833<~HighlightLabel.81~>102<~HighlightLabel.82~><~Game.2043~><~HighlightLabel.83~><~Game.2035~> CC1A95
<gus833> shire nc 34052A
<woischi> nc 6D71C6
<game> gus833<~Controls.1~> 1 3 3 4 6 null
<gus833> 1 8869DC
<game> woischi<~Controls.1~> 1 5 2 null
<game> woischi<~Controls.1~> 5 3 null
<woischi> 2 A48A3A
$gus833<~Scribe.141~>000 328 <~Scribe.142~><~Game.1897~><~Scribe.143~><~Game.2036~><~Scribe.144~> 22286E
$woischi<~Controls.304~>300 <~Controls.305~><~Game.1890~> 3FC960
$woischi<~Controls.313~>065 <~Controls.308~><~Controls.314~><~Game.1890~> D5CFEB
<gus833> press 97731F
<woischi> stay 60A069
<gus833> nc 503633
$gus833<~Controls.662~>000 328 <~Controls.663~><~Game.2035~> 38D9B5
<woischi> nc A8E6C2
<game> gus833<~Controls.1~> 6 3 4 3 6 null
<gus833> 2 1F0F11
<game> woischi<~Controls.1~> 3 4 6 null
<game> woischi<~Controls.1~> 1 6 null
<woischi> 2 FAE347
$gus833<~Scribe.141~>327 329 <~Scribe.142~><~Game.1897~><~Scribe.143~><~Game.2036~><~Scribe.144~> 8CEACE
$woischi<~Scribe.141~>063 308 <~Scribe.142~><~Game.1890~><~Scribe.143~><~Game.2037~><~Scribe.144~> FF0418
<gus833> press nc EF61AD
<woischi> stay nc F4ED34
$gus833<~Controls.662~>327 329 063 308 <~Controls.663~><~Game.2035~> 0AAA19
<game> gus833<~Controls.1~> 2 5 4 2 4 null
<gus833> 1 5087AE
<game> woischi<~Controls.1~> 1 null
<game> woischi<~Controls.1~> 3 null
<woischi> 0 B465E6
$woischi<~Controls.296~>297 298 065 <~Controls.297~><~Game.1890~> EEE099
$gus833<~Scribe.141~>326 331 001 008 007 011 <~Scribe.142~><~Game.1897~><~Scribe.143~><~Game.1890~><~Scribe.144~> 18D44B
$gus833<~Scribe.141~>423 <~Scribe.142~><~Game.389~><~Scribe.143~><~Game.391~><~Scribe.144~> 0A4776
$gus833<~Controls.644~>102 <~Controls.645~><~Game.2035~> 5F3515
$gus833<~Controls.276~>103<~Controls.277~><~Game.2043~><~Controls.278~><~Game.2035~> 7A040E
<gus833> pel F37836
$gus833<~Controls.840~>201 C8A012
$woischi<~Controls.840~>143 1B42F3
<auto> playchosen 81DEBB
<auto><~Controls.3~>reveal 143 17CC01C3C68FA0CEF562B8F18C0E2529FC017C15 14<~Controls.884~><~Controls.45~><~Controls.885~><~Game.2037~> 7BCFA7
<auto><~Controls.866~>reveal 201 EE1E4580B653E0AF98CFA19A3607E9494AF2F1EE 8<~Controls.867~><~Controls.46~><~Controls.868~><~Game.2036~> 48D197
<auto> playchosen 60D8E6
<woischi> pre EAFF7D
<game> woischi<~Controls.1~> 4 3 1 null
<woischi> 0 76994D
<game> gus833<~Controls.1~> 2 5 2 6 5 null
<game> gus833<~Controls.1~> 5 1 1 5 null
<gus833> 1 E18DDE
<game> woischi<~Controls.1~> 2 6 5 1 null
<woischi> 2 8B4388
$gus833<~Scribe.141~>043 353 <~Scribe.142~><~Game.1943~><~Scribe.143~><~Game.2036~><~Scribe.144~> 8E1592
$woischi<~Controls.304~>276 <~Controls.305~><~Game.1931~> 4DB17C
$woischi<~Controls.313~>081 <~Controls.308~><~Controls.314~><~Game.1931~> 16C35B
<gus833> press 6D8360
$gus833<~Controls.509~>194<~Controls.510~><~Game.2006~><~Controls.511~><~Controls.46~> null
$gus833<~Controls.662~>201 043 353 143 <~Controls.663~><~Game.2035~> F4B983
$gus833<~Controls.840~>194 B64D7C
$woischi<~Controls.840~>153 1B03DB
<auto> playchosen 126C61
<auto><~Controls.3~>reveal 153 2E8483CF581B95446F542B71ACED8ADF2154EABC 19<~Controls.884~><~Controls.45~><~Controls.885~><~Game.2037~> FE96A2
<auto><~Controls.866~>reveal 194 E41CDE928797F625CF5682E293D172EAB090485C 7<~Controls.867~><~Controls.46~><~Controls.868~><~Game.2036~> C31356
<auto> playchosen 80F602
<gus833> ff3 001D95
<game> gus833<~Controls.1~> 1 1 2 6 2 null
<game> gus833<~Controls.1~> 3 1 3 6 null
<gus833> 2 D4599E
<game> woischi<~Controls.1~> 1 null
<game> woischi<~Controls.1~> 1 null
<woischi> 0 CCDDB0
$woischi<~Controls.304~>273 274 <~Controls.305~><~Game.1931~> 974917
$woischi<~Controls.313~>080 082 <~Controls.308~><~Controls.314~><~Game.1931~> 011CB7
$gus833<~Controls.662~>194 153 <~Controls.663~><~Game.2035~> E94E9E
$gus833<~Controls.840~>159 03D33F
$woischi<~Controls.840~>126 CD23DC
<auto> playchosen E91A2C
<auto><~Controls.3~>reveal 126 58579168DD4D3F7E8C044329925993D0CE6CC583 2<~Controls.884~><~Controls.45~><~Controls.885~><~Game.2037~> E17146
<auto><~Controls.866~>reveal 159 BE46C37A256F97086862E01170CF494C6E789DBA 15<~Controls.867~><~Controls.46~><~Controls.868~><~Game.2036~> 1BC063
<auto> playchosen 200013
<game> gus833<~Controls.1~> 1 6 1 4 6 null
<game> gus833<~Controls.1~> 3 5 4 null
<gus833> 3 F0AC07
<game> woischi<~Controls.1~> 2 4 4 null
<game> woischi<~Controls.1~> 3 null
<game> woischi<~Controls.1~> 5 null
<woischi> 1 A7F615
$gus833<~Scribe.141~>357 <~Scribe.142~><~Game.1943~><~Scribe.143~><~Game.2036~><~Scribe.144~> 2117CD
$woischi<~Scribe.141~>270 080 082 <~Scribe.142~><~Game.1931~><~Scribe.143~><~Game.2037~><~Scribe.144~> 6E037C
<gus833> post 55182C
<game> gus833<~Controls.1~> 5 null
<gus833> 1 32095D
$woischi<~Scribe.141~>078 <~Scribe.142~><~Game.1931~><~Scribe.143~><~Game.2037~><~Scribe.144~> 8EF91B
<gus833> press nc EA8000
$gus833<~Controls.662~>159 357 126 270 078 080 082 <~Controls.663~><~Game.2035~> 0254E3
<woischi> stay nc 92F131
<game> gus833<~Controls.1~> 5 1 4 3 3 null
<gus833> 1 04AAA6
<game> woischi<~Controls.1~> 1 null
$woischi<~Scribe.141~>081 <~Scribe.142~><~Game.1931~><~Scribe.143~><~Game.2037~><~Scribe.144~> FBCC7A
$gus833<~Scribe.141~>253 319 038 037 318 039 057 330 002 332 003 352 042 <~Scribe.142~><~Game.1943~><~Scribe.143~><~Game.1931~><~Scribe.144~> 3F5B68
<woischi> gg 4437D4
$gus833<~Scribe.141~>423 <~Scribe.142~><~Game.391~><~Scribe.143~><~Game.392~><~Scribe.144~> 2B582A
$gus833<~Controls.644~>103 081 <~Controls.645~><~Game.2035~> 41C0D1
<gus833> gg 24EA8C
<gus833> wp 1C6A44
<woischi> well a few mistakes here and there but could be worse :D 1858A6
<gus833> one less reveal in mordor and you probably dunk this turn 7EA01F
<gus833> you defended DEW very well, no chance at all I could take WLR EAE9F8
<woischi> y, i also thought about cruel weather, i would have had another move there 7E5F17
<gus833> yeah A6D6B6
<woischi> gg, see you around :) 73DB81
<gus833> cya! 932DDD
<~Talker.22~> null
