<auto> silent null
<auto><~Scribe.141~>363 397 398 402 401 400 399 403 404 376 375 374 373 377 378 <~Scribe.142~><~Game.2038~><~Scribe.143~>Spare<~Scribe.144~> null
<auto><~Scribe.141~>365 366 379 380 381 382 383 384 385 386 387 388 389 390 391 392 393 394 395 396 367 368 369 370 371 372 <~Scribe.142~><~Game.2040~><~Scribe.143~>Spare<~Scribe.144~> null
<auto><~Scribe.141~>230 231 <~Scribe.142~><~Game.2044~><~Scribe.143~>Spare<~Scribe.144~> null
<auto><~Scribe.141~>155 152 <~Scribe.142~><~Game.2004~><~Scribe.143~>Spare<~Scribe.144~> null
<auto><~Scribe.141~>137 151 <~Scribe.142~><~Game.2005~><~Scribe.143~>Spare<~Scribe.144~> null
<auto><~Scribe.141~>161 198 <~Scribe.142~><~Game.2006~><~Scribe.143~>Spare<~Scribe.144~> null
<auto><~Scribe.141~>163 188 <~Scribe.142~><~Game.2007~><~Scribe.143~>Spare<~Scribe.144~> null
<auto><~Controls.323~>364 null
<auto> noisy null
<auto> silent null
<auto><~Scribe.141~>312 <~Scribe.142~><~Game.2038~><~Scribe.143~><~Game.1965~><~Scribe.144~> null
<auto> noisy null
<~Game.7~>1 null
<auto> silent null
<auto><~Scribe.141~>363 397 398 402 401 400 399 403 404 376 375 374 373 377 378 <~Scribe.142~><~Game.2038~><~Scribe.143~>Spare<~Scribe.144~> null
<auto><~Scribe.141~>365 366 379 380 381 382 383 384 385 386 387 388 389 390 391 392 393 394 395 396 367 368 369 370 371 372 <~Scribe.142~><~Game.2040~><~Scribe.143~>Spare<~Scribe.144~> null
<auto><~Scribe.141~>230 231 <~Scribe.142~><~Game.2044~><~Scribe.143~>Spare<~Scribe.144~> null
<auto><~Scribe.141~>155 152 <~Scribe.142~><~Game.2004~><~Scribe.143~>Spare<~Scribe.144~> null
<auto><~Scribe.141~>137 151 <~Scribe.142~><~Game.2005~><~Scribe.143~>Spare<~Scribe.144~> null
<auto><~Scribe.141~>161 198 <~Scribe.142~><~Game.2006~><~Scribe.143~>Spare<~Scribe.144~> null
<auto><~Scribe.141~>163 188 <~Scribe.142~><~Game.2007~><~Scribe.143~>Spare<~Scribe.144~> null
<auto><~Controls.323~>364 null
<auto> noisy null
$base silent null
$TEST<~Scribe.141~>312 <~Scribe.142~><~Game.2038~><~Scribe.143~><~Game.1965~><~Scribe.144~> null
$base noisy null
<game> tybo<~Controls.408~>[WOTR-Gandalf2 wotr base2] null
<~Talker.31~> null
<hrafhraf> Hi 
<tybo> Hello! 
$hrafhraf<~Controls.464~>BC2C5062C1E6AC124B111AE3519892E8087C506D 5CE2102DA436C94F4BB84FF90F9D659B 24 0775BF77F6D443A5FAFD7500505B56553EEA4293 E00E7E39F9DE0FED758B8F0307DC887B 51A5D68761300A8D048C38FE118522BE62609F99 F892E80FC1F7412D8A2F01D6AEFB5457 497C3AACA0B01BDCE63D0D87AE60ED240E87FDDC 85CE89A35C0D316EFA34A53A4BBF3366 2666EBE44C850B3D715227F04FC3F6641BDFA378 1ED956D01B6F063245B9BF3768606359 53D56930F4D3AD4E6320E5A2B95B3DEEB9301D0E 575D548937A3A64AE5FD4D60E9A5C815 D12C75F4442C69645864EEE584B8251AB24C547C 4664365604A643FD6A0904BA5FD8E244 44E88C0F3B90452F3E656D876C3D1C363FB49DA0 42D5324E676877ADE7B620909E271A87 4E7C1C2C8B1B9FE42CC9CB3CAC7327E68652FC9D EEAD15EF8541E3B68CD768468C551624 AF89915AD3D947B5F5A078635565AFF89439AB52 75361263BD47E842944A80913BBA54D2 E8E6CCD9150787FF29D3FFE74910016E93B8DB67 16B6BC5DD7C4D798612FE25B3AF511A3 2CFBF561AA99BD9D21601BB3189350D221FA90ED E26B4CD57D393A91E495276F28E00CEC A6BB460FF37A7CC7A60BE27449C5BAF1DAE9CB23 C4CFFDA8E9A3BE1B42515EBA8996EDA2 448D3645CE5275753886C9E45FA1FDCCF4126BEF C25F692CDFFD4AC2B4D027A6DCA6748F B4EB668C8052960FCE2142D462E27BFC84119F99 817D2382DE25C28DAE227260ECC043DF A8C6461019E76EBF8A1AE08878D67147540F39D7 0E203E6292A7A2E943861BD266755271 7B1CBF827715EEC5E72B29EC447B5A2E9BCBB9A4 DB5D8D138C17E50DC72EF31AABDA36E5 5DF9710D2306EDB02D7E38590422F523BADFDF40 07131CFD34F6B7F9B51D90F2E72A9374 747FD111093E22886005C5C475835C450B5388B3 E1274EC8FD4D2241D336A14062AF7688 1B334E7E5BD7DF5365969FCA538C233B87949190 AE3B02D8DB80756A93F2E723158D911A 63FDE7AC4399195B8E144116ED4625D431EE6DE2 AAB7DC25F1F8099ABC52419680460058 D42099D28EC250691EF99300506CCF5525A37026 4C8E02F18FB0490A49FD36ECBA066DD2 E8623B7EC8044B626678948715AD08C99181E8C1 CE2A2A215BC5C6B691A1CCC1C9099251 A28C72EB0034BA8C414531DCE20FDB452308E4FC EC544DAACD8A4B92A70BDC0A33B6091C 707293067106042B7EDCFCC3C5916575BF523CFC EB0CAF70E0CFB42C038A9425D53B0E38 24 89960DBE17B27F7DFE97E00779CA8F16BD31558C DCA39446064C3E5D6189D80FF2CB93AC 21D4F2604A94638A564C8D93FD1417A53BA661F2 2194413D5B67F413E98A7E768EBE457E 9F7CE08801A11CE6659E99A7AD63E09B24A59346 30DEB90D1DD27D108FD828DEFD38A0E3 9B4A7B90F8ED10B61BE3B743F0AC0DD849C736A2 97EDC63B5C9FA2C8BC9BB9E2B629E5AC F0DAB3C584E5DC3EB21CB1A89138B65A2A673B48 3F4AF772EDD61D1D2E3A9FA26CAD44E9 C0B30D9A37C38EB652C8DFA5664D086CCFFF1605 F49911AAA4B2A1A21B1D8F285F317E87 74E2DB4D40F7857651EA37D438FEB1484474E298 24B6F7C9C1FAC5BE9C4603B7EEE6C0BE E84A00906F76625B327F7954B7A16208CBA926A7 E6D97EE1AA351BD84959318F715CE7F9 60BBF7DCF9F7ABCD164756F60A590E7CA2ECD3BD 3E2C8E94DA9E148520F6775F454F9364 10A330B26266479051CD8184568AC3806FD15B72 9F2A25321919265AAA94A94D270B6C04 606CA334F74B2791279589DDC39B83397A0B4A05 B0B7FF36ED8F928360396A4EC5EA12FA BD3C847957F1DC2100E23EAC3506C9BC5C831B66 52D2A581507C3A3E4AAE478E92CD8672 1019190528A7BF4F0B1B6C51C4517D6A8147220D E23811EDA28081FBE8218A61D996E863 8A8FED7EC41DE87AC418CC3C48791D8BF27077BD BB7CF3B8E04F5D32565035E7150A2025 D5DEF2CCBFFD0E430945CAD4C79A5011DBFAF954 FE494B2E16540FB2AA9A90187F980198 F6E532F850157CE92513BC891C56EEB6068E81A3 94E79F6412C82D8DA0B00ED3E7F38A1E 893AE5E8ADCE990A39905E999990626DE56662F5 7433264C5A38B82C79B0D3DCC77AD526 D320F271A5685FA10A36B423A315782CF151D6C6 219F820B5F9F3EC61FE1A26E94D1BA4B 01E66B9091EA7CC97AA720818C557E6F45838BCB 76F00FF9F190E1BC8C6AEB4E573D19FB 8AA30C64DBF30D1DB0EB491DA57F23EE211A51BA A5CACAA7F52865866DB03D837C936A3B 798673F0E13465CBD3DB287D981D9757B0F33473 7C437E9356B1F79A0233E975EAD23992 3F46B0E7DFA663977FE79FF8111D2A3E2023503A EA08CE5E3933E80A471A1DAF53BA3091 DCCC24A0C1C90F6595F2BF0E076DCC08C768A701 C2DA7E847467985058CFE3D9CCEF3721 8E9C5573DCEBF891D6C9FA5C0BB13DDEBC769AFC BE5C260C3FBAB8491148F44F9F8DB907 0 0 60FEF6
<tybo> So league game 2 
$hrafhraf<~Controls.281~>427 426 <~Controls.282~><~Game.2038~><~Controls.283~><~Game.2042~> CF6677
$tybo<~Controls.479~>83B69BC22A4DE4D9595C3CD584026426C22BEDB0 3BE1240F3494227E65BC6A6B5358905E 24 76BABFA727954C7CA0B51F728C94424A4E10D664 047FCCFAB71189A629B87B61AAD91147 EB6A3CB426D1DB57AA4E8716F500D31EB6341978 94AFE24DF81F58245AC03F7A0B5E9167 7684735EEE5113A26337E4CE56A24A8AD082AD86 EA134442F5C5E6DE885B38C55B340212 01D54895026FFEEDB5F86B1ADF22359219DD3DFB BEF6670BA1D73C7653DF0FEFC63B1525 B92AA47E7F98DFDE3FBF30F4666F26D5F425DEFD C4477166D309BD765527E10BCE9A42ED E6DCDFACEA59E8862C2599E056C179F1D7AE3D27 32873D4482D1C7BE3F56090EA653CF74 9D3AC521E3A22B83EFA9BE93959C378DE63F6932 806578742F8250384105F26EC149A770 5D130E58132DF9A66F9920D8BF676245B7812667 6E1BE3DBA25F01AAAF85440DA58C59A4 B147E7A70A6158E50ED21ED9E34A67C054CB7BCA 4BBE6A85D89622B4E118DD7704FC0D8E A49B2803C1B90AB5CA7B888AD983A8C4B887F629 731499253B5243885A42DFC00C992879 07FE6A808C2104C25EEFD44164965146A6916B6C 18AE9F96135DE37E2B98BAE6FD18C05C 4D5B63BC40E48D61F91A3E775DBB39FE716C8623 4546F5903C0A4FFF99B501E4FC8C529F 78A5F771D432B21EA3047241DEEF2F3B67932558 20B079DD1952C6D2FD33EB7027337C84 F94CD379D8E14289887FC794E2FD92CB5E958D58 6FD49462C85B23C0EBCD6E7CE8C42189 8147A1AFB9F80BA33C3C3F822712913058178EE9 5C83097296E5C36F96106FCD8ED6C0B7 6D502BBB5CE2985B0ECE90617D82365117027251 7C1E7D59B540BC0B733F8228191CAE4E 3B1F5EAA0BA3EA19DB3F764AE04E0D6104625BAD 0D5F41682CD491BD1B4EF3BA54A73246 7CF04C3053DF0CF2A0D29DE61777633020C459D6 7FBCFDE10E5B262C7514BE812973F609 39F12EE8B5E33AEED462404DAA69C1F228DF79B4 3537AAF3EE515C011421D86930D03751 3C8FB9E28B70D48FECB81CF7732259FA2AC7C600 8C8B25FF9147908ADDCD492088863481 6A48D4935456F06E149D0778C0EF71B46C465E5F 1B11CDFDE5048AF0EC7AB1FAEAC02296 49B0AD55390B411FE2DC212F4051DD988E1B3FCD 3CCA1C6432C043B6B7130536FB1465AE DB87FC811CD2ACEE9ED1C86A8A95E5A0C694E733 CB67C2AB8FCF140974420490E03C8612 28F0F87E616145E6C481C1C44272F19E741C9569 2D45F64E968EB083B8F50F2A17563ED8 24 D9830FBAF4BB69C813C4E516E7787440B913D52F 94A099AB5B6B41DF601C42C885B98C00 56027F27258695C431988636280A85B334047176 8093C996994EF365B4BBEA17CAC00E7E 1247EBA1EA87DBDEB7F0B0DA615FC7F852086E1D 888F8AC62ED3BFFFC8C34553DC0C6DCA 3BFFFBD3D2B3C628CA99E31563F5FCD6D4BD1860 5A632807C900824825468F97D3213E4D 97972A2A4576CAB0858C1FD923E2D7A3B1132E1E FF0B2321E17D7E1CA9F2D1BC016C569D 9E5792885532D3DA959B665326E201BC1B992618 63D64093E86CE879ABFE25BE45026BB4 D048AE5B1441130724B2B667D307CED1091707E1 1495E2C6C068BAF962DAD473A0B96D35 3827AB34711343D452D7DF15659EA50249371637 4AEE3E236D54BEAB865838D9085E5E6D 989DD76575FA4D9C763EA322B53987AF05570D6C 2606F69A0CF215F8372C728C7C24B655 D46355B0C4690D2EE2ABD540A6FCBEB4023466AB 3E09BFBE047541A71EE1820058AA4F84 8EE86158A27316134F4A4F538F15CDD76676F5D3 595B058C7A83C027D2B115B9EA15FF1F E71D6DAEDB4E1E87F30BCE1671A1B2FAAC8FE897 766E639F0A5B3D197CE0C83C442C33F8 B2D3C7510C73EC58424763F14CAB5CB0CD9F41AA 138645F5B30CF987BD75107D5370312A EA1397C6FDC290509AA04E24FE0C04D990EA27BF ABEADE4612042BC3CE894BAC309F0C0D EB0C0FE117DE1F36416A83723FA9CDE8B16C7709 7F51406BD24D7575E97B82A9B61D96BF F246383BC21106F0F0D853F1648F500ABC5A978A 997C060C6251B272E7BBC6BF532B80CE 833EE21B119C0A9E04BEF62A8842A7FA0363F40C 0D5704CFE9F17751290A93CB23EEEF35 A306C0B4A151C1DA35A8FA7E0E04A8DD0404AE28 8211BCB2764AF75BBC5115653AAC1B0E 3245B20758968C8F0BD677DB607F28B02BBB5067 F002AF667C799F1AB880395141C6829F 5C645D146B709C0F2853AEBCADF61C34C980B02B AA51C48A7C2F5DD6E802DFB64347125E 9DA01C03295828707BABA268F9E698BBE8893265 9FA882E603F5B707AFC218D0C91D626C 354649F3CDEE26F13ED4768B868DA8F6EEF8703D DC7CD941D75BA90629D4F19223526426 130B900A8C80A907EA594E9CB569F882D6555128 54A7FAC96D8F1934902E2F0808CEA0BE EAC68155E76EF40279070F979B9A84163FC32FA3 E3568D0D9DF8AFB4E017294B6189ADF7 0 0 3D7F22
<hrafhraf> Yep B1420E
<tybo> 2 tokens 256D30
<tybo> gl hf :) 9A6F94
<hrafhraf> you too 97A3CD
$tybo<~Controls.509~>208<~Controls.510~><~Game.2006~><~Controls.511~><~Controls.46~> null
$tybo<~Controls.509~>195<~Controls.510~><~Game.2007~><~Controls.511~><~Controls.46~> null
$hrafhraf<~Controls.509~>132<~Controls.510~><~Game.2004~><~Controls.511~><~Controls.45~> null
$hrafhraf<~Controls.509~>119<~Controls.510~><~Game.2005~><~Controls.511~><~Controls.45~> null
<hrafhraf> fsp ok ABAECC
<tybo> 0e 31A645
$tybo<~Controls.345~>105 104 103 102 101 100 099 <~Controls.346~>11 13 14 10 11 12 10 null
$tybo<~Controls.350~>105 104 103 102 101 100 099 null
<hrafhraf> wooo 06127A
$hrafhraf<~Controls.345~>213 212 211 210 <~Controls.346~>1 2 4 3 null
<hrafhraf> bah 286EE8
<tybo> would have been nice a couple mvt there 7E9494
<tybo> for you ABFBB7
<hrafhraf> yeah 2F7C20
<hrafhraf> got one 40FB96
$hrafhraf<~Scribe.141~>213 <~Scribe.142~><~Game.2042~><~Scribe.143~><~Game.2035~><~Scribe.144~> DD15F2
$hrafhraf<~Controls.790~>248<~Controls.791~><~Game.2014~><~Controls.792~><~Game.2015~> 41DDE7
$hrafhraf<~Controls.795~>213<~Controls.796~><~Game.2035~><~Controls.797~><~Game.1997~> 76ACA2
$tybo<~Scribe.141~>099 <~Scribe.142~><~Game.2043~><~Scribe.143~><~Game.2035~><~Scribe.144~> 79730E
$tybo<~Scribe.141~>263 <~Scribe.142~><~Game.2002~><~Scribe.143~><~Game.2003~><~Scribe.144~> CDDA92
$tybo<~Controls.644~>099 <~Controls.645~><~Game.2035~> F3A7D5
$hrafhraf<~Scribe.141~>210 <~Scribe.142~><~Game.2042~><~Scribe.143~><~Game.2035~><~Scribe.144~> F2A859
$hrafhraf<~Scribe.141~>256 <~Scribe.142~><~Game.2000~><~Scribe.143~><~Game.2001~><~Scribe.144~> 7325CF
$hrafhraf<~Controls.644~>210 <~Controls.645~><~Game.2035~> 5C6105
$tybo<~Scribe.141~>102 <~Scribe.142~><~Game.2043~><~Scribe.143~><~Game.2035~><~Scribe.144~> 9E87F3
$tybo<~Scribe.141~>254 360 <~Scribe.142~><~Game.2040~><~Scribe.143~><~Game.2037~><~Scribe.144~> 7D407C
$tybo<~Scribe.141~>254 <~Scribe.142~><~Game.2037~><~Scribe.143~><~Game.1919~><~Scribe.144~> 83F255
$tybo<~Controls.644~>102 360 <~Controls.645~><~Game.2035~> B02079
<hrafhraf> pass D55482
$tybo<~Scribe.141~>103 <~Scribe.142~><~Game.2043~><~Scribe.143~><~Game.2035~><~Scribe.144~> DC7A5B
$tybo<~Controls.509~>172<~Controls.510~><~Game.2007~><~Controls.511~><~Controls.46~> null
$tybo<~Controls.644~>103 <~Controls.645~><~Game.2035~> CD064B
<hrafhraf> pass B17F11
$tybo<~Scribe.141~>100 <~Scribe.142~><~Game.2043~><~Scribe.143~><~Game.2035~><~Scribe.144~> 19DF46
$tybo<~Scribe.141~>039 036 029 028 027 026 <~Scribe.142~><~Game.1979~><~Scribe.143~><~Game.533~><~Scribe.144~> BB8004
$tybo<~Scribe.141~>001 <~Scribe.142~><~Game.1910~><~Scribe.143~><~Game.1917~><~Scribe.144~> 4868DC
$tybo<~Controls.644~>100 <~Controls.645~><~Game.2035~> BDDA4C
<hrafhraf> pass 303DB7
$tybo<~Scribe.141~>104 <~Scribe.142~><~Game.2043~><~Scribe.143~><~Game.2035~><~Scribe.144~> 9647AE
$tybo<~Scribe.141~>039 036 029 028 027 026 <~Scribe.142~><~Game.533~><~Scribe.143~><~Game.1974~><~Scribe.144~> EAC7FB
$tybo<~Controls.644~>104 <~Controls.645~><~Game.2035~> E2CF49
$hrafhraf<~Scribe.141~>426 <~Scribe.142~><~Game.2042~><~Scribe.143~><~Game.2035~><~Scribe.144~> 6BE93E
$hrafhraf<~Scribe.141~>256 <~Scribe.142~><~Game.2001~><~Scribe.143~><~Game.2002~><~Scribe.144~> F0B5DD
$hrafhraf<~Controls.644~>426 <~Controls.645~><~Game.2035~> 227D09
$tybo<~Scribe.141~>101 <~Scribe.142~><~Game.2043~><~Scribe.143~><~Game.2035~><~Scribe.144~> 7D48EF
$tybo<~Scribe.141~>262 <~Scribe.142~><~Game.2002~><~Scribe.143~><~Game.2003~><~Scribe.144~> AC5843
$tybo<~Controls.644~>101 <~Controls.645~><~Game.2035~> DE0304
$hrafhraf<~Scribe.141~>212 <~Scribe.142~><~Game.2042~><~Scribe.143~><~Game.2035~><~Scribe.144~> C69B86
$hrafhraf<~Controls.509~>108<~Controls.510~><~Game.2004~><~Controls.511~><~Controls.45~> null
$hrafhraf<~Controls.644~>212 <~Controls.645~><~Game.2035~> 6AC8D9
$tybo<~Scribe.141~>105 <~Scribe.142~><~Game.2043~><~Scribe.143~><~Game.2035~><~Scribe.144~> EC5B21
$tybo<~Scribe.141~>039 038 036 029 028 027 026 025 024 023 022 021 <~Scribe.142~><~Game.1974~><~Scribe.143~><~Game.1976~><~Scribe.144~> ADD199
$tybo<~Scribe.141~>055 049 048 047 <~Scribe.142~><~Game.1968~><~Scribe.143~><~Game.1946~><~Scribe.144~> C9987A
$tybo<~Controls.644~>105 <~Controls.645~><~Game.2035~> C7C636
$hrafhraf<~Scribe.141~>211 <~Scribe.142~><~Game.2042~><~Scribe.143~><~Game.2035~><~Scribe.144~> A55F85
$hrafhraf<~Controls.366~>251<~Controls.367~><~Game.2010~><~Controls.368~><~Game.2011~> 721A3E
$hrafhraf changes 211  to C 4695A2
$hrafhraf<~Controls.790~>248<~Controls.791~><~Game.2015~><~Controls.792~><~Game.2016~> 7835BD
$hrafhraf<~Controls.795~>211<~Controls.796~><~Game.2035~><~Controls.797~><~Game.1997~> 5A6700
<hrafhraf> pass 203561
$tybo<~Controls.762~>105 101 104 100 103 102 360 099 <~Controls.763~><~Game.2041~><~Controls.764~><~Game.2043~> D5C305
$hrafhraf<~Controls.726~>211 213 <~Controls.727~><~Game.1997~><~Controls.728~><~Game.2042~> 9BB4C9
<~Game.7~>2 null
$hrafhraf<~Controls.731~>212 210 <~Controls.732~><~Game.2039~><~Controls.733~><~Game.2042~> F5B248
$tybo<~Controls.509~>182<~Controls.510~><~Game.2006~><~Controls.511~><~Controls.46~> null
$tybo<~Controls.509~>190<~Controls.510~><~Game.2007~><~Controls.511~><~Controls.46~> null
$hrafhraf<~Controls.509~>139<~Controls.510~><~Game.2004~><~Controls.511~><~Controls.45~> null
$hrafhraf<~Controls.509~>124<~Controls.510~><~Game.2005~><~Controls.511~><~Controls.45~> null
<hrafhraf> fsp ok CCE920
<tybo> 1e B65583
$tybo<~Controls.345~>105 101 104 100 103 102 360 099 <~Controls.346~>10 15 10 14 13 11 12 11 null
$tybo<~Controls.350~>105 101 104 100 103 102 360 099 null
$tybo<~Scribe.141~>105 <~Scribe.142~><~Game.2043~><~Scribe.143~><~Game.1997~><~Scribe.144~> D7B448
$tybo<~Controls.281~>105 <~Controls.282~><~Game.1997~><~Controls.283~><~Game.2043~> 3C5AAA
$hrafhraf<~Controls.345~>212 210 211 213 <~Controls.346~>3 1 1 2 null
<tybo> sry missclicked 1A1DBF
<tybo> you go F817E5
$hrafhraf<~Scribe.141~>211 <~Scribe.142~><~Game.2042~><~Scribe.143~><~Game.2035~><~Scribe.144~> AA30ED
$hrafhraf<~Controls.790~>248<~Controls.791~><~Game.2016~><~Controls.792~><~Game.2017~> 253C28
$hrafhraf<~Controls.795~>211<~Controls.796~><~Game.2035~><~Controls.797~><~Game.1997~> 0C4F16
<game> tybo<~Controls.1~> 1 null
<tybo> safe 05F8AB
$tybo<~Scribe.141~>105 <~Scribe.142~><~Game.2043~><~Scribe.143~><~Game.2035~><~Scribe.144~> B76342
$tybo<~Scribe.141~>261 <~Scribe.142~><~Game.2001~><~Scribe.143~><~Game.2002~><~Scribe.144~> AE11DA
$tybo<~Controls.644~>105 <~Controls.645~><~Game.2035~> 267974
<hrafhraf> hmm BC01C9
$hrafhraf<~Scribe.141~>210 <~Scribe.142~><~Game.2042~><~Scribe.143~><~Game.2035~><~Scribe.144~> 4B39D8
$hrafhraf<~Controls.790~>248<~Controls.791~><~Game.2017~><~Controls.792~><~Game.2018~> EE27EF
$hrafhraf<~Controls.795~>210<~Controls.796~><~Game.2035~><~Controls.797~><~Game.1997~> 54D1AE
<game> tybo<~Controls.1~> 6 null
$tybo<~Controls.624~>221<~Controls.625~><~Game.2044~><~Controls.626~><~Game.2037~> null
<tybo> 1r F23B66
$hrafhraf<~Scribe.141~>247 <~Scribe.142~><~Game.1911~><~Scribe.143~><~Game.1915~><~Scribe.144~> E3BE4B
$hrafhraf<~Scribe.141~>247 <~Scribe.142~><~Game.1915~><~Scribe.143~><~Game.1912~><~Scribe.144~> CE3BA6
$hrafhraf<~Scribe.141~>247 <~Scribe.142~><~Game.1912~><~Scribe.143~><~Game.1917~><~Scribe.144~> 8A7102
$hrafhraf<~Scribe.141~>247 <~Scribe.142~><~Game.1917~><~Scribe.143~><~Game.1927~><~Scribe.144~> 206ACC
$hrafhraf<~Controls.323~>247 70EE6D
<hrafhraf> moria F4D802
<tybo> you take 1 corruption first EF0BC2
$hrafhraf<~Scribe.141~>252 <~Scribe.142~><~Game.2014~><~Scribe.143~><~Game.2015~><~Scribe.144~> 96D3A8
<tybo> then draw again :) B0BEF7
$tybo<~Scribe.141~>221 <~Scribe.142~><~Game.2037~><~Scribe.143~><~Game.2036~><~Scribe.144~> 0F0512
$tybo<~Controls.624~>215<~Controls.625~><~Game.2044~><~Controls.626~><~Game.2037~> null
$tybo<~Controls.644~>221 215 <~Controls.645~><~Game.2035~> 6F6D80
$tybo<~Scribe.141~>360 <~Scribe.142~><~Game.2043~><~Scribe.143~><~Game.2035~><~Scribe.144~> 9E86A1
$tybo<~Scribe.141~>034 033 <~Scribe.142~><~Game.1971~><~Scribe.143~><~Game.1977~><~Scribe.144~> 59AB70
$tybo<~Scribe.141~>039 038 036 029 028 027 026 025 024 023 022 021 <~Scribe.142~><~Game.1976~><~Scribe.143~><~Game.1967~><~Scribe.144~> 6C63BC
$tybo<~Controls.644~>360 <~Controls.645~><~Game.2035~> 4F57C7
$hrafhraf<~Scribe.141~>213 <~Scribe.142~><~Game.2042~><~Scribe.143~><~Game.2035~><~Scribe.144~> 367C4D
$hrafhraf<~Scribe.141~>reveal 132 48DBB781A359F39F94FAF72C530638765DB59902 7 <~Scribe.142~><~Controls.45~><~Scribe.143~><~Game.2037~><~Scribe.144~> 788D50
$hrafhraf<~Controls.281~>233 <~Controls.282~><~Game.2046~><~Controls.283~><~Game.2045~> 79BA02
$hrafhraf<~Controls.509~>149<~Controls.510~><~Game.2004~><~Controls.511~><~Controls.45~> null
$hrafhraf<~Controls.644~>213 132 <~Controls.645~><~Game.2035~> C66192
$tybo<~Scribe.141~>099 <~Scribe.142~><~Game.2043~><~Scribe.143~><~Game.2035~><~Scribe.144~> 209D64
$tybo<~Scribe.141~>034 033 032 031 030 <~Scribe.142~><~Game.1977~><~Scribe.143~><~Game.1969~><~Scribe.144~> 983AD6
$tybo<~Scribe.141~>039 038 036 029 028 027 026 025 024 023 022 021 <~Scribe.142~><~Game.1967~><~Scribe.143~><~Game.1948~><~Scribe.144~> 241F58
$tybo<~Controls.644~>099 <~Controls.645~><~Game.2035~> AB9E73
<hrafhraf> pass 56F9A3
$tybo<~Scribe.141~>103 <~Scribe.142~><~Game.2043~><~Scribe.143~><~Game.2035~><~Scribe.144~> CD9459
$tybo<~Scribe.141~>039 038 036 029 028 027 026 025 024 023 022 021 <~Scribe.142~><~Game.1948~><~Scribe.143~><~Game.1942~><~Scribe.144~> 7A5622
$tybo<~Controls.819~> 3A5A8C
$tybo<~Controls.819~> D10847
$tybo<~Scribe.141~>102 <~Scribe.142~><~Game.2043~><~Scribe.143~><~Game.2035~><~Scribe.144~> E5637B
$hrafhraf<~Controls.323~>260 B199F8
$tybo<~Scribe.141~>055 057 049 048 047 046 045 <~Scribe.142~><~Game.1946~><~Scribe.143~><~Game.1932~><~Scribe.144~> 9084C0
$tybo<~Scribe.141~>055 057 049 048 047 046 045 <~Scribe.142~><~Game.1932~><~Scribe.143~><~Game.1948~><~Scribe.144~> 5669BD
$tybo<~Scribe.141~>055 057 049 048 047 046 045 <~Scribe.142~><~Game.1948~><~Scribe.143~><~Game.1932~><~Scribe.144~> 108031
$tybo<~Scribe.141~>039 038 036 029 028 027 026 025 024 023 022 021 <~Scribe.142~><~Game.1948~><~Scribe.143~><~Game.1942~><~Scribe.144~> DFE720
$tybo<~Controls.644~>102 <~Controls.645~><~Game.2035~> 5C00EB
<hrafhraf> did you play a card? 25F1B3
<tybo> no 43F199
<tybo> Just H dice DDC41B
<tybo> moved two armies 726D53
<hrafhraf> 4 movement? D3861D
<tybo> no B7228B
<tybo> near harad humbar 2FD629
<tybo> umbar* 95352E
<tybo> and druadan forest 1A71AD
$tybo<~Scribe.141~>099 <~Scribe.142~><~Game.2041~><~Scribe.143~><~Game.2035~><~Scribe.144~> F3550D
$tybo<~Scribe.141~>039 038 036 029 028 027 026 025 024 023 022 021 <~Scribe.142~><~Game.1942~><~Scribe.143~><~Game.1948~><~Scribe.144~> 4EF013
$tybo<~Scribe.141~>055 057 049 048 047 046 045 <~Scribe.142~><~Game.1932~><~Scribe.143~><~Game.1946~><~Scribe.144~> 6C3689
$tybo<~Scribe.141~>055 057 049 048 047 046 045 <~Scribe.142~><~Game.1946~><~Scribe.143~><~Game.1932~><~Scribe.144~> CEFAAB
$tybo<~Scribe.141~>039 038 036 029 028 027 026 025 024 023 022 021 <~Scribe.142~><~Game.1948~><~Scribe.143~><~Game.1942~><~Scribe.144~> E07023
$tybo<~Controls.644~>099 <~Controls.645~><~Game.2035~> A7BEAA
<hrafhraf> ok, must have been a misclick in there. it said more movement in the log 78356E
<tybo> Yeah I tought about using C dice 6FDEF5
<tybo> but undid 507D87
<tybo> as you can see in the log D5D024
$hrafhraf<~Scribe.141~>212 <~Scribe.142~><~Game.2042~><~Scribe.143~><~Game.2035~><~Scribe.144~> 4366E2
$hrafhraf<~Controls.819~> 2ED036
<hrafhraf> pass ABFED3
$tybo<~Scribe.141~>103 <~Scribe.142~><~Game.2043~><~Scribe.143~><~Game.2035~><~Scribe.144~> 3365F8
<tybo> MT EECA6A
$tybo<~Scribe.141~>260 <~Scribe.142~><~Game.2001~><~Scribe.143~><~Game.2002~><~Scribe.144~> 2DD67B
$hrafhraf<~Scribe.141~>085 084 083 082 081 <~Scribe.142~><~Game.1944~><~Scribe.143~><~Game.1994~><~Scribe.144~> 4860DA
$tybo<~Scribe.141~>039 038 036 029 028 027 026 025 024 023 022 021 <~Scribe.142~><~Game.1942~><~Scribe.143~><~Game.1944~><~Scribe.144~> 124A98
$tybo<~Controls.644~>103 <~Controls.645~><~Game.2035~> 8853FC
<hrafhraf> pass A829CC
$tybo<~Scribe.141~>104 <~Scribe.142~><~Game.2043~><~Scribe.143~><~Game.2035~><~Scribe.144~> 548361
$tybo<~Scribe.141~>261 <~Scribe.142~><~Game.2002~><~Scribe.143~><~Game.2003~><~Scribe.144~> 8618A2
$tybo<~Controls.644~>104 <~Controls.645~><~Game.2035~> 5A5118
<hrafhraf> here come the ships 4A04A3
<tybo> They might! 92375C
$hrafhraf<~Scribe.141~>212 <~Scribe.142~><~Game.2042~><~Scribe.143~><~Game.2035~><~Scribe.144~> 0EBA9C
<tybo> Getting ready for it is always good F05D6E
<tybo> they will come soon or late 3902AC
$hrafhraf<~Scribe.141~>259 <~Scribe.142~><~Game.2000~><~Scribe.143~><~Game.2001~><~Scribe.144~> 624628
$hrafhraf<~Controls.644~>212 <~Controls.645~><~Game.2035~> A49FEA
$tybo<~Scribe.141~>100 <~Scribe.142~><~Game.2043~><~Scribe.143~><~Game.2035~><~Scribe.144~> 155A1F
$tybo<~Scribe.141~>reveal 190 B6D9E9421911016633D8839F1888396FB80F0226 6 <~Scribe.142~><~Controls.46~><~Scribe.143~><~Game.2036~><~Scribe.144~> 5FC301
<tybo> all DA D1BEE6
$hrafhraf<~Scribe.141~>077 076 075 <~Scribe.142~><~Game.1920~><~Scribe.143~><~Game.1995~><~Scribe.144~> 352C93
$tybo<~Scribe.141~>055 057 049 048 047 046 045 043 042 041 <~Scribe.142~><~Game.1932~><~Scribe.143~><~Game.1920~><~Scribe.144~> 7980FE
$tybo<~Controls.644~>100 190 <~Controls.645~><~Game.2035~> EBCB32
$hrafhraf<~Scribe.141~>260 <~Scribe.142~><~Game.2002~><~Scribe.143~><~Game.2003~><~Scribe.144~> C9BAF3
<hrafhraf> pass A6036E
$tybo<~Controls.757~>101 <~Controls.758~><~Game.1997~><~Controls.759~><~Game.2043~> 352CE1
$tybo<~Controls.762~>100 104 103 099 102 360 105 <~Controls.763~><~Game.2041~><~Controls.764~><~Game.2043~> D883F2
$tybo<~Controls.509~>166<~Controls.510~><~Game.2006~><~Controls.511~><~Controls.46~> null
$tybo<~Controls.509~>171<~Controls.510~><~Game.2007~><~Controls.511~><~Controls.46~> null
$hrafhraf<~Controls.726~>210 211 <~Controls.727~><~Game.1997~><~Controls.728~><~Game.2042~> 14E6B3
<~Game.7~>3 null
$hrafhraf<~Controls.731~>212 213 <~Controls.732~><~Game.2039~><~Controls.733~><~Game.2042~> 7AAB92
$hrafhraf<~Controls.509~>107<~Controls.510~><~Game.2004~><~Controls.511~><~Controls.45~> null
$hrafhraf<~Controls.509~>138<~Controls.510~><~Game.2005~><~Controls.511~><~Controls.45~> null
$hrafhraf<~Controls.296~>124 <~Controls.297~><~Controls.45~> 6822C6
<hrafhraf> fsp ok FBA0C6
$tybo<~Controls.372~>100 5935F2
$tybo<~Controls.345~>104 103 099 102 360 105 101 <~Controls.346~>15 14 12 12 14 14 13 null
$tybo<~Controls.350~>104 103 099 102 360 105 101 null
$hrafhraf<~Controls.345~>212 213 210 211 <~Controls.346~>1 0 1 0 null
$hrafhraf<~Scribe.141~>213 <~Scribe.142~><~Game.2042~><~Scribe.143~><~Game.2035~><~Scribe.144~> 323952
$hrafhraf<~Controls.323~>247 240E81
$hrafhraf<~Controls.644~>213 <~Controls.645~><~Game.2035~> 5A4E3C
$tybo<~Scribe.141~>103 <~Scribe.142~><~Game.2043~><~Scribe.143~><~Game.2035~><~Scribe.144~> 7D379D
$tybo<~Scribe.141~>251 <~Scribe.142~><~Game.2011~><~Scribe.143~><~Game.2037~><~Scribe.144~> 5B4319
$tybo changes 103  to M C208F3
$tybo<~Scribe.141~>253 361 <~Scribe.142~><~Game.2040~><~Scribe.143~><~Game.2037~><~Scribe.144~> 98001A
$tybo<~Scribe.141~>253 <~Scribe.142~><~Game.2037~><~Scribe.143~><~Game.1920~><~Scribe.144~> 3B720C
$tybo<~Controls.644~>103 361 251 <~Controls.645~><~Game.2035~> 4B077B
$hrafhraf<~Scribe.141~>212 <~Scribe.142~><~Game.2042~><~Scribe.143~><~Game.2035~><~Scribe.144~> 03BF92
$hrafhraf<~Controls.790~>248<~Controls.791~><~Game.2014~><~Controls.792~><~Game.2015~> 09179F
$hrafhraf<~Controls.795~>212<~Controls.796~><~Game.2035~><~Controls.797~><~Game.1997~> 2990DB
<game> tybo<~Controls.1~> 5 6 null
$tybo<~Controls.624~>228<~Controls.625~><~Game.2044~><~Controls.626~><~Game.2037~> null
$hrafhraf<~Scribe.141~>240 <~Scribe.142~><~Game.1999~><~Scribe.143~><~Game.2037~><~Scribe.144~> FC699E
$hrafhraf<~Scribe.141~>241 <~Scribe.142~><~Game.1998~><~Scribe.143~><~Game.1999~><~Scribe.144~> 3666B1
$hrafhraf<~Controls.662~>228 240 <~Controls.663~><~Game.2035~> 922B50
$tybo<~Scribe.141~>105 <~Scribe.142~><~Game.2043~><~Scribe.143~><~Game.2035~><~Scribe.144~> 58A4F6
$tybo<~Scribe.141~>reveal 195 7F44E1B2D7936AC4B73BFAE321DF0F208351E3A8 5 <~Scribe.142~><~Controls.46~><~Scribe.143~><~Game.2037~><~Scribe.144~> E52FC8
$tybo<~Scribe.141~>211 <~Scribe.142~><~Game.2042~><~Scribe.143~><~Game.2037~><~Scribe.144~> A32AFB
$tybo<~Controls.644~>105 211 195 <~Controls.645~><~Game.2035~> 31B991
$tybo<~Controls.323~>258 257 DFDB39
$tybo<~Controls.323~>259 77F909
<hrafhraf> pass 662D1F
$tybo<~Scribe.141~>360 <~Scribe.142~><~Game.2043~><~Scribe.143~><~Game.2035~><~Scribe.144~> 1AA7FC
$tybo<~Scribe.141~>reveal 182 D22A08A1D0D79963DBD090200032EB883E00879C 8 <~Scribe.142~><~Controls.46~><~Scribe.143~><~Game.2037~><~Scribe.144~> 8A77AB
$tybo<~Scribe.141~>318 319 <~Scribe.142~><~Game.2040~><~Scribe.143~><~Game.1920~><~Scribe.144~> F1BA10
<tybo> att DA 69FC0D
$tybo<~Controls.840~>171 029DF3
<hrafhraf> nc DB481B
$tybo<~Scribe.141~>182 <~Scribe.142~><~Game.2037~><~Scribe.143~><~Game.2034~><~Scribe.144~> C95A51
<auto><~Controls.866~>reveal 171 F4E20E53CBD1397389B6BEE48E0CF22FA85AEBCA 8<~Controls.867~><~Controls.46~><~Controls.868~><~Game.2036~> F1F7C3
<game> tybo<~Controls.1~> 6 3 6 3 1 null
<game> tybo<~Controls.1~> 6 3 1 null
<tybo> 3! F40819
$hrafhraf<~Controls.296~>077 076 075 <~Controls.297~><~Game.1995~> 76B21C
<tybo> you can roll DCFCA8
<game> hrafhraf<~Controls.1~> 3 6 6 null
<hrafhraf> 2 0F7459
$tybo<~Scribe.141~>045 046 <~Scribe.142~><~Game.1920~><~Scribe.143~><~Game.2036~><~Scribe.144~> 862281
$tybo<~Controls.509~>176<~Controls.510~><~Game.2007~><~Controls.511~><~Controls.46~> null
$tybo<~Controls.644~>360 171 045 046 <~Controls.645~><~Game.2035~> B2CC4D
$tybo<~Controls.644~><~Controls.645~><~Game.2035~> 9938C6
<hrafhraf> pass 9C94C6
$tybo<~Scribe.141~>102 <~Scribe.142~><~Game.2043~><~Scribe.143~><~Game.2035~><~Scribe.144~> 8DAB22
$tybo<~Scribe.141~>253 318 319 055 057 049 048 047 042 041 <~Scribe.142~><~Game.1920~><~Scribe.143~><~Game.1924~><~Scribe.144~> ADEE3C
$hrafhraf<~Scribe.141~>423 <~Scribe.142~><~Game.27~><~Scribe.143~><~Game.29~><~Scribe.144~> 816CBC
$tybo<~Scribe.141~>417 <~Scribe.142~><~Game.2040~><~Scribe.143~><~Game.1920~><~Scribe.144~> 15B593
$tybo<~Scribe.141~>416 <~Scribe.142~><~Game.2040~><~Scribe.143~><~Game.1924~><~Scribe.144~> 8C130C
$tybo<~Scribe.141~>056 052 051 050 <~Scribe.142~><~Game.1986~><~Scribe.143~><~Game.1984~><~Scribe.144~> C67AB5
$tybo<~Controls.644~>102 <~Controls.645~><~Game.2035~> A61D54
$hrafhraf<~Controls.296~>182 <~Controls.297~><~Game.2034~> 0A17C0
<hrafhraf> pass CBBF47
$tybo<~Scribe.141~>101 <~Scribe.142~><~Game.2043~><~Scribe.143~><~Game.2035~><~Scribe.144~> 1BC045
<tybo> pel 3A4A05
<tybo> nc 671C75
$hrafhraf<~Controls.840~>119 F6B7C3
<auto><~Controls.861~>reveal 119 414786A5C14DC1CEBA6BCF373CFF827E8DC8A508 15<~Controls.862~><~Controls.45~><~Controls.863~><~Game.2037~> B883AF
$hrafhraf<~Scribe.141~>078 <~Scribe.142~><~Game.1931~><~Scribe.143~><~Game.1943~><~Scribe.144~> AAE25D
$tybo<~Scribe.141~>253 318 319 055 057 049 048 047 042 041 <~Scribe.142~><~Game.1924~><~Scribe.143~><~Game.1931~><~Scribe.144~> 39F54E
$hrafhraf<~Scribe.141~>423 <~Scribe.142~><~Game.29~><~Scribe.143~><~Game.30~><~Scribe.144~> 330D06
$tybo<~Scribe.141~>415 <~Scribe.142~><~Game.2040~><~Scribe.143~><~Game.1931~><~Scribe.144~> DBF2FD
$tybo<~Controls.644~>101 119 <~Controls.645~><~Game.2035~> CF1B6D
$hrafhraf<~Scribe.141~>210 <~Scribe.142~><~Game.2042~><~Scribe.143~><~Game.2035~><~Scribe.144~> 25D0EB
$hrafhraf<~Scribe.141~>reveal 149 55278A6D5035018493D5B9236B7AA937838CD36E 10 <~Scribe.142~><~Controls.45~><~Scribe.143~><~Game.2029~><~Scribe.144~> 9048AF
$hrafhraf<~Controls.644~>210 <~Controls.645~><~Game.2035~> 061850
$tybo<~Scribe.141~>099 <~Scribe.142~><~Game.2043~><~Scribe.143~><~Game.2035~><~Scribe.144~> 52E66D
<tybo> osg from pel ABFA72
$tybo<~Controls.840~>176 6F011D
<hrafhraf> nc 9FF618
<auto><~Controls.866~>reveal 176 C96562987D815E227467B3618009749A820015BA 17<~Controls.867~><~Controls.46~><~Controls.868~><~Game.2036~> 627994
<game> tybo<~Controls.1~> 3 1 2 3 5 null
<game> tybo<~Controls.1~> 5 1 1 2 null
<tybo> 2 FC9156
<game> hrafhraf<~Controls.1~> 1 3 5 null
<hrafhraf> 1 11D592
$tybo<~Scribe.141~>042 <~Scribe.142~><~Game.1931~><~Scribe.143~><~Game.2036~><~Scribe.144~> FD1CA2
$hrafhraf<~Scribe.141~>080 079 <~Scribe.142~><~Game.1943~><~Scribe.143~><~Game.2037~><~Scribe.144~> F37AEA
<tybo> press 2CEB7E
$tybo<~Controls.509~>185<~Controls.510~><~Game.2007~><~Controls.511~><~Controls.46~> null
<hrafhraf> retreat ACDB6F
$tybo<~Controls.644~>099 176 042 080 079 <~Controls.645~><~Game.2035~> 78CF7A
$hrafhraf<~Scribe.141~>078 <~Scribe.142~><~Game.1943~><~Scribe.143~><~Game.1935~><~Scribe.144~> 13755A
$tybo<~Scribe.141~>253 318 319 055 057 049 048 <~Scribe.142~><~Game.1931~><~Scribe.143~><~Game.1943~><~Scribe.144~> B287C2
$tybo<~Scribe.141~>047 <~Scribe.142~><~Game.1931~><~Scribe.143~><~Game.1943~><~Scribe.144~> 743918
<hrafhraf> pass D9738C
$tybo<~Controls.757~>104 100 <~Controls.758~><~Game.1997~><~Controls.759~><~Game.2043~> 9ACFA1
$tybo<~Controls.762~>099 101 102 360 105 103 361 <~Controls.763~><~Game.2041~><~Controls.764~><~Game.2043~> 151160
$tybo<~Controls.509~>173<~Controls.510~><~Game.2006~><~Controls.511~><~Controls.46~> null
$hrafhraf<~Controls.726~>212 <~Controls.727~><~Game.1997~><~Controls.728~><~Game.2042~> FDD944
<~Game.7~>4 null
$hrafhraf<~Controls.731~>210 211 213 <~Controls.732~><~Game.2039~><~Controls.733~><~Game.2042~> 2DB8AB
$tybo<~Controls.509~>159<~Controls.510~><~Game.2007~><~Controls.511~><~Controls.46~> null
$hrafhraf<~Controls.509~>133<~Controls.510~><~Game.2004~><~Controls.511~><~Controls.45~> null
$hrafhraf<~Controls.509~>145<~Controls.510~><~Game.2005~><~Controls.511~><~Controls.45~> null
<hrafhraf> declare in lorien & heal A385E1
$hrafhraf<~Scribe.141~>247 <~Scribe.142~><~Game.1927~><~Scribe.143~><~Game.1928~><~Scribe.144~> 82D0AB
$tybo<~Scribe.141~>248 252 <~Scribe.142~><~Game.2015~><~Scribe.143~><~Game.2014~><~Scribe.144~> 022CCB
$tybo<~Controls.372~>099 C4174E
$tybo<~Controls.345~>101 102 360 105 103 361 104 100 <~Controls.346~>15 14 11 12 12 15 11 10 null
$tybo<~Controls.350~>101 102 360 105 103 361 104 100 null
$hrafhraf<~Controls.345~>210 211 213 212 <~Controls.346~>1 4 0 1 null
$hrafhraf<~Scribe.141~>213 <~Scribe.142~><~Game.2042~><~Scribe.143~><~Game.2035~><~Scribe.144~> 7F34BD
$hrafhraf<~Scribe.141~>358 <~Scribe.142~><~Game.2038~><~Scribe.143~><~Game.2037~><~Scribe.144~> DE02DF
$hrafhraf<~Scribe.141~>240 <~Scribe.142~><~Game.2039~><~Scribe.143~><~Game.2037~><~Scribe.144~> 641895
$hrafhraf<~Controls.323~>240 C29077
$hrafhraf<~Scribe.141~>240 <~Scribe.142~><~Game.2037~><~Scribe.143~><~Game.1921~><~Scribe.144~> 9702BD
$hrafhraf<~Controls.644~>213 358 <~Controls.645~><~Game.2035~> CF9F17
$tybo<~Scribe.141~>105 <~Scribe.142~><~Game.2043~><~Scribe.143~><~Game.2035~><~Scribe.144~> 37575B
<tybo> Lossarnach from MT BAE6CA
<tybo> nc CBE1C2
<hrafhraf> nc 0D8C2C
<game> tybo<~Controls.1~> 4 3 6 3 3 null
<tybo> 1 5BEC51
<game> hrafhraf<~Controls.1~> 6 null
<hrafhraf> 1 2C096F
$tybo<~Scribe.141~>022 <~Scribe.142~><~Game.1944~><~Scribe.143~><~Game.2036~><~Scribe.144~> 0E115C
$tybo<~Scribe.141~>078 <~Scribe.142~><~Game.1935~><~Scribe.143~><~Game.2037~><~Scribe.144~> BD11BB
$tybo<~Scribe.141~>025 <~Scribe.142~><~Game.1944~><~Scribe.143~><~Game.1935~><~Scribe.144~> 4D3429
$tybo<~Scribe.141~>414 <~Scribe.142~><~Game.2040~><~Scribe.143~><~Game.1935~><~Scribe.144~> BB0843
$tybo<~Controls.644~>105 022 078 <~Controls.645~><~Game.2035~> 647E8B
$hrafhraf<~Scribe.141~>211 <~Scribe.142~><~Game.2042~><~Scribe.143~><~Game.2035~><~Scribe.144~> 83D42B
$hrafhraf<~Scribe.141~>reveal 138 7F8BE531C67CE72A2BF8FEF71DBB5CE227BD8D56 4 <~Scribe.142~><~Controls.45~><~Scribe.143~><~Game.2037~><~Scribe.144~> 608A3C
$hrafhraf<~Scribe.141~>259 <~Scribe.142~><~Game.2001~><~Scribe.143~><~Game.2002~><~Scribe.144~> 192BE3
$hrafhraf<~Scribe.141~>283 289 <~Scribe.142~><~Game.2038~><~Scribe.143~><~Game.1929~><~Scribe.144~> F84C27
$hrafhraf<~Controls.644~>211 138 <~Controls.645~><~Game.2035~> 42F0C2
$tybo<~Scribe.141~>103 <~Scribe.142~><~Game.2043~><~Scribe.143~><~Game.2035~><~Scribe.144~> 07A450
$tybo<~Scribe.141~>253 318 319 055 057 <~Scribe.142~><~Game.1943~><~Scribe.143~><~Game.1944~><~Scribe.144~> 91D7D6
$tybo<~Scribe.141~>037 034 033 032 031 030 020 019 018 017 016 <~Scribe.142~><~Game.1969~><~Scribe.143~><~Game.1964~><~Scribe.144~> 5EC102
$tybo<~Controls.644~>103 <~Controls.645~><~Game.2035~> FDD7E0
$hrafhraf<~Scribe.141~>212 <~Scribe.142~><~Game.2042~><~Scribe.143~><~Game.2035~><~Scribe.144~> 763060
$hrafhraf<~Scribe.141~>reveal 108 55B6B6F6CCB175F55CB1CEED0C1F2D27B873590E 1 <~Scribe.142~><~Controls.45~><~Scribe.143~><~Game.2037~><~Scribe.144~> 913748
$hrafhraf<~Scribe.141~>241 <~Scribe.142~><~Game.1999~><~Scribe.143~><~Game.1928~><~Scribe.144~> 26133E
$hrafhraf<~Scribe.141~>244 <~Scribe.142~><~Game.1998~><~Scribe.143~><~Game.1928~><~Scribe.144~> 546AF6
$hrafhraf<~Scribe.141~>241 244 <~Scribe.142~><~Game.1928~><~Scribe.143~><~Game.1930~><~Scribe.144~> 33607D
$hrafhraf<~Scribe.141~>241 244 <~Scribe.142~><~Game.1930~><~Scribe.143~><~Game.1937~><~Scribe.144~> C8649A
$hrafhraf<~Scribe.141~>241 244 <~Scribe.142~><~Game.1937~><~Scribe.143~><~Game.1925~><~Scribe.144~> 19AE75
$hrafhraf<~Scribe.141~>241 244 <~Scribe.142~><~Game.1925~><~Scribe.143~><~Game.1929~><~Scribe.144~> 55FEF5
<hrafhraf> hmm C618BC
<hrafhraf> one sec D389E0
<tybo> np EABE2F
$hrafhraf<~Scribe.141~>246 <~Scribe.142~><~Game.1998~><~Scribe.143~><~Game.1930~><~Scribe.144~> C5036C
$hrafhraf<~Scribe.141~>246 <~Scribe.142~><~Game.1930~><~Scribe.143~><~Game.1937~><~Scribe.144~> 26647C
$hrafhraf<~Scribe.141~>246 <~Scribe.142~><~Game.1937~><~Scribe.143~><~Game.1925~><~Scribe.144~> 93F3D4
$hrafhraf<~Scribe.141~>246 <~Scribe.142~><~Game.1925~><~Scribe.143~><~Game.1929~><~Scribe.144~> FF545F
<hrafhraf> fool of a took 43D4D2
<tybo> hahah 5C72D6
<tybo> go with the big guys AAF098
$hrafhraf<~Controls.644~>212 108 <~Controls.645~><~Game.2035~> EC4CF0
$hrafhraf<~Scribe.141~>243 <~Scribe.142~><~Game.1998~><~Scribe.143~><~Game.1999~><~Scribe.144~> 3BBFC3
$tybo<~Scribe.141~>104 <~Scribe.142~><~Game.2043~><~Scribe.143~><~Game.2035~><~Scribe.144~> F6EBF2
$tybo<~Scribe.141~>047 049 048 <~Scribe.142~><~Game.1943~><~Scribe.143~><~Game.1938~><~Scribe.144~> 9DF1F3
$tybo<~Scribe.141~>037 034 033 032 031 030 020 019 018 017 016 <~Scribe.142~><~Game.1964~><~Scribe.143~><~Game.1943~><~Scribe.144~> EEE66B
$tybo<~Controls.644~>104 <~Controls.645~><~Game.2035~> 39BF3D
<tybo> test 371411
<hrafhraf> test 6001D0
<tybo> okok 230CEF
<tybo> your turn 63C1FE
<hrafhraf> pass 2E943E
$tybo<~Scribe.141~>102 <~Scribe.142~><~Game.2043~><~Scribe.143~><~Game.2035~><~Scribe.144~> 49F9CF
$tybo<~Scribe.141~>reveal 173 F06BEF1F64C599FD9DBD723BE4624F93881C6E76 16 <~Scribe.142~><~Controls.46~><~Scribe.143~><~Game.2034~><~Scribe.144~> BE4404
<tybo> R1 57287E
<tybo> MT 3660FE
$tybo<~Controls.840~>159 C8F628
<auto><~Controls.866~>reveal 159 CDBE3BA66E47A9B68A8740802D0C4780E51BEAAA 21<~Controls.867~><~Controls.46~><~Controls.868~><~Game.2036~> 516AC8
<game> tybo<~Controls.1~> 5 4 1 6 4 null
<game> tybo<~Controls.1~> 4 6 5 3 null
<tybo> 2 2A84B7
<game> hrafhraf<~Controls.1~> 6 3 2 3 null
<game> hrafhraf<~Controls.1~> 4 null
<hrafhraf> 1 4076C4
$tybo<~Scribe.141~>021 <~Scribe.142~><~Game.1944~><~Scribe.143~><~Game.2036~><~Scribe.144~> 9079DB
<tybo> post 0F612C
<game> tybo<~Controls.1~> 3 6 3 null
<tybo> 1 13193F
<tybo> 3 total 0E54B6
$hrafhraf<~Scribe.141~>084 083 <~Scribe.142~><~Game.1994~><~Scribe.143~><~Game.2037~><~Scribe.144~> 9225E9
$tybo<~Controls.509~>206<~Controls.510~><~Game.2007~><~Controls.511~><~Controls.46~> null
$tybo<~Controls.644~>102 159 021 084 083 <~Controls.645~><~Game.2035~> 2EF7F5
$tybo<~Scribe.141~>173 <~Scribe.142~><~Game.2034~><~Scribe.143~><~Game.2033~><~Scribe.144~> 791C53
<tybo> R2 36822A
<tybo> nc 8BAEBF
<hrafhraf> nc FDBF47
<game> tybo<~Controls.1~> 2 4 6 1 1 null
<game> tybo<~Controls.1~> 4 1 4 2 null
<tybo> 1 02F02A
<game> hrafhraf<~Controls.1~> 1 6 null
<game> hrafhraf<~Controls.1~> 1 null
<hrafhraf> 1 47359E
$tybo<~Scribe.141~>029 <~Scribe.142~><~Game.1944~><~Scribe.143~><~Game.2035~><~Scribe.144~> A83E42
$tybo<~Scribe.141~>173 <~Scribe.142~><~Game.2033~><~Scribe.143~><~Game.2032~><~Scribe.144~> 0F3A98
$hrafhraf<~Scribe.141~>081 <~Scribe.142~><~Game.1994~><~Scribe.143~><~Game.2037~><~Scribe.144~> E735CA
$tybo<~Controls.644~>029 081 <~Controls.645~><~Game.2035~> 6D4967
<tybo> r3 359E06
<tybo> nc 5D28B3
<hrafhraf> nc 9997E0
<game> tybo<~Controls.1~> 4 1 4 1 1 null
<game> tybo<~Controls.1~> 2 3 4 1 3 null
<tybo> 0 342A7E
<game> hrafhraf<~Controls.1~> 2 null
<hrafhraf> 0 5A319A
<tybo> reroll C0C5D8
<game> hrafhraf<~Controls.1~> 6 null
<hrafhraf> 1 DFCEBB
$tybo<~Scribe.141~>027 <~Scribe.142~><~Game.1944~><~Scribe.143~><~Game.2036~><~Scribe.144~> 613974
<tybo> press 8FB380
<tybo> nc 04122A
<hrafhraf> nc D95494
$tybo<~Controls.304~>036 <~Controls.305~><~Game.1944~> A2BC38
$tybo<~Controls.313~>029 <~Controls.307~><~Controls.314~><~Game.1944~> 824811
$tybo<~Controls.644~>027 <~Controls.645~><~Game.2035~> 628F04
<game> tybo<~Controls.1~> 2 2 4 1 1 null
<game> tybo<~Controls.1~> 3 6 5 2 4 null
<tybo> 1 7805D2
<game> hrafhraf<~Controls.1~> 6 null
<hrafhraf> 1 42F04D
$hrafhraf<~Scribe.141~>085 082 <~Scribe.142~><~Game.1994~><~Scribe.143~><~Game.2037~><~Scribe.144~> 71A9A6
$tybo<~Scribe.141~>024 <~Scribe.142~><~Game.1944~><~Scribe.143~><~Game.2036~><~Scribe.144~> 7CB9F4
$tybo<~Controls.644~>024 085 082 <~Controls.645~><~Game.2035~> E14F8F
$tybo<~Scribe.141~>423 <~Scribe.142~><~Game.30~><~Scribe.143~><~Game.32~><~Scribe.144~> 8666E7
<hrafhraf> pass EBE496
$tybo<~Scribe.141~>412 <~Scribe.142~><~Game.2040~><~Scribe.143~><~Game.1944~><~Scribe.144~> 8C4805
$tybo<~Scribe.141~>100 <~Scribe.142~><~Game.2043~><~Scribe.143~><~Game.2035~><~Scribe.144~> 407C92
$tybo<~Scribe.141~>330 <~Scribe.142~><~Game.2040~><~Scribe.143~><~Game.1919~><~Scribe.144~> D163A8
$tybo<~Scribe.141~>329 <~Scribe.142~><~Game.2040~><~Scribe.143~><~Game.1914~><~Scribe.144~> 27992E
$tybo<~Scribe.141~>327 <~Scribe.142~><~Game.2040~><~Scribe.143~><~Game.1910~><~Scribe.144~> E7D28B
$tybo<~Controls.644~>100 <~Controls.645~><~Game.2035~> ED5A1F
$hrafhraf<~Scribe.141~>210 <~Scribe.142~><~Game.2042~><~Scribe.143~><~Game.2035~><~Scribe.144~> EA9D90
$hrafhraf<~Scribe.141~>241 244 246 283 289 073 072 <~Scribe.142~><~Game.1929~><~Scribe.143~><~Game.1925~><~Scribe.144~> 246293
$hrafhraf<~Controls.644~>210 <~Controls.645~><~Game.2035~> 8CC4BB
$tybo<~Scribe.141~>360 <~Scribe.142~><~Game.2043~><~Scribe.143~><~Game.2035~><~Scribe.144~> 878D93
$tybo<~Scribe.141~>253 318 319 039 038 055 057 029 028 <~Scribe.142~><~Game.1944~><~Scribe.143~><~Game.1942~><~Scribe.144~> 43DDF5
$tybo<~Scribe.141~>037 034 033 032 031 030 020 <~Scribe.142~><~Game.1943~><~Scribe.143~><~Game.1942~><~Scribe.144~> CFC1A7
$tybo<~Controls.644~>360 <~Controls.645~><~Game.2035~> 18BD3D
<hrafhraf> pass A64E4F
$hrafhraf<~Controls.731~>210 212 211 213 358 <~Controls.732~><~Game.2039~><~Controls.733~><~Game.2042~> D6A9B4
$tybo<~Controls.757~>101 361 099 <~Controls.758~><~Game.1997~><~Controls.759~><~Game.2043~> 32C059
<~Game.7~>5 null
$tybo<~Controls.762~>360 100 102 104 103 105 <~Controls.763~><~Game.2041~><~Controls.764~><~Game.2043~> 450483
$tybo<~Controls.509~>177<~Controls.510~><~Game.2006~><~Controls.511~><~Controls.46~> null
$tybo<~Controls.509~>175<~Controls.510~><~Game.2007~><~Controls.511~><~Controls.46~> null
$hrafhraf<~Controls.509~>116<~Controls.510~><~Game.2004~><~Controls.511~><~Controls.45~> null
$hrafhraf<~Controls.509~>156<~Controls.510~><~Game.2005~><~Controls.511~><~Controls.45~> null
$tybo<~Controls.296~>208 <~Controls.297~><~Controls.46~> AF1440
$tybo<~Controls.644~><~Controls.645~><~Game.2035~> D26058
$tybo<~Controls.296~>173 <~Controls.297~><~Game.2032~> 75F982
<hrafhraf> fsp ok 952EB2
<tybo> 0e 3C6F57
$tybo<~Controls.345~>360 100 102 104 103 105 101 361 099 <~Controls.346~>14 10 13 13 15 13 14 14 13 null
$tybo<~Controls.350~>360 100 102 104 103 105 101 361 099 null
$hrafhraf<~Controls.345~>210 212 211 213 358 <~Controls.346~>4 2 1 3 1 null
$hrafhraf<~Scribe.141~>213 <~Scribe.142~><~Game.2042~><~Scribe.143~><~Game.2035~><~Scribe.144~> C150C7
$hrafhraf<~Scribe.141~>259 <~Scribe.142~><~Game.2002~><~Scribe.143~><~Game.2003~><~Scribe.144~> D58FD5
$hrafhraf<~Controls.644~>213 <~Controls.645~><~Game.2035~> 6DEF62
$tybo<~Scribe.141~>099 <~Scribe.142~><~Game.2043~><~Scribe.143~><~Game.2035~><~Scribe.144~> 411741
$tybo<~Scribe.141~>253 037 318 319 039 038 055 057 034 033 032 031 030 020 029 028 <~Scribe.142~><~Game.1942~><~Scribe.143~><~Game.1933~><~Scribe.144~> 3648F4
$tybo<~Scribe.141~>420 <~Scribe.142~><~Game.2040~><~Scribe.143~><~Game.1933~><~Scribe.144~> E7C878
$tybo<~Controls.644~>099 <~Controls.645~><~Game.2035~> F5FCD3
$hrafhraf<~Scribe.141~>210 <~Scribe.142~><~Game.2042~><~Scribe.143~><~Game.2035~><~Scribe.144~> 7789A2
$hrafhraf<~Scribe.141~>241 244 246 283 289 073 072 <~Scribe.142~><~Game.1925~><~Scribe.143~><~Game.1918~><~Scribe.144~> 94AA69
$hrafhraf<~Scribe.141~>071 <~Scribe.142~><~Game.1923~><~Scribe.143~><~Game.1918~><~Scribe.144~> 7DA628
$hrafhraf<~Controls.644~>210 <~Controls.645~><~Game.2035~> DB3CFC
$tybo<~Scribe.141~>100 <~Scribe.142~><~Game.2043~><~Scribe.143~><~Game.2035~><~Scribe.144~> F11C42
$tybo<~Controls.304~>005 330 <~Controls.305~><~Game.1919~> A60D90
$tybo<~Controls.313~>325 326 <~Controls.309~><~Controls.314~><~Game.1919~> 03296B
$tybo<~Controls.644~>100 <~Controls.645~><~Game.2035~> AACA87
$hrafhraf<~Scribe.141~>212 <~Scribe.142~><~Game.2042~><~Scribe.143~><~Game.2035~><~Scribe.144~> 136AF6
$hrafhraf<~Scribe.141~>reveal 107 635DF00400BE21DD29815CF0E98FF1C375039CA3 5 <~Scribe.142~><~Controls.45~><~Scribe.143~><~Game.2037~><~Scribe.144~> 77254C
$hrafhraf<~Controls.304~>071 <~Controls.305~><~Game.1918~> 751CD5
$hrafhraf<~Controls.313~>288 <~Controls.309~><~Controls.314~><~Game.1918~> 5E76DA
$hrafhraf<~Controls.509~>143<~Controls.510~><~Game.2005~><~Controls.511~><~Controls.45~> null
$hrafhraf<~Controls.509~>120<~Controls.510~><~Game.2005~><~Controls.511~><~Controls.45~> null
$hrafhraf<~Controls.296~>120 <~Controls.297~><~Controls.45~> CE60B7
$hrafhraf<~Controls.644~>212 107 <~Controls.645~><~Game.2035~> D54BA3
$tybo<~Scribe.141~>361 <~Scribe.142~><~Game.2043~><~Scribe.143~><~Game.2035~><~Scribe.144~> 35C97B
$tybo<~Scribe.141~>reveal 175 89D18D5D5A1894CC5E31E8D7F124F7FAE7200DAC 23 <~Scribe.142~><~Controls.46~><~Scribe.143~><~Game.2036~><~Scribe.144~> E1840F
$tybo<~Scribe.141~>331 328 <~Scribe.142~><~Game.2040~><~Scribe.143~><~Game.1910~><~Scribe.144~> 96630A
$tybo<~Scribe.141~>330 332 <~Scribe.142~><~Game.2040~><~Scribe.143~><~Game.1914~><~Scribe.144~> 4753F2
$tybo<~Scribe.141~>323 324 <~Scribe.142~><~Game.2040~><~Scribe.143~><~Game.1919~><~Scribe.144~> 316290
$tybo<~Controls.644~>361 175 <~Controls.645~><~Game.2035~> FE7191
<hrafhraf> pass 5F8F81
$tybo<~Scribe.141~>104 <~Scribe.142~><~Game.2043~><~Scribe.143~><~Game.2035~><~Scribe.144~> 4B9D93
$tybo<~Scribe.141~>253 037 318 319 039 038 055 057 034 033 032 031 030 020 029 028 <~Scribe.142~><~Game.1933~><~Scribe.143~><~Game.1929~><~Scribe.144~> E8417E
$tybo<~Scribe.141~>419 <~Scribe.142~><~Game.2040~><~Scribe.143~><~Game.1929~><~Scribe.144~> DA3635
$tybo<~Controls.644~>104 <~Controls.645~><~Game.2035~> 87A205
$tybo<~Scribe.141~>423 <~Scribe.142~><~Game.32~><~Scribe.143~><~Game.33~><~Scribe.144~> E290AA
<hrafhraf> pass 579CD6
$tybo<~Scribe.141~>105 <~Scribe.142~><~Game.2043~><~Scribe.143~><~Game.2035~><~Scribe.144~> AA57EF
$tybo<~Scribe.141~>253 037 318 319 039 038 055 057 034 033 032 031 030 020 029 028 <~Scribe.142~><~Game.1929~><~Scribe.143~><~Game.1925~><~Scribe.144~> 6843F7
$tybo<~Scribe.141~>411 <~Scribe.142~><~Game.2040~><~Scribe.143~><~Game.1925~><~Scribe.144~> 08241C
$tybo<~Controls.644~>105 <~Controls.645~><~Game.2035~> 267392
$hrafhraf<~Scribe.141~>211 <~Scribe.142~><~Game.2042~><~Scribe.143~><~Game.2035~><~Scribe.144~> E659DD
$hrafhraf<~Scribe.141~>241 244 246 283 074 288 289 073 072 070 069 <~Scribe.142~><~Game.1918~><~Scribe.143~><~Game.1905~><~Scribe.144~> A7188D
$hrafhraf<~Controls.644~>211 <~Controls.645~><~Game.2035~> 09BA0A
$tybo<~Scribe.141~>102 <~Scribe.142~><~Game.2043~><~Scribe.143~><~Game.2035~><~Scribe.144~> 30F840
$tybo<~Scribe.141~>037 034 <~Scribe.142~><~Game.1925~><~Scribe.143~><~Game.1923~><~Scribe.144~> 7008C6
$tybo<~Controls.644~>102 <~Controls.645~><~Game.2035~> C3BE21
$tybo<~Scribe.141~>418 <~Scribe.142~><~Game.2040~><~Scribe.143~><~Game.1923~><~Scribe.144~> 54EC85
$tybo<~Scribe.141~>423 <~Scribe.142~><~Game.33~><~Scribe.143~><~Game.389~><~Scribe.144~> 3518B0
$hrafhraf<~Scribe.141~>358 <~Scribe.142~><~Game.2042~><~Scribe.143~><~Game.2035~><~Scribe.144~> AFDA02
$hrafhraf<~Scribe.141~>241 244 246 283 074 288 289 073 072 070 069 <~Scribe.142~><~Game.1905~><~Scribe.143~><~Game.1907~><~Scribe.144~> 9FF182
$hrafhraf<~Controls.644~>358 <~Controls.645~><~Game.2035~> AD760E
$tybo<~Scribe.141~>101 <~Scribe.142~><~Game.2043~><~Scribe.143~><~Game.2035~><~Scribe.144~> 4213CF
$tybo<~Controls.509~>178<~Controls.510~><~Game.2007~><~Controls.511~><~Controls.46~> null
$tybo<~Controls.644~>101 <~Controls.645~><~Game.2035~> 8E3889
<hrafhraf> pass 0736C8
$tybo<~Scribe.141~>360 <~Scribe.142~><~Game.2043~><~Scribe.143~><~Game.2035~><~Scribe.144~> 6C7BCB
$tybo<~Controls.509~>180<~Controls.510~><~Game.2007~><~Controls.511~><~Controls.46~> null
$tybo<~Controls.296~>177 <~Controls.297~><~Controls.46~> 511DB1
<hrafhraf> pass 8BA28B
$tybo<~Controls.644~>360 <~Controls.645~><~Game.2035~> CDF26B
$tybo<~Controls.757~>103 <~Controls.758~><~Game.1997~><~Controls.759~><~Game.2043~> 81D527
$tybo<~Controls.762~>360 101 102 105 104 361 100 099 <~Controls.763~><~Game.2041~><~Controls.764~><~Game.2043~> 8A6CE8
$hrafhraf<~Controls.731~>358 211 212 210 213 <~Controls.732~><~Game.2039~><~Controls.733~><~Game.2042~> BA9CD1
<~Game.7~>6 null
$tybo<~Controls.509~>174<~Controls.510~><~Game.2006~><~Controls.511~><~Controls.46~> null
$tybo<~Controls.509~>189<~Controls.510~><~Game.2007~><~Controls.511~><~Controls.46~> null
$hrafhraf<~Controls.509~>115<~Controls.510~><~Game.2004~><~Controls.511~><~Controls.45~> null
$hrafhraf<~Controls.509~>122<~Controls.510~><~Game.2005~><~Controls.511~><~Controls.45~> null
$tybo<~Controls.296~>166 <~Controls.297~><~Controls.46~> 0725CF
$hrafhraf<~Controls.296~>116 <~Controls.297~><~Controls.45~> 90EB34
$hrafhraf<~Controls.296~>156 <~Controls.297~><~Controls.45~> A1EEF7
$tybo<~Controls.296~>174 <~Controls.297~><~Controls.46~> C49FE8
<hrafhraf> fsp ok 3594C8
<tybo> 0e 2BDEC2
$tybo<~Controls.345~>360 101 102 105 104 361 100 099 103 <~Controls.346~>11 14 14 13 12 15 14 13 14 null
$tybo<~Controls.350~>360 101 102 105 104 361 100 099 103 null
$hrafhraf<~Controls.345~>358 211 212 210 213 <~Controls.346~>4 0 0 4 1 null
$hrafhraf<~Scribe.141~>358 <~Scribe.142~><~Game.2042~><~Scribe.143~><~Game.2035~><~Scribe.144~> 90FAF8
$hrafhraf<~Scribe.141~>241 244 246 283 074 288 289 073 072 070 069 <~Scribe.142~><~Game.1907~><~Scribe.143~><~Game.1909~><~Scribe.144~> DCAD75
$hrafhraf<~Scribe.141~>065 <~Scribe.142~><~Game.1941~><~Scribe.143~><~Game.1957~><~Scribe.144~> 4CF5EE
$hrafhraf<~Controls.644~>358 <~Controls.645~><~Game.2035~> A7E7A0
$tybo<~Scribe.141~>104 <~Scribe.142~><~Game.2043~><~Scribe.143~><~Game.2035~><~Scribe.144~> E8624B
$tybo<~Scribe.141~>253 318 319 039 038 055 057 033 032 031 030 020 029 028 <~Scribe.142~><~Game.1925~><~Scribe.143~><~Game.1933~><~Scribe.144~> 93E884
$tybo<~Scribe.141~>019 018 017 016 <~Scribe.142~><~Game.1943~><~Scribe.143~><~Game.1938~><~Scribe.144~> 83B758
$tybo<~Controls.644~>104 <~Controls.645~><~Game.2035~> 842DF3
$hrafhraf<~Scribe.141~>210 <~Scribe.142~><~Game.2042~><~Scribe.143~><~Game.2035~><~Scribe.144~> 5DF18F
<hrafhraf> DA 095706
$tybo<~Scribe.141~>043 <~Scribe.142~><~Game.1920~><~Scribe.143~><~Game.1995~><~Scribe.144~> B960F0
$hrafhraf<~Scribe.141~>241 244 246 283 074 288 289 073 072 070 069 <~Scribe.142~><~Game.1909~><~Scribe.143~><~Game.1920~><~Scribe.144~> 3B961C
$hrafhraf<~Controls.644~>210 <~Controls.645~><~Game.2035~> 48B7CF
$tybo<~Scribe.141~>103 <~Scribe.142~><~Game.2043~><~Scribe.143~><~Game.2035~><~Scribe.144~> 80426D
$tybo<~Scribe.141~>reveal 180 51121B884FA66652BFAA535976E7A8899279FD21 9 <~Scribe.142~><~Controls.46~><~Scribe.143~><~Game.2036~><~Scribe.144~> D76606
$tybo<~Scribe.141~>253 318 319 039 038 055 057 033 032 031 030 020 029 028 <~Scribe.142~><~Game.1933~><~Scribe.143~><~Game.1942~><~Scribe.144~> 1344D3
$tybo<~Scribe.141~>253 318 319 039 038 055 057 033 032 031 030 020 029 028 <~Scribe.142~><~Game.1942~><~Scribe.143~><~Game.1943~><~Scribe.144~> 44CA89
$tybo<~Scribe.141~>253 318 319 039 038 055 057 033 032 031 030 020 029 028 <~Scribe.142~><~Game.1943~><~Scribe.143~><~Game.1931~><~Scribe.144~> 0D84BD
$tybo<~Controls.644~>103 180 <~Controls.645~><~Game.2035~> 5CABA5
$hrafhraf<~Scribe.141~>212 <~Scribe.142~><~Game.2042~><~Scribe.143~><~Game.2035~><~Scribe.144~> 2E0ED4
$hrafhraf<~Scribe.141~>reveal 143 074039C39D9685EAD91E407775BD1A87F9C9082E 20 <~Scribe.142~><~Controls.45~><~Scribe.143~><~Game.2037~><~Scribe.144~> 46A27C
$hrafhraf<~Scribe.141~>266 267 <~Scribe.142~><~Game.2038~><~Scribe.143~><~Game.1920~><~Scribe.144~> E10E03
$hrafhraf<~Controls.644~>212 143 <~Controls.645~><~Game.2035~> E7344F
<tybo> elves not at war C95F00
<tybo> can't play it :( 5077AD
$hrafhraf<~Controls.819~> 07037C
$hrafhraf<~Controls.819~> 98DC06
$hrafhraf<~Controls.819~> 14B5D9
<hrafhraf> true 22BDDD
$hrafhraf<~Controls.819~> 01BB46
$hrafhraf<~Scribe.141~>211 <~Scribe.142~><~Game.2042~><~Scribe.143~><~Game.2035~><~Scribe.144~> 7987B1
$hrafhraf<~Scribe.141~>256 <~Scribe.142~><~Game.2002~><~Scribe.143~><~Game.2003~><~Scribe.144~> 42EA83
$hrafhraf<~Controls.644~>211 <~Controls.645~><~Game.2035~> C0DDBE
$tybo<~Scribe.141~>360 <~Scribe.142~><~Game.2043~><~Scribe.143~><~Game.2035~><~Scribe.144~> 91A2EE
$tybo<~Scribe.141~>253 318 319 039 038 055 057 041 033 032 031 030 020 029 028 <~Scribe.142~><~Game.1931~><~Scribe.143~><~Game.1924~><~Scribe.144~> CA3031
$tybo<~Scribe.141~>047 049 048 019 018 017 016 <~Scribe.142~><~Game.1938~><~Scribe.143~><~Game.1931~><~Scribe.144~> 7E2226
$tybo<~Controls.644~>360 <~Controls.645~><~Game.2035~> CD1C2E
$hrafhraf<~Scribe.141~>212 <~Scribe.142~><~Game.2042~><~Scribe.143~><~Game.2035~><~Scribe.144~> BF9428
$hrafhraf<~Scribe.141~>reveal 143 074039C39D9685EAD91E407775BD1A87F9C9082E 20 <~Scribe.142~><~Controls.45~><~Scribe.143~><~Game.2037~><~Scribe.144~> C055E5
$hrafhraf<~Scribe.141~>266 267 <~Scribe.142~><~Game.2038~><~Scribe.143~><~Game.1920~><~Scribe.144~> 9D98DD
$hrafhraf<~Controls.644~>212 143 <~Controls.645~><~Game.2035~> 7ED0DB
$tybo<~Scribe.141~>099 <~Scribe.142~><~Game.2043~><~Scribe.143~><~Game.2035~><~Scribe.144~> 6B4735
<tybo> DA 603770
$tybo<~Controls.840~>206 EBB8D7
$hrafhraf<~Controls.840~>115 688486
<auto> playchosen 1D65AB
<auto><~Controls.3~>reveal 115 1DDC245CE77DE7A739A3C6E7DB8FFC4ED5B76E8A 21<~Controls.884~><~Controls.45~><~Controls.885~><~Game.2037~> 23DC91
<auto><~Controls.866~>reveal 206 5E7977A8C1102A42386399CE71AB16355227A72F 11<~Controls.867~><~Controls.46~><~Controls.868~><~Game.2036~> 9AADCC
<auto> playchosen 570139
<hrafhraf> knew it :) 7CF94B
<game> tybo<~Controls.1~> 3 3 6 5 2 null
<game> tybo<~Controls.1~> 4 2 4 null
<tybo> 2 C03BEB
<game> hrafhraf<~Controls.1~> 3 3 3 3 6 null
<game> hrafhraf<~Controls.1~> 3 3 2 6 null
<hrafhraf> 2 46A4D7
$tybo<~Scribe.141~>029 020 <~Scribe.142~><~Game.1924~><~Scribe.143~><~Game.2036~><~Scribe.144~> B851B4
<tybo> press/draw C14D69
$hrafhraf<~Scribe.141~>070 069 <~Scribe.142~><~Game.1920~><~Scribe.143~><~Game.2037~><~Scribe.144~> 9FE5F0
$tybo<~Controls.509~>170<~Controls.510~><~Game.2007~><~Controls.511~><~Controls.46~> null
$tybo<~Scribe.141~>206 029 020 <~Scribe.142~><~Game.2036~><~Scribe.143~><~Game.2037~><~Scribe.144~> 70E2B2
$tybo<~Controls.296~>206 115 029 020 070 069 <~Controls.297~><~Game.2037~> 5713C2
$tybo<~Controls.840~>185 0E5A18
<hrafhraf> thinking 90AD4D
<tybo> np tyt C2D727
<hrafhraf> retreat 241ED3
<tybo> ok 9CC778
$hrafhraf<~Scribe.141~>241 244 246 283 074 266 267 288 289 073 072 <~Scribe.142~><~Game.1920~><~Scribe.143~><~Game.1909~><~Scribe.144~> 28374F
$tybo<~Scribe.141~>253 318 319 039 038 055 057 041 033 032 031 030 028 <~Scribe.142~><~Game.1924~><~Scribe.143~><~Game.1920~><~Scribe.144~> A58783
$tybo<~Scribe.141~>043 <~Scribe.142~><~Game.1995~><~Scribe.143~><~Game.1920~><~Scribe.144~> 01F3C2
$tybo<~Controls.644~>099 <~Controls.645~><~Game.2035~> 581CBE
$tybo<~Controls.179~> 548732
$hrafhraf<~Scribe.141~>213 <~Scribe.142~><~Game.2042~><~Scribe.143~><~Game.2035~><~Scribe.144~> 8E72C5
$hrafhraf<~Scribe.141~>241 244 246 283 074 266 267 288 289 073 072 <~Scribe.142~><~Game.1909~><~Scribe.143~><~Game.1907~><~Scribe.144~> F08970
$hrafhraf<~Controls.644~>213 <~Controls.645~><~Game.2035~> 37CD69
$tybo<~Scribe.141~>100 <~Scribe.142~><~Game.2043~><~Scribe.143~><~Game.2035~><~Scribe.144~> 24B5E0
$tybo<~Controls.509~>193<~Controls.510~><~Game.2006~><~Controls.511~><~Controls.46~> null
$tybo<~Controls.644~>100 <~Controls.645~><~Game.2035~> 7E302D
<hrafhraf> pass 01A816
$tybo<~Scribe.141~>102 <~Scribe.142~><~Game.2043~><~Scribe.143~><~Game.2035~><~Scribe.144~> C7BC0B
$tybo<~Controls.509~>194<~Controls.510~><~Game.2006~><~Controls.511~><~Controls.46~> null
$tybo<~Controls.296~>193 <~Controls.297~><~Controls.46~> C47502
$tybo<~Controls.644~>102 <~Controls.645~><~Game.2035~> 25106F
<hrafhraf> pass 1EBCF8
$tybo<~Scribe.141~>105 <~Scribe.142~><~Game.2043~><~Scribe.143~><~Game.2035~><~Scribe.144~> F4C95D
$tybo<~Scribe.141~>253 318 319 039 038 055 057 043 041 033 032 031 028 <~Scribe.142~><~Game.1920~><~Scribe.143~><~Game.1909~><~Scribe.144~> 7AE8C5
$tybo<~Controls.644~>105 <~Controls.645~><~Game.2035~> 86CFA9
<hrafhraf> pass B46FE7
$tybo<~Scribe.141~>101 <~Scribe.142~><~Game.2043~><~Scribe.143~><~Game.2035~><~Scribe.144~> 6F9ECA
$tybo<~Controls.509~>162<~Controls.510~><~Game.2006~><~Controls.511~><~Controls.46~> null
$tybo<~Controls.644~>101 <~Controls.645~><~Game.2035~> F852B5
$tybo<~Controls.296~>194 <~Controls.297~><~Controls.46~> 032E1B
<hrafhraf> ppass 99A85D
$tybo<~Controls.757~>361 <~Controls.758~><~Game.1997~><~Controls.759~><~Game.2043~> 32382E
$tybo<~Controls.762~>101 105 102 100 099 360 103 104 <~Controls.763~><~Game.2041~><~Controls.764~><~Game.2043~> 61B2D2
$tybo<~Controls.509~>201<~Controls.510~><~Game.2006~><~Controls.511~><~Controls.46~> null
$hrafhraf<~Controls.731~>213 212 211 210 358 <~Controls.732~><~Game.2039~><~Controls.733~><~Game.2042~> D89F36
<~Game.7~>7 null
$tybo<~Controls.509~>197<~Controls.510~><~Game.2007~><~Controls.511~><~Controls.46~> null
$hrafhraf<~Controls.509~>136<~Controls.510~><~Game.2004~><~Controls.511~><~Controls.45~> null
$hrafhraf<~Controls.509~>129<~Controls.510~><~Game.2005~><~Controls.511~><~Controls.45~> null
$tybo<~Controls.296~>172 <~Controls.297~><~Controls.46~> B4D8FB
$tybo<~Controls.296~>201 <~Controls.297~><~Controls.46~> 894CAD
<hrafhraf> fsp ok 5471CF
<tybo> 0e 3FD03B
$tybo<~Controls.345~>101 105 102 100 099 360 103 104 361 <~Controls.346~>14 15 11 14 14 11 12 13 13 null
$tybo<~Controls.350~>101 105 102 100 099 360 103 104 361 null
$hrafhraf<~Controls.345~>213 212 211 210 358 <~Controls.346~>2 1 3 1 1 null
$hrafhraf<~Scribe.141~>358 <~Scribe.142~><~Game.2042~><~Scribe.143~><~Game.2035~><~Scribe.144~> D7887F
$hrafhraf<~Scribe.141~>241 244 246 283 074 266 267 288 289 073 072 <~Scribe.142~><~Game.1907~><~Scribe.143~><~Game.1905~><~Scribe.144~> 3A9F9C
$hrafhraf<~Controls.644~>358 <~Controls.645~><~Game.2035~> AE3498
$tybo<~Scribe.141~>103 <~Scribe.142~><~Game.2043~><~Scribe.143~><~Game.2035~><~Scribe.144~> 5C4C19
$tybo<~Scribe.141~>253 318 319 039 038 055 057 043 041 033 032 031 028 <~Scribe.142~><~Game.1909~><~Scribe.143~><~Game.1907~><~Scribe.144~> 57258D
$tybo<~Scribe.141~>254 323 324 325 326 <~Scribe.142~><~Game.1919~><~Scribe.143~><~Game.1918~><~Scribe.144~> 9266EF
$tybo<~Scribe.141~>254 <~Scribe.142~><~Game.1918~><~Scribe.143~><~Game.1919~><~Scribe.144~> 8B983D
$tybo<~Scribe.141~>002 <~Scribe.142~><~Game.1919~><~Scribe.143~><~Game.1918~><~Scribe.144~> F134EC
$tybo<~Controls.644~>103 <~Controls.645~><~Game.2035~> 77EA86
$hrafhraf<~Scribe.141~>212 <~Scribe.142~><~Game.2042~><~Scribe.143~><~Game.2035~><~Scribe.144~> 664E86
<hrafhraf> Fords 0B3721
$hrafhraf<~Controls.840~>133 1FFF63
$tybo<~Controls.840~>185 7763A7
<auto> playchosen BA2458
<auto><~Controls.888~>reveal 185 D766D853FDC0347779EEA92F816AA41834330DA7 13<~Controls.889~><~Controls.46~><~Controls.890~><~Game.2036~> C6F555
<auto><~Controls.861~>reveal 133 F2EA3C98DFD98AF1258712478629F77D31F3630E 8<~Controls.862~><~Controls.45~><~Controls.863~><~Game.2037~> EB3A96
<auto> playchosen 11001A
<game> hrafhraf<~Controls.1~> 6 2 1 1 6 null
<game> hrafhraf<~Controls.1~> 2 3 1 null
<hrafhraf> 2 17105C
<tybo> no you have 4 there 0D30CB
<tybo> 5 in fact C2CAE1
<tybo> hm no 0AD56F
<tybo> 4 C29012
<hrafhraf> only 6 first turn 55FAD0
<tybo> ahhh you're right EAF296
<tybo> so 3 still 4F8133
<tybo> nope B4ABF7
<tybo> 2 B1A912
<tybo> you're right FB755E
<tybo> lol 1F7321
<game> tybo<~Controls.1~> 6 3 3 1 1 null
<game> tybo<~Controls.1~> 4 2 1 1 null
<tybo> 2 11AE2C
$hrafhraf<~Controls.304~>266 <~Controls.305~><~Game.1905~> 149BCD
$hrafhraf<~Controls.313~>269 <~Controls.307~><~Controls.314~><~Game.1905~> 4F0A86
$tybo<~Controls.304~>326 325 <~Controls.305~><~Game.1918~> 028706
$tybo<~Controls.313~>005 <~Controls.307~><~Controls.314~><~Game.1918~> 25AB79
$tybo<~Controls.819~> DF9C1D
$tybo<~Controls.819~> B0CA00
$hrafhraf<~Scribe.141~>072 <~Scribe.142~><~Game.1905~><~Scribe.143~><~Game.2037~><~Scribe.144~> 530DAE
$tybo<~Scribe.141~>324 <~Scribe.142~><~Game.1918~><~Scribe.143~><~Game.2036~><~Scribe.144~> BE20B4
$hrafhraf<~Controls.662~>185 324 133 072 <~Controls.663~><~Game.2035~> 66CAFF
<hrafhraf> press 2024F4
<tybo> sry I canceled one hit on your side I think CBB878
<tybo> missing 1 8B095F
<hrafhraf> i downgraded an elven elite and killed rohan regular 4420C9
<tybo> okok good 126F19
<tybo> you press? 27ADDC
<hrafhraf> yes 559754
<tybo> card? B97BA5
<hrafhraf> you stay? C11A0D
<tybo> hmmm D0065E
$tybo<~Scribe.141~>326 325 323 002 <~Scribe.142~><~Game.1918~><~Scribe.143~><~Game.1923~><~Scribe.144~> 385595
<hrafhraf> if you retreat I don't tell if I use a card or not 20AA28
<tybo> yeah retreat 667E2F
$hrafhraf<~Scribe.141~>241 244 246 283 074 267 288 289 073 269 <~Scribe.142~><~Game.1905~><~Scribe.143~><~Game.1918~><~Scribe.144~> E7FBCE
$tybo<~Controls.644~>212 <~Controls.645~><~Game.2035~> EE8623
<tybo> sry BC0264
$tybo<~Controls.819~> AA923D
<tybo> good? 24CE6C
$hrafhraf<~Controls.644~>212 <~Controls.645~><~Game.2035~> 3E03B1
$tybo<~Scribe.141~>360 <~Scribe.142~><~Game.2043~><~Scribe.143~><~Game.2035~><~Scribe.144~> 0A47F2
<hrafhraf> yeah, good 785A26
$tybo<~Scribe.141~>253 318 319 039 038 055 057 043 041 033 032 031 028 <~Scribe.142~><~Game.1907~><~Scribe.143~><~Game.1905~><~Scribe.144~> 83CC7B
$tybo<~Scribe.141~>047 049 048 019 018 017 016 <~Scribe.142~><~Game.1931~><~Scribe.143~><~Game.1924~><~Scribe.144~> E6849E
$tybo<~Controls.644~>360 <~Controls.645~><~Game.2035~> DE0197
<hrafhraf> pass 2A0C38
$tybo<~Scribe.141~>100 <~Scribe.142~><~Game.2043~><~Scribe.143~><~Game.2035~><~Scribe.144~> B4B9AC
$tybo<~Controls.509~>158<~Controls.510~><~Game.2006~><~Controls.511~><~Controls.46~> null
$tybo<~Controls.644~>100 <~Controls.645~><~Game.2035~> 143A2B
$hrafhraf<~CardBuffet.3~>129 <~CardBuffet.4~><~Controls.45~><~CardBuffet.5~><~Controls.45~> 0318B0
<hrafhraf> pass D5F692
$tybo<~Scribe.141~>104 <~Scribe.142~><~Game.2043~><~Scribe.143~><~Game.2035~><~Scribe.144~> CC1921
<tybo> Fords from WK F1892A
$tybo<~Controls.840~>162 052A07
$hrafhraf<~Controls.840~>129 7588B2
<auto> playchosen FC9B54
<auto><~Controls.3~>reveal 129 7DB7B0167D7780E9E58CF60A4BD2C8581ECB8820 3<~Controls.884~><~Controls.45~><~Controls.885~><~Game.2037~> 1A40B7
<auto><~Controls.866~>reveal 162 FEA155E40B9E021D3808019F5701C642659C9334 15<~Controls.867~><~Controls.46~><~Controls.868~><~Game.2036~> B9AE86
<auto> playchosen 0BE123
$tybo<~Controls.509~>167<~Controls.510~><~Game.2006~><~Controls.511~><~Controls.46~> null
$hrafhraf<~Scribe.141~>241 244 246 283 074 267 288 289 073 269 <~Scribe.142~><~Game.1918~><~Scribe.143~><~Game.1925~><~Scribe.144~> 02954A
<tybo> can't ECFBD2
$hrafhraf<~Controls.819~> 0C2756
<tybo> either gap or fangorn DAADAE
$hrafhraf<~Scribe.141~>241 244 246 283 074 267 288 289 073 269 <~Scribe.142~><~Game.1925~><~Scribe.143~><~Game.1921~><~Scribe.144~> A9325B
$tybo<~Scribe.141~>253 318 319 039 038 055 057 043 041 033 032 031 028 <~Scribe.142~><~Game.1905~><~Scribe.143~><~Game.1918~><~Scribe.144~> 2FF2EA
$tybo<~Controls.644~>104 162 129 <~Controls.645~><~Game.2035~> 3EC8ED
$hrafhraf<~Scribe.141~>210 <~Scribe.142~><~Game.2042~><~Scribe.143~><~Game.2035~><~Scribe.144~> 2523D1
$hrafhraf<~Scribe.141~>210 <~Scribe.142~><~Game.2035~><~Scribe.143~><~Game.1937~><~Scribe.144~> 6E9946
$hrafhraf<~Controls.819~> E1A52A
$hrafhraf<~Scribe.141~>240 241 244 246 283 074 267 288 289 073 269 <~Scribe.142~><~Game.1921~><~Scribe.143~><~Game.1937~><~Scribe.144~> FE3BFD
$hrafhraf<~Controls.644~>210 <~Controls.645~><~Game.2035~> E07066
$tybo<~Scribe.141~>102 <~Scribe.142~><~Game.2043~><~Scribe.143~><~Game.2035~><~Scribe.144~> AAE487
$tybo<~Scribe.141~>253 318 319 039 038 055 057 043 041 033 <~Scribe.142~><~Game.1918~><~Scribe.143~><~Game.1925~><~Scribe.144~> 004900
$tybo<~Scribe.141~>037 326 325 323 <~Scribe.142~><~Game.1923~><~Scribe.143~><~Game.1925~><~Scribe.144~> 62B150
$tybo<~Scribe.141~>028 031 <~Scribe.142~><~Game.1918~><~Scribe.143~><~Game.1925~><~Scribe.144~> 059FCE
$tybo<~Controls.644~>102 <~Controls.645~><~Game.2035~> 19BC75
$hrafhraf<~Scribe.141~>211 <~Scribe.142~><~Game.2042~><~Scribe.143~><~Game.2035~><~Scribe.144~> 20B80B
$hrafhraf<~Controls.366~>250<~Controls.367~><~Game.2009~><~Controls.368~><~Game.2011~> 755C3E
$hrafhraf changes 211  to H 01F754
$hrafhraf<~Scribe.141~>240 241 244 246 283 074 267 288 289 073 269 <~Scribe.142~><~Game.1937~><~Scribe.143~><~Game.1942~><~Scribe.144~> A76EEA
$hrafhraf<~Controls.644~>211 <~Controls.645~><~Game.2035~> CECB88
$tybo<~Scribe.141~>099 <~Scribe.142~><~Game.2043~><~Scribe.143~><~Game.2035~><~Scribe.144~> CD5FB2
$tybo<~Scribe.141~>250 <~Scribe.142~><~Game.2011~><~Scribe.143~><~Game.2037~><~Scribe.144~> 153F30
$tybo changes 099  to H B40B10
$tybo<~Scribe.141~>253 037 318 319 039 038 326 325 323 055 057 043 041 028 031 033 <~Scribe.142~><~Game.1925~><~Scribe.143~><~Game.1933~><~Scribe.144~> F07DBB
$tybo<~Scribe.141~>023 <~Scribe.142~><~Game.1944~><~Scribe.143~><~Game.1943~><~Scribe.144~> 92A5A9
$tybo<~Controls.644~>099 250 <~Controls.645~><~Game.2035~> B6F9B0
<hrafhraf> pass C3B0FB
$tybo<~Scribe.141~>361 <~Scribe.142~><~Game.2043~><~Scribe.143~><~Game.2035~><~Scribe.144~> EC02F9
<tybo> att druadan A20371
<hrafhraf> shine 44C092
$hrafhraf<~Controls.323~>240 1CF316
$tybo<~Controls.840~>170 BF9E0C
$hrafhraf<~Controls.840~>122 6DEC8A
<auto> playchosen FAD4BA
<auto><~Controls.3~>reveal 122 45492C8D792D18499259F176B95454A758F4664A 2<~Controls.884~><~Controls.45~><~Controls.885~><~Game.2037~> 57C102
<auto><~Controls.866~>reveal 170 08A1ECBC2BC7150BE493DF4D1BDA849873200EE1 3<~Controls.867~><~Controls.46~><~Controls.868~><~Game.2036~> 123C6D
<auto> playchosen 22BD05
$tybo<~Scribe.141~>031 033 <~Scribe.142~><~Game.1933~><~Scribe.143~><~Game.2036~><~Scribe.144~> 2776BE
<game> tybo<~Controls.1~> 4 1 5 3 3 null
<game> tybo<~Controls.1~> 6 null
<tybo> 5 809E2C
<game> hrafhraf<~Controls.1~> 6 5 6 2 4 null
<game> hrafhraf<~Controls.1~> 3 null
<hrafhraf> 4 422AC3
$tybo<~Scribe.141~>041 043 028 <~Scribe.142~><~Game.1933~><~Scribe.143~><~Game.2036~><~Scribe.144~> A77980
$tybo<~Controls.304~>057 <~Controls.305~><~Game.1933~> 6C5B87
$tybo<~Controls.313~>042 <~Controls.307~><~Controls.314~><~Game.1933~> 500289
$hrafhraf<~Controls.304~>073 <~Controls.305~><~Game.1942~> 1A8DAE
$hrafhraf<~Controls.313~>072 <~Controls.308~><~Controls.314~><~Game.1942~> 91F3B8
$hrafhraf<~Controls.304~>289 <~Controls.305~><~Game.1942~> AC3308
$hrafhraf<~Controls.313~>070 <~Controls.308~><~Controls.314~><~Game.1942~> AD3EB5
$hrafhraf<~Controls.304~>288 <~Controls.305~><~Game.1942~> 3A3DC1
$hrafhraf<~Controls.313~>069 <~Controls.308~><~Controls.314~><~Game.1942~> EC60E0
$hrafhraf<~Controls.304~>267 <~Controls.305~><~Game.1942~> 1B4107
$hrafhraf<~Controls.313~>268 <~Controls.307~><~Controls.314~><~Game.1942~> DA7DC0
$hrafhraf<~Scribe.141~>072 <~Scribe.142~><~Game.1942~><~Scribe.143~><~Game.2037~><~Scribe.144~> 406FA4
<tybo> press 6EAA70
$tybo<~Controls.509~>183<~Controls.510~><~Game.2007~><~Controls.511~><~Controls.46~> null
$tybo<~Controls.296~>170 041 043 028 031 033 <~Controls.297~><~Game.2036~> 9F6A88
$tybo<~Controls.296~>122 072 <~Controls.297~><~Game.2037~> CFC161
<hrafhraf> hmm A51A82
<tybo> test 1A34DF
<hrafhraf> retreat D8814F
$hrafhraf<~Scribe.141~>240 241 244 246 283 074 268 269 069 070 <~Scribe.142~><~Game.1942~><~Scribe.143~><~Game.1937~><~Scribe.144~> 5D677D
$tybo<~Controls.644~>361 <~Controls.645~><~Game.2035~> 3C9E86
<tybo> your turn 06783C
<hrafhraf> yep. B3D9DB
<hrafhraf> thinking 9E960D
$hrafhraf<~Scribe.141~>213 <~Scribe.142~><~Game.2042~><~Scribe.143~><~Game.2035~><~Scribe.144~> 27578A
$hrafhraf<~Controls.509~>146<~Controls.510~><~Game.2005~><~Controls.511~><~Controls.45~> null
$hrafhraf<~Controls.644~>213 <~Controls.645~><~Game.2035~> F03B66
$tybo<~Scribe.141~>101 <~Scribe.142~><~Game.2043~><~Scribe.143~><~Game.2035~><~Scribe.144~> 0B3F34
$tybo<~Scribe.141~>reveal 183 999EAA02965100027EEEA7535F34BFA22F3D8B23 1 <~Scribe.142~><~Controls.46~><~Scribe.143~><~Game.2037~><~Scribe.144~> 5F0BC6
$tybo<~Scribe.141~>047 049 048 019 018 017 016 <~Scribe.142~><~Game.1924~><~Scribe.143~><~Game.1931~><~Scribe.144~> D4D186
$tybo<~Scribe.141~>047 049 048 019 018 017 016 <~Scribe.142~><~Game.1931~><~Scribe.143~><~Game.1943~><~Scribe.144~> 27AEB4
$tybo<~Scribe.141~>006 004 <~Scribe.142~><~Game.1919~><~Scribe.143~><~Game.1923~><~Scribe.144~> 16BBAD
$tybo<~Controls.644~>101 183 <~Controls.645~><~Game.2035~> E12174
$tybo<~Controls.757~>105 <~Controls.758~><~Game.1997~><~Controls.759~><~Game.2043~> 943B12
$tybo<~Controls.762~>101 361 099 102 104 100 360 103 <~Controls.763~><~Game.2041~><~Controls.764~><~Game.2043~> 21C265
<hrafhraf> pass B5822F
$tybo<~Controls.509~>179<~Controls.510~><~Game.2006~><~Controls.511~><~Controls.46~> null
$hrafhraf<~Controls.731~>213 211 210 212 358 <~Controls.732~><~Game.2039~><~Controls.733~><~Game.2042~> FF386D
<~Game.7~>8 null
$tybo<~Controls.509~>186<~Controls.510~><~Game.2007~><~Controls.511~><~Controls.46~> null
$hrafhraf<~Controls.509~>127<~Controls.510~><~Game.2004~><~Controls.511~><~Controls.45~> null
$hrafhraf<~Controls.509~>153<~Controls.510~><~Game.2005~><~Controls.511~><~Controls.45~> null
$tybo<~Controls.296~>158 <~Controls.297~><~Controls.46~> 1E0B90
<hrafhraf> fsp ok BBF739
$tybo<~Controls.345~>101 361 099 102 104 100 360 103 105 <~Controls.346~>11 14 12 15 10 10 12 13 12 null
$tybo<~Controls.350~>101 361 099 102 104 100 360 103 105 null
$hrafhraf<~Controls.345~>213 211 210 212 358 <~Controls.346~>1 0 4 1 3 null
$hrafhraf<~Scribe.141~>212 <~Scribe.142~><~Game.2042~><~Scribe.143~><~Game.2035~><~Scribe.144~> A16184
$hrafhraf<~Scribe.141~>240 241 244 246 283 074 268 269 069 070 <~Scribe.142~><~Game.1937~><~Scribe.143~><~Game.1921~><~Scribe.144~> CF7019
$hrafhraf<~Controls.644~>212 <~Controls.645~><~Game.2035~> E6F96F
$tybo<~Scribe.141~>105 <~Scribe.142~><~Game.2043~><~Scribe.143~><~Game.2035~><~Scribe.144~> B780C2
$tybo<~Scribe.141~>253 037 318 319 039 038 326 325 323 055 042 <~Scribe.142~><~Game.1933~><~Scribe.143~><~Game.1925~><~Scribe.144~> 908923
$tybo<~Scribe.141~>056 052 051 050 <~Scribe.142~><~Game.1984~><~Scribe.143~><~Game.1987~><~Scribe.144~> 7DB4E7
$tybo<~Controls.644~>105 <~Controls.645~><~Game.2035~> 969EFC
$hrafhraf<~Scribe.141~>211 <~Scribe.142~><~Game.2042~><~Scribe.143~><~Game.2035~><~Scribe.144~> 2E4FB8
$hrafhraf<~Scribe.141~>reveal 139 CCB7A098B1BD18014D5C869D62AE355794A4129E 4 <~Scribe.142~><~Controls.45~><~Scribe.143~><~Game.2037~><~Scribe.144~> 636550
<game> hrafhraf<~Controls.1~> 4 6 2 null
$tybo<~Scribe.141~>254 003 <~Scribe.142~><~Game.1919~><~Scribe.143~><~Game.2037~><~Scribe.144~> 165AD5
$tybo<~Controls.281~>105 <~Controls.282~><~Game.2041~><~Controls.283~><~Game.2040~> 95BA86
$hrafhraf<~Controls.662~>254 139 003 <~Controls.663~><~Game.2035~> 7BB78E
<hrafhraf> wnd card CE7CA2
<hrafhraf> 2nd* FA9B16
$hrafhraf<~Scribe.141~>reveal 127 B6EA56CDA0281F09667BD3330BE4BB2D698A0A49 6 <~Scribe.142~><~Controls.45~><~Scribe.143~><~Game.2037~><~Scribe.144~> 17877A
<game> hrafhraf<~Controls.1~> 1 4 5 1 3 null
<hrafhraf> 1 8EEF19
$tybo<~Scribe.141~>038 <~Scribe.142~><~Game.1925~><~Scribe.143~><~Game.2037~><~Scribe.144~> C683DB
$tybo<~Scribe.141~>039 319 318 037 <~Scribe.142~><~Game.1925~><~Scribe.143~><~Game.1956~><~Scribe.144~> 02C59C
<hrafhraf> the others must move to stronghold 6A3805
$hrafhraf<~Controls.644~>211 038 127 <~Controls.645~><~Game.2035~> 9CFEF8
$tybo<~Scribe.141~>099 <~Scribe.142~><~Game.2043~><~Scribe.143~><~Game.2035~><~Scribe.144~> 54DBE8
<tybo> fangorn 56A93D
$tybo<~Controls.840~>189 89596F
$hrafhraf<~Controls.840~>136 25B6D3
<auto> playchosen 236835
<auto><~Controls.3~>reveal 136 884A42E4CAF8A9E85A55B7EAD5E70B2751A29B33 20<~Controls.884~><~Controls.45~><~Controls.885~><~Game.2037~> 669B63
<auto><~Controls.866~>reveal 189 F8F0E394EF36153BD07E2D27FE1AA8B64785DD0A 10<~Controls.867~><~Controls.46~><~Controls.868~><~Game.2036~> 3594E6
<auto> playchosen AB0892
<hrafhraf> pre EDE99C
<game> hrafhraf<~Controls.1~> 4 4 6 2 2 null
<hrafhraf> 1 63D972
$tybo<~Controls.304~>323 <~Controls.305~><~Game.1925~> 3EB984
$tybo<~Controls.313~>003 <~Controls.307~><~Controls.314~><~Game.1925~> CC5EA3
<hrafhraf> or does strife count? 16A762
<hrafhraf> nah 241F68
<tybo> no doesnt 23E4AE
<game> tybo<~Controls.1~> 1 4 5 6 4 null
<hrafhraf> too EC024E
<tybo> 4 662AD9
<hrafhraf> damn FB795D
<game> hrafhraf<~Controls.1~> 3 5 3 6 6 null
<hrafhraf> 5 CC4EBA
$tybo<~Scribe.141~>326 325 003 <~Scribe.142~><~Game.1925~><~Scribe.143~><~Game.2036~><~Scribe.144~> 88E3B8
$hrafhraf<~Scribe.141~>240 241 244 246 283 074 268 269 069 070 <~Scribe.142~><~Game.1921~><~Scribe.143~><~Game.2037~><~Scribe.144~> D691A9
$tybo<~Controls.509~>205<~Controls.510~><~Game.2007~><~Controls.511~><~Controls.46~> null
$tybo<~Controls.644~>099 189 326 325 003 136 240 241 244 246 283 074 268 269 069 070 <~Controls.645~><~Game.2035~> B97D18
$tybo<~Controls.281~>211 212 <~Controls.282~><~Game.2039~><~Controls.283~><~Game.2038~> AC24FE
$tybo<~Controls.281~>212 <~Controls.282~><~Game.2038~><~Controls.283~><~Game.2039~> 6B43F2
<hrafhraf> pass F05B38
<tybo> sry i will just change a hit from last round if you don't mind A9356B
$tybo<~Scribe.141~>003 <~Scribe.142~><~Game.2040~><~Scribe.143~><~Game.2037~><~Scribe.144~> 1EFCFE
$tybo<~Scribe.141~>042 <~Scribe.142~><~Game.1925~><~Scribe.143~><~Game.2036~><~Scribe.144~> 6D980C
$tybo<~Scribe.141~>003 <~Scribe.142~><~Game.2037~><~Scribe.143~><~Game.1925~><~Scribe.144~> A572BC
$tybo<~Controls.644~>042 <~Controls.645~><~Game.2035~> 378B4E
$tybo<~Scribe.141~>100 <~Scribe.142~><~Game.2043~><~Scribe.143~><~Game.2035~><~Scribe.144~> 9013E9
$tybo<~Scribe.141~>036 <~Scribe.142~><~Game.2040~><~Scribe.143~><~Game.1956~><~Scribe.144~> CD3D9B
<hrafhraf> sure 6C35B3
$tybo<~Controls.644~>100 <~Controls.645~><~Game.2035~> 9186AF
<hrafhraf> pass 3E174D
$tybo<~Scribe.141~>104 <~Scribe.142~><~Game.2043~><~Scribe.143~><~Game.2035~><~Scribe.144~> 507D94
$tybo<~Scribe.141~>335 <~Scribe.142~><~Game.2040~><~Scribe.143~><~Game.1956~><~Scribe.144~> 9BD868
$tybo<~Controls.644~>104 <~Controls.645~><~Game.2035~> D291AD
<hrafhraf> pass E155A3
$tybo<~Scribe.141~>360 <~Scribe.142~><~Game.2043~><~Scribe.143~><~Game.2035~><~Scribe.144~> 075D53
$tybo<~Scribe.141~>253 055 003 <~Scribe.142~><~Game.1925~><~Scribe.143~><~Game.1937~><~Scribe.144~> 06C6EF
$tybo<~Scribe.141~>039 319 318 037 040 335 036 035 015 014 013 012 011 <~Scribe.142~><~Game.1956~><~Scribe.143~><~Game.1953~><~Scribe.144~> E43424
$tybo<~Controls.644~>360 <~Controls.645~><~Game.2035~> 63D744
$hrafhraf<~Scribe.141~>358 <~Scribe.142~><~Game.2042~><~Scribe.143~><~Game.2035~><~Scribe.144~> 517E50
$hrafhraf<~Scribe.141~>265 <~Scribe.142~><~Game.2038~><~Scribe.143~><~Game.1928~><~Scribe.144~> 25C96C
$hrafhraf<~Controls.644~>358 <~Controls.645~><~Game.2035~> A1FF03
$tybo<~Scribe.141~>101 <~Scribe.142~><~Game.2043~><~Scribe.143~><~Game.2035~><~Scribe.144~> 01DF01
$tybo<~Scribe.141~>253 055 003 <~Scribe.142~><~Game.1937~><~Scribe.143~><~Game.1930~><~Scribe.144~> C373D6
$tybo<~Scribe.141~>039 319 318 037 040 335 036 035 015 014 013 012 011 <~Scribe.142~><~Game.1953~><~Scribe.143~><~Game.1930~><~Scribe.144~> EA8AF6
$tybo<~Controls.644~>101 <~Controls.645~><~Game.2035~> 526165
$hrafhraf<~Scribe.141~>210 <~Scribe.142~><~Game.2042~><~Scribe.143~><~Game.2035~><~Scribe.144~> 4FE1F4
$hrafhraf<~Scribe.141~>264 <~Scribe.142~><~Game.2038~><~Scribe.143~><~Game.1928~><~Scribe.144~> 464214
$hrafhraf<~Controls.644~>210 <~Controls.645~><~Game.2035~> 65F361
$tybo<~Scribe.141~>103 <~Scribe.142~><~Game.2043~><~Scribe.143~><~Game.2035~><~Scribe.144~> 5219C9
<tybo> lorien DF355A
$hrafhraf<~Scribe.141~>247 097 264 265 093 092 087 <~Scribe.142~><~Game.1928~><~Scribe.143~><~Game.1992~><~Scribe.144~> A4529D
$tybo<~Scribe.141~>253 039 319 318 037 040 055 335 036 035 003 015 014 013 012 011 <~Scribe.142~><~Game.1930~><~Scribe.143~><~Game.1928~><~Scribe.144~> 8A6FDF
$tybo<~Controls.644~>103 <~Controls.645~><~Game.2035~> 09DDF2
$hrafhraf<~Scribe.141~>247 <~Scribe.142~><~Game.1992~><~Scribe.143~><~Game.1928~><~Scribe.144~> A42DB0
$tybo<~Scribe.141~>247 <~Scribe.142~><~Game.1992~><~Scribe.143~><~Game.1928~><~Scribe.144~> 0E30B8
$hrafhraf<~Scribe.141~>213 <~Scribe.142~><~Game.2042~><~Scribe.143~><~Game.2035~><~Scribe.144~> 8B3773
$hrafhraf<~Controls.790~>248<~Controls.791~><~Game.2014~><~Controls.792~><~Game.2015~> 84D7AA
$hrafhraf<~Controls.795~>213<~Controls.796~><~Game.2035~><~Controls.797~><~Game.1997~> 9574AA
<game> tybo<~Controls.1~> 1 null
<game> tybo<~Controls.1~> 5 null
$tybo<~Scribe.141~>361 <~Scribe.142~><~Game.2043~><~Scribe.143~><~Game.2035~><~Scribe.144~> BD2230
$tybo<~Scribe.141~>reveal 179 36A2B13C864342019AB6DF7712387CE2FD38F17E 12 <~Scribe.142~><~Controls.46~><~Scribe.143~><~Game.2036~><~Scribe.144~> 91E402
$tybo<~Scribe.141~>253 037 318 319 039 <~Scribe.142~><~Game.1928~><~Scribe.143~><~Game.1987~><~Scribe.144~> 45EBEC
$hrafhraf<~Controls.323~>247 FC31C0
$tybo<~Scribe.141~>039 <~Scribe.142~><~Game.1987~><~Scribe.143~><~Game.1910~><~Scribe.144~> 780992
$tybo<~Controls.644~>361 179 <~Controls.645~><~Game.2035~> 9D9F74
$hrafhraf<~Scribe.141~>247 <~Scribe.142~><~Game.1928~><~Scribe.143~><~Game.1930~><~Scribe.144~> F8D9CF
$hrafhraf<~Scribe.141~>427 <~Scribe.142~><~Game.2042~><~Scribe.143~><~Game.2035~><~Scribe.144~> F0EB53
$hrafhraf<~Controls.509~>118<~Controls.510~><~Game.2005~><~Controls.511~><~Controls.45~> null
$tybo<~Controls.757~>102 <~Controls.758~><~Game.1997~><~Controls.759~><~Game.2043~> EB2D7F
$tybo<~Controls.762~>361 103 101 360 104 100 099 <~Controls.763~><~Game.2041~><~Controls.764~><~Game.2043~> 6CCF2A
$hrafhraf<~Controls.644~>427 <~Controls.645~><~Game.2035~> C567DF
$tybo<~Controls.509~>200<~Controls.510~><~Game.2006~><~Controls.511~><~Controls.46~> null
$tybo<~Controls.509~>196<~Controls.510~><~Game.2007~><~Controls.511~><~Controls.46~> null
$hrafhraf<~Controls.726~>213 <~Controls.727~><~Game.1997~><~Controls.728~><~Game.2042~> C8DC07
<~Game.7~>9 null
$hrafhraf<~Controls.731~>210 358 212 <~Controls.732~><~Game.2039~><~Controls.733~><~Game.2042~> 90718E
<hrafhraf> fsp ok E061D5
$tybo<~Controls.296~>178 <~Controls.297~><~Controls.46~> 29A9D5
$tybo<~Controls.372~>361 87E1D7
$tybo<~Controls.345~>103 101 360 104 100 099 102 <~Controls.346~>15 11 12 15 13 11 14 null
$tybo<~Controls.350~>103 101 360 104 100 099 102 null
$hrafhraf<~Controls.345~>210 358 212 213 <~Controls.346~>1 2 2 2 null
$hrafhraf<~Scribe.141~>213 <~Scribe.142~><~Game.2042~><~Scribe.143~><~Game.2035~><~Scribe.144~> 6B4119
$hrafhraf<~Scribe.141~>reveal 153 BF65B570BBD26C5DC29DE685B4A10B9BF610D7A5 10 <~Scribe.142~><~Controls.45~><~Scribe.143~><~Game.2037~><~Scribe.144~> 25CE3B
$hrafhraf<~Scribe.141~>307 308 <~Scribe.142~><~Game.2038~><~Scribe.143~><~Game.1970~><~Scribe.144~> 6C5A65
$hrafhraf<~Controls.509~>134<~Controls.510~><~Game.2005~><~Controls.511~><~Controls.45~> null
$hrafhraf<~Controls.644~>213 153 <~Controls.645~><~Game.2035~> 1491D5
$tybo<~Scribe.141~>102 <~Scribe.142~><~Game.2043~><~Scribe.143~><~Game.2035~><~Scribe.144~> 6757FE
$tybo<~Scribe.141~>reveal 196 613B4591CA46954529C922DF144BE8F1F52477EC 12 <~Scribe.142~><~Controls.46~><~Scribe.143~><~Game.2037~><~Scribe.144~> 708AEF
$tybo<~Scribe.141~>005 <~Scribe.142~><~Game.2040~><~Scribe.143~><~Game.1885~><~Scribe.144~> F0347E
$tybo<~Scribe.141~>039 331 328 327 <~Scribe.142~><~Game.1910~><~Scribe.143~><~Game.1885~><~Scribe.144~> 22591D
$tybo<~Scribe.141~>329 <~Scribe.142~><~Game.1914~><~Scribe.143~><~Game.1885~><~Scribe.144~> E1C7A0
$tybo<~Controls.644~>102 196 <~Controls.645~><~Game.2035~> 1B5F5C
$hrafhraf<~CardBuffet.3~>118 <~CardBuffet.4~><~Controls.45~><~CardBuffet.5~><~Controls.45~> 6C0D5C
<hrafhraf> pass 3B3D48
$tybo<~Scribe.141~>360 <~Scribe.142~><~Game.2043~><~Scribe.143~><~Game.2035~><~Scribe.144~> 122716
$tybo<~Scribe.141~>039 329 331 328 327 005 <~Scribe.142~><~Game.1885~><~Scribe.143~><~Game.1884~><~Scribe.144~> 1A747F
$tybo<~Scribe.141~>253 037 318 319 056 052 051 050 054 053 <~Scribe.142~><~Game.1987~><~Scribe.143~><~Game.1980~><~Scribe.144~> 9F4A4A
$tybo<~Controls.644~>360 <~Controls.645~><~Game.2035~> E9D410
$hrafhraf<~Scribe.141~>212 <~Scribe.142~><~Game.2042~><~Scribe.143~><~Game.2035~><~Scribe.144~> 897502
$hrafhraf<~Controls.366~>249<~Controls.367~><~Game.2008~><~Controls.368~><~Game.2011~> F88EA2
$hrafhraf changes 212  to H 462EAE
$hrafhraf<~Scribe.141~>098 094 088 <~Scribe.142~><~Game.1954~><~Scribe.143~><~Game.1970~><~Scribe.144~> 1B6E5D
$hrafhraf<~Scribe.141~>065 <~Scribe.142~><~Game.1957~><~Scribe.143~><~Game.1970~><~Scribe.144~> 239215
$hrafhraf<~Controls.644~>212 <~Controls.645~><~Game.2035~> 4268CA
$tybo<~Scribe.141~>099 <~Scribe.142~><~Game.2043~><~Scribe.143~><~Game.2035~><~Scribe.144~> 2F2FBB
$tybo<~Scribe.141~>253 037 318 319 056 052 051 050 054 053 <~Scribe.142~><~Game.1980~><~Scribe.143~><~Game.1966~><~Scribe.144~> 6DC3E4
$tybo<~Scribe.141~>330 332 000 <~Scribe.142~><~Game.1914~><~Scribe.143~><~Game.1900~><~Scribe.144~> D4EDEA
$tybo<~Controls.644~>099 <~Controls.645~><~Game.2035~> 5E38A9
$hrafhraf<~Scribe.141~>358 <~Scribe.142~><~Game.2042~><~Scribe.143~><~Game.2035~><~Scribe.144~> AFAC53
$hrafhraf<~Controls.509~>113<~Controls.510~><~Game.2005~><~Controls.511~><~Controls.45~> null
$hrafhraf<~Controls.644~>358 <~Controls.645~><~Game.2035~> 51A12B
$tybo<~Scribe.141~>100 <~Scribe.142~><~Game.2043~><~Scribe.143~><~Game.2035~><~Scribe.144~> F63870
<tybo> dale 1F8042
$tybo<~Controls.840~>167 2E453F
$hrafhraf<~Controls.840~>118 95B629
<auto> playchosen 85508A
<auto><~Controls.3~>reveal 118 11523104F9A0F95B8DDA669525E3F73BDDE47212 18<~Controls.884~><~Controls.45~><~Controls.885~><~Game.2037~> A89108
<auto><~Controls.866~>reveal 167 0923774C8F7634441EC24A857A524411B7823465 5<~Controls.867~><~Controls.46~><~Controls.868~><~Game.2036~> 87FCCD
<auto> playchosen 60DC56
<game> tybo<~Controls.1~> 4 3 2 4 4 null
<game> tybo<~Controls.1~> 2 6 4 1 1 null
<tybo> 1 64389A
<hrafhraf> and leader 6ADC85
<tybo> yeah E7DF92
<game> hrafhraf<~Controls.1~> 6 6 4 3 2 null
<game> hrafhraf<~Controls.1~> 2 4 null
<hrafhraf> 4 3E341B
$tybo<~Scribe.141~>056 052 <~Scribe.142~><~Game.1966~><~Scribe.143~><~Game.2036~><~Scribe.144~> 9A5A40
<tybo> only 3 C5DC8B
<tybo> but 1+leader 8D1397
<tybo> on your side A5BD4D
<hrafhraf> yeah, +1 only on combat. that's right 898B75
<tybo> yes 6392B9
<tybo> so 1 hit + leadeer BFBE97
$tybo<~Controls.509~>209<~Controls.510~><~Game.2006~><~Controls.511~><~Controls.46~> null
<hrafhraf> yep 8531CF
$hrafhraf<~Scribe.141~>066 <~Scribe.142~><~Game.1970~><~Scribe.143~><~Game.2037~><~Scribe.144~> 424170
$hrafhraf<~Scribe.141~>098 <~Scribe.142~><~Game.1970~><~Scribe.143~><~Game.2037~><~Scribe.144~> FC0283
$tybo<~Controls.644~>100 167 056 052 118 098 066 <~Controls.645~><~Game.2035~> C5BFA4
<tybo> stop FAD4D3
<hrafhraf> ok 9C810F
$hrafhraf<~Scribe.141~>210 <~Scribe.142~><~Game.2042~><~Scribe.143~><~Game.2035~><~Scribe.144~> 28331B
$hrafhraf<~Controls.323~>247 6BC834
$hrafhraf<~Controls.644~>210 <~Controls.645~><~Game.2035~> 880464
$tybo<~Scribe.141~>101 <~Scribe.142~><~Game.2043~><~Scribe.143~><~Game.2035~><~Scribe.144~> 1443FF
$tybo<~Scribe.141~>253 037 318 319 051 050 054 053 <~Scribe.142~><~Game.1966~><~Scribe.143~><~Game.1957~><~Scribe.144~> 09C5D8
$tybo<~Scribe.141~>258 <~Scribe.142~><~Game.2000~><~Scribe.143~><~Game.2001~><~Scribe.144~> CAD3AA
$tybo<~Scribe.141~>330 332 000 <~Scribe.142~><~Game.1900~><~Scribe.143~><~Game.1883~><~Scribe.144~> 6CCA9E
$tybo<~Controls.644~>101 <~Controls.645~><~Game.2035~> 9DFAF5
$tybo<~Controls.757~>103 104 361 <~Controls.758~><~Game.1997~><~Controls.759~><~Game.2043~> 11F5AC
$tybo<~Controls.762~>101 100 099 360 102 <~Controls.763~><~Game.2041~><~Controls.764~><~Game.2043~> 4E95FF
$tybo<~Controls.509~>191<~Controls.510~><~Game.2006~><~Controls.511~><~Controls.46~> null
$tybo<~Controls.509~>187<~Controls.510~><~Game.2007~><~Controls.511~><~Controls.46~> null
$tybo<~Controls.296~>209 <~Controls.297~><~Controls.46~> D21D93
$hrafhraf<~Controls.509~>112<~Controls.510~><~Game.2004~><~Controls.511~><~Controls.45~> null
$hrafhraf<~Controls.509~>147<~Controls.510~><~Game.2005~><~Controls.511~><~Controls.45~> null
<hrafhraf> fsp ok 301701
$tybo<~Controls.372~>101 8CC512
$tybo<~Controls.345~>100 099 360 102 103 104 361 <~Controls.346~>14 10 12 14 10 13 12 null
$tybo<~Controls.350~>100 099 360 102 103 104 361 null
$hrafhraf<~Controls.731~>210 358 212 213 <~Controls.732~><~Game.2039~><~Controls.733~><~Game.2042~> D5CCCE
$hrafhraf<~Controls.345~>210 358 212 213 <~Controls.346~>3 0 4 1 null
$hrafhraf<~Scribe.141~>212 <~Scribe.142~><~Game.2042~><~Scribe.143~><~Game.2035~><~Scribe.144~> 8E7075
$hrafhraf<~Scribe.141~>068 094 088 065 307 <~Scribe.142~><~Game.1970~><~Scribe.143~><~Game.1954~><~Scribe.144~> 95B597
$hrafhraf<~Scribe.141~>059 <~Scribe.142~><~Game.1973~><~Scribe.143~><~Game.1965~><~Scribe.144~> 2E031D
$hrafhraf<~Controls.644~>212 <~Controls.645~><~Game.2035~> AD82B4
$tybo<~Scribe.141~>099 <~Scribe.142~><~Game.2043~><~Scribe.143~><~Game.2035~><~Scribe.144~> 513638
$tybo<~Scribe.141~>336 <~Scribe.142~><~Game.2040~><~Scribe.143~><~Game.1956~><~Scribe.144~> 257994
$tybo<~Controls.644~>099 <~Controls.645~><~Game.2035~> 0721B3
$hrafhraf<~Scribe.141~>210 <~Scribe.142~><~Game.2042~><~Scribe.143~><~Game.2035~><~Scribe.144~> 6F4EEE
$hrafhraf<~Scribe.141~>306 <~Scribe.142~><~Game.2038~><~Scribe.143~><~Game.1970~><~Scribe.144~> 2D1A2D
$hrafhraf<~Scribe.141~>305 <~Scribe.142~><~Game.2038~><~Scribe.143~><~Game.1890~><~Scribe.144~> F7A5C5
<tybo> not at war A2979F
$hrafhraf<~Controls.819~> C68B13
$hrafhraf<~Controls.819~> ACFAAA
<hrafhraf> yeah D425AE
$hrafhraf<~Controls.819~> A00EA7
$hrafhraf<~Scribe.141~>210 <~Scribe.142~><~Game.2042~><~Scribe.143~><~Game.2035~><~Scribe.144~> D8C542
$hrafhraf<~Scribe.141~>258 <~Scribe.142~><~Game.2001~><~Scribe.143~><~Game.2002~><~Scribe.144~> 796D09
$hrafhraf<~Controls.644~>210 <~Controls.645~><~Game.2035~> 7868C2
$tybo<~Scribe.141~>103 <~Scribe.142~><~Game.2043~><~Scribe.143~><~Game.2035~><~Scribe.144~> 7FB1C0
$tybo<~Scribe.141~>333 <~Scribe.142~><~Game.2040~><~Scribe.143~><~Game.1956~><~Scribe.144~> 0EE185
$tybo<~Controls.644~>103 <~Controls.645~><~Game.2035~> FC9CA1
$hrafhraf<~Scribe.141~>358 <~Scribe.142~><~Game.2042~><~Scribe.143~><~Game.2035~><~Scribe.144~> 7DE2AA
$hrafhraf<~Scribe.141~>reveal 113 BD2241F21B4134BBE9305FA4D256F29A4708BAB8 23 <~Scribe.142~><~Controls.45~><~Scribe.143~><~Game.2030~><~Scribe.144~> AA07B9
$hrafhraf<~Controls.644~>358 <~Controls.645~><~Game.2035~> 602AE3
$tybo<~Scribe.141~>102 <~Scribe.142~><~Game.2043~><~Scribe.143~><~Game.2035~><~Scribe.144~> 44C82C
$tybo<~Scribe.141~>reveal 187 F26A395EE78E5273B213C30AC9A9FB5916741559 2 <~Scribe.142~><~Controls.46~><~Scribe.143~><~Game.2036~><~Scribe.144~> 160DA4
$tybo<~Scribe.141~>330 332 000 <~Scribe.142~><~Game.1883~><~Scribe.143~><~Game.1884~><~Scribe.144~> D7893A
$tybo<~Scribe.141~>001 008 007 <~Scribe.142~><~Game.1917~><~Scribe.143~><~Game.1927~><~Scribe.144~> 5C2E41
$tybo<~Scribe.141~>333 336 <~Scribe.142~><~Game.1956~><~Scribe.143~><~Game.1958~><~Scribe.144~> 462028
$tybo<~Controls.644~>102 187 <~Controls.645~><~Game.2035~> 9C0F40
<hrafhraf> pass 4F3940
$tybo<~Scribe.141~>360 <~Scribe.142~><~Game.2043~><~Scribe.143~><~Game.2035~><~Scribe.144~> 351DA7
$tybo<~Scribe.141~>333 336 <~Scribe.142~><~Game.1958~><~Scribe.143~><~Game.1957~><~Scribe.144~> F1CC53
$tybo<~Scribe.141~>001 008 007 <~Scribe.142~><~Game.1927~><~Scribe.143~><~Game.1949~><~Scribe.144~> 900E7A
$tybo<~Controls.644~>360 <~Controls.645~><~Game.2035~> D91425
<hrafhraf> pass AB010D
$tybo<~Scribe.141~>104 <~Scribe.142~><~Game.2043~><~Scribe.143~><~Game.2035~><~Scribe.144~> 9926EA
<tybo> Dale 14B41E
$tybo<~Controls.840~>200 99EC13
<hrafhraf> nc 1DE4AA
<auto><~Controls.866~>reveal 200 08E7FEF997F618B9438420E9AF034AEA0431DA46 10<~Controls.867~><~Controls.46~><~Controls.868~><~Game.2036~> 1E4717
<tybo> ff2 E027B5
<game> tybo<~Controls.1~> 1 1 2 1 3 null
<game> tybo<~Controls.1~> 4 1 4 null
<tybo> 0 DEAD85
<game> hrafhraf<~Controls.1~> 6 null
<hrafhraf> 1 D85457
$hrafhraf<~Scribe.141~>258 <~Scribe.142~><~Game.2002~><~Scribe.143~><~Game.2003~><~Scribe.144~> 6876A2
$tybo<~Scribe.141~>053 <~Scribe.142~><~Game.1957~><~Scribe.143~><~Game.2036~><~Scribe.144~> 8F9134
<tybo> press 38542C
<tybo> draw B2B4E5
$hrafhraf<~Scribe.141~>308 <~Scribe.142~><~Game.1970~><~Scribe.143~><~Game.1954~><~Scribe.144~> 19FF25
$tybo<~Controls.296~>200 053 <~Controls.297~><~Game.2036~> F248DA
$hrafhraf<~Controls.644~>104 <~Controls.645~><~Game.2035~> 77D37D
$tybo<~Controls.509~>181<~Controls.510~><~Game.2006~><~Controls.511~><~Controls.46~> null
$tybo<~Scribe.141~>253 037 318 319 333 336 051 050 054 <~Scribe.142~><~Game.1957~><~Scribe.143~><~Game.1970~><~Scribe.144~> A62573
<hrafhraf> pass A0B493
$hrafhraf<~Scribe.141~>423 <~Scribe.142~><~Game.389~><~Scribe.143~><~Game.391~><~Scribe.144~> 293804
$tybo<~Scribe.141~>100 <~Scribe.142~><~Game.2043~><~Scribe.143~><~Game.2035~><~Scribe.144~> CE7487
$tybo<~Scribe.141~>reveal 191 73CC80313612EC172DEDE64E0B2C393E6B9C8150 2 <~Scribe.142~><~Controls.46~><~Scribe.143~><~Game.2037~><~Scribe.144~> 893BF1
$tybo<~Scribe.141~>253 <~Scribe.142~><~Game.1970~><~Scribe.143~><~Game.1884~><~Scribe.144~> 59FBAC
$tybo<~Scribe.141~>039 <~Scribe.142~><~Game.1884~><~Scribe.143~><~Game.1970~><~Scribe.144~> F5F8A7
$tybo<~Scribe.141~>040 <~Scribe.142~><~Game.1928~><~Scribe.143~><~Game.1970~><~Scribe.144~> E50A8A
<tybo> shire 608550
$tybo<~Scribe.141~>191 <~Scribe.142~><~Game.2037~><~Scribe.143~><~Game.2034~><~Scribe.144~> F8A464
$tybo<~Controls.840~>205 0B393C
<hrafhraf> nc 60ECB2
<auto><~Controls.866~>reveal 205 A3A7A618862DDD1FF286F7CC9A327713A6794C49 22<~Controls.867~><~Controls.46~><~Controls.868~><~Game.2036~> 40E595
<game> tybo<~Controls.1~> 3 5 6 5 6 null
<tybo> 1 E23FFC
<hrafhraf> gg F11F39
<tybo> gg 3CD7D2
<~Talker.22~> null
