<auto> silent null
<auto><~Scribe.141~>363 397 398 402 401 400 399 403 404 376 375 374 373 377 378 <~Scribe.142~><~Game.2038~><~Scribe.143~>Spare<~Scribe.144~> null
<auto><~Scribe.141~>365 366 379 380 381 382 383 384 385 386 387 388 389 390 391 392 393 394 395 396 367 368 369 370 371 372 <~Scribe.142~><~Game.2040~><~Scribe.143~>Spare<~Scribe.144~> null
<auto><~Scribe.141~>230 231 <~Scribe.142~><~Game.2044~><~Scribe.143~>Spare<~Scribe.144~> null
<auto><~Scribe.141~>155 152 <~Scribe.142~><~Game.2004~><~Scribe.143~>Spare<~Scribe.144~> null
<auto><~Scribe.141~>137 151 <~Scribe.142~><~Game.2005~><~Scribe.143~>Spare<~Scribe.144~> null
<auto><~Scribe.141~>161 198 <~Scribe.142~><~Game.2006~><~Scribe.143~>Spare<~Scribe.144~> null
<auto><~Scribe.141~>163 188 <~Scribe.142~><~Game.2007~><~Scribe.143~>Spare<~Scribe.144~> null
<auto><~Controls.323~>364 null
<auto> noisy null
<auto> silent null
<auto><~Scribe.141~>312 <~Scribe.142~><~Game.2038~><~Scribe.143~><~Game.1965~><~Scribe.144~> null
<auto> noisy null
<~Game.7~>1 null
<auto> silent null
<auto><~Scribe.141~>363 397 398 402 401 400 399 403 404 376 375 374 373 377 378 <~Scribe.142~><~Game.2038~><~Scribe.143~>Spare<~Scribe.144~> null
<auto><~Scribe.141~>365 366 379 380 381 382 383 384 385 386 387 388 389 390 391 392 393 394 395 396 367 368 369 370 371 372 <~Scribe.142~><~Game.2040~><~Scribe.143~>Spare<~Scribe.144~> null
<auto><~Scribe.141~>230 231 <~Scribe.142~><~Game.2044~><~Scribe.143~>Spare<~Scribe.144~> null
<auto><~Scribe.141~>155 152 <~Scribe.142~><~Game.2004~><~Scribe.143~>Spare<~Scribe.144~> null
<auto><~Scribe.141~>137 151 <~Scribe.142~><~Game.2005~><~Scribe.143~>Spare<~Scribe.144~> null
<auto><~Scribe.141~>161 198 <~Scribe.142~><~Game.2006~><~Scribe.143~>Spare<~Scribe.144~> null
<auto><~Scribe.141~>163 188 <~Scribe.142~><~Game.2007~><~Scribe.143~>Spare<~Scribe.144~> null
<auto><~Controls.323~>364 null
<auto> noisy null
$base silent null
$TEST<~Scribe.141~>312 <~Scribe.142~><~Game.2038~><~Scribe.143~><~Game.1965~><~Scribe.144~> null
$base noisy null
<game> Stella_Rossa<~Controls.408~>[WOTR-Gandalf2 wotr base2] null
<~Talker.31~> null
<Tigre> hi ¡¡ 
<Stella_Rossa> hello 
<Stella_Rossa> nice to see you 
<Tigre> same :) 
<Stella_Rossa> highest roll starts with Shadow? 
<Tigre> ook 
<game> Stella_Rossa<~Controls.1~> 6 null
<game> Tigre<~Controls.1~> 3 null
<Stella_Rossa> gl hf! 
<Tigre> same 
$Stella_Rossa<~Controls.479~>9665976E95E36F45FE8CDBE941B32A855F590AB2 159BCE8F69A6F761F65E361DEC964C8C 24 DCE8B7464148E1D40714DCC595C61C42EB38789D 63FB63DD90FDAFCE7E284EB252C01444 33288609B056A5855F335A761DEE4206BD310A8D 0DC93E6056450B1F09067872A685D22D BE7B99FAF7CCCB04C8F2BBB7B91381D14E5B458B 964D1C31AE49008314B2C763E692AAEF 8E469EE9F406ED82F6C7CE58861B9F269EEC71C0 1D5A0AF193F53052B1A03C528796DFDF B63D16CF56F199F9B0322765EA98FEF54814F3D4 DFBC5DE13CF41E7BAB5AEF25CD6734B3 219525D7C11CFDB83E39CBCBC1809D4C6DB2E28F 000B5C7F8EB16C4EEEE616D75CBE1920 596D6072E3DCDEF9B106D9D3929C43D00187CEE5 8AC211A6D26D491D25E6B03D0D4F4705 5CC317FF04DB47B996A36547F918E33BCB93A39D B508DAF8A758DEE8A4441D3A0562094C 39946AC3EDCA418F7E4D8A3BF91112A3546CF34A 6888ADA53AE77D9389A6A8BD043689D1 26D124ABEBAFACD5AD34B09FDCD569C51FB0590F 0035A22BB3D9B5B21DF20E0CFAC4E7DF DE00E131BCBBA5F8A8137BABCF80EB1CE63E5D6B 4FF55D88F2A3770E7F9CB1CBDFBD67BD C34476E4E4E55641CBD1E5966B00AEEA24F0ECA6 E67ADA0A7A2D92BC839CD3A7C3C75C3E 2FDE424504DCD58226ED8404E79BC80B88BFD5DC 97C9F89AAD1CF38BD727E71024626313 794FC2D607780C53658EF3D22C6D3ED49698C86A 353347E03921D577679E17197FF6C551 AB822724E64BA88F5465EEAAA48707F3408F4ACC 9DCB44AFD2F163330248FC3829EF28D5 5F6060C955837DEEC6E15BDC8B17158B82F63237 FA98991F21F1B5913DC806885EE7E010 C824BAD8C66901E8F96FE6B3A85F7226D0174A82 43046BC7FBAD86D7976C0A609A48F381 E8B749E87A8965AB0B9F6914FA93242BA2085738 084E68B4D6B21C93DDB8679927E9F291 37376AE5543BA2D9BC633FD09E6A47890DE97110 6E0BA3C2785878CED0D53950F77FEF93 8377DBAAC0472B024155F2436DA3DA1B70C478FE 78EF0310F08F90A704C69918B301C8E0 8F4F9C71E02332FDDD068963E55003893C46678A 87646C31CAD73D1D0A85E57A133B9D94 26B7C701E901AEC18C093E4C257D37115933180B 23BA99F07DD0C22CD17437AF703C233D DAE2036335EA21551876FD9318F91EEE03A892C3 FBEAE62F2824E5E649BD1CAB966A65ED 7FCEAEF4D8462FBF5EA4D8E7389807D5E9A6D4D4 2A3F56D77DB5809348825F64DF487AC0 24 063EB1094FC6BEC574607500B195F7D5192019CF BB4E1CA5FD49AA2AB113A4897C50E146 15E8719721B5600313BF8CA32AC92E43F3841501 6F287A67652316AAD27BE61B156916AB 2F4A5C9C873C5534696074180BA3AD9A6F363639 BDA04C8E683CCA1F0E10D82C95D68B5E D3BF242B0202999AA4993976A2FD35D636C2B799 190D93749D1C6B9FBBE7F2533EB0F4C1 5A1FDFEEBE92B95231745890AED5A776E684F527 79EF8F0DBA77EDE84D5D13190335D7B7 77E4B339019610356FD87E8AB0EB10FEB0F78315 14564A5A020C66EDB3FDC5ED1691FF37 A84A9F2CBAFDAB8CF87AD35DE38F0BC8BD3D1544 6CF35ECBFC7354EC018A7A48BEE8E072 200AAF6DEBF849B514E710159E3FCD5CB42C449F 8E327C5465DF5CE04EEFB2E46EBC7B96 19244D3EB0F18C8ED0C6FE52305E6FF986BF8D81 98CBD4DA66E72FD9DF584F0B13FA3DE0 329D37785C71FC987F9375080276C10A5D1CA1F9 7C9C88F209F29EA084C08674AD4FC2F9 9F050576AA38DDCEF1AF4F12578CA9CB49C81D50 02CABBB8E9D8CE4542A12DD42193991E 544E96ACBBD1B1E86F2F7CBD8A3BBE4FDE41AC06 136D106D29C7617A31B0E2564C53A2C0 DA1B5D007266E91F8E572F16B4514156FD0A8842 3350B72DA6828CDDA7BFD34D5BE61F2C 9957D7F999A74368768FC3FDE94B23DFE8828F0F 4F81909970949A9F96304B6D5989037E A518870A1BC151E6645DE4DD16A2C42D83795C16 B8BB1CD47504A8483296586A0965EF5A BA020CA21CEA665A4E77ADD9ECD65A7A7B5AFE62 6FEE8C737F9C8EC6D66FED63F58BA495 6377A72645A6983B71D7B1A82477CB1780AEF926 A2624DC25FE66F53281DF175C6450A05 39AD6CA0597010D13071E04052B7A1E63DF15ACB 76463EB76A5924D77A705D97D63B0E6E C598A51E69717F56B18F4C6EF0570BD2613C9F5D 07A0A362246B6B5D7383A799035B82B1 C411C1B4637818815F05B6A95219FBEF9ED223A4 ACECF2D53B773F50EEB1CECDC67E168B 6D8C3BC977F4388D479B1A55742FBED0477C1400 7FF044D2B6B26BC421DFA5A48339D999 611CBB83B58F7FE3B67E741F606FB9DDF6F7A11A 1C7A96A06E9EB12D02698922214E8C35 FF1B7FC47BDB7E7537DFF678E2E9C18938AC7CF8 A71E6B38BCACAED2E56DF664DDAECEA3 40390FCECC066E7F4A43AE05C2A324F452C8E39E 14321161730E8ADE69489ED85B15E78D 0 0 20D291
$Stella_Rossa<~Controls.509~>174<~Controls.510~><~Game.2006~><~Controls.511~><~Controls.46~> null
$Stella_Rossa<~Controls.509~>205<~Controls.510~><~Game.2007~><~Controls.511~><~Controls.46~> null
$Tigre<~Controls.464~>035B93A7C1744320A3ACDDD55A6D12515CD1A03D 1FEDF2ECC2F1D6A8C8EF9FE5DDD5A071 24 63891665384FC417777676E44A02849B66BFE3B5 564E2D4D28A322F7D80FF11B706C25AB 110BCE722190B58CAE993C7319ED89B6E392D0B6 DF9208B18026EDB07BBBC8F901CE032A 576F1B2C30179405AD6EFAC62DD6CB548A4FA8F7 AFA3682BE3D0B28C888924C1545B7997 B81F63D33F3E7A73711B5945E2EDC2CD51DC0B1A 3A4E7A92867BFF01F1CBEC82DAB4811A 51596EE80F06C3E61A9458A408CBCCA15A3F9D0A 3924D8642BE2DB3B27FF51454600E307 2B9B1D44BD580D409513E577FE1F1DF71D6C202E AD13B741DAF40DF0BC4B87DD607340E2 41E82BE0B9525259E599F09A42378B8364317FF6 23FBF56CD010A03F49FE701F1A384AA5 0C7835847ACB19AC9AB95641B2187F2FFF7FCAA6 38BEDB73B854EE039119E85DE0FDFE08 91E4E962FFB34649382284808DBDE03FF7629754 5F9E038A1884B883E666A2DC34CC6454 DCA2B38BE81D3BF4068425FFFEF435D37A4B6D8B E1DBAFC70D2EAA20CBA8E0CB79EA63EF 8D931ADFF6E05EFB049B3199F3FFEA76B9B6137B 25E3B67F3B0BB2B6DAD3FA930EF1C7B2 D2C8EF29FA6D0F05B690D620A9A960871FEB2273 318ABF5BFEC69CEEE871FCA59E5718D9 5CFF0FC86BBBA33BD8E95DDA9D555A3411C95F6C 7022C585E4A7F6EB66930125B5143BDC E671A45E04785DC43E31FA2826AF4A06DF6F6344 B56224965FCB7A760AF3269C9722E9BF 2C90E7EB51FDDE89F728E8D5373037F1CBD040B2 7F6DFE41B6E88DF0AD2FE68C4DFD25A1 A14F0740E6F91F5D8D284D498C9C0D9A6EB7127D 7E77CF5E3DCFAD317640E10BFF6D688C 927CD75BF133BBAA5C5A36A371DB88EDB690BF94 56D2EA01C5139E443887AE5C893734D8 C60579099C4029D50A316D6539921973431351DA A25F669555A1AD58182569AA4778C9A5 64E2D0065ADC719182709F9737A33D98843B4304 3BB01B3C1921F8227375DFA033D587DE E42DA6E2DE13CC0B435125B80FFB07B3EF462985 B95305DC9A6D41E3FED273F332C2F087 69BDB1224E34948AA9CE46446340E20768E73002 391CA3752F85381F2E0B6259AA7B15AB F219549FE4D00FC13EB26F47CDEE8D47871FD56F 605A78E8B3AFD281D9235E655785F233 C304AFDECA374CFF06ADCB53BDC60D7E75605009 A055630477CB46AA1C57A7F65FC20313 FB27746B56D3043F1AF4FA50D14195F8D80C1401 B984BD6D7AF53BD27F69F40DA37A79DC 24 883EF4D5F1B628937F41EFEB1960CF31CF82B468 834A28CBD7003E3C57BE4C2F57E127FE 6F02EF991AA718E8D12AB6F6CC785AAAFB69FF24 E93AE2577E71BD356BCE336DD4F0CF24 BE1812AE42867D4CC3928B73F51847040EF0E7B8 382CBDF826EE07FADAE4C2E7ACAFF953 96FB8D7A22BB1A82F414C35CCFE70F85F76A0DCB 99988D84825D01F93B46A73DFF3285A6 2B1A2C70915D0A34224AD5A1757AF5B62944287F DC137007B222356C0626B9D30CF2985A D9FD29734E5B78E826E0EC962867B481EB1796A0 76D9C95AFC2C5AF2310E42440A3FE936 E33616B5FDF5CFA45B50B57E02BBA50AE9DB0BBF CCB6B5B6BBCEDB431E9D4FEF38F9BD1A 6DA8602E962D3E5DB9C508F10CC8E00ECF0EA1A5 B2D5DEA4978FA455B3BDD9E332CCD892 4DD17999323785F367CA9606DE2D5D30417DD77F 2D2BDF7CF56D8739CABD51EC8690AF1C 77087103F22976D3A1138D6EB6CF1E2263E514EA 808E4FD7B1437740CCE6A1D287A193AC 50183C8CA1480B1441FB665D82663FE3015E3DC0 66BC13FB0A4283C9987CFB35603C987B 8B5F2DDDD0594676C16A72FDE3652E7D1EC2B19C 9BCA4C80DDB88A6CA8464BFA6B3C97D4 516607DEEEF4D0B6EC6E592421B566CF01759359 A1CF0052169D09F076070B3CC3C8D4DD 5D927803895521EAD846C6CCE742524413CBE42F C0C22EF3638282891C86A83D17C7B75B CBC2D46AD5AC575331F37AD29F439E386DB7E18D 4DD8F1D129FC210F3A0E214CC127165A 36C15A34F583E459E93553D75B63190285A71B15 2FDEC763BB9982FA1B8AFA98165FF119 721F7FFECBF09FC3C08D3A2DB24E12E371425F13 9E5C4265C9F137D71A9BB15EFF9F70B2 BA211D1C470D09A370F068AF00B15DC8233A92CF 2E7FA28D16713A17425446D4C8ABAB7A DBB5B59ECA08F9E9F3396DBF059682CFA9790BA0 0C0A5C406DE0B462347B07E3384BB297 158D2BE73C141E935996CABE441F5B9245358862 86DF7BB3D5D54F9B4D7356C9E1C4694C A70B89655DAA946E8319AE298A5024A247856AEA D0D9B2D6038526B407371CC4B8E49AD8 C2E53E04D47EED546891CC6DC1C16372272E6C98 04FD8D3B0FA353A29F034A11E7682097 42F70F92674DE0FC72B945CF937B485B559739E3 6A4571D06A51BC6DF89A4696E1E7CE79 7BA5680631BD658EBA20934B84F7DD94D34EE2F1 F9957A6D1044AA69BF3FD3C7B783AC29 0 0 968410
$Tigre<~Controls.509~>135<~Controls.510~><~Game.2004~><~Controls.511~><~Controls.45~> null
$Tigre<~Controls.509~>106<~Controls.510~><~Game.2005~><~Controls.511~><~Controls.45~> null
<Tigre> gonnsa save the game, 15 secs AEE94D
<Stella_Rossa> np 478DC1
<Tigre> do you wanna ladder game ? 71F293
<Stella_Rossa> oh yes, we have to decide 7FBB37
<Stella_Rossa> ok, let's also ladder B21FFD
<Tigre> ook AC2AE6
<Tigre> fsp ok 474B28
$Stella_Rossa<~Scribe.141~>099 <~Scribe.142~><~Game.2043~><~Scribe.143~><~Game.1997~><~Scribe.144~> 9C38F1
<Stella_Rossa> 1e 0676FC
$Stella_Rossa<~Controls.345~>105 104 103 102 101 100 <~Controls.346~>13 13 13 12 11 12 null
$Stella_Rossa<~Controls.350~>105 104 103 102 101 100 null
$Tigre<~Controls.345~>213 212 211 210 <~Controls.346~>0 0 2 3 null
<Tigre> pass D6431A
$Stella_Rossa<~Scribe.141~>103 <~Scribe.142~><~Game.2043~><~Scribe.143~><~Game.2035~><~Scribe.144~> DD283C
$Stella_Rossa<~Scribe.141~>039 036 029 028 027 026 <~Scribe.142~><~Game.1979~><~Scribe.143~><~Game.1977~><~Scribe.144~> 2738C8
$Stella_Rossa<~Controls.644~>103 <~Controls.645~><~Game.2035~> 9D2F5F
<Tigre> pass 4783C4
$Stella_Rossa<~Scribe.141~>101 <~Scribe.142~><~Game.2043~><~Scribe.143~><~Game.2035~><~Scribe.144~> 68EC74
$Stella_Rossa<~Scribe.141~>263 <~Scribe.142~><~Game.2002~><~Scribe.143~><~Game.2003~><~Scribe.144~> 5F33D5
$Stella_Rossa<~Controls.644~>101 <~Controls.645~><~Game.2035~> EABBF9
$Tigre<~HighlightLabel.86~>211<~HighlightLabel.87~><~Game.2042~><~HighlightLabel.88~><~Game.2035~> 51B427
$Tigre<~Controls.509~>111<~Controls.510~><~Game.2005~><~Controls.511~><~Controls.45~> null
$Tigre<~Controls.644~>211 <~Controls.645~><~Game.2035~> 122320
$Stella_Rossa<~Scribe.141~>104 <~Scribe.142~><~Game.2043~><~Scribe.143~><~Game.2035~><~Scribe.144~> 2A54E5
$Stella_Rossa<~Scribe.141~>039 036 026 027 028 029 <~Scribe.142~><~Game.1977~><~Scribe.143~><~Game.1974~><~Scribe.144~> 067898
$Stella_Rossa<~Controls.644~>104 <~Controls.645~><~Game.2035~> E5D0DA
$Tigre<~HighlightLabel.86~>212<~HighlightLabel.87~><~Game.2042~><~HighlightLabel.88~><~Game.2035~> 117FA3
$Tigre<~Controls.790~>248<~Controls.791~><~Game.2014~><~Controls.792~><~Game.2015~> 86C4A3
$Tigre<~Controls.795~>212<~Controls.796~><~Game.2035~><~Controls.797~><~Game.1997~> 333298
<game> Stella_Rossa<~Controls.1~> 1 null
$Stella_Rossa<~Scribe.141~>105 <~Scribe.142~><~Game.2043~><~Scribe.143~><~Game.2035~><~Scribe.144~> 9C3CFB
$Stella_Rossa<~Scribe.141~>039 038 036 026 027 028 029 025 024 023 022 021 <~Scribe.142~><~Game.1974~><~Scribe.143~><~Game.1976~><~Scribe.144~> 6D62CE
$Stella_Rossa<~Controls.644~>105 <~Controls.645~><~Game.2035~> 4A6480
$Tigre<~HighlightLabel.86~>213<~HighlightLabel.87~><~Game.2042~><~HighlightLabel.88~><~Game.2035~> D1F5EF
$Tigre<~Controls.790~>248<~Controls.791~><~Game.2015~><~Controls.792~><~Game.2016~> E86CDD
$Tigre<~Controls.795~>213<~Controls.796~><~Game.2035~><~Controls.797~><~Game.1997~> 90E1BA
<game> Stella_Rossa<~Controls.1~> 6 null
$Stella_Rossa<~Controls.624~>229<~Controls.625~><~Game.2044~><~Controls.626~><~Game.2037~> null
$Tigre<~Scribe.141~>240 <~Scribe.142~><~Game.1999~><~Scribe.143~><~Game.2035~><~Scribe.144~> EF2FA7
$Tigre<~Scribe.141~>241 <~Scribe.142~><~Game.1998~><~Scribe.143~><~Game.1999~><~Scribe.144~> C738D8
$Tigre<~Controls.644~>240 229 <~Controls.645~><~Game.2035~> 01811B
$Stella_Rossa<~Scribe.141~>100 <~Scribe.142~><~Game.2043~><~Scribe.143~><~Game.2035~><~Scribe.144~> 1FAAF3
$Stella_Rossa<~Scribe.141~>001 <~Scribe.142~><~Game.1910~><~Scribe.143~><~Game.1917~><~Scribe.144~> B4FA7C
$Stella_Rossa<~Scribe.141~>039 038 036 026 027 028 029 025 024 023 022 021 <~Scribe.142~><~Game.1976~><~Scribe.143~><~Game.1972~><~Scribe.144~> 95D3EA
$Stella_Rossa<~Controls.644~>100 <~Controls.645~><~Game.2035~> F8692E
$Tigre<~HighlightLabel.86~>210<~HighlightLabel.87~><~Game.2042~><~HighlightLabel.88~><~Game.2035~> EFCB5B
$Tigre<~Scribe.141~>256 <~Scribe.142~><~Game.2000~><~Scribe.143~><~Game.2001~><~Scribe.144~> 53DC95
$Tigre<~Controls.644~>210 <~Controls.645~><~Game.2035~> 9F2F94
$Stella_Rossa<~Scribe.141~>102 <~Scribe.142~><~Game.2043~><~Scribe.143~><~Game.2035~><~Scribe.144~> F66C20
$Stella_Rossa<~Scribe.141~>039 038 036 026 027 028 029 025 024 023 022 021 <~Scribe.142~><~Game.1972~><~Scribe.143~><~Game.1975~><~Scribe.144~> B8C663
$Stella_Rossa<~Scribe.141~>040 035 015 014 013 012 011 <~Scribe.142~><~Game.1956~><~Scribe.143~><~Game.1953~><~Scribe.144~> 8B22B4
$Stella_Rossa<~Controls.644~>102 <~Controls.645~><~Game.2035~> F6AD86
$Stella_Rossa<~Controls.757~>099 <~Controls.758~><~Game.1997~><~Controls.759~><~Game.2043~> DA2515
$Stella_Rossa<~Controls.762~>102 100 105 104 101 103 <~Controls.763~><~Game.2041~><~Controls.764~><~Game.2043~> 64722F
$Stella_Rossa<~Controls.509~>203<~Controls.510~><~Game.2006~><~Controls.511~><~Controls.46~> null
$Tigre<~Controls.726~>213 212 <~Controls.727~><~Game.1997~><~Controls.728~><~Game.2042~> 83B475
<~Game.7~>2 null
$Tigre<~Controls.731~>210 211 <~Controls.732~><~Game.2039~><~Controls.733~><~Game.2042~> 2C8B5E
$Stella_Rossa<~Controls.509~>175<~Controls.510~><~Game.2007~><~Controls.511~><~Controls.46~> null
$Tigre<~Controls.509~>157<~Controls.510~><~Game.2004~><~Controls.511~><~Controls.45~> null
$Tigre<~Controls.509~>138<~Controls.510~><~Game.2005~><~Controls.511~><~Controls.45~> null
<Tigre> fsp ok 4DC85B
$Stella_Rossa<~Scribe.141~>099 <~Scribe.142~><~Game.2043~><~Scribe.143~><~Game.1997~><~Scribe.144~> 397BB6
$Stella_Rossa<~Controls.345~>102 100 105 104 101 103 <~Controls.346~>10 15 10 10 14 11 null
$Stella_Rossa<~Controls.350~>102 100 105 104 101 103 null
$Tigre<~Controls.345~>210 211 213 212 <~Controls.346~>4 4 1 3 null
$Tigre<~HighlightLabel.86~>211<~HighlightLabel.87~><~Game.2042~><~HighlightLabel.88~><~Game.2035~> 47B1D5
$Tigre<~Scribe.141~>065 <~Scribe.142~><~Game.1941~><~Scribe.143~><~Game.1957~><~Scribe.144~> 35062B
$Tigre<~Scribe.141~>059 <~Scribe.142~><~Game.1973~><~Scribe.143~><~Game.1965~><~Scribe.144~> DCD8FA
$Tigre<~Controls.644~>211 <~Controls.645~><~Game.2035~> 39CF6D
$Stella_Rossa<~Scribe.141~>102 <~Scribe.142~><~Game.2043~><~Scribe.143~><~Game.2035~><~Scribe.144~> 3B04E1
$Stella_Rossa<~Scribe.141~>262 <~Scribe.142~><~Game.2002~><~Scribe.143~><~Game.2003~><~Scribe.144~> B696A7
$Stella_Rossa<~Controls.644~>102 <~Controls.645~><~Game.2035~> 79433F
$Tigre<~HighlightLabel.86~>212<~HighlightLabel.87~><~Game.2042~><~HighlightLabel.88~><~Game.2035~> 22C38D
$Tigre<~Controls.819~> 2D80B0
<Tigre> pass 4C44FD
$Stella_Rossa<~Scribe.141~>103 <~Scribe.142~><~Game.2043~><~Scribe.143~><~Game.2035~><~Scribe.144~> 4FE2B3
$Stella_Rossa<~Scribe.141~>039 038 036 026 027 028 029 025 024 023 022 021 <~Scribe.142~><~Game.1975~><~Scribe.143~><~Game.1966~><~Scribe.144~> 936BDB
$Stella_Rossa<~Scribe.141~>040 035 015 014 013 012 011 <~Scribe.142~><~Game.1953~><~Scribe.143~><~Game.1927~><~Scribe.144~> EBFD15
$Stella_Rossa<~Controls.644~>103 <~Controls.645~><~Game.2035~> 16E65C
$Tigre<~HighlightLabel.86~>213<~HighlightLabel.87~><~Game.2042~><~HighlightLabel.88~><~Game.2035~> 6173E6
$Tigre<~Controls.790~>248<~Controls.791~><~Game.2016~><~Controls.792~><~Game.2017~> BA6F6A
$Tigre<~Controls.795~>213<~Controls.796~><~Game.2035~><~Controls.797~><~Game.1997~> B6466D
<game> Stella_Rossa<~Controls.1~> 4 4 null
$Stella_Rossa<~Scribe.141~>104 <~Scribe.142~><~Game.2043~><~Scribe.143~><~Game.2035~><~Scribe.144~> 752F74
$Stella_Rossa<~Scribe.141~>360 <~Scribe.142~><~Game.2040~><~Scribe.143~><~Game.2037~><~Scribe.144~> AA347E
$Stella_Rossa<~Scribe.141~>254 <~Scribe.142~><~Game.2040~><~Scribe.143~><~Game.1919~><~Scribe.144~> F333A9
$Stella_Rossa<~Controls.644~>104 360 <~Controls.645~><~Game.2035~> 9BAE2C
$Tigre<~HighlightLabel.86~>212<~HighlightLabel.87~><~Game.2042~><~HighlightLabel.88~><~Game.2035~> 06A4A6
$Tigre<~Scribe.141~>256 <~Scribe.142~><~Game.2001~><~Scribe.143~><~Game.2002~><~Scribe.144~> 1A81A6
$Tigre<~Controls.644~>212 <~Controls.645~><~Game.2035~> A26289
$Stella_Rossa<~Scribe.141~>101 <~Scribe.142~><~Game.2043~><~Scribe.143~><~Game.2035~><~Scribe.144~> F543CC
$Stella_Rossa<~Controls.509~>189<~Controls.510~><~Game.2007~><~Controls.511~><~Controls.46~> null
$Stella_Rossa<~Controls.644~>101 <~Controls.645~><~Game.2035~> 3B13BE
$Tigre<~HighlightLabel.86~>210<~HighlightLabel.87~><~Game.2042~><~HighlightLabel.88~><~Game.2035~> D713E3
$Tigre<~Scribe.141~>073 072 <~Scribe.142~><~Game.1929~><~Scribe.143~><~Game.1925~><~Scribe.144~> 51480A
$Tigre<~Scribe.141~>074 070 <~Scribe.142~><~Game.1918~><~Scribe.143~><~Game.1925~><~Scribe.144~> B0E211
$Tigre<~Controls.644~>210 <~Controls.645~><~Game.2035~> A09026
$Stella_Rossa<~Scribe.141~>105 <~Scribe.142~><~Game.2043~><~Scribe.143~><~Game.2035~><~Scribe.144~> 2583C1
$Stella_Rossa<~Scribe.141~>261 <~Scribe.142~><~Game.2001~><~Scribe.143~><~Game.2002~><~Scribe.144~> 3907B6
$Stella_Rossa<~Controls.644~>105 <~Controls.645~><~Game.2035~> 91327A
$Stella_Rossa<~Controls.757~>100 099 <~Controls.758~><~Game.1997~><~Controls.759~><~Game.2043~> 9F8A8D
$Stella_Rossa<~Controls.762~>105 101 104 360 103 102 <~Controls.763~><~Game.2041~><~Controls.764~><~Game.2043~> 8D6A95
$Tigre<~Controls.726~>213 <~Controls.727~><~Game.1997~><~Controls.728~><~Game.2042~> 6F62EF
<~Game.7~>3 null
$Tigre<~Controls.731~>210 212 211 <~Controls.732~><~Game.2039~><~Controls.733~><~Game.2042~> EE31D3
$Stella_Rossa<~Controls.509~>194<~Controls.510~><~Game.2006~><~Controls.511~><~Controls.46~> null
$Stella_Rossa<~Controls.509~>185<~Controls.510~><~Game.2007~><~Controls.511~><~Controls.46~> null
$Tigre<~Controls.509~>127<~Controls.510~><~Game.2004~><~Controls.511~><~Controls.45~> null
$Tigre<~Controls.509~>110<~Controls.510~><~Game.2005~><~Controls.511~><~Controls.45~> null
$Stella_Rossa<~Controls.296~>175 <~Controls.297~><~Controls.46~> C27596
$Tigre<~Controls.296~>135 <~Controls.297~><~Controls.45~> BAF8E0
<Tigre> fsp ok 5C5A92
$Stella_Rossa<~Scribe.141~>099 <~Scribe.142~><~Game.2043~><~Scribe.143~><~Game.1997~><~Scribe.144~> 55D083
$Stella_Rossa<~Controls.345~>105 101 104 360 103 102 100 <~Controls.346~>11 11 12 10 10 11 10 null
$Stella_Rossa<~Controls.350~>105 101 104 360 103 102 100 null
$Tigre<~Controls.345~>210 212 211 213 <~Controls.346~>4 3 4 1 null
<Tigre> same roll for me 428120
<Stella_Rossa> yes 4D5FE1
$Tigre<~HighlightLabel.86~>213<~HighlightLabel.87~><~Game.2042~><~HighlightLabel.88~><~Game.2035~> 3BF557
$Tigre<~Controls.790~>248<~Controls.791~><~Game.2017~><~Controls.792~><~Game.2018~> 6F110A
$Tigre<~Controls.795~>213<~Controls.796~><~Game.2035~><~Controls.797~><~Game.1997~> B66D83
<game> Stella_Rossa<~Controls.1~> 6 null
$Stella_Rossa<~Controls.624~>215<~Controls.625~><~Game.2044~><~Controls.626~><~Game.2037~> null
$Tigre<~Scribe.141~>247 <~Scribe.142~><~Game.1911~><~Scribe.143~><~Game.1915~><~Scribe.144~> 3E4AB1
$Tigre<~Scribe.141~>247 <~Scribe.142~><~Game.1915~><~Scribe.143~><~Game.1912~><~Scribe.144~> DD109C
$Tigre<~Scribe.141~>247 <~Scribe.142~><~Game.1912~><~Scribe.143~><~Game.1917~><~Scribe.144~> 4E57EF
$Stella_Rossa<~Scribe.141~>215 <~Scribe.142~><~Game.2037~><~Scribe.143~><~Game.2036~><~Scribe.144~> A93D2F
$Tigre<~Scribe.141~>247 <~Scribe.142~><~Game.1917~><~Scribe.143~><~Game.1927~><~Scribe.144~> CA2AAF
$Tigre<~Controls.323~>247 8BCFC5
<Stella_Rossa> moria 995AAC
$Stella_Rossa<~Controls.624~>219<~Controls.625~><~Game.2044~><~Controls.626~><~Game.2037~> null
$Stella_Rossa<~Controls.644~>215 219 <~Controls.645~><~Game.2035~> 8A24B3
$Stella_Rossa<~Scribe.141~>104 <~Scribe.142~><~Game.2043~><~Scribe.143~><~Game.2035~><~Scribe.144~> 321F2B
$Stella_Rossa<~Scribe.141~>001 008 007 <~Scribe.142~><~Game.1917~><~Scribe.143~><~Game.1927~><~Scribe.144~> D6CED0
$Stella_Rossa<~Scribe.141~>055 049 048 047 <~Scribe.142~><~Game.1968~><~Scribe.143~><~Game.1946~><~Scribe.144~> 14A8EB
$Stella_Rossa<~Controls.644~>104 <~Controls.645~><~Game.2035~> FEF018
<Tigre> pass 337039
$Stella_Rossa<~Scribe.141~>101 <~Scribe.142~><~Game.2043~><~Scribe.143~><~Game.2035~><~Scribe.144~> C2D062
<Stella_Rossa> OFR 563662
$Stella_Rossa<~Scribe.141~>258 <~Scribe.142~><~Game.2000~><~Scribe.143~><~Game.2001~><~Scribe.144~> 6C2EE9
$Stella_Rossa<~Controls.323~>258 BEC720
$Stella_Rossa<~Controls.840~>189 3F737D
<auto> playchosen 281B48
<auto><~Controls.866~>reveal 189 D7F83BFD6B51080BA96C53D2EA7DBFD330D8248A 11<~Controls.867~><~Controls.46~><~Controls.868~><~Game.2036~> 22BF91
<game> Stella_Rossa<~Controls.1~> 4 1 6 3 4 null
<Stella_Rossa> 1 839056
<game> Tigre<~Controls.1~> 3 null
$Tigre<~Controls.296~>065 <~Controls.297~><~Game.1957~> 4A1A8B
$Stella_Rossa<~Scribe.141~>039 038 036 026 027 028 029 025 024 023 022 021 <~Scribe.142~><~Game.1966~><~Scribe.143~><~Game.1957~><~Scribe.144~> F1D9CA
$Stella_Rossa<~Controls.644~>101 189 <~Controls.645~><~Game.2035~> 28A6F7
<Tigre> thinking 56EAA2
<Stella_Rossa> sure C26B05
<Tigre> pass DBE613
$Stella_Rossa<~Scribe.141~>100 <~Scribe.142~><~Game.2043~><~Scribe.143~><~Game.2035~><~Scribe.144~> C1BAE7
$Stella_Rossa<~Scribe.141~>261 <~Scribe.142~><~Game.2002~><~Scribe.143~><~Game.2003~><~Scribe.144~> 2960DF
$Stella_Rossa<~Controls.644~>100 <~Controls.645~><~Game.2035~> 9782F5
<Tigre> pass A6F20F
$Stella_Rossa<~Scribe.141~>103 <~Scribe.142~><~Game.2043~><~Scribe.143~><~Game.2035~><~Scribe.144~> B43BEC
$Stella_Rossa<~Scribe.141~>347 <~Scribe.142~><~Game.2040~><~Scribe.143~><~Game.1986~><~Scribe.144~> 748D32
$Stella_Rossa<~Controls.644~>103 <~Controls.645~><~Game.2035~> 0248AD
$Tigre<~HighlightLabel.86~>212<~HighlightLabel.87~><~Game.2042~><~HighlightLabel.88~><~Game.2035~> 119FA3
$Tigre<~Controls.323~>247 FBDACD
$Tigre<~Controls.644~>212 <~Controls.645~><~Game.2035~> 665876
$Stella_Rossa<~Scribe.141~>105 <~Scribe.142~><~Game.2043~><~Scribe.143~><~Game.2035~><~Scribe.144~> 511175
<Stella_Rossa> Lorien B79F93
$Tigre<~Scribe.141~>097 093 092 087 <~Scribe.142~><~Game.1928~><~Scribe.143~><~Game.1992~><~Scribe.144~> 76247B
$Stella_Rossa<~Scribe.141~>035 001 013 012 011 015 007 008 <~Scribe.142~><~Game.1927~><~Scribe.143~><~Game.1928~><~Scribe.144~> 806542
$Stella_Rossa<~Scribe.141~>256 <~Scribe.142~><~Game.2002~><~Scribe.143~><~Game.2003~><~Scribe.144~> A08557
$Stella_Rossa<~Controls.644~>105 <~Controls.645~><~Game.2035~> 3F2B98
$Tigre<~HighlightLabel.86~>210<~HighlightLabel.87~><~Game.2042~><~HighlightLabel.88~><~Game.2035~> 3F0B12
$Tigre<~Scribe.141~>266 <~Scribe.142~><~Game.2038~><~Scribe.143~><~Game.1954~><~Scribe.144~> A04D4C
$Tigre<~Controls.644~>210 <~Controls.645~><~Game.2035~> 53FE8A
$Stella_Rossa<~Scribe.141~>102 <~Scribe.142~><~Game.2043~><~Scribe.143~><~Game.2035~><~Scribe.144~> 3624A1
<Stella_Rossa> WR 1BDDE2
$Tigre<~Scribe.141~>098 266 094 088 <~Scribe.142~><~Game.1954~><~Scribe.143~><~Game.1991~><~Scribe.144~> 105447
$Stella_Rossa<~Scribe.141~>039 038 036 026 027 028 029 025 024 023 022 021 <~Scribe.142~><~Game.1957~><~Scribe.143~><~Game.1954~><~Scribe.144~> E9BBFF
$Stella_Rossa<~Controls.644~>102 <~Controls.645~><~Game.2035~> 59C5D4
$Tigre<~HighlightLabel.86~>211<~HighlightLabel.87~><~Game.2042~><~HighlightLabel.88~><~Game.2035~> D4D2EF
$Tigre<~Scribe.141~>reveal 111 C8DA8624DD53E3154C7A0BF65B92439A84130864 2 <~Scribe.142~><~Controls.45~><~Scribe.143~><~Game.2037~><~Scribe.144~> 215938
$Tigre<~Scribe.141~>267 <~Scribe.142~><~Game.2038~><~Scribe.143~><~Game.1991~><~Scribe.144~> 6B392C
$Tigre<~Controls.509~>143<~Controls.510~><~Game.2005~><~Controls.511~><~Controls.45~> null
$Tigre<~Controls.644~>211 111 <~Controls.645~><~Game.2035~> 0F4003
$Stella_Rossa<~Scribe.141~>360 <~Scribe.142~><~Game.2043~><~Scribe.143~><~Game.2035~><~Scribe.144~> 2AB0EF
$Stella_Rossa<~Scribe.141~>361 <~Scribe.142~><~Game.2040~><~Scribe.143~><~Game.2037~><~Scribe.144~> 319B5E
$Stella_Rossa<~Scribe.141~>253 <~Scribe.142~><~Game.2040~><~Scribe.143~><~Game.1954~><~Scribe.144~> BA39D2
$Stella_Rossa<~Controls.323~>259 257 C55785
$Tigre<~Controls.323~>259 257 D812F9
$Stella_Rossa<~Controls.644~>360 361 <~Controls.645~><~Game.2035~> C125E3
$Tigre<~Controls.323~>259 257 10C0DA
$Tigre<~Controls.323~>260 1F4D1D
$Stella_Rossa<~Controls.757~>099 <~Controls.758~><~Game.1997~><~Controls.759~><~Game.2043~> 20F9FA
$Stella_Rossa<~Controls.762~>360 361 102 105 103 100 101 104 <~Controls.763~><~Game.2041~><~Controls.764~><~Game.2043~> D52832
$Tigre<~Controls.726~>213 <~Controls.727~><~Game.1997~><~Controls.728~><~Game.2042~> 10FFB2
<~Game.7~>4 null
$Tigre<~Controls.731~>211 210 212 <~Controls.732~><~Game.2039~><~Controls.733~><~Game.2042~> 357077
$Stella_Rossa<~Controls.509~>202<~Controls.510~><~Game.2006~><~Controls.511~><~Controls.46~> null
$Stella_Rossa<~Controls.509~>171<~Controls.510~><~Game.2007~><~Controls.511~><~Controls.46~> null
$Tigre<~Controls.509~>144<~Controls.510~><~Game.2004~><~Controls.511~><~Controls.45~> null
$Stella_Rossa<~Controls.296~>194 <~Controls.297~><~Controls.46~> 50DF16
$Tigre<~Controls.509~>120<~Controls.510~><~Game.2005~><~Controls.511~><~Controls.45~> null
<Tigre> discardign 2 F7BF6F
$Tigre<~Controls.296~>127 <~Controls.297~><~Controls.45~> 79E190
$Tigre<~Controls.296~>157 <~Controls.297~><~Controls.45~> 2986EE
<Tigre> fsp ok CC1A88
$Stella_Rossa<~Scribe.141~>099 <~Scribe.142~><~Game.2043~><~Scribe.143~><~Game.1997~><~Scribe.144~> 58ECD3
$Stella_Rossa<~Controls.345~>360 361 102 105 103 100 101 104 <~Controls.346~>12 12 12 12 14 13 11 14 null
$Stella_Rossa<~Controls.350~>360 361 102 105 103 100 101 104 null
$Tigre<~Controls.345~>211 210 212 213 <~Controls.346~>4 1 2 3 null
$Tigre<~HighlightLabel.86~>210<~HighlightLabel.87~><~Game.2042~><~HighlightLabel.88~><~Game.2035~> F46469
$Tigre<~Controls.790~>248<~Controls.791~><~Game.2014~><~Controls.792~><~Game.2015~> 45817B
$Tigre<~Controls.795~>210<~Controls.796~><~Game.2035~><~Controls.797~><~Game.1997~> F6F780
<game> Stella_Rossa<~Controls.1~> 5 1 null
$Stella_Rossa<~Scribe.141~>103 <~Scribe.142~><~Game.2043~><~Scribe.143~><~Game.2035~><~Scribe.144~> 85063F
<Tigre> reroll 0F2500
$Stella_Rossa<~Scribe.141~>reveal 171 96D184A40554537AA5A54791711C33B05934B0AC 20 <~Scribe.142~><~Controls.46~><~Scribe.143~><~Game.2037~><~Scribe.144~> 361A2C
<Stella_Rossa> I did 566844
<Stella_Rossa> rolled 2 together AFC5AE
<Tigre> ah yes 366B2E
<Stella_Rossa> :-) CDB5E5
$Stella_Rossa<~Controls.304~>023 024 <~Controls.305~><~Game.1954~> BA3D82
$Stella_Rossa<~Controls.313~>335 336 <~Controls.309~><~Controls.314~><~Game.1954~> 9C7C23
$Stella_Rossa<~Controls.644~>103 171 <~Controls.645~><~Game.2035~> 9C1426
<Tigre> pass 1A3305
$Stella_Rossa<~Scribe.141~>360 <~Scribe.142~><~Game.2043~><~Scribe.143~><~Game.2035~><~Scribe.144~> 8938CC
<Stella_Rossa> WR A5B838
$Stella_Rossa<~Controls.840~>205 D23C9C
$Tigre<~Controls.840~>106 645F43
<auto> playchosen 85D190
<auto><~Controls.3~>reveal 106 F156BB32994AD940322CA5716B8AC1AAB6BB375D 6<~Controls.884~><~Controls.45~><~Controls.885~><~Game.2037~> 4850C1
<auto><~Controls.866~>reveal 205 C368E030C7674921A727086E40DB46A706400175 10<~Controls.867~><~Controls.46~><~Controls.868~><~Game.2036~> 7D4EB0
<auto> playchosen 3FE92E
<game> Stella_Rossa<~Controls.1~> 5 3 1 null
<game> Stella_Rossa<~Controls.1~> 6 4 null
<Stella_Rossa> 3 85482E
<game> Tigre<~Controls.1~> 2 6 1 3 null
<game> Tigre<~Controls.1~> 2 null
$Stella_Rossa<~Controls.281~>029 028 <~Controls.282~><~Game.1954~><~Controls.283~><~Game.2040~> 8B737D
<Tigre> 2 238FB3
<Stella_Rossa> press 7CDB15
$Tigre<~Controls.304~>094 <~Controls.305~><~Game.1991~> 8F5AA9
$Tigre<~Controls.313~>269 <~Controls.307~><~Controls.314~><~Game.1991~> 71C6D5
$Tigre<~Controls.304~>266 <~Controls.305~><~Game.1991~> 45EE7D
$Tigre<~Controls.313~>268 <~Controls.307~><~Controls.314~><~Game.1991~> 7661C4
$Tigre<~Controls.304~>267 <~Controls.305~><~Game.1991~> 669FD9
$Stella_Rossa<~Controls.304~>036 <~Controls.305~><~Game.1954~> 66EBA4
$Stella_Rossa<~Controls.313~>029 <~Controls.307~><~Controls.314~><~Game.1954~> 820D2A
$Stella_Rossa<~Controls.509~>207<~Controls.510~><~Game.2007~><~Controls.511~><~Controls.46~> null
<Tigre> wait EF3FB9
$Stella_Rossa<~Controls.662~>205 106 <~Controls.663~><~Game.2035~> 7D1E4A
<Tigre> i undo my hits 6E3C51
<Stella_Rossa> np DAEFC7
$Tigre<~Controls.304~>088 <~Controls.305~><~Game.1991~> BB6497
$Tigre<~Controls.313~>265 <~Controls.309~><~Controls.314~><~Game.1991~> 01FC53
$Tigre<~Controls.304~>268 <~Controls.305~><~Game.1991~> E45B61
$Tigre<~Controls.313~>264 <~Controls.309~><~Controls.314~><~Game.1991~> D529FA
$Stella_Rossa<~Controls.840~>203 0A77A9
<Tigre> wait a moment please 437DB2
<Stella_Rossa> sure E038C1
<Stella_Rossa> you should have 1 elites and 2 regulars C0C5E9
<Tigre> yes ED09E2
$Tigre<~Controls.819~> 7D8DB5
$Tigre<~Controls.819~> 0BD363
$Tigre<~Controls.819~> DCF56A
<Stella_Rossa> ok 625586
$Tigre<~Controls.819~> EFD487
<Stella_Rossa> no 567454
<Tigre> if i undo do you miss your card? BE0B4B
<Stella_Rossa> yes A004CA
<Stella_Rossa> wait, I'll do it A6C37E
$Stella_Rossa<~Scribe.141~>094 <~Scribe.142~><~Game.2039~><~Scribe.143~><~Game.1991~><~Scribe.144~> 5F3FC3
<Tigre> yes, please 785192
$Stella_Rossa<~Controls.281~>088 <~Controls.282~><~Game.1991~><~Controls.283~><~Game.2039~> 2FCD82
<Stella_Rossa> ok? C686F2
$Stella_Rossa<~Controls.281~>088 <~Controls.282~><~Game.2039~><~Controls.283~><~Game.2038~> 8C50BF
<Tigre> yes A270B1
$Stella_Rossa<~Controls.840~>203 443AE7
$Tigre<~Controls.840~>138 823B07
<auto> playchosen 078728
<auto><~Controls.3~>reveal 138 593E14DF4DED54E0991C555C83DF219873301FE2 0<~Controls.884~><~Controls.45~><~Controls.885~><~Game.2037~> 571D4A
<auto><~Controls.866~>reveal 203 9BA6CE5B2E2689E10761E295B79757CA8A8E5A94 14<~Controls.867~><~Controls.46~><~Controls.868~><~Game.2036~> 4F6FB2
<auto> playchosen 00DAC4
<game> Stella_Rossa<~Controls.1~> 5 5 6 2 1 null
<game> Stella_Rossa<~Controls.1~> 1 1 1 null
<Stella_Rossa> 1 095C77
<game> Tigre<~Controls.1~> 4 1 4 null
<game> Tigre<~Controls.1~> 6 null
<Tigre> 1 A5FB45
<Stella_Rossa> +1 776E67
<Tigre> 2 for you 8BA77F
$Stella_Rossa<~Controls.281~>025 027 <~Controls.282~><~Game.1954~><~Controls.283~><~Game.2040~> E4E2C9
<Stella_Rossa> stop D9B537
$Tigre<~Controls.304~>094 <~Controls.305~><~Game.1991~> A705BF
$Tigre<~Controls.313~>088 <~Controls.307~><~Controls.314~><~Game.1991~> 94F009
$Stella_Rossa<~Controls.644~>360 203 138 <~Controls.645~><~Game.2035~> BF0EB1
<Tigre> stop? 55FBD6
<Stella_Rossa> yes 1A92DC
<Tigre> pass EAAB6C
$Stella_Rossa<~Scribe.141~>104 <~Scribe.142~><~Game.2043~><~Scribe.143~><~Game.2035~><~Scribe.144~> 22EF2D
$Stella_Rossa<~Controls.509~>184<~Controls.510~><~Game.2007~><~Controls.511~><~Controls.46~> null
$Stella_Rossa<~Controls.644~>104 <~Controls.645~><~Game.2035~> 0BD138
<Tigre> pass 107FB3
$Stella_Rossa<~Scribe.141~>100 <~Scribe.142~><~Game.2043~><~Scribe.143~><~Game.2035~><~Scribe.144~> 6AC6A8
<Stella_Rossa> WR 439E36
$Stella_Rossa<~Controls.840~>184 AC62FD
$Tigre<~Controls.840~>120 45D221
<auto> playchosen EADA49
<auto><~Controls.3~>reveal 120 D9F0EFD618411CC4EDB3823927969582DDD9093F 5<~Controls.884~><~Controls.45~><~Controls.885~><~Game.2037~> 2A7A4F
<auto><~Controls.866~>reveal 184 ED42195F11F07E5AA1F338059A2682F8E9AE3A15 16<~Controls.867~><~Controls.46~><~Controls.868~><~Game.2036~> F04639
<auto> playchosen 99E7FD
<game> Stella_Rossa<~Controls.1~> 2 5 6 3 3 null
<game> Stella_Rossa<~Controls.1~> 4 6 3 6 null
<Stella_Rossa> 3 AA2EBD
<game> Tigre<~Controls.1~> 4 4 4 null
$Stella_Rossa<~Scribe.141~>423 <~Scribe.142~><~Game.27~><~Scribe.143~><~Game.29~><~Scribe.144~> 707701
<Tigre> 4 BE3BE7
$Tigre<~Controls.296~>098 088 268 269 <~Controls.297~><~Game.1991~> 84365B
$Stella_Rossa<~Scribe.141~>335 021 <~Scribe.142~><~Game.1954~><~Scribe.143~><~Game.2036~><~Scribe.144~> EF1B25
$Stella_Rossa<~Controls.509~>170<~Controls.510~><~Game.2007~><~Controls.511~><~Controls.46~> null
$Stella_Rossa<~Controls.644~>100 184 335 021 120 <~Controls.645~><~Game.2035~> 9F3582
<Tigre> pass DFF7C6
$Stella_Rossa<~Scribe.141~>105 <~Scribe.142~><~Game.2043~><~Scribe.143~><~Game.2035~><~Scribe.144~> 267CE2
$Stella_Rossa<~Scribe.141~>347 056 052 051 050 <~Scribe.142~><~Game.1986~><~Scribe.143~><~Game.1984~><~Scribe.144~> A98DE5
$Stella_Rossa<~Scribe.141~>054 053 <~Scribe.142~><~Game.1987~><~Scribe.143~><~Game.1984~><~Scribe.144~> 6578EE
$Stella_Rossa<~Controls.644~>105 <~Controls.645~><~Game.2035~> 41BFAF
<Tigre> pass 68E510
<Stella_Rossa> cannot 150C78
<Tigre> oh yes 814FC0
$Tigre<~HighlightLabel.86~>213<~HighlightLabel.87~><~Game.2042~><~HighlightLabel.88~><~Game.2035~> 66DBD9
$Tigre<~Scribe.141~>260 <~Scribe.142~><~Game.2001~><~Scribe.143~><~Game.2002~><~Scribe.144~> 3C02A5
$Tigre<~Controls.644~>213 <~Controls.645~><~Game.2035~> 8FDB15
$Stella_Rossa<~Scribe.141~>102 <~Scribe.142~><~Game.2043~><~Scribe.143~><~Game.2035~><~Scribe.144~> E1AB8A
$Stella_Rossa<~Scribe.141~>347 056 054 053 052 051 050 <~Scribe.142~><~Game.1984~><~Scribe.143~><~Game.1973~><~Scribe.144~> EACB0F
$Stella_Rossa<~Scribe.141~>257 <~Scribe.142~><~Game.2000~><~Scribe.143~><~Game.2001~><~Scribe.144~> CA9679
$Stella_Rossa<~Scribe.141~>055 057 049 048 047 046 045 044 <~Scribe.142~><~Game.1946~><~Scribe.143~><~Game.1932~><~Scribe.144~> 8DBB5E
$Stella_Rossa<~Scribe.141~>044 <~Scribe.142~><~Game.1932~><~Scribe.143~><~Game.1946~><~Scribe.144~> 40A06A
$Stella_Rossa<~Controls.644~>102 <~Controls.645~><~Game.2035~> 312622
$Tigre<~HighlightLabel.86~>211<~HighlightLabel.87~><~Game.2042~><~HighlightLabel.88~><~Game.2035~> 92D677
$Tigre<~Scribe.141~>260 <~Scribe.142~><~Game.2002~><~Scribe.143~><~Game.2003~><~Scribe.144~> 3DFE23
$Tigre<~Controls.644~>211 <~Controls.645~><~Game.2035~> 498B7A
$Stella_Rossa<~Scribe.141~>361 <~Scribe.142~><~Game.2043~><~Scribe.143~><~Game.2035~><~Scribe.144~> AACD10
$Stella_Rossa<~Scribe.141~>reveal 185 FDF3AD1D729B003F9D92D8ED383D50433D5D0918 6 <~Scribe.142~><~Controls.46~><~Scribe.143~><~Game.2037~><~Scribe.144~> 545B50
<Stella_Rossa> all 7B67B0
<Tigre> :( 64AF5B
$Tigre<~Scribe.141~>077 076 075 <~Scribe.142~><~Game.1920~><~Scribe.143~><~Game.1995~><~Scribe.144~> 4A71AA
$Stella_Rossa<~Scribe.141~>055 057 049 048 047 046 045 043 042 041 <~Scribe.142~><~Game.1932~><~Scribe.143~><~Game.1920~><~Scribe.144~> F3F057
$Stella_Rossa<~Controls.644~>361 185 <~Controls.645~><~Game.2035~> 85A377
$Tigre<~HighlightLabel.86~>212<~HighlightLabel.87~><~Game.2042~><~HighlightLabel.88~><~Game.2035~> 642023
$Tigre<~Controls.366~>251<~Controls.367~><~Game.2010~><~Controls.368~><~Game.2011~> DE8DC9
$Tigre changes 212  to C 6D2EAB
$Tigre<~Controls.790~>248<~Controls.791~><~Game.2015~><~Controls.792~><~Game.2016~> FF4254
$Tigre<~Controls.795~>212<~Controls.796~><~Game.2035~><~Controls.797~><~Game.1997~> 6673F5
<game> Stella_Rossa<~Controls.1~> 5 1 null
$Stella_Rossa<~Controls.624~>221<~Controls.625~><~Game.2044~><~Controls.626~><~Game.2037~> null
<Stella_Rossa> 1r DE14DD
$Tigre<~Scribe.141~>252 <~Scribe.142~><~Game.2014~><~Scribe.143~><~Game.2015~><~Scribe.144~> AC7FB1
$Tigre<~Scribe.141~>247 <~Scribe.142~><~Game.1927~><~Scribe.143~><~Game.1930~><~Scribe.144~> 4C8A5C
$Tigre<~Scribe.141~>247 <~Scribe.142~><~Game.1930~><~Scribe.143~><~Game.1937~><~Scribe.144~> 76BB15
$Tigre<~Controls.323~>247 A4A52F
$Tigre<~Controls.644~>221 <~Controls.645~><~Game.2035~> 32768A
$Stella_Rossa<~Scribe.141~>101 <~Scribe.142~><~Game.2043~><~Scribe.143~><~Game.2035~><~Scribe.144~> AD16B4
<Stella_Rossa> Erebor 8B5005
$Tigre<~Scribe.141~>062 312 061 059 060 <~Scribe.142~><~Game.1965~><~Scribe.143~><~Game.1988~><~Scribe.144~> 68FA91
$Stella_Rossa<~Scribe.141~>257 <~Scribe.142~><~Game.2001~><~Scribe.143~><~Game.2002~><~Scribe.144~> 4C7F7C
$Stella_Rossa<~Scribe.141~>347 056 054 053 052 051 050 <~Scribe.142~><~Game.1973~><~Scribe.143~><~Game.1965~><~Scribe.144~> 7377A2
$Stella_Rossa<~Scribe.141~>420 <~Scribe.142~><~Game.2040~><~Scribe.143~><~Game.1973~><~Scribe.144~> 599F8E
$Stella_Rossa<~Controls.644~>101 <~Controls.645~><~Game.2035~> 4E31C5
$Stella_Rossa<~Controls.757~>099 <~Controls.758~><~Game.1997~><~Controls.759~><~Game.2043~> 46BC15
$Stella_Rossa<~Controls.762~>101 361 102 105 100 104 360 103 <~Controls.763~><~Game.2041~><~Controls.764~><~Game.2043~> 40532F
$Stella_Rossa<~Controls.509~>177<~Controls.510~><~Game.2006~><~Controls.511~><~Controls.46~> null
$Stella_Rossa<~Controls.509~>187<~Controls.510~><~Game.2007~><~Controls.511~><~Controls.46~> null
$Tigre<~Controls.726~>212 210 <~Controls.727~><~Game.1997~><~Controls.728~><~Game.2042~> 661F7D
<~Game.7~>5 null
$Tigre<~Controls.731~>211 213 <~Controls.732~><~Game.2039~><~Controls.733~><~Game.2042~> DE2986
$Tigre<~Controls.509~>117<~Controls.510~><~Game.2004~><~Controls.511~><~Controls.45~> null
$Tigre<~Controls.509~>113<~Controls.510~><~Game.2005~><~Controls.511~><~Controls.45~> null
<Tigre> fsp ok 6825C9
$Stella_Rossa<~Scribe.141~>099 <~Scribe.142~><~Game.2043~><~Scribe.143~><~Game.1997~><~Scribe.144~> BACB8F
$Stella_Rossa<~Controls.345~>101 361 102 105 100 104 360 103 <~Controls.346~>15 14 11 13 13 14 11 11 null
$Stella_Rossa<~Controls.350~>101 361 102 105 100 104 360 103 null
$Tigre<~Controls.345~>211 213 212 210 <~Controls.346~>3 1 4 4 null
$Tigre<~HighlightLabel.86~>211<~HighlightLabel.87~><~Game.2042~><~HighlightLabel.88~><~Game.2035~> 720E3F
$Tigre<~Controls.323~>247 FBF0DB
$Tigre<~Controls.644~>211 <~Controls.645~><~Game.2035~> 5FEF39
$Stella_Rossa<~Scribe.141~>361 <~Scribe.142~><~Game.2043~><~Scribe.143~><~Game.2035~><~Scribe.144~> 4C3727
$Stella_Rossa<~Scribe.141~>reveal 174 9EF65E39E57341FAC5B8CC94A0E0DCE11E084885 18 <~Scribe.142~><~Controls.46~><~Scribe.143~><~Game.2036~><~Scribe.144~> 02D6B8
$Stella_Rossa<~Controls.624~>225<~Controls.625~><~Game.2044~><~Controls.626~><~Game.2037~> null
$Stella_Rossa<~Controls.637~>243<~Controls.638~><~Game.1998~><~Controls.639~><~Game.2037~> null
$Stella_Rossa<~Controls.644~>361 174 225 243 <~Controls.645~><~Game.2035~> 7AEA02
$Tigre<~HighlightLabel.86~>213<~HighlightLabel.87~><~Game.2042~><~HighlightLabel.88~><~Game.2035~> 1A04B6
$Tigre<~Controls.790~>248<~Controls.791~><~Game.2014~><~Controls.792~><~Game.2015~> 07D5F7
$Tigre<~Controls.795~>213<~Controls.796~><~Game.2035~><~Controls.797~><~Game.1997~> 58B74C
<game> Stella_Rossa<~Controls.1~> 4 4 null
$Stella_Rossa<~Scribe.141~>102 <~Scribe.142~><~Game.2043~><~Scribe.143~><~Game.2035~><~Scribe.144~> AA28CA
$Stella_Rossa<~Scribe.141~>253 039 038 336 029 026 022 <~Scribe.142~><~Game.1954~><~Scribe.143~><~Game.1962~><~Scribe.144~> CE2E81
$Stella_Rossa<~Scribe.141~>029 <~Scribe.142~><~Game.1962~><~Scribe.143~><~Game.1954~><~Scribe.144~> 2E89AC
$Stella_Rossa<~Scribe.141~>040 014 <~Scribe.142~><~Game.1927~><~Scribe.143~><~Game.1928~><~Scribe.144~> 4EB775
$Stella_Rossa<~Controls.644~>102 <~Controls.645~><~Game.2035~> 383080
<Tigre> pass AF7B28
$Stella_Rossa<~Scribe.141~>360 <~Scribe.142~><~Game.2043~><~Scribe.143~><~Game.2035~><~Scribe.144~> B239B4
$Stella_Rossa<~Scribe.141~>253 039 038 336 026 022 <~Scribe.142~><~Game.1962~><~Scribe.143~><~Game.1965~><~Scribe.144~> EC407E
$Stella_Rossa<~Scribe.141~>032 031 030 <~Scribe.142~><~Game.1977~><~Scribe.143~><~Game.1969~><~Scribe.144~> 6E0E2D
$Stella_Rossa<~Controls.644~>360 <~Controls.645~><~Game.2035~> 12222A
<Tigre> pass 4F32B1
$Stella_Rossa<~Scribe.141~>105 <~Scribe.142~><~Game.2043~><~Scribe.143~><~Game.2035~><~Scribe.144~> 77EFE5
<Stella_Rossa> Erebor 650079
$Stella_Rossa<~Scribe.141~>257 <~Scribe.142~><~Game.2002~><~Scribe.143~><~Game.2003~><~Scribe.144~> 4829F8
$Stella_Rossa<~Controls.840~>187 2694BA
$Tigre<~Controls.840~>113 17A7A6
<auto> playchosen 7F2E39
<auto><~Controls.3~>reveal 113 E0F01B86617AC3C1545A7C929C2C6F55995A8F82 22<~Controls.884~><~Controls.45~><~Controls.885~><~Game.2037~> AC4093
<auto><~Controls.866~>reveal 187 E0C34560178C2564305A185B23D94F44879106ED 5<~Controls.867~><~Controls.46~><~Controls.868~><~Game.2036~> ECA216
<auto> playchosen 056F12
<Stella_Rossa> mmm 2B32B3
<Stella_Rossa> sac 2 41E1F8
$Stella_Rossa<~Scribe.141~>052 053 <~Scribe.142~><~Game.1965~><~Scribe.143~><~Game.2036~><~Scribe.144~> 954EB9
<game> Stella_Rossa<~Controls.1~> 5 4 6 3 6 null
<game> Stella_Rossa<~Controls.1~> 3 6 null
<Stella_Rossa> 4 A9648A
<game> Tigre<~Controls.1~> 4 2 5 5 null
<game> Tigre<~Controls.1~> 1 null
<Tigre> 2 06B2E9
$Stella_Rossa<~Controls.281~>336 <~Controls.282~><~Game.1965~><~Controls.283~><~Game.2040~> C18D94
<Stella_Rossa> press 229B42
$Tigre<~Controls.296~>061 <~Controls.297~><~Game.1988~> 432222
$Tigre<~Controls.296~>312 <~Controls.297~><~Game.1988~> 31FD99
$Stella_Rossa<~Controls.304~>056 <~Controls.305~><~Game.1965~> 59B7D9
$Stella_Rossa<~Controls.313~>357 <~Controls.307~><~Controls.314~><~Game.1965~> 196FF9
$Stella_Rossa<~Controls.509~>197<~Controls.510~><~Game.2007~><~Controls.511~><~Controls.46~> null
$Stella_Rossa<~Controls.662~>187 052 053 113 <~Controls.663~><~Game.2035~> 056E6A
$Stella_Rossa<~Controls.840~>197 319F7A
<auto> playchosen 1254B2
<auto><~Controls.866~>reveal 197 D348BB35BCBD0B591364695B9649E763F3D30A7B 23<~Controls.867~><~Controls.46~><~Controls.868~><~Game.2036~> 1FFE2C
<game> Stella_Rossa<~Controls.1~> 4 4 4 5 2 null
<game> Stella_Rossa<~Controls.1~> 2 4 6 4 null
<Stella_Rossa> 1+1 EA35D3
<game> Tigre<~Controls.1~> 1 6 null
<game> Tigre<~Controls.1~> 3 null
<Tigre> 1 331B43
$Stella_Rossa<~Controls.304~>347 <~Controls.305~><~Game.1965~> 7FC537
$Stella_Rossa<~Controls.313~>052 <~Controls.307~><~Controls.314~><~Game.1965~> E53567
$Tigre<~Controls.296~>062 059 060 <~Controls.297~><~Game.1988~> 242276
$Stella_Rossa<~Scribe.141~>423 <~Scribe.142~><~Game.29~><~Scribe.143~><~Game.31~><~Scribe.144~> 32A7BB
$Stella_Rossa<~Controls.644~>105 197 <~Controls.645~><~Game.2035~> 85ED10
<Tigre> pass 8017C4
$Stella_Rossa<~Scribe.141~>100 <~Scribe.142~><~Game.2043~><~Scribe.143~><~Game.2035~><~Scribe.144~> AD889E
$Stella_Rossa<~Scribe.141~>253 038 039 <~Scribe.142~><~Game.1965~><~Scribe.143~><~Game.1920~><~Scribe.144~> E802B8
$Stella_Rossa<~Scribe.141~>040 <~Scribe.142~><~Game.1928~><~Scribe.143~><~Game.1920~><~Scribe.144~> A6B0E4
$Stella_Rossa<~Scribe.141~>037 <~Scribe.142~><~Game.1969~><~Scribe.143~><~Game.1965~><~Scribe.144~> 09740E
$Stella_Rossa<~Controls.644~>100 <~Controls.645~><~Game.2035~> 6381B0
$Tigre<~HighlightLabel.86~>212<~HighlightLabel.87~><~Game.2042~><~HighlightLabel.88~><~Game.2035~> 40A663
$Tigre<~Scribe.141~>277 <~Scribe.142~><~Game.2038~><~Scribe.143~><~Game.1931~><~Scribe.144~> 8F23A3
$Tigre<~Scribe.141~>271 <~Scribe.142~><~Game.2038~><~Scribe.143~><~Game.1944~><~Scribe.144~> AC7CA4
$Tigre<~Controls.644~>212 <~Controls.645~><~Game.2035~> A3029D
$Stella_Rossa<~Scribe.141~>104 <~Scribe.142~><~Game.2043~><~Scribe.143~><~Game.2035~><~Scribe.144~> BC86AC
$Stella_Rossa<~Controls.509~>192<~Controls.510~><~Game.2007~><~Controls.511~><~Controls.46~> null
$Stella_Rossa<~Controls.644~>104 <~Controls.645~><~Game.2035~> C0FB74
$Tigre<~HighlightLabel.86~>210<~HighlightLabel.87~><~Game.2042~><~HighlightLabel.88~><~Game.2035~> 9F8595
$Tigre<~Controls.366~>250<~Controls.367~><~Game.2009~><~Controls.368~><~Game.2012~> 8F5AB7
$Tigre changes 210  to C A27953
$Tigre<~Controls.790~>248<~Controls.791~><~Game.2015~><~Controls.792~><~Game.2016~> F1BCFA
$Tigre<~Controls.795~>210<~Controls.796~><~Game.2035~><~Controls.797~><~Game.1997~> BBBC4E
<game> Stella_Rossa<~Controls.1~> 4 6 null
$Stella_Rossa<~Controls.624~>228<~Controls.625~><~Game.2044~><~Controls.626~><~Game.2037~> null
<Tigre> hmm 60412A
$Tigre<~Scribe.141~>252 <~Scribe.142~><~Game.2015~><~Scribe.143~><~Game.2016~><~Scribe.144~> D20E72
$Tigre<~Scribe.141~>252 <~Scribe.142~><~Game.2016~><~Scribe.143~><~Game.2017~><~Scribe.144~> 932617
$Tigre<~Scribe.141~>252 <~Scribe.142~><~Game.2017~><~Scribe.143~><~Game.2018~><~Scribe.144~> 86CF5A
$Tigre<~Controls.644~>228 <~Controls.645~><~Game.2035~> 028BDB
$Stella_Rossa<~Scribe.141~>103 <~Scribe.142~><~Game.2043~><~Scribe.143~><~Game.2035~><~Scribe.144~> B52EA1
<Stella_Rossa> DA 9BDC37
$Stella_Rossa<~Controls.840~>192 FCD68C
<auto> playchosen 72ECEF
<auto><~Controls.866~>reveal 192 E8F895E8C2EFABB2622F0E17D240B25E388BC742 13<~Controls.867~><~Controls.46~><~Controls.868~><~Game.2036~> 919798
<game> Stella_Rossa<~Controls.1~> 5 2 4 4 4 null
<game> Stella_Rossa<~Controls.1~> 6 6 3 4 null
<Stella_Rossa> 3 80FA21
<game> Tigre<~Controls.1~> 6 2 2 null
<Tigre> 1 F33E9E
$Stella_Rossa<~Scribe.141~>423 <~Scribe.142~><~Game.31~><~Scribe.143~><~Game.33~><~Scribe.144~> BEF99D
$Stella_Rossa<~Controls.281~>048 <~Controls.282~><~Game.1920~><~Controls.283~><~Game.2040~> E87C31
$Tigre<~Controls.296~>077 076 075 <~Controls.297~><~Game.1995~> D74A6A
$Stella_Rossa<~Controls.509~>196<~Controls.510~><~Game.2007~><~Controls.511~><~Controls.46~> null
$Stella_Rossa<~Controls.644~>103 192 <~Controls.645~><~Game.2035~> A02559
$Tigre<~Controls.726~>210 213 <~Controls.727~><~Game.1997~><~Controls.728~><~Game.2042~> 4AE1F8
$Tigre<~Controls.731~>212 211 <~Controls.732~><~Game.2039~><~Controls.733~><~Game.2042~> C03138
$Stella_Rossa<~Controls.757~>101 099 <~Controls.758~><~Game.1997~><~Controls.759~><~Game.2043~> 8B3578
<~Game.7~>6 null
$Stella_Rossa<~Controls.762~>103 104 100 105 360 102 361 <~Controls.763~><~Game.2041~><~Controls.764~><~Game.2043~> EA9C26
$Tigre<~Controls.509~>112<~Controls.510~><~Game.2004~><~Controls.511~><~Controls.45~> null
$Stella_Rossa<~Controls.509~>165<~Controls.510~><~Game.2006~><~Controls.511~><~Controls.46~> null
$Stella_Rossa<~Controls.509~>183<~Controls.510~><~Game.2007~><~Controls.511~><~Controls.46~> null
$Tigre<~Controls.509~>131<~Controls.510~><~Game.2005~><~Controls.511~><~Controls.45~> null
$Stella_Rossa<~Controls.296~>177 <~Controls.297~><~Controls.46~> EB086B
<Tigre> decalre 26CC85
$Tigre<~Scribe.141~>247 <~Scribe.142~><~Game.1937~><~Scribe.143~><~Game.1942~><~Scribe.144~> 353D7D
$Tigre<~Scribe.141~>247 <~Scribe.142~><~Game.1942~><~Scribe.143~><~Game.1943~><~Scribe.144~> 21B216
$Tigre<~Scribe.141~>248 <~Scribe.142~><~Game.2016~><~Scribe.143~><~Game.2014~><~Scribe.144~> 1AD7D7
<Tigre> fsp ok 461DE0
$Stella_Rossa<~Scribe.141~>099 <~Scribe.142~><~Game.2043~><~Scribe.143~><~Game.1997~><~Scribe.144~> 7CE302
$Stella_Rossa<~Controls.345~>103 104 100 105 360 102 361 101 <~Controls.346~>12 11 13 15 11 11 14 11 null
$Stella_Rossa<~Controls.350~>103 104 100 105 360 102 361 101 null
$Tigre<~Controls.345~>212 211 210 213 <~Controls.346~>3 4 1 1 null
$Tigre<~HighlightLabel.86~>210<~HighlightLabel.87~><~Game.2042~><~HighlightLabel.88~><~Game.2035~> C1922B
$Tigre<~Controls.790~>248<~Controls.791~><~Game.2014~><~Controls.792~><~Game.2015~> DDD2A8
$Tigre<~Controls.795~>210<~Controls.796~><~Game.2035~><~Controls.797~><~Game.1997~> CB0A55
<game> Stella_Rossa<~Controls.1~> 1 6 null
$Stella_Rossa<~Controls.624~>218<~Controls.625~><~Game.2044~><~Controls.626~><~Game.2037~> null
<Tigre> random 3001D3
$Stella_Rossa<~Controls.637~>244<~Controls.638~><~Game.1998~><~Controls.639~><~Game.2036~> null
$Tigre<~Scribe.141~>247 <~Scribe.142~><~Game.1943~><~Scribe.143~><~Game.1955~><~Scribe.144~> 21A635
$Tigre<~Controls.323~>247 99D311
$Tigre<~Controls.644~>244 218 <~Controls.645~><~Game.2035~> 20FF75
$Stella_Rossa<~Scribe.141~>103 <~Scribe.142~><~Game.2043~><~Scribe.143~><~Game.2035~><~Scribe.144~> 877A48
<Stella_Rossa> Dale EB8979
<Stella_Rossa> nc B0A02F
$Stella_Rossa<~Scribe.141~>258 <~Scribe.142~><~Game.2001~><~Scribe.143~><~Game.2002~><~Scribe.144~> 06AD32
<Tigre> reading 9FECD1
$Tigre<~Controls.840~>143 A95383
<auto><~Controls.861~>reveal 143 037CDC5D35FD150FC7B9AFBAA9066258F66101E4 3<~Controls.862~><~Controls.45~><~Controls.863~><~Game.2037~> FC0791
$Tigre<~Scribe.141~>068 066 <~Scribe.142~><~Game.1970~><~Scribe.143~><~Game.1957~><~Scribe.144~> 5A316A
$Stella_Rossa<~Scribe.141~>258 <~Scribe.142~><~Game.2002~><~Scribe.143~><~Game.2003~><~Scribe.144~> 9C4963
$Stella_Rossa<~Scribe.141~>037 052 357 054 051 050 026 022 <~Scribe.142~><~Game.1965~><~Scribe.143~><~Game.1970~><~Scribe.144~> D90214
$Stella_Rossa<~Scribe.141~>052 <~Scribe.142~><~Game.1970~><~Scribe.143~><~Game.1965~><~Scribe.144~> A11ECF
$Stella_Rossa<~Controls.644~>103 143 <~Controls.645~><~Game.2035~> 44443C
$Stella_Rossa<~Scribe.141~>423 <~Scribe.142~><~Game.33~><~Scribe.143~><~Game.388~><~Scribe.144~> 51D20A
<Tigre> thinking F8739D
<Stella_Rossa> sure 2018DC
<Tigre> pass 3FE00D
$Stella_Rossa<~Scribe.141~>104 <~Scribe.142~><~Game.2043~><~Scribe.143~><~Game.2035~><~Scribe.144~> C07F17
$Stella_Rossa<~Scribe.141~>253 040 038 039 055 057 049 047 046 045 043 042 041 <~Scribe.142~><~Game.1920~><~Scribe.143~><~Game.1924~><~Scribe.144~> 66BE30
$Stella_Rossa<~Scribe.141~>047 <~Scribe.142~><~Game.1924~><~Scribe.143~><~Game.1920~><~Scribe.144~> 333F67
$Stella_Rossa<~Scribe.141~>044 <~Scribe.142~><~Game.1946~><~Scribe.143~><~Game.1932~><~Scribe.144~> E72AE1
$Stella_Rossa<~Controls.644~>104 <~Controls.645~><~Game.2035~> 026BED
<Tigre> pass 60B961
$Stella_Rossa<~Scribe.141~>100 <~Scribe.142~><~Game.2043~><~Scribe.143~><~Game.2035~><~Scribe.144~> 79A9FF
<Stella_Rossa> Pelargir 9EA3C1
<Stella_Rossa>  nc 85F731
<Tigre> nc C2C009
<game> Stella_Rossa<~Controls.1~> 2 6 6 4 6 null
<game> Tigre<~Controls.1~> 3 3 null
$Tigre<~Controls.296~>277 078 <~Controls.297~><~Game.1931~> 60C3DA
$Stella_Rossa<~Scribe.141~>253 040 038 039 055 057 049 046 045 043 042 041 <~Scribe.142~><~Game.1924~><~Scribe.143~><~Game.1931~><~Scribe.144~> 13FB77
$Stella_Rossa<~Scribe.141~>419 <~Scribe.142~><~Game.2040~><~Scribe.143~><~Game.1924~><~Scribe.144~> AFFE24
$Stella_Rossa<~Scribe.141~>423 <~Scribe.142~><~Game.388~><~Scribe.143~><~Game.389~><~Scribe.144~> 3B3C34
$Stella_Rossa<~Controls.644~>100 <~Controls.645~><~Game.2035~> 3907A9
<Tigre> pass 9DD1A7
$Stella_Rossa<~Scribe.141~>101 <~Scribe.142~><~Game.2043~><~Scribe.143~><~Game.2035~><~Scribe.144~> 629967
$Stella_Rossa<~Scribe.141~>reveal 196 04EF6BE1397D66153E40F1962A5247C4DD21325C 15 <~Scribe.142~><~Controls.46~><~Scribe.143~><~Game.2037~><~Scribe.144~> F44C54
$Stella_Rossa<~Scribe.141~>336 <~Scribe.142~><~Game.2040~><~Scribe.143~><~Game.1928~><~Scribe.144~> AA0D52
$Stella_Rossa<~Controls.644~>101 196 <~Controls.645~><~Game.2035~> E6C082
$Tigre<~HighlightLabel.86~>212<~HighlightLabel.87~><~Game.2042~><~HighlightLabel.88~><~Game.2035~> 7D3D0F
$Tigre<~Controls.323~>247 44E1C3
$Tigre<~Controls.644~>212 <~Controls.645~><~Game.2035~> B58634
$Stella_Rossa<~Scribe.141~>361 <~Scribe.142~><~Game.2043~><~Scribe.143~><~Game.2035~><~Scribe.144~> ACC7ED
$Stella_Rossa<~Scribe.141~>reveal 165 27C052170AB7C6311A287E94F11B9D9AEA6D7EF3 2 <~Scribe.142~><~Controls.46~><~Scribe.143~><~Game.2034~><~Scribe.144~> 941FA3
$Stella_Rossa<~Scribe.141~>253 039 038 040 <~Scribe.142~><~Game.1931~><~Scribe.143~><~Game.1928~><~Scribe.144~> AA9CED
$Stella_Rossa<~Scribe.141~>037 <~Scribe.142~><~Game.1970~><~Scribe.143~><~Game.1931~><~Scribe.144~> 5BC209
$Stella_Rossa<~Controls.840~>183 0B040B
$Tigre<~Controls.840~>110 E3CEFB
<auto> playchosen CA8041
<auto><~Controls.3~>reveal 110 1FDF6036952A743E7F3D11EB9C55D9B4BEAADEBF 14<~Controls.884~><~Controls.45~><~Controls.885~><~Game.2037~> 8C000D
<auto><~Controls.866~>reveal 183 1DF6D1764F3475C1362AC4D40C5ECCBB78D8F0D9 19<~Controls.867~><~Controls.46~><~Controls.868~><~Game.2036~> 7F20D9
<auto> playchosen 9393F3
<game> Tigre<~Controls.1~> 2 6 null
<Tigre> 1 219257
$Stella_Rossa<~Controls.281~>014 <~Controls.282~><~Game.1928~><~Controls.283~><~Game.2040~> 571DA0
<game> Stella_Rossa<~Controls.1~> 6 4 3 5 5 null
<game> Stella_Rossa<~Controls.1~> 3 null
<Stella_Rossa> 4 A46194
<game> Tigre<~Controls.1~> 6 3 6 null
<Tigre> 3 A7862D
$Stella_Rossa<~Controls.281~>011 012 013 <~Controls.282~><~Game.1928~><~Controls.283~><~Game.2040~> 4668EF
$Tigre<~Controls.296~>093 <~Controls.297~><~Game.1992~> 56FFBF
<Stella_Rossa> press C82ED1
$Tigre<~Controls.296~>092 <~Controls.297~><~Game.1992~> BF9B4D
$Stella_Rossa<~Controls.509~>190<~Controls.510~><~Game.2007~><~Controls.511~><~Controls.46~> null
$Stella_Rossa<~Controls.304~>035 <~Controls.305~><~Game.1928~> 5B1DE3
$Stella_Rossa<~Controls.313~>011 <~Controls.307~><~Controls.314~><~Game.1928~> 893B3C
$Stella_Rossa<~Controls.662~>183 110 <~Controls.663~><~Game.2035~> 51BA93
$Stella_Rossa<~Controls.840~>170 484AF2
<auto> playchosen 4DE871
<auto><~Controls.866~>reveal 170 0071E8427B0801B209DC77E0B761CA6759D51E27 0<~Controls.867~><~Controls.46~><~Controls.868~><~Game.2036~> 46A2BB
<game> Stella_Rossa<~Controls.1~> 1 1 1 6 3 null
<Stella_Rossa> 1 FB3838
<game> Tigre<~Controls.1~> 3 null
<game> Tigre<~Controls.1~> 1 null
$Stella_Rossa<~Scribe.141~>423 <~Scribe.142~><~Game.389~><~Scribe.143~><~Game.392~><~Scribe.144~> D4468E
$Stella_Rossa<~Scribe.141~>165 <~Scribe.142~><~Game.2034~><~Scribe.143~><~Game.2037~><~Scribe.144~> 1E99F3
$Stella_Rossa<~Scribe.141~>097 087 <~Scribe.142~><~Game.1992~><~Scribe.143~><~Game.2037~><~Scribe.144~> F0F373
$Stella_Rossa<~Controls.644~>361 170 165 097 087 <~Controls.645~><~Game.2035~> B66666
$Tigre<~HighlightLabel.86~>211<~HighlightLabel.87~><~Game.2042~><~HighlightLabel.88~><~Game.2035~> 82A051
$Tigre<~Scribe.141~>271 085 084 083 082 <~Scribe.142~><~Game.1944~><~Scribe.143~><~Game.1943~><~Scribe.144~> F4D68D
$Tigre<~Scribe.141~>068 066 <~Scribe.142~><~Game.1957~><~Scribe.143~><~Game.1958~><~Scribe.144~> 979BB2
$Tigre<~Controls.644~>211 <~Controls.645~><~Game.2035~> 2C335A
$Stella_Rossa<~Scribe.141~>102 <~Scribe.142~><~Game.2043~><~Scribe.143~><~Game.2035~><~Scribe.144~> 183B6F
$Stella_Rossa<~Scribe.141~>reveal 207 8FA91F837E67B9FB5D9D8E0E2C94377534C0AB14 21 <~Scribe.142~><~Controls.46~><~Scribe.143~><~Game.2037~><~Scribe.144~> 82D015
$Stella_Rossa<~Scribe.141~>322 <~Scribe.142~><~Game.2040~><~Scribe.143~><~Game.1931~><~Scribe.144~> F979B8
$Stella_Rossa<~Controls.644~>102 207 <~Controls.645~><~Game.2035~> 57CBFE
$Tigre<~HighlightLabel.86~>213<~HighlightLabel.87~><~Game.2042~><~HighlightLabel.88~><~Game.2035~> 7B9B1C
<Tigre> pelargir 4A7343
$Tigre<~Controls.840~>131 F4E459
<Stella_Rossa> nc 2212B0
<auto><~Controls.861~>reveal 131 00C47CC11EE4D3C43878D2A099264B6AF109D7F8 23<~Controls.862~><~Controls.45~><~Controls.863~><~Game.2037~> 9FF4E7
<Stella_Rossa> oooof F5E2B0
<Tigre> didn´t have time to use it 85E00F
<Stella_Rossa> yes 1C512E
<Tigre> well played 0F57D3
<Stella_Rossa> ty A2C72D
<game> Tigre<~Controls.1~> 3 2 1 6 3 null
<Stella_Rossa> impossible game for FP FA6B5F
<game> Tigre<~Controls.1~> 3 3 null
<Tigre> 2 4AF72C
<game> Stella_Rossa<~Controls.1~> 1 5 5 4 3 null
<game> Stella_Rossa<~Controls.1~> 5 2 null
<Stella_Rossa> 3 AFDCE1
$Stella_Rossa<~Controls.281~>055 <~Controls.282~><~Game.1931~><~Controls.283~><~Game.2040~> 14AF8B
$Tigre<~Controls.296~>084 <~Controls.297~><~Game.1943~> AE8705
$Tigre<~Controls.296~>083 <~Controls.297~><~Game.1943~> 956FFC
$Stella_Rossa<~Controls.662~>131 <~Controls.663~><~Game.2035~> BA8017
<Tigre> press 705E03
$Tigre<~Controls.840~>112 A1447C
<Stella_Rossa> stay 48D986
$Stella_Rossa<~Controls.840~>190 CB10D5
<auto> playchosen F113E7
<auto><~Controls.888~>reveal 190 4B1FD7FD2F929A71FC0FBC49CFDBBE65E1DF3AB2 7<~Controls.889~><~Controls.46~><~Controls.890~><~Game.2036~> 598E9E
<auto><~Controls.861~>reveal 112 447C0C4343932E010FF713E257BABC8941589A2E 21<~Controls.862~><~Controls.45~><~Controls.863~><~Game.2037~> BAADCA
<auto> playchosen AC951B
<game> Tigre<~Controls.1~> 2 1 3 null
<game> Tigre<~Controls.1~> 3 5 null
<Tigre> 1 95695D
<game> Stella_Rossa<~Controls.1~> 3 2 6 5 4 null
<Stella_Rossa> 3 3C6771
<Stella_Rossa> gg 502536
<Tigre> yes A78A9C
$Tigre<~Controls.296~>271 085 082 080 079 <~Controls.297~><~Game.1943~> 8FF86B
<Stella_Rossa> sorry, was really an impossible game B40672
<Tigre> no wows CA58D8
<Stella_Rossa> got all the luck in the world 1E11FD
<Stella_Rossa> yes, no W, no movement, I am +7 movement and +7 combat 9D38C7
<Stella_Rossa> ridicolous C18CDE
<Stella_Rossa> IMPOSSIBLE A258DD
<Tigre> bad luck for me, good luck for you, and you played very well too B3960F
<Stella_Rossa> one of the most one sided game I have seen 16577A
<Tigre> haha, for me too 323BA8
<Tigre> it´s impossible with no wows 4A2B39
<Stella_Rossa> on top of everything else ED0BF8
<Stella_Rossa> wow, movements, combat 312B74
<Tigre> yes DCF3E7
<Stella_Rossa> simply impossibl D97EB1
<Stella_Rossa> e 04CB13
<Stella_Rossa> well, sorry man, happens E6D29D
<Stella_Rossa> see you soon for the second game E8D141
<Tigre> no worries 8F23DC
<Tigre> sure BA6DA9
<Tigre> we keep in touch D852F1
<Stella_Rossa> sure 54C778
<Stella_Rossa> bye 5ADE11
<Tigre> ciao E1BC0A
<Stella_Rossa> hasta luego 625397
<Tigre> :9 44AA1B
<Tigre> :) 29101A
<~Talker.22~> null
