<auto> silent null
<auto><~Scribe.141~>363 397 398 402 401 400 399 403 404 376 375 374 373 377 378 <~Scribe.142~><~Game.2038~><~Scribe.143~>Spare<~Scribe.144~> null
<auto><~Scribe.141~>365 366 379 380 381 382 383 384 385 386 387 388 389 390 391 392 393 394 395 396 367 368 369 370 371 372 <~Scribe.142~><~Game.2040~><~Scribe.143~>Spare<~Scribe.144~> null
<auto><~Scribe.141~>230 231 <~Scribe.142~><~Game.2044~><~Scribe.143~>Spare<~Scribe.144~> null
<auto><~Scribe.141~>155 152 <~Scribe.142~><~Game.2004~><~Scribe.143~>Spare<~Scribe.144~> null
<auto><~Scribe.141~>137 151 <~Scribe.142~><~Game.2005~><~Scribe.143~>Spare<~Scribe.144~> null
<auto><~Scribe.141~>161 198 <~Scribe.142~><~Game.2006~><~Scribe.143~>Spare<~Scribe.144~> null
<auto><~Scribe.141~>163 188 <~Scribe.142~><~Game.2007~><~Scribe.143~>Spare<~Scribe.144~> null
<auto><~Controls.323~>364 null
<auto> noisy null
<auto> silent null
<auto><~Scribe.141~>312 <~Scribe.142~><~Game.2038~><~Scribe.143~><~Game.1965~><~Scribe.144~> null
<auto> noisy null
<~Game.7~>1 null
<auto> silent null
<auto><~Scribe.141~>363 397 398 402 401 400 399 403 404 376 375 374 373 377 378 <~Scribe.142~><~Game.2038~><~Scribe.143~>Spare<~Scribe.144~> null
<auto><~Scribe.141~>365 366 379 380 381 382 383 384 385 386 387 388 389 390 391 392 393 394 395 396 367 368 369 370 371 372 <~Scribe.142~><~Game.2040~><~Scribe.143~>Spare<~Scribe.144~> null
<auto><~Scribe.141~>230 231 <~Scribe.142~><~Game.2044~><~Scribe.143~>Spare<~Scribe.144~> null
<auto><~Scribe.141~>155 152 <~Scribe.142~><~Game.2004~><~Scribe.143~>Spare<~Scribe.144~> null
<auto><~Scribe.141~>137 151 <~Scribe.142~><~Game.2005~><~Scribe.143~>Spare<~Scribe.144~> null
<auto><~Scribe.141~>161 198 <~Scribe.142~><~Game.2006~><~Scribe.143~>Spare<~Scribe.144~> null
<auto><~Scribe.141~>163 188 <~Scribe.142~><~Game.2007~><~Scribe.143~>Spare<~Scribe.144~> null
<auto><~Controls.323~>364 null
<auto> noisy null
$base silent null
$TEST<~Scribe.141~>312 <~Scribe.142~><~Game.2038~><~Scribe.143~><~Game.1965~><~Scribe.144~> null
$base noisy null
<game> Stella_Rossa<~Controls.408~>[WOTR-Gandalf2 wotr base2] null
<~Talker.31~> null
<Stella_Rossa> gl hf 
$Stella_Rossa adds 1 Dwarven Ring(s) 
$Stella_Rossa<~Controls.281~>428 <~Controls.282~><~Game.1997~><~Controls.283~><~Game.2042~> 
<tybo> We just switch sides 
<tybo> good 
$Stella_Rossa<~Controls.281~>426 <~Controls.282~><~Game.2038~><~Controls.283~><~Game.2042~> 
$Stella_Rossa<~Controls.464~>0FF868714DC612190402471844EACBA5ADC3231D D595BFCB95D564DEDB9D2BDA48CE4F6E 24 DA772CD3A15FC77159FB9922A484E2B11C45C317 314171461740427799AB84C1453BCC9A C61E5E3458C15827ED7092D2FFDF95FCAD42DA99 06563933EE2DD8BD13CA167ABC17E7EC 686B6D1E3862AD0A5375A1136B1236AA3B59265D 567A9BD2F493F2D6ABA1D69CFDC493F6 6A7A20C2A02EC9A54FB127202C3FD92EB5ED53C0 F90B5A8E94F71813F4B4B81E3DB1914D 85D56943114E2BF6892469AB92DA10C9C009C1F1 E8DD85B2C01CFD5099A90A9FAA381D09 74E27882ACDA6705CD32B96AAFAEEB6C4824AF95 B70576B2281F52EB7CBB9D40BF03A5B9 4B6E776129F05F610E90DD8ADE02FA70E4FC3831 637D3061A86A5FD722BE825CD876466C 7F29DD9687DE834FFC2C35BC5FEEE389A3D94785 4D9D146E0147E6D64D503ADE0807E90C 42CC1B3C1AF266B728C2884152E519110AAABFCF 86B224C4CBEA27A6EA2542622A88F92E A1D40608AC4569ABBBED3E1AC46B9D5D95429B13 4D355C9CAA4945F92D8C125B36C8439B EB8BC9EF8791CA28D715E08D00ADB80A4CD97537 D563546EBF11117AFA8B2D0CD50B7A3A 70D63EBD8F5F1E1649ED88C2B84FF68CF407348A 4A4551B6628CFF0B864E13393640DF24 D2AA5AC63CB2729F0F80DDDE3AD78CC84B09DB9E 1659ED500D56679E3EA805FD22F681F1 284F57D2C85B9ECAA83E66D7FDC66587A13730AB 5F763A039A210131E7EDBE8A4D7AC34F 41D3BF1E86BDDF82F0FAD6F16EA7793F00EF2166 D49F927EB1FAC3420678DE1EEF9EC795 3DC35144DBD4A8C034580B6D1C56CC2209EB99DC A9CFBBA17BBB1E4381780F6F930A1F23 5D07E55C39760D5590FCDA2644F0DA36464517EC DFFFAD019BA96650850615692F20C739 C8CFC47C4495789E60B45D1DDD8A419FFCACAEFF C8F27A835D6E5E4FAA84306273D4B78D C2A60C25B7E0CE89A133EB3E650A9A3CE72160B2 CA7FCB6A30DE376655C505876504E925 9F8B2747C7D5B23F42DA612CA1477193EB857C2D 63685E1D5143A6045E9172B02D213EF6 E555E71DF3574EA1E277309E69CD5F1170E62982 6CF930A8C91FBEB9F27405E12D4560A1 4DA4DB963A3EB360C6AD41D518FB85E1418777A7 A1FCB9FE999ABA32B9F619E354067C31 0658AB726EB012408139011CCA50E5386991F3C5 60BE23EC320C905A3A9D5E77B4995900 9BD71059D3C5FBED4DE590E7DA674E785B9AFF41 B02BFAB92A5EB6E47E66EB90511C9BFF 24 04C41D26F0D821EA27EEC4BB11BA6BD5BA862C66 854C8EE32D320DBDF39555753B1556B2 157417D97D6A63E42F42EB2A73DF3A810AA010DE 419EA0893104673E93FC9796DE84FA5E E37904A5D61EB983021F451160E8F14549E95435 7E12F842EDBB6780451F75609715CBCC EE146B59AE273D9A50CDFF4662D07061A92B4040 0AB6A3E48B61360783DF6A5D8B414F98 9BFF3E7DB63C63A006B3555D74B194289DB3D9F1 324401BC9BE9481B3C8AA54EB4816137 EC17DA449150B0D19E16A82BE48DFDDB8D3FDBE4 432A83C54B4C8CB8FA70DA803CDA08E5 F55380D0536FBCFCA2037C8CB050920327345A3D 4DBFD4C1D55B9A794771D09B0D586E30 0615EC5B1C7C00DA95CE06F25E3B9AFB1029B229 2AB4A3BF380ED2F84D0EDFD5A85334F6 E805D2C0B98FDD0F05A43F3445E59AD9FB244147 BEFF411F2A2E3E9DBC00132E368D7E59 5FC5795E09A7215E462BFFF3A0D9927CDD403FBA 7FCBC31E4CA781A7F0603191DC75576F 324F7B227925F643C1A29743233BA1FA3C023E51 372471459FE1BF0252CFC075533A10DD 7A06473354B4C1C779B84597CECCA76B904402F8 08739B3436E0EA01FD3ED20BB762FE9D 3B823138CAD32BCEDEAAE70481164FFD5257B6A1 B00263662D1748E2A546B9FC9E1BD387 1600CA02F2ACF9386FD95DB15AC1F7B72998CEA3 0E15F9A8D92C98F3B41B7E6F6C7CF553 F00CAEC62D90D66FA24CFC94E831CFA1CBD6DD88 E54CAFE2401A5D64B59BD186E45E0AE1 0F039DD2022B750F3F50F1BFF1C042659F1BF467 DE6FED18CB5E7D58F507EE66029C69CF 2AB83822F0BD05789A367C2FD8D574D301FCD82A D3C4324E393B3A896757557B09C2E966 C4793C5964566F4321EF952F9CE97D0E8224521C 4A92D891D7275AD2C84208C8D7976809 BB994DD75D588DFB29AF4A7450364531160BA068 3F819F53EDF9C7D0026FDF8D7F010815 5BA8563B81544E2C00829AD0F507E10A56023464 26E8697D7B6CFAD5D5596210191A7C98 FEBEF92D9964F3ADE97B180C9935CCD2CF3DABEC 2F42210B25007FA8B4EC0D63D3964044 51EA3D4FE1C6A934AB0C75E67167E6BE1D968D41 CB56E5636B663EC0ECD9B6764CC75892 C7B51649DDD23E2B3FDEFE5CF189C9060A43D35E 6ED587EC1CECBF430B28D23B21C79EC4 46F4A84DBA43CB4236E6718865EC8321B6D0058F 96693F820C9714167F8F3046C7B4DB7C 0 0 5FC4C6
$Stella_Rossa<~Controls.509~>135<~Controls.510~><~Game.2004~><~Controls.511~><~Controls.45~> null
$Stella_Rossa<~Controls.509~>113<~Controls.510~><~Game.2005~><~Controls.511~><~Controls.45~> null
<Stella_Rossa> fsp ok E04320
$tybo<~Controls.479~>BA7D814BBC252BBCAE56AFD91D8CAF475078541B 86ADADC9AF7426FB0E4F62E705642B51 24 4D46F39D2E3DDBFBAB42AC3A400F5C5381A492E6 5710C0DC7BE450C57E755578A98CB67E AF723BD6174B6EAAD485179C476753366EC3A9A2 40BD048C82362DFAC381B3993D815F12 2885B82193A83092A9C7431417B1E5AAD2808EB9 E36137C28D0BEEBDAF8400C9B99A95D7 7E3774741F54534B53199BAAA000DBA91C82F0EC 0685884A570A889E6F09C10EB6F94F01 7A2E22F98F16EAE9B3DD4CD2071541D369468B43 998C7A203C07E52B34B5DD7341D7150A B7AFA93D504D0EC5AE6368A80AE72106DD2CE3EA F79F7AA73073F58D15BDAE71F28EFA1A 197E13ADDC7D5277304934D35F5FF0ACE161D5F0 6CEAAE97F245F5713356AEE23CB68771 32EE6C14D96994FCC74F2CEFECCAD920E0145648 F701080D80D7D8CB1E841F3805D56011 F023137781610E3759FA6B758A45C63406ADE1DE 50763BC2CD5C295F76E9E8E5789311D7 D21775D459E97EB6C9B4BC051AB899C8FA1F4971 2CCC2967B1FBDFC2D57EB9D71A7130A7 7CD20B514C7CA1DB3A9DA723B0616CF78B7E156E BE68920120AA49C9EC5387431B590D35 624A4A3CC7FFF950C615902987758E3B613D0CB3 81311CF49E4CED7EEBBED69BEEA7C487 FBD915822822ECA61A392CD57F6EEC81A7F4BC48 34E4E13AF2C710A5269E3AB21B7604A1 380D7EE819489AC07C855CAECB4361ED7A525314 266B1D8219FA10EDF58F641E533C5B2F 68D3304F9C7357E5D3E8B0F8DF1CE843ABF9E90E B3B17D537DCE8BC4DB4426B2C424C413 AE96AF5B9276C3CDCB65DD92EBE6CE3D844FD48E 0EBD66D566E19A26E94F3385AF9D9658 FCE73651508FE09DB415986453C42928BA89EA03 400D14A5B0665047641985F63601447C AB855D6680491D242321DBCC2006608759EEF33A 6F8A919DBE478FA3A5D738CB7A66A72D 6AA760FFEFF7043B5CA9BBD3ECEDCE22FABD3FD3 6382FFD1AEAC72D340B2D95DE5EF58A7 78B822F2C503350BFF713BF6795C025B72087747 467ADA55CD6408B06873870BC32AB72C 142B8140ED6DB3F1A328FCF3FFFB6053737BA4A2 AAD8475A4DE264E1916B8CC817546E0B E6B7C43832BB0056676B9BF3629B66DCFB4CACE6 D0ABF4A735BD4EA7576BFBF9AC966E48 751395A5286FBDE43E31D9128CD8C451D33658C4 2710241298F12AC09EF718786A96BF74 BCBDAC77AAFA7065C0D56A6A5E6622432FC1BA51 12FB5E6D094DB246F91BE173EADCB04E 24 EC40E9D7DA5F053E8AA6C49226682EF98B14743F EE6D0F234EBF8B7A4F7F2D034BFBCBE3 8115551031868A75A4001539F998EEBF8C9A67CC 53556D3752826EE1BC9E15594675E608 1A53E521F2D7B6CE2DB96C76E23CBE3FAFA8D55C 9998C390604D2A71B4525D557FC9FEAC A58146B1CD74696FB7C6E30769FFE582A3DFE359 9D1D785A8E07235E6E0264AC1E2B71DA FAA2FB566B6864669B9E40A8952689443D925661 C4C4A95376ADB0507F2949A39EC0C50D 4E2101E2F1303FF964A18C63D0788D77AC754392 3FA1E3D42C5EABADC4132150E47B23DB 5E7952E0FE37BE5FB9AD02706E929BB5E0EAFEDA 90F194FA6BC3760685F35EB693DF8FF8 4CAEEA332978046CA5BBF4BB4609C6FAD1BF8D09 4D9CF10E11495FDAD6B547929E45D58C 1E6BF6144DB4ECBF8A96A5BBD1B7E0B34691A3A1 2435D76DCDD74E79403993751E7B6ECE 66A00E2D4B83CFC779F13D48AC9A05DD5A9AE115 1ECE8E5C160706E6A1CA972164C56F54 105B9623624E2D1B56D0FE3C0BD51BBF09587ECA 271904DE5EFA6117500CB61A52A4521A A808362BAD196B0EEEA14FA0F0B8E9CE8A972445 CD9D8E5E875D066C84AB79F3E6E50AD0 C95E7A6422CC78F90D0E75E71C1E81993609C2AD 4807F220953446BDF587451617DF2027 EEF3513816A726B0FFD6AA7973B429AC0517F4B6 BACE06DDA5729D64C331A818E4DDF5FC E8988AB4640927DE645B956450C477470D4F2604 B7C5CCBF1E8CB81597E1DF3DA9281577 31BF13E30955E4AB2010BE7997379CB721EE9B1E 0645BD7825782675074FE37CB31EC5E1 F41E8EDEDF0D7043FBA6E25659CB4A2B1FB19990 A9034BC156D5A4543F09B783174E31B8 FDB1BEC5EBE048F93A4DBDD666E863F55B18F4FE 1ADAD99DB025BDF0DC352D14BF92BF19 A45EF21A57F2B4A805F4EEC4CDF1A5DBBB14339E D7F558CBD055651B1BDAA71FC592AFCE A59C69965EB93AD7182FC91E191E57305DD8360C 20414E766103C50B32125406032C4530 A4B950C37B34DBAAF8789791F41316426154AD25 FF02CA8FD2366467FDDAD6C4EAA6B3F3 DF9DC37FDF387BCB34531C5A178EB714C66FB3A0 88FBA5364A841FCCDD51CAFF92C20834 B25C85647531BA5B9327BCFE63C56B6209AEFC66 6280E397D8C788A7DD8EF43813EEB3B3 F591D53AED4DCBF6A28D28032950971BAB63EB27 855D3004EFF01AEF157D0FED1243374B 0 0 7815D7
$tybo<~Controls.509~>209<~Controls.510~><~Game.2006~><~Controls.511~><~Controls.46~> null
$tybo<~Controls.509~>175<~Controls.510~><~Game.2007~><~Controls.511~><~Controls.46~> null
<Stella_Rossa> ok 912CCF
<tybo> 0e F1A275
$tybo<~Controls.345~>105 104 103 102 101 100 099 <~Controls.346~>11 12 11 10 13 13 11 null
$tybo<~Controls.350~>105 104 103 102 101 100 099 null
$Stella_Rossa<~Controls.345~>213 212 211 210 <~Controls.346~>2 4 0 0 null
<Stella_Rossa> pass 6A7388
$tybo<~Scribe.141~>102 <~Scribe.142~><~Game.2043~><~Scribe.143~><~Game.2035~><~Scribe.144~> 3A0335
$tybo<~Scribe.141~>263 <~Scribe.142~><~Game.2002~><~Scribe.143~><~Game.2003~><~Scribe.144~> D86E23
$tybo<~Controls.644~>102 <~Controls.645~><~Game.2035~> 84F811
<Stella_Rossa> pass 387723
$tybo<~Scribe.141~>099 <~Scribe.142~><~Game.2043~><~Scribe.143~><~Game.2035~><~Scribe.144~> 894B2E
$tybo<~Scribe.141~>262 <~Scribe.142~><~Game.2002~><~Scribe.143~><~Game.2003~><~Scribe.144~> 9903FC
$tybo<~Controls.644~>099 <~Controls.645~><~Game.2035~> A05F0D
<Stella_Rossa> pass E0F07B
$tybo<~Scribe.141~>104 <~Scribe.142~><~Game.2043~><~Scribe.143~><~Game.2035~><~Scribe.144~> B36301
$tybo<~Scribe.141~>039 036 029 028 027 026 <~Scribe.142~><~Game.1979~><~Scribe.143~><~Game.533~><~Scribe.144~> 0BEE10
$tybo<~Scribe.141~>001 <~Scribe.142~><~Game.1910~><~Scribe.143~><~Game.1917~><~Scribe.144~> FDA7FA
$tybo<~Controls.644~>104 <~Controls.645~><~Game.2035~> EE520D
$Stella_Rossa<~Scribe.141~>210 <~Scribe.142~><~Game.2042~><~Scribe.143~><~Game.2035~><~Scribe.144~> 91B63A
$Stella_Rossa<~Controls.790~>248<~Controls.791~><~Game.2014~><~Controls.792~><~Game.2015~> 2A0882
$Stella_Rossa<~Controls.795~>210<~Controls.796~><~Game.2035~><~Controls.797~><~Game.1997~> C159C5
$tybo<~Scribe.141~>101 <~Scribe.142~><~Game.2043~><~Scribe.143~><~Game.2035~><~Scribe.144~> 818891
$tybo<~Scribe.141~>039 036 029 028 027 026 <~Scribe.142~><~Game.533~><~Scribe.143~><~Game.1974~><~Scribe.144~> 61D585
$tybo<~Controls.644~>101 <~Controls.645~><~Game.2035~> 3BFEC6
$Stella_Rossa<~Scribe.141~>211 <~Scribe.142~><~Game.2042~><~Scribe.143~><~Game.2035~><~Scribe.144~> F4A0AF
$Stella_Rossa<~Controls.790~>248<~Controls.791~><~Game.2015~><~Controls.792~><~Game.2016~> B84F7A
$Stella_Rossa<~Controls.795~>211<~Controls.796~><~Game.2035~><~Controls.797~><~Game.1997~> F58F35
$tybo<~Scribe.141~>103 <~Scribe.142~><~Game.2043~><~Scribe.143~><~Game.2035~><~Scribe.144~> 6FF04E
$tybo<~Scribe.141~>254 360 <~Scribe.142~><~Game.2040~><~Scribe.143~><~Game.2037~><~Scribe.144~> 352F41
$tybo<~Scribe.141~>254 <~Scribe.142~><~Game.2037~><~Scribe.143~><~Game.1919~><~Scribe.144~> C765A8
$tybo<~Controls.644~>103 360 <~Controls.645~><~Game.2035~> 5297DF
$Stella_Rossa<~Scribe.141~>213 <~Scribe.142~><~Game.2042~><~Scribe.143~><~Game.2035~><~Scribe.144~> 7BD124
$Stella_Rossa<~Scribe.141~>reveal 113 F2B8C5658F2077F5156FF15881DFC924F58DB168 12 <~Scribe.142~><~Controls.45~><~Scribe.143~><~Game.2037~><~Scribe.144~> D3C9BC
$Stella_Rossa<~Scribe.141~>270 276 <~Scribe.142~><~Game.2038~><~Scribe.143~><~Game.1920~><~Scribe.144~> FC6D47
$Stella_Rossa<~Controls.509~>140<~Controls.510~><~Game.2005~><~Controls.511~><~Controls.45~> null
$Stella_Rossa<~Controls.644~>213 113 <~Controls.645~><~Game.2035~> A502DB
$tybo<~Scribe.141~>105 <~Scribe.142~><~Game.2043~><~Scribe.143~><~Game.2035~><~Scribe.144~> 86AE3E
$tybo<~Scribe.141~>039 038 036 029 028 027 026 025 024 023 022 021 <~Scribe.142~><~Game.1974~><~Scribe.143~><~Game.1976~><~Scribe.144~> 3D9DC1
$tybo<~Scribe.141~>040 035 015 014 013 012 011 <~Scribe.142~><~Game.1956~><~Scribe.143~><~Game.1949~><~Scribe.144~> 371CF3
$tybo<~Controls.644~>105 <~Controls.645~><~Game.2035~> 0CCACF
$Stella_Rossa<~Scribe.141~>212 <~Scribe.142~><~Game.2042~><~Scribe.143~><~Game.2035~><~Scribe.144~> 8D4151
$Stella_Rossa<~Controls.366~>251<~Controls.367~><~Game.2010~><~Controls.368~><~Game.2011~> 4EC190
$Stella_Rossa<~Controls.790~>248<~Controls.791~><~Game.2016~><~Controls.792~><~Game.2017~> B8CF8A
$Stella_Rossa<~Controls.795~>212<~Controls.796~><~Game.2035~><~Controls.797~><~Game.1997~> 81660E
$tybo<~Scribe.141~>100 <~Scribe.142~><~Game.2043~><~Scribe.143~><~Game.2035~><~Scribe.144~> 73CC9B
$tybo<~Scribe.141~>039 038 036 029 028 027 026 025 024 023 022 021 <~Scribe.142~><~Game.1976~><~Scribe.143~><~Game.1972~><~Scribe.144~> 11B4D1
$tybo<~Controls.644~>100 <~Controls.645~><~Game.2035~> C43383
$Stella_Rossa<~Controls.726~>212 211 210 <~Controls.727~><~Game.1997~><~Controls.728~><~Game.2042~> D48339
$Stella_Rossa<~Controls.731~>213 <~Controls.732~><~Game.2039~><~Controls.733~><~Game.2042~> 9D51EE
$tybo<~Controls.762~>100 105 103 360 101 104 099 102 <~Controls.763~><~Game.2041~><~Controls.764~><~Game.2043~> 22B490
<~Game.7~>2 null
$Stella_Rossa<~Controls.509~>148<~Controls.510~><~Game.2004~><~Controls.511~><~Controls.45~> null
$Stella_Rossa<~Controls.509~>106<~Controls.510~><~Game.2005~><~Controls.511~><~Controls.45~> null
$tybo<~Controls.509~>204<~Controls.510~><~Game.2006~><~Controls.511~><~Controls.46~> null
<Stella_Rossa> fsp ok 0D64D0
$tybo<~Controls.509~>170<~Controls.510~><~Game.2007~><~Controls.511~><~Controls.46~> null
$tybo<~Controls.372~>100 E53D2D
$tybo<~Controls.345~>105 103 360 101 104 099 102 <~Controls.346~>11 15 10 12 14 15 11 null
$tybo<~Controls.350~>105 103 360 101 104 099 102 null
$Stella_Rossa<~Controls.345~>213 212 211 210 <~Controls.346~>2 4 4 2 null
$Stella_Rossa<~Scribe.141~>211 <~Scribe.142~><~Game.2042~><~Scribe.143~><~Game.2035~><~Scribe.144~> 9569A1
$Stella_Rossa<~Scribe.141~>428 <~Scribe.142~><~Game.2042~><~Scribe.143~><~Game.2037~><~Scribe.144~> B2683A
$Stella_Rossa<~Controls.345~>211 <~Controls.346~>1 null
$Stella_Rossa<~Controls.281~>211 <~Controls.282~><~Game.2035~><~Controls.283~><~Game.2042~> B92E64
$Stella_Rossa<~Controls.644~>428 <~Controls.645~><~Game.2035~> 69462A
<Stella_Rossa> pass 4053EF
$tybo<~Scribe.141~>101 <~Scribe.142~><~Game.2043~><~Scribe.143~><~Game.2035~><~Scribe.144~> 0AD6AA
$tybo<~Scribe.141~>001 008 007 <~Scribe.142~><~Game.1917~><~Scribe.143~><~Game.1927~><~Scribe.144~> 7A0814
$tybo<~Scribe.141~>039 038 036 029 028 027 026 025 024 023 022 021 <~Scribe.142~><~Game.1972~><~Scribe.143~><~Game.1975~><~Scribe.144~> F60D2D
$tybo<~Controls.644~>101 <~Controls.645~><~Game.2035~> C946BA
$Stella_Rossa<~Scribe.141~>212 <~Scribe.142~><~Game.2042~><~Scribe.143~><~Game.2035~><~Scribe.144~> DF7A2C
$Stella_Rossa<~Scribe.141~>073 072 <~Scribe.142~><~Game.1929~><~Scribe.143~><~Game.1925~><~Scribe.144~> A2846F
$Stella_Rossa<~Scribe.141~>065 <~Scribe.142~><~Game.1941~><~Scribe.143~><~Game.1957~><~Scribe.144~> BEC1B6
$Stella_Rossa<~Controls.644~>212 <~Controls.645~><~Game.2035~> 8B16F0
$tybo<~Scribe.141~>102 <~Scribe.142~><~Game.2043~><~Scribe.143~><~Game.2035~><~Scribe.144~> 5F82BE
$tybo<~Scribe.141~>040 035 015 014 013 012 011 <~Scribe.142~><~Game.1949~><~Scribe.143~><~Game.1927~><~Scribe.144~> 395A49
$tybo<~Scribe.141~>039 038 036 029 028 027 026 025 024 023 022 021 <~Scribe.142~><~Game.1975~><~Scribe.143~><~Game.1966~><~Scribe.144~> 1A799D
$tybo<~Controls.644~>102 <~Controls.645~><~Game.2035~> 0B853F
$Stella_Rossa<~Scribe.141~>210 <~Scribe.142~><~Game.2042~><~Scribe.143~><~Game.2035~><~Scribe.144~> DF87FC
$Stella_Rossa<~Scribe.141~>reveal 106 14EB43ADF61B0324C815EC42838542C422D6487D 21 <~Scribe.142~><~Controls.45~><~Scribe.143~><~Game.2037~><~Scribe.144~> D68317
$Stella_Rossa<~Scribe.141~>267 <~Scribe.142~><~Game.2038~><~Scribe.143~><~Game.1928~><~Scribe.144~> 0C53E0
$Stella_Rossa<~Controls.509~>145<~Controls.510~><~Game.2005~><~Controls.511~><~Controls.45~> null
$Stella_Rossa<~Controls.509~>110<~Controls.510~><~Game.2005~><~Controls.511~><~Controls.45~> null
$Stella_Rossa<~Controls.644~>210 106 <~Controls.645~><~Game.2035~> 171CAD
$tybo<~Scribe.141~>360 <~Scribe.142~><~Game.2043~><~Scribe.143~><~Game.2035~><~Scribe.144~> CF7396
$tybo<~Scribe.141~>261 <~Scribe.142~><~Game.2001~><~Scribe.143~><~Game.2002~><~Scribe.144~> B26467
$tybo<~Controls.644~>360 <~Controls.645~><~Game.2035~> C5F252
$Stella_Rossa<~Scribe.141~>213 <~Scribe.142~><~Game.2042~><~Scribe.143~><~Game.2035~><~Scribe.144~> 3796A1
$Stella_Rossa<~Scribe.141~>reveal 135 0BCB4DCFBB6883ABE4F5DD6085B955D413EB88D5 18 <~Scribe.142~><~Controls.45~><~Scribe.143~><~Game.2037~><~Scribe.144~> 2A62C2
$Stella_Rossa<~Controls.281~>234 <~Controls.282~><~Game.2046~><~Controls.283~><~Game.2045~> 0D9D7F
$Stella_Rossa<~Controls.509~>112<~Controls.510~><~Game.2004~><~Controls.511~><~Controls.45~> null
$Stella_Rossa<~Controls.644~>213 135 <~Controls.645~><~Game.2035~> 71A466
$tybo<~Scribe.141~>104 <~Scribe.142~><~Game.2043~><~Scribe.143~><~Game.2035~><~Scribe.144~> 20A73D
$tybo<~Scribe.141~>reveal 170 103F6E7487E876BFD968D51EBAFE87983B8800FD 15 <~Scribe.142~><~Controls.46~><~Scribe.143~><~Game.2036~><~Scribe.144~> 5D2648
$tybo<~Scribe.141~>336 <~Scribe.142~><~Game.2040~><~Scribe.143~><~Game.1927~><~Scribe.144~> 4C3553
$tybo<~Controls.644~>104 170 <~Controls.645~><~Game.2035~> 75A9E4
$Stella_Rossa<~Scribe.141~>211 <~Scribe.142~><~Game.2042~><~Scribe.143~><~Game.2035~><~Scribe.144~> 835E94
$Stella_Rossa<~Controls.790~>248<~Controls.791~><~Game.2017~><~Controls.792~><~Game.2018~> DFC24D
$Stella_Rossa<~Controls.795~>211<~Controls.796~><~Game.2035~><~Controls.797~><~Game.1997~> 70130B
<game> tybo<~Controls.1~> 3 5 3 null
$tybo<~Scribe.141~>105 <~Scribe.142~><~Game.2043~><~Scribe.143~><~Game.2035~><~Scribe.144~> 98DF50
<tybo> OFR 1226B5
<tybo> nc 8A543A
$Stella_Rossa<~Scribe.141~>258 <~Scribe.142~><~Game.2000~><~Scribe.143~><~Game.2001~><~Scribe.144~> 2FBEE4
$Stella_Rossa<~Controls.323~>258 FE7CC6
$Stella_Rossa<~Scribe.141~>reveal 140 EF176DD584271DAA6F92C47F2D54C4B316C9B077 15 <~Scribe.142~><~Controls.45~><~Scribe.143~><~Game.2037~><~Scribe.144~> B8D3A9
$Stella_Rossa<~Scribe.141~>065 <~Scribe.142~><~Game.1957~><~Scribe.143~><~Game.1954~><~Scribe.144~> 199157
$tybo<~Scribe.141~>039 038 036 029 028 027 026 025 024 023 022 021 <~Scribe.142~><~Game.1966~><~Scribe.143~><~Game.1957~><~Scribe.144~> 40906A
$tybo<~Controls.644~>105 140 <~Controls.645~><~Game.2035~> 8F6333
$Stella_Rossa<~Controls.726~>211 <~Controls.727~><~Game.1997~><~Controls.728~><~Game.2042~> 305289
$Stella_Rossa<~Controls.731~>213 210 212 <~Controls.732~><~Game.2039~><~Controls.733~><~Game.2042~> EAD84A
$Stella_Rossa<~Controls.509~>141<~Controls.510~><~Game.2004~><~Controls.511~><~Controls.45~> null
$tybo<~Controls.757~>103 099 100 <~Controls.758~><~Game.1997~><~Controls.759~><~Game.2043~> A111CF
<~Game.7~>3 null
$tybo<~Controls.762~>105 104 360 102 101 <~Controls.763~><~Game.2041~><~Controls.764~><~Game.2043~> ACD9D6
$Stella_Rossa<~Controls.509~>119<~Controls.510~><~Game.2005~><~Controls.511~><~Controls.45~> null
$tybo<~Controls.509~>173<~Controls.510~><~Game.2006~><~Controls.511~><~Controls.46~> null
$tybo<~Controls.509~>164<~Controls.510~><~Game.2007~><~Controls.511~><~Controls.46~> null
<Stella_Rossa> fsp ok 2245C6
$tybo<~Controls.372~>105 0F9E27
$tybo<~Controls.345~>104 360 102 101 103 099 100 <~Controls.346~>10 10 11 13 10 15 11 null
$tybo<~Controls.350~>104 360 102 101 103 099 100 null
$Stella_Rossa<~Controls.345~>213 210 212 211 <~Controls.346~>0 1 0 0 null
$Stella_Rossa<~Scribe.141~>212 <~Scribe.142~><~Game.2042~><~Scribe.143~><~Game.2035~><~Scribe.144~> F4D8D4
$Stella_Rossa<~Controls.790~>248<~Controls.791~><~Game.2018~><~Controls.792~><~Game.2019~> 3E337A
$Stella_Rossa<~Controls.795~>212<~Controls.796~><~Game.2035~><~Controls.797~><~Game.1997~> 634BEB
<game> tybo<~Controls.1~> 4 3 null
$tybo<~Scribe.141~>104 <~Scribe.142~><~Game.2043~><~Scribe.143~><~Game.2035~><~Scribe.144~> A82E9E
$tybo<~Scribe.141~>261 <~Scribe.142~><~Game.2002~><~Scribe.143~><~Game.2003~><~Scribe.144~> 848E45
$tybo<~Controls.644~>104 <~Controls.645~><~Game.2035~> 225A9C
$Stella_Rossa<~Scribe.141~>211 <~Scribe.142~><~Game.2042~><~Scribe.143~><~Game.2035~><~Scribe.144~> D54308
$Stella_Rossa<~Controls.790~>248<~Controls.791~><~Game.2019~><~Controls.792~><~Game.2020~> 6E09F1
$Stella_Rossa<~Controls.795~>211<~Controls.796~><~Game.2035~><~Controls.797~><~Game.1997~> 625A3F
<game> tybo<~Controls.1~> 6 3 null
$tybo<~Controls.624~>221<~Controls.625~><~Game.2044~><~Controls.626~><~Game.2037~> null
$Stella_Rossa<~Scribe.141~>240 <~Scribe.142~><~Game.1999~><~Scribe.143~><~Game.2037~><~Scribe.144~> D30370
<tybo> 1r CD1D7C
$Stella_Rossa<~Scribe.141~>241 <~Scribe.142~><~Game.1998~><~Scribe.143~><~Game.1999~><~Scribe.144~> A4A2FD
$Stella_Rossa<~Scribe.141~>247 <~Scribe.142~><~Game.1911~><~Scribe.143~><~Game.1937~><~Scribe.144~> 9A8561
$Stella_Rossa<~Controls.323~>247 5366A7
$Stella_Rossa<~Controls.644~>221 240 <~Controls.645~><~Game.2035~> A18562
<Stella_Rossa> moria F25AAD
$tybo<~Controls.624~>214<~Controls.625~><~Game.2044~><~Controls.626~><~Game.2037~> null
$Stella_Rossa<~Controls.644~>214 <~Controls.645~><~Game.2035~> 6DF5D2
$tybo<~Scribe.141~>101 <~Scribe.142~><~Game.2043~><~Scribe.143~><~Game.2035~><~Scribe.144~> 9E7668
<tybo> WLR 24BF21
$Stella_Rossa<~Scribe.141~>098 094 088 065 <~Scribe.142~><~Game.1954~><~Scribe.143~><~Game.1991~><~Scribe.144~> 7A4B09
$tybo<~Scribe.141~>039 038 036 029 028 027 026 025 024 023 022 021 <~Scribe.142~><~Game.1957~><~Scribe.143~><~Game.1954~><~Scribe.144~> 0A9AF5
$Stella_Rossa<~Scribe.141~>258 <~Scribe.142~><~Game.2001~><~Scribe.143~><~Game.2002~><~Scribe.144~> A39664
$Stella_Rossa<~Scribe.141~>256 <~Scribe.142~><~Game.2000~><~Scribe.143~><~Game.2001~><~Scribe.144~> 35A5AF
$tybo<~Controls.644~>101 <~Controls.645~><~Game.2035~> 520A38
<Stella_Rossa> pass 413266
$tybo<~Scribe.141~>102 <~Scribe.142~><~Game.2043~><~Scribe.143~><~Game.2035~><~Scribe.144~> BA1BCF
<tybo> Lorien BC2292
$Stella_Rossa<~Scribe.141~>097 267 093 092 087 <~Scribe.142~><~Game.1928~><~Scribe.143~><~Game.1992~><~Scribe.144~> C89321
$tybo<~Scribe.141~>040 336 035 001 015 014 013 012 011 008 007 <~Scribe.142~><~Game.1927~><~Scribe.143~><~Game.1928~><~Scribe.144~> D560F4
$Stella_Rossa<~Scribe.141~>256 <~Scribe.142~><~Game.2001~><~Scribe.143~><~Game.2002~><~Scribe.144~> D2B57D
$tybo<~Controls.644~>102 <~Controls.645~><~Game.2035~> C47F27
$Stella_Rossa<~Scribe.141~>213 <~Scribe.142~><~Game.2042~><~Scribe.143~><~Game.2035~><~Scribe.144~> 3FD7BA
$Stella_Rossa<~Scribe.141~>358 <~Scribe.142~><~Game.2038~><~Scribe.143~><~Game.2037~><~Scribe.144~> D5F2BB
$Stella_Rossa<~Scribe.141~>240 <~Scribe.142~><~Game.2039~><~Scribe.143~><~Game.1921~><~Scribe.144~> 69C25F
$Stella_Rossa<~Controls.323~>240 B280BA
$Stella_Rossa<~Controls.644~>213 358 <~Controls.645~><~Game.2035~> 0A3CED
<tybo> sry can i change something rq 899BC8
<Stella_Rossa> sure CB0BFF
<tybo> would be this : 5E392A
$tybo<~Scribe.141~>023 <~Scribe.142~><~Game.1954~><~Scribe.143~><~Game.1957~><~Scribe.144~> 0647E4
<Stella_Rossa> ok np F94471
<tybo> do you mind? CE7CF4
<tybo> thxs E654CF
$tybo<~Scribe.141~>100 <~Scribe.142~><~Game.2043~><~Scribe.143~><~Game.2035~><~Scribe.144~> A87416
<Stella_Rossa> your turn 5E037F
<tybo> WLR 013056
$Stella_Rossa<~Scribe.141~>258 256 <~Scribe.142~><~Game.2002~><~Scribe.143~><~Game.2003~><~Scribe.144~> 17B847
$tybo<~Controls.840~>173 65C2A7
$Stella_Rossa<~Controls.840~>119 210F79
<auto> playchosen 655141
<auto><~Controls.3~>reveal 119 9984A502E44B4CAFA0933476FE2F4CDC1A6B375C 17<~Controls.884~><~Controls.45~><~Controls.885~><~Game.2037~> 690F3F
<auto><~Controls.866~>reveal 173 31A7A4AEF274C3A80A981401D2BF505154CF8B3B 1<~Controls.867~><~Controls.46~><~Controls.868~><~Game.2036~> 96BB4E
<auto> playchosen 17ED42
<game> tybo<~Controls.1~> 3 3 1 1 5 null
<game> tybo<~Controls.1~> 2 6 null
<tybo> 1 24E3A2
<game> Stella_Rossa<~Controls.1~> 6 1 null
<game> Stella_Rossa<~Controls.1~> 3 null
<game> Stella_Rossa<~Controls.1~> 3 null
<Stella_Rossa> 1 B294BA
$tybo<~Scribe.141~>022 <~Scribe.142~><~Game.1954~><~Scribe.143~><~Game.2036~><~Scribe.144~> 413DDE
$tybo<~Controls.644~>100 173 022 119 <~Controls.645~><~Game.2035~> 33BACA
$Stella_Rossa<~Controls.304~>094 <~Controls.305~><~Game.1991~> 371B76
$Stella_Rossa<~Controls.313~>269 <~Controls.307~><~Controls.314~><~Game.1991~> A10343
<Stella_Rossa> pass 8B4D80
$tybo<~Scribe.141~>103 <~Scribe.142~><~Game.2043~><~Scribe.143~><~Game.2035~><~Scribe.144~> 186F8D
$tybo<~Scribe.141~>253 361 <~Scribe.142~><~Game.2040~><~Scribe.143~><~Game.2037~><~Scribe.144~> C376F5
$tybo<~Scribe.141~>253 <~Scribe.142~><~Game.2037~><~Scribe.143~><~Game.1954~><~Scribe.144~> 7E5676
$Stella_Rossa<~Controls.323~>259 257 C224F8
$tybo<~Controls.644~>103 361 <~Controls.645~><~Game.2035~> 61FA58
$Stella_Rossa<~Controls.323~>260 389FE0
$Stella_Rossa<~Scribe.141~>210 <~Scribe.142~><~Game.2042~><~Scribe.143~><~Game.2035~><~Scribe.144~> A4CDC3
$Stella_Rossa<~Controls.323~>247 BBC2DD
$Stella_Rossa<~Controls.644~>210 <~Controls.645~><~Game.2035~> 259751
$tybo<~Scribe.141~>360 <~Scribe.142~><~Game.2043~><~Scribe.143~><~Game.2035~><~Scribe.144~> A1C826
$tybo<~Scribe.141~>330 331 332 <~Scribe.142~><~Game.2040~><~Scribe.143~><~Game.2037~><~Scribe.144~> 34BC93
$tybo<~Controls.819~> B6D21B
$tybo<~Scribe.141~>345 <~Scribe.142~><~Game.2040~><~Scribe.143~><~Game.1987~><~Scribe.144~> 937C0C
$tybo<~Controls.644~>360 <~Controls.645~><~Game.2035~> 5A1464
$Stella_Rossa<~Controls.726~>211 212 <~Controls.727~><~Game.1997~><~Controls.728~><~Game.2042~> 2F99DF
$Stella_Rossa<~Controls.731~>210 213 358 <~Controls.732~><~Game.2039~><~Controls.733~><~Game.2042~> 213A46
$Stella_Rossa<~Controls.509~>123<~Controls.510~><~Game.2004~><~Controls.511~><~Controls.45~> null
$tybo<~Controls.757~>099 105 <~Controls.758~><~Game.1997~><~Controls.759~><~Game.2043~> AAE3A4
<~Game.7~>4 null
$tybo<~Controls.762~>360 103 361 100 102 101 104 <~Controls.763~><~Game.2041~><~Controls.764~><~Game.2043~> 3C7C86
$Stella_Rossa<~Controls.509~>130<~Controls.510~><~Game.2005~><~Controls.511~><~Controls.45~> null
$tybo<~Controls.509~>194<~Controls.510~><~Game.2006~><~Controls.511~><~Controls.46~> null
$tybo<~Controls.509~>186<~Controls.510~><~Game.2007~><~Controls.511~><~Controls.46~> null
$Stella_Rossa<~Controls.296~>141 <~Controls.297~><~Controls.45~> 0D3830
<Stella_Rossa> fsp ok 3F1D97
$tybo<~Controls.372~>360 4F6D97
$tybo<~Controls.345~>103 361 100 102 101 104 099 105 <~Controls.346~>10 15 13 13 11 13 15 10 null
$tybo<~Controls.350~>103 361 100 102 101 104 099 105 null
$Stella_Rossa<~Controls.345~>210 213 358 211 212 <~Controls.346~>4 4 1 4 2 null
$Stella_Rossa<~Scribe.141~>213 <~Scribe.142~><~Game.2042~><~Scribe.143~><~Game.2035~><~Scribe.144~> C5BEC1
$Stella_Rossa<~Scribe.141~>302 <~Scribe.142~><~Game.2038~><~Scribe.143~><~Game.1970~><~Scribe.144~> 86C36F
$Stella_Rossa<~Controls.644~>213 <~Controls.645~><~Game.2035~> 7B99FA
$tybo<~Scribe.141~>104 <~Scribe.142~><~Game.2043~><~Scribe.143~><~Game.2035~><~Scribe.144~> F53FBF
$tybo<~Controls.281~>104 <~Controls.282~><~Game.2035~><~Controls.283~><~Game.2043~> 4B91C0
$tybo<~Scribe.141~>101 <~Scribe.142~><~Game.2043~><~Scribe.143~><~Game.2035~><~Scribe.144~> 917F22
$tybo<~Scribe.141~>023 <~Scribe.142~><~Game.1957~><~Scribe.143~><~Game.1941~><~Scribe.144~> E27472
$tybo<~Scribe.141~>023 <~Scribe.142~><~Game.1941~><~Scribe.143~><~Game.1957~><~Scribe.144~> 56287C
$tybo<~Controls.281~>101 <~Controls.282~><~Game.2035~><~Controls.283~><~Game.2043~> 30651D
$tybo<~Scribe.141~>104 <~Scribe.142~><~Game.2043~><~Scribe.143~><~Game.2035~><~Scribe.144~> 1219EF
<tybo> Dale C64490
$tybo<~Controls.840~>175 8CC81F
$Stella_Rossa<~Controls.840~>110 D12B55
<auto> playchosen 0BCAC1
<auto><~Controls.3~>reveal 110 39E922676857EADDCB631A99AB2D8ADFB2E58C87 4<~Controls.884~><~Controls.45~><~Controls.885~><~Game.2037~> D23C90
<auto><~Controls.866~>reveal 175 20E0764C72AA5B4CDFA2C805A02220E12EDFDB88 3<~Controls.867~><~Controls.46~><~Controls.868~><~Game.2036~> DB418B
<auto> playchosen BBBBDC
$Stella_Rossa<~Scribe.141~>068 302 066 <~Scribe.142~><~Game.1970~><~Scribe.143~><~Game.1965~><~Scribe.144~> 9A44FF
$tybo<~Controls.509~>171<~Controls.510~><~Game.2007~><~Controls.511~><~Controls.46~> null
$Stella_Rossa<~Scribe.141~>423 <~Scribe.142~><~Game.27~><~Scribe.143~><~Game.28~><~Scribe.144~> 4A6D1E
$tybo<~Scribe.141~>021 <~Scribe.142~><~Game.1954~><~Scribe.143~><~Game.1970~><~Scribe.144~> 6189E0
$tybo<~Scribe.141~>415 <~Scribe.142~><~Game.2040~><~Scribe.143~><~Game.1970~><~Scribe.144~> 6A77F3
$tybo<~Controls.644~>104 175 110 <~Controls.645~><~Game.2035~> 6D3D43
$Stella_Rossa<~Scribe.141~>358 <~Scribe.142~><~Game.2042~><~Scribe.143~><~Game.2035~><~Scribe.144~> C8C947
$Stella_Rossa<~Controls.790~>248<~Controls.791~><~Game.2014~><~Controls.792~><~Game.2015~> 6A8E83
$Stella_Rossa<~Controls.795~>358<~Controls.796~><~Game.2035~><~Controls.797~><~Game.1997~> 16553F
<game> tybo<~Controls.1~> 2 6 4 null
$tybo<~Controls.624~>215<~Controls.625~><~Game.2044~><~Controls.626~><~Game.2037~> null
$Stella_Rossa<~Scribe.141~>247 <~Scribe.142~><~Game.1937~><~Scribe.143~><~Game.1948~><~Scribe.144~> 4AA54E
$Stella_Rossa<~Scribe.141~>247 <~Scribe.142~><~Game.1948~><~Scribe.143~><~Game.1942~><~Scribe.144~> 3E19E6
$Stella_Rossa<~Controls.323~>247 259E9A
$Stella_Rossa<~Controls.644~>215 <~Controls.645~><~Game.2035~> 479E6E
$tybo<~Scribe.141~>101 <~Scribe.142~><~Game.2043~><~Scribe.143~><~Game.2035~><~Scribe.144~> F0D2A3
$tybo<~Scribe.141~>023 <~Scribe.142~><~Game.1957~><~Scribe.143~><~Game.1941~><~Scribe.144~> 629CC5
$tybo<~Scribe.141~>056 052 051 050 <~Scribe.142~><~Game.1986~><~Scribe.143~><~Game.1984~><~Scribe.144~> 996488
$tybo<~Scribe.141~>414 <~Scribe.142~><~Game.2040~><~Scribe.143~><~Game.1941~><~Scribe.144~> 45E11A
$tybo<~Controls.644~>101 <~Controls.645~><~Game.2035~> 20C6CC
<Stella_Rossa> pass 6226B0
$tybo<~Scribe.141~>100 <~Scribe.142~><~Game.2043~><~Scribe.143~><~Game.2035~><~Scribe.144~> 731913
<tybo> WLR 5122DC
$tybo<~Controls.840~>164 7C2BC9
$Stella_Rossa<~Controls.840~>145 960DC3
<auto> playchosen CD9C0D
<auto><~Controls.3~>reveal 145 B136D5D279590D5A845701857EDB7FFC36D10645 16<~Controls.884~><~Controls.45~><~Controls.885~><~Game.2037~> 3BA4E0
<auto><~Controls.866~>reveal 164 F93396E6D0EDB7CEF919AE549FD2C00CF67A0505 19<~Controls.867~><~Controls.46~><~Controls.868~><~Game.2036~> D15AE8
<auto> playchosen 949A2A
<game> tybo<~Controls.1~> 5 1 6 2 6 null
<game> tybo<~Controls.1~> 1 3 null
<tybo> 3 6CCD75
<game> Stella_Rossa<~Controls.1~> 3 4 1 null
<game> Stella_Rossa<~Controls.1~> 6 null
<Stella_Rossa> 3 3B5DA6
$Stella_Rossa<~Scribe.141~>269 065 <~Scribe.142~><~Game.1991~><~Scribe.143~><~Game.2037~><~Scribe.144~> 08EEA0
$tybo<~Scribe.141~>026 025 024 <~Scribe.142~><~Game.1954~><~Scribe.143~><~Game.2036~><~Scribe.144~> BEE563
<tybo> press 620E80
$tybo<~Controls.304~>036 <~Controls.305~><~Game.1954~> 085593
$tybo<~Controls.313~>022 <~Controls.307~><~Controls.314~><~Game.1954~> 9439C0
$tybo<~Controls.296~>164 026 025 024 <~Controls.297~><~Game.2036~> B83146
$tybo<~Controls.296~>145 269 065 <~Controls.297~><~Game.2037~> 92A061
$tybo<~Controls.509~>183<~Controls.510~><~Game.2007~><~Controls.511~><~Controls.46~> null
<tybo> nc 2EEE85
$Stella_Rossa<~Scribe.141~>reveal 112 B581ACFAD7A4EA5D47ED3733C8926639871693DD 6 <~Scribe.142~><~Controls.45~><~Scribe.143~><~Game.2037~><~Scribe.144~> 321396
<game> tybo<~Controls.1~> 6 5 6 6 null
<game> Stella_Rossa<~Controls.1~> 4 1 null
$Stella_Rossa<~Scribe.141~>098 088 <~Scribe.142~><~Game.1991~><~Scribe.143~><~Game.2037~><~Scribe.144~> 825555
$Stella_Rossa<~Scribe.141~>423 <~Scribe.142~><~Game.28~><~Scribe.143~><~Game.30~><~Scribe.144~> 9744C0
$tybo<~Controls.644~>100 112 098 088 <~Controls.645~><~Game.2035~> 47AFB3
$Stella_Rossa<~Scribe.141~>211 <~Scribe.142~><~Game.2042~><~Scribe.143~><~Game.2035~><~Scribe.144~> 4F8D87
$Stella_Rossa<~Controls.323~>247 CE31FA
$Stella_Rossa<~Controls.644~>211 <~Controls.645~><~Game.2035~> 5788D1
$tybo<~Scribe.141~>105 <~Scribe.142~><~Game.2043~><~Scribe.143~><~Game.2035~><~Scribe.144~> 13C8D6
$tybo<~Scribe.141~>347 <~Scribe.142~><~Game.2040~><~Scribe.143~><~Game.1987~><~Scribe.144~> 5DF9D4
$tybo<~Controls.644~>105 <~Controls.645~><~Game.2035~> 2FB0D0
$Stella_Rossa<~Scribe.141~>210 <~Scribe.142~><~Game.2042~><~Scribe.143~><~Game.2035~><~Scribe.144~> 2B5B57
$Stella_Rossa<~Controls.366~>250<~Controls.367~><~Game.2009~><~Controls.368~><~Game.2012~> D53C95
$Stella_Rossa<~Controls.790~>248<~Controls.791~><~Game.2014~><~Controls.792~><~Game.2015~> 257081
$Stella_Rossa<~Controls.795~>210<~Controls.796~><~Game.2035~><~Controls.797~><~Game.1997~> 4AF7CB
<game> tybo<~Controls.1~> 3 6 5 null
$tybo<~Controls.624~>228<~Controls.625~><~Game.2044~><~Controls.626~><~Game.2037~> null
$Stella_Rossa<~Scribe.141~>252 <~Scribe.142~><~Game.2014~><~Scribe.143~><~Game.2017~><~Scribe.144~> 72675A
$Stella_Rossa<~Controls.644~>228 <~Controls.645~><~Game.2035~> 3B35CF
$tybo<~Scribe.141~>102 <~Scribe.142~><~Game.2043~><~Scribe.143~><~Game.2035~><~Scribe.144~> 677F69
$tybo<~Scribe.141~>253 038 039 <~Scribe.142~><~Game.1954~><~Scribe.143~><~Game.1928~><~Scribe.144~> 856DFA
$tybo<~Controls.644~>102 <~Controls.645~><~Game.2035~> 23F8FB
$Stella_Rossa<~Scribe.141~>212 <~Scribe.142~><~Game.2042~><~Scribe.143~><~Game.2035~><~Scribe.144~> 79148F
$Stella_Rossa<~Scribe.141~>reveal 148 E9A666CA783CCD1CEAE5B8BF2C8A82BCD0477EA6 23 <~Scribe.142~><~Controls.45~><~Scribe.143~><~Game.2037~><~Scribe.144~> 31EE86
<game> Stella_Rossa<~Controls.1~> 3 6 6 null
$Stella_Rossa<~Scribe.141~>252 <~Scribe.142~><~Game.2017~><~Scribe.143~><~Game.2014~><~Scribe.144~> FC054B
$Stella_Rossa<~Controls.644~>212 148 <~Controls.645~><~Game.2035~> 981830
$tybo<~Scribe.141~>103 <~Scribe.142~><~Game.2043~><~Scribe.143~><~Game.2035~><~Scribe.144~> 877523
$tybo<~Scribe.141~>250 <~Scribe.142~><~Game.2012~><~Scribe.143~><~Game.2037~><~Scribe.144~> FD3218
<tybo> Lorien 0E8AF7
$tybo<~Controls.840~>186 63F230
$Stella_Rossa<~Controls.840~>130 3CC43F
<auto> playchosen EC4227
<auto><~Controls.3~>reveal 130 E9AF9862E9D0EC031183745E7561F7A7568E7A1E 7<~Controls.884~><~Controls.45~><~Controls.885~><~Game.2037~> 100B1F
<auto><~Controls.866~>reveal 186 0729A5B17ADE82AA06858D59F062DA650814A3CB 22<~Controls.867~><~Controls.46~><~Controls.868~><~Game.2036~> 28B947
<auto> playchosen D089AD
<game> tybo<~Controls.1~> 2 2 5 3 6 null
<game> tybo<~Controls.1~> 3 6 2 5 null
<tybo> 2 BB4257
<game> Stella_Rossa<~Controls.1~> 3 1 3 5 3 null
<Stella_Rossa> 1 DFDA3B
$tybo<~Scribe.141~>013 <~Scribe.142~><~Game.1928~><~Scribe.143~><~Game.2036~><~Scribe.144~> E39DFF
$Stella_Rossa<~Controls.304~>093 267 <~Controls.305~><~Game.1992~> 05B600
$Stella_Rossa<~Controls.313~>269 088 <~Controls.308~><~Controls.314~><~Game.1992~> 899613
<tybo> press 0ED12F
$tybo<~Controls.304~>336 <~Controls.305~><~Game.1928~> A72459
$tybo<~Controls.313~>026 <~Controls.307~><~Controls.314~><~Game.1928~> 60EBF8
$tybo<~Controls.509~>178<~Controls.510~><~Game.2007~><~Controls.511~><~Controls.46~> null
$tybo<~Controls.296~>186 013 <~Controls.297~><~Game.2036~> 2289C9
$tybo<~Controls.296~>130 250 <~Controls.297~><~Game.2037~> DC2DEF
$tybo<~Controls.840~>183 E60F95
<Stella_Rossa> nc AA4403
<auto><~Controls.866~>reveal 183 5AB6D965CF3BB7A1BA348AD8D257414A2134F31B 13<~Controls.867~><~Controls.46~><~Controls.868~><~Game.2036~> 10D685
<game> tybo<~Controls.1~> 2 4 5 6 1 null
<game> tybo<~Controls.1~> 1 1 2 null
<tybo> 2 8B7206
<game> Stella_Rossa<~Controls.1~> 5 4 4 1 null
<game> Stella_Rossa<~Controls.1~> 4 null
<Stella_Rossa> 4 13E53D
$Stella_Rossa<~Controls.281~>092 <~Controls.282~><~Game.1992~><~Controls.283~><~Game.2039~> 07C02A
$tybo<~Scribe.141~>012 007 008 011 <~Scribe.142~><~Game.1928~><~Scribe.143~><~Game.2036~><~Scribe.144~> ECBC59
<tybo> stop 32E700
$tybo<~Controls.644~>103 183 012 007 008 011 <~Controls.645~><~Game.2035~> A5F1CB
$Stella_Rossa<~Controls.726~>210 358 <~Controls.727~><~Game.1997~><~Controls.728~><~Game.2042~> 26664E
$Stella_Rossa<~Controls.731~>212 211 213 <~Controls.732~><~Game.2039~><~Controls.733~><~Game.2042~> 6FA495
$Stella_Rossa<~Controls.509~>139<~Controls.510~><~Game.2004~><~Controls.511~><~Controls.45~> null
$tybo<~Controls.757~>361 099 360 <~Controls.758~><~Game.1997~><~Controls.759~><~Game.2043~> 2BBC68
<~Game.7~>5 null
$tybo<~Controls.762~>103 102 105 100 101 104 <~Controls.763~><~Game.2041~><~Controls.764~><~Game.2043~> ADAFF1
$Stella_Rossa<~Controls.509~>129<~Controls.510~><~Game.2005~><~Controls.511~><~Controls.45~> null
$tybo<~Controls.509~>177<~Controls.510~><~Game.2006~><~Controls.511~><~Controls.46~> null
$tybo<~Controls.509~>192<~Controls.510~><~Game.2007~><~Controls.511~><~Controls.46~> null
<Stella_Rossa> declare 7CEC85
$Stella_Rossa<~Scribe.141~>247 <~Scribe.142~><~Game.1942~><~Scribe.143~><~Game.1943~><~Scribe.144~> 69CE84
$Stella_Rossa<~Scribe.141~>248 <~Scribe.142~><~Game.2015~><~Scribe.143~><~Game.2014~><~Scribe.144~> C0C394
<Stella_Rossa> ok 5E932B
$tybo<~Controls.296~>209 <~Controls.297~><~Controls.46~> FE39D8
$tybo<~Controls.372~>103 C4CF21
$tybo<~Controls.345~>102 105 100 101 104 361 099 360 <~Controls.346~>11 10 11 15 15 11 13 11 null
$tybo<~Controls.350~>102 105 100 101 104 361 099 360 null
$Stella_Rossa<~Controls.345~>212 211 213 210 358 <~Controls.346~>2 3 4 1 0 null
$Stella_Rossa<~Scribe.141~>358 <~Scribe.142~><~Game.2042~><~Scribe.143~><~Game.2035~><~Scribe.144~> 977C6B
$Stella_Rossa<~Controls.790~>248<~Controls.791~><~Game.2014~><~Controls.792~><~Game.2015~> 6B7195
$Stella_Rossa<~Controls.795~>358<~Controls.796~><~Game.2035~><~Controls.797~><~Game.1997~> A12F74
<game> tybo<~Controls.1~> 5 2 2 null
$tybo<~Scribe.141~>099 <~Scribe.142~><~Game.2043~><~Scribe.143~><~Game.2035~><~Scribe.144~> 2CE92F
$tybo<~Scribe.141~>reveal 204 59964C90585D3A233DCAFA4F24C2A404F7359A77 21 <~Scribe.142~><~Controls.46~><~Scribe.143~><~Game.2036~><~Scribe.144~> 839902
$tybo<~Scribe.141~>247 <~Scribe.142~><~Game.1943~><~Scribe.143~><~Game.1942~><~Scribe.144~> 4A1AD6
$tybo<~Controls.644~>099 204 <~Controls.645~><~Game.2035~> 0E464A
$Stella_Rossa<~Scribe.141~>213 <~Scribe.142~><~Game.2042~><~Scribe.143~><~Game.2035~><~Scribe.144~> 1A22A8
$Stella_Rossa<~Scribe.141~>reveal 129 8553FB096E63ACBEB6F57350EFBF6E0117A8BE46 23 <~Scribe.142~><~Controls.45~><~Scribe.143~><~Game.2029~><~Scribe.144~> 79A167
$Stella_Rossa<~Controls.644~>213 <~Controls.645~><~Game.2035~> 0F1AAB
$tybo<~Scribe.141~>105 <~Scribe.142~><~Game.2043~><~Scribe.143~><~Game.2035~><~Scribe.144~> C59515
$tybo<~Controls.296~>178 <~Controls.297~><~Controls.46~> 1A9B49
$tybo<~Controls.296~>194 <~Controls.297~><~Controls.46~> F6050A
<tybo> army 8CDE80
$tybo<~Controls.296~>129 <~Controls.297~><~Game.2029~> 14EA96
<Stella_Rossa> k 76CDD8
$tybo<~Controls.644~>105 <~Controls.645~><~Game.2035~> 7984A2
$Stella_Rossa<~Scribe.141~>210 <~Scribe.142~><~Game.2042~><~Scribe.143~><~Game.2035~><~Scribe.144~> DFF049
$Stella_Rossa<~Controls.790~>248<~Controls.791~><~Game.2015~><~Controls.792~><~Game.2016~> FF911D
$Stella_Rossa<~Controls.795~>210<~Controls.796~><~Game.2035~><~Controls.797~><~Game.1997~> BB55B3
<game> tybo<~Controls.1~> 2 1 2 null
$tybo<~Scribe.141~>360 <~Scribe.142~><~Game.2043~><~Scribe.143~><~Game.2035~><~Scribe.144~> 8E1225
<tybo> Lorien 93CF3B
$tybo<~Controls.840~>177 E8FCB7
<Stella_Rossa> nc 294D68
<auto><~Controls.866~>reveal 177 743FD93B652ABF46267957237592FD72D10766BA 23<~Controls.867~><~Controls.46~><~Controls.868~><~Game.2036~> BAE259
<game> tybo<~Controls.1~> 1 5 2 null
<tybo> 1 BE64BF
$Stella_Rossa<~Controls.281~>087 <~Controls.282~><~Game.1992~><~Controls.283~><~Game.2039~> 123613
<game> tybo<~Controls.1~> 1 4 5 2 5 null
<game> tybo<~Controls.1~> 4 4 3 4 1 null
<tybo> 0 56F44F
<game> Stella_Rossa<~Controls.1~> 5 4 null
<game> Stella_Rossa<~Controls.1~> 1 null
<Stella_Rossa> 1 B3D75B
<tybo> press FB0910
$tybo<~Scribe.141~>035 <~Scribe.142~><~Game.1928~><~Scribe.143~><~Game.2037~><~Scribe.144~> 7983B5
$tybo<~Controls.509~>167<~Controls.510~><~Game.2006~><~Controls.511~><~Controls.46~> null
$tybo<~Controls.644~>360 177 035 <~Controls.645~><~Game.2035~> 0C7AFE
<Stella_Rossa> nc 77DB4B
$tybo<~Controls.840~>192 4ADCC9
<Stella_Rossa> nc 985BE0
<auto><~Controls.866~>reveal 192 62AEBB29E1068A0B742117FEDE99DBBEF0DF38F7 14<~Controls.867~><~Controls.46~><~Controls.868~><~Game.2036~> 14C995
<game> tybo<~Controls.1~> 2 2 5 3 null
<game> tybo<~Controls.1~> 3 3 3 6 null
<game> Stella_Rossa<~Controls.1~> 3 3 null
<game> Stella_Rossa<~Controls.1~> 1 null
<Stella_Rossa> 0 6C2AEF
$Stella_Rossa<~Controls.281~>088 <~Controls.282~><~Game.1992~><~Controls.283~><~Game.2039~> 9C855F
$tybo<~Scribe.141~>014 015 026 <~Scribe.142~><~Game.1928~><~Scribe.143~><~Game.2036~><~Scribe.144~> 5A63EA
<game> tybo<~Controls.1~> 4 2 1 null
$Stella_Rossa<~Scribe.141~>097 269 <~Scribe.142~><~Game.1992~><~Scribe.143~><~Game.2037~><~Scribe.144~> B11839
$Stella_Rossa<~Controls.644~>192 014 015 026 097 269 <~Controls.645~><~Game.2035~> 5E09D3
<Stella_Rossa> pass 5B4E0E
$tybo<~Scribe.141~>361 <~Scribe.142~><~Game.2043~><~Scribe.143~><~Game.2035~><~Scribe.144~> B0A246
$tybo<~Scribe.141~>347 345 054 053 <~Scribe.142~><~Game.1987~><~Scribe.143~><~Game.1980~><~Scribe.144~> DD2CAA
$tybo<~Scribe.141~>056 052 051 050 <~Scribe.142~><~Game.1984~><~Scribe.143~><~Game.1980~><~Scribe.144~> 774E2F
$tybo<~Controls.819~> 03621E
$tybo<~Scribe.141~>055 049 048 047 <~Scribe.142~><~Game.1968~><~Scribe.143~><~Game.1946~><~Scribe.144~> 9D74E3
$tybo<~Controls.644~>361 <~Controls.645~><~Game.2035~> 229D62
$Stella_Rossa<~Scribe.141~>426 <~Scribe.142~><~Game.2042~><~Scribe.143~><~Game.2035~><~Scribe.144~> 782481
$Stella_Rossa<~Scribe.141~>260 <~Scribe.142~><~Game.2001~><~Scribe.143~><~Game.2002~><~Scribe.144~> 10683A
$Stella_Rossa<~Controls.644~>426 <~Controls.645~><~Game.2035~> D01D44
$tybo<~Scribe.141~>100 <~Scribe.142~><~Game.2043~><~Scribe.143~><~Game.2035~><~Scribe.144~> FA7580
$tybo<~Scribe.141~>055 057 049 048 047 046 045 <~Scribe.142~><~Game.1946~><~Scribe.143~><~Game.1932~><~Scribe.144~> 710BC3
$tybo<~Scribe.141~>056 052 051 050 <~Scribe.142~><~Game.1984~><~Scribe.143~><~Game.1980~><~Scribe.144~> C81CEF
$tybo<~Controls.644~>100 <~Controls.645~><~Game.2035~> 9DA1D9
$Stella_Rossa<~Scribe.141~>212 <~Scribe.142~><~Game.2042~><~Scribe.143~><~Game.2035~><~Scribe.144~> 56B04B
$Stella_Rossa<~Scribe.141~>reveal 139 CD2A12B8CDDB95733B71410923374FBF7AC587DF 1 <~Scribe.142~><~Controls.45~><~Scribe.143~><~Game.2037~><~Scribe.144~> DD9FF4
$Stella_Rossa<~Scribe.141~>244 246 <~Scribe.142~><~Game.1998~><~Scribe.143~><~Game.1920~><~Scribe.144~> 1B2F10
$Stella_Rossa<~Controls.644~>212 139 <~Controls.645~><~Game.2035~> F39DF2
$tybo<~Scribe.141~>102 <~Scribe.142~><~Game.2043~><~Scribe.143~><~Game.2035~><~Scribe.144~> AA6A79
$tybo<~Scribe.141~>056 347 345 052 051 050 054 053 <~Scribe.142~><~Game.1980~><~Scribe.143~><~Game.1970~><~Scribe.144~> 77B41A
$tybo<~Scribe.141~>034 033 <~Scribe.142~><~Game.1971~><~Scribe.143~><~Game.1977~><~Scribe.144~> A51D1F
$tybo<~Controls.644~>102 <~Controls.645~><~Game.2035~> 80AF34
$Stella_Rossa<~Scribe.141~>211 <~Scribe.142~><~Game.2042~><~Scribe.143~><~Game.2035~><~Scribe.144~> 2BDA81
$Stella_Rossa<~Controls.366~>249<~Controls.367~><~Game.2008~><~Controls.368~><~Game.2012~> 72BD75
$Stella_Rossa<~Controls.790~>248<~Controls.791~><~Game.2016~><~Controls.792~><~Game.2017~> 51ED58
$Stella_Rossa<~Controls.795~>211<~Controls.796~><~Game.2035~><~Controls.797~><~Game.1997~> 491A03
<game> tybo<~Controls.1~> 5 6 1 null
$tybo<~Controls.624~>226<~Controls.625~><~Game.2044~><~Controls.626~><~Game.2037~> null
$Stella_Rossa<~Scribe.141~>252 <~Scribe.142~><~Game.2014~><~Scribe.143~><~Game.2016~><~Scribe.144~> DDDFB7
$Stella_Rossa<~Controls.644~>226 <~Controls.645~><~Game.2035~> 2A7992
$Stella_Rossa<~Controls.726~>211 210 358 <~Controls.727~><~Game.1997~><~Controls.728~><~Game.2042~> 1DA4BC
$Stella_Rossa<~Controls.731~>212 213 <~Controls.732~><~Game.2039~><~Controls.733~><~Game.2042~> 00CD36
$tybo<~Controls.757~>101 104 103 <~Controls.758~><~Game.1997~><~Controls.759~><~Game.2043~> FCA9AF
<~Game.7~>6 null
$tybo<~Controls.762~>102 100 361 360 105 099 <~Controls.763~><~Game.2041~><~Controls.764~><~Game.2043~> 078A31
$Stella_Rossa<~Controls.509~>108<~Controls.510~><~Game.2004~><~Controls.511~><~Controls.45~> null
$Stella_Rossa<~Controls.509~>131<~Controls.510~><~Game.2005~><~Controls.511~><~Controls.45~> null
$Stella_Rossa<~Scribe.141~>247 <~Scribe.142~><~Game.1942~><~Scribe.143~><~Game.524~><~Scribe.144~> 8E2DF5
$tybo<~Controls.509~>182<~Controls.510~><~Game.2006~><~Controls.511~><~Controls.46~> null
$tybo<~Controls.509~>189<~Controls.510~><~Game.2007~><~Controls.511~><~Controls.46~> null
$Stella_Rossa<~Controls.281~>234 221 <~Controls.282~><~Game.2045~><~Controls.283~><~Game.2044~> A7862D
<Stella_Rossa> fsp ok 65DB1F
$tybo<~Controls.372~>102 B19420
$tybo<~Controls.345~>100 361 360 105 099 101 104 103 <~Controls.346~>13 14 10 11 12 13 15 10 null
$tybo<~Controls.350~>100 361 360 105 099 101 104 103 null
$Stella_Rossa<~Controls.345~>212 213 211 210 358 <~Controls.346~>1 1 1 3 4 null
$Stella_Rossa<~Scribe.141~>211 <~Scribe.142~><~Game.2042~><~Scribe.143~><~Game.2035~><~Scribe.144~> FC20A7
$Stella_Rossa<~Controls.790~>247<~Controls.791~><~Game.524~><~Controls.792~><~Game.525~> 8F5A4E
$Stella_Rossa<~Controls.795~>211<~Controls.796~><~Game.2035~><~Controls.797~><~Game.1997~> BA4FE5
$tybo<~Controls.624~>219<~Controls.625~><~Game.2044~><~Controls.626~><~Game.2037~> null
$Stella_Rossa<~Scribe.141~>252 <~Scribe.142~><~Game.2016~><~Scribe.143~><~Game.2018~><~Scribe.144~> 7D9D04
$Stella_Rossa<~Controls.323~>247 6B22BB
$Stella_Rossa<~Controls.644~>219 <~Controls.645~><~Game.2035~> F6EC60
$tybo<~Scribe.141~>361 <~Scribe.142~><~Game.2043~><~Scribe.143~><~Game.2035~><~Scribe.144~> CE7F26
$tybo<~Scribe.141~>reveal 182 0E659B13B83D440B787CC1D5920758DCA5D70537 11 <~Scribe.142~><~Controls.46~><~Scribe.143~><~Game.2037~><~Scribe.144~> 3CB299
$tybo<~Controls.281~>238 <~Controls.282~><~Game.2046~><~Controls.283~><~Game.2044~> FBDF77
$tybo<~Controls.644~>361 182 <~Controls.645~><~Game.2035~> 80AB38
$Stella_Rossa<~Scribe.141~>210 <~Scribe.142~><~Game.2042~><~Scribe.143~><~Game.2035~><~Scribe.144~> 445F88
$Stella_Rossa<~Controls.323~>247 74FD3F
$Stella_Rossa<~Controls.644~>210 <~Controls.645~><~Game.2035~> 776AF4
$tybo<~Scribe.141~>103 <~Scribe.142~><~Game.2043~><~Scribe.143~><~Game.2035~><~Scribe.144~> B844BE
$tybo<~Scribe.141~>255 362 <~Scribe.142~><~Game.2040~><~Scribe.143~><~Game.2037~><~Scribe.144~> E4DBE8
$tybo<~Scribe.141~>255 <~Scribe.142~><~Game.2037~><~Scribe.143~><~Game.1969~><~Scribe.144~> AAE070
$tybo<~Controls.644~>103 362 <~Controls.645~><~Game.2035~> 9B76D0
$Stella_Rossa<~Scribe.141~>213 <~Scribe.142~><~Game.2042~><~Scribe.143~><~Game.2035~><~Scribe.144~> 65CCB1
$Stella_Rossa<~Controls.790~>247<~Controls.791~><~Game.525~><~Controls.792~><~Game.528~> 63A822
$Stella_Rossa<~Controls.795~>213<~Controls.796~><~Game.2035~><~Controls.797~><~Game.1997~> 86F89E
$tybo<~Scribe.141~>423 <~Scribe.142~><~Game.30~><~Scribe.143~><~Game.32~><~Scribe.144~> DA56E3
$tybo<~Controls.624~>217<~Controls.625~><~Game.2044~><~Controls.626~><~Game.2037~> null
$Stella_Rossa<~Scribe.141~>252 <~Scribe.142~><~Game.2018~><~Scribe.143~><~Game.2019~><~Scribe.144~> DD2DC6
$Stella_Rossa<~Controls.323~>247 DB271A
$Stella_Rossa<~Controls.644~>217 <~Controls.645~><~Game.2035~> 36FDA4
$tybo<~Scribe.141~>101 <~Scribe.142~><~Game.2043~><~Scribe.143~><~Game.2035~><~Scribe.144~> 3C3784
$tybo<~Scribe.141~>253 040 039 038 <~Scribe.142~><~Game.1928~><~Scribe.143~><~Game.1970~><~Scribe.144~> B86DAF
$tybo<~Scribe.141~>037 <~Scribe.142~><~Game.1969~><~Scribe.143~><~Game.1932~><~Scribe.144~> 0D1D2D
$tybo<~Controls.644~>101 <~Controls.645~><~Game.2035~> 50297D
<Stella_Rossa> pass B1461A
$tybo<~Scribe.141~>100 <~Scribe.142~><~Game.2043~><~Scribe.143~><~Game.2035~><~Scribe.144~> 5B251E
<tybo> erebor 59BE69
$Stella_Rossa<~Scribe.141~>068 062 302 312 061 066 060 <~Scribe.142~><~Game.1965~><~Scribe.143~><~Game.1988~><~Scribe.144~> 3EC3C3
$tybo<~Scribe.141~>253 040 039 038 056 347 345 052 051 050 054 053 021 <~Scribe.142~><~Game.1970~><~Scribe.143~><~Game.1965~><~Scribe.144~> 5296EE
$Stella_Rossa<~Scribe.141~>257 <~Scribe.142~><~Game.2000~><~Scribe.143~><~Game.2001~><~Scribe.144~> 3032E7
$tybo<~Controls.644~>100 <~Controls.645~><~Game.2035~> 418912
<Stella_Rossa> pass C8EAFE
$tybo<~Scribe.141~>099 <~Scribe.142~><~Game.2043~><~Scribe.143~><~Game.2035~><~Scribe.144~> 1850BB
$tybo<~Scribe.141~>034 033 032 031 030 <~Scribe.142~><~Game.1977~><~Scribe.143~><~Game.1969~><~Scribe.144~> 1E4064
$tybo<~Scribe.141~>022 029 028 027 <~Scribe.142~><~Game.1954~><~Scribe.143~><~Game.1970~><~Scribe.144~> 0454FC
$tybo<~Controls.644~>099 <~Controls.645~><~Game.2035~> 498C7D
$tybo<~Scribe.141~>417 <~Scribe.142~><~Game.2040~><~Scribe.143~><~Game.1954~><~Scribe.144~> 6ED809
$Stella_Rossa<~Scribe.141~>358 <~Scribe.142~><~Game.2042~><~Scribe.143~><~Game.2035~><~Scribe.144~> BADAE3
$Stella_Rossa<~Controls.323~>247 B96882
$Stella_Rossa<~Controls.644~>358 <~Controls.645~><~Game.2035~> 8C44B8
$tybo<~Scribe.141~>360 <~Scribe.142~><~Game.2043~><~Scribe.143~><~Game.2035~><~Scribe.144~> 80F714
$tybo<~Controls.323~>255 0517BB
<tybo> erebor 3E2757
$Stella_Rossa<~Scribe.141~>257 <~Scribe.142~><~Game.2001~><~Scribe.143~><~Game.2002~><~Scribe.144~> E748A3
$tybo<~Controls.840~>189 FD9C35
$Stella_Rossa<~Controls.840~>131 5928EA
<auto> playchosen 4F017E
<auto><~Controls.3~>reveal 131 6BD92773BB70CF9D2B8953474A857A140B749A73 11<~Controls.884~><~Controls.45~><~Controls.885~><~Game.2037~> D91FBC
<auto><~Controls.866~>reveal 189 D44942F7D45D293E753DA194051B0EE87E45CBB3 10<~Controls.867~><~Controls.46~><~Controls.868~><~Game.2036~> 9F5FF1
<auto> playchosen 6E6ED6
<game> tybo<~Controls.1~> 1 6 2 5 6 null
<game> tybo<~Controls.1~> 5 5 null
<tybo> 5 912131
<game> Stella_Rossa<~Controls.1~> 6 6 2 2 3 null
<game> Stella_Rossa<~Controls.1~> 3 4 null
<Stella_Rossa> 5 5C70B8
$Stella_Rossa<~Controls.281~>302 312 <~Controls.282~><~Game.1988~><~Controls.283~><~Game.2039~> C481A9
$tybo<~Scribe.141~>051 050 053 054 <~Scribe.142~><~Game.1965~><~Scribe.143~><~Game.2036~><~Scribe.144~> 7A61B7
$Stella_Rossa<~Controls.304~>061 <~Controls.305~><~Game.1988~> 4DC580
$Stella_Rossa<~Controls.313~>317 <~Controls.307~><~Controls.314~><~Game.1988~> 5D6BE8
$tybo<~Controls.304~>345 <~Controls.305~><~Game.1965~> A37CCA
$tybo<~Controls.313~>357 <~Controls.307~><~Controls.314~><~Game.1965~> 2CE586
<tybo> press/draw 123293
$tybo<~Controls.509~>187<~Controls.510~><~Game.2007~><~Controls.511~><~Controls.46~> null
$tybo<~Controls.304~>056 <~Controls.305~><~Game.1965~> 758783
$tybo<~Controls.313~>356 <~Controls.307~><~Controls.314~><~Game.1965~> E87E3B
$tybo<~Controls.296~>189 051 050 053 054 <~Controls.297~><~Game.2036~> F84AA8
$tybo<~Controls.296~>131 <~Controls.297~><~Game.2037~> 2E10F1
$tybo<~Controls.840~>187 85F1B6
<Stella_Rossa> nc AAB1A8
<auto><~Controls.866~>reveal 187 81234D8329C118BF415E3E37F1B21AF4FC0AC765 17<~Controls.867~><~Controls.46~><~Controls.868~><~Game.2036~> FAF586
<game> tybo<~Controls.1~> 6 4 2 4 4 null
<game> tybo<~Controls.1~> 3 1 5 1 null
<tybo> 2 F1C68C
<game> Stella_Rossa<~Controls.1~> 4 4 1 null
<game> Stella_Rossa<~Controls.1~> 3 null
<Stella_Rossa> 2 B771DF
$Stella_Rossa<~Controls.281~>066 317 <~Controls.282~><~Game.1988~><~Controls.283~><~Game.2039~> 964375
$tybo<~Scribe.141~>357 052 <~Scribe.142~><~Game.1965~><~Scribe.143~><~Game.2036~><~Scribe.144~> E151E4
<tybo> press F20ADF
$Stella_Rossa<~Controls.662~>187 357 052 <~Controls.663~><~Game.2035~> EABFF3
$tybo<~Controls.304~>347 <~Controls.305~><~Game.1965~> 4819C9
$tybo<~Controls.313~>357 <~Controls.307~><~Controls.314~><~Game.1965~> 1541D3
<tybo> nc 5B120A
<Stella_Rossa> nc 736B40
<game> tybo<~Controls.1~> 1 2 3 null
<game> tybo<~Controls.1~> 4 2 2 null
<tybo> 0 3D1070
<game> Stella_Rossa<~Controls.1~> 3 5 null
<Stella_Rossa> 1 BE7A54
$tybo<~Scribe.141~>356 <~Scribe.142~><~Game.1965~><~Scribe.143~><~Game.2036~><~Scribe.144~> 5C461F
$tybo<~Controls.644~>360 356 <~Controls.645~><~Game.2035~> 498442
$Stella_Rossa<~Scribe.141~>212 <~Scribe.142~><~Game.2042~><~Scribe.143~><~Game.2035~><~Scribe.144~> F26535
$Stella_Rossa<~Controls.790~>247<~Controls.791~><~Game.528~><~Controls.792~><~Game.529~> 0A1953
$Stella_Rossa<~Controls.795~>212<~Controls.796~><~Game.2035~><~Controls.797~><~Game.1997~> 860FB2
$tybo<~Controls.624~>221<~Controls.625~><~Game.2044~><~Controls.626~><~Game.2037~> null
<Stella_Rossa> random A64E7F
$tybo<~Controls.637~>245<~Controls.638~><~Game.1998~><~Controls.639~><~Game.2036~> null
$Stella_Rossa<~Scribe.141~>252 <~Scribe.142~><~Game.2019~><~Scribe.143~><~Game.2022~><~Scribe.144~> 3860D6
$Stella_Rossa<~Controls.323~>247 DE4CBF
$Stella_Rossa<~Controls.644~>245 221 <~Controls.645~><~Game.2035~> 2B2A09
$tybo<~Scribe.141~>105 <~Scribe.142~><~Game.2043~><~Scribe.143~><~Game.2035~><~Scribe.144~> F25C75
$tybo<~Scribe.141~>022 028 027 <~Scribe.142~><~Game.1970~><~Scribe.143~><~Game.1965~><~Scribe.144~> 0DCF78
$tybo<~Scribe.141~>255 034 033 032 031 030 020 019 018 017 016 <~Scribe.142~><~Game.1969~><~Scribe.143~><~Game.1955~><~Scribe.144~> 4F17A2
$tybo<~Controls.644~>105 <~Controls.645~><~Game.2035~> D72DA2
$Stella_Rossa<~Controls.726~>212 213 211 <~Controls.727~><~Game.1997~><~Controls.728~><~Game.2042~> 3BC8AF
$Stella_Rossa<~Controls.731~>358 210 <~Controls.732~><~Game.2039~><~Controls.733~><~Game.2042~> B6F7D4
$Stella_Rossa<~Controls.509~>125<~Controls.510~><~Game.2004~><~Controls.511~><~Controls.45~> null
$Stella_Rossa<~Controls.509~>122<~Controls.510~><~Game.2005~><~Controls.511~><~Controls.45~> null
$tybo<~Controls.757~>104 102 <~Controls.758~><~Game.1997~><~Controls.759~><~Game.2043~> B47EAA
<~Game.7~>7 null
$tybo<~Controls.762~>105 360 099 100 101 103 362 361 <~Controls.763~><~Game.2041~><~Controls.764~><~Game.2043~> 25180A
$tybo<~Controls.509~>202<~Controls.510~><~Game.2006~><~Controls.511~><~Controls.46~> null
$tybo<~Controls.509~>176<~Controls.510~><~Game.2007~><~Controls.511~><~Controls.46~> null
<Stella_Rossa> fsp ok C6289B
$tybo<~Controls.372~>105 A57464
$tybo<~Controls.345~>360 099 100 101 103 362 361 104 102 <~Controls.346~>15 13 12 14 15 10 15 13 15 null
$tybo<~Controls.350~>360 099 100 101 103 362 361 104 102 null
$Stella_Rossa<~Controls.345~>358 210 212 213 211 <~Controls.346~>1 1 3 2 2 null
$Stella_Rossa<~Scribe.141~>213 <~Scribe.142~><~Game.2042~><~Scribe.143~><~Game.2035~><~Scribe.144~> F5A355
$Stella_Rossa<~Controls.323~>247 3638FC
$Stella_Rossa<~Controls.644~>213 <~Controls.645~><~Game.2035~> 4FFDA6
$tybo<~Scribe.141~>104 <~Scribe.142~><~Game.2043~><~Scribe.143~><~Game.2035~><~Scribe.144~> 77C2FD
<tybo> erebor EFE7E3
<tybo> nc 686DF3
<Stella_Rossa> nc B71F5E
<game> tybo<~Controls.1~> 2 6 4 3 4 null
<tybo> 1 7E0835
<game> Stella_Rossa<~Controls.1~> 3 3 null
$Stella_Rossa<~Scribe.141~>068 062 060 <~Scribe.142~><~Game.1988~><~Scribe.143~><~Game.2037~><~Scribe.144~> A2B982
$tybo<~Controls.644~>104 068 062 060 <~Controls.645~><~Game.2035~> 7025E4
$Stella_Rossa<~Scribe.141~>423 <~Scribe.142~><~Game.32~><~Scribe.143~><~Game.388~><~Scribe.144~> 3B1F96
$Stella_Rossa<~Scribe.141~>210 <~Scribe.142~><~Game.2042~><~Scribe.143~><~Game.2035~><~Scribe.144~> 55DD11
$Stella_Rossa<~Controls.790~>247<~Controls.791~><~Game.529~><~Controls.792~><~Game.532~> 3FB99E
$Stella_Rossa<~Controls.795~>210<~Controls.796~><~Game.2035~><~Controls.797~><~Game.1997~> A3918E
$tybo<~Controls.624~>224<~Controls.625~><~Game.2044~><~Controls.626~><~Game.2037~> null
<Stella_Rossa> random DA135A
$tybo<~Controls.637~>243<~Controls.638~><~Game.1998~><~Controls.639~><~Game.2036~> null
$Stella_Rossa<~Controls.644~>243 224 <~Controls.645~><~Game.2035~> 6410BC
$tybo<~Scribe.141~>101 <~Scribe.142~><~Game.2043~><~Scribe.143~><~Game.2035~><~Scribe.144~> C44A60
$tybo<~Controls.509~>201<~Controls.510~><~Game.2006~><~Controls.511~><~Controls.46~> null
$tybo<~Controls.644~>101 <~Controls.645~><~Game.2035~> A7C927
$Stella_Rossa<~Scribe.141~>358 <~Scribe.142~><~Game.2042~><~Scribe.143~><~Game.2035~><~Scribe.144~> D7783B
$Stella_Rossa<~Controls.790~>247<~Controls.791~><~Game.532~><~Controls.792~><~Game.533~> DB3BAB
$Stella_Rossa<~Controls.795~>358<~Controls.796~><~Game.2035~><~Controls.797~><~Game.1997~> 4EEF52
$tybo<~Controls.624~>222<~Controls.625~><~Game.2044~><~Controls.626~><~Game.2037~> null
<Stella_Rossa> gg 38ACD6
<tybo> gg A3A544
$Stella_Rossa<~Scribe.141~>252 <~Scribe.142~><~Game.2022~><~Scribe.143~><~Game.2025~><~Scribe.144~> 90616E
$Stella_Rossa<~Scribe.141~>241 <~Scribe.142~><~Game.1999~><~Scribe.143~><~Game.2037~><~Scribe.144~> 2EFA82
<tybo> thank you for the game! 379D8E
<Stella_Rossa> at 11 :-) 499B4F
<tybo> see ya 90290F
<Stella_Rossa> see you 4A9F08
<~Talker.22~> null
